1402.855141 0
0.032037 102964.8
0.047156 102513.2
0.059124 103500.0
0.071000 99715.2
0.084470 103950.0
0.098005 104227.2
0.109865 103776.0
0.121612 101880.8
0.133979 99450.0
0.147529 108739.2
0.159376 106934.4
0.171312 100166.4
0.183534 102600.0
0.197236 113445.2
0.209539 111699.2
0.221390 111897.6
0.233588 107836.8
0.247089 111850.8
0.258989 107100.0
0.270864 110092.8
0.284419 111248.8
0.297796 102513.2
0.309659 101160.0
0.321508 101068.8
0.333828 104850.0
0.347375 107480.8
0.359216 100439.2
0.371296 102600.0
0.384731 100260.8
0.398335 108642.8
0.410161 108450.0
0.422024 106032.0
0.435982 105844.0
0.447895 106200.0
0.459924 108546.4
0.471957 108028.0
0.487128 107290.4
0.498994 105656.0
0.510829 104307.2
0.524405 108642.8
0.537609 108450.0
0.549460 107385.6
0.561310 105844.0
0.573605 104850.0
0.587200 108900.0
0.599053 111150.0
0.611070 104585.6
0.624320 104756.8
0.637884 104492.8
0.649687 109093.6
0.662985 110798.4
0.677002 108739.2
0.688977 105750.0
0.700788 106105.6
0.713083 107904.0
0.726822 110601.6
0.738590 107836.8
0.750427 105750.0
0.763612 104042.4
0.777033 107645.6
0.788843 109093.6
0.800770 104492.8
0.813204 104400.0
0.826826 103672.8
0.838585 108096.0
0.850417 109093.6
0.862526 104400.0
0.876989 105206.4
0.888921 103684.0
0.900806 107836.8
0.912654 108642.8
0.926982 105129.6
0.938770 104585.6
0.950637 107195.2
0.962826 106650.0
0.977132 108450.0
0.990840 107029.2
1.002666 104400.0
1.017360 104214.4
1.029140 106650.0
1.041105 108480.0
1.053377 107836.8
1.066965 104850.0
1.078758 105468.0
1.090597 107004.8
1.103903 107385.6
1.117174 107550.0
1.129162 103950.0
1.141016 103592.0
1.153229 109544.4
1.166790 109447.2
1.178559 105393.6
1.190388 104042.4
1.202500 109800.0
1.216455 114790.4
1.228287 114546.0
1.240138 113500.8
1.252376 109956.0
1.267092 111051.2
1.278906 113500.8
1.296121 113050.4
1.308129 109641.6
1.319966 113850.0
1.332046 113850.0
1.347068 113097.6
1.358907 116342.8
1.370730 116550.0
1.383797 114401.6
1.397432 109604.8
1.409274 111950.4
1.421191 113951.2
1.433542 115238.8
1.447384 113251.2
1.459376 108160.8
1.471218 109800.0
1.483512 112400.0
1.497086 112249.2
1.508933 110152.0
1.521029 107550.0
1.534416 108900.0
1.547691 112700.0
1.559516 113500.8
1.571444 109800.0
1.583681 108450.0
1.597347 112400.0
1.609204 114401.6
1.621086 111446.4
1.634425 109350.0
1.647868 111150.0
1.659689 112050.0
1.673091 114604.8
1.687006 112700.0
1.698789 110798.4
1.710588 110152.0
1.722713 108803.2
1.737115 114153.6
1.749021 111699.2
1.761039 112849.6
1.775564 110896.8
1.787473 112500.0
1.799279 112149.6
1.811342 114503.2
1.823745 108835.6
1.837376 108706.4
1.849219 112300.0
1.861135 113850.0
1.874265 113702.4
1.887692 109252.8
1.899563 109350.0
1.911485 111150.0
1.924164 112149.6
1.937486 115855.6
1.949307 111699.2
1.961180 107904.0
1.973489 115302.4
1.987086 112700.0
1.998959 110798.4
2.010774 108996.8
2.024140 110348.0
2.037391 113500.8
2.049203 114503.2
2.061027 109544.4
2.073239 111699.2
2.086907 108257.2
2.098707 112149.6
2.110511 113400.0
2.123774 111093.6
2.137194 112149.6
2.149026 107550.0
2.161034 111699.2
2.173324 115507.2
2.186997 109190.4
2.198908 120043.2
2.211519 114096.8
2.223779 120707.2
2.237013 121284.0
2.249024 114300.0
2.260856 114892.8
2.273140 119144.0
2.286879 118905.6
2.298633 112700.0
2.310484 109897.6
2.323880 108996.8
2.337161 109093.6
2.348995 111347.6
2.360926 110348.0
2.373224 107645.6
2.386904 107550.0
2.398724 119593.6
2.410620 117000.0
2.423923 113601.6
2.437227 111500.8
2.449203 113344.0
2.461028 116100.0
2.473359 117450.0
2.490769 118004.8
2.503060 114198.4
2.516794 113500.8
2.528548 113647.6
2.540462 116100.0
2.567840 120256.8
2.580109 111699.2
2.591922 111500.8
2.604481 114546.0
2.617928 114852.0
2.629790 117450.0
2.641735 114300.0
2.655179 111500.8
2.667767 119038.0
2.679626 115097.6
2.693008 115302.4
2.707157 115650.0
2.718955 111051.2
2.730809 113400.0
2.743001 116446.4
2.756932 116203.2
2.768720 113299.2
2.780652 114198.4
2.793952 112749.2
2.807419 117104.0
2.819407 117000.0
2.832580 112500.0
2.847075 112600.0
2.858879 111699.2
2.870728 116446.4
2.882834 108900.0
2.897153 116203.2
2.909042 109447.2
2.920875 109544.4
2.934383 115097.6
2.947609 115200.0
2.959407 115404.8
2.971385 110700.0
2.983651 115790.4
2.997396 114401.6
3.009320 117795.2
3.021332 115200.0
3.034595 114995.2
3.048077 109447.2
3.060183 109544.4
3.073451 115200.0
3.086956 117241.2
3.098760 115341.6
3.110616 109702.4
3.122733 118214.4
3.137141 109350.0
3.148922 113299.2
3.160786 109350.0
3.174040 109350.0
3.187623 109252.8
3.199423 124539.2
3.211485 122400.0
3.224090 118800.0
3.237149 116342.8
3.249111 120492.8
3.260999 116100.0
3.273449 123860.0
3.286918 115687.2
3.298671 108996.8
3.310499 114852.0
3.322581 116203.2
3.337155 115996.8
3.348931 109897.6
3.360826 108996.8
3.372764 119356.0
3.387290 109702.4
3.399105 112300.0
3.410896 105036.4
3.423114 106744.8
3.436852 111552.0
3.448723 104943.2
3.460702 107290.4
3.474060 106032.0
3.487124 105393.6
3.499007 109702.4
3.510862 104678.4
3.523053 108996.8
3.536918 104943.2
3.548875 105036.4
3.560711 110446.0
3.574038 107195.2
3.587618 111950.4
3.599437 106200.0
3.612845 105300.0
3.627241 109995.2
3.639107 105393.6
3.650935 108000.0
3.663119 105300.0
3.676885 106483.2
3.688736 110250.0
3.700616 110798.4
3.713821 104400.0
3.727302 105487.2
3.739135 104850.0
3.751030 109155.6
3.763581 108642.8
3.777066 111150.0
3.788964 105036.4
3.800787 104042.4
3.813149 111150.0
3.834450 106555.2
3.847729 104585.6
3.859628 110544.0
3.871471 110798.4
3.884759 104756.8
3.898272 105036.4
3.910079 105036.4
3.922102 110152.0
3.937203 110798.4
3.949044 104678.4
3.960905 104585.6
3.973232 109093.6
3.986637 110601.6
3.998483 107195.2
4.010300 110700.0
4.023538 111699.2
4.036872 110503.2
4.048660 110054.0
4.060489 107836.8
4.072571 110054.0
4.086927 105487.2
4.098721 110250.0
4.110584 112800.0
4.123742 104943.2
4.137387 104850.0
4.149245 111500.8
4.161230 109093.6
4.173523 110446.0
4.186996 106650.0
4.198808 122304.0
4.210618 104585.6
4.224422 114750.0
4.236973 111248.8
4.248819 113299.2
4.260597 116688.0
4.272732 110700.0
4.286926 121284.0
4.298720 111401.6
4.310595 114401.6
4.322425 114401.6
4.335056 104850.0
4.348560 112149.6
4.360406 111248.8
4.372727 105487.2
4.387134 105938.0
4.398931 109897.6
4.410746 115752.8
4.423967 115916.8
4.435695 115814.4
4.447407 111388.8
4.459117 109868.0
4.470803 114659.6
4.482477 116964.4
4.494168 109124.8
4.505972 110483.2
4.517690 115464.0
4.529396 117068.0
4.541087 109221.2
4.552761 109384.0
4.564546 114909.6
4.576274 115260.0
4.588012 109124.8
4.599728 109577.6
4.611547 115464.0
4.623243 115464.0
4.635021 110127.6
4.646646 109028.4
4.658339 115260.0
4.670038 114909.6
4.681727 116061.2
4.693409 110322.0
4.705304 117520.0
4.717010 119886.0
4.728718 116061.2
4.740417 110580.8
4.752112 110127.6
4.763831 115566.0
4.775550 117028.8
4.787239 109674.4
4.798931 109577.6
4.810619 115011.2
4.822305 115464.0
4.833987 109674.4
4.845694 110127.6
4.857428 115712.0
4.869113 114909.6
4.880816 109350.0
4.892597 111940.4
4.904221 110580.8
4.915987 115712.0
4.927692 116369.6
4.939501 109933.2
4.951189 110678.4
4.962879 118633.6
4.974563 116121.6
4.986242 110936.0
4.997957 109124.8
5.009632 116266.8
5.021289 116019.2
5.032970 110030.4
5.046945 110580.8
5.058666 118528.8
5.070343 115112.8
5.082026 109933.2
5.093702 111132.0
5.105463 115752.8
5.117222 114558.4
5.128936 109028.4
5.140645 111290.4
5.152286 115260.0
5.164002 113803.2
5.175710 116369.6
5.187558 111290.4
5.199273 125093.2
5.210958 120577.2
5.222637 122944.0
5.234328 118076.4
5.246067 117275.2
5.257778 123052.8
5.269465 122256.0
5.281220 116266.8
5.292968 118738.4
5.304649 115609.6
5.316431 115112.8
5.328147 109674.4
5.339845 111290.4
5.351523 116616.0
5.363204 113652.8
5.374985 109028.4
5.386668 111132.0
5.398296 111388.8
5.409977 111290.4
5.421648 113853.6
5.433404 106048.8
5.445218 110483.2
5.456948 107741.2
5.468658 110127.6
5.485048 109995.2
5.496811 104504.4
5.508530 106314.0
5.520213 105502.4
5.531981 109028.4
5.543670 111585.6
5.555375 105142.4
5.567078 105235.2
5.578790 110776.0
5.590478 110224.8
5.602166 105142.4
5.613846 105049.6
5.625553 109933.2
5.637244 109771.2
5.648858 104052.0
5.660561 105502.4
5.672249 110483.2
5.684019 109028.4
5.695725 111034.0
5.707472 105502.4
5.719182 106955.2
5.730859 113400.0
5.742569 111684.0
5.754252 106142.4
5.765971 105688.8
5.777666 110936.0
5.789370 110127.6
5.801091 105142.4
5.812857 106048.8
5.824544 110642.0
5.836418 109317.6
5.848121 104144.0
5.859830 105688.8
5.871508 109836.0
5.883204 108768.0
5.894987 104236.0
5.906671 106596.0
5.918382 109933.2
5.930081 108576.0
5.941761 105049.6
5.953494 106314.0
5.965298 110483.2
5.976997 108028.0
5.988642 110483.2
6.000361 105595.6
6.012062 106236.0
6.023730 111487.2
6.035501 109414.0
6.047191 104781.6
6.058866 105688.8
6.070563 109738.8
6.082239 109674.4
6.093904 104420.0
6.105581 105938.0
6.117616 110030.4
6.129421 108960.0
6.141071 104689.2
6.152715 105316.0
6.164443 109836.0
6.176196 106955.2
6.187914 104236.0
6.199769 111290.4
6.211543 116719.2
6.225566 112348.8
6.237340 115996.8
6.249507 116369.6
6.261216 111585.6
6.272908 112096.0
6.284633 116409.6
6.296369 109317.6
6.308073 105049.6
6.319776 105502.4
6.331555 109384.0
6.343252 108410.4
6.355025 104052.0
6.366741 105502.4
6.378427 109933.2
6.390104 109124.8
6.401728 109384.0
6.413407 109674.4
6.425216 114356.0
6.437077 111034.0
6.449209 116164.0
6.461039 114558.4
6.472723 115609.6
6.484487 110483.2
6.496213 111585.6
6.507933 115916.8
6.519628 116472.4
6.531314 110127.6
6.542995 113300.0
6.554677 115260.0
6.566391 115464.0
6.578090 109674.4
6.589782 109674.4
6.601551 114356.0
6.613239 114558.4
6.624996 108480.0
6.636773 109317.6
6.648383 114457.2
6.660113 114909.6
6.671816 109287.2
6.683583 109028.4
6.695301 110127.6
6.706970 115668.0
6.718675 115112.8
6.730360 109868.0
6.742044 109124.8
6.753744 114909.6
6.765462 116822.4
6.777164 109124.8
6.788882 108672.0
6.800570 114254.8
6.812337 114206.4
6.824014 109221.2
6.835871 109124.8
6.847565 114909.6
6.859266 114206.4
6.870949 108835.6
6.882638 111290.4
6.894318 110127.6
6.906021 115814.4
6.917724 115712.0
6.929533 109933.2
6.941212 110483.2
6.952902 117972.0
6.964614 115214.4
6.976341 110127.6
6.988031 102060.0
6.999774 106142.4
7.011448 106142.4
7.023119 101063.6
7.034793 100610.4
7.046589 106142.4
7.058261 105688.8
7.069945 100885.2
7.081647 100974.4
7.093339 105955.2
7.105026 106220.0
7.116988 100245.6
7.128700 102332.8
7.140525 105688.8
7.152151 104956.8
7.163925 109674.4
7.175632 110385.6
7.187318 114457.2
7.199020 117416.0
7.210705 122708.8
7.222378 116369.6
7.234070 116369.6
7.245814 121457.6
7.257620 121243.2
7.269312 107956.8
7.281017 109221.2
7.292730 112747.2
7.304406 106142.4
7.316177 101242.0
7.327884 101606.4
7.339633 105955.2
7.351344 105595.6
7.366257 106408.0
