1459.634480 0
0.035915 99278.4
0.054348 102379.2
0.073248 100788.0
0.092221 99279.6
0.104367 103452.0
0.126153 99279.6
0.138366 103638.4
0.162157 99012.0
0.174255 112129.6
0.193625 106329.2
0.205991 106522.0
0.225240 112471.2
0.242295 112129.6
0.254509 108183.6
0.272417 111686.4
0.291496 113594.0
0.303615 107100.4
0.323897 106272.0
0.342875 98923.2
0.354942 99982.4
0.374288 103802.4
0.392533 102933.6
0.404705 99990.0
0.422015 98745.6
0.440678 98656.8
0.460405 104083.2
0.472543 104528.0
0.491909 105862.4
0.503911 107060.8
0.526267 110556.0
0.538310 110310.4
0.562521 110157.6
0.575026 106560.0
0.588455 103358.8
0.601897 100776.0
0.620540 103008.0
0.641428 106752.0
0.667037 95632.0
0.680854 94486.8
0.694666 101060.4
0.709849 98389.2
0.729925 96704.8
0.744592 95546.0
0.758071 99635.2
0.772594 94742.4
0.788004 99456.0
0.801015 95016.0
0.815051 99545.6
0.829968 95904.0
0.843823 95272.8
0.857037 97768.0
0.871706 99635.2
0.884809 99279.6
0.900572 103896.0
0.926056 107254.4
0.939453 111200.0
0.960987 102841.2
0.973091 107641.6
0.992450 107697.6
1.004506 105067.2
1.032590 102212.0
1.044754 105607.2
1.064073 99012.0
1.083233 98208.0
1.102130 97402.4
1.131727 98035.6
1.143890 94552.0
1.163332 99101.2
1.181722 94212.8
1.200482 94912.8
1.212638 98922.8
1.232354 97411.2
1.244512 99279.6
1.272338 96966.4
1.284490 99547.2
1.303846 94467.2
1.325360 99458.0
1.342237 99368.8
1.354375 99814.8
1.373484 99993.6
1.389734 99724.8
1.411095 96695.2
1.423380 101950.8
1.442748 99366.4
1.454873 94588.0
1.482145 102748.8
1.494386 101414.4
1.513863 101767.6
1.532888 103731.6
1.551372 107389.6
1.570807 105481.6
1.584773 95016.0
1.598095 97323.6
1.613093 107254.4
1.627040 105386.4
1.640049 103008.0
1.661772 102471.6
1.675937 107114.4
1.688920 106522.0
1.702927 111243.2
1.748046 103545.2
1.768909 102748.8
1.787519 106752.0
1.819056 99456.0
1.833149 102915.2
1.846792 99545.6
1.860139 101323.2
1.873706 99724.8
1.902836 100615.2
1.915122 104270.4
1.934446 104011.2
1.953382 102822.4
1.969165 99904.0
1.991765 98923.2
2.003906 99547.2
2.023142 103545.2
2.035439 99368.8
2.061184 103100.8
2.073461 103008.0
2.092770 103638.4
2.111704 105672.0
2.123787 98745.6
2.146106 101060.4
2.158181 104270.4
2.176584 99279.6
2.194681 105957.6
2.212553 98745.6
2.224729 104270.4
2.243990 100705.6
2.263077 98300.8
2.275191 103918.0
2.302102 104270.4
2.314212 99368.8
2.333548 109865.6
2.352577 111787.2
2.364846 106811.2
2.378567 107351.2
2.390796 109322.4
2.410146 107100.4
2.422243 111988.8
2.441491 111042.4
2.453629 99101.2
2.474481 102028.0
2.493454 106307.2
2.512584 107641.6
2.531641 110800.0
2.543746 105862.4
2.567635 103896.0
2.581980 99366.4
2.597996 103989.6
2.611018 105576.8
2.628129 103802.4
2.642218 99545.6
2.656179 104340.0
2.670187 96521.6
2.684029 94486.8
2.697206 99724.8
2.711110 100524.8
2.725010 96076.8
2.738231 95632.0
2.753594 94912.8
2.775870 94297.6
2.794642 95632.0
2.813740 94128.0
2.832866 94382.4
2.845028 98477.6
2.866636 95444.0
2.878792 97944.0
2.901888 94998.0
2.914129 99458.0
2.933486 98922.8
2.945805 94912.8
2.971014 99814.4
2.983063 94998.0
3.002243 97053.6
3.014427 98923.2
3.042801 107196.8
3.055013 104270.4
3.074242 108183.6
3.093228 108238.4
3.105752 102748.8
3.131029 110600.0
3.143163 102748.8
3.162404 103989.6
3.174537 107794.8
3.202544 99724.8
3.214643 96249.6
3.233935 94297.6
3.252830 94827.6
3.265079 99012.0
3.292079 94998.0
3.308782 94998.0
3.320824 94827.6
3.333052 99012.0
3.352970 94552.0
3.371843 96521.6
3.387039 99012.0
3.400034 94486.8
3.412203 98923.2
3.431928 94742.4
3.456702 96174.4
3.469082 97586.4
3.491657 100969.6
3.503913 103118.4
3.523221 105322.8
3.535451 102134.0
3.561225 104878.4
3.592114 95016.0
3.605170 95990.4
3.619084 99990.0
3.632995 94930.4
3.651193 100788.0
3.664091 99187.2
3.678221 102304.0
3.692236 105862.4
3.706261 103989.6
3.720291 101676.0
3.734252 104176.8
3.762618 112166.4
3.774812 107794.8
3.794082 112332.0
3.813190 111283.2
3.825275 111343.6
3.851615 106560.0
3.863705 107641.6
3.882957 103615.2
3.895263 100524.8
3.921647 99279.6
3.933943 103802.4
3.953324 102471.6
3.972219 101950.8
3.984238 104058.0
4.006117 100969.6
4.021736 98745.6
4.033856 105067.2
4.052260 103379.2
4.071213 105133.2
4.083314 103286.4
4.103854 100969.6
4.116035 99900.0
4.166840 99814.4
4.179014 103896.0
4.191849 102379.2
4.204140 99366.4
4.216525 103521.6
4.228890 99101.2
4.241162 104058.0
4.253851 99097.6
4.266234 101936.0
4.278845 103428.0
4.291177 98833.6
4.303425 103708.8
4.315973 98744.4
4.328347 103265.6
4.340846 100969.6
4.353308 99097.6
4.365510 101676.0
4.377985 98479.2
4.390301 103452.0
4.402438 99990.0
4.414792 101767.6
4.427263 103896.0
4.439788 99276.8
4.452069 105291.2
4.464761 99892.0
4.477272 111343.6
4.489618 114036.0
4.502045 113049.6
4.514362 117693.6
4.526688 112674.4
4.538873 115720.0
4.551062 112506.0
4.563423 120338.4
4.575882 105481.6
4.588305 103896.0
4.602300 99545.6
4.615454 104340.0
4.631204 105291.2
4.645071 102120.0
4.659203 103802.4
4.673167 100878.8
4.687819 99545.6
4.701951 95101.6
4.715294 95731.2
4.729529 100080.0
4.743043 96879.2
4.755372 98833.6
4.767927 94912.8
4.780068 99366.4
4.792335 97323.6
4.804423 100524.8
4.816821 94827.6
4.829210 99101.2
4.841697 95358.4
4.853958 98745.6
4.866474 97498.8
4.878696 94759.2
4.890964 94486.8
4.903425 94588.0
4.915918 99187.2
4.946057 99012.0
4.958667 95187.2
4.970791 97498.8
4.983231 99720.0
4.995334 99810.0
5.007985 99900.0
5.020977 95101.6
5.033188 98208.0
5.054071 96508.8
5.073206 95529.6
5.092235 94912.8
5.111709 99814.4
5.123837 94382.4
5.145123 99814.4
5.162873 99012.0
5.181928 97586.4
5.194065 103545.2
5.215086 103638.4
5.234340 108628.8
5.253354 107157.6
5.265469 102304.0
5.284759 103379.2
5.303968 109075.2
5.327255 98566.0
5.340941 94912.8
5.353097 99190.4
5.372356 99725.6
5.391070 98566.0
5.403524 97140.8
5.422371 100705.6
5.434474 99724.8
5.453774 94467.2
5.472829 98656.8
5.491740 101584.4
5.510725 100969.6
5.522761 105576.8
5.542497 101859.2
5.554727 107157.6
5.569071 94657.2
5.584264 99190.4
5.598383 101323.2
5.612265 95374.0
5.626415 99635.2
5.641917 95718.0
5.659354 95187.2
5.672537 98124.0
5.692298 103964.0
5.705176 104246.0
5.719386 104784.0
5.732889 98656.8
5.752788 101950.8
5.764980 99097.6
5.785764 99101.2
5.804509 99279.6
5.823527 99993.6
5.842510 100524.8
5.854875 100170.0
5.882265 103358.8
5.894443 103989.6
5.913659 107060.8
5.932510 106907.6
5.944784 112877.6
5.966024 109224.0
5.978192 111384.0
6.002565 107448.0
6.014694 111888.0
6.033920 107004.0
6.046203 103638.4
6.064919 99545.6
6.082536 103334.4
6.094940 100260.0
6.113303 101414.4
6.132421 99276.8
6.144530 103545.2
6.172793 103358.8
6.184961 99190.4
6.203936 98745.6
6.222973 99012.0
6.235169 103918.0
6.261233 103452.0
6.273448 103452.0
6.292826 98656.8
6.311935 100878.8
6.324179 101859.2
6.344926 99190.4
6.357100 99545.6
6.369051 104622.0
6.381095 99012.0
6.393099 102822.4
6.405103 100878.8
6.417119 99545.6
6.429230 103379.2
6.441374 98390.4
6.453374 103638.4
6.465425 112268.0
6.477598 107100.4
6.489791 105038.4
6.501879 106211.6
6.513992 108878.0
6.526204 105386.4
6.541799 107114.4
6.554122 105957.6
6.567459 99008.0
6.582366 102471.6
6.595184 102915.2
6.607598 101401.2
6.621362 112608.0
6.634230 113388.4
6.647389 111927.2
6.660888 111686.4
6.677264 108682.0
6.692033 109913.6
6.706231 108140.8
6.719218 108336.0
6.732972 102841.2
6.745137 95632.0
6.757195 98923.2
6.769260 96249.6
6.781400 98656.8
6.793404 98389.2
6.805407 98477.6
6.817629 94467.2
6.829777 94552.0
6.841835 97498.8
6.853961 94636.8
6.866226 98656.8
6.878268 94657.2
6.890410 98568.0
6.902497 99279.6
6.914559 96782.0
6.926590 99366.4
6.938630 94021.6
6.950659 98745.6
6.962835 94021.6
6.974834 95272.8
6.986853 96879.2
6.998848 94106.0
7.010870 96608.4
7.022924 94552.0
7.035040 95718.0
7.047161 99100.8
7.059159 94827.6
7.071164 99810.0
7.083161 96782.0
7.095165 96434.8
7.107170 101505.6
7.126099 98922.8
7.138489 95272.8
7.150513 98833.6
7.162577 93576.0
7.174610 98923.2
7.186669 93852.8
7.198864 95083.2
7.210873 97140.8
7.222987 94467.2
7.235178 98834.4
7.247172 94552.0
7.259593 99190.4
7.271600 93599.6
7.283585 97586.4
7.295693 94552.0
7.307879 94382.4
7.319992 98032.0
7.332141 94212.8
7.344190 106964.0
7.356200 104878.4
7.368171 102379.2
7.380186 108433.6
7.392187 102212.0
7.404195 106714.8
7.416330 107004.0
7.429302 107582.4
7.441324 102822.4
7.453462 106811.2
7.465463 115466.4
7.477690 111787.2
7.489887 108043.2
7.501893 101414.4
7.513968 104083.2
7.526085 100969.6
7.538087 104595.2
7.550172 102841.2
7.562210 104406.4
7.591657 94742.4
7.611712 98300.8
7.625336 95101.6
7.639995 99635.2
7.654313 96792.0
7.668455 103240.8
7.681318 103802.4
7.696220 104246.0
7.709628 103193.6
7.724093 106211.6
7.739567 103638.4
7.752722 100615.2
7.764920 99012.0
7.777042 99101.2
7.789181 102841.2
7.801229 99366.4
7.813234 102915.2
7.829187 99366.4
7.841569 103545.2
7.853652 97768.0
7.865748 100524.8
7.877870 98745.6
7.889967 99190.4
7.902043 102396.0
7.914213 99545.6
7.926241 102379.2
7.938324 101323.2
7.950370 102915.2
7.962507 103452.0
7.974590 99545.6
7.986667 103802.4
7.998684 98923.2
8.010736 101767.6
8.022929 98656.8
8.035059 103802.4
8.047224 102580.0
8.059253 109814.4
8.071254 113254.4
8.083250 108780.0
8.095252 111042.4
8.107260 111343.6
8.119222 107157.6
8.131254 113152.0
8.143260 112674.4
8.155261 107750.4
8.167223 110600.0
8.179230 108976.0
8.191273 105228.0
8.203263 103545.2
8.215263 99900.0
8.227393 103193.6
8.239528 98479.2
8.251588 101859.2
8.263535 103615.2
8.275705 98124.0
8.287786 102915.2
8.299954 98477.6
8.311957 101323.2
8.324087 101151.2
8.336255 103193.6
8.348276 103731.6
8.360279 99279.6
8.372217 103452.0
8.384237 102841.2
8.396278 101584.4
8.408282 102286.8
8.420693 99720.0
8.434294 103008.0
8.446288 103824.8
8.458288 98833.6
8.470287 103265.6
8.482372 102841.2
8.494419 104246.0
8.506557 111826.0
8.518562 105228.0
8.530682 109913.6
8.542731 104689.6
8.554786 107004.0
8.566983 105228.0
8.593554 99900.0
8.619773 98479.2
8.641784 103100.8
8.655745 100878.8
8.670725 99456.0
8.685325 99190.4
8.698732 95272.8
8.712313 98923.2
8.726282 101232.0
8.739803 99190.4
8.753570 94827.6
8.768734 94827.6
8.782546 104340.0
8.795936 103379.2
8.809450 107100.4
8.821586 101584.4
8.833586 103989.6
8.845746 101676.0
8.857812 102396.0
8.869806 108486.0
8.881968 102304.0
8.894017 102729.6
8.906143 105512.4
8.918200 95101.6
8.930282 99368.8
8.942329 94657.2
8.954456 99368.8
8.966597 94021.6
8.978595 96249.6
8.990677 99097.6
9.002751 94467.2
9.014769 99635.2
9.026836 94021.6
9.038979 95101.6
9.051023 96163.2
9.063029 94552.0
9.075106 98745.6
9.087219 94467.2
9.103810 94316.4
9.116223 99190.4
9.128279 98654.4
9.140313 96608.4
9.152340 98745.6
9.164352 97053.6
9.176367 98922.8
9.188602 94657.2
9.200619 95358.4
9.212681 99101.2
9.224619 94657.2
9.236622 97053.6
9.249096 93852.8
9.261169 98568.0
9.273354 98389.2
9.285354 97768.0
9.297354 99190.4
9.309364 95374.0
9.321373 101505.6
9.333492 94912.8
9.345771 95272.8
9.357856 94021.6
9.369870 94552.0
9.382065 98566.0
9.394190 94742.4
9.406381 98479.2
9.418592 94021.6
9.430733 99368.8
9.442799 93408.0
9.454822 95444.0
9.466992 110310.4
9.479019 101060.4
9.491073 106368.0
9.503084 109125.6
9.515083 108928.8
9.527147 112776.0
9.539265 110058.0
9.551386 116246.0
9.563835 101936.0
9.594888 105100.8
9.609626 106907.6
9.624392 107351.2
9.638629 102471.6
9.651816 102028.0
9.665495 107600.4
9.680604 107254.4
9.693484 106964.0
9.707793 111686.4
9.722760 110900.0
9.736217 111544.4
9.748348 106907.6
9.760405 111585.6
9.772409 111444.0
9.784407 109027.2
9.796409 111484.8
9.808417 110600.0
9.820412 111243.2
9.832408 111787.2
9.844411 106964.0
9.856416 103100.8
9.868379 104270.4
9.880418 99545.6
9.892434 103172.4
9.904548 98745.6
9.916899 102656.4
9.928910 98923.2
9.941038 99012.0
9.953141 101596.8
9.965229 103638.4
9.977416 103545.2
9.989428 98568.0
10.001428 103100.8
10.013431 103638.4
10.025435 99990.0
10.037694 106522.0
10.049696 98389.2
10.061699 103638.4
10.073697 98301.6
10.085757 98834.4
10.097700 103802.4
10.109704 98212.4
10.121670 100260.0
10.133787 98477.6
10.146074 99279.6
10.158126 104528.0
10.170258 100878.8
10.182260 102379.2
10.194442 107406.0
10.206452 112028.4
10.218669 106560.0
10.230789 106656.0
10.242863 107555.2
10.254896 106656.0
10.267044 111243.2
10.279091 106116.0
10.291203 115804.0
10.303265 111644.8
10.315466 108238.4
10.327723 105255.6
10.339724 97856.0
10.355718 103964.0
10.367950 99012.0
10.380103 102564.0
10.392185 98745.6
10.404280 102564.0
10.416459 103545.2
10.429484 99545.6
10.444164 103545.2
10.456291 99366.4
10.468435 107293.2
10.480469 103545.2
10.492470 102379.2
10.504477 109616.0
10.516471 104500.8
10.528473 109766.8
10.540475 109814.4
10.552474 104878.4
10.564492 109470.4
10.576718 104689.6
10.590926 104083.2
10.618737 99990.0
10.631910 105291.2
10.645890 102841.2
10.659929 103989.6
10.673853 97770.4
10.686223 95101.6
10.700953 94912.8
10.714491 95101.6
10.727942 94742.4
10.742984 95272.8
10.755227 99100.8
10.767311 95804.0
10.779381 98656.8
10.791378 98477.6
10.803462 98566.0
10.815498 94827.6
10.827765 94912.8
10.839823 99720.0
10.851767 94106.0
10.863768 97140.8
10.875752 93262.0
10.887772 93660.0
10.899772 98923.2
10.911775 93599.6
10.923773 103452.0
10.935847 107600.4
10.947779 101323.2
10.959775 103452.0
10.971779 101126.4
10.983780 101859.2
10.995852 106907.6
11.007837 101140.8
11.019780 102933.6
11.031784 109715.2
11.043787 101676.0
11.055863 103638.4
11.067915 94467.2
11.079939 94552.0
11.091841 99635.2
11.103878 94106.0
11.116017 98833.6
11.128169 98923.2
11.140285 97768.0
11.152345 99012.0
11.164488 95272.8
11.176533 99187.2
11.188531 99635.2
11.200529 95358.4
11.212545 99101.2
11.224529 94467.2
11.236532 98654.4
11.248989 94212.8
11.261032 98479.2
11.273265 97140.8
11.285306 97856.0
11.297428 99724.8
11.309510 93408.0
11.321548 98834.4
11.333547 94297.6
11.345686 95890.0
11.357813 94467.2
11.369786 94106.0
11.381811 102656.4
11.393811 93324.0
11.405984 94742.4
11.418036 96782.0
11.430033 94912.8
11.442275 99100.8
11.454373 95718.0
11.466530 110112.0
11.478561 100253.6
11.490560 102915.2
11.502560 107697.6
11.514566 100253.6
11.526563 105133.2
11.538566 105576.8
11.550565 100163.2
11.574835 95272.8
11.598051 99724.8
11.612444 94912.8
11.674063 110600.0
11.687569 111927.2
11.713044 111384.0
11.726709 109569.2
11.739018 99012.0
11.751202 104622.0
11.763227 99101.2
11.775285 102471.6
11.787407 103824.8
11.799561 100969.6
11.811594 107406.0
11.823718 98389.2
11.836009 102488.0
11.848012 98923.2
11.860013 100253.6
11.871982 100260.0
11.884011 99279.6
11.896094 103379.2
11.908299 99101.2
11.920359 103452.0
11.932422 103989.6
11.944482 101060.4
11.956605 103964.0
11.968601 98300.8
11.980609 103638.4
11.992607 98390.4
12.004609 99724.8
12.016616 103802.4
12.028609 98300.8
12.040614 100969.6
12.052613 104058.0
12.064628 99101.2
12.076882 101936.0
12.088882 98834.4
12.100882 99545.6
12.112883 100170.0
12.124862 98834.4
12.136884 101232.0
12.148957 98212.4
12.160886 98834.4
12.172888 102471.6
12.184858 99190.4
12.196889 99990.0
12.208888 100434.4
12.220883 98477.6
12.232950 101492.8
12.244888 98212.4
12.256967 98745.6
12.269044 102396.0
12.281050 98834.4
12.293050 102822.4
12.305054 100524.8
12.317082 99276.8
12.329128 103379.2
12.341330 107211.6
12.353458 114345.6
12.365705 112710.0
12.377861 112812.0
12.389901 109075.2
12.401902 112230.8
12.413907 114005.2
12.426055 110800.0
12.438651 112268.0
12.453650 108682.0
12.465862 117907.2
12.477916 105924.8
12.489918 104878.4
12.501917 108732.0
12.513918 110800.0
12.526070 112674.4
12.538068 110112.0
12.550069 108486.0
12.562070 112572.8
12.574074 112471.2
12.593115 106272.0
12.616533 103079.2
12.633181 103265.6
12.648869 102194.4
12.662414 105576.8
12.676801 101140.8
12.691446 103802.4
12.705123 102841.2
12.719565 99904.0
12.734044 99810.0
12.747922 98035.6
12.761116 99630.0
12.774406 101767.6
12.786499 102225.6
12.798558 99187.2
12.810562 97592.0
12.822635 102748.8
12.834680 101323.2
12.846921 99810.0
12.858951 97236.0
12.870928 101242.0
12.882949 103008.0
12.895039 99190.4
12.907106 99982.4
12.919130 102580.0
12.931182 104622.0
12.947394 104784.0
12.959526 101060.4
12.971691 101492.8
12.983701 100524.8
12.995709 103989.6
13.007928 97856.0
13.019962 99276.8
13.031965 100080.0
13.043969 101060.4
13.056173 99368.8
13.068193 97947.2
13.080397 101414.4
13.093450 102379.2
13.105710 99012.0
13.117668 98124.0
13.134573 99540.0
13.146970 98834.4
13.159059 101859.2
13.171314 102764.0
13.183225 97858.8
13.195417 101140.8
13.207714 101060.4
13.219709 105256.0
13.231711 97947.2
13.243715 98035.6
13.255794 101584.4
13.267961 100615.2
13.279988 98301.6
13.291990 97236.0
13.303990 101060.4
13.316210 101950.8
13.328413 98568.0
13.340549 99456.0
13.352613 100170.0
13.364697 102379.2
13.377450 99012.0
13.389491 99545.6
13.401544 100080.0
13.413684 102933.6
13.425746 98212.4
13.437724 97856.0
13.449738 100796.0
13.461868 101688.0
13.474004 102471.6
13.486157 104152.0
13.498159 107600.4
13.510162 107892.0
13.522155 105862.4
13.534157 104659.2
13.546165 107544.8
13.558162 108238.4
13.570175 99810.0
13.593978 102212.0
13.607889 103193.6
13.622269 102841.2
13.636214 101060.4
13.650251 99366.4
13.664620 103776.0
13.679225 109027.2
13.693876 106425.6
13.707149 106464.0
13.721013 107196.8
13.733841 104246.0
13.746146 102656.4
13.758182 106522.0
13.770256 107486.0
13.782406 103615.2
13.794465 103964.0
13.806485 105481.6
13.818537 107351.2
13.830649 102986.0
13.842652 102729.6
13.854765 107989.2
13.866895 106307.2
13.879120 107448.0
13.891193 102822.4
13.903222 108433.6
13.915267 109224.0
13.927471 104058.0
13.939473 107544.8
13.951482 105481.6
13.963549 109420.8
13.975721 102915.2
13.987783 102915.2
13.999786 111142.8
14.011792 105862.4
14.023787 105228.0
14.036013 102379.2
14.048109 105576.8
14.060058 106907.6
14.072053 103731.6
14.084057 103428.0
14.096288 106307.2
14.108483 107196.8
14.120415 104528.0
14.132484 102286.8
14.144567 107004.0
14.156759 105957.6
14.168802 104434.0
14.180739 102286.8
14.196747 102265.6
14.209129 105512.4
14.221070 105957.6
14.233074 103265.6
14.245072 101936.0
14.257184 106020.4
14.269222 106752.0
14.281225 102915.2
14.293224 102194.4
14.305228 105417.6
14.317324 106560.0
14.329535 103896.0
14.341584 101936.0
14.353780 105038.4
14.365948 104784.0
14.378086 103265.6
14.390085 102564.0
14.402089 105386.4
14.414148 106307.2
14.426200 103358.8
14.438242 103079.2
14.452340 103358.8
14.464843 104848.8
14.476958 104622.0
14.489094 107351.2
14.501096 109371.6
14.513154 111927.2
14.525101 111142.8
14.537097 109470.4
14.549101 110841.6
14.561101 112674.4
14.573103 111200.0
14.585225 104784.0
14.613221 106464.0
14.627221 108336.0
14.646060 105829.2
14.662087 106560.0
14.676902 102028.0
14.690233 101309.6
14.702939 99545.6
14.716602 99456.0
14.731276 99366.4
14.744597 100886.4
14.756848 103824.8
14.769281 100878.8
14.781457 99368.8
14.793583 98922.8
14.805693 102933.6
14.817837 99279.6
14.829863 98568.0
14.841862 98124.0
14.854098 101232.0
14.866229 101596.8
14.878283 98035.6
14.890280 99900.0
14.902283 101950.8
14.914289 99990.0
14.926290 98301.6
14.938285 100260.0
14.950289 101767.6
14.962295 100260.0
14.974287 98124.0
14.986293 99720.0
14.998293 102042.4
15.010296 99990.0
15.022295 99101.2
15.034294 100080.0
15.046309 102748.8
15.058376 101505.6
15.070565 99012.0
15.082648 101492.8
15.094765 102304.0
15.107128 103472.0
15.119125 98479.2
15.131153 101584.4
15.143233 103379.2
15.155302 102822.4
15.167334 101950.8
15.179375 100253.6
15.191580 104878.4
15.203658 100524.8
15.215789 99810.0
15.227851 98035.6
15.239900 102134.0
15.251906 102028.0
15.263904 98124.0
15.276027 99810.0
15.288271 102134.0
15.300320 101767.6
15.312330 98834.4
15.324400 98035.6
15.336606 102304.0
15.348605 101060.4
15.360675 99279.6
15.372665 99276.8
15.384786 100615.2
15.396919 101950.8
15.409025 97856.0
15.421140 99012.0
15.433182 100524.8
15.448794 101151.2
15.461048 102764.0
15.473186 98477.6
15.485187 101309.6
15.497300 108086.4
15.509348 108336.0
15.521413 106560.0
15.533566 103964.0
15.545861 107794.8
15.557927 107544.8
15.569925 106080.0
15.583377 99720.0
15.612697 100697.2
15.627282 103265.6
15.641270 103100.8
15.655356 101950.8
15.670434 104434.0
15.684200 103172.4
15.698405 103521.6
15.713202 103521.6
15.726556 106425.6
15.740397 106656.0
15.753708 104810.0
15.766044 103265.6
15.778197 102379.2
15.790210 106116.0
15.802282 105767.2
15.814215 102729.6
15.826272 102892.8
15.838216 106052.8
15.850217 104595.2
15.862221 103265.6
15.874196 103989.6
15.886222 106618.4
15.898224 105862.4
15.910278 103172.4
15.922225 104595.2
15.934227 106848.0
15.946330 106307.2
15.958379 104058.0
15.970378 105038.4
15.982381 106464.0
15.994381 105417.6
16.006385 103172.4
16.018385 104058.0
16.030392 106402.8
16.042385 104528.0
16.054388 103708.8
16.066465 103708.8
16.078589 106560.0
16.090681 104270.4
16.102596 102194.4
16.114687 105481.6
16.126682 105038.4
16.138739 105228.0
16.152299 103358.8
16.164248 103265.6
16.176398 107060.8
16.188472 106656.0
16.200673 103802.4
16.212794 102822.4
16.224952 107293.2
16.237091 106211.6
16.249241 101917.2
16.261254 103334.4
16.273250 106498.4
16.285254 106714.8
16.297255 104246.0
16.309254 102080.0
16.321996 105767.2
16.333997 105767.2
16.346113 104217.6
16.358256 102544.0
16.370385 106907.6
16.384410 106307.2
16.398413 106656.0
16.410615 103008.0
16.424363 103008.0
16.438274 105576.8
16.450447 106811.2
16.462873 105862.4
16.475441 109668.0
16.490011 109027.2
16.502380 112369.6
16.518086 112129.6
16.530150 114478.0
16.542359 110500.0
16.555235 112674.4
16.569481 104848.8
16.583979 106211.6
16.599771 106020.4
16.614030 107794.8
16.632114 106272.0
16.647540 110112.0
16.664133 107100.4
16.683263 103989.6
16.697402 102028.0
16.712482 101767.6
16.732168 101859.2
16.748100 101060.4
16.768126 98744.4
16.780418 101859.2
16.794094 102933.6
16.808292 102841.2
16.820387 99630.0
16.832495 99720.0
16.845491 102304.0
16.859757 101414.4
16.871865 101688.0
16.884101 98300.8
16.899316 99101.2
16.913055 100878.8
16.927931 101584.4
16.940115 103026.0
16.952306 100615.2
16.966062 99724.8
16.980042 98212.4
16.992114 102915.2
17.004312 102748.8
17.017766 99724.8
17.029923 99635.2
17.044005 99012.0
17.058128 103100.8
17.070200 102841.2
17.082772 100615.2
17.096772 98656.8
17.108887 100524.8
17.121140 102042.4
17.133285 101505.6
17.148210 100163.2
17.160439 98833.6
17.174426 99187.2
17.188780 100163.2
17.200892 101505.6
17.213012 100170.0
17.227930 99630.0
17.240069 98389.2
17.252139 101936.0
17.264321 102134.0
17.279445 104176.8
17.293325 100080.0
17.307912 98300.8
17.320299 101323.2
17.332329 102841.2
17.345073 101505.6
17.359231 103008.0
17.371414 101584.4
17.383465 102729.6
17.398501 101060.4
17.410700 101505.6
17.424524 100440.0
17.438551 99101.2
17.450844 100080.0
17.462922 100958.4
17.476733 109569.2
17.489917 107293.2
17.503817 105228.0
17.518050 104564.4
17.530120 107989.2
17.542323 109224.0
17.555116 106052.8
17.569313 100697.2
17.583344 99097.6
17.597587 102471.6
17.612206 103452.0
17.626203 102748.8
17.640570 102748.8
17.653714 99450.0
17.680000 105481.6
17.694560 106907.6
17.709586 105924.8
17.723210 109027.2
17.742257 106811.2
17.758590 106752.0
17.770884 108976.0
17.783146 102636.8
17.797987 102915.2
17.810148 106811.2
17.822340 107293.2
17.837991 106752.0
17.850198 104622.0
17.864117 102656.4
17.878375 103964.0
17.890454 105924.8
17.902502 106752.0
17.915340 104622.0
17.929409 103708.8
17.941556 104083.2
17.953866 106402.8
17.968968 106402.8
17.982904 103545.2
17.998014 103545.2
18.010209 103172.4
18.022556 104622.0
18.038005 105133.2
18.050226 107100.4
18.062398 104246.0
18.074521 103989.6
18.088147 105767.2
18.100170 108086.4
18.122259 104312.0
18.134632 107989.2
18.148798 106848.0
18.160987 104878.4
18.173247 103079.2
18.185652 106907.6
18.200846 106116.0
18.214772 107100.4
18.228932 106307.2
18.241163 102286.8
18.253908 102471.6
18.267926 104689.6
18.280059 106402.8
18.292229 103172.4
18.304409 103358.8
18.319637 108238.4
18.333523 104500.8
18.347885 106656.0
18.360032 105862.4
18.372113 104340.0
18.384800 103896.0
18.398928 106307.2
18.411135 106272.0
18.423285 107100.4
18.435667 103008.0
18.450951 102915.2
18.464824 103870.0
18.479012 106211.6
18.491153 108976.0
18.503299 110157.6
18.515711 108584.0
18.531030 109174.0
18.545008 110900.0
18.559086 112433.2
18.571516 111100.0
18.586044 102471.6
18.601207 101752.0
18.614637 103265.6
18.632574 104943.6
18.646316 102822.4
18.660560 106811.2
18.673950 102304.0
18.692573 102379.2
18.708659 101151.2
18.722421 102748.8
18.736607 100080.0
18.750971 100170.0
18.766422 99101.2
18.778567 97236.0
18.790811 101151.2
18.803318 102304.0
18.817844 99368.8
18.829958 98301.6
18.842172 98656.8
18.854339 102396.0
18.868045 102042.4
18.880242 98654.4
18.894430 98834.4
18.908497 97856.0
18.920657 104689.6
18.933037 100615.2
18.947945 99814.4
18.960052 98745.6
18.972319 99187.2
18.984496 104083.2
18.997956 102212.0
19.010092 97944.0
19.024096 107794.8
19.038241 106522.0
19.050359 110456.4
19.062681 108086.4
19.077924 107544.8
19.090099 107794.8
19.102304 107945.6
19.114460 111300.0
19.128256 110211.2
19.143194 108682.0
19.155379 106272.0
19.168686 106811.2
19.180964 110900.0
19.195101 110310.4
19.209142 110755.2
19.221326 106811.2
19.233774 106618.4
19.247983 108830.4
19.260615 108928.8
19.272681 107157.6
19.285008 105733.6
19.300328 106811.2
19.314349 110012.8
19.328200 109766.8
19.340286 110211.2
19.352515 108140.8
19.368240 105351.2
19.380349 109913.6
19.392478 110700.0
19.404664 109420.8
19.419957 110755.2
19.434004 105386.4
19.448227 107503.2
19.468613 112812.0
19.482393 113932.8
19.494757 114345.6
19.508539 117342.0
19.520634 113829.6
19.532804 113182.8
19.544996 113932.8
19.558621 115024.0
19.582395 107945.6
19.597412 109616.0
19.614898 105984.0
19.631109 107848.0
19.657757 109668.0
19.674520 115232.0
19.688562 113594.0
19.703354 114036.0
19.717390 113254.4
19.730509 110600.0
19.744028 111585.6
19.758054 113322.0
19.770287 115675.2
19.782396 112369.6
19.794654 110800.0
19.809753 110800.0
19.823688 115232.0
19.837736 113118.0
19.850041 113459.2
19.862155 110257.2
19.875927 110700.0
19.889733 116371.2
19.902058 113594.0
19.914389 112812.0
19.927780 110257.2
19.940048 114005.2
19.954169 113459.2
19.968399 115336.0
19.980459 113459.2
19.992782 110600.0
20.008015 110640.8
20.020060 113118.0
20.032200 114712.0
20.753453 111200.0
20.768212 108928.8
20.780393 106770.4
20.792758 111585.6
20.808163 110556.0
20.820417 110211.2
20.832668 106232.8
20.844769 107945.6
20.860043 110800.0
20.873870 109569.2
20.888033 109322.4
20.900127 108238.4
20.912527 106464.0
20.928034 107308.8
20.940159 109668.0
20.952489 111000.0
20.964661 107100.4
20.978109 105924.8
20.990226 109616.0
21.004272 109766.8
21.018375 111243.2
21.030504 107848.0
21.042833 105829.2
21.057937 107503.2
21.070114 109766.8
21.082271 110211.2
21.094487 108043.2
21.109439 108732.0
21.121567 107544.8
21.135791 110456.4
21.149793 109322.4
21.161880 107892.0
21.175858 106211.6
21.189793 106272.0
21.201877 110012.8
21.214127 109027.2
21.227818 109027.2
21.239942 106272.0
21.254048 107406.0
21.268952 108732.0
21.281198 111787.2
21.293868 109766.8
21.307854 106907.6
21.319905 109272.8
21.332132 110211.2
21.344169 108086.4
21.359507 111300.0
21.373454 110556.0
21.387929 106770.4
21.400146 109125.6
21.412286 111444.0
21.428147 111644.8
21.440194 107060.8
21.452302 107750.4
21.464458 108976.4
21.477878 115779.6
21.490064 114892.4
21.503959 111927.2
21.517852 113049.6
21.537327 115720.0
21.549558 113696.8
21.562987 118227.6
21.580449 111686.4
21.597284 111927.2
21.613326 109027.2
21.629583 112129.6
21.656262 109125.6
21.672857 113902.4
21.686885 110356.8
21.701726 109958.4
21.714874 110741.2
21.732211 110700.0
21.747935 111826.0
21.760001 114448.8
21.773881 113799.6
21.787899 114920.0
21.800191 110300.0
21.812317 114581.6
21.825185 117660.0
21.839232 115336.0
21.851369 112710.0
21.863574 112710.0
21.878581 114478.0
21.890748 113799.6
21.904848 115779.6
21.918951 111787.2
21.931099 112268.0
21.943641 113016.0
21.957836 117693.6
21.969916 113118.0
21.982217 111484.8
21.994330 111826.0
22.009493 111724.8
22.021584 117236.0
22.035504 113118.0
22.049597 113118.0
22.061938 109913.6
22.075894 111384.0
22.089849 112947.2
22.101987 112471.2
22.114009 112572.8
22.127922 110257.2
22.139973 114242.4
22.153885 114242.4
22.168745 114712.0
22.180859 111000.0
22.194861 111787.2
22.208933 110600.0
22.221209 117997.6
22.234982 114685.2
22.249282 117216.0
22.261346 114581.6
22.273603 111585.6
22.287746 115384.8
22.299877 114242.4
22.315980 115336.0
22.328151 111484.8
22.340283 112506.0
22.352681 113561.6
22.368008 113049.6
22.380304 114005.2
22.392503 111042.4
22.404635 113799.6
22.418185 113459.2
22.430401 115128.0
22.444514 114313.6
22.458563 111484.8
22.470933 113285.6
22.484614 118790.4
22.498912 119131.6
22.511156 117997.6
22.524628 119005.6
22.538902 116035.6
22.550977 119565.2
22.565026 117572.0
22.582976 115466.4
22.597326 117110.4
22.611654 115699.2
22.637972 111623.6
22.653000 114608.0
22.670944 105542.4
22.684925 109272.8
22.699672 109569.2
22.712930 109569.2
22.725090 110356.8
22.739027 105196.0
22.753307 108732.0
22.767955 107600.4
22.780024 109964.4
22.792196 107503.2
22.804300 107544.8
22.819432 109814.4
22.833331 107157.6
22.847724 108830.4
22.859927 110112.0
22.872010 109224.0
22.885849 106368.0
22.899907 108388.0
22.911959 109668.0
22.940552 110600.0
22.952701 107794.8
22.968063 107848.0
22.980323 108584.0
22.992460 111243.2
23.004662 107794.8
23.018243 107114.4
23.030338 108094.0
23.044358 109420.8
23.058347 110456.4
23.070486 109766.8
23.082873 107351.2
23.097938 107060.8
23.110039 108878.0
23.122210 111484.8
23.134345 108433.6
23.147933 105767.2
23.160024 101505.6
23.174222 101505.6
23.188337 102748.8
23.201384 102042.4
23.215331 100260.0
23.229382 99635.2
23.241583 103452.0
23.253827 101950.8
23.267996 102304.0
23.280225 98923.2
23.294102 99810.0
23.308327 99276.8
23.320387 103638.4
23.333075 101060.4
23.347975 100260.0
23.360094 99366.4
23.372380 100163.2
23.384620 102656.4
23.398105 101688.0
23.412018 98923.2
23.428070 100260.0
23.440391 98656.8
23.454056 100072.8
23.468250 104878.4
23.480367 110211.2
23.492476 106618.4
23.505455 108238.4
23.519852 106714.8
23.533097 108238.4
23.547966 108531.2
23.559990 107503.2
23.572854 99900.0
23.587129 99097.6
23.602046 98922.8
23.617113 101232.0
23.630494 102396.0
23.645069 103615.2
23.663911 102656.4
23.677753 106811.2
23.692265 106656.0
23.706569 105133.2
23.720160 104595.2
23.733547 107254.4
23.747759 105957.6
23.760004 107641.6
23.772111 103708.8
23.784395 104434.0
23.799491 105829.2
23.813385 106752.0
23.827928 105862.4
23.840028 105417.6
23.852540 104340.0
23.868126 102729.6
23.880401 104784.0
23.892537 105386.4
23.904676 106052.8
23.918103 103452.0
23.930321 103545.2
23.944495 106368.0
23.958420 106907.6
23.970506 106752.0
23.982933 102471.6
23.997923 103545.2
24.010021 105481.6
24.022137 107196.8
24.034203 106307.2
24.047800 103708.8
24.059959 104058.0
24.074056 105322.8
24.088149 106307.2
24.100378 105417.6
24.112778 102396.0
24.128058 102471.6
24.140128 106464.0
24.152299 106656.0
24.164446 104972.8
24.177790 102915.2
24.189937 104152.0
24.204091 106752.0
24.218146 106752.0
24.230390 105512.4
24.242713 102915.2
24.257838 102379.2
24.278659 104058.0
24.290968 103896.0
24.305054 104689.6
24.319145 107892.0
24.331420 107196.8
24.343650 104528.0
24.358043 102471.6
24.370092 104500.8
24.382227 105767.2
24.397971 106402.8
24.410081 104270.4
24.423943 102656.4
24.438113 103334.4
24.450154 106211.6
24.462367 107989.2
24.475152 111444.0
24.489175 112471.2
24.501433 110400.0
24.513574 116537.6
24.528970 115440.0
24.541089 110356.8
24.553189 111724.8
24.567217 102892.8
24.581631 105228.0
24.596885 107989.2
24.610808 106464.0
24.627462 106020.4
24.652522 103265.6
24.666835 97770.4
24.683609 98389.2
24.705133 100253.6
24.724112 101505.6
24.738770 99904.0
24.751108 99012.0
24.763371 99810.0
24.777777 101401.2
24.790105 101767.6
24.802208 100080.0
24.817892 99279.6
24.830130 100080.0
24.843980 100788.0
24.858131 102028.0
24.870181 102488.0
24.882409 98834.4
24.895196 99101.2
24.909223 103193.6
24.921485 104152.0
24.933644 100886.4
24.948733 100530.0
24.962418 99101.2
24.978130 98035.6
24.990387 101323.2
25.002795 102304.0
25.017889 102042.4
25.030164 100170.0
25.042246 98301.6
25.054527 102841.2
25.068016 102841.2
25.080128 99904.0
25.095217 100424.8
25.108025 99012.0
25.120161 101936.0
25.132247 102672.0
25.145028 102042.4
25.159219 98124.0
25.171399 99456.0
25.183557 100878.8
25.198031 103824.8
25.210156 98656.8
25.222402 99545.6
25.237899 98568.0
25.251027 101151.2
25.263253 103286.4
25.277786 101242.0
25.289863 99187.2
25.302164 98124.0
25.314258 101676.0
25.328261 102042.4
25.340540 99279.6
25.354775 98300.8
25.369050 98655.2
25.381160 101060.4
25.393786 102748.8
25.408032 100170.0
25.420078 99101.2
25.432178 99190.4
25.444251 102580.0
25.459582 104878.4
25.473588 102564.0
25.487885 106522.0
25.500068 104246.0
25.512628 108584.0
25.526620 107544.8
25.539574 107641.6
25.553456 106656.0
25.567968 98300.8
25.583244 98656.8
25.597719 97592.0
25.611711 99545.6
25.630710 98212.4
25.674900 105924.8
25.689668 107004.0
25.705358 107697.6
25.724814 107254.4
25.737260 110700.0
25.750608 106656.0
25.764529 110012.8
25.778484 111826.0
25.790654 107004.0
25.803276 110900.0
25.817909 111384.0
25.830101 106811.2
25.842121 111826.0
25.854298 110257.2
25.869581 107100.4
25.881670 109569.2
25.895743 107100.4
25.909625 107544.8
25.922101 108682.0
25.938085 106522.0
25.950218 111745.2
25.962286 110900.0
25.974559 113594.0
25.988305 109470.4
26.000475 112332.0
26.012600 112129.6
26.027931 107100.4
26.040076 111826.0
26.052592 106560.0
26.068076 107157.6
26.080215 111000.0
26.092333 108584.0
26.105210 106560.0
26.119222 110275.2
26.134249 112154.8
26.147835 110712.8
26.159887 105408.0
26.172242 109436.0
26.188014 106969.6
26.200271 110678.4
26.213993 110678.4
26.228026 106383.2
26.240236 110174.4
26.252350 109837.6
26.264638 108723.2
26.278598 111486.0
26.290627 105504.0
26.304967 109858.8
26.319261 111180.0
26.331344 111320.0
26.345039 104434.4
26.357168 111016.4
26.369137 110678.4
26.381169 105943.6
26.393172 109737.2
26.405170 108921.6
26.417172 108094.0
26.432645 108732.0
26.444791 104682.0
26.456914 105943.6
26.468908 114998.4
26.480914 112668.8
26.493006 112052.0
26.505142 117159.6
26.517304 111513.6
26.529328 116188.8
26.544913 110611.6
26.557030 111894.0
26.581750 106239.6
26.596785 106336.8
26.610918 110300.0
26.624379 110275.2
26.639266 110947.2
26.656278 112900.8
26.669377 105996.0
26.683364 101016.0
26.697068 106969.6
26.711171 106045.2
26.724916 101987.2
26.738358 102585.6
26.750554 107067.2
26.762621 99607.6
26.774999 106189.6
26.787070 100943.2
26.799206 107846.4
26.811210 105160.0
26.823278 100393.6
26.835211 105024.0
26.847318 104910.4
26.859361 104682.0
26.871263 105750.8
26.883210 102172.8
26.895215 106531.2
26.907328 105943.6
26.919362 100924.0
26.931367 107310.0
26.943369 105888.0
26.955374 100531.2
26.967373 105558.0
26.979372 105600.0
26.994824 102024.0
27.007354 107308.8
27.022971 100924.0
27.035184 105558.0
27.047329 104968.8
27.059381 104280.0
27.071383 106434.0
27.083379 103306.0
27.095381 105268.8
27.107388 107310.0
27.119228 101108.0
27.131231 104873.2
27.143231 105600.0
27.155237 102679.2
27.167334 107067.2
27.179361 107017.2
27.191385 104564.4
27.203387 108524.8
27.215443 101108.0
27.227663 106383.2
27.239741 100808.4
27.251750 104374.8
27.263949 105064.4
27.276189 101894.4
27.288250 105899.2
27.300254 105228.0
27.312310 107389.6
27.324340 107641.6
27.336406 102379.2
27.348410 106811.2
27.360408 107738.4
27.372310 101660.0
27.384251 106272.0
27.396262 105767.2
27.408257 106714.8
27.420318 106714.8
27.432259 102748.8
27.444266 106714.8
27.456267 107100.4
27.468267 110356.8
27.480264 113080.0
27.492270 112674.4
27.504265 116246.0
27.516266 113459.2
27.528261 109569.2
27.540228 114242.4
27.552428 114655.2
27.564467 104058.0
27.584874 102822.4
27.601460 101844.0
27.617275 106116.0
27.630272 101936.0
27.643455 102544.0
27.657223 107503.2
27.670361 111585.6
27.684155 111686.4
27.698471 109668.0
27.712124 112471.2
27.726051 107351.2
27.739110 110012.8
27.752869 106402.8
27.765031 111343.6
27.777029 107004.0
27.789034 106618.4
27.801032 111544.4
27.813032 106464.0
27.825033 111142.8
27.837035 109668.0
27.849039 107351.2
27.861037 111243.2
27.873014 106907.6
27.885037 107892.0
27.897039 110157.6
27.909046 106560.0
27.921045 111927.2
27.933042 109865.6
27.945044 106907.6
27.957049 110700.0
27.969170 106560.0
27.981312 110942.0
27.993311 111000.0
28.005314 107848.0
28.017454 111585.6
28.029468 110257.2
28.041478 111243.2
28.053467 111343.6
28.065468 106811.2
28.077765 113388.4
28.089820 106211.6
28.101871 109224.0
28.113943 105386.4
28.126064 106714.8
28.138056 110257.2
28.150051 106656.0
28.162134 110942.0
28.174331 110112.0
28.186499 110800.0
28.198675 106080.0
28.210751 106464.0
28.222757 111522.4
28.238543 106770.4
28.250827 111888.0
28.262891 106116.0
28.275037 109913.6
28.287078 109668.0
28.299080 99279.6
28.311063 102915.2
28.323094 98923.2
28.335204 103452.0
28.347401 103008.0
28.359347 100253.6
28.371304 102915.2
28.383312 102396.0
28.395349 102636.8
28.407455 105322.8
28.419474 98389.2
28.431499 103545.2
28.443498 104083.2
28.455504 99456.0
28.467771 102396.0
28.479843 105672.0
28.491855 110211.2
28.503966 105322.8
28.516200 109075.2
28.528325 109569.2
28.541096 105888.0
28.555233 114712.0
28.567977 107503.2
28.589359 111142.8
28.604882 110900.0
28.621193 107060.8
28.635012 113356.8
28.648576 112028.4
28.662598 106522.0
28.676892 105133.2
28.691369 107697.6
28.704857 107351.2
28.719242 97498.8
28.732317 95718.0
28.744379 98479.2
28.756384 97856.0
28.768376 97944.0
28.780441 98656.8
28.792387 95546.0
28.804459 102042.4
28.816542 99368.8
28.828539 95187.2
28.840536 99101.2
28.852539 94212.8
28.864543 98032.0
28.876547 99545.6
28.888546 93937.2
28.900546 98923.2
28.912548 99190.4
28.924552 95718.0
28.936550 101859.2
28.948554 94043.2
28.960552 97586.4
28.972550 99276.8
28.984550 94636.8
28.996558 99190.4
29.008558 99545.6
29.020556 95358.4
29.032561 98568.0
29.044561 94572.0
29.056562 97498.8
29.068558 101859.2
29.080562 93852.8
29.093356 97680.0
29.105414 97498.8
29.117638 94106.0
29.129785 94552.0
29.141841 97586.4
29.153911 94552.0
29.166159 98656.8
29.178156 94552.0
29.190156 98656.8
29.202156 98120.0
29.214164 94297.6
29.226154 98656.8
29.238152 97140.8
29.250168 95101.6
29.262163 98745.6
29.274164 94021.6
29.286169 108140.8
29.298168 107100.4
29.310134 102304.0
29.322231 109272.8
29.334170 105607.2
29.346172 102822.4
29.358173 106907.6
29.370134 102396.0
29.382175 106811.2
29.394172 107100.4
29.406174 94827.6
29.418169 98568.0
29.430173 98120.0
29.442173 94742.4
29.454174 102841.2
29.466176 108280.8
29.482134 98922.8
29.494316 99545.6
29.506452 104528.0
29.518566 106211.6
29.530595 100344.0
29.542662 108433.6
29.554688 100615.2
29.566888 102748.8
29.586174 101584.4
29.606613 98834.4
29.622181 98656.8
29.635273 99814.4
29.649619 96348.0
29.663541 101492.8
29.676183 103708.8
29.689648 102009.6
29.703428 104083.2
29.717426 102656.4
29.730586 100878.8
29.743089 99904.0
29.755203 102915.2
29.767204 102841.2
29.779207 99276.8
29.791212 102729.6
29.803222 102580.0
29.815341 103100.8
29.827632 103870.0
29.839630 98212.4
29.851629 103545.2
29.863632 98479.2
29.875671 100080.0
29.887710 98923.2
29.899904 98834.4
29.911978 103193.6
29.924177 99279.6
29.936221 102471.6
29.948296 102042.4
29.960455 105957.6
29.972548 103802.4
29.984494 99279.6
29.996551 111484.8
30.008498 112028.4
30.020500 107892.0
30.032497 111384.0
30.044501 106618.4
30.056502 110800.0
30.068502 112230.8
30.080501 105291.2
30.092558 111585.6
30.104502 113356.8
30.116559 107157.6
30.128509 111384.0
30.140586 98834.4
30.152659 102396.0
30.164662 103615.2
30.176866 98923.2
30.188931 101767.6
30.201055 99012.0
30.213213 102729.6
30.225253 99635.2
30.237248 102656.4
30.249225 103358.8
30.261254 99545.6
30.273255 102729.6
30.285256 102580.0
30.297257 99545.6
30.309218 103100.8
30.321268 100969.6
30.333485 103100.8
30.345690 98389.2
30.357752 100170.0
30.369747 98745.6
30.381942 98834.4
30.393970 103989.6
30.406633 99810.0
30.418677 103708.8
30.430731 98745.6
30.442754 103452.0
30.454956 99279.6
30.467033 113118.0
30.479088 107989.2
30.491145 106020.4
30.503271 110012.8
30.515274 105481.6
30.527410 109569.2
30.539537 110157.6
30.553257 110456.4
30.575781 99810.0
30.599122 105386.4
30.612377 103964.0
30.626750 99456.0
30.640411 104083.2
30.653795 105038.4
30.667743 94912.8
30.681792 100170.0
30.696169 94742.4
30.709700 94486.8
30.723744 108433.6
30.737171 106594.0
30.749169 102841.2
30.764708 104659.2
30.777270 103286.4
30.789300 106080.0
30.801303 106848.0
30.813428 103802.4
30.825719 107114.4
30.837715 101950.8
30.849722 107448.0
30.861721 101492.8
30.873680 102212.0
30.885747 99276.8
30.897800 94021.6
30.909991 98745.6
30.922005 94552.0
30.934006 94912.8
30.946135 98654.4
30.958201 94827.6
30.970308 98656.8
30.982319 97140.8
30.994316 99990.0
31.006317 99368.8
31.018321 94742.4
31.030319 98035.6
31.042326 99100.8
31.054335 98745.6
31.066324 98568.0
31.078327 97498.8
31.090327 99190.4
31.102328 99458.0
31.114335 95016.0
31.129029 93549.6
31.141151 97763.2
31.153331 99097.6
31.165335 94074.4
31.177747 99168.8
31.189747 93093.2
31.201750 95212.8
31.213754 92418.0
31.225762 93093.2
31.237821 99000.0
31.249839 93975.6
31.262024 93549.6
31.274036 96447.6
31.286164 94160.0
31.298227 97502.4
31.310228 95914.0
31.322355 97240.0
31.334602 94953.6
31.346618 93449.6
31.358740 98470.4
31.370612 93449.6
31.382722 94060.8
31.394761 100485.2
31.406966 93788.8
31.419490 101270.4
31.432242 107486.0
31.444429 103193.6
31.456591 107351.2
31.468627 104848.8
31.480622 110700.0
31.492627 116035.6
31.504618 108043.2
31.516632 112471.2
31.528625 113623.2
31.540631 108140.8
31.552632 113254.4
31.567846 109865.6
31.587433 97140.8
31.602643 95187.2
31.616764 99724.8
31.631404 98834.4
31.646392 100080.0
31.660793 94742.4
31.674246 99456.0
31.687702 98745.6
31.701728 106211.6
31.716380 103708.8
31.729482 102748.8
31.741622 98301.6
31.753648 98745.6
31.765827 101859.2
31.777870 98300.8
31.789886 101323.2
31.802081 98923.2
31.814091 99012.0
31.826212 103379.2
31.838269 99545.6
31.850380 102379.2
31.862398 102304.0
31.874367 104434.0
31.886398 103638.4
31.898399 98301.6
31.910402 105767.2
31.922403 103731.6
31.934395 101859.2
31.946404 103358.8
31.958406 102748.8
31.970403 103638.4
31.982414 103452.0
31.994407 100697.2
32.010301 104058.0
32.022541 98477.6
32.034676 105067.2
32.047038 98834.4
32.059108 103545.2
32.071140 102042.4
32.083181 103545.2
32.095374 102822.4
32.107418 99101.2
32.119423 105228.0
32.131419 103545.2
32.143427 108682.0
32.155421 110741.2
32.167760 106020.4
32.179690 111686.4
32.191691 105792.0
32.203691 106907.6
32.215772 114270.8
32.227848 106464.0
32.239842 108336.0
32.251863 106211.6
32.263919 107794.8
32.276265 111644.8
32.288390 107892.0
32.300505 111042.4
32.312661 98300.8
32.324770 103193.6
32.337051 98923.2
32.349123 103265.6
32.361262 102488.0
32.373251 104689.6
32.385326 102915.2
32.397444 98568.0
32.409448 103100.8
32.421448 103286.4
32.433411 99990.0
32.445456 102892.8
32.457716 98300.8
32.469719 107351.2
32.481717 103964.0
32.493721 104784.0
32.505789 112028.4
32.517723 104246.0
32.529726 107004.0
32.541725 104374.8
32.553725 104406.4
32.576895 103896.0
32.594814 100344.0
32.608836 99366.4
32.622563 104176.8
32.635937 102564.0
32.649874 99012.0
32.663339 102822.4
32.676846 96434.8
32.690883 94827.6
32.704563 95546.0
32.718712 98566.0
32.731614 99635.2
32.744739 97944.0
32.758111 101414.4
32.770167 94912.8
32.782495 98212.4
32.794612 95804.0
32.806954 99190.4
32.819088 94106.0
32.831170 98479.2
32.843255 99100.8
32.855367 103989.6
32.867477 107600.4
32.879490 101936.0
32.891489 108780.0
32.903490 109125.6
32.915492 102304.0
32.927759 107945.6
32.939826 101676.0
32.951760 107196.8
32.963763 101844.0
32.975981 102028.0
32.988184 99012.0
33.000269 95358.4
33.012456 101767.6
33.024500 94827.6
33.036577 98834.4
33.048628 94297.6
33.060773 94998.0
33.072767 99900.0
33.084774 94827.6
33.096940 98745.6
33.109001 94106.0
33.120992 94827.6
33.133154 99814.4
33.145274 96434.8
33.157386 98834.4
33.169508 94021.6
33.181513 98656.8
33.193513 99635.2
33.205516 94636.8
33.217787 94844.8
33.229784 94467.2
33.241781 96966.4
33.257994 95272.8
33.270335 99279.6
33.282488 94467.2
33.294526 101505.6
33.306522 99635.2
33.318532 95444.0
33.330537 98479.2
33.342782 94467.2
33.354796 99724.8
33.367000 94998.0
33.379024 99635.2
33.391223 98296.0
33.403230 95187.2
33.415252 98479.2
33.427299 95632.0
33.439503 98923.2
33.451544 99990.0
33.463544 95718.0
33.475673 101323.2
33.487810 100524.8
33.499810 105133.2
33.511811 99810.0
33.523812 101060.4
33.535964 103545.2
33.548046 99720.0
33.560244 105133.2
33.599622 107351.2
33.612934 107351.2
33.627638 105038.4
33.640934 105767.2
33.654395 110112.0
33.669342 112028.4
33.683807 106811.2
33.697412 112230.8
33.711932 99456.0
33.725772 101332.8
33.737832 98923.2
33.749886 98745.6
33.761890 105481.6
33.773833 98212.4
33.786012 99720.0
33.798064 101414.4
33.810256 103638.4
33.822339 103731.6
33.834394 101859.2
33.846568 103452.0
33.858575 98745.6
33.870540 100434.4
33.882579 106368.0
33.894579 99366.4
33.906580 103731.6
33.918583 103802.4
33.930586 98656.8
33.942582 103638.4
33.954604 99545.6
33.966950 100697.2
33.979006 98389.2
33.991053 99545.6
34.003077 105161.6
34.015275 101049.6
34.027409 103545.2
34.039473 99279.6
34.051549 103638.4
34.063595 104152.0
34.075709 99279.6
34.087816 101323.2
34.099864 98300.8
34.111867 101323.2
34.123826 98656.8
34.136014 99279.6
34.148024 101584.4
34.160008 98477.6
34.172035 103452.0
34.184223 101779.2
34.196319 102915.2
34.208426 104176.8
34.220668 98834.4
34.232734 100969.6
34.244879 99190.4
34.256930 103265.6
34.268878 98745.6
34.280870 98834.4
34.292878 101936.0
34.304880 107254.4
34.316883 107351.2
34.328957 108043.2
34.341036 106560.0
34.353041 111042.4
34.365042 105984.0
34.377329 110942.0
34.389316 112534.4
34.401329 108486.0
34.413396 111787.2
34.425505 112166.4
34.438321 110112.0
34.450386 100434.4
34.462439 103545.2
34.474504 100170.0
34.486596 107641.6
34.498629 104754.0
34.514518 109913.6
34.526764 105512.4
34.538898 105322.8
34.551014 108238.4
34.563050 105133.2
34.575107 109715.2
34.600468 99366.4
34.622037 99008.0
34.634122 102286.8
34.648084 104083.2
34.662091 103638.4
34.676900 96434.8
34.691556 96163.2
34.705869 94844.8
34.720032 94844.8
34.732890 95101.6
34.745753 93912.0
34.757881 96695.2
34.769923 93937.2
34.781913 94467.2
34.793979 98035.6
34.806081 94636.8
34.818082 95546.0
34.830078 96695.2
34.842083 95529.6
34.854085 100080.0
34.866547 94827.6
34.878632 99279.6
34.890666 94021.6
34.902670 96249.6
34.914677 101232.0
34.926933 95083.2
34.938940 99456.0
34.950942 94190.4
34.962945 95101.6
34.975044 97761.6
34.987092 94912.8
34.999152 107351.2
35.011171 103100.8
35.023364 107157.6
35.035375 106464.0
35.047497 103989.6
35.059564 109766.8
35.071651 101767.6
35.083688 109322.4
35.095706 101936.0
35.107811 105417.6
35.119920 103802.4
35.131958 94297.6
35.143957 99012.0
35.156166 94912.8
35.168181 98568.0
35.180413 98389.2
35.192507 96868.8
35.204656 102304.0
35.216933 94467.2
35.229021 97411.2
35.240965 94467.2
35.253022 95904.0
35.264964 96076.8
35.276965 94998.0
35.288965 98568.0
35.300970 94382.4
35.312971 94827.6
35.325044 99100.8
35.337124 94998.0
35.349132 98035.6
35.361124 95529.6
35.373034 94827.6
35.385133 98300.8
35.397136 94467.2
35.409573 99101.2
35.421722 93937.2
35.433697 97944.0
35.445731 93788.8
35.457715 94467.2
35.469716 103193.6
35.481719 100163.2
35.493718 101859.2
35.505734 105638.0
35.517739 100524.8
35.529850 105576.8
35.541988 101060.4
35.553989 100867.2
35.568153 96617.6
35.593161 97498.8
35.607183 100350.0
35.621513 94930.4
35.635220 99724.8
35.650250 99279.6
35.664844 97148.4
35.681752 98833.6
35.696231 103172.4
35.709858 99101.2
35.724507 108878.0
35.736983 107254.4
35.749012 108140.8
35.761006 107196.8
35.773014 111384.0
35.785012 106116.0
35.800703 106329.2
35.813013 101060.4
35.825013 99458.0
35.837076 102471.6
35.849021 98656.8
35.861025 99368.8
35.872990 102748.8
35.885080 99279.6
35.897023 99366.4
35.909029 102841.2
35.921029 98834.4
35.933030 102915.2
35.945031 98923.2
35.957089 98745.6
35.969034 102656.4
35.981090 98745.6
35.993031 99545.6
36.005092 101414.4
36.017039 98834.4
36.029112 103008.0
36.041166 98923.2
36.053189 102915.2
36.065190 102748.8
36.077190 99458.0
36.089194 102729.6
36.101195 101505.6
36.113197 99190.4
36.125101 102564.0
36.139588 97932.8
36.151786 98280.0
36.163798 97240.0
36.176167 102265.6
36.188200 97413.6
36.200203 102333.6
36.212209 101801.6
36.224201 98387.6
36.236207 101362.8
36.248215 101085.6
36.260483 100152.4
36.272558 104928.0
36.284621 98298.4
36.296920 102172.8
36.309061 97328.4
36.321052 103240.8
36.333805 97680.0
36.346038 103147.2
36.364498 102706.4
36.383553 102613.2
36.402524 102585.6
36.414632 98988.0
36.434664 104090.4
36.462686 107551.2
36.474868 113424.0
36.494578 115540.0
36.513258 114127.2
36.525704 111616.0
36.551236 108186.0
36.569626 97584.8
36.585321 102772.8
36.599893 98291.2
36.613252 98988.0
36.629189 102426.8
36.642972 99698.4
36.658076 102520.0
36.671586 98291.2
36.686196 98380.8
36.701645 92840.0
36.716663 94074.4
36.731913 93364.8
36.749256 93720.0
36.771817 100350.0
36.785215 95444.0
36.804285 98566.0
36.823255 101060.4
36.839233 98477.6
36.861654 99187.2
36.873919 94552.0
36.893257 98745.6
36.905471 94998.0
36.931064 99635.2
36.943249 95529.6
36.962575 95529.6
36.981488 96521.6
36.993550 99012.0
37.005831 94912.8
37.031348 99635.2
37.043550 95718.0
37.062935 99904.0
37.081971 99279.6
37.101756 94467.2
37.113881 99814.4
37.137315 96521.6
37.150962 94827.6
37.163096 108043.2
37.190332 103545.2
37.202569 107835.2
37.221886 101767.6
37.234104 110608.0
37.255362 108378.0
37.273569 104622.0
37.297778 102194.4
37.310896 102396.0
37.323093 98568.0
37.342529 95016.0
37.354704 98477.6
37.375517 99904.0
37.391725 95083.2
37.403984 99635.2
37.420353 96336.0
37.440875 94912.8
37.452981 100172.8
37.472238 101950.8
37.484318 104083.2
37.506022 107196.8
37.524876 104622.0
37.543846 103100.8
37.563146 100969.6
37.583508 95272.8
37.610045 96608.4
37.624332 99724.8
37.640061 98120.0
37.656668 99810.0
37.674281 101936.0
37.689700 98833.6
37.710708 99545.6
37.725410 100080.0
37.743267 103708.8
37.764635 99990.0
37.782305 102636.8
37.794343 105481.6
37.806622 99190.4
37.824674 105067.2
37.842657 100170.0
37.854801 101688.0
37.871891 99635.2
37.890791 107794.8
37.903022 107738.4
37.923185 106811.2
37.942262 106618.4
37.954365 114478.0
37.976009 107100.4
37.991401 109569.2
38.003645 114278.4
38.023042 98477.6
38.041969 99279.6
38.054207 105417.6
38.075888 98479.2
38.094694 99810.0
38.113780 98745.6
38.132953 99545.6
38.151419 99279.6
38.170369 100072.8
38.182413 103824.8
38.201944 98834.4
38.214025 99724.8
38.235209 103824.8
38.253724 101688.0
38.272321 104011.2
38.291309 103896.0
38.303379 104083.2
38.315457 99545.6
38.337580 99366.4
38.351716 101859.2
38.363833 98745.6
38.383218 99190.4
38.401622 99366.4
38.420678 98834.4
38.432813 100788.0
38.452593 99190.4
38.464797 102471.6
38.492211 105672.0
38.504378 110112.0
38.523702 110556.0
38.542707 109318.4
38.554828 112471.2
38.570214 104434.0
38.584415 107945.6
38.599436 107600.4
38.614077 112369.6
38.631095 111585.6
38.652132 111686.4
38.667379 106907.6
38.680814 102564.0
38.695106 107697.6
38.719029 102194.4
38.732151 108280.8
38.749469 108028.8
38.771355 95288.0
38.783616 99368.8
38.802755 99097.6
38.814897 95358.4
38.841834 96966.4
38.854033 95083.2
38.873407 96422.4
38.892368 98120.0
38.904490 98744.4
38.926020 94912.8
38.941926 99545.6
38.953977 94552.0
38.972758 95083.2
38.997273 96087.6
39.011931 97315.2
39.024046 94572.0
39.047728 99270.0
39.060646 99190.4
39.072765 94636.8
39.092011 94467.2
39.111063 99545.6
39.123171 98389.2
39.135417 97768.0
39.162043 94742.4
39.174198 96966.4
39.193415 95444.0
39.212402 95546.0
39.224536 102042.4
39.252698 99187.2
39.264919 95272.8
39.284030 94297.6
39.303135 103615.2
39.315405 102564.0
39.336481 102028.0
39.351134 105862.4
39.363391 105672.0
39.381798 101401.2
39.400506 102748.8
39.412774 109125.6
39.432517 103008.0
39.444820 98389.2
39.472200 95187.2
39.484453 99368.8
39.503915 101688.0
39.522913 101060.4
39.535158 105386.4
39.556522 105829.2
39.568688 100969.6
39.587220 95358.4
39.602590 95546.0
39.617190 95718.0
39.631517 100080.0
39.651035 94844.8
39.665976 99545.6
39.680608 104340.0
39.694620 100344.0
39.709440 105133.2
39.733885 99724.8
39.749323 99190.4
39.772344 102656.4
39.784530 103989.6
39.804454 102396.0
39.822729 98834.4
39.834872 103472.0
39.854197 103918.0
39.873172 102764.0
39.892194 101414.4
39.904471 103918.0
39.932745 100878.8
39.944860 99814.4
39.968554 103824.8
39.998273 99008.0
40.010364 103989.6
40.022453 111644.8
40.041940 106714.8
40.054197 109569.2
40.076101 112268.0
40.091648 112404.0
40.103889 106176.0
40.122224 108878.0
40.141247 106522.0
40.153509 111988.8
40.174020 114210.8
40.194992 103802.4
40.210408 103989.6
40.222407 98833.6
40.234538 105702.0
40.256145 99101.2
40.274870 100434.4
40.292502 101414.4
40.304632 100440.0
40.323909 98923.2
40.342890 98834.4
40.355013 104528.0
40.382057 101414.4
40.394178 106052.8
40.413580 103545.2
40.432611 103521.6
40.444780 99635.2
40.465426 112028.4
40.482061 106116.0
40.494269 111787.2
40.512992 105481.6
40.531942 105829.2
40.544142 108336.0
40.566525 103989.6
40.582001 98744.4
40.597431 99635.2
40.610410 99190.4
40.624605 103989.6
40.638657 99101.2
40.652397 102028.0
40.673953 98389.2
40.711655 95529.6
40.733158 94382.4
40.750564 107004.0
40.763281 102564.0
40.775457 108378.0
40.794538 110112.0
40.813538 107738.4
40.832144 107293.2
40.851091 106848.0
40.863280 102471.6
40.883728 94912.8
40.896094 99368.8
40.915161 99904.0
40.932198 100796.0
40.944588 97315.2
40.962834 94912.8
40.981928 94467.2
40.994035 100976.8
41.015305 99100.8
41.034294 97236.0
41.053339 95358.4
41.072357 95272.8
41.084583 99904.0
41.111868 95083.2
41.123962 100172.8
41.143316 98833.6
41.162373 98300.8
41.174593 102841.2
41.195983 99547.2
41.208215 95187.2
41.232668 95444.0
41.244979 97498.8
41.264719 95444.0
41.281994 95358.4
41.300992 99368.8
41.320238 99458.0
41.332332 96422.4
41.351853 96879.2
41.364000 94552.0
41.385882 99366.4
41.401984 94912.8
41.414115 100796.0
41.432277 96782.0
41.451268 99368.8
41.463639 108043.2
41.484408 112608.0
41.503629 108830.4
41.522655 108976.0
41.541622 109125.6
41.553745 112332.0
41.582378 95187.2
41.596542 97498.8
41.610535 99545.6
41.624716 95718.0
41.639726 95358.4
41.659663 102042.4
41.680096 104622.0
41.697275 104528.0
41.712738 99366.4
41.726986 103708.8
41.746006 104176.8
41.761883 99279.6
41.774034 106052.8
41.791994 98923.2
41.810920 98745.6
41.823013 104716.0
41.843388 103824.8
41.862501 103638.4
41.880928 98834.4
41.900270 103708.8
41.912409 99635.2
41.931560 98834.4
41.943673 104083.2
41.964729 100705.6
41.983153 103731.6
42.002157 103638.4
42.014332 99635.2
42.043011 99545.6
42.055080 105702.0
42.074387 102564.0
42.093452 99279.6
42.105817 103172.4
42.126031 99101.2
42.141805 101950.8
42.154051 98566.0
42.172309 109814.4
42.191215 109470.4
42.203398 114892.4
42.223953 106714.8
42.247789 106560.0
42.261052 106176.0
42.273324 111927.2
42.285809 99368.8
42.298278 106848.0
42.310552 99545.6
42.322714 104058.0
42.335054 99630.0
42.347821 98745.6
42.360224 103896.0
42.372551 99635.2
