7915.997821 0
0.038448 136995.6
0.050304 138358.0
0.062340 135923.2
0.074378 136448.0
0.086397 136448.0
0.098504 136032.0
0.110849 136337.6
0.123045 136995.6
0.135115 136337.6
0.147208 136995.6
0.159319 136600.8
0.171314 136732.4
0.183130 136185.6
0.195087 137258.8
0.206992 137127.2
0.218930 136995.6
0.230867 137298.8
0.242916 137544.0
0.255250 136579.2
0.267278 137127.2
0.279187 137960.8
0.291119 136732.4
0.302991 136337.6
0.314935 137127.2
0.326918 138358.0
0.338927 136884.0
0.350916 136600.8
0.363225 136752.0
0.375266 136995.6
0.387118 137390.4
0.399015 137127.2
0.410930 136995.6
0.422775 136995.6
0.439093 136995.6
0.451200 136995.6
0.463157 137280.0
0.475128 137544.0
0.487033 137412.0
0.499064 136600.8
0.512888 136995.6
0.525061 136732.4
0.536923 137127.2
0.549613 136995.6
0.561570 137676.0
0.573661 136469.2
0.585561 136448.0
0.597630 136162.8
0.609494 136007.2
0.621540 136732.4
0.633586 136710.4
0.645615 137522.0
0.657487 137148.0
0.669527 136600.8
0.681464 137127.2
0.693592 137148.0
0.705548 136995.6
0.717915 137696.0
0.729866 137127.2
0.741916 134550.0
0.753938 134680.0
0.766199 135094.4
0.778210 134833.6
0.790208 135660.8
0.802377 137412.0
0.814274 137696.0
0.826189 136600.8
0.838097 138358.0
0.849875 138358.0
0.861723 139440.0
0.873534 139041.6
0.885435 139593.6
0.897180 138908.8
0.909071 139726.8
0.920787 139174.4
0.932670 139174.4
0.944432 139726.8
0.956164 139307.2
0.967832 139020.0
0.979574 139041.6
0.991298 138490.4
1.003105 137808.0
1.014869 138093.2
1.026569 138794.4
1.042945 137016.0
1.054849 137808.0
1.066595 138204.0
1.078508 138887.6
1.090337 138776.0
1.102322 138887.6
1.114130 139041.6
1.125954 139307.2
1.137754 139174.4
1.149617 139307.2
1.161334 139440.0
1.173352 139612.0
1.185085 139460.4
1.196954 139060.8
1.208677 139460.4
1.220551 138776.0
1.232348 138225.6
1.247214 137653.6
1.261406 139440.0
1.273331 138776.0
1.285434 138358.0
1.297183 138676.8
1.309200 139593.6
1.320935 138622.8
1.332797 139174.4
1.344529 139152.4
1.356354 138755.2
1.368069 138622.8
1.379791 138358.0
1.391505 139327.2
1.403320 138776.0
1.415055 139327.2
1.426887 138927.6
1.438629 139194.0
1.450372 137280.0
1.462331 138643.2
1.474138 138358.0
1.485963 139041.6
1.497763 139041.6
1.509518 138490.4
1.521237 138225.6
1.533203 139174.4
1.544947 138887.6
1.556740 139041.6
1.568463 138490.4
1.580231 138776.0
1.591955 139194.0
1.610597 136864.0
1.623488 136864.0
1.635501 136995.6
1.647589 136864.0
1.659517 136185.6
1.671508 136995.6
1.684269 137258.8
1.697329 135923.2
1.709472 137127.2
1.721401 136864.0
1.733742 136841.6
1.745584 137960.8
1.757805 136469.2
1.769682 137676.0
1.781752 138093.2
1.793604 137280.0
1.805751 137127.2
1.817921 136448.0
1.829934 136337.6
1.841941 137258.8
1.853990 136600.8
1.865976 137127.2
1.878097 136972.8
1.890081 137298.8
1.902178 137544.0
1.914349 136054.4
1.926311 136448.0
1.938369 136710.4
1.950366 137412.0
1.962390 137676.0
1.974323 137544.0
1.986201 137808.0
1.998069 137522.0
2.009945 137676.0
2.021912 136206.0
2.034917 136972.8
2.048073 136620.0
2.060015 135923.2
2.071965 136448.0
2.084071 136600.8
2.096373 136600.8
2.108616 136864.0
2.120800 136469.2
2.132896 136864.0
2.144939 137258.8
2.157275 136579.2
2.169345 136884.0
2.181615 137676.0
2.193510 136995.6
2.205545 136732.4
2.217452 137127.2
2.229553 137676.0
2.241503 137412.0
2.253619 138225.6
2.265548 137258.8
2.277632 136600.8
2.289540 137544.0
2.301585 136995.6
2.313586 136752.0
2.325558 136995.6
2.337473 137258.8
2.349574 137016.0
2.361491 137808.0
2.373607 137127.2
2.385534 137412.0
2.397577 136469.2
2.409465 137258.8
2.421546 137696.0
2.433523 137563.6
2.445541 138336.0
2.459489 139307.2
2.471275 139726.8
2.483195 139174.4
2.494982 140259.6
2.506626 139041.6
2.518419 139593.6
2.530205 139041.6
2.542031 139174.4
2.554108 137390.4
2.566168 139307.2
2.578084 137676.0
2.590093 138908.8
2.601902 138927.6
2.613808 137940.0
2.625586 138225.6
2.637488 139174.4
2.649211 138622.8
2.661094 139705.6
2.672850 139041.6
2.684690 139174.4
2.696436 138622.8
2.708238 138887.6
2.719959 138622.8
2.731685 137808.0
2.743817 138468.0
2.755490 139174.4
2.767203 139307.2
2.779009 139174.4
2.790730 138622.8
2.802554 138643.2
2.824103 137258.8
2.837470 137390.4
2.849290 139041.6
2.861115 139440.0
2.872871 139726.8
2.884707 139726.8
2.896447 139593.6
2.908246 139307.2
2.919961 138755.2
2.931706 139041.6
2.943472 139307.2
2.955257 138887.6
2.966933 138908.8
2.978656 138908.8
2.990435 139060.8
3.002171 138490.4
3.014467 139726.8
3.026274 139460.4
3.038098 139174.4
3.050130 138490.4
3.062066 139460.4
3.073800 139041.6
3.085702 139174.4
3.097428 138490.4
3.112898 137412.0
3.124743 138358.0
3.136501 139060.8
3.148326 138908.8
3.160040 139327.2
3.171755 139593.6
3.183518 139726.8
3.195284 139440.0
3.206995 139860.0
3.218709 139041.6
3.230517 139174.4
3.242456 138908.8
3.254196 139726.8
3.266124 137940.0
3.278107 138755.2
3.289912 138072.0
3.301806 139174.4
3.313556 138908.8
3.325519 136579.2
3.337315 136074.4
3.349148 136054.4
3.360878 135529.6
3.372782 136469.2
3.384519 135529.6
3.396323 136054.4
3.408206 135792.0
3.419933 135508.8
3.431643 135529.6
3.443424 135508.8
3.455153 135923.2
3.466934 135116.4
3.479933 133900.0
3.491701 135116.4
3.503427 136620.0
3.515211 135004.8
3.527023 135660.8
3.538751 135267.2
3.550531 136054.4
3.564206 133900.0
3.576043 136054.4
3.587845 133920.8
3.601274 134572.8
3.613288 136995.6
3.625065 135004.8
3.636839 135639.6
3.648557 135247.2
3.663106 135094.4
3.674939 135529.6
3.686767 135508.8
3.698527 135679.6
3.710327 136206.0
3.722090 135792.0
3.734183 135660.8
3.745991 136092.0
3.768205 135247.2
3.779982 136054.4
3.791743 136620.0
3.803536 135660.8
3.815274 135792.0
3.827372 135267.2
3.839124 135529.6
3.850844 135267.2
3.862807 136224.0
3.874532 135398.4
3.886425 134854.8
3.898202 136206.0
3.911861 136206.0
3.926111 136732.4
3.944783 137431.2
3.956646 135247.2
3.968316 135811.2
3.980047 136054.4
3.991765 136206.0
4.003487 135508.8
4.015216 135529.6
4.026994 135378.0
4.038798 135529.6
4.050593 135247.2
4.062701 132860.0
4.074878 133228.8
4.087082 132860.0
4.099255 132990.0
4.112068 133790.4
4.125557 133358.4
4.137640 133488.0
4.149803 133380.0
4.161867 133510.0
4.173925 133228.8
4.186173 134181.6
4.198399 134181.6
4.210462 132430.0
4.222342 135116.4
4.236831 135247.2
4.248914 134593.2
4.260942 133747.2
4.273654 133640.0
4.285686 133228.8
4.297764 132710.4
4.309694 134312.0
4.321569 132969.6
4.333680 133380.0
4.345527 132990.0
4.357698 134160.0
4.369637 132990.0
4.381796 133228.8
4.393711 133770.0
4.405683 133790.4
4.420739 133747.2
4.432766 133399.2
4.444753 133099.2
4.456660 133250.0
4.468710 133617.6
4.480631 133250.0
4.492783 134442.4
4.506738 133900.0
4.519305 134833.6
4.531590 134462.4
4.543891 133900.0
4.556729 133510.0
4.568665 132710.4
4.580705 133900.0
4.592683 133640.0
4.605086 134030.0
4.616990 133920.8
4.628987 134051.2
4.644524 133770.0
4.656455 133640.0
4.668458 132580.8
4.680323 134181.6
4.693990 132860.0
4.705902 134703.2
4.720979 133920.8
4.733048 133770.0
4.744945 134442.4
4.756968 133380.0
4.768847 133640.0
4.780782 133770.0
4.792783 134312.0
4.804749 133510.0
4.816823 136864.0
4.828766 138358.0
4.840618 137390.4
4.852759 136752.0
4.864680 136995.6
4.876787 137258.8
4.888673 137280.0
4.923237 136995.6
4.935261 136752.0
4.947348 137412.0
4.959307 137676.0
4.971325 137431.2
4.983204 135792.0
4.995217 137258.8
5.007121 137127.2
5.019070 137016.0
5.031080 136054.4
5.043105 137127.2
5.055060 136600.8
5.066961 136469.2
5.079167 138093.2
5.091092 137808.0
5.103049 136884.0
5.114973 137258.8
5.126957 137258.8
5.138795 137258.8
5.150688 137676.0
5.162725 137166.4
5.175760 136995.6
5.187657 136337.6
5.200889 137127.2
5.212846 139174.4
5.224582 139307.2
5.236449 139174.4
5.248201 139020.0
5.259851 138490.4
5.273500 137522.0
5.295912 138358.0
5.307677 138358.0
5.319420 138225.6
5.331308 138358.0
5.343126 138622.8
5.354842 136995.6
5.366713 137828.4
5.378634 138490.4
5.390515 139174.4
5.402309 139593.6
5.414314 138093.2
5.426214 138072.0
5.438113 138622.8
5.449837 137960.8
5.461723 139440.0
5.473501 137127.2
5.488705 137676.0
5.500681 137940.0
5.519929 137653.6
5.538933 137522.0
5.559540 138225.6
5.571496 138072.0
5.590754 137104.0
5.609829 137104.0
5.628951 137808.0
5.640749 137544.0
5.657120 137258.8
5.669037 137390.4
5.696581 137676.0
5.708832 137390.4
5.727902 137522.0
5.739707 136841.6
5.755619 137676.0
5.767462 137544.0
5.779378 137127.2
5.799295 138093.2
5.811317 137940.0
5.830775 137390.4
5.855562 136995.6
5.867532 137808.0
5.879321 137390.4
5.891293 137940.0
5.912643 137522.0
5.940885 138490.4
5.958099 137258.8
5.970055 137016.0
5.982049 136732.4
6.000870 137148.0
6.018755 137544.0
6.030768 136972.8
6.050240 136424.4
6.083279 136316.8
6.095237 136600.8
6.107542 136448.0
6.119917 136995.6
6.132095 136579.2
6.144351 136864.0
6.156611 136864.0
6.168695 136884.0
6.180894 137390.4
6.192847 137412.0
6.204835 136732.4
6.216731 136864.0
6.228734 137808.0
6.240646 137676.0
6.252827 137522.0
6.264681 137127.2
6.276735 137127.2
6.288648 136600.8
6.300679 137127.2
6.323456 136600.8
6.335457 137258.8
6.347461 137412.0
6.359461 137828.4
6.371473 137258.8
6.383589 137280.0
6.395540 136884.0
6.407455 136600.8
6.419463 137808.0
6.431439 136995.6
6.443474 136864.0
6.455381 137412.0
6.467349 137808.0
6.479331 138358.0
6.496764 137808.0
6.508719 137940.0
6.527891 137127.2
6.539741 137916.8
6.556986 137808.0
6.568832 136841.6
6.580763 137653.6
6.602068 137235.2
6.621238 137940.0
6.639646 137390.4
6.651606 137544.0
6.672594 137808.0
6.688954 138358.0
6.700862 137127.2
6.717147 137808.0
6.728990 138225.6
6.748816 137522.0
6.767660 137544.0
6.779600 136732.4
6.791378 137653.6
6.807885 137104.0
6.826997 136710.4
6.838832 137544.0
6.852331 137940.0
6.870745 138204.0
6.889805 137235.2
6.909018 137676.0
6.927420 137676.0
6.939373 137544.0
6.951210 137412.0
6.963137 137127.2
6.983071 137258.8
6.998574 136600.8
7.010514 137258.8
7.022724 136864.0
7.034640 136600.8
7.046568 136448.0
7.058454 136972.8
7.070439 137676.0
7.082540 136841.6
7.099521 136995.6
7.111471 136972.8
7.130824 137390.4
7.147126 137298.8
7.159246 137522.0
7.178919 137522.0
7.197238 136864.0
7.209096 137127.2
7.221011 137676.0
7.243972 137808.0
7.257837 137127.2
7.277537 136864.0
7.292487 137127.2
7.304956 137258.8
7.316942 136995.6
7.328845 136864.0
7.342927 137808.0
7.354794 136841.6
7.366857 136488.0
7.379295 137280.0
7.391316 136864.0
7.403156 137412.0
7.415173 137390.4
7.427027 137412.0
7.438972 137431.2
7.451013 136995.6
7.462842 137127.2
7.476461 136054.4
7.488404 137676.0
7.500224 137280.0
7.512104 137544.0
7.524200 136469.2
7.536502 136995.6
7.549292 136448.0
7.561240 138204.0
7.573232 136995.6
7.585217 135923.2
7.597252 136710.4
7.609167 137258.8
7.622861 137544.0
7.634891 136054.4
7.646904 136732.4
7.658833 137258.8
7.670775 138225.6
7.682842 136469.2
7.694891 137544.0
7.713365 136032.0
7.725328 136864.0
7.737232 137016.0
7.749315 137412.0
7.761204 137390.4
7.773357 137016.0
7.785387 136710.4
7.797288 137127.2
7.809249 137280.0
7.821264 136732.4
7.833145 136732.4
7.845217 138358.0
7.857047 137808.0
7.868981 137828.4
7.880817 137431.2
7.892843 137127.2
7.904667 137390.4
7.916609 137390.4
7.937676 136995.6
7.956988 136864.0
7.968987 137544.0
7.981020 137940.0
7.998800 136469.2
8.010756 137127.2
8.031928 137127.2
8.050947 137390.4
8.083077 136995.6
8.095043 136316.8
8.107187 136864.0
8.119587 136864.0
8.131906 136448.0
8.144084 136864.0
8.156250 136995.6
8.168239 137676.0
8.180125 137676.0
8.192030 137960.8
8.203925 136884.0
8.215846 136732.4
8.227818 137522.0
8.239734 137676.0
8.251725 137016.0
8.263611 136884.0
8.278359 137390.4
8.290224 137127.2
8.309390 137390.4
8.327772 137544.0
8.339812 137127.2
8.358931 137127.2
8.377984 138204.0
8.390096 137148.0
8.408373 137280.0
8.420227 137280.0
8.432100 136972.8
8.462538 137808.0
8.480570 137676.0
8.498861 137280.0
8.510769 137127.2
8.530099 137522.0
8.549020 137808.0
8.568970 137828.4
8.580976 137258.8
8.600218 137258.8
8.619271 137522.0
8.638786 137808.0
8.650762 137808.0
8.672880 137940.0
8.688825 137676.0
8.701478 136864.0
8.714199 136841.6
8.726297 137280.0
8.738167 137676.0
8.758945 137785.2
8.778875 137390.4
8.790859 137390.4
8.810161 137940.0
8.829404 137522.0
8.848805 138093.2
8.860770 137127.2
8.876871 137808.0
8.888669 138072.0
8.907986 136732.4
8.919807 136864.0
8.931810 137676.0
8.948215 137653.6
8.967041 137127.2
8.978947 138225.6
8.999607 137280.0
9.011635 137522.0
9.030694 137127.2
9.049759 137940.0
9.068419 136864.0
9.080276 137016.0
9.092142 137390.4
9.118909 137544.0
9.136585 136864.0
9.148441 138072.0
9.167481 137016.0
9.179331 137676.0
9.198705 138225.6
9.210697 138093.2
9.233271 137676.0
9.246832 136864.0
9.258810 137258.8
9.270823 137808.0
9.292707 136864.0
9.308485 137544.0
9.320985 136972.8
9.338468 137522.0
9.357524 137016.0
9.369453 137412.0
9.388860 137127.2
9.400781 138377.6
9.421204 137127.2
9.439831 137808.0
9.451885 137258.8
9.470035 137127.2
9.489041 137808.0
9.506906 137828.4
9.518830 136732.4
9.530739 137390.4
9.552946 137412.0
9.568796 137808.0
9.580625 137522.0
9.598672 137148.0
9.610600 137104.0
9.632694 137544.0
9.648903 137522.0
9.660819 138072.0
9.678814 136710.4
9.690728 137390.4
9.712747 137148.0
9.728860 137808.0
9.740836 137522.0
9.758854 137258.8
9.770722 136972.8
9.792793 136600.8
9.808865 138225.6
9.820846 137940.0
9.836965 137258.8
9.848816 137940.0
9.868225 137522.0
9.887376 137808.0
9.899256 137258.8
9.911085 137676.0
9.927579 138225.6
9.946711 137431.2
9.958802 137390.4
9.972472 137522.0
9.990812 137522.0
10.010534 137127.2
10.023144 136864.0
10.037024 137412.0
10.048892 136732.4
10.060995 137235.2
10.073212 135792.0
10.085468 136600.8
10.097639 136579.2
10.110073 137016.0
10.121986 137544.0
10.134010 136864.0
10.146066 135792.0
10.158359 137127.2
10.184739 135792.0
10.196684 136995.6
10.208526 137127.2
10.220429 136864.0
10.232710 136864.0
10.244471 137127.2
10.256487 137258.8
10.268399 136579.2
10.280356 136884.0
10.292508 136864.0
10.304613 137258.8
10.321258 136732.4
10.333814 137127.2
10.345802 137544.0
10.357952 137258.8
10.369851 137280.0
10.382719 135923.2
10.394700 137390.4
10.408115 136600.8
10.420101 136337.6
10.431999 136448.0
10.444110 136995.6
10.456084 136054.4
10.468204 137127.2
10.480137 136864.0
10.492105 136600.8
10.504180 136995.6
10.516117 136995.6
10.528046 137127.2
10.540010 136884.0
10.551930 136579.2
10.563927 138093.2
10.575778 138225.6
10.587878 136316.8
10.599832 137127.2
10.611806 137828.4
10.623863 137016.0
10.636480 137544.0
10.663447 137127.2
10.675374 136600.8
10.687654 136995.6
10.699816 136732.4
10.711772 136732.4
10.723810 137808.0
10.735904 136469.2
10.747979 137258.8
10.759939 137676.0
10.771992 136752.0
10.788064 137940.0
10.800161 137696.0
10.812025 136752.0
10.823833 137280.0
10.835853 137544.0
10.847725 137940.0
10.859609 137390.4
10.871520 137412.0
10.883467 137258.8
10.897064 137127.2
10.912370 136600.8
10.928588 137544.0
10.940451 137940.0
10.959471 137940.0
10.978127 137940.0
10.990238 137940.0
11.019278 136995.6
11.037949 137808.0
11.049786 137785.2
11.065096 136864.0
11.077733 137258.8
11.089635 137258.8
11.101480 138225.6
11.113432 136600.8
11.125447 136448.0
11.137321 136995.6
11.149351 138093.2
11.161166 138072.0
11.173264 136448.0
11.185145 136995.6
11.197167 136995.6
11.209209 137390.4
11.222028 137544.0
11.234030 137016.0
11.252984 135508.8
11.264786 135094.4
11.276559 133694.4
11.288439 137808.0
11.300591 137676.0
11.312560 137940.0
11.324345 138072.0
11.336201 136600.8
11.348143 136732.4
11.360011 138112.0
11.372056 137390.4
11.384092 137390.4
11.396019 137563.6
11.409620 137828.4
11.422000 137412.0
11.433942 136732.4
11.445785 136448.0
11.457615 134873.6
11.469539 135094.4
11.481462 136600.8
11.493607 137280.0
11.505527 134181.6
11.517596 135094.4
11.529570 136206.0
11.541614 134964.0
11.553471 135923.2
11.565384 135639.6
11.577225 136185.6
11.589159 135770.4
11.601020 135770.4
11.612884 138358.0
11.624719 136864.0
11.636621 137960.8
11.648489 136864.0
11.660469 137127.2
11.672827 137016.0
11.684757 137522.0
11.696618 137390.4
11.709539 137390.4
11.726569 135923.2
11.738452 137676.0
11.750497 136995.6
11.762513 135267.2
11.774635 136054.4
11.786695 134030.0
11.798681 134593.2
11.810731 136555.2
11.824370 137258.8
11.838706 135116.4
11.850546 136579.2
11.862632 133099.2
11.874410 137676.0
11.886378 138093.2
11.898323 137298.8
11.910432 137522.0
11.922424 137960.8
11.953355 137280.0
11.965230 136864.0
11.977087 137127.2
11.989022 136995.6
12.000983 137940.0
12.012940 137960.8
12.024822 133099.2
12.036819 134703.2
12.048824 134964.0
12.060896 135548.0
12.072878 136864.0
12.085090 134680.0
12.097200 136448.0
12.109678 137258.8
12.124127 137127.2
