------ record starts ---- 
1.50203704834e-05
141576.0
0.00126504898071
142810.8
0.00244212150574
143366.4
0.0036449432373
142674.4
0.00484108924866
142674.4
0.00603795051575
143092.8
0.00722408294678
143092.8
0.00839710235596
142947.2
0.0095751285553
142674.4
0.0107619762421
142674.4
0.0119731426239
142538.0
0.013158082962
142674.4
0.0143520832062
142674.4
0.0155410766602
143366.4
0.0167150497437
142674.4
0.0178890228271
143229.6
0.019070148468
143092.8
0.0202541351318
143229.6
0.0214450359344
143366.4
0.0226249694824
143229.6
0.0238151550293
142810.8
0.0249869823456
142674.4
0.0261600017548
143229.6
0.0273380279541
142947.2
0.0285761356354
142392.0
0.0297520160675
142810.8
0.0309481620789
142674.4
0.0321230888367
142810.8
0.033301115036
143503.2
0.0344970226288
143229.6
0.0356841087341
143229.6
0.0368721485138
143229.6
0.0380411148071
143092.8
0.0392220020294
142947.2
0.0403950214386
142810.8
0.0415680408478
143092.8
0.0427451133728
142674.4
0.0439851284027
142120.0
0.0451760292053
143229.6
0.046352148056
142674.4
0.0475289821625
142810.8
0.0487051010132
142810.8
0.0498790740967
142674.4
0.0510561466217
143503.2
0.0522470474243
142810.8
0.0534479618073
143092.8
0.054633140564
142674.4
0.0558121204376
142956.0
0.0569920539856
142947.2
0.0581619739532
142810.8
0.0593359470367
142256.0
0.0605471134186
142674.4
0.0617289543152
142538.0
0.0629019737244
142256.0
0.0641350746155
143229.6
0.0653100013733
142256.0
0.0664880275726
142810.8
0.0676720142365
143092.8
0.0688569545746
142674.4
0.0700359344482
143229.6
0.0712070465088
142674.4
0.0723791122437
142674.4
0.0735850334167
142538.0
0.0747771263123
142956.0
0.075991153717
142810.8
0.0771811008453
142674.4
0.0783591270447
142538.0
0.0795340538025
142538.0
0.080705165863
142538.0
0.0818719863892
142947.2
0.083044052124
143092.8
0.084233045578
142956.0
0.0854070186615
142674.4
0.0865769386292
142682.4
0.0879549980164
141984.0
0.0891561508179
142674.4
0.0903379917145
142810.8
0.0915160179138
142538.0
0.0927319526672
142120.0
0.0939340591431
142120.0
0.0951080322266
142256.0
0.0962729454041
142810.8
0.0974400043488
142674.4
0.0986020565033
143092.8
0.100028038025
141848.0
0.101583957672
142392.0
0.102779150009
143092.8
0.103984117508
142674.4
0.105177164078
142538.0
0.106362104416
142538.0
0.10754609108
142956.0
0.10874414444
143229.6
0.109931945801
142538.0
0.111104011536
142538.0
0.112285137177
142538.0
0.113456010818
142538.0
0.114693164825
142528.0
0.115865945816
142674.4
0.117048025131
142674.4
0.118226051331
142674.4
0.11940407753
142538.0
0.120584011078
142810.8
0.121752977371
142538.0
0.122924089432
142956.0
0.124171972275
142956.0
0.125358104706
142674.4
0.126538038254
142392.0
0.127715110779
142256.0
0.128884077072
143092.8
0.130059957504
142674.4
0.131232023239
142674.4
0.13241314888
142947.2
0.133605003357
142810.8
0.134778022766
143092.8
0.135950088501
142674.4
0.137122154236
142674.4
0.138297080994
142810.8
0.139481067657
142674.4
0.140697002411
142401.6
0.141891956329
142956.0
0.143070936203
142120.0
0.14426112175
142674.4
0.145441055298
142674.4
0.146615028381
142956.0
0.147784948349
142538.0
0.148972988129
142810.8
0.150150060654
143083.6
0.151317119598
142810.8
0.152486085892
142674.4
0.153672933578
142538.0
0.154853105545
142674.4
0.156047105789
142810.8
0.157262086868
142810.8
0.158442974091
142810.8
0.15962100029
142674.4
0.160803079605
142956.0
0.161983013153
142810.8
0.163155078888
142810.8
0.164361000061
142674.4
0.165544986725
143092.8
0.166718006134
143092.8
0.167884111404
143503.2
0.169054031372
143229.6
0.170233011246
143092.8
0.171404123306
143092.8
0.172613143921
142538.0
0.173804998398
143229.6
0.174981117249
142674.4
0.176156997681
143092.8
0.177335977554
143092.8
0.178517103195
142956.0
0.179692983627
142392.0
0.180874109268
142810.8
0.182048082352
143229.6
0.183225154877
143092.8
0.184411048889
143092.8
0.185580968857
142947.2
0.18674993515
142674.4
0.187917947769
142401.6
0.189177036285
142120.0
0.190365076065
142538.0
0.191540002823
143229.6
0.192718982697
142810.8
0.193911075592
143092.8
0.195070028305
143092.8
0.196241140366
142538.0
0.197400093079
142810.8
0.198553085327
142810.8
0.199708938599
143229.6
0.200860023499
142674.4
0.202016115189
143503.2
0.203171014786
143092.8
0.204364061356
142674.4
0.205554008484
142674.4
0.206736087799
142956.0
0.207913160324
142810.8
0.209100008011
142810.8
0.210273981094
143092.8
0.211477041245
142674.4
0.212707042694
142674.4
0.21389913559
142256.0
0.215069055557
142947.2
0.216233968735
142810.8
0.21738409996
142810.8
0.218539953232
142674.4
0.219696044922
142810.8
0.220863103867
142810.8
0.222018957138
143092.8
0.223173141479
142538.0
0.224411010742
142256.0
0.225602149963
142947.2
0.226781129837
142674.4
0.227993011475
142674.4
0.229182004929
142674.4
0.23036813736
142956.0
0.231539011002
142947.2
0.232715129852
142810.8
0.233905076981
142810.8
0.235074996948
142810.8
0.236259937286
142538.0
0.237450122833
142810.8
0.238628149033
142392.0
0.239802122116
142256.0
0.24099111557
142674.4
0.242164134979
142674.4
0.243340015411
142947.2
0.244534015656
142810.8
0.245717048645
142674.4
0.24689912796
142674.4
0.248072147369
142538.0
0.249257087708
142947.2
0.250429153442
143229.6
0.251613140106
143092.8
0.252805948257
143092.8
0.254001140594
142538.0
0.255180120468
142947.2
0.256361961365
142674.4
0.257542133331
142674.4
0.258716106415
142674.4
0.259894132614
142401.6
0.261090040207
142810.8
0.262267112732
142392.0
0.263453006744
142674.4
0.26464009285
142810.8
0.265825986862
143092.8
0.267009019852
143366.4
0.268198013306
142947.2
0.269382953644
143092.8
0.270555973053
143092.8
0.271733045578
142674.4
0.272907018661
142810.8
0.274122953415
142392.0
0.275308132172
142538.0
0.276499032974
142674.4
0.277681112289
142538.0
0.278865098953
142674.4
0.280037164688
142528.0
0.281211137772
142674.4
0.282386064529
143229.6
0.283570051193
142674.4
0.284765005112
143229.6
0.285942077637
142947.2
0.287112951279
142674.4
0.288295984268
142538.0
0.289482116699
142674.4
0.290657043457
142674.4
0.291841983795
142810.8
0.293035984039
142674.4
0.294229984283
143092.8
0.29541516304
142674.4
0.296595096588
142674.4
0.297764062881
143366.4
0.298938035965
143366.4
0.300151109695
142674.4
0.301337003708
143229.6
0.302515029907
142674.4
0.303712129593
142810.8
0.304885149002
142810.8
0.306058168411
142674.4
0.307238101959
143092.8
0.308429002762
142401.6
0.309626102448
143083.6
0.310805082321
143229.6
0.311982154846
142674.4
0.31318116188
142538.0
0.314387083054
142674.4
0.315567016602
143229.6
0.316755056381
142947.2
0.317926168442
142947.2
0.319105148315
143229.6
0.320278167725
142956.0
0.321458101273
142810.8
0.322637081146
142674.4
0.323824167252
143229.6
0.325027942657
143092.8
0.32621216774
142120.0
0.327389001846
142810.8
0.328565120697
142810.8
0.329746007919
142674.4
0.330937147141
142674.4
0.332158088684
142810.8
0.333340167999
142810.8
0.334531068802
142947.2
0.335708141327
143092.8
0.336886167526
142674.4
0.338058948517
142674.4
0.339241027832
143092.8
0.340428113937
142947.2
0.341609954834
143229.6
0.342782974243
142674.4
0.343971967697
142538.0
0.345152139664
143092.8
0.346334934235
142810.8
0.347506999969
142538.0
0.348722934723
142674.4
0.349900960922
143092.8
0.351077079773
142810.8
0.352251052856
143083.6
0.353424072266
143092.8
0.354617118835
142538.0
0.355803966522
142538.0
0.356997013092
142538.0
0.358173131943
142947.2
0.359354972839
142392.0
0.360533952713
143092.8
0.361720085144
142956.0
0.362897157669
142956.0
0.364153146744
142674.4
0.365343093872
143083.6
0.366518974304
142810.8
0.367697000504
142674.4
0.368875980377
142674.4
0.370052099228
142810.8
0.371232032776
142947.2
0.372414112091
142810.8
0.373608112335
142674.4
0.374783039093
142674.4
0.375961065292
142947.2
0.377134084702
142810.8
0.378316164017
142810.8
0.379491090775
143092.8
0.380717039108
142538.0
0.381898164749
142674.4
0.38307595253
143220.0
0.3842689991
142810.8
0.38544511795
143229.6
0.386621952057
142674.4
0.387799024582
142120.0
0.388985157013
142810.8
0.390161037445
143092.8
0.391344070435
143092.8
0.392522096634
142674.4
0.393713951111
142674.4
0.394895076752
142947.2
0.396073102951
143092.8
0.397279977798
142538.0
0.39847612381
142674.4
0.399655103683
142674.4
0.400825023651
143366.4
0.401994943619
142810.8
0.403187036514
143092.8
0.404392004013
142674.4
0.405576944351
142674.4
0.406760931015
142810.8
0.407937049866
142538.0
0.409117937088
142538.0
0.410289049149
142674.4
0.411463975906
142538.0
0.41264796257
142528.0
0.413843154907
142810.8
0.415024995804
142538.0
0.416202068329
142674.4
0.417376041412
142674.4
0.418550014496
143083.6
0.41973400116
142674.4
0.420951128006
142674.4
0.422134160995
142956.0
0.423311948776
142674.4
0.424504995346
142947.2
0.425685167313
142674.4
0.426864147186
142674.4
0.428071975708
142538.0
0.429291963577
142674.4
0.430470943451
142538.0
0.431650161743
142947.2
0.432820081711
142674.4
0.434011936188
143092.8
0.435199022293
143092.8
0.436385154724
142674.4
0.437571048737
142810.8
0.438748121262
143092.8
0.43992805481
142674.4
0.441102027893
142538.0
0.442278146744
142674.4
0.443453073502
142947.2
0.444709062576
142256.0
0.44589304924
142810.8
0.447069168091
143229.6
0.448249101639
142538.0
0.449427127838
142947.2
0.450596094131
142810.8
0.451774120331
142810.8
0.45295715332
142810.8
0.454149961472
142538.0
0.455328941345
142947.2
0.456513166428
143229.6
0.457698106766
143092.8
0.458878993988
142810.8
0.460075139999
142538.0
0.461290121078
142810.8
0.462470054626
142947.2
0.463657140732
142674.4
0.464828014374
142810.8
0.465995073318
143092.8
0.467149019241
143503.2
0.468317985535
142947.2
0.469480037689
143092.8
0.470641136169
142674.4
0.471807003021
142810.8
0.472963094711
142810.8
0.474164009094
142810.8
0.475338935852
142674.4
0.476526021957
142538.0
0.477709054947
143092.8
0.478888988495
143366.4
0.480067968369
142674.4
0.481250047684
142810.8
0.482427120209
143092.8
0.483611106873
143229.6
0.484799146652
143640.0
0.485978126526
143092.8
0.487156152725
142674.4
0.488343000412
143092.8
0.489520072937
143229.6
0.490699052811
142947.2
0.491888046265
143092.8
0.493072986603
143092.8
0.494271039963
142674.4
0.495447158813
142810.8
0.496627092361
142947.2
0.497805118561
143092.8
0.498980045319
143229.6
0.500189065933
143229.6
0.501374959946
142810.8
0.502546072006
143503.2
0.50374007225
142810.8
0.50491809845
142810.8
0.506087064743
142674.4
0.507266044617
142674.4
0.508460044861
143229.6
0.509647130966
142819.2
0.510827064514
141984.0
0.512006998062
142538.0
0.513180017471
142538.0
0.514373064041
142392.0
0.515552043915
142674.4
0.51676607132
142674.4
0.517946004868
142956.0
0.519132137299
142538.0
0.520311117172
142256.0
0.521485090256
142538.0
0.522663116455
142538.0
0.523853063583
142401.6
0.525048971176
141984.0
0.526226997375
142674.4
0.527400970459
142538.0
0.528576135635
142538.0
0.529756069183
142674.4
0.530925035477
142401.6
0.532138109207
142674.4
0.533326148987
142674.4
0.534516096115
142674.4
0.535686969757
142674.4
0.536862134933
142538.0
0.538040161133
142810.8
0.539215087891
142674.4
0.540404081345
142538.0
0.541589975357
142120.0
0.542768001556
142819.2
0.543960094452
142674.4
0.545149087906
142674.4
0.546324014664
142538.0
0.547507047653
142538.0
0.548728942871
142401.6
0.549908161163
142674.4
0.55107998848
143229.6
0.552260160446
142538.0
0.55343413353
142401.6
0.554617166519
142401.6
0.555794000626
142538.0
0.556982040405
142256.0
0.558165073395
142819.2
0.559340000153
142120.0
0.560528039932
142538.0
0.561700105667
142538.0
0.562878131866
142674.4
0.564085960388
142120.0
0.565300941467
142120.0
0.566478967667
142674.4
0.567651033401
142538.0
0.568825960159
142810.8
0.5700070858
142538.0
0.571181058884
142538.0
0.572396039963
142819.2
0.573595046997
141984.0
0.574774026871
142810.8
0.575958013535
142538.0
0.577136993408
142538.0
0.578320026398
142401.6
0.579493045807
142401.6
0.580681085587
142674.4
0.581870079041
142256.0
0.58304810524
142674.4
0.584237098694
142956.0
0.585415124893
142538.0
0.586626052856
142256.0
0.58783698082
142256.0
0.589040994644
142120.0
0.590217113495
142538.0
0.591398954391
142956.0
0.592571973801
142120.0
0.593760967255
142256.0
0.594938993454
142538.0
0.596158027649
141984.0
0.597345113754
142538.0
0.598531961441
141984.0
0.599713087082
142947.2
0.60089302063
142674.4
0.602065086365
142256.0
0.603244066238
142674.4
0.604447126389
142265.2
0.605631113052
142810.8
0.606801986694
142120.0
0.607987165451
142956.0
0.609168052673
142120.0
0.610347986221
141984.0
0.611534118652
142392.0
0.61275601387
142674.4
0.61394906044
142538.0
0.61513209343
142538.0
0.616307020187
142538.0
0.617481946945
143092.8
0.618665933609
142674.4
0.619848966599
142819.2
0.62104010582
142538.0
0.622218132019
142401.6
0.623399972916
142401.6
0.624583959579
142674.4
0.62576007843
142538.0
0.626934051514
142120.0
0.628150939941
142401.6
0.629333019257
142538.0
0.630506038666
142256.0
0.631685018539
142120.0
0.632863044739
142538.0
0.634047031403
142538.0
0.63522195816
143092.8
0.636407136917
142810.8
0.637587070465
142538.0
0.638770103455
142538.0
0.639946937561
141984.0
0.641121149063
142120.0
0.642298936844
142810.8
0.643476009369
142120.0
0.64471912384
142401.6
0.645884037018
142538.0
0.647042036057
142956.0
0.648200035095
142674.4
0.649353027344
142674.4
0.650510072708
142674.4
0.651664018631
142538.0
0.652827978134
143092.8
0.65401506424
141984.0
0.655212163925
142120.0
0.656394958496
142120.0
0.657577037811
142401.6
0.658754110336
142810.8
0.659927129745
142120.0
0.661119937897
142401.6
0.662297010422
142120.0
0.663479089737
142401.6
0.664711952209
142810.8
0.66589307785
142256.0
0.667068004608
143092.8
0.668256044388
142120.0
0.669433116913
142538.0
0.670609951019
142674.4
0.671782016754
142538.0
0.672960996628
142956.0
0.674154996872
142538.0
0.675336122513
141984.0
0.676525115967
142674.4
0.677708148956
142538.0
0.678893089294
142538.0
0.680070161819
142538.0
0.681246042252
142401.6
0.682420969009
142256.0
0.683606147766
142538.0
0.684792995453
142674.4
0.685966968536
143092.8
0.687147140503
142401.6
0.688316106796
142256.0
0.689496994019
142674.4
0.690680027008
142538.0
0.691877126694
142401.6
0.69306397438
141984.0
0.694256067276
143092.8
0.695430994034
142256.0
0.696614980698
142674.4
0.697793960571
142538.0
0.698967933655
142401.6
0.700175046921
142256.0
0.701367139816
142392.0
0.7025411129
142674.4
0.703725099564
142538.0
0.704905986786
142538.0
0.706079006195
142674.4
0.707257032394
142256.0
0.708440065384
142401.6
0.709628105164
142120.0
0.710806131363
142401.6
0.711984157562
142120.0
0.713160037994
142256.0
0.714345932007
142538.0
0.715506076813
142256.0
0.716674089432
142956.0
0.717834949493
143229.6
0.718991994858
143229.6
0.720147132874
142538.0
0.721298933029
142401.6
0.722456932068
142674.4
0.723633050919
142538.0
0.724828004837
142538.0
0.726006984711
142674.4
0.727192163467
141984.0
0.72838306427
142674.4
0.729562997818
142810.8
0.730745077133
142538.0
0.731919050217
142538.0
0.733108043671
142120.0
0.734302043915
142674.4
0.735476970673
142674.4
0.736655950546
142538.0
0.737837076187
142120.0
0.739021062851
142401.6
0.740226984024
141848.0
0.741412162781
142674.4
0.742594003677
142538.0
0.743781089783
142538.0
0.744956016541
142538.0
0.746129989624
142538.0
0.747308015823
142674.4
0.748497962952
142538.0
0.749681949615
142538.0
0.750869035721
142538.0
0.75204706192
142674.4
0.753220081329
142674.4
0.754415035248
142401.6
0.755587100983
142538.0
0.756791114807
142538.0
0.757970094681
141984.0
0.759145975113
142810.8
0.760321140289
142256.0
0.761499166489
142120.0
0.76268196106
142401.6
0.763877153397
141984.0
0.765077114105
142392.0
0.766253948212
142674.4
0.767429113388
142674.4
0.76859998703
142538.0
0.769778966904
142538.0
0.77095413208
142674.4
0.772166013718
142538.0
0.773350000381
141984.0
0.774538993835
142401.6
0.775719165802
142538.0
0.776893138885
142810.8
0.778064012527
142538.0
0.779236078262
142538.0
0.780423164368
141984.0
0.7815990448
142538.0
0.782776117325
142810.8
0.783959150314
142538.0
0.785135984421
142674.4
0.786309957504
142538.0
0.787490129471
142401.6
0.788684129715
142674.4
0.789860010147
141984.0
0.791042089462
142120.0
0.792212963104
142401.6
0.793390035629
142401.6
0.794574975967
142256.0
0.795747041702
142538.0
0.796936035156
142538.0
0.798114061356
142538.0
0.799293041229
142674.4
0.800466060638
142674.4
0.801645994186
143092.8
0.802818059921
142674.4
0.804044008255
141984.0
0.805230140686
142120.0
0.806411981583
142674.4
0.807589054108
142401.6
0.808761119843
142401.6
0.809940099716
141984.0
0.811115026474
141984.0
0.812298059464
142120.0
0.813524961472
142538.0
0.814702033997
142401.6
0.815879106522
142674.4
0.817050933838
142538.0
0.818226099014
142810.8
0.819406986237
142401.6
0.820593118668
141984.0
0.821774959564
142538.0
0.822950124741
141984.0
0.824142932892
142674.4
0.825314998627
142538.0
0.826491117477
142120.0
0.827670097351
141984.0
0.828864097595
142538.0
0.830045938492
142810.8
0.831218004227
142120.0
0.832396030426
142401.6
0.83358001709
142538.0
0.83476805687
142538.0
0.835943937302
142810.8
0.837134122849
142120.0
0.838326931
142401.6
0.839507102966
142401.6
0.840688943863
142401.6
0.841871976852
142674.4
0.843054056168
142538.0
0.844259977341
142265.2
0.845440149307
142538.0
0.846619129181
142401.6
0.847795009613
142256.0
0.849040985107
142810.8
0.850234031677
142810.8
0.851408004761
143092.8
0.852590084076
142538.0
0.85378909111
142401.6
0.854961156845
142810.8
0.856136083603
142538.0
0.857313156128
142538.0
0.85849905014
142538.0
0.859681129456
142120.0
0.860872030258
142256.0
0.862048149109
142120.0
0.86322593689
142120.0
0.864413976669
142538.0
0.865592002869
142674.4
0.866769075394
142810.8
0.867944955826
142256.0
0.869130134583
142956.0
0.87031006813
142538.0
0.871487140656
142674.4
0.872660160065
142674.4
0.873852968216
142538.0
0.875044107437
142538.0
0.876242160797
142401.6
0.877421140671
142120.0
0.878605127335
143092.8
0.879780054092
142120.0
0.880954027176
142538.0
0.88213300705
142401.6
0.883307933807
142674.4
0.884498119354
142810.8
0.885681152344
142674.4
0.886850118637
142674.4
0.888025045395
142401.6
0.88919711113
142674.4
0.890382051468
142256.0
0.891556978226
142956.0
0.89277100563
142538.0
0.8939640522
142401.6
0.8951420784
141984.0
0.896314144135
142120.0
0.897490978241
141712.0
0.89869594574
141848.0
0.89988899231
141984.0
0.901073932648
142120.0
0.902260065079
142810.8
0.903430938721
142956.0
0.904615163803
142538.0
0.905787944794
142120.0
0.906965017319
142256.0
0.908178091049
142256.0
0.909373044968
141848.0
0.910552978516
142538.0
0.911739110947
142538.0
0.912919044495
141984.0
0.91414308548
142538.0
0.915327072144
142674.4
0.916517972946
142120.0
0.91769695282
142538.0
0.918875932693
142538.0
0.920055150986
142674.4
0.921229124069
142674.4
0.922405004501
141984.0
0.92359495163
142538.0
0.92480802536
142401.6
0.925990104675
142401.6
0.927170038223
142674.4
0.928344011307
142538.0
0.92951798439
142538.0
0.930695056915
142401.6
0.931869983673
142538.0
0.93306016922
142810.8
0.934242010117
142538.0
0.9354159832
142538.0
0.936588048935
141984.0
0.93776512146
142120.0
0.938944101334
142674.4
0.940160036087
142120.0
0.941346168518
142538.0
0.942533016205
142538.0
0.943722963333
142401.6
0.944900989532
142674.4
0.946079015732
142538.0
0.947263002396
142538.0
0.94846200943
141984.0
0.949641942978
142538.0
0.950818061829
142810.8
0.951990127563
142956.0
0.953169107437
142538.0
0.95436000824
141984.0
0.955539941788
142401.6
0.956727981567
142674.4
0.957904100418
141984.0
0.95911693573
141712.0
0.960299968719
142401.6
0.961483001709
141984.0
0.962655067444
142256.0
0.963842153549
142538.0
0.96501493454
142401.6
0.966179132462
142538.0
0.96733212471
142538.0
0.968488931656
142538.0
0.969648122787
142538.0
0.970803022385
142819.2
0.9719581604
142401.6
0.973123073578
142538.0
0.974306106567
142538.0
0.97548699379
142538.0
0.976660966873
141984.0
0.977838039398
142538.0
0.979022979736
142674.4
0.980231046677
142538.0
0.981413125992
142401.6
0.982583045959
142265.2
0.983781099319
142401.6
0.984961986542
142674.4
0.986143112183
142538.0
0.987318992615
142401.6
0.98850107193
142401.6
0.989691972733
141848.0
0.990864992142
142810.8
0.992048978806
142401.6
0.993222951889
142401.6
0.994416952133
142538.0
0.995593070984
141984.0
0.996798992157
142674.4
0.997981071472
141984.0
0.999158143997
142401.6
1.00032711029
142538.0
1.00149703026
142538.0
1.00267195702
142810.8
1.00385713577
141984.0
1.00504803658
142401.6
1.00622010231
142120.0
1.00739097595
142538.0
1.00856208801
142810.8
1.00973916054
142674.4
1.01091098785
142538.0
1.01211309433
142674.4
1.01332616806
142538.0
1.01452207565
143229.6
1.01569509506
142674.4
1.01686906815
142956.0
1.01804304123
143092.8
1.0192129612
142674.4
1.02040600777
143092.8
1.02159309387
142120.0
1.0227701664
142538.0
1.02395796776
142674.4
1.02513003349
142538.0
1.02630901337
142392.0
1.0274810791
142538.0
1.02868914604
142401.6
1.02986311913
142538.0
1.03103709221
141984.0
1.03221702576
142392.0
1.03339600563
142120.0
1.03457713127
142674.4
1.03575205803
142538.0
1.03694009781
142401.6
1.03812503815
142810.8
1.03930711746
142538.0
1.04048299789
142538.0
1.0416560173
142956.0
1.04283213615
142401.6
1.04401397705
142256.0
1.04523515701
142674.4
1.04641604424
142120.0
1.04759693146
142538.0
1.04877400398
142401.6
1.04995012283
143366.4
1.05112409592
142256.0
1.05230808258
142538.0
1.05347704887
142674.4
1.05470705032
142401.6
1.05588412285
142256.0
1.05706596375
142538.0
1.05824708939
142120.0
1.05943202972
142538.0
1.06065416336
142401.6
1.06183695793
142401.6
1.06301307678
142674.4
1.06420493126
142120.0
1.06538701057
142401.6
1.06655907631
142401.6
1.06772708893
142538.0
1.06891512871
142674.4
1.07008600235
142538.0
1.07125616074
142538.0
1.07243895531
141984.0
1.07362008095
142120.0
1.07479906082
142120.0
1.07596993446
142538.0
1.07715916634
142401.6
1.07833909988
141848.0
1.07951807976
142674.4
1.08069515228
142120.0
1.08196902275
142401.6
1.08315706253
142538.0
1.08435201645
142120.0
1.08553910255
142819.2
1.08671593666
142392.0
1.08789300919
143229.6
1.08907008171
142674.4
1.09024405479
143092.8
1.09142112732
143229.6
1.09260296822
143083.6
1.09379506111
143229.6
1.0949780941
142392.0
1.09615397453
143229.6
1.09732103348
142674.4
1.09851098061
143640.0
1.09968400002
144060.0
1.10086202621
143776.8
1.10202908516
142819.2
1.10382699966
142401.6
1.10527014732
142810.8
1.10645508766
143366.4
1.1076259613
143083.6
1.10882806778
143229.6
1.11001014709
142810.8
1.11118912697
143229.6
1.11236405373
143366.4
1.11357903481
143083.6
1.114757061
142674.4
1.11594414711
143092.8
1.11712813377
142810.8
1.11830806732
143229.6
1.11947607994
143366.4
1.12064504623
142810.8
1.12182116508
142810.8
1.12299895287
143092.8
1.12422013283
142674.4
1.12540793419
143366.4
1.12658214569
142810.8
1.12776303291
142674.4
1.12894701958
142674.4
1.13011908531
142256.0
1.13129615784
143229.6
1.13249206543
142674.4
1.13368701935
142674.4
1.13486003876
142810.8
1.13603210449
142810.8
1.13720202446
143366.4
1.13837504387
142674.4
1.13954806328
142674.4
1.14073014259
142674.4
1.14191102982
142674.4
1.14308595657
142810.8
1.14427995682
141848.0
1.14545512199
141984.0
1.14663314819
141712.0
1.14781212807
142128.8
1.14901614189
141702.0
1.15019893646
141984.0
1.1513710022
142401.6
1.1525490284
141984.0
1.15373516083
141848.0
1.15491509438
141984.0
1.15612316132
142265.2
1.157310009
141848.0
1.15848612785
142265.2
1.15966701508
142265.2
1.16084814072
142120.0
1.16201996803
141848.0
1.16320014
142128.8
1.16439795494
141295.2
1.16558003426
141712.0
1.16675114632
142120.0
1.16792106628
141984.0
1.16910195351
141848.0
1.17027497292
141848.0
1.17145395279
141848.0
1.17267298698
142120.0
1.17385601997
141848.0
1.17503499985
141712.0
1.1762149334
141848.0
1.17739009857
141576.0
1.17856812477
141984.0
1.17974495888
141295.2
1.18093395233
141295.2
1.18210411072
142128.8
1.18327498436
141848.0
--- writing finished at 1395478887.72
1.18663311005
141159.6
1.18787002563
141576.0
1.18915510178
141295.2
1.19037294388
141984.0
1.1915500164
141848.0
1.1927549839
141848.0
1.19395494461
141848.0
1.19513702393
141848.0
1.19634413719
141848.0
1.19753503799
142401.6
1.19873714447
142128.8
1.19992113113
141848.0
1.20110011101
141848.0
1.20230603218
141848.0
1.20354199409
141984.0
1.20473909378
141848.0
1.20593810081
141566.4
1.20711708069
141848.0
1.20832514763
141712.0
1.20952916145
141848.0
1.2107219696
141984.0
1.21189594269
141295.2
1.22487807274
141712.0
1.22606897354
142265.2
1.2272901535
141848.0
1.22848916054
141984.0
1.22969198227
141566.4
1.23088502884
141848.0
1.23206806183
141848.0
1.23325395584
141712.0
1.23445796967
141984.0
1.23563313484
141837.6
1.23686599731
142120.0
1.23805308342
142674.4
1.23923707008
144471.6
1.24043107033
144471.6
1.24161314964
145305.6
1.24280714989
145305.6
1.24401211739
145305.6
1.24522805214
145305.6
1.24640703201
145168.0
1.24760603905
145452.0
1.24878907204
145168.0
1.2536239624
144197.2
1.25483512878
144334.4
1.25602507591
144746.0
1.25722503662
144334.4
1.25840401649
143922.8
1.25958800316
143922.8
1.26084399223
143366.4
1.26202893257
143366.4
1.26322603226
143503.2
1.26442694664
142810.8
1.26560616493
142810.8
1.26680111885
143648.4
1.26798510551
143648.4
1.26917409897
143503.2
1.27036809921
143229.6
1.27154803276
143092.8
1.2727200985
142674.4
1.27393102646
142674.4
1.27510905266
142810.8
1.27629303932
141848.0
1.28488111496
142120.0
1.28607416153
141848.0
1.28727197647
142265.2
1.28845310211
140743.2
1.28965115547
141024.0
1.29083395004
141295.2
1.29201507568
141159.6
1.29324507713
141024.0
1.29444313049
141024.0
1.29562616348
141440.0
1.29681897163
141440.0
1.29799699783
141576.0
1.29918193817
141159.6
1.30038905144
141440.0
1.30156993866
141159.6
1.30274200439
141440.0
1.30395197868
141295.2
1.30514216423
141159.6
1.30633616447
141024.0
1.30752301216
141024.0
1.30872702599
140888.4
1.31366300583
141440.0
1.31486701965
141159.6
1.31610298157
141304.0
1.31730103493
141576.0
1.31848096848
141159.6
1.3196849823
141295.2
1.32085704803
140743.2
1.32205104828
141440.0
1.32323598862
141024.0
1.32447099686
141576.0
1.32566595078
141295.2
1.32685112953
141712.0
1.32803297043
141576.0
1.32922816277
141159.6
1.33040595055
141440.0
1.33158516884
141159.6
1.33281993866
141430.8
1.334015131
141576.0
1.33519506454
141576.0
1.33639001846
141576.0
1.33756303787
141024.0
1.34362411499
141304.0
1.34484815598
141159.6
1.34603309631
141576.0
1.34721016884
141295.2
1.34840512276
141159.6
1.34959316254
141159.6
1.35078215599
140743.2
1.3519821167
141576.0
1.3531639576
141984.0
1.35436105728
141576.0
1.35557293892
141024.0
1.35679101944
140888.4
1.35799312592
140888.4
1.35920405388
141024.0
1.36038208008
141295.2
1.36157512665
141159.6
1.36275100708
141024.0
1.36395597458
141440.0
1.36516714096
141024.0
1.36635112762
141712.0
1.36752796173
141295.2
1.36872005463
141712.0
1.36990094185
141576.0
1.37108206749
140760.0
1.38325810432
140743.2
1.38446593285
141576.0
1.38567900658
141576.0
1.38685703278
141440.0
1.38810801506
140752.8
1.38930511475
141295.2
1.39049506187
141159.6
1.39169502258
141159.6
1.39288306236
141440.0
1.39406609535
140888.4
1.3952691555
141159.6
1.3964779377
141576.0
1.39766097069
140608.0
1.39887905121
140888.4
1.4000749588
141159.6
1.401252985
141024.0
1.40245008469
141430.8
1.40363693237
141159.6
1.40485501289
141159.6
1.40602397919
141024.0
1.40718102455
140888.4
1.40835404396
141159.6
1.40954995155
140608.0
1.41071605682
141024.0
1.42366909981
140202.4
1.42488694191
140337.6
1.42613315582
140472.8
1.4273481369
141159.6
1.42854595184
140888.4
1.42973399162
141440.0
1.43094015121
141024.0
1.43212103844
141304.0
1.43332195282
141159.6
1.43452215195
141295.2
1.43570208549
141024.0
1.43691015244
141440.0
1.43810296059
140888.4
1.43928003311
140888.4
1.44047093391
140743.2
1.44165301323
141024.0
1.44283914566
141024.0
1.44404101372
140752.8
1.44526815414
140888.4
1.4464571476
141159.6
1.44766807556
141159.6
1.4488530159
140608.0
1.45362114906
141159.6
1.45484995842
141024.0
1.45604801178
141159.6
1.45724797249
141024.0
1.45842814445
141168.0
1.4596259594
140752.8
1.46085715294
141159.6
1.4620449543
140608.0
1.46323800087
141024.0
1.46442914009
141304.0
1.46559405327
140888.4
1.4667699337
141295.2
1.46793103218
141159.6
1.46911597252
141440.0
1.47028493881
141440.0
1.47144508362
141024.0
1.47262001038
140743.2
1.47380495071
140608.0
1.47499012947
141304.0
1.48359394073
141304.0
1.48484015465
140888.4
1.48601508141
140888.4
1.48721694946
141440.0
1.4883890152
141576.0
1.48958611488
140752.8
1.49077916145
140888.4
1.49196004868
140888.4
1.49317908287
140472.8
1.49439001083
140608.0
1.49558711052
141159.6
1.49678516388
140888.4
1.49797511101
141024.0
1.49915504456
140337.6
1.50035309792
140472.8
1.50153899193
141295.2
1.50272893906
141024.0
1.50394415855
140888.4
1.50512599945
141304.0
1.50632309914
140888.4
1.50751113892
141576.0
1.50872612
141024.0
1.51223397255
139248.4
1.5135910511
140752.8
1.51478910446
140888.4
1.51596999168
140743.2
1.51720499992
141024.0
1.51838994026
141024.0
1.5195710659
141159.6
1.52076911926
141304.0
1.52195215225
141159.6
1.52384805679
141304.0
1.52509093285
140743.2
1.52627706528
141159.6
1.5274541378
141440.0
1.52864003181
141024.0
1.52982616425
141159.6
1.53100705147
141159.6
1.53229403496
141024.0
1.53353905678
141159.6
1.53472399712
141576.0
1.53591609001
141159.6
1.53709793091
140743.2
1.53827810287
140878.4
1.53946304321
141024.0
1.54064416885
140888.4
1.54183006287
141304.0
1.54300904274
141440.0
1.5442070961
141848.0
1.54538798332
140608.0
1.54656195641
141024.0
1.54774212837
140752.8
1.54893898964
141304.0
1.5501229763
141712.0
1.55129814148
141159.6
1.55247306824
141576.0
1.5536711216
141024.0
1.55485010147
141024.0
1.55602502823
141295.2
1.55721306801
141159.6
1.55840015411
142401.6
1.55958294868
142256.0
1.56076216698
142674.4
1.56193900108
142947.2
1.56312513351
143366.4
1.56433105469
143092.8
1.56552100182
142810.8
1.56670093536
143229.6
1.56788015366
143220.0
1.56905508041
143503.2
1.57024812698
143922.8
1.57142710686
143785.6
1.57262611389
143366.4
1.57383012772
143776.8
1.57500815392
143640.0
1.576182127
143503.2
1.57737112045
143503.2
1.578551054
144334.4
1.57972812653
144197.2
1.58092212677
143776.8
1.58210301399
143640.0
1.58327293396
143640.0
1.58446407318
143503.2
1.58564400673
144471.6
1.58682107925
144334.4
1.58799409866
143776.8
1.58918595314
143776.8
1.5903699398
144060.0
1.59154295921
144471.6
1.59272098541
144471.6
1.59391212463
143776.8
1.59509801865
144197.2
1.59630393982
144197.2
1.5974881649
144471.6
1.59866595268
144746.0
1.59984397888
145030.4
1.60102105141
145590.0
1.60220193863
144892.8
1.60337996483
144471.6
1.60458111763
144892.8
1.60576105118
143913.6
1.60693597794
144197.2
1.60811495781
144755.2
1.6093070507
144755.2
1.61050200462
144746.0
1.61168813705
144892.8
1.61293005943
144883.2
1.61412906647
146004.0
1.61531710625
146280.0
1.616492033
147119.2
1.61766195297
146980.8
1.61884307861
146704.0
1.62001895905
146142.0
1.62121105194
146427.2
1.62239313126
146004.0
1.62359213829
145305.6
1.62477016449
144755.2
1.62595701218
144060.0
1.62713909149
143640.0
1.62833404541
143503.2
1.6295170784
144197.2
1.63069915771
143503.2
1.63187813759
143503.2
1.63305401802
143083.6
1.63424396515
143640.0
1.63542294502
143913.6
1.63661313057
143640.0
1.63779497147
143366.4
1.63897514343
143366.4
1.64015412331
143503.2
1.64133405685
143776.8
1.64251494408
143503.2
1.64370203018
143922.8
1.64487314224
143083.6
1.64604210854
143220.0
1.64719605446
144197.2
1.64835906029
144060.0
1.64951896667
143922.8
1.65067601204
143503.2
1.65183711052
143640.0
1.65301203728
143503.2
1.65427613258
143503.2
1.65546298027
143922.8
1.6566400528
143922.8
1.65781712532
144060.0
1.65899395943
143640.0
1.66019916534
143503.2
1.66141915321
143922.8
1.66260194778
143640.0
1.66378593445
143640.0
1.66496610641
144197.2
1.66623401642
143913.6
1.6674220562
144060.0
1.66862106323
144060.0
1.66980600357
144060.0
1.67098212242
144060.0
1.67215895653
144334.4
1.67334198952
144060.0
1.67452812195
143503.2
1.67570996284
143640.0
1.67690110207
143503.2
1.67807507515
143776.8
1.67925095558
143640.0
1.6804330349
143922.8
1.68161201477
143366.4
1.68279099464
143922.8
1.68398308754
143913.6
1.68518805504
144060.0
1.68636894226
143640.0
1.68754315376
144060.0
1.68872404099
143922.8
1.68990516663
143913.6
1.6910879612
143640.0
1.69229793549
143503.2
1.69352912903
143366.4
1.69471406937
143922.8
1.69589996338
143366.4
1.69708704948
144334.4
1.69826602936
143640.0
1.69944906235
143640.0
1.70063900948
143640.0
1.70182204247
143640.0
1.70300006866
143913.6
1.70418214798
143503.2
1.70534896851
143366.4
1.70650410652
143503.2
1.70766210556
143640.0
1.70886206627
143640.0
1.71002316475
144197.2
1.71118211746
144342.4
1.7123439312
143503.2
1.71354413033
143640.0
1.71471309662
143503.2
1.71587109566
144060.0
1.71705007553
144060.0
1.71821093559
144197.2
1.71937799454
144334.4
1.72054100037
144197.2
1.7216989994
143640.0
1.72285914421
144060.0
1.72402906418
143776.8
1.7252240181
143776.8
1.72640609741
144060.0
1.72759199142
143640.0
1.72877502441
144060.0
1.72995305061
143913.6
1.73113512993
144334.4
1.73232793808
144334.4
1.73354816437
144050.4
1.73473501205
144197.2
1.73591303825
144755.2
1.73709011078
144471.6
1.73827004433
144334.4
1.73944997787
143776.8
1.7406411171
143776.8
1.74182915688
143640.0
1.74301409721
144608.8
1.74421095848
144334.4
1.74539113045
144197.2
1.74657011032
143640.0
1.7477581501
144060.0
1.74894404411
144471.6
1.75012111664
144334.4
1.75130414963
144197.2
1.7524831295
143913.6
1.75367498398
144197.2
1.75485301018
144471.6
1.75603508949
143776.8
1.75722813606
144197.2
1.75840902328
144334.4
1.75959610939
144197.2
1.76077914238
144608.8
1.76195406914
144471.6
1.76312994957
144755.2
1.7643289566
144197.2
1.76551604271
144197.2
1.76669597626
144608.8
1.76787400246
144471.6
1.76905107498
144471.6
1.77022314072
144471.6
1.77140116692
144197.2
1.77258110046
144334.4
1.77376794815
144471.6
1.77494716644
144334.4
1.77619099617
144060.0
1.7773809433
144617.6
1.77855801582
144755.2
1.77973198891
143913.6
1.78092098236
144755.2
1.78209900856
144617.6
1.78328299522
144334.4
1.78447294235
144471.6
1.78565001488
144746.0
1.78682208061
144892.8
1.78799915314
144617.6
1.78919911385
144617.6
1.79037594795
144471.6
1.79155302048
144608.8
1.79275012016
144755.2
1.79394698143
144334.4
1.79513096809
144334.4
1.79632806778
144617.6
1.79751515388
145030.4
1.79869008064
144471.6
1.79986405373
144471.6
1.80103707314
144471.6
1.80221915245
144471.6
1.80339813232
145030.4
1.80460000038
145030.4
1.80578613281
144471.6
1.80696201324
144471.6
1.80814194679
144334.4
1.80931997299
144892.8
1.81049704552
144471.6
1.81166911125
144892.8
1.81288099289
144334.4
1.81407094002
144334.4
1.81525802612
145030.4
1.81643009186
144746.0
1.81760597229
145030.4
1.81878399849
145168.0
1.81995415688
144892.8
1.82114815712
145030.4
1.82232809067
144746.0
1.82353901863
144471.6
1.82472610474
144892.8
1.82589912415
144892.8
1.82707095146
144883.2
1.82829093933
144746.0
1.82948303223
144608.8
1.83066010475
144892.8
1.83183908463
144892.8
1.83301210403
145030.4
1.8341960907
145168.0
1.83537507057
145452.0
1.83655309677
144892.8
1.83773303032
145452.0
1.83890914917
144608.8
1.84008598328
145168.0
1.8412630558
144892.8
1.84243893623
144608.8
1.84362101555
144892.8
1.84486913681
144892.8
1.84605813026
145168.0
1.8472340107
145168.0
1.84841108322
145452.0
1.84958195686
144892.8
1.8507540226
145030.4
1.85192799568
145443.2
1.853110075
145030.4
1.85429811478
145030.4
1.85547709465
145590.0
1.85665106773
145030.4
1.85783410072
145168.0
1.85900807381
145168.0
1.86020898819
145030.4
1.86142206192
145030.4
1.86260008812
144755.2
1.8637881279
145030.4
1.86497616768
145030.4
1.86618304253
144608.8
1.86737108231
144608.8
1.86855816841
145030.4
1.86973714828
145030.4
1.87091207504
145168.0
1.87208294868
145030.4
1.87326216698
144608.8
1.87445211411
144892.8
1.87562704086
144892.8
1.87684011459
145168.0
1.87802314758
144892.8
1.87919807434
144608.8
1.88037610054
144471.6
1.88154816628
145030.4
1.88271903992
145168.0
1.88390612602
144608.8
1.88508605957
145168.0
1.88626408577
145168.0
1.88743901253
145168.0
1.88861894608
144746.0
1.88980007172
145314.0
1.89097714424
145452.0
1.89218211174
144892.8
1.89336800575
145452.0
1.89455199242
144746.0
1.8957259655
145590.0
1.89689803123
145590.0
1.89806699753
144755.2
1.89928197861
144608.8
1.90049004555
145728.0
1.90167403221
145305.6
1.90285396576
145443.2
1.9040491581
146004.0
1.90523314476
145590.0
1.90641498566
145168.0
1.90760111809
145030.4
1.90878605843
145168.0
1.909979105
145728.0
1.91115808487
145314.0
1.91233801842
145168.0
1.91355705261
145168.0
1.91474199295
145030.4
1.91592311859
145452.0
1.91710996628
145168.0
1.91829204559
145030.4
1.91946911812
145443.2
1.92064499855
145728.0
1.92189311981
145168.0
1.92308712006
145590.0
1.92432308197
145030.4
1.92551016808
145030.4
1.92668914795
145305.6
1.92787599564
145168.0
1.92905402184
145030.4
1.93023514748
145030.4
1.93140602112
145168.0
1.93258905411
145305.6
1.93379211426
145168.0
1.93496894836
145590.0
1.93615698814
146012.0
1.93733406067
145590.0
1.93851304054
145443.2
1.93970513344
145168.0
1.94090795517
145728.0
1.94209003448
145168.0
1.94326615334
145030.4
1.94445800781
145305.6
1.9456319809
145168.0
1.94680595398
145168.0
1.94798612595
144608.8
1.94917297363
144892.8
1.95035099983
145580.8
1.95153307915
145443.2
1.95271015167
146150.4
1.95390701294
145728.0
1.95508003235
145168.0
1.95629405975
145168.0
1.95748615265
145305.6
1.95866513252
145590.0
1.95984005928
145168.0
1.9610221386
144608.8
1.96219611168
145168.0
1.96337199211
145443.2
1.96456599236
144883.2
1.96572494507
145452.0
1.9668841362
145168.0
1.96804499626
145866.0
1.96920013428
145728.0
1.97036194801
145590.0
1.97152209282
145168.0
1.972687006
145305.6
1.97386598587
144883.2
1.97504901886
145590.0
1.97623300552
145590.0
1.97740912437
145030.4
1.97859215736
145168.0
1.97977209091
145728.0
1.98097300529
145168.0
1.98214793205
145168.0
1.98333001137
145168.0
1.98452115059
145305.6
1.98569202423
145443.2
1.98686695099
145168.0
1.98804497719
145030.4
1.98923015594
145030.4
1.99041199684
144883.2
1.99159002304
144883.2
1.99276399612
145168.0
1.99394893646
144746.0
1.99512815475
145030.4
1.99633216858
145590.0
1.99751496315
145305.6
1.99870014191
145168.0
1.99987697601
145168.0
2.00105404854
145728.0
2.00223016739
145590.0
2.00340199471
145580.8
2.00460004807
145305.6
2.00578212738
145168.0
2.00695610046
145168.0
2.00814795494
145728.0
2.00932002068
144883.2
2.01049995422
144746.0
2.01167011261
145590.0
2.01289510727
145168.0
2.01411914825
144608.8
2.0152990818
145728.0
2.01647210121
145305.6
2.01764798164
145728.0
2.01881814003
145728.0
2.02000808716
145590.0
2.02121114731
145305.6
2.02239394188
145168.0
2.02358412743
145168.0
2.02475714684
145168.0
2.0259270668
145030.4
2.02710700035
145168.0
2.02831697464
145728.0
2.02949905396
145168.0
2.03067803383
145590.0
2.03186416626
145030.4
2.03303813934
145168.0
2.0342271328
145580.8
2.03539896011
145168.0
2.03658008575
145590.0
2.03776311874
145030.4
2.03893709183
145168.0
2.04012298584
145305.6
2.04130005836
145168.0
2.04247808456
145168.0
2.04368305206
145452.0
2.04490303993
145030.4
2.04608201981
145443.2
2.04726409912
145590.0
2.04843401909
145590.0
2.04962205887
145590.0
2.05080604553
145590.0
2.05197501183
145866.0
2.05315995216
145305.6
2.05435299873
145728.0
2.05553507805
145168.0
2.05670905113
145452.0
2.05788707733
145728.0
2.05906200409
145590.0
2.0602850914
145590.0
2.06147003174
145168.0
2.06264805794
145590.0
2.0638320446
145168.0
2.06500911713
145168.0
2.06618714333
145305.6
2.06736207008
145305.6
2.06855201721
145168.0
2.06972694397
145443.2
2.07090401649
145305.6
2.07207202911
145305.6
2.0732460022
145305.6
2.07443094254
145168.0
2.07560801506
145305.6
2.07680106163
145305.6
2.07798314095
145305.6
2.07915496826
145728.0
2.08033204079
144746.0
2.0815050602
145443.2
2.08268713951
145305.6
2.0838739872
145305.6
2.08506298065
145305.6
2.08624601364
145305.6
2.08741998672
145866.0
2.08859705925
145168.0
2.08977413177
145305.6
2.09095215797
145590.0
2.09216713905
145030.4
2.09335303307
145168.0
2.09454298019
145305.6
2.0957159996
145168.0
2.09689116478
145168.0
2.09806704521
145590.0
2.09923601151
145728.0
2.10042309761
145305.6
2.10159707069
145443.2
2.10277199745
145305.6
2.10397195816
145590.0
2.10514211655
144892.8
2.10696411133
144334.4
2.10840296745
145020.4
2.10958814621
145168.0
2.11078095436
145168.0
2.11195206642
145168.0
2.11312794685
145590.0
2.11431694031
145443.2
2.11549115181
145168.0
2.11667513847
145443.2
2.11785912514
145305.6
2.11904001236
145305.6
2.12021994591
145443.2
2.12139606476
145590.0
2.1225810051
145305.6
2.12378311157
145590.0
2.12496995926
145452.0
2.12615394592
145305.6
2.12733197212
145305.6
2.12850904465
145728.0
2.12968397141
145590.0
2.13085794449
145590.0
2.13203215599
145305.6
2.13322305679
145305.6
2.13442206383
145305.6
2.1356010437
145728.0
2.13678097725
145728.0
2.13795113564
145728.0
2.13913011551
145305.6
2.14033699036
145168.0
2.14151501656
145168.0
2.14269304276
145030.4
2.14388203621
145305.6
2.14506196976
145443.2
2.14623403549
145168.0
2.14741802216
145305.6
2.14860105515
145030.4
2.14978098869
145168.0
2.15095996857
146004.0
2.15213298798
145728.0
2.15330696106
145443.2
2.15449309349
145590.0
2.15566706657
145305.6
2.156883955
145443.2
2.15806508064
145728.0
2.15923810005
145305.6
2.16042208672
145168.0
2.1615960598
145168.0
2.162774086
145866.0
2.16395807266
145590.0
2.16514396667
145168.0
2.16631793976
145728.0
2.16749215126
145728.0
2.16866993904
145580.8
2.16984701157
145728.0
2.17102408409
145728.0
2.17223000526
145168.0
2.17344403267
145168.0
2.1746339798
145443.2
2.17581510544
145305.6
2.17698907852
144746.0
2.17816305161
145168.0
2.17933297157
145030.4
2.18055009842
145728.0
2.18173193932
145168.0
2.18291115761
145452.0
2.18412899971
145728.0
2.18529701233
145305.6
2.18646216393
145443.2
2.18762993813
145168.0
2.18884301186
144746.0
2.19003105164
145590.0
2.1912150383
145168.0
2.19238901138
145030.4
2.19358515739
145443.2
2.19476604462
145168.0
2.19594311714
145452.0
2.19715094566
145168.0
2.19832706451
145590.0
2.19950699806
145443.2
2.20068907738
145168.0
2.20186495781
145728.0
2.20304203033
145728.0
2.20424008369
145590.0
2.20545911789
145305.6
2.20663309097
145728.0
2.20781302452
145030.4
2.20898795128
145590.0
2.2101790905
145168.0
2.2113571167
145305.6
2.21255493164
144746.0
2.21374702454
145728.0
2.21491193771
145168.0
2.21606612206
145168.0
2.21722793579
145866.0
2.21839094162
145728.0
2.21955513954
145305.6
2.22075104713
145728.0
2.22191214561
145168.0
2.22306704521
144892.8
2.22439408302
145020.4
2.22557806969
145590.0
2.22676706314
145590.0
2.22794413567
144892.8
2.22914814949
145168.0
2.23033308983
145305.6
2.23152208328
145168.0
2.23269510269
145168.0
2.23391008377
145590.0
2.23509216309
145590.0
2.23630595207
145866.0
2.23748993874
145866.0
2.23866701126
145168.0
2.23984193802
145590.0
2.24101996422
145452.0
2.24220705032
145305.6
2.24338698387
145305.6
2.24458503723
145168.0
2.24577212334
145168.0
2.24694609642
145452.0
2.24813508987
145305.6
2.2493121624
144883.2
2.25048708916
145305.6
2.25166201591
145305.6
2.25287604332
145168.0
2.25406599045
145590.0
2.25524497032
145305.6
2.25642609596
145168.0
2.25760316849
145168.0
2.25878000259
145452.0
2.25996303558
145590.0
2.26115012169
145443.2
2.26232504845
145168.0
2.26354193687
145030.4
2.26472496986
145168.0
2.26590800285
145168.0
2.26708698273
145580.8
2.26830410957
145305.6
2.26948809624
145443.2
2.27068209648
145866.0
2.27186703682
145030.4
2.27304410934
145728.0
2.2742421627
145866.0
2.27542114258
145030.4
2.27661108971
145452.0
2.27779912949
145452.0
2.27898311615
145168.0
2.28016710281
145443.2
2.28133916855
145168.0
2.28251504898
144746.0
2.28370809555
145168.0
2.28491902351
145168.0
2.2860929966
145443.2
2.28727197647
145728.0
2.288449049
145030.4
2.2896361351
145168.0
2.29082393646
144608.8
2.29200315475
145305.6
2.29319310188
145305.6
2.29438900948
145168.0
2.29557394981
144746.0
2.29675006866
145168.0
2.29792714119
145305.6
2.29910612106
145168.0
2.30033111572
145168.0
2.30151796341
145305.6
2.30269098282
145168.0
2.30387806892
145168.0
2.30506205559
145866.0
2.30624008179
145030.4
2.30743193626
145030.4
2.3086271286
145168.0
2.30981302261
145590.0
2.31099700928
145020.4
2.31217598915
145168.0
2.31335711479
145590.0
2.31454801559
145590.0
2.31573605537
145030.4
2.31693911552
145305.6
2.31812500954
145305.6
2.31930613518
145590.0
2.32048511505
145305.6
2.32166910172
145314.0
2.32285094261
145866.0
2.32404613495
145168.0
2.32524204254
145168.0
2.32641601562
145305.6
2.32759714127
145452.0
2.32877206802
145305.6
2.32994604111
145728.0
2.33112597466
145590.0
2.3323340416
145168.0
2.33356595039
145030.4
2.33474898338
145728.0
2.33592700958
145866.0
2.33710002899
145866.0
2.33827400208
145168.0
2.33945798874
145590.0
2.34075903893
144334.4
2.34195899963
144746.0
2.34314107895
145443.2
2.34435105324
145728.0
2.34553194046
145030.4
2.34671211243
145168.0
2.34788703918
145030.4
2.34907507896
145443.2
2.3502600193
145728.0
2.3514380455
145168.0
2.35261011124
145728.0
2.35380005836
145168.0
2.35497808456
145866.0
2.35619306564
144883.2
2.35738706589
145168.0
2.35857105255
145168.0
2.35974502563
145030.4
2.36093306541
145168.0
2.36212301254
145305.6
2.36330509186
145168.0
2.36450409889
145452.0
2.36568593979
145030.4
2.36687016487
145168.0
2.36805295944
146004.0
2.36923408508
145305.6
2.37041115761
145728.0
2.37158203125
145030.4
2.37279415131
145168.0
2.3740029335
145305.6
2.37519001961
145305.6
2.37637114525
145728.0
2.37755298615
145305.6
2.37873411179
145168.0
2.37991905212
145168.0
2.38114094734
145305.6
2.3823261261
145168.0
2.38354897499
145030.4
2.38473200798
145030.4
2.38591313362
145590.0
2.3870871067
145580.8
2.38829708099
144746.0
2.38948297501
145168.0
2.39066314697
145305.6
2.39184093475
145168.0
2.39301109314
145305.6
2.39420509338
144746.0
2.39538311958
145030.4
2.39657402039
145030.4
2.39775896072
145030.4
2.3989341259
145305.6
2.40011310577
145305.6
2.40128397942
145168.0
2.40246009827
145168.0
2.40364313126
145305.6
2.40483212471
145728.0
2.40601301193
145168.0
2.40719199181
145590.0
2.40836811066
145168.0
2.40954899788
145030.4
2.41073703766
145443.2
2.41191315651
145168.0
2.41310214996
145305.6
2.4142999649
145590.0
2.41547298431
145452.0
2.41665101051
145305.6
2.41783809662
145305.6
2.41900897026
145728.0
2.42021894455
145590.0
2.42141008377
145452.0
2.42259097099
145305.6
2.423787117
145305.6
2.42496395111
145168.0
2.42614197731
145168.0
2.42732405663
145030.4
2.42851209641
144746.0
2.42969799042
145443.2
2.43087697029
145168.0
2.43205595016
145168.0
2.43323707581
145168.0
2.43442797661
145305.6
2.43560314178
146142.0
2.43682098389
145866.0
2.4380030632
145168.0
2.43918013573
145168.0
2.44036197662
145030.4
2.44153404236
146004.0
--- writing finished at 1395478888.88
2.44507694244
143776.8
2.44632005692
145030.4
2.44752311707
145168.0
2.44871616364
145443.2
2.44991111755
145590.0
2.45109796524
145590.0
2.45232510567
145168.0
2.45357108116
145452.0
2.45475506783
145590.0
2.45595407486
145866.0
2.45714497566
145168.0
2.45832896233
145030.4
2.45951199532
145168.0
2.46073007584
144746.0
2.46192216873
145866.0
2.46309900284
144883.2
2.46430516243
145168.0
2.46546196938
145168.0
2.46664500237
145030.4
2.46781611443
145168.0
2.46898293495
145866.0
2.47015500069
145590.0
2.47132301331
145728.0
2.47248196602
145452.0
2.48364400864
144892.8
2.48494005203
145168.0
2.48612904549
145580.8
2.48730611801
145728.0
2.48849415779
145168.0
2.48968315125
145168.0
2.49086809158
145030.4
2.49207305908
145728.0
2.49326610565
145443.2
2.49447393417
145728.0
2.49566316605
145168.0
2.49684309959
145030.4
2.49803805351
145168.0
2.4992389679
145728.0
2.50043606758
145305.6
2.50163197517
145305.6
2.50281715393
145728.0
2.50400614738
145305.6
2.50521302223
145728.0
2.5063970089
145305.6
2.50757694244
145030.4
2.50882911682
145452.0
2.51002216339
145168.0
2.52359604836
145452.0
2.52486801147
145020.4
2.52607393265
144883.2
2.52725601196
145168.0
2.52845096588
145452.0
2.52964115143
145030.4
2.53083109856
145168.0
2.53204393387
145305.6
2.53326511383
145305.6
2.53446698189
145728.0
2.53564095497
145305.6
2.53683996201
145728.0
2.53802013397
145590.0
2.53921508789
145305.6
2.54041409492
144746.0
2.54159808159
145168.0
2.54278802872
145168.0
2.54399204254
145452.0
2.54517412186
145305.6
2.54636502266
145305.6
2.54754900932
145590.0
2.5487370491
145168.0
2.54994416237
145168.0
2.55112409592
145866.0
2.55229997635
144755.2
2.56487894058
145020.4
2.56607294083
144883.2
2.5672659874
145030.4
2.56846404076
145728.0
2.56964302063
145590.0
2.57083797455
145305.6
2.57202100754
145305.6
2.57321095467
145168.0
2.57442498207
145452.0
2.5756111145
145168.0
2.57678794861
145030.4
2.57799315453
145305.6
2.57917499542
145590.0
2.58040213585
145168.0
2.58159208298
145590.0
2.58279705048
145168.0
2.58401012421
145030.4
2.5851931572
145305.6
2.58636808395
145305.6
2.58756494522
145590.0
2.58875608444
145168.0
2.5899450779
145030.4
2.60361909866
145452.0
2.60489416122
145168.0
2.60608100891
145305.6
2.60726594925
145168.0
2.60846710205
145590.0
2.60964798927
144892.8
2.61084699631
145030.4
2.6120569706
145305.6
2.61324906349
145168.0
2.61445808411
145590.0
2.61564397812
145030.4
2.61682796478
145030.4
2.61802506447
145168.0
2.61921215057
145866.0
2.62040495872
145168.0
2.62161111832
145168.0
2.62280201912
145030.4
2.62399411201
145168.0
2.62519407272
144883.2
2.62637400627
145168.0
2.62756514549
145452.0
2.62875699997
145030.4
2.6299431324
144892.8
2.6436920166
145176.0
2.64493298531
145030.4
2.64611506462
145305.6
2.64728212357
145168.0
2.64844512939
144746.0
2.64961504936
145030.4
2.65078115463
145020.4
2.65193915367
145305.6
2.65315699577
145030.4
2.65435600281
145590.0
2.65553212166
145030.4
2.65673398972
145590.0
2.65791106224
145728.0
2.65909910202
145030.4
2.66029214859
144892.8
2.66151404381
145030.4
2.6627099514
145030.4
2.66390800476
145168.0
2.66509199142
145590.0
2.66628408432
145590.0
2.66747093201
145168.0
2.66866016388
145030.4
2.6698679924
145590.0
2.67105197906
145305.6
2.67222595215
143913.6
2.67822408676
144883.2
2.67940306664
145452.0
2.68060994148
145168.0
2.68178796768
145590.0
2.68298316002
145168.0
2.68422603607
145305.6
2.68541502953
145866.0
2.68661212921
145728.0
2.68779110909
145590.0
2.68896508217
145030.4
2.69015312195
145305.6
2.69133710861
145728.0
2.69251704216
145168.0
2.69373297691
144608.8
2.69492101669
145168.0
2.69609498978
145168.0
2.69729113579
145443.2
2.69847416878
145168.0
2.69965910912
145030.4
2.7008600235
145168.0
2.70203304291
145590.0
2.70393395424
145030.4
2.70515799522
145305.6
2.70633912086
145168.0
2.70751094818
145452.0
2.70869803429
145030.4
2.70988202095
145168.0
2.71106100082
145305.6
2.71224212646
144746.0
2.71342015266
145168.0
2.71460413933
145030.4
2.71576309204
145168.0
2.71695494652
145443.2
2.71811294556
145305.6
2.71927309036
145728.0
2.72042894363
145030.4
2.72159814835
145305.6
2.72275900841
145168.0
2.72394013405
145030.4
2.7251329422
145030.4
2.72630906105
145452.0
2.7274889946
145020.4
2.72866415977
145590.0
2.72984313965
145590.0
2.73101997375
145030.4
2.73222613335
145030.4
2.73340916634
145728.0
2.73460316658
145305.6
2.73578095436
145728.0
2.73695397377
144883.2
2.73812794685
145590.0
2.73929810524
145866.0
2.74048113823
145168.0
2.74166893959
145030.4
2.74284815788
145030.4
2.74419498444
144892.8
2.74538898468
145030.4
2.74657011032
145728.0
2.74774098396
145728.0
2.74896097183
145168.0
2.75013399124
145168.0
2.75132107735
145305.6
2.75250196457
145305.6
2.75368905067
145443.2
2.75486898422
145168.0
2.7560441494
145314.0
2.75722694397
145452.0
2.75841116905
145452.0
2.75959205627
145305.6
2.76076793671
145030.4
2.76194500923
145030.4
2.76312208176
145030.4
2.76434803009
145030.4
2.76553416252
145305.6
2.7667081356
145030.4
2.76788115501
145030.4
2.76906013489
145168.0
2.77023601532
145590.0
2.77141308784
145305.6
2.77260112762
145030.4
2.77379107475
145030.4
2.77497005463
145030.4
2.77614116669
145030.4
2.77731513977
145728.0
2.77848815918
145030.4
2.77966499329
145030.4
2.78085803986
144892.8
2.78204298019
145452.0
2.78322410583
145168.0
2.78440999985
145168.0
2.78559303284
145168.0
2.7867629528
145590.0
2.787940979
145030.4
2.78912901878
145305.6
2.79030203819
145030.4
2.79147911072
145030.4
2.79266095161
144608.8
2.79384708405
145030.4
2.79502296448
145168.0
2.79622912407
145030.4
2.79741406441
145314.0
2.79859805107
145030.4
2.79977107048
145168.0
2.80094599724
145305.6
2.80212211609
145168.0
2.80328893661
145168.0
2.80449008942
145030.4
2.80567407608
145030.4
2.80684900284
145305.6
2.80802702904
145030.4
2.80919909477
145030.4
2.81037712097
145168.0
2.81155395508
145452.0
2.81274199486
145305.6
2.81393098831
145168.0
2.81511712074
144608.8
2.81628799438
145030.4
2.81746411324
145030.4
2.81863594055
145305.6
2.81981110573
145168.0
2.82099103928
145590.0
2.82216906548
145452.0
2.82335710526
145030.4
2.82454514503
145305.6
2.82571816444
144608.8
2.82689213753
145030.4
2.8280711174
145314.0
2.82925605774
145030.4
2.83044314384
145168.0
2.83162808418
145452.0
2.83280396461
144892.8
2.8339869976
145030.4
2.83517098427
145168.0
2.83637809753
145305.6
2.83755803108
145305.6
2.83873414993
144892.8
2.8399040699
145030.4
2.84107708931
144892.8
2.842263937
145168.0
2.84344315529
145168.0
2.84463500977
144892.8
2.84581899643
145030.4
2.84699010849
145168.0
2.84816193581
145305.6
2.8493411541
145452.0
2.85051393509
144892.8
2.85169196129
145452.0
2.8528740406
145168.0
2.85405802727
145443.2
2.85524201393
145030.4
2.85641694069
145030.4
2.85759806633
144608.8
2.85877299309
145030.4
2.85994696617
145030.4
2.86113405228
145030.4
2.86230707169
145030.4
2.86352014542
144892.8
2.8646979332
145030.4
2.86587810516
145168.0
2.86705303192
145452.0
2.868268013
145305.6
2.86945199966
145590.0
2.87062716484
145452.0
2.87179899216
145305.6
2.87297415733
144608.8
2.87415313721
144892.8
2.87530994415
144608.8
2.87647795677
145030.4
2.87764406204
144883.2
2.87880802155
145590.0
2.87996912003
145030.4
2.88552308083
144608.8
2.88676714897
144746.0
2.88794898987
145168.0
2.88912916183
145030.4
2.89035415649
144892.8
2.89154410362
144746.0
2.89273405075
144746.0
2.89393615723
145030.4
2.89511108398
144892.8
2.89629101753
145030.4
2.89745998383
144608.8
2.89876508713
145030.4
2.8999569416
145030.4
2.9011490345
144746.0
2.90233206749
145030.4
2.90355205536
145168.0
2.90473604202
145168.0
2.90591716766
144883.2
2.90709614754
145590.0
2.90830516815
144746.0
2.90952205658
145314.0
2.91071915627
144608.8
2.91189813614
144892.8
2.91307616234
145305.6
2.91426897049
145030.4
2.91545009613
145314.0
2.91663813591
144892.8
2.91784214973
145030.4
2.91902494431
145305.6
2.92020106316
145305.6
2.92137312889
145590.0
2.92255401611
145030.4
2.92374897003
145030.4
2.92497205734
144746.0
2.92615699768
145305.6
2.92733597755
145030.4
2.92851305008
144892.8
2.92970514297
144892.8
2.93089103699
144746.0
2.9320731163
145168.0
2.93326306343
145030.4
2.93445301056
145030.4
2.93563103676
145030.4
2.93681001663
144746.0
2.93798398972
145305.6
2.93915510178
145030.4
2.94037103653
144471.6
2.94156098366
145030.4
2.94273996353
145314.0
2.94392800331
145305.6
2.94510316849
144608.8
2.94627714157
144892.8
2.94745516777
144892.8
2.94863796234
145030.4
2.94982910156
145168.0
2.95101094246
145305.6
2.95218706131
145590.0
2.95335912704
145168.0
2.95454502106
145168.0
2.95572400093
145168.0
2.9569439888
144746.0
2.95813107491
145030.4
2.95931100845
145030.4
2.96049404144
144892.8
2.96167516708
145168.0
2.96285605431
144892.8
2.96404194832
145030.4
2.96521401405
144608.8
2.96637201309
145030.4
2.96752810478
145443.2
2.96868395805
145728.0
2.96984195709
145452.0
2.97099900246
145590.0
2.9721660614
145590.0
2.97333502769
145030.4
2.97451710701
145030.4
2.97569203377
145168.0
2.97688508034
144471.6
2.97805905342
145168.0
2.97923707962
144746.0
2.98043608665
145452.0
2.98161506653
145168.0
2.98278713226
145030.4
2.98397803307
145305.6
2.98514914513
145168.0
2.986328125
145168.0
2.98749494553
145590.0
2.98868107796
145452.0
2.98986506462
145168.0
2.99104809761
145030.4
2.99222993851
145168.0
2.99340295792
145168.0
2.99459195137
145030.4
2.9957690239
145168.0
2.99697899818
145168.0
2.99815893173
145030.4
2.99934101105
145030.4
3.00051498413
145030.4
3.00168895721
145305.6
3.00286507607
145305.6
3.00405216217
145168.0
3.00523614883
145168.0
3.00641298294
145314.0
3.00758695602
145305.6
3.00876402855
145168.0
3.00993895531
145590.0
3.01112103462
144746.0
3.01231408119
144892.8
3.01356816292
145030.4
3.01475715637
145168.0
3.01592898369
145590.0
3.01710700989
145168.0
3.01828408241
145168.0
3.01946496964
145168.0
3.02065110207
145443.2
3.02183413506
145590.0
3.02300405502
145030.4
3.02418994904
144608.8
3.02538108826
145030.4
3.02655696869
145305.6
3.02773094177
144892.8
3.02894711494
145168.0
3.03013014793
145030.4
3.03130912781
145030.4
3.03248596191
145168.0
3.0336830616
145452.0
3.03486299515
145305.6
3.03603696823
145452.0
3.03722500801
145168.0
3.03840303421
146004.0
3.03957796097
145168.0
3.04075813293
145030.4
3.0419280529
145168.0
3.04310798645
145030.4
3.04431796074
145590.0
3.04553294182
145728.0
3.04671311378
145168.0
3.04789304733
145168.0
3.04907298088
145873.6
3.05025315285
145590.0
3.05143404007
145443.2
3.05262708664
145168.0
3.05381703377
145168.0
3.05499410629
145452.0
3.05616807938
145030.4
3.05734395981
144746.0
3.05852198601
145590.0
3.05969905853
145030.4
3.06089305878
144892.8
3.06207704544
145590.0
3.06325316429
145305.6
3.06444096565
145590.0
3.06562709808
145030.4
3.06679916382
144746.0
3.0679731369
145728.0
3.06916093826
145866.0
3.07034015656
145590.0
3.07151508331
145590.0
3.07268714905
145030.4
3.07387804985
145168.0
3.07506394386
145305.6
3.07627415657
145030.4
3.07745504379
145030.4
3.07863593102
145168.0
3.07981300354
145030.4
3.08099293709
145305.6
3.08217811584
145030.4
3.0833530426
145030.4
3.08454799652
145030.4
3.08572912216
145590.0
3.08690309525
145305.6
3.08807396889
145590.0
3.08925008774
145030.4
3.09042215347
145030.4
3.09159708023
145030.4
3.09277701378
145305.6
3.09397315979
145452.0
3.09514904022
145030.4
3.09632706642
145030.4
3.09751009941
145030.4
3.09868907928
145168.0
3.09986710548
145030.4
3.10106301308
144608.8
3.10229802132
144471.6
3.10352301598
145030.4
3.10470700264
145168.0
3.10588002205
145305.6
3.10704898834
145168.0
3.1082611084
145038.0
3.10986495018
143640.0
3.11133909225
144471.6
3.1125330925
145168.0
3.11373400688
145168.0
3.11491394043
145590.0
3.1160941124
145030.4
3.11728405952
145030.4
3.1184720993
145168.0
3.11964201927
145443.2
3.12082004547
145590.0
3.12199306488
145590.0
3.12316393852
145314.0
3.12439608574
145030.4
3.12558102608
145443.2
3.12676000595
145030.4
3.12794399261
144746.0
3.12912297249
145590.0
3.13029408455
145030.4
3.13147211075
145728.0
3.13265514374
145168.0
3.133852005
145030.4
3.13502907753
145168.0
3.13619709015
145168.0
3.13737297058
145305.6
3.13855004311
145452.0
3.13972401619
145030.4
3.14091396332
144892.8
3.14209198952
144608.8
3.14326810837
145728.0
3.14445710182
144608.8
3.14563512802
145168.0
3.14685606956
145030.4
3.14803195
144892.8
3.14922404289
144883.2
3.1503970623
145168.0
3.15158104897
145452.0
3.15275597572
145168.0
3.15393900871
145030.4
3.15512394905
145305.6
3.15632796288
145590.0
3.15754008293
144324.0
3.15871500969
144608.8
3.15989494324
144892.8
3.1610751152
145168.0
3.16225409508
144746.0
3.16343593597
145030.4
3.16464304924
144471.6
3.1658270359
145030.4
3.16700100899
144746.0
3.16817116737
145443.2
3.16934895515
145168.0
3.17051911354
145590.0
3.17168998718
144608.8
3.17289710045
145168.0
3.17412209511
145305.6
3.175303936
145030.4
3.17648696899
145030.4
3.17766094208
145030.4
3.17883706093
145168.0
3.18002796173
145168.0
3.18121194839
145168.0
3.18239498138
145030.4
3.18357896805
145168.0
3.18475413322
145590.0
3.18592405319
145580.8
3.18710112572
145305.6
3.18849611282
145168.0
3.18970012665
145030.4
3.19088315964
145168.0
3.19206809998
145030.4
3.19324302673
145168.0
3.19443893433
145728.0
3.1956281662
145030.4
3.19684815407
144471.6
3.19803094864
145030.4
3.19921207428
144471.6
3.20039415359
145168.0
3.20156598091
144883.2
3.20274209976
145030.4
3.20392608643
145590.0
3.20511698723
145168.0
3.20629906654
145168.0
3.20747995377
145030.4
3.20865607262
145030.4
3.2098300457
145030.4
3.21101713181
144608.8
3.21219396591
145168.0
3.21341013908
145168.0
3.21459412575
145030.4
3.21575903893
145590.0
3.21691298485
145030.4
3.21806812286
145305.6
3.2192299366
145168.0
3.22042107582
144608.8
3.22158408165
145030.4
3.22274804115
145030.4
3.22391200066
145590.0
3.22507500648
145452.0
3.22623300552
144892.8
3.22739100456
145030.4
3.22855901718
145168.0
3.22971916199
145452.0
3.23088312149
145030.4
3.23204016685
145030.4
3.23319816589
145030.4
3.23439693451
145443.2
3.23558115959
145030.4
3.23676514626
145452.0
3.23794603348
145030.4
3.23912811279
145168.0
3.24030303955
145030.4
3.24148607254
144746.0
3.24266695976
145168.0
3.24385809898
144892.8
3.24505496025
145030.4
3.2462439537
145168.0
3.24742603302
145030.4
3.24861097336
145168.0
3.24978804588
144892.8
3.25096511841
145030.4
3.25214409828
145168.0
3.25333404541
145168.0
3.25452613831
145168.0
3.25569915771
145030.4
3.2568769455
145030.4
3.25805497169
145168.0
3.25924301147
145030.4
3.26045608521
144892.8
3.26165103912
145030.4
3.26282596588
144892.8
3.26401615143
145168.0
3.265198946
145030.4
3.26638913155
145030.4
3.2675640583
145030.4
3.26876401901
145030.4
3.26994395256
145305.6
3.27112913132
145305.6
3.27230715752
145030.4
3.27352809906
144471.6
3.27471899986
145452.0
3.27589607239
144892.8
3.27708506584
144883.2
3.27826404572
145452.0
3.27944803238
145030.4
3.28062295914
144892.8
3.28180503845
145030.4
3.28299093246
145168.0
3.28418302536
145030.4
3.28537106514
145030.4
3.28654408455
145305.6
3.28771805763
145168.0
3.28889608383
145728.0
3.29007601738
144608.8
3.29124999046
144608.8
3.29246211052
145030.4
3.29366397858
145030.4
3.29484915733
145168.0
3.29602909088
145030.4
3.29720807076
145030.4
3.29839110374
145030.4
3.29956197739
145030.4
3.30075097084
145168.0
3.30193305016
145168.0
3.30311203003
145168.0
3.30429601669
145590.0
3.30547404289
145030.4
3.30665397644
145305.6
3.30783510208
145030.4
3.30903410912
145168.0
3.31021213531
145030.4
3.31139302254
145030.4
3.3125641346
144883.2
3.31375312805
145168.0
3.31493711472
144608.8
3.31611609459
145030.4
3.31730699539
145168.0
3.31849002838
145728.0
3.31966710091
145168.0
3.32084703445
145590.0
3.32203507423
145728.0
3.32321810722
145030.4
3.32444095612
145030.4
3.32562494278
145020.4
3.32679605484
145168.0
3.32797408104
145168.0
3.32915616035
144892.8
3.33033108711
145030.4
3.3315141201
145305.6
3.33269500732
145168.0
3.33389306068
145590.0
3.33506894112
145168.0
3.33624315262
145168.0
3.33742213249
145866.0
3.33860111237
145168.0
3.33978295326
145590.0
3.34100794792
145030.4
3.34218502045
145030.4
3.34336400032
145305.6
3.34455609322
145590.0
3.34572601318
145168.0
3.34690403938
145168.0
3.34808015823
144892.8
3.34926795959
145443.2
3.35044598579
145728.0
3.35162901878
145590.0
3.35280203819
145305.6
3.35398697853
145168.0
3.35517406464
145443.2
3.35635614395
145305.6
3.35756993294
144746.0
3.35874915123
145168.0
3.35992312431
145030.4
3.36109495163
145168.0
3.36227202415
145168.0
3.36344695091
145305.6
3.36467313766
145168.0
3.36585712433
144608.8
3.36704206467
145168.0
3.36821603775
145305.6
3.36939716339
145168.0
3.3705739975
145168.0
3.37174797058
145590.0
3.37294101715
145305.6
3.37413311005
144883.2
3.37531113625
145030.4
3.37649297714
145168.0
3.37767195702
145030.4
3.37885093689
145030.4
3.38003015518
145305.6
3.38122701645
145168.0
3.38241004944
145168.0
3.38359999657
144746.0
3.38476800919
145728.0
3.38592100143
145866.0
3.38707494736
145443.2
3.38823103905
145590.0
3.38943004608
145452.0
3.39059400558
145168.0
3.39175510406
145168.0
3.3929131031
144892.8
3.39421415329
144608.8
3.39539504051
145452.0
3.39658808708
145168.0
3.39777612686
145305.6
3.39895200729
145168.0
3.40013003349
145452.0
3.40130710602
145168.0
3.40249609947
145590.0
3.40368509293
145580.8
3.40490007401
145168.0
3.40608096123
145030.4
3.40725493431
145030.4
3.4084341526
145030.4
3.40960812569
145305.6
3.41078901291
145030.4
3.41196393967
145452.0
3.4131500721
145168.0
3.41435813904
145452.0
3.41553807259
145305.6
3.41671609879
145168.0
3.41789197922
145305.6
3.41906905174
145305.6
3.42027497292
145030.4
3.42146515846
145728.0
3.42264795303
145168.0
3.42383098602
145168.0
3.42501211166
145590.0
3.42619609833
145030.4
3.42737412453
145168.0
3.42855906487
145305.6
3.42974615097
145590.0
3.43092107773
145168.0
3.43209409714
145030.4
3.4332690239
145168.0
3.43445897102
145168.0
3.43563008308
145168.0
3.43681406975
145168.0
3.43800210953
145168.0
3.4391810894
145590.0
3.44036197662
145168.0
3.44155311584
145168.0
3.44273114204
145590.0
3.4439239502
145030.4
3.44511008263
145030.4
3.4462890625
144883.2
3.44746613503
145452.0
3.44864010811
145030.4
3.44981503487
145030.4
3.45100212097
145168.0
3.45217704773
145305.6
3.45336008072
145728.0
3.45455312729
145168.0
3.4557299614
145452.0
3.45691514015
145030.4
3.45809793472
145305.6
3.45927596092
144608.8
3.46048402786
144892.8
3.46167016029
144608.8
3.46285510063
145030.4
3.46404695511
145020.4
3.46520709991
145168.0
3.46636509895
145452.0
3.46752214432
145030.4
3.46869206429
145168.0
3.46985197067
145305.6
3.47101306915
145728.0
3.47217297554
145168.0
3.4733300209
145452.0
3.47453212738
145305.6
3.47571396828
145452.0
3.47693514824
145168.0
3.4781191349
145168.0
3.47930002213
145030.4
3.48047614098
145305.6
3.48165106773
145168.0
3.48282504082
145168.0
3.48401498795
145728.0
3.48523616791
145168.0
3.48641896248
145728.0
3.48760008812
145305.6
3.48877596855
145728.0
3.48994708061
145590.0
3.49112701416
145590.0
3.4923350811
145030.4
3.49356102943
145305.6
3.4947450161
144608.8
3.49592614174
145590.0
3.4971010685
145168.0
3.49828600883
145030.4
3.49946808815
145305.6
3.50066995621
145168.0
3.50185203552
145305.6
3.50302815437
145452.0
3.50422406197
145590.0
3.50539803505
145305.6
3.5065741539
145030.4
3.50775814056
145030.4
3.50895214081
145030.4
3.5101480484
145030.4
3.51132297516
145168.0
3.5125041008
145590.0
3.5136950016
145168.0
3.51486802101
145030.4
3.51604795456
145030.4
3.51724004745
145030.4
3.51842308044
145866.0
3.51960206032
145168.0
3.52078509331
145590.0
3.52195906639
145590.0
3.5231320858
145305.6
3.52435994148
145168.0
3.52557516098
144746.0
3.5267469883
145030.4
3.5279340744
145030.4
3.52910900116
145030.4
3.5302939415
145443.2
3.53147101402
145305.6
3.53267097473
145168.0
3.53386902809
145168.0
3.53504896164
145305.6
3.53622913361
145305.6
3.53740906715
145305.6
3.53858399391
145305.6
3.53976202011
145168.0
3.54095411301
145030.4
3.54213905334
145728.0
3.54330897331
145168.0
3.54449796677
145305.6
3.54567503929
144746.0
3.54685616493
145030.4
3.54803299904
145168.0
3.54923701286
145168.0
3.55042600632
145168.0
3.55160498619
145168.0
3.55277895927
145590.0
3.55396294594
145305.6
3.55514001846
145866.0
3.55633807182
145590.0
3.55752801895
145168.0
3.55870699883
145168.0
3.55988812447
144746.0
3.56106901169
145305.6
3.56224799156
145728.0
3.56343007088
145030.4
3.56462597847
145590.0
3.56580996513
145030.4
3.5669901371
145305.6
3.56817603111
145728.0
3.56934905052
145728.0
3.57052206993
145728.0
3.57169413567
145728.0
3.57291197777
145443.2
3.57414197922
145305.6
3.57532215118
145305.6
3.57649707794
145305.6
3.57768201828
145030.4
3.57885694504
145866.0
3.58003401756
145728.0
3.58124804497
145305.6
3.58242797852
145168.0
3.58362102509
145030.4
3.58480596542
145728.0
3.58597612381
146004.0
3.58715415001
145305.6
3.58835697174
145590.0
3.5895690918
145168.0
3.59074997902
145314.0
3.59192800522
145157.6
3.59310603142
145728.0
3.59430909157
145168.0
3.59548711777
145168.0
3.59668016434
145168.0
3.5978679657
145168.0
3.5990459919
145305.6
3.6002240181
145590.0
3.60139894485
145728.0
3.60257101059
145590.0
3.6037530899
145443.2
3.60494112968
145728.0
3.60612893105
145305.6
3.60731315613
145168.0
3.60849308968
145590.0
3.60966801643
145866.0
3.61085009575
145305.6
3.61202907562
145590.0
3.61324906349
145728.0
3.61443996429
145168.0
3.61562299728
145728.0
3.61680316925
145443.2
3.6179831028
145866.0
3.61916303635
145305.6
3.62037110329
146150.4
3.6215839386
145443.2
3.62275409698
145728.0
3.62395215034
145866.0
3.62512803078
145590.0
3.62630796432
145305.6
3.62748193741
145590.0
3.62868094444
145728.0
3.62986302376
145305.6
3.6310441494
145728.0
3.6322259903
145728.0
3.63340115547
145590.0
3.63458895683
145443.2
3.63576602936
145728.0
3.63695001602
145866.0
3.63812994957
145443.2
3.63930606842
145168.0
3.64048600197
145866.0
3.64166712761
145305.6
3.64283895493
145728.0
3.64403510094
145305.6
3.64522600174
145305.6
3.64638209343
146004.0
3.64754414558
145728.0
3.64870214462
145305.6
3.64985704422
145590.0
3.6510219574
145866.0
3.65217709541
145580.8
3.65334105492
145590.0
3.65455102921
146004.0
3.65573000908
145728.0
3.65690994263
146004.0
3.65808606148
145866.0
3.65927505493
145580.8
3.66049098969
145305.6
3.66167497635
146004.0
3.66285204887
146004.0
3.66404294968
146280.0
3.6652200222
146565.6
3.66639494896
146004.0
3.66757202148
146427.2
3.66876101494
146280.0
3.66994595528
146418.0
3.67112398148
146280.0
3.67230010033
146704.0
3.67347311974
146142.0
3.67470002174
146142.0
3.67587709427
146280.0
3.67707204819
146280.0
3.67824912071
146565.6
3.67942500114
146142.0
3.68059706688
146565.6
3.6817779541
146418.0
3.68295407295
146142.0
3.68414402008
146565.6
3.68532705307
146418.0
3.6865029335
146842.4
3.687677145
147544.4
3.68885803223
146842.4
3.69003605843
146704.0
3.6912150383
146842.4
3.69243693352
146704.0
3.6936340332
146842.4
3.6948120594
146556.0
3.69598603249
146842.4
3.69716596603
147266.8
3.69834494591
146280.0
--- writing finished at 1395478890.19
