-----------------
1395471502.6
147273.6
1395471502.6
148820.0
1395471502.6
149526.0
1395471502.61
148960.0
1395471502.61
148820.0
1395471502.61
149385.6
1395471502.61
149104.8
1395471502.61
149526.0
1395471502.61
149526.0
1395471502.61
149245.2
1395471502.61
149526.0
1395471502.62
148964.4
1395471502.62
149385.6
1395471502.62
148960.0
1395471502.62
149385.6
1395471502.62
148680.0
1395471502.62
148680.0
1395471502.62
148960.0
1395471502.62
149526.0
1395471502.62
149385.6
1395471502.63
149245.2
1395471502.63
149245.2
1395471502.63
149526.0
1395471502.63
149385.6
1395471502.63
148820.0
1395471502.63
149104.8
1395471502.63
149245.2
1395471502.63
149526.0
1395471502.64
148960.0
1395471502.64
149104.8
1395471502.64
149385.6
1395471502.64
148964.4
1395471502.64
149526.0
1395471502.64
149385.6
1395471502.64
149952.0
1395471502.64
149526.0
1395471502.64
149104.8
1395471502.65
149529.6
1395471502.65
149245.2
1395471502.65
149385.6
1395471502.65
149385.6
1395471502.65
148964.4
1395471502.65
148960.0
1395471502.65
149385.6
1395471502.65
149385.6
1395471502.66
149100.0
1395471502.66
148964.4
1395471502.66
149385.6
1395471502.66
149526.0
1395471502.66
149526.0
1395471502.66
150092.8
1395471502.66
149104.8
1395471502.66
149385.6
1395471502.66
149526.0
1395471502.67
149245.2
1395471502.67
148960.0
1395471502.67
148964.4
1395471502.67
149385.6
1395471502.67
149526.0
1395471502.67
149526.0
1395471502.67
149526.0
1395471502.67
149104.8
1395471502.68
149385.6
1395471502.68
149666.4
1395471502.68
149526.0
1395471502.68
149952.0
1395471502.68
149385.6
1395471502.68
149104.8
1395471502.68
149670.4
1395471502.68
149245.2
1395471502.68
149245.2
1395471502.69
149245.2
1395471502.69
149245.2
1395471502.69
149385.6
1395471502.69
148960.0
1395471502.69
149811.2
1395471502.69
148960.0
1395471502.69
148680.0
1395471502.69
149526.0
1395471502.7
149526.0
1395471502.7
149385.6
1395471502.7
149385.6
1395471502.7
148540.0
1395471502.7
149526.0
1395471502.7
149526.0
1395471502.7
149245.2
1395471502.7
149811.2
1395471502.7
148540.0
1395471502.71
149100.0
1395471502.71
149100.0
1395471502.71
149526.0
1395471502.71
149952.0
1395471502.71
149245.2
1395471502.71
149666.4
1395471502.71
149811.2
1395471502.71
149952.0
1395471502.72
149385.6
1395471502.72
148964.4
1395471502.72
149526.0
1395471502.72
149666.4
1395471502.72
149526.0
1395471502.72
149245.2
1395471502.72
149526.0
1395471502.72
149952.0
1395471502.72
149100.0
1395471502.73
149526.0
1395471502.73
149245.2
1395471502.73
149666.4
1395471502.73
149526.0
1395471502.73
149526.0
1395471502.73
149245.2
1395471502.73
148964.4
1395471502.73
149385.6
1395471502.74
148960.0
1395471502.74
149952.0
1395471502.74
149385.6
1395471502.74
149670.4
1395471502.74
149245.2
1395471502.74
149100.0
1395471502.74
149666.4
1395471502.74
150092.8
1395471502.74
148820.0
1395471502.75
149385.6
1395471502.75
149526.0
1395471502.75
149385.6
1395471502.75
149385.6
1395471502.75
148820.0
1395471502.75
149245.2
1395471502.75
149526.0
1395471502.75
149666.4
1395471502.76
149385.6
1395471502.76
149385.6
1395471502.76
149245.2
1395471502.76
149806.8
1395471502.76
150092.8
1395471502.76
149666.4
1395471502.76
149385.6
1395471502.76
149104.8
1395471502.77
148960.0
1395471502.77
149526.0
1395471502.77
148960.0
1395471502.77
149385.6
1395471502.77
149104.8
1395471502.77
149666.4
1395471502.77
149526.0
1395471502.77
149666.4
1395471502.77
149952.0
1395471502.78
149529.6
1395471502.78
149670.4
1395471502.78
149952.0
1395471502.78
149811.2
1395471502.78
149526.0
1395471502.78
149104.8
1395471502.78
149529.6
1395471502.78
149526.0
1395471502.79
148960.0
1395471502.79
149100.0
1395471502.79
148964.4
1395471502.79
149245.2
1395471502.79
149240.0
1395471502.79
149385.6
1395471502.79
149526.0
1395471502.79
149104.8
1395471502.79
149670.4
1395471502.8
149526.0
1395471502.8
149385.6
1395471502.8
149385.6
1395471502.8
148964.4
1395471502.8
149245.2
1395471502.8
149526.0
1395471502.8
148960.0
1395471502.8
148960.0
1395471502.81
149104.8
1395471502.81
149385.6
1395471502.81
148960.0
1395471502.81
149526.0
1395471502.81
149526.0
1395471502.81
149104.8
1395471502.81
149385.6
1395471502.81
149526.0
1395471502.81
149385.6
1395471502.82
149245.2
1395471502.82
148540.0
1395471502.82
148820.0
1395471502.82
149385.6
1395471502.82
149385.6
1395471502.82
149385.6
1395471502.82
149529.6
1395471502.82
149385.6
1395471502.83
149526.0
1395471502.83
149666.4
1395471502.83
149526.0
1395471502.83
149245.2
1395471502.83
149385.6
1395471502.83
149526.0
1395471502.83
149811.2
1395471502.83
148960.0
1395471502.83
148964.4
1395471502.84
149245.2
1395471502.84
149526.0
1395471502.84
149526.0
1395471502.84
149385.6
1395471502.84
149385.6
1395471502.84
149670.4
1395471502.84
149666.4
1395471502.84
149100.0
1395471502.85
149526.0
1395471502.85
149245.2
1395471502.85
149104.8
1395471502.85
149526.0
1395471502.85
149385.6
1395471502.85
149526.0
1395471502.86
147836.4
1395471502.86
148960.0
1395471502.86
149526.0
1395471502.86
149385.6
1395471502.86
149245.2
1395471502.86
149529.6
1395471502.86
149811.2
1395471502.86
149385.6
1395471502.87
149245.2
1395471502.87
149245.2
1395471502.87
149104.8
1395471502.87
149385.6
1395471502.87
149811.2
1395471502.87
149526.0
1395471502.87
149104.8
1395471502.87
149666.4
1395471502.87
148540.0
1395471502.88
149385.6
1395471502.88
149526.0
1395471502.88
149104.8
1395471502.88
149388.8
1395471502.88
149526.0
1395471502.88
149385.6
1395471502.88
149385.6
1395471502.88
149245.2
1395471502.89
149104.8
1395471502.89
149526.0
1395471502.89
148960.0
1395471502.89
149385.6
1395471502.89
148960.0
1395471502.89
148680.0
1395471502.89
149666.4
1395471502.89
149385.6
1395471502.89
149526.0
1395471502.9
149666.4
1395471502.9
148964.4
1395471502.9
149526.0
1395471502.9
149245.2
1395471502.9
149385.6
1395471502.9
149385.6
1395471502.9
148540.0
1395471502.9
148960.0
1395471502.91
149385.6
1395471502.91
149385.6
1395471502.91
149104.8
1395471502.91
148964.4
1395471502.91
148960.0
1395471502.91
149952.0
1395471502.91
149666.4
1395471502.91
149385.6
1395471502.91
149388.8
1395471502.92
149245.2
1395471502.92
148960.0
1395471502.92
148820.0
1395471502.92
149385.6
1395471502.92
148964.4
1395471502.92
149245.2
1395471502.92
148960.0
1395471502.92
149385.6
1395471502.93
148960.0
1395471502.93
149245.2
1395471502.93
149245.2
1395471502.93
149526.0
1395471502.93
149385.6
1395471502.93
149245.2
1395471502.93
149670.4
1395471502.93
149104.8
1395471502.93
148960.0
1395471502.94
149245.2
1395471502.94
148820.0
1395471502.94
149385.6
1395471502.94
149107.2
1395471502.94
148960.0
1395471502.94
149811.2
1395471502.94
149526.0
1395471502.94
148960.0
1395471502.95
149104.8
1395471502.95
149670.4
1395471502.95
149385.6
1395471502.95
149385.6
1395471502.95
149811.2
1395471502.95
148964.4
1395471502.95
149385.6
1395471502.95
149526.0
1395471502.95
149100.0
1395471502.96
149245.2
1395471502.96
148964.4
1395471502.96
149100.0
1395471502.96
149526.0
1395471502.96
149526.0
1395471502.96
149952.0
1395471502.96
148964.4
1395471502.96
149385.6
1395471502.97
149385.6
1395471502.97
148960.0
1395471502.97
148820.0
1395471502.97
148680.0
1395471502.97
149245.2
1395471502.97
149385.6
1395471502.97
149385.6
1395471502.97
148820.0
1395471502.97
149104.8
1395471502.98
149385.6
1395471502.98
149526.0
1395471502.98
149666.4
1395471502.98
149245.2
1395471502.98
149104.8
1395471502.98
149245.2
1395471502.98
149385.6
1395471502.98
148960.0
1395471502.99
148960.0
1395471502.99
149104.8
1395471502.99
149388.8
1395471502.99
149385.6
1395471502.99
149385.6
1395471502.99
149385.6
1395471502.99
149526.0
1395471502.99
149104.8
1395471503.0
149526.0
1395471503.0
149385.6
1395471503.0
148960.0
1395471503.0
149245.2
1395471503.0
148964.4
1395471503.0
149385.6
1395471503.0
149385.6
1395471503.0
149385.6
1395471503.0
148820.0
1395471503.01
149104.8
1395471503.01
148680.0
1395471503.01
148960.0
1395471503.01
149385.6
1395471503.01
149385.6
1395471503.01
149104.8
1395471503.01
149245.2
1395471503.01
149385.6
1395471503.02
148820.0
1395471503.02
149385.6
1395471503.02
148540.0
1395471503.02
149245.2
1395471503.02
149385.6
1395471503.02
149385.6
1395471503.02
149385.6
1395471503.02
148820.0
1395471503.02
149104.8
1395471503.03
149811.2
1395471503.03
149526.0
1395471503.03
149670.4
1395471503.03
149670.4
1395471503.03
149104.8
1395471503.03
149385.6
1395471503.03
148960.0
1395471503.03
148820.0
1395471503.04
149385.6
1395471503.04
148824.0
1395471503.04
149526.0
1395471503.04
149385.6
1395471503.04
148960.0
1395471503.04
149385.6
1395471503.04
149104.8
1395471503.04
149100.0
1395471503.04
149526.0
1395471503.05
149526.0
1395471503.05
148820.0
1395471503.05
148964.4
1395471503.05
149526.0
1395471503.05
149385.6
1395471503.05
148960.0
1395471503.05
149385.6
1395471503.05
148964.4
1395471503.06
149385.6
1395471503.06
149385.6
1395471503.06
149385.6
1395471503.06
149952.0
1395471503.06
148964.4
1395471503.06
149526.0
1395471503.06
149811.2
1395471503.06
149385.6
1395471503.06
148960.0
1395471503.07
148964.4
1395471503.07
149245.2
1395471503.07
148960.0
1395471503.07
149385.6
1395471503.07
149104.8
1395471503.07
149385.6
1395471503.07
149670.4
1395471503.07
148820.0
1395471503.08
149100.0
1395471503.08
149104.8
1395471503.08
149385.6
1395471503.08
149526.0
1395471503.08
148960.0
1395471503.08
149385.6
1395471503.08
148964.4
1395471503.08
148820.0
1395471503.08
148960.0
1395471503.09
148960.0
1395471503.09
149385.6
1395471503.09
148680.0
1395471503.09
149385.6
1395471503.09
149385.6
1395471503.09
149526.0
1395471503.09
149385.6
1395471503.09
148820.0
1395471503.1
149529.6
1395471503.1
149385.6
1395471503.1
149385.6
1395471503.1
149385.6
1395471503.1
148820.0
1395471503.1
148540.0
1395471503.1
149100.0
1395471503.1
149385.6
1395471503.1
148960.0
1395471503.11
149245.2
1395471503.11
149104.8
1395471503.11
149666.4
1395471503.11
149526.0
1395471503.11
149811.2
1395471503.11
149952.0
1395471503.11
149245.2
1395471503.11
149526.0
1395471503.12
149670.4
1395471503.12
149245.2
1395471503.12
149245.2
1395471503.12
149526.0
1395471503.12
149952.0
1395471503.12
148960.0
1395471503.12
148820.0
1395471503.12
148964.4
1395471503.12
149529.6
1395471503.13
149952.0
1395471503.13
149666.4
1395471503.13
149526.0
1395471503.13
149104.8
1395471503.13
149100.0
1395471503.13
149526.0
1395471503.13
149385.6
1395471503.13
149385.6
1395471503.14
149104.8
1395471503.14
148960.0
1395471503.14
149385.6
1395471503.14
149245.2
1395471503.14
149385.6
1395471503.14
149529.6
1395471503.14
149666.4
1395471503.14
149526.0
1395471503.14
149385.6
1395471503.15
149385.6
1395471503.15
149529.6
1395471503.15
148960.0
1395471503.15
149245.2
1395471503.15
149526.0
1395471503.15
149385.6
1395471503.15
148964.4
1395471503.15
149100.0
1395471503.16
149245.2
1395471503.16
149385.6
1395471503.16
149245.2
1395471503.16
149529.6
1395471503.16
149526.0
1395471503.16
149526.0
1395471503.16
149526.0
1395471503.16
149245.2
1395471503.16
148964.4
1395471503.17
148964.4
1395471503.17
149385.6
1395471503.17
149385.6
1395471503.17
149526.0
1395471503.17
149385.6
1395471503.17
148964.4
1395471503.17
149385.6
1395471503.17
149526.0
1395471503.18
149666.4
1395471503.18
149952.0
1395471503.18
148680.0
1395471503.18
149666.4
1395471503.18
149100.0
1395471503.18
149526.0
1395471503.18
149385.6
1395471503.18
148964.4
1395471503.19
149385.6
1395471503.19
149526.0
1395471503.19
149245.2
1395471503.19
149245.2
1395471503.19
148820.0
1395471503.19
149104.8
1395471503.19
149952.0
1395471503.19
149385.6
1395471503.19
149952.0
1395471503.2
149245.2
1395471503.2
148964.4
1395471503.2
149100.0
1395471503.2
149385.6
1395471503.2
148820.0
1395471503.2
149245.2
1395471503.2
149104.8
1395471503.2
149811.2
1395471503.21
149385.6
1395471503.21
149385.6
1395471503.21
149670.4
1395471503.21
149104.8
1395471503.21
149526.0
1395471503.21
149385.6
1395471503.21
149385.6
1395471503.21
148820.0
1395471503.21
148540.0
1395471503.22
149385.6
1395471503.22
148960.0
1395471503.22
148960.0
1395471503.22
149385.6
1395471503.22
149104.8
1395471503.22
149385.6
1395471503.22
149526.0
1395471503.22
149385.6
1395471503.23
148960.0
1395471503.23
149245.2
1395471503.23
148820.0
1395471503.23
149811.2
1395471503.23
149245.2
1395471503.23
149385.6
1395471503.23
148680.0
1395471503.23
148680.0
1395471503.23
149385.6
1395471503.24
149385.6
1395471503.24
149245.2
1395471503.24
149245.2
1395471503.24
149245.2
1395471503.24
149526.0
1395471503.24
149526.0
1395471503.24
149526.0
1395471503.24
149245.2
1395471503.25
149529.6
1395471503.25
149385.6
1395471503.25
148960.0
1395471503.25
149245.2
1395471503.25
148820.0
1395471503.25
148540.0
1395471503.25
148960.0
1395471503.25
149245.2
1395471503.26
148960.0
1395471503.26
148960.0
1395471503.26
148540.0
1395471503.26
148820.0
1395471503.26
149526.0
1395471503.26
149385.6
1395471503.26
148820.0
1395471503.26
149104.8
1395471503.26
148964.4
1395471503.27
149385.6
1395471503.27
149245.2
1395471503.27
148394.8
1395471503.27
148960.0
1395471503.27
148824.0
1395471503.27
148820.0
1395471503.27
148820.0
1395471503.27
148960.0
1395471503.28
149245.2
1395471503.28
149104.8
1395471503.28
148820.0
1395471503.28
149385.6
1395471503.28
149670.4
1395471503.28
149385.6
1395471503.28
148540.0
1395471503.28
148540.0
1395471503.28
148960.0
1395471503.29
149385.6
1395471503.29
149104.8
1395471503.29
149104.8
1395471503.29
149388.8
1395471503.29
149526.0
1395471503.29
149245.2
1395471503.29
148960.0
1395471503.29
149385.6
1395471503.3
148540.0
1395471503.3
149385.6
1395471503.3
148820.0
1395471503.3
148680.0
1395471503.3
148115.6
1395471503.3
148683.6
1395471503.3
149385.6
1395471503.3
149245.2
1395471503.3
148820.0
1395471503.31
149104.8
1395471503.31
148964.4
1395471503.31
149245.2
1395471503.31
149245.2
1395471503.31
149245.2
1395471503.31
148820.0
1395471503.31
148964.4
1395471503.31
148960.0
1395471503.32
148540.0
1395471503.32
148964.4
1395471503.32
147976.0
1395471503.32
148400.0
1395471503.32
148820.0
1395471503.32
148680.0
1395471503.32
149104.8
1395471503.32
148824.0
1395471503.32
148115.6
1395471503.33
149385.6
1395471503.33
149385.6
1395471503.33
149245.2
1395471503.33
149104.8
1395471503.33
148540.0
1395471503.33
149245.2
1395471503.33
149245.2
1395471503.33
148680.0
1395471503.34
148820.0
1395471503.34
148824.0
1395471503.34
149385.6
1395471503.34
148680.0
1395471503.34
148680.0
1395471503.34
148680.0
1395471503.34
148964.4
1395471503.34
149385.6
1395471503.34
148820.0
1395471503.35
149245.2
1395471503.35
149104.8
1395471503.35
148824.0
1395471503.35
148820.0
1395471503.35
148820.0
1395471503.35
148680.0
1395471503.35
149245.2
1395471503.35
149107.2
1395471503.36
148680.0
1395471503.36
148820.0
1395471503.36
148960.0
1395471503.36
148394.8
1395471503.36
148824.0
1395471503.36
149385.6
1395471503.36
148960.0
1395471503.36
149529.6
1395471503.37
148680.0
1395471503.37
148400.0
1395471503.37
149245.2
1395471503.37
148680.0
1395471503.37
149104.8
1395471503.37
148400.0
1395471503.37
148964.4
1395471503.37
149245.2
1395471503.37
149245.2
1395471503.38
149245.2
1395471503.38
148824.0
1395471503.38
149385.6
1395471503.38
149385.6
1395471503.38
148680.0
1395471503.38
148820.0
1395471503.38
148824.0
1395471503.38
148680.0
1395471503.38
149245.2
1395471503.39
149245.2
1395471503.39
148680.0
1395471503.39
147976.0
1395471503.39
148683.6
1395471503.39
147840.0
1395471503.39
147836.4
1395471503.39
148960.0
1395471503.39
149245.2
1395471503.4
149385.6
1395471503.4
148680.0
1395471503.4
148540.0
1395471503.4
148820.0
1395471503.4
149245.2
1395471503.4
149245.2
1395471503.4
148820.0
1395471503.4
148260.0
1395471503.41
149104.8
1395471503.41
148820.0
1395471503.41
148820.0
1395471503.41
148960.0
1395471503.41
148964.4
1395471503.41
149385.6
1395471503.41
149385.6
1395471503.41
149245.2
1395471503.41
148820.0
1395471503.42
148540.0
1395471503.42
148680.0
1395471503.42
148960.0
1395471503.42
148680.0
1395471503.42
148820.0
1395471503.42
148540.0
1395471503.42
149245.2
1395471503.42
149385.6
1395471503.43
149245.2
1395471503.43
148960.0
1395471503.43
148680.0
1395471503.43
148680.0
1395471503.43
149670.4
1395471503.43
149104.8
1395471503.43
149245.2
1395471503.43
148964.4
1395471503.43
148964.4
1395471503.44
149385.6
1395471503.44
148680.0
1395471503.44
148680.0
1395471503.44
148540.0
1395471503.44
149104.8
1395471503.44
148960.0
1395471503.44
149245.2
1395471503.44
148820.0
1395471503.45
149245.2
1395471503.45
148964.4
1395471503.45
149385.6
1395471503.45
149385.6
1395471503.45
149104.8
1395471503.45
148680.0
1395471503.45
148824.0
1395471503.45
148680.0
1395471503.46
148960.0
1395471503.46
149245.2
1395471503.46
149245.2
1395471503.46
148540.0
1395471503.46
149104.8
1395471503.46
149526.0
1395471503.46
149245.2
1395471503.46
149245.2
1395471503.46
149245.2
1395471503.47
148680.0
1395471503.47
148960.0
1395471503.47
148820.0
1395471503.47
148820.0
1395471503.47
148540.0
1395471503.47
148680.0
1395471503.47
149385.6
1395471503.47
149245.2
1395471503.48
148960.0
1395471503.48
148680.0
1395471503.48
148820.0
1395471503.48
149526.0
1395471503.48
149245.2
1395471503.48
148960.0
1395471503.48
149104.8
1395471503.48
149104.8
1395471503.48
149526.0
1395471503.49
149385.6
1395471503.49
149245.2
1395471503.49
148964.4
1395471503.49
149245.2
1395471503.49
149385.6
1395471503.49
149385.6
1395471503.49
149385.6
1395471503.49
148964.4
1395471503.5
149526.0
1395471503.5
149385.6
1395471503.5
149385.6
1395471503.5
149245.2
1395471503.5
148540.0
1395471503.5
149245.2
1395471503.5
149385.6
1395471503.5
149385.6
1395471503.5
149245.2
1395471503.51
148964.4
1395471503.51
148680.0
1395471503.51
149385.6
1395471503.51
149245.2
1395471503.51
148820.0
1395471503.51
149104.8
1395471503.51
149529.6
1395471503.51
149385.6
1395471503.52
149104.8
1395471503.52
149385.6
1395471503.52
149245.2
1395471503.52
149104.8
1395471503.52
149526.0
1395471503.52
149385.6
1395471503.52
148820.0
1395471503.52
149104.8
1395471503.52
148680.0
1395471503.53
149666.4
1395471503.53
149385.6
1395471503.53
149385.6
1395471503.53
149245.2
1395471503.53
149388.8
1395471503.53
149385.6
1395471503.53
149385.6
1395471503.53
149385.6
1395471503.54
148964.4
1395471503.54
149385.6
1395471503.54
149385.6
1395471503.54
149385.6
1395471503.54
148960.0
1395471503.54
148964.4
1395471503.54
149385.6
1395471503.54
149526.0
1395471503.54
150092.8
1395471503.55
149385.6
1395471503.55
148964.4
1395471503.55
148960.0
1395471503.55
149100.0
1395471503.55
149526.0
1395471503.55
149385.6
1395471503.55
148964.4
1395471503.55
149526.0
1395471503.56
148820.0
1395471503.56
148960.0
1395471503.56
149385.6
1395471503.56
148964.4
1395471503.56
149526.0
1395471503.56
149952.0
1395471503.56
149385.6
1395471503.56
149245.2
1395471503.56
148824.0
1395471503.57
149526.0
1395471503.57
149385.6
1395471503.57
149245.2
1395471503.57
149245.2
1395471503.57
148964.4
1395471503.57
149385.6
1395471503.57
149385.6
1395471503.57
149385.6
1395471503.58
148960.0
1395471503.58
148964.4
1395471503.58
149666.4
1395471503.58
149385.6
1395471503.58
149670.4
1395471503.58
149385.6
1395471503.58
148964.4
1395471503.58
149385.6
1395471503.58
149385.6
1395471503.59
149104.8
1395471503.59
148680.0
1395471503.59
149104.8
1395471503.59
148820.0
1395471503.59
149670.4
1395471503.59
149104.8
1395471503.59
149385.6
1395471503.59
148964.4
1395471503.6
148680.0
1395471503.6
148960.0
1395471503.6
149245.2
1395471503.6
148820.0
1395471503.6
148400.0
1395471503.6
148960.0
1395471503.6
149385.6
1395471503.6
149245.2
1395471503.6
149245.2
1395471503.61
148824.0
1395471503.61
149245.2
1395471503.61
149385.6
1395471503.61
149526.0
1395471503.61
149526.0
1395471503.61
148540.0
1395471503.61
149385.6
1395471503.61
149245.2
1395471503.62
149385.6
1395471503.62
149245.2
1395471503.62
148964.4
1395471503.62
149245.2
1395471503.62
148820.0
1395471503.62
149245.2
1395471503.62
148540.0
1395471503.62
149385.6
1395471503.62
148820.0
1395471503.63
149526.0
1395471503.63
149385.6
1395471503.63
148964.4
1395471503.63
149529.6
1395471503.63
149385.6
1395471503.63
149245.2
1395471503.63
149385.6
1395471503.63
148824.0
1395471503.64
149385.6
1395471503.64
148820.0
1395471503.64
148820.0
1395471503.64
148820.0
1395471503.64
148964.4
1395471503.64
149388.8
1395471503.64
149526.0
1395471503.64
149526.0
1395471503.64
149245.2
1395471503.65
149104.8
1395471503.65
149245.2
1395471503.65
149385.6
1395471503.65
149526.0
1395471503.65
149385.6
1395471503.65
148540.0
1395471503.65
149104.8
1395471503.65
149385.6
1395471503.66
148820.0
1395471503.66
148820.0
1395471503.66
148964.4
1395471503.66
149388.8
1395471503.66
149100.0
1395471503.66
149385.6
1395471503.66
149526.0
1395471503.66
148964.4
1395471503.67
149104.8
1395471503.67
149526.0
1395471503.67
149104.8
1395471503.67
149104.8
1395471503.67
148680.0
1395471503.67
149104.8
1395471503.67
149526.0
1395471503.67
149245.2
1395471503.67
149104.8
1395471503.68
149104.8
1395471503.68
148964.4
1395471503.68
149529.6
1395471503.68
149385.6
1395471503.68
149245.2
1395471503.68
149385.6
1395471503.68
148964.4
1395471503.68
149385.6
1395471503.69
149104.8
1395471503.69
148960.0
1395471503.69
148960.0
1395471503.69
149811.2
1395471503.69
148824.0
1395471503.69
148820.0
1395471503.69
148960.0
1395471503.69
149385.6
1395471503.69
149245.2
1395471503.7
148680.0
1395471503.7
149104.8
1395471503.7
149385.6
1395471503.7
148820.0
1395471503.7
149245.2
1395471503.7
149104.8
1395471503.7
148680.0
1395471503.7
148820.0
1395471503.71
148820.0
1395471503.71
148820.0
1395471503.71
148964.4
1395471503.71
149104.8
1395471503.71
149100.0
1395471503.71
149385.6
1395471503.71
149245.2
1395471503.71
148964.4
1395471503.71
148680.0
1395471503.72
149526.0
1395471503.72
149385.6
1395471503.72
148820.0
1395471503.72
148824.0
1395471503.72
149385.6
1395471503.72
148820.0
1395471503.72
148820.0
1395471503.72
148120.0
1395471503.73
148680.0
1395471503.73
149385.6
1395471503.73
149385.6
1395471503.73
149385.6
1395471503.73
148540.0
1395471503.73
148680.0
1395471503.73
148820.0
1395471503.73
148820.0
1395471503.73
149245.2
1395471503.74
148540.0
1395471503.74
149104.8
1395471503.74
148960.0
1395471503.74
148680.0
1395471503.74
149245.2
1395471503.74
148964.4
1395471503.74
149104.8
1395471503.74
149385.6
1395471503.75
149245.2
1395471503.75
148960.0
1395471503.75
148824.0
1395471503.75
148680.0
1395471503.75
148960.0
1395471503.75
149245.2
1395471503.75
149245.2
1395471503.75
148964.4
1395471503.75
149104.8
1395471503.76
148820.0
1395471503.76
149104.8
1395471503.76
148820.0
1395471503.76
148680.0
1395471503.76
149104.8
1395471503.76
148960.0
1395471503.76
149245.2
1395471503.76
148820.0
1395471503.77
148680.0
1395471503.77
148964.4
1395471503.77
148820.0
1395471503.77
149245.2
1395471503.77
148680.0
1395471503.77
148680.0
1395471503.77
148964.4
1395471503.77
149245.2
1395471503.77
148820.0
1395471503.78
148960.0
1395471503.78
149245.2
1395471503.78
148964.4
1395471503.78
149385.6
1395471503.78
149245.2
1395471503.78
149104.8
1395471503.78
148680.0
1395471503.78
148400.0
1395471503.79
149104.8
---writing finished---
1395471503.85
148394.8
1395471503.85
149385.6
1395471503.85
149385.6
1395471503.85
149385.6
1395471503.85
148540.0
1395471503.85
148960.0
1395471503.85
149100.0
1395471503.85
149385.6
1395471503.85
149385.6
1395471503.86
149245.2
1395471503.86
149104.8
1395471503.86
149526.0
1395471503.86
149385.6
1395471503.86
149100.0
1395471503.86
149952.0
1395471503.86
148680.0
1395471503.86
149670.4
1395471503.87
149526.0
1395471503.87
149385.6
1395471503.87
148964.4
1395471503.87
148820.0
1395471503.87
149666.4
1395471503.87
149526.0
1395471503.87
149385.6
1395471503.87
149104.8
1395471503.87
148960.0
1395471503.88
148960.0
1395471503.88
150092.8
1395471503.88
149104.8
1395471503.88
149526.0
1395471503.88
149385.6
1395471503.88
149385.6
1395471503.88
148820.0
1395471503.88
149104.8
1395471503.89
148820.0
1395471503.89
149526.0
1395471503.89
149385.6
1395471503.89
149385.6
1395471503.89
149248.0
1395471503.89
149670.4
1395471503.89
149385.6
1395471503.89
149526.0
1395471503.89
149952.0
1395471503.9
149104.8
1395471503.9
149385.6
1395471503.9
149385.6
1395471503.9
148820.0
1395471503.9
148394.8
1395471503.9
148680.0
1395471503.9
149245.2
1395471503.9
149385.6
1395471503.91
149385.6
1395471503.91
149385.6
1395471503.91
148964.4
1395471503.91
149245.2
1395471503.91
149666.4
1395471503.91
149526.0
1395471503.91
149526.0
1395471503.91
149245.2
1395471503.91
149245.2
1395471503.92
149385.6
1395471503.92
149245.2
1395471503.92
148820.0
1395471503.92
149245.2
1395471503.92
148964.4
1395471503.92
149385.6
1395471503.92
149385.6
1395471503.92
149811.2
1395471503.93
149385.6
1395471503.93
149104.8
1395471503.93
149666.4
1395471503.93
149952.0
1395471503.93
149526.0
1395471503.93
149385.6
1395471503.93
148964.4
1395471503.93
149385.6
1395471503.93
149385.6
1395471503.94
149385.6
1395471503.94
148960.0
1395471503.94
149388.8
1395471503.94
149385.6
1395471503.94
149526.0
1395471503.94
149385.6
1395471503.94
149526.0
1395471503.94
148964.4
1395471503.95
149385.6
1395471503.95
149385.6
1395471503.95
149245.2
1395471503.95
149385.6
1395471503.95
148824.0
1395471503.95
149385.6
1395471503.95
149385.6
1395471503.95
149385.6
1395471503.95
149385.6
1395471503.96
149104.8
1395471503.96
149385.6
1395471503.96
149385.6
1395471503.96
149526.0
1395471503.96
149385.6
1395471503.96
149245.2
1395471503.96
149388.8
1395471503.96
149385.6
1395471503.97
149385.6
1395471503.97
149385.6
1395471503.97
148820.0
1395471503.97
149245.2
1395471503.97
149526.0
1395471503.97
149245.2
1395471503.97
148960.0
1395471503.97
148960.0
1395471503.98
148540.0
1395471503.98
149811.2
1395471503.98
149526.0
1395471503.98
149526.0
1395471503.98
149952.0
1395471503.98
148540.0
1395471503.98
149529.6
1395471503.98
149811.2
1395471503.98
149526.0
1395471503.99
149385.6
1395471503.99
149104.8
1395471503.99
149529.6
1395471503.99
149952.0
1395471503.99
149385.6
1395471503.99
149526.0
1395471503.99
149245.2
1395471503.99
149385.6
1395471504.0
149806.8
1395471504.0
149526.0
1395471504.0
149385.6
1395471504.0
148820.0
1395471504.0
149245.2
1395471504.0
149240.0
1395471504.0
149526.0
1395471504.0
149100.0
1395471504.0
149526.0
1395471504.01
148964.4
1395471504.01
149526.0
1395471504.01
149526.0
1395471504.01
149385.6
1395471504.01
149526.0
1395471504.01
149529.6
1395471504.01
149952.0
1395471504.01
149385.6
1395471504.02
149245.2
1395471504.02
149245.2
1395471504.02
149104.8
1395471504.02
149526.0
1395471504.02
149526.0
1395471504.02
149952.0
1395471504.02
149385.6
1395471504.02
149104.8
1395471504.02
149526.0
1395471504.03
149526.0
1395471504.03
149526.0
1395471504.03
149526.0
1395471504.03
149670.4
1395471504.03
149526.0
1395471504.03
149526.0
1395471504.03
149526.0
1395471504.03
149385.6
1395471504.04
149529.6
1395471504.04
148960.0
1395471504.04
149526.0
1395471504.04
149385.6
1395471504.04
149385.6
1395471504.04
149104.8
1395471504.04
149670.4
1395471504.04
149811.2
1395471504.04
149526.0
1395471504.05
149952.0
1395471504.05
149104.8
1395471504.05
149670.4
1395471504.05
149526.0
1395471504.05
149526.0
1395471504.05
149385.6
1395471504.05
149245.2
1395471504.05
148680.0
1395471504.06
149526.0
1395471504.06
149385.6
1395471504.06
149385.6
1395471504.06
149670.4
1395471504.06
149385.6
1395471504.06
149666.4
1395471504.06
150092.8
1395471504.06
149526.0
1395471504.06
148820.0
1395471504.07
149529.6
1395471504.07
148960.0
1395471504.07
149526.0
1395471504.07
149526.0
1395471504.07
149385.6
1395471504.07
149104.8
1395471504.07
149526.0
1395471504.07
149385.6
1395471504.08
149811.2
1395471504.08
149526.0
1395471504.08
149670.4
1395471504.08
149670.4
1395471504.08
149952.0
1395471504.08
149526.0
1395471504.08
149526.0
1395471504.08
148964.4
1395471504.09
149245.2
1395471504.09
149811.2
1395471504.09
149952.0
1395471504.09
149952.0
1395471504.09
149245.2
1395471504.09
149385.6
1395471504.09
149526.0
1395471504.09
149952.0
1395471504.09
149526.0
1395471504.1
149526.0
1395471504.1
149245.2
1395471504.1
149952.0
1395471504.1
149811.2
1395471504.1
149385.6
1395471504.1
149245.2
1395471504.1
149385.6
1395471504.1
149666.4
1395471504.11
149666.4
1395471504.11
149811.2
1395471504.11
149811.2
1395471504.11
149385.6
1395471504.11
150092.8
1395471504.11
149666.4
1395471504.11
149526.0
1395471504.11
149385.6
1395471504.11
149245.2
1395471504.12
149526.0
1395471504.12
149526.0
1395471504.12
149526.0
1395471504.12
149529.6
1395471504.12
149952.0
1395471504.12
149526.0
1395471504.12
149526.0
1395471504.12
149245.2
1395471504.13
149104.8
1395471504.13
149240.0
1395471504.13
149952.0
1395471504.13
149952.0
1395471504.13
149952.0
1395471504.13
149245.2
1395471504.13
149666.4
1395471504.13
148960.0
1395471504.13
149245.2
1395471504.14
149385.6
1395471504.14
149245.2
1395471504.14
149666.4
1395471504.14
149811.2
1395471504.14
148960.0
1395471504.14
149385.6
1395471504.14
149104.8
1395471504.14
149666.4
1395471504.15
149952.0
1395471504.15
149385.6
1395471504.15
149385.6
1395471504.15
148820.0
1395471504.15
149526.0
1395471504.15
149952.0
1395471504.15
149811.2
1395471504.15
149385.6
1395471504.15
149104.8
1395471504.16
149526.0
1395471504.16
149100.0
1395471504.16
149385.6
1395471504.16
149526.0
1395471504.16
149245.2
1395471504.16
149666.4
1395471504.16
149526.0
1395471504.16
149526.0
1395471504.17
149385.6
1395471504.17
148964.4
1395471504.17
149245.2
1395471504.17
149385.6
1395471504.17
149526.0
1395471504.17
149526.0
1395471504.17
149104.8
1395471504.17
148960.0
1395471504.17
149666.4
1395471504.18
149385.6
1395471504.18
150092.8
1395471504.18
149811.2
1395471504.18
150095.6
1395471504.18
149811.2
1395471504.18
149385.6
1395471504.18
148960.0
1395471504.18
149245.2
1395471504.19
149245.2
1395471504.19
149666.4
1395471504.19
149526.0
1395471504.19
149385.6
1395471504.19
149385.6
1395471504.19
149104.8
1395471504.19
149526.0
1395471504.19
149666.4
1395471504.19
149952.0
1395471504.2
149245.2
1395471504.2
149529.6
1395471504.2
149670.4
1395471504.2
148960.0
1395471504.2
149526.0
1395471504.2
149811.2
1395471504.2
149104.8
1395471504.2
149385.6
1395471504.21
149100.0
1395471504.21
149526.0
1395471504.21
149526.0
1395471504.21
149529.6
1395471504.21
149666.4
1395471504.21
149811.2
1395471504.21
149526.0
1395471504.21
149526.0
1395471504.21
149529.6
1395471504.22
149245.2
1395471504.22
149385.6
1395471504.22
149385.6
1395471504.22
149385.6
1395471504.22
149104.8
1395471504.22
149245.2
1395471504.22
149526.0
1395471504.22
149811.2
1395471504.23
149385.6
1395471504.23
149526.0
1395471504.23
149104.8
1395471504.23
149806.8
1395471504.23
149811.2
1395471504.23
149526.0
1395471504.23
149385.6
1395471504.23
148964.4
1395471504.24
149526.0
1395471504.24
149526.0
1395471504.24
149245.2
1395471504.24
149526.0
1395471504.24
148964.4
1395471504.24
149526.0
1395471504.24
149526.0
1395471504.24
149526.0
1395471504.24
149526.0
1395471504.25
149104.8
1395471504.25
149670.4
1395471504.25
149811.2
1395471504.25
149526.0
1395471504.25
149385.6
1395471504.25
148400.0
1395471504.25
148960.0
1395471504.25
148960.0
1395471504.26
149526.0
1395471504.26
149385.6
1395471504.26
148540.0
1395471504.26
149526.0
1395471504.26
149526.0
1395471504.26
149526.0
1395471504.26
149240.0
1395471504.26
149104.8
1395471504.26
149670.4
1395471504.27
149526.0
1395471504.27
149385.6
1395471504.27
149385.6
1395471504.27
149104.8
1395471504.27
149245.2
1395471504.27
149385.6
1395471504.27
149526.0
1395471504.27
148960.0
1395471504.28
148964.4
1395471504.28
149385.6
1395471504.28
149666.4
1395471504.28
149952.0
1395471504.28
149666.4
1395471504.28
148964.4
1395471504.28
149385.6
1395471504.28
149385.6
1395471504.28
149526.0
1395471504.29
149526.0
1395471504.29
149245.2
1395471504.29
149245.2
1395471504.29
149526.0
1395471504.29
149385.6
1395471504.29
149385.6
1395471504.29
148964.4
1395471504.29
149385.6
1395471504.3
149952.0
1395471504.3
149526.0
1395471504.3
149385.6
1395471504.3
149104.8
1395471504.3
149245.2
1395471504.3
149385.6
1395471504.3
149245.2
1395471504.3
149385.6
1395471504.3
149104.8
1395471504.31
149385.6
1395471504.31
149526.0
1395471504.31
149385.6
1395471504.31
149385.6
1395471504.31
149811.2
1395471504.31
149385.6
1395471504.31
149952.0
1395471504.31
149385.6
1395471504.32
149385.6
1395471504.32
148680.0
1395471504.32
149104.8
1395471504.32
149526.0
1395471504.32
149385.6
1395471504.32
149385.6
1395471504.32
149104.8
1395471504.32
149104.8
1395471504.32
149526.0
1395471504.33
149385.6
1395471504.33
149811.2
1395471504.33
149670.4
1395471504.33
149245.2
1395471504.33
149811.2
1395471504.33
149385.6
1395471504.33
149245.2
1395471504.33
149245.2
1395471504.34
149104.8
1395471504.34
149526.0
1395471504.34
149526.0
1395471504.34
149385.6
1395471504.34
148820.0
1395471504.34
149245.2
1395471504.34
149385.6
1395471504.34
149385.6
1395471504.34
149811.2
1395471504.35
149104.8
1395471504.35
149529.6
1395471504.35
149526.0
1395471504.35
149385.6
1395471504.35
149385.6
1395471504.35
149385.6
1395471504.35
149104.8
1395471504.35
149952.0
1395471504.36
147836.4
1395471504.36
148540.0
1395471504.36
149526.0
1395471504.36
149526.0
1395471504.36
149385.6
1395471504.36
149245.2
1395471504.37
148964.4
1395471504.37
149385.6
1395471504.37
149526.0
1395471504.37
148820.0
1395471504.37
149245.2
1395471504.37
149245.2
1395471504.37
149385.6
1395471504.37
149385.6
1395471504.37
149385.6
1395471504.38
148964.4
1395471504.38
149526.0
1395471504.38
149526.0
1395471504.38
149811.2
1395471504.38
149385.6
1395471504.38
149388.8
1395471504.38
149529.6
1395471504.38
148960.0
1395471504.39
149385.6
1395471504.39
148960.0
1395471504.39
148964.4
1395471504.39
149245.2
1395471504.39
149526.0
1395471504.39
149385.6
1395471504.39
148964.4
1395471504.39
148540.0
1395471504.4
148820.0
1395471504.4
149385.6
1395471504.4
149385.6
1395471504.4
148964.4
1395471504.4
149385.6
1395471504.4
149385.6
1395471504.4
149385.6
1395471504.4
149245.2
1395471504.4
148540.0
1395471504.41
148960.0
1395471504.41
149526.0
1395471504.41
149952.0
1395471504.41
149385.6
1395471504.41
148820.0
1395471504.41
149670.4
1395471504.41
149666.4
1395471504.41
149385.6
1395471504.42
148820.0
1395471504.42
149104.8
1395471504.42
148820.0
1395471504.42
149811.2
1395471504.42
149385.6
1395471504.42
148960.0
1395471504.42
148680.0
1395471504.42
149385.6
1395471504.43
149666.4
1395471504.43
149526.0
1395471504.43
149952.0
1395471504.43
149526.0
1395471504.43
149104.8
1395471504.43
149526.0
1395471504.43
149526.0
1395471504.43
149385.6
1395471504.43
148680.0
1395471504.44
148964.4
1395471504.44
148680.0
1395471504.44
149526.0
1395471504.44
149526.0
1395471504.44
149385.6
1395471504.44
149245.2
1395471504.44
149529.6
1395471504.44
149811.2
1395471504.45
149526.0
1395471504.45
149385.6
1395471504.45
149385.6
1395471504.45
149104.8
1395471504.45
149811.2
1395471504.45
149385.6
1395471504.45
149245.2
1395471504.45
149385.6
1395471504.45
148964.4
1395471504.46
149526.0
1395471504.46
149666.4
1395471504.46
149526.0
1395471504.46
149385.6
1395471504.46
148680.0
1395471504.46
149526.0
1395471504.46
149952.0
1395471504.46
149385.6
1395471504.47
149385.6
1395471504.47
149104.8
1395471504.47
149385.6
1395471504.47
149526.0
1395471504.47
148960.0
1395471504.47
149245.2
1395471504.47
149104.8
1395471504.47
149385.6
1395471504.47
148820.0
1395471504.48
149526.0
1395471504.48
149526.0
1395471504.48
149245.2
1395471504.48
149670.4
1395471504.48
149526.0
1395471504.48
149385.6
1395471504.48
149245.2
1395471504.48
149529.6
1395471504.49
149245.2
1395471504.49
149526.0
1395471504.49
149811.2
1395471504.49
149385.6
1395471504.49
149245.2
1395471504.49
149385.6
1395471504.49
149666.4
1395471504.49
149666.4
1395471504.49
149666.4
1395471504.5
149245.2
1395471504.5
149245.2
1395471504.5
149526.0
1395471504.5
149385.6
1395471504.5
148960.0
1395471504.5
149104.8
1395471504.5
149385.6
1395471504.5
149526.0
1395471504.51
149526.0
1395471504.51
149526.0
1395471504.51
149388.8
1395471504.51
149245.2
1395471504.51
149666.4
1395471504.51
149100.0
1395471504.51
149952.0
1395471504.51
149245.2
1395471504.52
149385.6
1395471504.52
149526.0
1395471504.52
148960.0
1395471504.52
148960.0
1395471504.52
149104.8
1395471504.52
149245.2
1395471504.52
149526.0
1395471504.52
149385.6
1395471504.52
149104.8
1395471504.53
148960.0
1395471504.53
149388.8
1395471504.53
149526.0
1395471504.53
149526.0
1395471504.53
149526.0
1395471504.53
149385.6
1395471504.53
148824.0
1395471504.53
149529.6
1395471504.54
149385.6
1395471504.54
149385.6
1395471504.54
149385.6
1395471504.54
149104.8
1395471504.54
149385.6
1395471504.54
149811.2
1395471504.54
149526.0
1395471504.54
148960.0
1395471504.54
148964.4
1395471504.55
149526.0
1395471504.55
149526.0
1395471504.55
149385.6
1395471504.55
149526.0
1395471504.55
148964.4
1395471504.55
149385.6
1395471504.55
149811.2
1395471504.55
149245.2
1395471504.56
149385.6
1395471504.56
149104.8
1395471504.56
149529.6
1395471504.56
148960.0
1395471504.56
149526.0
1395471504.56
149526.0
1395471504.56
149104.8
1395471504.56
149670.4
1395471504.56
149385.6
1395471504.57
149385.6
1395471504.57
149385.6
1395471504.57
148400.0
1395471504.57
149526.0
1395471504.57
149526.0
1395471504.57
148960.0
1395471504.57
149245.2
1395471504.57
149388.8
1395471504.58
149100.0
1395471504.58
149385.6
1395471504.58
149811.2
1395471504.58
149385.6
1395471504.58
148964.4
1395471504.58
149245.2
1395471504.58
149385.6
1395471504.58
148820.0
1395471504.58
149245.2
1395471504.59
148964.4
1395471504.59
149385.6
1395471504.59
149385.6
1395471504.59
148820.0
1395471504.59
149245.2
1395471504.59
149811.2
1395471504.59
148964.4
1395471504.59
149526.0
1395471504.6
149670.4
1395471504.6
149526.0
1395471504.6
149385.6
1395471504.6
148964.4
1395471504.6
149385.6
1395471504.6
149385.6
1395471504.6
149100.0
1395471504.6
149385.6
1395471504.6
148540.0
1395471504.61
149245.2
1395471504.61
149526.0
1395471504.61
149385.6
1395471504.61
149385.6
1395471504.61
149104.8
1395471504.61
148820.0
1395471504.61
149666.4
1395471504.61
149245.2
1395471504.62
148820.0
1395471504.62
148540.0
1395471504.62
149385.6
1395471504.62
149385.6
1395471504.62
149104.8
1395471504.62
149245.2
1395471504.62
149245.2
1395471504.62
149385.6
1395471504.62
149245.2
1395471504.63
149385.6
1395471504.63
149104.8
1395471504.63
149529.6
1395471504.63
149100.0
1395471504.63
149385.6
1395471504.63
149385.6
1395471504.63
148540.0
1395471504.63
149385.6
1395471504.64
149245.2
1395471504.64
148960.0
1395471504.64
148820.0
1395471504.64
148964.4
1395471504.64
149385.6
1395471504.64
148960.0
1395471504.64
149100.0
1395471504.64
149526.0
1395471504.64
149104.8
1395471504.65
148960.0
1395471504.65
149526.0
1395471504.65
149385.6
1395471504.65
148820.0
1395471504.65
148824.0
1395471504.65
149104.8
1395471504.65
148960.0
1395471504.65
149104.8
1395471504.66
149245.2
1395471504.66
149245.2
1395471504.66
149245.2
1395471504.66
149526.0
1395471504.66
148960.0
1395471504.66
149526.0
1395471504.66
149104.8
1395471504.66
149245.2
1395471504.66
149526.0
1395471504.67
149385.6
1395471504.67
149245.2
1395471504.67
148820.0
1395471504.67
148964.4
1395471504.67
149526.0
1395471504.67
149385.6
1395471504.67
148820.0
1395471504.67
149245.2
1395471504.68
148824.0
1395471504.68
149385.6
1395471504.68
149245.2
1395471504.68
148960.0
1395471504.68
149811.2
1395471504.68
149104.8
1395471504.68
148960.0
1395471504.68
149245.2
1395471504.69
149385.6
1395471504.69
149385.6
1395471504.69
148540.0
1395471504.69
148820.0
1395471504.69
148960.0
1395471504.69
149385.6
1395471504.69
148960.0
1395471504.69
148824.0
1395471504.69
149385.6
1395471504.7
149811.2
1395471504.7
149526.0
1395471504.7
148960.0
1395471504.7
148824.0
1395471504.7
148820.0
1395471504.7
149245.2
1395471504.7
149385.6
1395471504.7
149245.2
1395471504.71
148964.4
1395471504.71
149385.6
1395471504.71
149245.2
1395471504.71
149100.0
1395471504.71
148820.0
1395471504.71
149529.6
1395471504.71
148960.0
1395471504.71
149526.0
1395471504.71
149245.2
1395471504.72
148820.0
1395471504.72
148964.4
1395471504.72
149526.0
1395471504.72
148960.0
1395471504.72
149100.0
1395471504.72
149388.8
1395471504.72
149385.6
1395471504.72
149104.8
1395471504.73
148820.0
1395471504.73
149526.0
1395471504.73
149526.0
1395471504.73
148964.4
1395471504.73
149529.6
1395471504.73
149385.6
1395471504.73
148960.0
1395471504.73
149385.6
1395471504.73
148683.6
1395471504.74
149245.2
1395471504.74
148960.0
1395471504.74
148820.0
1395471504.74
149245.2
1395471504.74
148964.4
1395471504.74
149526.0
1395471504.74
149526.0
1395471504.74
149811.2
1395471504.75
149385.6
1395471504.75
149245.2
1395471504.75
149245.2
1395471504.75
149385.6
1395471504.75
149385.6
1395471504.75
149104.8
1395471504.75
149104.8
1395471504.75
149385.6
1395471504.75
149385.6
1395471504.76
149245.2
1395471504.76
148680.0
1395471504.76
148680.0
1395471504.76
148960.0
1395471504.76
149100.0
1395471504.76
149952.0
1395471504.76
149104.8
1395471504.76
149245.2
1395471504.77
149526.0
1395471504.77
149385.6
1395471504.77
149245.2
1395471504.77
149245.2
1395471504.77
149104.8
1395471504.77
148960.0
1395471504.77
149385.6
1395471504.77
149385.6
1395471504.77
149104.8
1395471504.78
148964.4
1395471504.78
149526.0
1395471504.78
149385.6
1395471504.78
149385.6
1395471504.78
149245.2
1395471504.78
149104.8
1395471504.78
149385.6
1395471504.78
149245.2
1395471504.79
148960.0
1395471504.79
149385.6
1395471504.79
148540.0
1395471504.79
149526.0
1395471504.79
149385.6
1395471504.79
149385.6
1395471504.79
149245.2
1395471504.79
149388.8
1395471504.79
149526.0
1395471504.8
149811.2
1395471504.8
149526.0
1395471504.8
149385.6
1395471504.8
149388.8
1395471504.8
148960.0
1395471504.8
149526.0
1395471504.8
149811.2
1395471504.8
148820.0
1395471504.81
148964.4
1395471504.81
149385.6
1395471504.81
149385.6
1395471504.81
149526.0
1395471504.81
149385.6
1395471504.81
149245.2
1395471504.81
149666.4
1395471504.81
149526.0
1395471504.81
149245.2
1395471504.82
149385.6
1395471504.82
148540.0
1395471504.82
149526.0
1395471504.82
149811.2
1395471504.82
149245.2
1395471504.82
149385.6
1395471504.82
149104.8
1395471504.82
149526.0
1395471504.83
149526.0
1395471504.83
148960.0
1395471504.83
148820.0
1395471504.83
149529.6
1395471504.83
149811.2
1395471504.83
149385.6
1395471504.83
149526.0
1395471504.83
148680.0
1395471504.83
148680.0
1395471504.84
149526.0
1395471504.84
149670.4
1395471504.84
149385.6
1395471504.84
148824.0
1395471504.84
148820.0
1395471504.84
148820.0
1395471504.84
149104.8
1395471504.84
149385.6
1395471504.85
149666.4
1395471504.85
149952.0
1395471504.85
149385.6
1395471504.85
149104.8
1395471504.85
149385.6
1395471504.85
149385.6
1395471504.85
149385.6
1395471504.85
149385.6
1395471504.86
148964.4
1395471504.86
148960.0
1395471504.86
149526.0
1395471504.86
149385.6
1395471504.86
148820.0
1395471504.86
149670.4
1395471504.86
149670.4
1395471504.86
149666.4
1395471504.86
149811.2
1395471504.87
149385.6
1395471504.87
148964.4
1395471504.87
149526.0
1395471504.87
148960.0
1395471504.87
149385.6
1395471504.87
149104.8
1395471504.87
149385.6
1395471504.87
149248.0
1395471504.88
149100.0
1395471504.88
148960.0
1395471504.88
149526.0
1395471504.88
149526.0
1395471504.88
149529.6
1395471504.88
148820.0
1395471504.88
149385.6
1395471504.88
148820.0
1395471504.88
149385.6
1395471504.89
148400.0
1395471504.89
149385.6
1395471504.89
149385.6
1395471504.89
149385.6
1395471504.89
149811.2
1395471504.89
148540.0
1395471504.89
149385.6
1395471504.89
149666.4
1395471504.9
149385.6
1395471504.9
149526.0
1395471504.9
149104.8
1395471504.9
149529.6
1395471504.9
149385.6
1395471504.9
149811.2
1395471504.9
149385.6
1395471504.9
149104.8
1395471504.9
149388.8
1395471504.91
149526.0
1395471504.91
149245.2
1395471504.91
149245.2
1395471504.91
149104.8
1395471504.91
149245.2
1395471504.91
149526.0
1395471504.91
149526.0
1395471504.91
149385.6
1395471504.92
149104.8
1395471504.92
148540.0
1395471504.92
149385.6
1395471504.92
149670.4
1395471504.92
148960.0
1395471504.92
149104.8
1395471504.92
149104.8
1395471504.92
149385.6
1395471504.93
148960.0
1395471504.93
149245.2
1395471504.93
149385.6
1395471504.93
149104.8
1395471504.93
149670.4
1395471504.93
149385.6
1395471504.93
149100.0
1395471504.93
148820.0
1395471504.93
148824.0
1395471504.94
149245.2
1395471504.94
149526.0
1395471504.94
149526.0
1395471504.94
149670.4
1395471504.94
148964.4
1395471504.94
149385.6
1395471504.94
148960.0
1395471504.94
148960.0
1395471504.95
148960.0
1395471504.95
149104.8
1395471504.95
149385.6
1395471504.95
149385.6
1395471504.95
149245.2
1395471504.95
149245.2
1395471504.95
148680.0
1395471504.95
149245.2
1395471504.95
149385.6
1395471504.96
149104.8
1395471504.96
148820.0
1395471504.96
148680.0
1395471504.96
149388.8
1395471504.96
149385.6
1395471504.96
149385.6
1395471504.96
149385.6
1395471504.96
148680.0
1395471504.97
148400.0
1395471504.97
148820.0
1395471504.97
148820.0
1395471504.97
149245.2
1395471504.97
149245.2
1395471504.97
148824.0
1395471504.97
149529.6
1395471504.97
149385.6
1395471504.97
149245.2
1395471504.98
149385.6
1395471504.98
149248.0
1395471504.98
148820.0
1395471504.98
149385.6
1395471504.98
148820.0
1395471504.98
149245.2
1395471504.98
148400.0
1395471504.98
149245.2
1395471504.99
148820.0
1395471504.99
149245.2
1395471504.99
148820.0
1395471504.99
148964.4
1395471504.99
148680.0
1395471504.99
148820.0
1395471504.99
149245.2
1395471504.99
148680.0
1395471504.99
148964.4
1395471505.0
148964.4
1395471505.0
149245.2
1395471505.0
149245.2
1395471505.0
149104.8
1395471505.0
149104.8
1395471505.0
148964.4
1395471505.0
149245.2
1395471505.0
148680.0
1395471505.01
148820.0
1395471505.01
149104.8
1395471505.01
148400.0
1395471505.01
148820.0
1395471505.01
149245.2
1395471505.01
148820.0
1395471505.01
149245.2
1395471505.01
148824.0
1395471505.02
149245.2
1395471505.02
149245.2
1395471505.02
148820.0
1395471505.02
148820.0
1395471505.02
148260.0
1395471505.02
148540.0
1395471505.02
149245.2
1395471505.02
148964.4
1395471505.02
149104.8
1395471505.03
148680.0
1395471505.03
148540.0
1395471505.03
149385.6
1395471505.03
149385.6
---writing finished---
1395471505.09
148394.8
1395471505.09
148960.0
1395471505.09
149245.2
1395471505.09
148543.2
1395471505.09
149385.6
1395471505.09
149385.6
1395471505.1
149385.6
1395471505.1
149385.6
1395471505.1
149248.0
1395471505.1
149245.2
1395471505.1
148960.0
1395471505.1
149245.2
1395471505.1
149245.2
1395471505.1
149245.2
1395471505.1
148824.0
1395471505.11
149526.0
1395471505.11
149245.2
1395471505.11
149104.8
1395471505.11
149245.2
1395471505.11
149104.8
1395471505.11
148960.0
1395471505.11
148960.0
1395471505.11
148960.0
1395471505.12
149104.8
1395471505.12
148400.0
1395471505.12
149385.6
1395471505.12
149670.4
1395471505.12
149245.2
1395471505.12
148824.0
1395471505.12
149385.6
1395471505.12
149245.2
1395471505.12
148820.0
1395471505.13
149104.8
1395471505.13
148824.0
1395471505.13
149526.0
1395471505.13
149670.4
1395471505.13
149811.2
1395471505.13
148964.4
1395471505.13
148824.0
1395471505.13
149385.6
1395471505.14
148820.0
1395471505.14
148680.0
1395471505.14
149104.8
1395471505.14
149104.8
1395471505.14
148820.0
1395471505.14
149670.4
1395471505.14
149245.2
1395471505.14
148820.0
1395471505.14
148964.4
1395471505.15
149526.0
1395471505.15
149245.2
1395471505.15
148680.0
1395471505.15
148680.0
1395471505.15
148964.4
1395471505.15
149245.2
1395471505.15
149245.2
1395471505.15
149811.2
1395471505.16
148680.0
1395471505.16
148540.0
1395471505.16
149245.2
1395471505.16
148820.0
1395471505.16
149104.8
1395471505.16
149104.8
1395471505.16
149104.8
1395471505.16
149385.6
1395471505.16
149245.2
1395471505.17
149245.2
1395471505.17
148540.0
1395471505.17
148680.0
1395471505.17
148964.4
1395471505.17
149100.0
1395471505.17
149104.8
1395471505.17
148964.4
1395471505.17
149245.2
1395471505.18
148824.0
1395471505.18
148820.0
1395471505.18
149385.6
1395471505.18
149385.6
1395471505.18
148820.0
1395471505.18
148824.0
1395471505.18
149385.6
1395471505.18
149245.2
1395471505.19
149245.2
1395471505.19
149245.2
1395471505.19
148400.0
1395471505.19
149245.2
1395471505.19
149245.2
1395471505.19
149104.8
1395471505.19
148820.0
1395471505.19
148824.0
1395471505.19
149245.2
1395471505.2
148820.0
1395471505.2
148820.0
1395471505.2
149385.6
1395471505.2
148824.0
1395471505.2
149245.2
1395471505.2
149245.2
1395471505.2
148820.0
1395471505.2
149104.8
1395471505.21
148964.4
1395471505.21
149245.2
1395471505.21
149385.6
1395471505.21
149245.2
1395471505.21
149104.8
1395471505.21
149104.8
1395471505.21
149245.2
1395471505.21
149526.0
1395471505.21
149104.8
1395471505.22
149245.2
1395471505.22
148680.0
1395471505.22
148680.0
1395471505.22
149385.6
1395471505.22
148960.0
1395471505.22
149245.2
1395471505.22
149245.2
1395471505.22
149248.0
1395471505.23
148820.0
1395471505.23
148960.0
1395471505.23
149385.6
1395471505.23
149245.2
1395471505.23
149104.8
1395471505.23
149526.0
1395471505.23
148960.0
1395471505.23
149245.2
1395471505.23
148820.0
1395471505.24
148400.0
1395471505.24
149245.2
1395471505.24
148820.0
1395471505.24
149385.6
1395471505.24
148820.0
1395471505.24
148964.4
1395471505.24
148820.0
1395471505.24
149526.0
1395471505.25
149385.6
1395471505.25
149385.6
1395471505.25
149529.6
1395471505.25
149245.2
1395471505.25
149245.2
1395471505.25
148680.0
1395471505.25
148960.0
1395471505.25
148680.0
1395471505.25
148964.4
1395471505.26
148960.0
1395471505.26
148680.0
1395471505.26
149245.2
1395471505.26
148680.0
1395471505.26
148680.0
1395471505.26
149811.2
1395471505.26
149385.6
1395471505.26
149385.6
1395471505.27
149245.2
1395471505.27
149248.0
1395471505.27
148820.0
1395471505.27
149245.2
1395471505.27
149385.6
1395471505.27
149385.6
1395471505.27
148824.0
1395471505.27
149388.8
1395471505.28
149385.6
1395471505.28
148820.0
1395471505.28
149385.6
1395471505.28
149104.8
1395471505.28
149245.2
1395471505.28
149385.6
1395471505.28
148960.0
1395471505.28
149245.2
1395471505.28
148824.0
1395471505.29
148680.0
1395471505.29
149385.6
1395471505.29
148960.0
1395471505.29
148960.0
1395471505.29
148824.0
1395471505.29
149245.2
1395471505.29
149385.6
1395471505.29
148534.4
1395471505.3
148960.0
1395471505.3
148680.0
1395471505.3
149245.2
1395471505.3
149385.6
1395471505.3
148680.0
1395471505.3
148820.0
1395471505.3
148964.4
1395471505.3
149104.8
1395471505.3
149245.2
1395471505.31
148820.0
1395471505.31
148820.0
1395471505.31
149104.8
1395471505.31
148540.0
1395471505.31
149526.0
1395471505.31
149385.6
1395471505.31
149385.6
1395471505.31
149104.8
1395471505.32
148964.4
1395471505.32
149385.6
1395471505.32
149245.2
1395471505.32
148820.0
1395471505.32
148820.0
1395471505.32
149104.8
1395471505.32
149385.6
1395471505.32
149245.2
1395471505.32
149245.2
1395471505.33
149385.6
1395471505.33
148964.4
1395471505.33
148960.0
1395471505.33
149100.0
1395471505.33
149385.6
1395471505.33
149245.2
1395471505.33
148824.0
1395471505.33
149245.2
1395471505.34
148820.0
1395471505.34
149811.2
1395471505.34
149385.6
1395471505.34
148540.0
1395471505.34
149104.8
1395471505.34
148960.0
1395471505.34
148820.0
1395471505.34
149245.2
1395471505.34
148680.0
1395471505.35
149529.6
1395471505.35
149526.0
1395471505.35
149385.6
1395471505.35
148820.0
1395471505.35
149104.8
1395471505.35
148680.0
1395471505.35
149670.4
1395471505.35
149245.2
1395471505.36
148820.0
1395471505.36
149245.2
1395471505.36
148540.0
1395471505.36
149385.6
1395471505.36
148680.0
1395471505.36
149385.6
1395471505.36
149245.2
1395471505.36
149104.8
1395471505.36
149385.6
1395471505.37
149385.6
1395471505.37
149245.2
1395471505.37
148824.0
1395471505.37
148820.0
1395471505.37
149245.2
1395471505.37
149245.2
1395471505.37
148964.4
1395471505.37
149104.8
1395471505.38
148820.0
1395471505.38
149245.2
1395471505.38
149245.2
1395471505.38
148824.0
1395471505.38
149104.8
1395471505.38
149385.6
1395471505.38
148680.0
1395471505.38
148820.0
1395471505.38
148824.0
1395471505.39
148540.0
1395471505.39
149385.6
1395471505.39
148960.0
1395471505.39
148680.0
1395471505.39
148680.0
1395471505.39
148540.0
1395471505.39
148820.0
1395471505.39
148820.0
1395471505.4
149385.6
1395471505.4
147976.0
1395471505.4
148394.8
1395471505.4
148964.4
1395471505.4
148680.0
1395471505.4
148964.4
1395471505.4
149385.6
1395471505.4
149385.6
1395471505.41
149104.8
1395471505.41
149104.8
1395471505.41
148540.0
1395471505.41
149104.8
1395471505.41
148680.0
1395471505.41
149245.2
1395471505.41
149385.6
1395471505.41
148964.4
1395471505.41
149245.2
1395471505.42
148960.0
1395471505.42
148820.0
1395471505.42
149245.2
1395471505.42
148540.0
1395471505.42
149104.8
1395471505.42
149385.6
1395471505.42
149245.2
1395471505.42
149245.2
1395471505.43
149388.8
1395471505.43
149104.8
1395471505.43
149385.6
1395471505.43
149385.6
1395471505.43
148960.0
1395471505.43
149104.8
1395471505.43
149104.8
1395471505.43
149385.6
1395471505.43
149385.6
1395471505.44
149245.2
1395471505.44
149104.8
1395471505.44
148964.4
1395471505.44
149245.2
1395471505.44
148820.0
1395471505.44
149104.8
1395471505.44
149245.2
1395471505.44
148964.4
1395471505.45
149385.6
1395471505.45
149811.2
1395471505.45
149245.2
1395471505.45
149385.6
1395471505.45
148400.0
1395471505.45
149245.2
1395471505.45
148820.0
1395471505.45
149245.2
1395471505.46
148820.0
1395471505.46
148540.0
1395471505.46
149245.2
1395471505.46
149245.2
1395471505.46
148820.0
1395471505.46
149385.6
1395471505.46
148540.0
1395471505.46
149245.2
1395471505.46
149670.4
1395471505.47
149245.2
1395471505.47
148820.0
1395471505.47
148824.0
1395471505.47
149104.8
1395471505.47
149385.6
1395471505.47
149245.2
1395471505.47
149245.2
1395471505.47
148400.0
1395471505.48
148680.0
1395471505.48
149245.2
1395471505.48
148960.0
1395471505.48
148960.0
1395471505.48
148680.0
1395471505.48
149245.2
1395471505.48
149385.6
1395471505.48
148680.0
1395471505.48
149104.8
1395471505.49
148540.0
1395471505.49
148680.0
1395471505.49
149385.6
1395471505.49
149245.2
1395471505.49
149670.4
1395471505.49
148824.0
1395471505.49
149245.2
1395471505.49
149385.6
1395471505.5
149245.2
1395471505.5
148960.0
1395471505.5
148964.4
1395471505.5
149245.2
1395471505.5
149104.8
1395471505.5
148680.0
1395471505.5
149385.6
1395471505.5
148680.0
1395471505.5
148680.0
1395471505.51
149385.6
1395471505.51
148820.0
1395471505.51
148540.0
1395471505.51
149104.8
1395471505.51
148964.4
1395471505.51
149385.6
1395471505.51
149245.2
1395471505.51
148820.0
1395471505.52
148964.4
1395471505.52
148540.0
1395471505.52
149385.6
1395471505.52
149245.2
1395471505.52
148820.0
1395471505.52
148964.4
1395471505.52
148680.0
1395471505.52
149385.6
1395471505.52
148820.0
1395471505.53
149245.2
1395471505.53
148964.4
1395471505.53
148820.0
1395471505.53
149526.0
1395471505.53
149245.2
1395471505.53
148960.0
1395471505.53
148824.0
1395471505.53
149104.8
1395471505.54
148820.0
1395471505.54
148820.0
1395471505.54
149385.6
1395471505.54
148540.0
1395471505.54
148964.4
1395471505.54
149385.6
1395471505.54
148820.0
1395471505.54
148820.0
1395471505.54
149104.8
1395471505.55
148540.0
1395471505.55
149811.2
1395471505.55
149385.6
1395471505.55
148820.0
1395471505.55
148964.4
1395471505.55
148400.0
1395471505.55
149385.6
1395471505.55
149385.6
1395471505.56
148820.0
1395471505.56
149245.2
1395471505.56
148964.4
1395471505.56
149385.6
1395471505.56
149245.2
1395471505.56
148960.0
1395471505.56
148960.0
1395471505.56
148540.0
1395471505.56
149385.6
1395471505.57
149245.2
1395471505.57
149104.8
1395471505.57
149245.2
1395471505.57
148540.0
1395471505.57
149670.4
1395471505.57
149245.2
1395471505.57
149104.8
1395471505.57
149104.8
1395471505.58
148824.0
1395471505.58
148960.0
1395471505.58
148960.0
1395471505.58
149670.4
1395471505.58
148960.0
1395471505.58
149104.8
1395471505.58
149385.6
1395471505.58
149245.2
1395471505.58
149385.6
1395471505.59
148820.0
1395471505.59
148824.0
1395471505.59
148960.0
1395471505.59
148820.0
1395471505.59
148960.0
1395471505.59
149245.2
1395471505.59
148824.0
1395471505.59
149385.6
1395471505.6
149245.2
1395471505.6
149385.6
1395471505.6
149245.2
1395471505.6
149104.8
1395471505.6
148964.4
1395471505.6
149526.0
1395471505.6
149385.6
1395471505.6
149245.2
1395471505.61
148964.4
1395471505.61
149104.8
1395471505.61
149385.6
1395471505.61
149245.2
1395471505.61
148960.0
1395471505.61
148680.0
1395471505.61
148964.4
1395471505.61
148960.0
1395471505.61
149385.6
1395471505.62
149245.2
1395471505.62
148964.4
1395471505.62
149245.2
1395471505.62
149245.2
1395471505.62
149385.6
1395471505.62
149245.2
1395471505.62
149248.0
1395471505.62
148960.0
1395471505.63
148960.0
1395471505.63
148820.0
1395471505.63
148680.0
1395471505.63
148680.0
1395471505.63
149526.0
1395471505.63
149385.6
1395471505.63
149245.2
1395471505.63
149104.8
1395471505.63
148964.4
1395471505.64
149104.8
1395471505.64
148960.0
1395471505.64
149104.8
1395471505.64
149245.2
1395471505.64
148540.0
1395471505.64
149245.2
1395471505.64
149245.2
1395471505.64
149385.6
1395471505.65
149811.2
1395471505.65
148964.4
1395471505.65
149245.2
1395471505.65
149245.2
1395471505.65
149245.2
1395471505.65
148820.0
1395471505.65
148540.0
1395471505.65
149245.2
1395471505.65
149670.4
1395471505.66
149245.2
1395471505.66
148820.0
1395471505.66
149248.0
1395471505.66
149245.2
1395471505.66
148960.0
1395471505.66
148960.0
1395471505.66
149385.6
1395471505.66
148964.4
1395471505.67
149245.2
1395471505.67
149385.6
1395471505.67
148680.0
1395471505.67
149245.2
1395471505.67
148680.0
1395471505.67
148680.0
1395471505.67
148960.0
1395471505.67
149245.2
1395471505.67
148964.4
1395471505.68
148964.4
1395471505.68
148824.0
1395471505.68
149385.6
1395471505.68
149385.6
1395471505.68
149385.6
1395471505.68
149245.2
1395471505.68
149104.8
1395471505.68
148680.0
1395471505.69
149245.2
1395471505.69
148960.0
1395471505.69
148820.0
1395471505.69
148400.0
1395471505.69
148820.0
1395471505.69
148820.0
1395471505.69
148820.0
1395471505.69
149385.6
1395471505.69
148540.0
1395471505.7
149385.6
1395471505.7
149385.6
1395471505.7
149245.2
1395471505.7
148820.0
1395471505.7
148824.0
1395471505.7
148680.0
1395471505.7
149245.2
1395471505.7
149245.2
1395471505.71
149245.2
1395471505.71
148964.4
1395471505.71
149104.8
1395471505.71
149100.0
1395471505.71
149385.6
1395471505.71
148960.0
1395471505.71
149245.2
1395471505.71
149245.2
1395471505.71
149385.6
1395471505.72
148820.0
1395471505.72
149245.2
1395471505.72
148540.0
1395471505.72
149245.2
1395471505.72
148820.0
1395471505.72
149245.2
1395471505.72
148540.0
1395471505.72
148543.2
1395471505.73
148820.0
1395471505.73
148820.0
1395471505.73
149245.2
1395471505.73
148820.0
1395471505.73
149104.8
1395471505.73
148960.0
1395471505.73
148680.0
1395471505.73
148680.0
1395471505.73
148680.0
1395471505.74
148540.0
1395471505.74
149385.6
1395471505.74
149245.2
1395471505.74
149245.2
1395471505.74
148824.0
1395471505.74
149104.8
1395471505.74
148820.0
1395471505.74
149245.2
1395471505.75
149245.2
1395471505.75
148400.0
1395471505.75
149245.2
1395471505.75
149529.6
1395471505.75
148820.0
1395471505.75
148680.0
1395471505.75
148824.0
1395471505.75
149245.2
1395471505.75
148820.0
1395471505.76
148820.0
1395471505.76
148820.0
1395471505.76
148540.0
1395471505.76
149104.8
1395471505.76
148820.0
1395471505.76
149245.2
1395471505.76
148820.0
1395471505.76
148400.0
1395471505.77
148540.0
1395471505.77
149245.2
1395471505.77
149245.2
1395471505.77
148820.0
1395471505.77
148824.0
1395471505.77
148820.0
1395471505.77
149104.8
1395471505.77
149104.8
1395471505.77
148820.0
1395471505.78
148260.0
1395471505.78
149104.8
1395471505.78
148960.0
1395471505.78
149245.2
1395471505.78
149385.6
1395471505.78
148824.0
1395471505.78
148680.0
1395471505.78
149385.6
1395471505.79
149245.2
1395471505.79
149245.2
1395471505.79
148120.0
1395471505.79
149104.8
1395471505.79
149245.2
1395471505.79
149245.2
1395471505.79
149104.8
1395471505.79
148400.0
1395471505.79
148960.0
1395471505.8
149385.6
1395471505.8
148820.0
1395471505.8
149245.2
1395471505.8
148260.0
1395471505.8
149245.2
1395471505.8
149104.8
1395471505.8
149104.8
1395471505.8
148680.0
1395471505.81
148400.0
1395471505.81
148680.0
1395471505.81
148680.0
1395471505.81
148820.0
1395471505.81
149104.8
1395471505.81
148400.0
1395471505.81
149104.8
1395471505.81
149385.6
1395471505.82
148820.0
1395471505.82
148964.4
1395471505.82
148400.0
1395471505.82
149104.8
1395471505.82
149104.8
1395471505.82
148680.0
1395471505.82
149245.2
1395471505.82
148400.0
1395471505.82
148540.0
1395471505.83
148820.0
1395471505.83
148680.0
1395471505.83
148680.0
1395471505.83
148540.0
1395471505.83
149104.8
1395471505.83
149245.2
1395471505.83
149245.2
1395471505.83
148680.0
1395471505.84
148824.0
1395471505.84
148540.0
1395471505.84
148820.0
1395471505.84
149245.2
1395471505.84
148400.0
1395471505.84
148680.0
1395471505.84
148260.0
1395471505.84
149245.2
1395471505.84
149385.6
1395471505.85
149245.2
1395471505.85
148820.0
1395471505.85
148964.4
1395471505.85
149104.8
1395471505.85
149385.6
1395471505.85
148680.0
1395471505.85
148820.0
1395471505.85
148260.0
1395471505.86
148540.0
1395471505.86
148262.4
1395471505.86
147552.0
1395471505.86
148820.0
1395471505.86
149245.2
1395471505.86
149245.2
1395471505.87
148964.4
1395471505.87
148540.0
1395471505.87
148680.0
1395471505.87
149104.8
1395471505.87
149245.2
1395471505.87
148824.0
1395471505.87
148680.0
1395471505.87
149104.8
1395471505.87
148680.0
1395471505.88
147976.0
1395471505.88
148400.0
1395471505.88
148960.0
1395471505.88
148820.0
1395471505.88
149104.8
1395471505.88
149104.8
1395471505.88
148964.4
1395471505.88
148820.0
1395471505.89
148680.0
1395471505.89
148400.0
1395471505.89
149245.2
1395471505.89
148400.0
1395471505.89
148680.0
1395471505.89
149104.8
1395471505.89
148540.0
1395471505.89
148680.0
1395471505.89
148400.0
1395471505.9
148820.0
1395471505.9
149245.2
1395471505.9
149245.2
1395471505.9
148680.0
1395471505.9
148400.0
1395471505.9
148680.0
1395471505.9
148680.0
1395471505.9
149104.8
1395471505.91
148680.0
1395471505.91
148400.0
1395471505.91
149104.8
1395471505.91
148540.0
1395471505.91
148680.0
1395471505.91
148255.2
1395471505.91
148824.0
1395471505.91
148820.0
1395471505.91
149245.2
1395471505.92
148400.0
1395471505.92
148680.0
1395471505.92
148260.0
1395471505.92
148680.0
1395471505.92
148680.0
1395471505.92
148540.0
1395471505.92
148540.0
1395471505.92
148260.0
1395471505.93
148680.0
1395471505.93
148680.0
1395471505.93
148820.0
1395471505.93
148820.0
1395471505.93
148824.0
1395471505.93
149245.2
1395471505.93
149104.8
1395471505.93
148680.0
1395471505.93
148680.0
1395471505.94
148400.0
1395471505.94
148680.0
1395471505.94
148680.0
1395471505.94
148540.0
1395471505.94
148680.0
1395471505.94
148260.0
1395471505.94
149104.8
1395471505.94
148820.0
1395471505.95
149385.6
1395471505.95
149245.2
1395471505.95
148400.0
1395471505.95
149104.8
1395471505.95
149245.2
1395471505.95
148820.0
1395471505.95
149104.8
1395471505.95
148824.0
1395471505.95
148680.0
1395471505.96
148820.0
1395471505.96
149104.8
1395471505.96
149104.8
1395471505.96
149104.8
1395471505.96
148540.0
1395471505.96
149385.6
1395471505.96
148820.0
1395471505.96
149104.8
1395471505.97
148820.0
1395471505.97
148400.0
1395471505.97
149104.8
1395471505.97
149529.6
1395471505.97
149245.2
1395471505.97
149104.8
1395471505.97
148824.0
1395471505.97
149385.6
1395471505.98
149245.2
1395471505.98
149104.8
1395471505.98
148680.0
1395471505.98
148824.0
1395471505.98
149245.2
1395471505.98
149385.6
1395471505.98
149811.2
1395471505.98
148255.2
1395471505.98
148683.6
1395471505.99
148680.0
1395471505.99
149529.6
1395471505.99
149245.2
1395471505.99
149245.2
1395471505.99
148400.0
1395471505.99
148680.0
1395471505.99
148820.0
1395471505.99
149245.2
1395471506.0
148820.0
1395471506.0
148540.0
1395471506.0
149104.8
1395471506.0
149385.6
1395471506.0
149245.2
1395471506.0
148680.0
1395471506.0
148400.0
1395471506.0
148820.0
1395471506.0
148394.8
1395471506.01
149385.6
1395471506.01
148820.0
1395471506.01
148540.0
1395471506.01
149104.8
1395471506.01
148820.0
1395471506.01
149245.2
1395471506.01
148960.0
1395471506.01
149388.8
1395471506.02
149245.2
1395471506.02
148820.0
1395471506.02
149104.8
1395471506.02
149245.2
1395471506.02
148400.0
1395471506.02
148540.0
1395471506.02
149385.6
1395471506.02
149104.8
1395471506.02
148680.0
1395471506.03
147976.0
1395471506.03
148540.0
1395471506.03
149385.6
1395471506.03
149245.2
1395471506.03
149245.2
1395471506.03
148540.0
1395471506.03
148964.4
1395471506.03
148960.0
1395471506.04
148680.0
1395471506.04
148680.0
1395471506.04
149104.8
1395471506.04
148964.4
1395471506.04
149385.6
1395471506.04
148680.0
1395471506.04
148680.0
1395471506.04
148540.0
1395471506.04
148964.4
1395471506.05
149385.6
1395471506.05
149245.2
1395471506.05
149104.8
1395471506.05
149104.8
1395471506.05
148964.4
1395471506.05
149245.2
1395471506.05
149104.8
1395471506.05
148680.0
1395471506.06
148680.0
1395471506.06
148400.0
1395471506.06
148680.0
1395471506.06
149104.8
1395471506.06
149104.8
1395471506.06
149104.8
1395471506.06
148964.4
1395471506.06
149104.8
1395471506.06
149385.6
1395471506.07
148680.0
1395471506.07
148680.0
1395471506.07
148400.0
1395471506.07
148400.0
1395471506.07
148820.0
1395471506.07
149104.8
1395471506.07
149104.8
1395471506.07
148400.0
1395471506.08
148540.0
1395471506.08
148820.0
1395471506.08
148820.0
1395471506.08
148820.0
1395471506.08
149104.8
1395471506.08
148540.0
1395471506.08
149245.2
1395471506.08
148680.0
1395471506.09
148680.0
1395471506.09
148540.0
1395471506.09
148540.0
1395471506.09
148820.0
1395471506.09
148680.0
1395471506.09
148820.0
1395471506.09
148964.4
1395471506.09
148824.0
1395471506.09
148820.0
1395471506.1
149104.8
1395471506.1
149104.8
1395471506.1
148820.0
1395471506.1
148824.0
1395471506.1
149245.2
1395471506.1
149104.8
1395471506.1
148680.0
1395471506.1
148680.0
1395471506.11
148824.0
1395471506.11
149104.8
1395471506.11
148540.0
1395471506.11
148964.4
1395471506.11
148680.0
1395471506.11
148260.0
1395471506.11
148820.0
1395471506.11
149245.2
1395471506.11
149245.2
1395471506.12
148540.0
1395471506.12
148964.4
1395471506.12
149104.8
1395471506.12
149245.2
1395471506.12
148680.0
1395471506.12
148400.0
1395471506.12
148820.0
1395471506.12
148964.4
1395471506.12
148680.0
1395471506.13
147976.0
1395471506.13
148540.0
1395471506.13
149245.2
1395471506.13
148820.0
1395471506.13
148820.0
1395471506.13
148824.0
1395471506.13
149104.8
1395471506.13
148680.0
1395471506.14
149104.8
1395471506.14
148680.0
1395471506.14
148683.6
1395471506.14
148540.0
1395471506.14
148255.2
1395471506.14
148680.0
1395471506.14
148255.2
1395471506.14
148260.0
1395471506.15
148680.0
1395471506.15
149245.2
1395471506.15
149104.8
1395471506.15
148680.0
1395471506.15
147836.4
1395471506.15
149104.8
1395471506.15
149245.2
1395471506.15
148680.0
1395471506.15
148115.6
1395471506.16
148260.0
1395471506.16
148400.0
1395471506.16
148820.0
1395471506.16
148680.0
1395471506.16
148540.0
1395471506.16
148400.0
1395471506.16
148680.0
1395471506.16
149245.2
1395471506.17
149245.2
1395471506.17
149104.8
1395471506.17
148260.0
1395471506.17
148824.0
1395471506.17
148680.0
1395471506.17
148680.0
1395471506.17
148540.0
1395471506.17
148680.0
1395471506.17
148260.0
1395471506.18
149104.8
1395471506.18
148680.0
1395471506.18
148820.0
1395471506.18
148680.0
1395471506.18
148683.6
1395471506.18
148394.8
1395471506.18
148680.0
1395471506.18
148680.0
1395471506.19
148680.0
1395471506.19
148260.0
1395471506.19
149104.8
1395471506.19
148680.0
1395471506.19
148680.0
1395471506.19
148115.6
1395471506.19
148260.0
1395471506.19
148680.0
1395471506.19
149245.2
1395471506.2
149670.4
1395471506.2
149104.8
1395471506.2
148400.0
1395471506.2
148680.0
1395471506.2
149104.8
1395471506.2
148540.0
1395471506.2
148964.4
1395471506.2
148260.0
1395471506.21
148540.0
1395471506.21
149529.6
1395471506.21
148964.4
1395471506.21
148680.0
1395471506.21
148683.6
1395471506.21
149245.2
1395471506.21
149245.2
1395471506.21
148680.0
1395471506.21
148680.0
1395471506.22
148400.0
1395471506.22
149245.2
1395471506.22
148540.0
1395471506.22
148964.4
1395471506.22
148540.0
1395471506.22
148260.0
1395471506.22
148820.0
1395471506.22
148680.0
1395471506.23
148680.0
1395471506.23
148680.0
1395471506.23
148260.0
1395471506.23
148820.0
1395471506.23
148394.8
1395471506.23
149245.2
1395471506.23
148680.0
1395471506.23
148683.6
1395471506.23
149104.8
1395471506.24
149104.8
1395471506.24
149104.8
1395471506.24
149245.2
1395471506.24
148824.0
1395471506.24
149245.2
1395471506.24
148680.0
1395471506.24
148680.0
1395471506.24
148680.0
1395471506.25
148400.0
1395471506.25
149385.6
1395471506.25
148820.0
1395471506.25
149245.2
1395471506.25
148680.0
1395471506.25
148683.6
1395471506.25
148680.0
1395471506.25
149245.2
1395471506.25
149104.8
1395471506.26
148680.0
1395471506.26
148400.0
1395471506.26
149245.2
1395471506.26
148964.4
1395471506.26
148820.0
1395471506.26
148820.0
1395471506.26
148824.0
1395471506.26
148820.0
1395471506.27
148820.0
1395471506.27
148964.4
1395471506.27
149104.8
1395471506.27
148260.0
1395471506.27
148680.0
1395471506.27
149245.2
---writing finished---
1395471506.33
147696.8
1395471506.33
148260.0
1395471506.33
148400.0
1395471506.34
148680.0
1395471506.34
149104.8
1395471506.34
148540.0
1395471506.34
148964.4
1395471506.34
148824.0
1395471506.34
148680.0
1395471506.34
148680.0
1395471506.34
148680.0
1395471506.34
149104.8
1395471506.35
148824.0
1395471506.35
149245.2
1395471506.35
149104.8
1395471506.35
149245.2
1395471506.35
149104.8
1395471506.35
148683.6
1395471506.35
148680.0
1395471506.35
148680.0
1395471506.36
148680.0
1395471506.36
148540.0
1395471506.36
148400.0
1395471506.36
148680.0
1395471506.36
148820.0
1395471506.36
148540.0
1395471506.36
149245.2
1395471506.36
148824.0
1395471506.36
149104.8
1395471506.37
148394.8
1395471506.37
148680.0
1395471506.37
148680.0
1395471506.37
148260.0
1395471506.37
148820.0
1395471506.37
148540.0
1395471506.37
149529.6
1395471506.37
148824.0
1395471506.38
148824.0
1395471506.38
148820.0
1395471506.38
148680.0
1395471506.38
148820.0
1395471506.38
148964.4
1395471506.38
149104.8
1395471506.38
148960.0
1395471506.38
148680.0
1395471506.38
148540.0
1395471506.39
149104.8
1395471506.39
148400.0
1395471506.39
148820.0
1395471506.39
148820.0
1395471506.39
148540.0
1395471506.39
148680.0
1395471506.39
148400.0
1395471506.39
148820.0
1395471506.4
149245.2
1395471506.4
148680.0
1395471506.4
149670.4
1395471506.4
148824.0
1395471506.4
148120.0
1395471506.4
147836.4
1395471506.4
148540.0
1395471506.4
148400.0
1395471506.41
148680.0
1395471506.41
149245.2
1395471506.41
148820.0
1395471506.41
149245.2
1395471506.41
148400.0
1395471506.41
148820.0
1395471506.41
148820.0
1395471506.41
148820.0
1395471506.41
148820.0
1395471506.42
148400.0
1395471506.42
149104.8
1395471506.42
148255.2
1395471506.42
148680.0
1395471506.42
148680.0
1395471506.42
148400.0
1395471506.42
149245.2
1395471506.42
149385.6
1395471506.43
148820.0
1395471506.43
148820.0
1395471506.43
148964.4
1395471506.43
148540.0
1395471506.43
149385.6
1395471506.43
148820.0
1395471506.43
149104.8
1395471506.43
148824.0
1395471506.43
148260.0
1395471506.44
148680.0
1395471506.44
148680.0
1395471506.44
149245.2
1395471506.44
149104.8
1395471506.44
148824.0
1395471506.44
149245.2
1395471506.44
148680.0
1395471506.44
148820.0
1395471506.45
148680.0
1395471506.45
148400.0
1395471506.45
148680.0
1395471506.45
148820.0
1395471506.45
149104.8
1395471506.45
148680.0
1395471506.45
148260.0
1395471506.45
148964.4
1395471506.45
148820.0
1395471506.46
148680.0
1395471506.46
149104.8
1395471506.46
148400.0
1395471506.46
149104.8
1395471506.46
148820.0
1395471506.46
149245.2
1395471506.46
148680.0
1395471506.46
148683.6
1395471506.47
149104.8
1395471506.47
148540.0
1395471506.47
148540.0
1395471506.47
148680.0
1395471506.47
148260.0
1395471506.47
148680.0
1395471506.47
148820.0
1395471506.47
148820.0
1395471506.47
148680.0
1395471506.48
148683.6
1395471506.48
148964.4
1395471506.48
148820.0
1395471506.48
149104.8
1395471506.48
148820.0
1395471506.48
148824.0
1395471506.48
149104.8
1395471506.48
149104.8
1395471506.49
148680.0
1395471506.49
149245.2
1395471506.49
148964.4
1395471506.49
148260.0
1395471506.49
149245.2
1395471506.49
148540.0
1395471506.49
148680.0
1395471506.49
148820.0
1395471506.5
148824.0
1395471506.5
149245.2
1395471506.5
149245.2
1395471506.5
148820.0
1395471506.5
148964.4
1395471506.5
148683.6
1395471506.5
148680.0
1395471506.5
148820.0
1395471506.5
148255.2
1395471506.51
148680.0
1395471506.51
148260.0
1395471506.51
148540.0
1395471506.51
149245.2
1395471506.51
148680.0
1395471506.51
149104.8
1395471506.51
148400.0
1395471506.51
148680.0
1395471506.52
148820.0
1395471506.52
148680.0
1395471506.52
148680.0
1395471506.52
148824.0
1395471506.52
148540.0
1395471506.52
148820.0
1395471506.52
148820.0
1395471506.52
148820.0
1395471506.52
148400.0
1395471506.53
148540.0
1395471506.53
148820.0
1395471506.53
148820.0
1395471506.53
149104.8
1395471506.53
148400.0
1395471506.53
148680.0
1395471506.53
148680.0
1395471506.53
149104.8
1395471506.54
148680.0
1395471506.54
148824.0
1395471506.54
148680.0
1395471506.54
148680.0
1395471506.54
149104.8
1395471506.54
148540.0
1395471506.54
148260.0
1395471506.54
149245.2
1395471506.54
149245.2
1395471506.55
148820.0
1395471506.55
149104.8
1395471506.55
148824.0
1395471506.55
148680.0
1395471506.55
148680.0
1395471506.55
148255.2
1395471506.55
148540.0
1395471506.55
148964.4
1395471506.56
149245.2
1395471506.56
148680.0
1395471506.56
149104.8
1395471506.56
148540.0
1395471506.56
148824.0
1395471506.56
148820.0
1395471506.56
148820.0
1395471506.56
148820.0
1395471506.56
148964.4
1395471506.57
149104.8
1395471506.57
148680.0
1395471506.57
148680.0
1395471506.57
148680.0
1395471506.57
148260.0
1395471506.57
148680.0
1395471506.57
148255.2
1395471506.57
148680.0
1395471506.58
148680.0
1395471506.58
148400.0
1395471506.58
148964.4
1395471506.58
148820.0
1395471506.58
149245.2
1395471506.58
148820.0
1395471506.58
148824.0
1395471506.58
148680.0
1395471506.58
148820.0
1395471506.59
149245.2
1395471506.59
148680.0
1395471506.59
148683.6
1395471506.59
148120.0
1395471506.59
149104.8
1395471506.59
149104.8
1395471506.59
148680.0
1395471506.59
148680.0
1395471506.6
148400.0
1395471506.6
149245.2
1395471506.6
148680.0
1395471506.6
149245.2
1395471506.6
148255.2
1395471506.6
147696.8
1395471506.6
149245.2
1395471506.6
149104.8
1395471506.6
148680.0
1395471506.61
149104.8
1395471506.61
148540.0
1395471506.61
148824.0
1395471506.61
149245.2
1395471506.61
149104.8
1395471506.61
149104.8
1395471506.61
148680.0
1395471506.61
148964.4
1395471506.62
148960.0
1395471506.62
149104.8
1395471506.62
148540.0
1395471506.62
148400.0
1395471506.62
148540.0
1395471506.62
148680.0
1395471506.62
148680.0
1395471506.62
148964.4
1395471506.62
148400.0
1395471506.63
148820.0
1395471506.63
148964.4
1395471506.63
148115.6
1395471506.63
148540.0
1395471506.63
149104.8
1395471506.63
149385.6
1395471506.63
148680.0
1395471506.63
148680.0
1395471506.64
148824.0
1395471506.64
148824.0
1395471506.64
149104.8
1395471506.64
148680.0
1395471506.64
148680.0
1395471506.64
148683.6
1395471506.64
148400.0
1395471506.64
148680.0
1395471506.64
149104.8
1395471506.65
149104.8
1395471506.65
148680.0
1395471506.65
148400.0
1395471506.65
149245.2
1395471506.65
149104.8
1395471506.65
148680.0
1395471506.65
148680.0
1395471506.65
148683.6
1395471506.66
149245.2
1395471506.66
149245.2
1395471506.66
148540.0
1395471506.66
148540.0
1395471506.66
148683.6
1395471506.66
148680.0
1395471506.66
149245.2
1395471506.66
149245.2
1395471506.67
149245.2
1395471506.67
148824.0
1395471506.67
148540.0
1395471506.67
148820.0
1395471506.67
149245.2
1395471506.67
148680.0
1395471506.67
148824.0
1395471506.67
148540.0
1395471506.67
149104.8
1395471506.68
149104.8
1395471506.68
148540.0
1395471506.68
148964.4
1395471506.68
148400.0
1395471506.68
149526.0
1395471506.68
148820.0
1395471506.68
149245.2
1395471506.68
148824.0
1395471506.69
148964.4
1395471506.69
149245.2
1395471506.69
148680.0
1395471506.69
149670.4
1395471506.69
149104.8
1395471506.69
148964.4
1395471506.69
149245.2
1395471506.69
148820.0
1395471506.69
148820.0
1395471506.7
149245.2
1395471506.7
148540.0
1395471506.7
149385.6
1395471506.7
149245.2
1395471506.7
148680.0
1395471506.7
149245.2
1395471506.7
148824.0
1395471506.7
149529.6
1395471506.71
148820.0
1395471506.71
148820.0
1395471506.71
148680.0
1395471506.71
148260.0
1395471506.71
148540.0
1395471506.71
148820.0
1395471506.71
148820.0
1395471506.71
149245.2
1395471506.71
149248.0
1395471506.72
149245.2
1395471506.72
148820.0
1395471506.72
148540.0
1395471506.72
148824.0
1395471506.72
148820.0
1395471506.72
149670.4
1395471506.72
148680.0
1395471506.72
148964.4
1395471506.73
148400.0
1395471506.73
149245.2
1395471506.73
148960.0
1395471506.73
149385.6
1395471506.73
148960.0
1395471506.73
148964.4
1395471506.73
149245.2
1395471506.73
148680.0
1395471506.73
148680.0
1395471506.74
148680.0
1395471506.74
148540.0
1395471506.74
148540.0
1395471506.74
149385.6
1395471506.74
148820.0
1395471506.74
149245.2
1395471506.74
148824.0
1395471506.74
148820.0
1395471506.75
149385.6
1395471506.75
149385.6
1395471506.75
148960.0
1395471506.75
148964.4
1395471506.75
149245.2
1395471506.75
148820.0
1395471506.75
148820.0
1395471506.75
149245.2
1395471506.75
148540.0
1395471506.76
149104.8
1395471506.76
149245.2
1395471506.76
148820.0
1395471506.76
148820.0
1395471506.76
148824.0
1395471506.76
148820.0
1395471506.76
148960.0
1395471506.76
148820.0
1395471506.77
148820.0
1395471506.77
148824.0
1395471506.77
148820.0
1395471506.77
149245.2
1395471506.77
149104.8
1395471506.77
148680.0
1395471506.77
148824.0
1395471506.77
148820.0
1395471506.77
149245.2
1395471506.78
149104.8
1395471506.78
148680.0
1395471506.78
148964.4
1395471506.78
148820.0
1395471506.78
148960.0
1395471506.78
149385.6
1395471506.78
149104.8
1395471506.78
148964.4
1395471506.79
149245.2
1395471506.79
149245.2
1395471506.79
148680.0
1395471506.79
148820.0
1395471506.79
148683.6
1395471506.79
148820.0
1395471506.79
148820.0
1395471506.79
148680.0
1395471506.79
148820.0
1395471506.8
148824.0
1395471506.8
148394.8
1395471506.8
149104.8
1395471506.8
149104.8
1395471506.8
148540.0
1395471506.8
148400.0
1395471506.8
148820.0
1395471506.8
149245.2
1395471506.81
148540.0
1395471506.81
149245.2
1395471506.81
148824.0
1395471506.81
148680.0
1395471506.81
149104.8
1395471506.81
149104.8
1395471506.81
148964.4
1395471506.81
148964.4
1395471506.81
148960.0
1395471506.82
148820.0
1395471506.82
149529.6
1395471506.82
149104.8
1395471506.82
148964.4
1395471506.82
149245.2
1395471506.82
149245.2
1395471506.82
148820.0
1395471506.82
149104.8
1395471506.83
148540.0
1395471506.83
149670.4
1395471506.83
149245.2
1395471506.83
148820.0
1395471506.83
148964.4
1395471506.83
149245.2
1395471506.83
149526.0
1395471506.83
149104.8
1395471506.83
148820.0
1395471506.84
148400.0
1395471506.84
149104.8
1395471506.84
148820.0
1395471506.84
149245.2
1395471506.84
148400.0
1395471506.84
148964.4
1395471506.84
148680.0
1395471506.84
149385.6
1395471506.85
149385.6
1395471506.85
149526.0
1395471506.85
148394.8
1395471506.85
148964.4
1395471506.85
148820.0
1395471506.85
148820.0
1395471506.85
148820.0
1395471506.85
148820.0
1395471506.85
148824.0
1395471506.86
148680.0
1395471506.86
149385.6
1395471506.86
149245.2
1395471506.86
148820.0
1395471506.86
148964.4
1395471506.86
148680.0
1395471506.86
149385.6
1395471506.86
149245.2
1395471506.87
149245.2
1395471506.87
148540.0
1395471506.87
148680.0
1395471506.87
148820.0
1395471506.87
149104.8
1395471506.87
148540.0
1395471506.87
149104.8
1395471506.87
148820.0
1395471506.87
148255.2
1395471506.88
149104.8
1395471506.88
148820.0
1395471506.88
148400.0
1395471506.88
148960.0
1395471506.88
149670.4
1395471506.88
149385.6
1395471506.88
149245.2
1395471506.88
148683.6
1395471506.89
149104.8
1395471506.89
149245.2
1395471506.89
149245.2
1395471506.89
149245.2
1395471506.89
148400.0
1395471506.89
149245.2
1395471506.89
148820.0
1395471506.89
148820.0
1395471506.9
148680.0
1395471506.9
148400.0
1395471506.9
149245.2
1395471506.9
149245.2
1395471506.9
149385.6
1395471506.9
149248.0
1395471506.9
149388.8
1395471506.9
149245.2
1395471506.9
148400.0
1395471506.91
148255.2
1395471506.91
148824.0
1395471506.91
148820.0
1395471506.91
148680.0
1395471506.91
148820.0
1395471506.91
148680.0
1395471506.91
149104.8
1395471506.91
148960.0
1395471506.91
149245.2
1395471506.92
149104.8
1395471506.92
148540.0
1395471506.92
148540.0
1395471506.92
148964.4
1395471506.92
149245.2
1395471506.92
148820.0
1395471506.92
148680.0
1395471506.92
148400.0
1395471506.93
148964.4
1395471506.93
148820.0
1395471506.93
149245.2
1395471506.93
149385.6
1395471506.93
149104.8
1395471506.93
148540.0
1395471506.93
149245.2
1395471506.93
149104.8
1395471506.94
148540.0
1395471506.94
148680.0
1395471506.94
148400.0
1395471506.94
148820.0
1395471506.94
149104.8
1395471506.94
148680.0
1395471506.94
148680.0
1395471506.94
149248.0
1395471506.94
148820.0
1395471506.95
149245.2
1395471506.95
148820.0
1395471506.95
148680.0
1395471506.95
148683.6
1395471506.95
149104.8
1395471506.95
148680.0
1395471506.95
148820.0
1395471506.95
149104.8
1395471506.96
148824.0
1395471506.96
149104.8
1395471506.96
149245.2
1395471506.96
148820.0
1395471506.96
148680.0
1395471506.96
148260.0
1395471506.96
149385.6
1395471506.96
149245.2
1395471506.96
149245.2
1395471506.97
149245.2
1395471506.97
148683.6
1395471506.97
149104.8
1395471506.97
148820.0
1395471506.97
148964.4
1395471506.97
148680.0
1395471506.97
148824.0
1395471506.97
148680.0
1395471506.98
148680.0
1395471506.98
148680.0
1395471506.98
148680.0
1395471506.98
148400.0
1395471506.98
149245.2
1395471506.98
148820.0
1395471506.98
148960.0
1395471506.98
148820.0
1395471506.98
148683.6
1395471506.99
149104.8
1395471506.99
148820.0
1395471506.99
149245.2
1395471506.99
149104.8
1395471506.99
148540.0
1395471506.99
149104.8
1395471506.99
148820.0
1395471506.99
149104.8
1395471507.0
148680.0
1395471507.0
149104.8
1395471507.0
148964.4
1395471507.0
149526.0
1395471507.0
149104.8
1395471507.0
149104.8
1395471507.0
148824.0
1395471507.0
148400.0
1395471507.0
148820.0
1395471507.01
149104.8
1395471507.01
149104.8
1395471507.01
148540.0
1395471507.01
148400.0
1395471507.01
149245.2
1395471507.01
148680.0
1395471507.01
149245.2
1395471507.01
148964.4
1395471507.02
148680.0
1395471507.02
149245.2
1395471507.02
148680.0
1395471507.02
148680.0
1395471507.02
148540.0
1395471507.02
148400.0
1395471507.02
149245.2
1395471507.02
149245.2
1395471507.02
149245.2
1395471507.03
148964.4
1395471507.03
148964.4
1395471507.03
149245.2
1395471507.03
148820.0
1395471507.03
148820.0
1395471507.03
148540.0
1395471507.03
148540.0
1395471507.03
148680.0
1395471507.04
148964.4
1395471507.04
148680.0
1395471507.04
148964.4
1395471507.04
148540.0
1395471507.04
149385.6
1395471507.04
148820.0
1395471507.04
149104.8
1395471507.04
148824.0
1395471507.04
148400.0
1395471507.05
148820.0
1395471507.05
149245.2
1395471507.05
149245.2
1395471507.05
148964.4
1395471507.05
148964.4
1395471507.05
149104.8
1395471507.05
149104.8
1395471507.05
148540.0
1395471507.06
148540.0
1395471507.06
148824.0
1395471507.06
149104.8
1395471507.06
148680.0
1395471507.06
148964.4
1395471507.06
148964.4
1395471507.06
148964.4
1395471507.06
149245.2
1395471507.07
148820.0
1395471507.07
148820.0
1395471507.07
148824.0
1395471507.07
148824.0
1395471507.07
149104.8
1395471507.07
148964.4
1395471507.07
149104.8
1395471507.07
148540.0
1395471507.07
148260.0
1395471507.08
148540.0
1395471507.08
148680.0
1395471507.08
149104.8
1395471507.08
148680.0
1395471507.08
148260.0
1395471507.08
149245.2
1395471507.08
149104.8
1395471507.08
148540.0
1395471507.09
148964.4
1395471507.09
148120.0
1395471507.09
149104.8
1395471507.09
148680.0
1395471507.09
148680.0
1395471507.09
148680.0
1395471507.09
147976.0
1395471507.09
148824.0
1395471507.09
149104.8
1395471507.1
148680.0
1395471507.1
149245.2
1395471507.1
148540.0
1395471507.1
148680.0
1395471507.1
148680.0
1395471507.1
149104.8
1395471507.1
148680.0
1395471507.1
148540.0
1395471507.11
148260.0
1395471507.11
149104.8
1395471507.11
148540.0
1395471507.11
148540.0
1395471507.11
149104.8
1395471507.11
148400.0
1395471507.11
148960.0
1395471507.11
148820.0
1395471507.11
149104.8
1395471507.12
148683.6
1395471507.12
149104.8
1395471507.12
148540.0
1395471507.12
148680.0
1395471507.12
148964.4
1395471507.12
148540.0
1395471507.12
148820.0
1395471507.12
148540.0
1395471507.13
149104.8
1395471507.13
148683.6
1395471507.13
148540.0
1395471507.13
148680.0
1395471507.13
148820.0
1395471507.13
148820.0
1395471507.13
148400.0
1395471507.13
149104.8
1395471507.13
148540.0
1395471507.14
148680.0
1395471507.14
149104.8
1395471507.14
148683.6
1395471507.14
148680.0
1395471507.14
148680.0
1395471507.14
148680.0
1395471507.14
148540.0
1395471507.14
148824.0
1395471507.15
148680.0
1395471507.15
148820.0
1395471507.15
148680.0
1395471507.15
148680.0
1395471507.15
148260.0
1395471507.15
149104.8
1395471507.15
148540.0
1395471507.15
148540.0
1395471507.15
148115.6
1395471507.16
148120.0
1395471507.16
149104.8
1395471507.16
148540.0
1395471507.16
148964.4
1395471507.16
149104.8
1395471507.16
148824.0
1395471507.16
148820.0
1395471507.16
148680.0
1395471507.17
148680.0
1395471507.17
148964.4
1395471507.17
148824.0
1395471507.17
148680.0
1395471507.17
148540.0
1395471507.17
148680.0
1395471507.17
148540.0
1395471507.17
148683.6
1395471507.17
149104.8
1395471507.18
149104.8
1395471507.18
148540.0
1395471507.18
148964.4
1395471507.18
148683.6
1395471507.18
148820.0
1395471507.18
149104.8
1395471507.18
148680.0
1395471507.18
148540.0
1395471507.19
148260.0
1395471507.19
148255.2
1395471507.19
148540.0
1395471507.19
149104.8
1395471507.19
148540.0
1395471507.19
148120.0
1395471507.19
149104.8
1395471507.19
148680.0
1395471507.19
148824.0
1395471507.2
148680.0
1395471507.2
148540.0
1395471507.2
149104.8
1395471507.2
149104.8
1395471507.2
148540.0
1395471507.2
148400.0
1395471507.2
148260.0
1395471507.2
148540.0
1395471507.21
149245.2
1395471507.21
148680.0
1395471507.21
148540.0
1395471507.21
148824.0
1395471507.21
148824.0
1395471507.21
148820.0
1395471507.21
148820.0
1395471507.21
148680.0
1395471507.21
148964.4
1395471507.22
148964.4
1395471507.22
149104.8
1395471507.22
148680.0
1395471507.22
148680.0
1395471507.22
148400.0
1395471507.22
148824.0
1395471507.22
148820.0
1395471507.22
149245.2
1395471507.23
148964.4
1395471507.23
148964.4
1395471507.23
148683.6
1395471507.23
148680.0
1395471507.23
149104.8
1395471507.23
148820.0
1395471507.23
148540.0
1395471507.23
147976.0
1395471507.23
148540.0
1395471507.24
148540.0
1395471507.24
148680.0
1395471507.24
148400.0
1395471507.24
149104.8
1395471507.24
149245.2
1395471507.24
148540.0
1395471507.24
148680.0
1395471507.24
147976.0
1395471507.25
148824.0
1395471507.25
149245.2
1395471507.25
148680.0
1395471507.25
149245.2
1395471507.25
148260.0
1395471507.25
148824.0
1395471507.25
148680.0
1395471507.25
148540.0
1395471507.25
148540.0
1395471507.26
148400.0
1395471507.26
148964.4
1395471507.26
149104.8
1395471507.26
148540.0
1395471507.26
148540.0
1395471507.26
147836.4
1395471507.26
148540.0
1395471507.26
148820.0
1395471507.27
148680.0
1395471507.27
148680.0
1395471507.27
148260.0
1395471507.27
147836.4
1395471507.27
148680.0
1395471507.27
148255.2
1395471507.27
148964.4
1395471507.27
148540.0
1395471507.28
148400.0
1395471507.28
149104.8
1395471507.28
148680.0
1395471507.28
148680.0
1395471507.28
148820.0
1395471507.28
148824.0
1395471507.28
148680.0
1395471507.28
148680.0
1395471507.28
148400.0
1395471507.29
148680.0
1395471507.29
148683.6
1395471507.29
148540.0
1395471507.29
147691.2
1395471507.29
148115.6
1395471507.29
148540.0
1395471507.29
148543.2
1395471507.29
148540.0
1395471507.3
148540.0
1395471507.3
148680.0
1395471507.3
148680.0
1395471507.3
148400.0
1395471507.3
148680.0
1395471507.3
148680.0
1395471507.3
148820.0
1395471507.3
148680.0
1395471507.3
148400.0
1395471507.31
149104.8
1395471507.31
148680.0
1395471507.31
149104.8
1395471507.31
148680.0
1395471507.31
148260.0
1395471507.31
149245.2
1395471507.31
148820.0
1395471507.31
148680.0
1395471507.32
148680.0
1395471507.32
148260.0
1395471507.32
149104.8
1395471507.32
149104.8
1395471507.32
148540.0
1395471507.32
148540.0
1395471507.32
148824.0
1395471507.32
148820.0
1395471507.32
148680.0
1395471507.33
148964.4
1395471507.33
148680.0
1395471507.33
148540.0
1395471507.33
148820.0
1395471507.33
148820.0
1395471507.33
148680.0
1395471507.33
148964.4
1395471507.33
148260.0
1395471507.34
148680.0
1395471507.34
148540.0
1395471507.34
149104.8
1395471507.34
148400.0
1395471507.34
148964.4
1395471507.34
148820.0
1395471507.34
148540.0
1395471507.34
148680.0
1395471507.34
148824.0
1395471507.35
148400.0
1395471507.35
148820.0
1395471507.35
148680.0
1395471507.35
149104.8
1395471507.35
148540.0
1395471507.35
148683.6
1395471507.35
149245.2
1395471507.35
149104.8
1395471507.36
148680.0
1395471507.36
148540.0
1395471507.36
148400.0
1395471507.36
147417.6
1395471507.36
149245.2
1395471507.36
148680.0
1395471507.37
148820.0
1395471507.37
148820.0
1395471507.37
148824.0
1395471507.37
148680.0
1395471507.37
148680.0
1395471507.37
148540.0
1395471507.37
148543.2
1395471507.37
149104.8
1395471507.37
148680.0
1395471507.38
148680.0
1395471507.38
148680.0
1395471507.38
148260.0
1395471507.38
148680.0
1395471507.38
149245.2
1395471507.38
148680.0
1395471507.38
149104.8
1395471507.38
148543.2
1395471507.39
148964.4
1395471507.39
149245.2
1395471507.39
148680.0
1395471507.39
148540.0
1395471507.39
148260.0
1395471507.39
149104.8
1395471507.39
148680.0
1395471507.39
148540.0
1395471507.39
149104.8
1395471507.4
148260.0
1395471507.4
149245.2
1395471507.4
149104.8
1395471507.4
149104.8
1395471507.4
148824.0
1395471507.4
148400.0
1395471507.4
147560.0
1395471507.4
148255.2
1395471507.41
149104.8
1395471507.41
148260.0
1395471507.41
149104.8
1395471507.41
149245.2
1395471507.41
148820.0
1395471507.41
148680.0
1395471507.41
148260.0
1395471507.41
149104.8
1395471507.42
148820.0
1395471507.42
148820.0
1395471507.42
149104.8
1395471507.42
148683.6
1395471507.42
149104.8
1395471507.42
148540.0
1395471507.42
148680.0
1395471507.42
148680.0
1395471507.42
148260.0
1395471507.43
149104.8
1395471507.43
148680.0
1395471507.43
148680.0
1395471507.43
148680.0
1395471507.43
148824.0
1395471507.43
148680.0
1395471507.43
149245.2
1395471507.43
148680.0
1395471507.44
148115.6
1395471507.44
148400.0
1395471507.44
148964.4
1395471507.44
148680.0
1395471507.44
148680.0
1395471507.44
149245.2
1395471507.44
148400.0
1395471507.44
148540.0
1395471507.44
148680.0
1395471507.45
149245.2
1395471507.45
149385.6
1395471507.45
148540.0
1395471507.45
149104.8
1395471507.45
149104.8
1395471507.45
148964.4
1395471507.45
148680.0
1395471507.45
148824.0
1395471507.46
148964.4
1395471507.46
148255.2
1395471507.46
148680.0
1395471507.46
149104.8
1395471507.46
148260.0
1395471507.46
148400.0
1395471507.46
148680.0
1395471507.46
149245.2
1395471507.46
149104.8
1395471507.47
148680.0
1395471507.47
149104.8
1395471507.47
148540.0
1395471507.47
148680.0
1395471507.47
148680.0
1395471507.47
149104.8
1395471507.47
148824.0
1395471507.47
148680.0
1395471507.48
148680.0
1395471507.48
148820.0
1395471507.48
149104.8
1395471507.48
148683.6
1395471507.48
149385.6
1395471507.48
149245.2
1395471507.48
149104.8
1395471507.48
149245.2
1395471507.48
148260.0
1395471507.49
148540.0
1395471507.49
148820.0
1395471507.49
149245.2
1395471507.49
148255.2
1395471507.49
148824.0
1395471507.49
148680.0
1395471507.49
148680.0
1395471507.49
148680.0
1395471507.5
149104.8
1395471507.5
149107.2
1395471507.5
149245.2
1395471507.5
148960.0
1395471507.5
149104.8
1395471507.5
148540.0
1395471507.5
147976.0
1395471507.5
148680.0
1395471507.5
148680.0
1395471507.51
148680.0
1395471507.51
148680.0
1395471507.51
148683.6
1395471507.51
148540.0
1395471507.51
148820.0
1395471507.51
148820.0
1395471507.51
148820.0
1395471507.51
148824.0
---writing finished---
