7393.893268 #
0.047887 136469.2
0.059840 137148.0
0.071984 137034.0
0.084003 137127.2
0.096042 137016.0
0.108252 136864.0
0.127009 136752.0
0.138861 137580.8
0.150867 137280.0
0.162725 138776.0
0.174721 139745.6
0.186433 138908.8
0.198292 139327.2
0.210390 137960.8
0.222202 138093.2
0.233901 138927.6
0.245625 139194.0
0.257374 139327.2
0.269182 139327.2
0.280896 139745.6
0.292632 138776.0
0.304446 139327.2
0.316250 139211.2
0.328246 139060.8
0.340081 138510.4
0.351981 138776.0
0.363642 138377.6
0.375577 138643.2
0.387342 138377.6
0.399372 139327.2
0.411119 138643.2
0.422985 140146.4
0.434696 139327.2
0.446639 139612.0
0.458510 139460.4
0.470329 139327.2
0.482045 139327.2
0.493801 139460.4
0.505521 139327.2
0.517273 138908.8
0.532150 137808.0
0.544208 139327.2
0.555925 139460.4
0.567921 139879.2
0.579654 139060.8
0.591596 139612.0
0.603327 139460.4
0.615221 139344.8
0.627090 138510.4
0.638976 138643.2
0.650700 138510.4
0.662691 139327.2
0.674376 139194.0
0.686058 137960.8
0.697863 138093.2
0.709579 138927.6
0.721297 139194.0
0.733057 139060.8
0.744834 139327.2
0.756622 138510.4
0.768627 138377.6
0.780521 138225.6
0.792276 138776.0
0.804055 138510.4
0.815936 138927.6
0.827691 138510.4
0.839600 139726.8
0.851331 138776.0
0.863244 139460.4
0.874978 139327.2
0.886881 139460.4
0.898633 139327.2
0.910566 138776.0
0.922339 139745.6
0.934051 139593.6
0.945787 138908.8
0.957552 139327.2
0.969293 138908.8
0.981059 138776.0
0.997390 136316.8
1.009255 137563.6
1.021274 137431.2
1.033267 136074.4
1.045268 137412.0
1.057249 137828.4
1.069179 136337.6
1.081129 136488.0
1.093196 137412.0
1.105044 137696.0
1.117324 136600.8
1.129099 137280.0
1.141549 136337.6
1.153448 137298.8
1.165399 137412.0
1.177413 136488.0
1.189480 137676.0
1.201591 137431.2
1.213455 137315.2
1.225655 137280.0
1.237660 136752.0
1.268168 136864.0
1.280537 136469.2
1.292619 137412.0
1.304493 135094.4
1.317069 135942.8
1.329009 134985.6
1.340966 136864.0
1.352975 135508.8
1.364993 136206.0
1.377197 136600.8
1.389110 131544.0
1.400963 136620.0
1.413077 137431.2
1.425113 137431.2
1.437260 137016.0
1.449068 137563.6
1.461442 136074.4
1.473343 137280.0
1.485948 137563.6
1.497987 137563.6
1.509865 136901.6
1.521790 136337.6
1.533673 136600.8
1.545583 137280.0
1.557408 137960.8
1.569289 137148.0
1.581272 137298.8
1.593200 136337.6
1.605024 137016.0
1.617133 137544.0
1.629096 137034.0
1.641043 136488.0
1.653025 137148.0
1.665062 137412.0
1.677150 136600.8
1.689090 138225.6
1.701028 137696.0
1.713031 136884.0
1.724984 136469.2
1.737175 137431.2
1.749038 136488.0
1.761095 137016.0
1.773117 137280.0
1.785063 137148.0
1.797156 137148.0
1.809148 137127.2
1.821043 137696.0
1.833072 136769.2
1.845043 136732.4
1.857194 136239.6
1.869279 137148.0
1.881210 135355.2
1.893239 135901.2
1.905166 135974.8
1.917334 136864.0
1.929253 134442.4
1.941343 135153.2
1.953527 136185.6
1.966972 136600.8
1.978823 137412.0
1.990882 138244.8
2.002727 139327.2
2.014648 139612.0
2.026368 139460.4
2.038144 139194.0
2.049911 139327.2
2.061639 139194.0
2.073360 139327.2
2.085143 138908.8
2.096945 139327.2
2.108716 138510.4
2.120462 138776.0
2.132285 138643.2
2.144148 139194.0
2.155857 138776.0
2.167749 139745.6
2.179497 138927.6
2.191546 139060.8
2.203277 139327.2
2.215180 138927.6
2.226945 139478.4
2.238886 137960.8
2.250612 138794.4
2.262417 138661.2
2.274141 140030.0
2.285885 139060.8
2.297672 139327.2
2.309508 139060.8
2.321240 139327.2
2.333020 139060.8
2.344818 139194.0
2.356655 138510.4
2.368662 138225.6
2.380466 138510.4
2.392411 138776.0
2.407545 137960.8
2.419404 139194.0
2.433755 136600.8
2.445621 139194.0
2.457373 139745.6
2.471884 139327.2
2.483652 139060.8
2.495590 137696.0
2.509202 137280.0
2.521101 137431.2
2.536387 137653.6
2.549526 137412.0
2.561463 137412.0
2.573479 137696.0
2.585797 137148.0
2.599699 137696.0
2.611643 137034.0
2.623663 137280.0
2.635959 137127.2
2.649867 136995.6
2.661764 137412.0
2.676028 136864.0
2.688856 137696.0
2.700812 136206.0
2.712844 137412.0
2.726301 137960.8
2.739703 137258.8
2.751815 137148.0
2.763728 137960.8
2.778948 137016.0
2.791000 137696.0
2.802817 137280.0
2.816562 136732.4
2.830251 137412.0
2.842076 137544.0
2.854163 137960.8
2.869542 137412.0
2.881427 137412.0
2.893453 137544.0
2.906605 138093.2
2.920465 137580.8
2.932465 137544.0
2.945020 137544.0
2.958890 137412.0
2.970710 137960.8
2.982762 136752.0
2.995055 137960.8
3.008999 136752.0
3.020898 137412.0
3.032851 137960.8
3.045073 136579.2
3.058752 136620.0
3.070902 137828.4
3.082759 137412.0
3.095180 137127.2
3.109361 136884.0
3.121302 137280.0
3.133128 137280.0
3.145504 137544.0
3.167072 136469.2
3.179389 137676.0
3.192009 136600.8
3.204051 137148.0
3.216521 137016.0
3.228756 137016.0
3.240932 137696.0
3.257076 137563.6
3.269077 136752.0
3.281098 136206.0
3.293266 137298.8
3.305437 136600.8
3.317470 137544.0
3.329523 136356.0
3.341585 136884.0
3.353472 137696.0
3.366583 136185.6
3.378522 137960.8
3.390389 137166.4
3.402432 136752.0
3.414382 137148.0
3.426276 137563.6
3.438274 136206.0
3.450265 136752.0
3.462164 137016.0
3.474199 137431.2
3.486259 135267.2
3.498242 136600.8
3.510177 137016.0
3.522211 136504.4
3.534251 136337.6
3.546161 137016.0
3.558120 135792.0
3.570016 137049.6
3.581888 136620.0
3.593822 134758.4
3.605595 137034.0
3.617499 136600.8
3.629441 137828.4
3.641374 137431.2
3.653396 137298.8
3.665243 137034.0
3.677477 137148.0
3.689384 136469.2
3.701464 136600.8
3.713404 137298.8
3.747931 136732.4
3.760335 136620.0
3.772215 136995.6
3.784424 136206.0
3.796592 136600.8
3.808743 137431.2
3.820717 137148.0
3.832670 137828.4
3.844777 137298.8
3.856659 137148.0
3.868893 137696.0
3.880887 137034.0
3.892839 136600.8
3.904742 137563.6
3.916947 136620.0
3.928874 136732.4
3.940860 137148.0
3.952918 137431.2
3.964937 136864.0
3.976978 136600.8
3.988929 137431.2
4.000913 135811.2
4.012896 136864.0
4.024884 137563.6
4.037025 136469.2
4.048958 136600.8
4.060942 137431.2
4.072900 137016.0
4.084898 136732.4
4.096969 136864.0
4.108980 136901.6
4.121016 137148.0
4.133574 136600.8
4.147406 136600.8
4.159374 137563.6
4.171469 137016.0
4.183627 137016.0
4.196015 136864.0
4.208184 137148.0
4.220049 137280.0
4.232044 137412.0
4.244185 136600.8
4.256558 137580.8
4.268613 136864.0
4.280774 134290.0
4.292884 136448.0
4.304841 135398.4
4.317176 136732.4
4.329233 134030.0
4.341372 136074.4
4.353569 135564.0
4.365603 136579.2
4.377432 136074.4
4.389475 137676.0
4.401396 136488.0
4.413506 136864.0
4.425441 137412.0
4.437989 137412.0
4.449921 137166.4
4.461902 137016.0
4.473765 137280.0
4.485676 137828.4
4.497550 137148.0
4.509541 136884.0
4.521533 136752.0
4.533562 137280.0
4.545476 137544.0
4.557567 136620.0
4.569628 137280.0
4.581584 137016.0
4.593521 135200.0
4.606242 136864.0
4.618154 135116.4
4.630117 136636.8
4.642125 135564.0
4.656448 137034.0
4.668994 136337.6
4.681078 136864.0
4.693399 137544.0
4.706561 136884.0
4.718561 136732.4
4.730940 136316.8
4.743143 135811.2
4.754985 135792.0
4.767224 136884.0
4.779023 135136.0
4.791123 136864.0
4.803017 137148.0
4.815857 136769.2
4.827708 136995.6
4.839824 136162.8
4.851717 137828.4
4.863831 137016.0
4.875909 137696.0
4.888192 137280.0
4.900129 137412.0
4.912058 137696.0
4.923900 137713.6
4.936062 137412.0
4.948138 136185.6
4.968973 136864.0
4.980876 136995.6
4.992877 136337.6
5.004828 137148.0
5.017307 137127.2
5.038125 135942.8
5.049908 136224.0
5.061804 135416.4
5.074203 137182.4
5.086109 136600.8
5.107120 136469.2
5.119226 136620.0
5.131143 136488.0
5.143368 136600.8
5.155302 136469.2
5.167482 136600.8
5.179295 137280.0
5.192229 136864.0
5.205217 136620.0
5.217211 136864.0
5.229718 136864.0
5.241598 136469.2
5.253688 136752.0
5.265709 136600.8
5.277707 137280.0
5.289664 137544.0
5.301702 136356.0
5.313592 136206.0
5.325597 137148.0
5.337428 136732.4
5.349587 136620.0
5.361433 136469.2
5.373895 137298.8
5.385893 136600.8
5.398465 137431.2
5.410487 136488.0
5.422342 135529.6
5.434401 137016.0
5.446360 136884.0
5.458316 136620.0
5.470307 136600.8
5.482289 137148.0
5.494189 137828.4
5.506023 136864.0
5.518030 137166.4
5.530058 136732.4
5.541876 137431.2
5.553793 137016.0
5.565745 137563.6
5.577688 131560.0
5.589496 137563.6
5.601452 136469.2
5.613362 136732.4
5.625407 137280.0
5.637468 137016.0
5.649448 137412.0
5.661345 137431.2
5.673383 136620.0
5.685341 136864.0
5.697397 137280.0
5.709355 137034.0
5.721392 136469.2
5.733316 136074.4
5.745371 133770.0
5.757625 136732.4
5.769519 135639.6
5.781363 132062.4
5.793316 134650.8
5.805084 137431.2
5.817110 136469.2
5.829053 137412.0
5.840977 137960.8
5.852985 135398.4
5.864936 135811.2
5.877178 134873.6
5.889232 136469.2
5.901108 137828.4
5.913035 136864.0
5.926243 137544.0
5.939727 137696.0
5.951867 137412.0
5.963899 137563.6
5.978895 137016.0
5.990863 136752.0
6.002710 137127.2
6.015287 136995.6
6.028983 136995.6
6.040917 137412.0
6.052919 137544.0
6.065429 137696.0
6.079292 137034.0
6.091130 137166.4
6.103251 137412.0
6.115604 136600.8
6.140668 136884.0
6.152863 137127.2
6.165174 136074.4
6.187384 136620.0
6.199444 136600.8
6.211671 136995.6
6.237921 136074.4
6.249823 134611.2
6.261836 135770.4
6.273765 137280.0
6.285773 137148.0
6.298046 136864.0
6.311393 136752.0
6.323288 136469.2
6.335350 137696.0
6.347319 137280.0
6.359375 136488.0
6.371372 136864.0
6.384044 135224.8
6.395961 137979.2
6.408197 137696.0
6.420113 135355.2
6.432204 135660.8
6.444157 137166.4
6.456243 137412.0
6.477137 136469.2
6.489092 134964.0
6.501109 136732.4
6.513013 136600.8
6.525049 136620.0
6.537105 136732.4
6.549316 137016.0
6.561882 137182.4
6.574180 133150.8
6.585968 136864.0
6.597910 136206.0
6.609879 136185.6
6.621865 136600.8
6.633717 136448.0
6.645468 135200.0
6.657450 137034.0
6.669601 135485.6
6.681570 137412.0
6.693943 136884.0
6.705851 137127.2
6.718772 136732.4
6.731444 137828.4
6.743485 136752.0
6.755356 136488.0
6.767576 137696.0
6.779503 136752.0
6.791619 136884.0
6.803552 137696.0
6.816239 137298.8
6.828851 137280.0
6.840938 136884.0
6.852984 136488.0
6.864937 136185.6
6.877115 137016.0
6.889017 135004.8
6.900996 136337.6
6.912850 132921.6
6.924990 135679.6
6.937371 136732.4
6.949466 137280.0
6.961448 137412.0
6.975979 136995.6
6.987923 137016.0
6.999974 137148.0
7.013399 137148.0
7.025350 136620.0
7.037409 136864.0
7.049297 137412.0
7.061193 133770.0
7.073007 137280.0
7.088255 137148.0
7.100856 137127.2
7.112891 137412.0
7.124989 137563.6
7.141190 136732.4
7.153195 137544.0
7.166673 136995.6
7.178823 135942.8
7.190807 136469.2
7.202849 136884.0
7.215091 136600.8
7.227223 136054.4
7.239628 136864.0
7.251692 136185.6
7.264039 136074.4
7.276064 136864.0
7.288494 137148.0
7.300370 137696.0
7.312308 137412.0
7.324248 136884.0
7.336304 136752.0
7.348216 136864.0
7.360307 136732.4
7.372241 136901.6
7.384288 136995.6
7.396161 137148.0
7.408286 136337.6
7.420201 136732.4
7.432296 136995.6
7.444220 137828.4
7.456281 136884.0
7.477930 136206.0
7.489888 137280.0
7.501879 137280.0
7.513824 136620.0
7.525836 137298.8
7.537707 137828.4
7.549626 137828.4
7.561573 136864.0
7.573660 137828.4
7.585595 137258.8
7.599472 137412.0
7.611336 137412.0
7.623377 137696.0
7.635668 137676.0
7.649724 136600.8
7.661645 137127.2
7.673575 137696.0
7.685923 136732.4
7.699567 137696.0
7.711711 137280.0
7.723523 138244.8
7.736260 137127.2
7.749890 136620.0
7.762027 137412.0
7.773945 137412.0
7.786336 137412.0
7.800262 137016.0
7.812187 137828.4
7.824286 137280.0
7.837647 137016.0
7.857500 136732.4
7.870093 136600.8
7.882049 136316.8
7.893921 137298.8
7.905988 137127.2
7.917984 137016.0
7.929943 137828.4
7.941912 136488.0
7.953833 136620.0
7.965811 137016.0
7.977719 137148.0
7.989672 137016.0
8.007000 136337.6
8.018888 135792.0
8.030712 136206.0
8.042621 136469.2
8.054517 136032.0
8.066420 136224.0
8.078450 135923.2
8.090330 137280.0
8.102151 137148.0
8.114117 136864.0
8.125973 137828.4
8.137976 135660.8
8.149920 136054.4
8.161790 137280.0
8.173928 136752.0
8.185837 137448.0
8.197736 137016.0
8.209806 137563.6
8.221849 137016.0
8.233732 136636.8
8.245697 137148.0
8.257679 137544.0
8.269571 137431.2
8.281650 136356.0
8.293705 136752.0
8.305731 137696.0
8.317748 136864.0
8.329698 137828.4
8.341808 136600.8
8.353689 136074.4
8.365596 136600.8
8.377753 138093.2
8.389847 137148.0
8.401773 137148.0
8.413757 137696.0
8.425740 136620.0
8.437740 137016.0
8.449833 138093.2
8.461740 136901.6
8.473785 136732.4
8.485856 137280.0
8.497932 135679.6
8.509982 136884.0
8.521975 135355.2
8.534036 134703.2
8.546021 136752.0
8.558102 137960.8
8.569941 134181.6
8.581945 135828.0
8.593862 136162.8
8.605837 136752.0
8.617748 137280.0
8.629614 137298.8
8.641552 136620.0
8.653512 137412.0
8.665397 137431.2
8.678900 135792.0
8.692166 136864.0
8.727784 137544.0
8.739535 138093.2
8.751627 137166.4
8.763505 137034.0
8.775574 135923.2
8.787488 136995.6
8.799571 134462.4
8.811355 129664.0
8.823233 137016.0
8.835129 137544.0
8.847415 136769.2
8.859308 136600.8
8.871408 138112.0
8.883373 136752.0
8.895526 137696.0
8.907437 137960.8
8.919529 136901.6
8.931471 137148.0
8.943512 137960.8
8.955376 137960.8
8.967638 137544.0
8.979500 137960.8
8.991580 137580.8
9.003436 137580.8
9.015554 135616.0
9.027437 134985.6
9.039627 135398.4
9.051609 135901.2
9.064426 136864.0
9.079422 137016.0
9.091277 137298.8
9.103541 137676.0
9.117321 136841.6
9.130905 137412.0
9.142737 137412.0
9.154943 136316.8
9.168969 137280.0
9.181310 136600.8
9.193293 136600.8
9.205701 137412.0
9.218062 136185.6
9.230113 137298.8
9.242159 136600.8
9.254386 136884.0
9.266426 136185.6
9.278642 136185.6
9.290693 137563.6
9.302574 136864.0
9.314494 137148.0
9.326393 137280.0
9.338285 136600.8
9.350171 137696.0
9.362051 136752.0
9.374041 137280.0
9.385979 137563.6
9.398470 137696.0
9.410376 137544.0
9.422208 137412.0
9.434310 136316.8
9.448609 136884.0
9.461043 137412.0
9.473191 137960.8
9.485277 136884.0
9.499345 137412.0
9.511564 136206.0
9.523397 137544.0
9.535893 136864.0
9.549575 136752.0
9.561492 136884.0
9.573406 137148.0
9.585952 137544.0
9.599694 137280.0
9.611527 137412.0
9.623550 137828.4
9.638701 136752.0
9.650561 136620.0
9.662423 137544.0
9.674680 137828.4
9.688727 137148.0
9.700556 136995.6
9.712541 137412.0
9.724437 137960.8
9.738795 137960.8
9.750632 137412.0
9.762546 137298.8
9.774696 137412.0
9.789079 137940.0
9.801182 137280.0
9.813295 136864.0
9.825814 137676.0
9.839629 137544.0
9.851527 137544.0
9.863660 137127.2
9.876071 137563.6
9.890111 137828.4
9.902095 137412.0
9.913928 137412.0
9.926303 137544.0
9.939757 137412.0
9.951682 136995.6
9.968927 137412.0
9.980941 136206.0
9.992940 137544.0
10.005392 137544.0
10.019152 137127.2
10.030985 136995.6
10.042870 137960.8
10.055070 136448.0
10.068886 137544.0
10.080945 137412.0
10.092969 137828.4
10.105623 136579.2
10.119296 136337.6
10.131172 136884.0
10.143034 136995.6
10.155372 136600.8
10.169458 136995.6
10.181436 136337.6
10.193410 137127.2
10.205859 136864.0
10.219502 137280.0
10.231993 137412.0
10.244132 137280.0
10.258885 136752.0
10.270741 136337.6
10.282580 137127.2
10.296011 137676.0
10.309526 137412.0
10.321476 137544.0
10.333513 137280.0
10.347162 137127.2
10.361020 137696.0
10.372971 137258.8
10.385669 137127.2
10.399473 137544.0
10.411393 137544.0
10.423366 137960.8
10.436493 137544.0
10.450504 136864.0
10.462374 137280.0
10.474537 137696.0
10.488877 137280.0
10.500802 137544.0
10.512860 137127.2
10.525133 137258.8
10.539037 137940.0
10.550832 137127.2
10.562682 137676.0
10.574819 137696.0
10.588807 138072.0
10.600846 137544.0
10.612733 137676.0
10.625497 137258.8
10.639166 136732.4
10.651038 137148.0
10.662867 137544.0
10.675147 137563.6
10.689256 137390.4
10.701327 137298.8
10.713270 137258.8
10.725563 137412.0
10.739250 138225.6
10.751114 137431.2
10.771524 137034.0
10.783737 136884.0
10.795683 136337.6
10.807740 137280.0
10.819610 137676.0
10.831721 136620.0
10.843748 136337.6
10.855808 137676.0
10.868676 136864.0
10.880506 136995.6
10.892264 136448.0
10.904388 134964.0
10.916223 135508.8
10.928317 134703.2
10.940165 137412.0
10.952332 137960.8
10.964282 137431.2
10.976390 137127.2
10.988252 137828.4
11.000388 136600.8
11.012350 137696.0
11.024487 137431.2
11.036382 136901.6
11.048443 137412.0
11.060333 136864.0
11.072425 137696.0
11.084265 138112.0
11.096471 137696.0
11.108363 137148.0
11.120488 137828.4
11.132345 135770.4
11.144617 133790.4
11.156604 135639.6
11.168650 134572.8
11.180713 136206.0
11.192752 135901.2
11.204839 136448.0
11.239518 137298.8
11.251483 137166.4
11.263848 136488.0
11.275795 135923.2
11.287920 136732.4
11.299885 136901.6
11.312659 137280.0
11.324565 136579.2
11.336657 136752.0
11.348776 136884.0
11.360951 136356.0
11.372855 137696.0
11.385165 136620.0
11.397259 136864.0
11.409361 135247.2
11.421596 136732.4
11.433653 136488.0
11.445626 137016.0
11.457518 136864.0
11.469517 136864.0
11.481404 137412.0
11.493445 136752.0
11.505357 136469.2
11.518192 136600.8
11.530018 137828.4
11.542276 136995.6
11.554587 136732.4
11.566968 137016.0
11.578868 137280.0
11.590780 137828.4
11.602722 137828.4
11.614621 136620.0
11.626588 136337.6
11.638484 139041.6
11.650220 138643.2
11.662004 139041.6
11.673787 138776.0
11.685756 138093.2
11.697616 139327.2
11.709495 139194.0
11.721245 139745.6
11.733101 138643.2
11.744994 139745.6
11.756730 137431.2
11.768808 138776.0
11.780542 138225.6
11.792520 139327.2
11.804242 138358.0
11.816263 139327.2
11.828030 139041.6
11.839883 139460.4
11.851621 139593.6
11.863383 139460.4
11.875101 139327.2
11.886903 138776.0
11.898705 138225.6
11.910478 138908.8
11.922213 139307.2
11.933920 138776.0
11.945774 138776.0
11.957613 138643.2
11.969492 138908.8
11.981300 138510.4
11.993257 139327.2
12.005055 138794.4
12.016910 139194.0
12.028660 138661.2
12.040608 138244.8
12.052356 138794.4
12.064404 138908.8
12.076132 138510.4
12.088047 138908.8
12.099771 139041.6
12.111628 138776.0
12.123352 138776.0
12.135070 138776.0
12.146881 138908.8
12.159228 136864.0
12.171000 138093.2
12.182715 138794.4
12.194423 140164.0
12.206247 139327.2
12.218023 139060.8
12.229809 138794.4
12.241611 139194.0
12.253540 137280.0
12.265345 138093.2
12.277316 138358.0
12.289305 139726.8
12.301319 137808.0
12.313287 139041.6
12.325080 138093.2
12.336955 139327.2
12.348700 138643.2
12.360593 138908.8
12.372336 139593.6
12.384383 139460.4
12.396110 139327.2
12.408047 139194.0
12.419793 139745.6
12.434179 139327.2
12.445970 138377.6
12.457913 139077.6
12.469717 137696.0
12.481537 138794.4
12.493465 138093.2
12.505317 139307.2
12.517309 138643.2
12.529268 139194.0
12.541116 138225.6
12.553046 138776.0
12.564779 138927.6
12.576650 138776.0
12.588534 138776.0
12.600460 139460.4
12.612111 138776.0
12.624035 139879.2
12.635803 139041.6
12.647881 139060.8
12.659654 139194.0
12.671536 138510.4
12.688158 137412.0
12.700411 137960.8
12.714060 136074.4
12.725978 138358.0
12.737895 138908.8
12.749707 138358.0
12.761558 138776.0
12.773390 137696.0
12.788814 138394.8
12.800684 138225.6
12.812566 138377.6
12.824495 138908.8
12.836202 138643.2
12.848112 139460.4
12.859771 138908.8
12.871777 139879.2
12.883489 139327.2
12.895208 138908.8
12.906961 139327.2
12.918688 138908.8
12.930424 138643.2
12.942250 138643.2
12.953965 138643.2
12.965731 138358.0
12.977631 138776.0
12.989495 138490.4
13.001351 139327.2
13.013153 138776.0
13.025000 139460.4
13.036717 139194.0
13.048720 139593.6
13.060444 139327.2
13.072492 139745.6
13.084217 139612.0
13.096108 138510.4
13.107842 138377.6
13.119827 139460.4
13.131563 138358.0
13.143348 138776.0
13.155062 138510.4
13.166994 136864.0
13.179143 137166.4
13.191317 136864.0
13.203424 136752.0
13.215877 136206.0
13.228206 137016.0
13.240702 137828.4
13.253051 136206.0
13.265505 137148.0
13.277651 137016.0
13.289551 137412.0
13.301609 136995.6
13.313511 136884.0
13.325626 137280.0
13.337510 137280.0
13.349560 136884.0
13.361520 136752.0
13.373565 137696.0
13.385536 137412.0
13.397558 136752.0
13.409520 137258.8
13.421566 137280.0
13.433517 137431.2
13.446056 136864.0
13.467078 136185.6
13.479084 137148.0
13.491024 136864.0
13.502985 136337.6
13.514849 136884.0
13.526658 136600.8
13.538921 136995.6
13.551524 136620.0
13.563447 136074.4
13.575478 136864.0
13.587407 136995.6
13.599301 137696.0
13.611191 137166.4
13.623119 136620.0
13.635019 137148.0
13.657911 136074.4
13.669848 137544.0
13.682075 136620.0
13.694065 137148.0
13.706089 136162.8
13.718105 136074.4
13.730085 136600.8
13.742025 136864.0
13.754045 135639.6
13.765944 133205.2
13.777931 132321.6
13.789779 137696.0
13.801684 137280.0
13.813770 136469.2
13.825684 137315.2
13.837697 136600.8
13.849594 137828.4
13.861608 136600.8
13.873513 137580.8
13.885695 136732.4
13.897730 136074.4
13.909748 137544.0
13.921705 137960.8
13.933736 136752.0
13.945672 136600.8
13.957807 138093.2
13.969784 136620.0
13.981780 137280.0
13.993769 137412.0
14.005752 137828.4
14.017747 135398.4
14.029759 136995.6
14.041726 137696.0
14.053833 136337.6
14.065946 136600.8
14.078103 136864.0
14.090105 138093.2
14.102128 136752.0
14.114135 135942.8
14.126117 136732.4
14.138124 138093.2
14.150053 136752.0
14.162112 136032.0
14.174139 135828.0
14.186317 136316.8
14.198475 135923.2
14.210542 135004.8
14.222511 136488.0
14.234459 135876.8
14.246501 137448.0
14.258611 135247.2
14.270568 137148.0
14.285147 137412.0
14.297359 137960.8
14.309265 137828.4
14.321313 136488.0
14.335226 136884.0
14.358257 138093.2
14.370117 137960.8
14.382027 137280.0
14.393895 137828.4
14.405848 136864.0
14.417970 135639.6
14.429848 136054.4
14.441758 138510.4
14.453776 135923.2
14.465740 136600.8
14.477820 137280.0
14.489758 137979.2
14.501753 137544.0
14.513624 137544.0
14.525645 137280.0
14.537570 137696.0
14.549676 137544.0
14.561588 137412.0
14.573677 137298.8
14.585647 136884.0
14.597748 137960.8
14.609631 137828.4
14.621677 135660.8
14.633685 135247.2
14.645792 134854.8
14.657759 135116.4
14.670104 138072.0
14.686526 138661.2
14.698327 137960.8
14.710142 138510.4
14.721962 138643.2
14.733776 137960.8
14.745513 138093.2
14.757425 138908.8
14.769470 139460.4
14.781195 139194.0
14.793166 139879.2
14.804880 139194.0
14.816857 139060.8
14.828590 139194.0
14.840645 139460.4
14.860767 137390.4
14.872931 139879.2
14.887426 139327.2
14.899238 139460.4
14.910993 139460.4
14.922751 139041.6
14.934520 139460.4
14.946259 139327.2
14.958069 138908.8
14.969868 139327.2
14.981701 138643.2
14.993559 139879.2
15.005342 139460.4
15.017302 139612.0
15.029038 139060.8
15.040880 139327.2
15.052619 139460.4
15.064674 138776.0
15.076397 138510.4
15.088303 139174.4
15.100040 138908.8
15.119770 137390.4
15.131636 138776.0
15.143411 138776.0
15.155146 139307.2
15.167047 137148.0
15.179069 136337.6
15.191171 136995.6
15.203261 137016.0
15.215384 136732.4
15.227571 136337.6
15.239989 137016.0
15.252081 137676.0
15.264376 137166.4
15.276505 136732.4
15.289018 137940.0
15.300919 137280.0
15.312995 136752.0
15.324932 137544.0
15.337060 136469.2
15.348987 136206.0
15.361000 136316.8
15.372964 137828.4
15.384994 136620.0
15.397026 136995.6
15.408998 137280.0
15.420919 137828.4
15.433003 137280.0
15.444875 137544.0
15.457062 136752.0
15.468976 136995.6
15.481001 137148.0
15.492928 137412.0
15.507924 137127.2
15.520084 137713.6
15.531965 137960.8
15.544074 139327.2
15.555806 139593.6
15.567692 139460.4
15.579435 139327.2
15.591164 138908.8
15.602893 139460.4
15.614596 138643.2
15.626332 138093.2
15.638234 137653.6
15.650191 139327.2
15.661960 138776.0
15.673799 139460.4
15.685597 139194.0
15.697594 139060.8
15.709462 137828.4
15.721357 138643.2
15.733092 137696.0
15.744939 137960.8
15.756674 138377.6
15.768869 139460.4
15.780610 138908.8
15.792627 139344.8
15.804354 139327.2
15.816242 138794.4
15.828005 139060.8
15.839972 138908.8
15.851713 138776.0
15.863362 138643.2
15.875083 139460.4
15.886885 139327.2
15.898620 139460.4
15.910424 138643.2
15.922247 139860.0
15.934020 138643.2
15.945836 139327.2
15.957670 137960.8
15.969631 138225.6
15.981489 138225.6
15.993380 139327.2
16.005100 139194.0
16.017090 139460.4
16.028845 138643.2
16.040775 139879.2
16.052514 139460.4
16.064369 139460.4
16.076105 139879.2
16.090828 138093.2
16.102636 138093.2
16.114349 138661.2
16.126174 137280.0
16.138005 137676.0
16.149891 138225.6
16.161935 137940.0
16.173824 138377.6
16.185634 139460.4
16.197430 138794.4
16.209659 138490.4
16.221511 139194.0
16.233388 139460.4
16.245125 138643.2
16.257549 137676.0
16.270269 137828.4
16.282078 138794.4
16.293916 137412.0
16.305691 138776.0
16.317566 138358.0
16.329568 138908.8
16.341300 138908.8
16.353235 139327.2
16.364900 138643.2
16.376919 139745.6
16.388658 139593.6
16.400734 138225.6
16.412459 138510.4
16.431233 137016.0
16.458140 136732.4
16.470054 136206.0
16.482051 136732.4
16.494083 136600.8
16.505979 137828.4
16.518042 137280.0
16.529873 136864.0
16.541838 136995.6
16.553850 136579.2
16.565720 134854.8
16.577707 136469.2
16.589853 137960.8
16.601797 137298.8
16.613857 137148.0
16.625851 137127.2
16.637854 136884.0
16.649770 137298.8
16.662083 137166.4
16.674080 136600.8
16.686016 137696.0
16.698113 138093.2
16.710058 137166.4
16.721956 136600.8
16.733963 137544.0
16.745873 136884.0
16.757962 136337.6
16.769826 137148.0
16.781938 135378.0
16.793934 133380.0
16.805987 136185.6
16.818088 134442.4
16.831311 137544.0
16.850909 134940.0
16.862796 137676.0
16.877963 136469.2
16.889843 137016.0
16.901932 137412.0
16.913754 137148.0
16.925747 135942.8
16.938754 137676.0
16.950732 136469.2
16.962709 136864.0
16.975212 137412.0
16.987957 138776.0
16.999831 139194.0
17.011538 139745.6
17.023304 139879.2
17.035033 139879.2
17.047674 137280.0
17.059487 138927.6
17.071203 139194.0
17.082915 139460.4
17.094929 136752.0
17.107033 136995.6
17.120390 136206.0
17.132228 136620.0
17.144275 137280.0
17.156017 137828.4
17.168226 135792.0
17.180096 135942.8
17.194594 136600.8
17.206668 137298.8
17.218660 137016.0
17.230420 136752.0
17.242463 136337.6
17.254400 137280.0
17.266536 137148.0
17.278817 137431.2
17.290949 136074.4
17.302873 136600.8
17.314851 137148.0
17.357212 135792.0
17.369289 136600.8
17.381552 136579.2
17.394442 135679.6
17.406281 133463.6
17.418259 132580.8
17.430200 137127.2
17.442208 137298.8
17.454187 136469.2
17.466490 137298.8
17.478405 136469.2
17.490435 136864.0
17.502368 137280.0
17.514357 137412.0
17.526263 137034.0
17.538189 135923.2
17.550153 137544.0
17.562081 137544.0
17.574074 136337.6
17.586135 136316.8
17.598184 136054.4
17.610272 136337.6
17.622360 135660.8
17.634427 133380.0
17.646401 136206.0
17.658487 138093.2
17.671937 137522.0
17.686083 138377.6
17.698056 138927.6
17.709944 137960.8
17.721790 138225.6
17.733578 138510.4
17.745443 139460.4
17.757249 138510.4
17.769144 139327.2
17.780892 138776.0
17.792909 139460.4
17.804644 138908.8
17.816497 139593.6
17.828258 139593.6
17.840189 139478.4
17.851921 139879.2
17.863571 139327.2
17.875308 139041.6
17.887162 139593.6
17.898917 139327.2
17.910748 138908.8
17.922471 139726.8
17.934357 138908.8
17.946124 139327.2
17.958037 138776.0
17.969805 139460.4
17.981603 138927.6
17.993543 138794.4
18.005280 139478.4
18.017260 138510.4
18.028996 137828.4
18.040957 138908.8
18.052689 138225.6
18.064548 138776.0
18.076281 138908.8
18.088267 138776.0
18.099986 139327.2
18.111635 138643.2
18.123357 138510.4
18.135060 138510.4
18.146864 138244.8
18.158695 138377.6
18.170431 139478.4
18.182187 138528.0
18.194021 139344.8
18.205854 138093.2
18.217890 138908.8
18.229732 138776.0
18.241595 139327.2
18.253343 138643.2
18.265881 137412.0
18.280691 138908.8
18.292449 138358.0
18.304367 138908.8
18.316085 138908.8
18.327968 139327.2
18.339699 139327.2
18.351418 138908.8
18.363060 138927.6
18.374855 138510.4
18.386617 138528.0
18.398467 138093.2
18.415109 137258.8
18.426943 139041.6
18.438776 139440.0
18.450541 139460.4
18.462261 139194.0
18.474078 138908.8
18.485900 139194.0
18.497888 139879.2
18.509742 138528.0
18.521631 138927.6
18.533360 138794.4
18.545193 139344.8
18.559200 138908.8
18.571002 139327.2
18.582844 138908.8
18.594613 138776.0
18.606379 139060.8
18.618223 138908.8
18.630102 138776.0
18.641874 139460.4
18.653655 138908.8
18.665660 139745.6
18.677391 137808.0
18.692218 137258.8
18.704354 139612.0
18.716098 139327.2
18.727985 137412.0
18.739748 139194.0
18.751452 139460.4
18.763133 139460.4
18.774924 139041.6
18.786690 139460.4
18.801545 137412.0
