# 1396594529.670361
0.063541 138409.6
0.075349 138824.0
0.087708 138690.0
0.099443 138676.8
0.113749 138008.8
0.125497 138543.2
0.138417 139104.0
0.152656 137995.2
0.164603 138276.0
0.176617 137862.0
0.192042 138409.6
0.209870 138422.0
0.221776 138154.0
0.233592 138008.8
0.245351 138690.0
0.258720 138690.0
0.272349 138128.4
0.284111 138409.6
0.296118 138543.2
0.307946 138690.0
0.321677 139226.0
0.333400 140326.8
0.345162 140044.8
0.356786 139092.0
0.368421 140192.0
0.380111 138008.8
0.391963 140192.0
0.403727 140743.2
0.415541 140461.6
0.427171 140461.6
0.438978 141148.8
0.450641 140192.0
0.462331 138824.0
0.475541 139494.0
0.489823 140192.0
0.501497 139507.2
0.513253 140472.8
0.524920 140192.0
0.536557 140878.4
0.548244 139507.2
0.560206 140461.6
0.571897 140461.6
0.583600 140192.0
0.595227 139776.0
0.606999 139776.0
0.618649 140888.4
0.630650 138409.6
0.642394 138556.0
0.654230 139641.6
0.666226 138824.0
0.678241 139652.8
0.690055 140752.8
0.701653 140326.8
0.719871 138690.0
0.731694 140192.0
0.743320 140326.8
0.754929 139372.8
0.766630 139787.6
0.778331 140743.2
0.791029 139641.6
0.802726 137875.2
0.814578 138958.0
0.826226 140337.6
0.837895 140743.2
0.849737 140608.0
0.861378 140596.4
0.873158 140878.4
0.884830 137862.0
0.896568 140326.8
0.908211 138958.0
0.920050 140192.0
0.931718 140057.2
0.943349 140596.4
0.955026 141148.8
0.966783 139507.2
0.978610 140596.4
0.990654 138824.0
1.002370 140608.0
1.014007 140743.2
1.029858 138690.0
1.041770 137595.6
1.053582 138556.0
1.065365 138422.0
1.077143 138958.0
1.088874 140461.6
1.100790 138409.6
1.112489 140057.2
1.124137 140337.6
1.135851 139238.4
1.147634 140878.4
1.159394 141148.8
1.171093 140878.4
1.182703 139776.0
1.194383 139776.0
1.205993 141159.6
1.217705 139372.8
1.229471 140192.0
1.241205 140878.4
1.252851 140044.8
1.264448 139641.6
1.283398 137595.6
1.295166 139652.8
1.318776 138556.0
1.330794 140057.2
1.342465 140192.0
1.354203 139641.6
1.365857 140057.2
1.377649 140472.8
1.389315 139641.6
1.403820 140888.4
1.415631 140192.0
1.427261 141013.6
1.443362 138422.0
1.456286 141168.0
1.468041 138020.0
1.479988 138676.8
1.493968 140878.4
1.505668 140461.6
1.517307 140326.8
1.528987 140337.6
1.540771 140337.6
1.552436 138969.6
1.564214 139796.8
1.576008 140326.8
1.587698 140878.4
1.599430 140461.6
1.611105 140192.0
1.622943 140743.2
1.634655 139507.2
1.646388 140192.0
1.658101 140192.0
1.671180 139092.0
1.683250 140326.8
1.695081 140596.4
1.706736 140743.2
1.718424 138824.0
1.730304 140326.8
1.741944 139922.4
1.753692 139641.6
1.765319 140608.0
1.777004 141430.8
1.788740 141419.2
1.803492 138824.0
1.820206 138276.0
1.831998 140878.4
1.843688 140878.4
1.855346 140313.6
1.866998 140192.0
1.878720 139372.8
1.890443 138700.8
1.902219 140067.2
1.913992 140337.6
1.925656 140461.6
1.937393 140878.4
1.949058 139910.4
1.960731 140326.8
1.972413 138824.0
1.984177 139507.2
1.995797 140057.2
2.007471 140596.4
2.019105 140192.0
2.030855 140192.0
2.042526 139776.0
2.054192 137741.6
2.066013 139372.8
2.077696 139922.4
2.089388 140472.8
2.101094 140461.6
2.112832 140326.8
2.124439 139507.2
2.136242 138958.0
2.147985 138824.0
2.159952 138409.6
2.171760 138958.0
2.183533 138276.0
2.195241 138409.6
2.207198 138276.0
2.218899 138958.0
2.230815 138958.0
2.242605 137995.2
2.254401 138556.0
2.266203 138276.0
2.277946 138835.2
2.289983 138154.0
2.309868 138824.0
2.321801 138276.0
2.333574 138409.6
2.346521 138276.0
2.358308 138422.0
2.370320 138409.6
2.382120 137034.0
2.393895 136769.2
2.405720 137875.2
2.417500 137875.2
2.429292 137049.6
2.441110 132877.6
2.452920 138958.0
2.464761 137995.2
2.476540 138422.0
2.488535 137196.0
2.505664 138409.6
2.517882 138142.4
2.530160 138556.0
2.542046 137462.4
2.553908 138276.0
2.565652 138142.4
2.577563 138824.0
2.589322 138163.2
2.601362 138008.8
2.613242 137608.0
2.625219 138543.2
2.639858 138432.0
2.651656 138690.0
2.663659 137741.6
2.675452 138690.0
2.687610 135036.0
2.699450 134626.8
2.711298 135180.4
2.723213 138008.8
2.735250 137182.4
2.747081 138142.4
2.759113 138700.8
2.770911 139922.4
2.782585 140608.0
2.794330 140326.8
2.809853 138690.0
2.821599 139092.0
2.833322 139372.8
2.844978 139652.8
2.856616 140057.2
2.868291 140202.4
2.879979 139507.2
2.891640 137595.6
2.903370 138276.0
2.915043 140337.6
2.926722 140337.6
2.939376 138008.8
2.951605 140192.0
2.963291 140192.0
2.975162 138824.0
2.986908 139628.0
2.998526 140057.2
3.010241 139507.2
3.021887 140608.0
3.033535 140743.2
3.045194 140326.8
3.059854 138835.2
3.071613 138543.2
3.083439 140202.4
3.095273 137741.6
3.107112 137462.4
3.119582 137875.2
3.131592 138409.6
3.143372 138556.0
3.155116 137886.0
3.167365 137062.8
3.179881 137049.6
3.191776 138288.0
3.203626 138276.0
3.215430 138690.0
3.227219 139104.0
3.239314 137474.4
3.251240 137875.2
3.263233 138142.4
3.275072 136769.2
3.286910 137049.6
3.298643 137182.4
3.310471 138969.6
3.322230 135660.8
3.334003 138824.0
3.345878 138556.0
3.357700 135974.8
3.369787 134772.0
3.381681 136518.4
3.393670 138543.2
3.405432 137580.8
3.417263 136518.4
3.429872 138824.0
3.441768 138008.8
3.454767 140596.4
3.466502 140743.2
3.478196 138276.0
3.490158 138142.4
3.501908 140192.0
3.513568 140192.0
3.525186 139238.4
3.537894 140326.8
3.549552 140192.0
3.561461 138409.6
3.573206 139092.0
3.585046 139776.0
3.596745 140326.8
3.608462 139910.4
3.620187 140057.2
3.631893 139372.8
3.649871 139238.4
3.661686 140326.8
3.673440 140192.0
3.685339 140326.8
3.697090 140461.6
3.711454 138810.4
3.723228 138556.0
3.734966 139104.0
3.748534 137462.4
3.760309 138958.0
3.772015 139104.0
3.783925 139092.0
3.795598 139922.4
3.807313 140608.0
3.819050 138700.8
3.833391 140326.8
3.845049 140192.0
3.862964 138409.6
3.874742 140608.0
3.886481 138422.0
3.898304 138700.8
3.910263 137329.2
3.922019 140743.2
3.933714 139922.4
3.945451 140057.2
3.957087 139507.2
3.968756 139372.8
3.980493 138142.4
3.992248 138824.0
4.003968 138824.0
4.015643 140337.6
4.027285 140326.8
4.039009 140608.0
4.051265 138676.8
4.063075 138276.0
4.074892 137862.0
4.086631 139787.6
4.098291 139238.4
4.110054 138824.0
4.121812 139922.4
4.133456 139641.6
4.149865 138008.8
4.161679 139652.8
4.173370 139641.6
4.185110 140057.2
4.196799 139507.2
4.208499 139787.6
4.220173 139238.4
4.231963 137462.4
4.243722 137329.2
4.255633 139507.2
4.267292 139372.8
4.278950 139104.0
4.290647 139641.6
4.302279 139922.4
4.319858 137875.2
4.331687 139922.4
4.343397 139641.6
4.355017 138824.0
4.366672 139787.6
4.378318 140192.0
4.389988 139652.8
4.420226 137728.8
4.432067 137875.2
4.444212 137049.6
4.455988 137741.6
4.467800 137741.6
4.479764 137875.2
4.491831 135180.4
4.503744 136518.4
4.515564 136796.4
4.527532 137741.6
4.539336 137875.2
4.551397 137462.4
4.563165 138288.0
4.575032 137207.2
4.586883 136796.4
4.598747 137196.0
4.610853 137595.6
4.623492 137608.0
4.635398 137073.6
4.649840 135842.4
4.670258 136252.8
4.682030 135987.2
4.693764 136252.8
4.705654 136385.6
4.717398 132877.6
4.729496 138008.8
4.741281 138690.0
4.753138 138690.0
4.765073 137752.0
4.776940 137462.4
4.788731 138008.8
4.800603 136663.2
4.812419 136796.4
4.824195 137350.0
4.836082 137196.0
4.848110 138142.4
4.859971 137862.0
4.871774 137182.4
4.883573 138556.0
4.895463 137340.8
4.907282 138422.0
4.919134 136796.4
4.931082 134915.6
4.950761 135842.4
4.962743 135432.0
4.974643 135284.8
4.986535 136620.0
5.000897 138276.0
5.015512 137474.4
5.030261 137875.2
5.042073 139507.2
5.053719 138556.0
5.065504 138824.0
5.077189 137062.8
5.088920 139922.4
5.100733 139383.2
5.112445 140608.0
5.124084 139922.4
5.135758 139787.6
5.147401 138958.0
5.159163 138142.4
5.171047 139092.0
5.182717 138556.0
5.194378 139787.6
5.206008 140192.0
5.217681 139922.4
5.229330 139092.0
5.241003 137462.4
5.252768 137595.6
5.264553 139518.0
5.276207 139922.4
5.287972 140057.2
5.299692 140192.0
5.311441 140057.2
5.329871 138008.8
5.341655 139360.0
5.353364 139641.6
5.365120 139507.2
5.376751 139507.2
5.388378 139238.4
5.400150 138824.0
5.411838 137741.6
5.423603 139652.8
5.435283 140608.0
5.447014 138008.8
5.458788 140057.2
5.470453 139104.0
5.482126 139641.6
5.493764 137741.6
5.505591 139372.8
5.517259 139787.6
5.528898 140472.8
5.540669 139372.8
5.552314 139507.2
5.563962 139238.4
5.575701 137062.8
5.587444 138690.0
5.599329 138409.6
5.611015 139104.0
5.622630 140337.6
5.634362 139922.4
5.646007 139787.6
5.657780 138008.8
5.669504 137608.0
5.681415 139922.4
5.693659 137462.4
5.705629 139922.4
5.717260 139104.0
5.728889 139652.8
5.749959 136651.2
5.763966 139372.8
5.775686 139787.6
5.787336 138958.0
5.799017 138556.0
5.810743 139787.6
5.822353 139776.0
5.834112 138288.0
5.848201 138276.0
5.860037 139238.4
5.871726 139652.8
5.883372 139922.4
5.895071 140608.0
5.906712 139372.8
5.918411 137196.0
5.932443 139652.8
5.944166 139641.6
5.955798 139922.4
5.967495 138409.6
5.981901 137741.6
5.993961 137595.6
6.005710 138690.0
6.017520 138142.4
6.029274 139507.2
6.040944 139092.0
6.052550 138835.2
6.064243 139238.4
6.075871 139383.2
6.090883 139507.2
6.102548 138700.8
6.115118 139922.4
6.126794 139518.0
6.138442 139372.8
6.150110 139518.0
6.164239 137862.0
6.176437 137741.6
6.188274 139092.0
6.200193 138958.0
6.211896 138958.0
6.223597 138824.0
6.235244 139518.0
6.246895 138154.0
6.258766 138261.6
6.270478 139922.4
6.282187 140057.2
6.293804 138824.0
6.305440 139372.8
6.317165 139383.2
6.340465 137741.6
6.352292 139507.2
6.363955 139372.8
6.375598 139372.8
6.387235 139383.2
6.398858 139238.4
6.410658 139383.2
6.431024 138700.8
6.442799 139787.6
6.454445 139238.4
6.466147 139372.8
6.477789 138824.0
6.489480 138422.0
6.501351 137462.4
6.513105 138276.0
6.524807 138288.0
6.536531 139104.0
6.548171 140057.2
6.560008 140057.2
6.571660 140326.8
6.583528 138690.0
6.595277 139507.2
6.607019 139372.8
6.618696 138958.0
6.630566 138824.0
6.642349 139787.6
6.653970 139372.8
6.665738 137462.4
6.677476 138008.8
6.689282 139238.4
6.701023 138690.0
6.712784 139518.0
6.724446 139518.0
6.736169 140192.0
6.759853 137474.4
6.771604 139776.0
6.783417 139238.4
6.795046 139372.8
6.806670 139104.0
6.818377 139238.4
6.830061 138690.0
6.850927 139104.0
6.862603 139652.8
6.874365 140057.2
6.886000 138824.0
6.897715 138824.0
6.909357 138142.4
6.921057 137062.8
6.932832 138844.0
6.944540 139372.8
6.956200 139922.4
6.967890 138824.0
6.979522 138422.0
6.991173 138835.2
7.002877 138154.0
7.014618 139518.0
7.026401 140202.4
7.038046 139776.0
7.050091 138700.8
7.061756 139641.6
7.073479 139922.4
7.085340 138422.0
7.097069 139641.6
7.108755 139787.6
7.120484 139372.8
7.132146 138958.0
7.143803 139652.8
7.155425 140044.8
7.167197 138008.8
7.178955 138008.8
7.190984 138690.0
7.202769 139518.0
7.214413 139922.4
7.226179 140057.2
7.237814 139507.2
7.262154 138008.8
7.273903 140057.2
7.285525 139372.8
7.297147 139238.4
7.308768 139383.2
7.320489 140057.2
7.332138 138978.8
7.350947 138824.0
7.362729 139507.2
7.374365 139796.8
7.386095 139518.0
7.400418 137995.2
7.412175 138676.8
7.423909 138288.0
7.435709 140057.2
7.447609 139104.0
7.459354 139787.6
7.471130 139787.6
7.482865 140326.8
7.494456 139104.0
7.506298 137875.2
7.518050 136916.8
7.530117 139787.6
7.541791 140057.2
7.553549 139922.4
7.565246 139787.6
7.576985 137595.6
7.588761 137741.6
7.607732 137608.0
7.620249 137329.2
7.632197 137462.4
7.644094 138700.8
7.655934 137886.0
7.669884 137329.2
7.681728 137741.6
7.693569 137196.0
7.705509 138008.8
7.717432 138288.0
7.729553 137462.4
7.741513 137196.0
7.753518 138690.0
7.765396 135974.8
7.777369 136518.4
7.789171 136784.0
7.801029 136504.4
7.812949 136239.6
7.824761 136518.4
7.836527 137728.8
7.848391 137595.6
7.860319 137741.6
7.872369 137062.8
7.884186 137196.0
7.895977 136518.4
7.907787 136929.6
7.929876 137196.0
7.941784 136385.6
7.953808 138008.8
7.965564 136916.8
7.977444 137329.2
7.989404 138422.0
8.001217 137995.2
8.013065 137073.6
8.025101 136796.4
8.036988 137728.8
8.048895 138142.4
8.060851 138556.0
8.072713 138276.0
8.084485 137329.2
8.096444 137886.0
8.108270 136796.4
8.120208 135445.2
8.132073 135577.6
8.144020 136107.2
8.155898 135710.0
8.167784 135036.0
8.179816 136130.4
8.191780 136784.0
8.203688 137875.2
8.215674 138020.0
8.227614 137608.0
8.239544 137462.4
8.252181 137741.6
8.263931 137329.2
8.275790 137875.2
8.287761 137462.4
8.299977 137049.6
8.311773 136916.8
8.323611 138142.4
8.335397 137875.2
8.347312 137875.2
8.360182 137462.4
8.372434 139518.0
8.384266 139518.0
8.395884 139507.2
8.407687 139922.4
8.419311 139922.4
8.431027 138142.4
8.442930 139922.4
8.454630 139372.8
8.466337 139092.0
8.477981 139104.0
8.489742 138690.0
8.501435 139104.0
8.513148 138154.0
8.524920 139383.2
8.536648 140192.0
8.548279 139238.4
8.560061 139372.8
8.571711 139641.6
8.583411 138276.0
8.595110 138432.0
8.617730 138276.0
8.630060 138276.0
8.642043 140057.2
8.653714 138958.0
8.665418 139507.2
8.679839 137875.2
8.691650 139787.6
8.703333 138690.0
8.715040 139104.0
8.726759 138835.2
8.738543 140192.0
8.750176 139507.2
8.761926 138690.0
8.773672 138958.0
8.785440 139787.6
8.797073 138824.0
8.808785 138690.0
8.820436 139518.0
8.832172 139652.8
8.843875 138556.0
8.855772 138409.6
8.867435 139641.6
8.879083 139238.4
8.892065 137182.4
8.904157 139922.4
8.915807 139372.8
8.929834 138154.0
8.941568 139104.0
8.953256 139922.4
8.964907 139238.4
8.976641 139372.8
8.988284 138958.0
9.018630 137329.2
9.031803 137462.4
9.043647 137329.2
9.055637 138008.8
9.067390 137340.8
9.079159 136518.4
9.091117 136252.8
9.102875 137062.8
9.115114 137196.0
9.126907 137741.6
9.138758 137595.6
9.150548 137595.6
9.162408 137340.8
9.174240 138422.0
9.186558 138020.0
9.199316 137329.2
9.211110 137329.2
9.222927 137196.0
9.234822 136107.2
9.246533 136107.2
9.258383 132762.0
9.270144 134915.6
9.281959 137315.2
9.293661 137196.0
9.305393 138020.0
9.317295 137728.8
9.329119 135710.0
9.340891 135696.0
9.352754 136224.0
9.364628 137462.4
9.376609 135021.6
9.388496 135168.0
9.400714 137728.8
9.415072 139238.4
9.426768 139238.4
9.448795 139372.8
9.460563 140057.2
9.472449 140743.2
9.484110 140057.2
9.495797 139372.8
9.507468 139507.2
9.519180 137741.6
9.531096 139092.0
9.542779 139104.0
9.554453 139104.0
9.566070 139922.4
9.577723 140608.0
9.589444 139787.6
9.601117 138008.8
9.612853 139238.4
9.624546 138690.0
9.636209 139652.8
9.647899 140057.2
9.659567 139776.0
9.671397 140743.2
9.683086 138690.0
9.694845 138409.6
9.706637 139787.6
9.718291 139372.8
9.730149 139092.0
9.741747 140192.0
9.753395 140057.2
9.769864 137752.0
9.781642 138969.6
9.793312 140192.0
9.804952 139641.6
9.816585 139507.2
9.828217 139104.0
9.842484 137474.4
9.860224 137062.8
9.872655 138163.2
9.884382 140472.8
9.896106 138690.0
9.907845 140057.2
9.919837 139238.4
9.939880 137875.2
9.951859 139922.4
9.963581 140192.0
9.975231 139372.8
9.986956 139641.6
9.998545 139652.8
10.010318 139652.8
10.021980 138422.0
10.033827 140067.2
10.045571 139922.4
10.057166 139507.2
10.068841 139238.4
10.080658 139372.8
10.092304 139372.8
10.103977 137474.4
10.115725 139796.8
10.127481 139518.0
10.139156 140192.0
10.150838 139372.8
10.162521 139922.4
10.174154 139238.4
10.185860 137608.0
10.197661 137728.8
10.209373 139104.0
10.221058 139787.6
10.232724 139507.2
10.244317 139372.8
10.255985 138556.0
10.269837 137728.8
10.281668 138958.0
10.293515 139238.4
10.305183 139776.0
10.316810 139104.0
10.328526 139922.4
10.346879 137741.6
10.358660 138288.0
10.375512 138276.0
10.387321 138142.4
10.405537 138008.8
10.417264 137329.2
10.429043 137329.2
10.445141 138276.0
10.464078 138142.4
10.475805 137728.8
10.487585 137728.8
10.508699 137462.4
10.527608 137595.6
10.544651 137741.6
10.558864 137595.6
10.584852 137474.4
10.596627 138422.0
10.608599 138276.0
10.636576 137608.0
10.648527 137846.4
10.667529 137580.8
10.689853 137875.2
10.703549 137196.0
10.715386 137741.6
10.727155 137728.8
10.739850 137741.6
10.752590 136663.2
10.764321 137196.0
10.776091 138556.0
10.787895 137462.4
10.799958 137062.8
10.811836 136929.6
10.823865 137741.6
10.835689 137608.0
10.847523 137340.8
10.859358 137608.0
10.871154 138142.4
10.883308 138142.4
10.895254 137207.2
10.907065 138020.0
10.918910 137196.0
10.933430 137875.2
10.950933 138422.0
10.962809 138142.4
10.974615 137462.4
10.986503 135974.8
10.998294 135854.4
11.010251 135854.4
11.021915 132118.4
11.033521 133876.8
11.045326 138288.0
11.057259 138700.8
11.069057 136530.0
11.080922 137474.4
11.092819 136784.0
11.104684 137875.2
11.116514 137462.4
11.128399 137049.6
11.140210 137728.8
11.160729 137196.0
11.173184 137741.6
11.185093 138422.0
11.196856 138020.0
11.208739 137474.4
11.220511 137608.0
11.232333 137875.2
11.244530 138276.0
11.256345 139104.0
11.268137 136916.8
11.280087 136680.0
11.291982 133968.8
11.304011 135842.4
11.315934 135974.8
11.328008 134508.0
11.340015 137595.6
11.352764 137875.2
11.364584 138288.0
11.376465 137875.2
11.398909 137462.4
11.416696 138008.8
11.428469 138128.4
11.451377 137329.2
11.474150 137196.0
11.485915 137995.2
11.505117 138008.8
11.518970 137049.6
11.538169 138543.2
11.555678 138556.0
11.567551 136916.8
11.604611 138958.0
11.617785 137595.6
11.634945 136929.6
11.655568 138008.8
11.667421 138543.2
11.691744 137608.0
11.703599 137196.0
11.715476 138128.4
11.735122 138008.8
11.747558 138409.6
11.764504 137474.4
11.776316 137995.2
11.808200 138276.0
11.826522 138142.4
11.838279 138543.2
11.860278 137741.6
11.872066 138422.0
11.897484 138409.6
11.915794 138409.6
11.934710 138142.4
11.946595 138409.6
11.976763 138543.2
11.995056 138409.6
12.014402 137728.8
12.026232 138008.8
12.050775 137608.0
12.066345 138824.0
12.084510 137875.2
12.107882 137329.2
12.129909 138422.0
12.141798 137608.0
12.153605 135828.0
12.165420 138297.6
12.177594 138008.8
12.189772 137484.0
12.201660 137608.0
12.213540 137462.4
12.225397 137462.4
12.237230 137196.0
12.249032 137741.6
12.260937 136504.4
12.272802 137329.2
12.284757 135842.4
12.296730 137608.0
12.308613 137062.8
12.320445 136929.6
12.332257 137462.4
12.344222 134312.0
12.356202 137894.4
12.368358 137329.2
12.380181 137329.2
12.392098 138020.0
12.404049 138020.0
12.416121 137608.0
12.427948 137608.0
12.440206 136929.6
12.452032 137340.8
12.464058 137728.8
12.475835 137329.2
12.487738 137741.6
12.499586 137329.2
12.511579 138020.0
12.523424 138020.0
12.535225 137062.8
12.547191 137728.8
12.559008 137462.4
12.571015 138142.4
12.582809 138824.0
12.594764 137340.8
12.606680 137329.2
12.631426 137207.2
12.643466 137741.6
12.655370 138422.0
12.667743 136784.0
12.680466 136530.0
12.692377 135153.2
12.704679 138276.0
12.716626 137608.0
12.728650 137207.2
12.740592 138008.8
12.752780 134100.4
12.764702 137741.6
12.776802 138276.0
12.790000 137608.0
12.803718 137595.6
12.817453 138288.0
12.829439 137329.2
12.841568 137595.6
12.853343 138128.4
12.865786 138008.8
12.877730 137862.0
12.889463 138288.0
12.901254 138142.4
12.913011 138556.0
12.924846 137196.0
12.936785 137875.2
12.948587 138008.8
12.969875 137741.6
12.981847 136636.8
12.993657 136107.2
13.005379 136651.2
13.017163 137049.6
13.028971 137728.8
13.041012 137329.2
13.052829 138154.0
13.064780 137484.0
13.076605 136929.6
13.088444 138142.4
13.100222 136385.6
13.114015 137062.8
13.125912 137728.8
13.137666 138409.6
13.149453 137728.8
13.161565 138142.4
13.173373 137595.6
13.185233 136929.6
13.197079 137886.0
13.208959 137741.6
13.220875 137329.2
13.232763 137462.4
13.244614 135974.8
13.256619 135577.6
13.268529 134915.6
13.280447 135842.4
13.292282 137741.6
13.304187 138409.6
13.318269 137595.6
13.334535 138276.0
13.350909 137741.6
13.376834 137875.2
13.388594 138008.8
13.405343 138690.0
13.417152 138409.6
13.436209 138276.0
13.455186 138543.2
13.470516 137196.0
13.482338 137595.6
13.498225 137462.4
13.517209 138409.6
13.537802 136916.8
13.549894 137329.2
13.570376 138142.4
13.582154 137875.2
13.598410 138261.6
13.616478 137062.8
13.628757 137196.0
13.641613 138142.4
13.653915 137741.6
13.665662 137207.2
13.677488 136518.4
13.689451 137608.0
13.701222 137875.2
13.713739 137595.6
13.725547 138142.4
13.737502 137196.0
13.749429 137875.2
13.761521 136518.4
13.773248 135710.0
13.784995 137741.6
13.796800 137741.6
13.808581 137474.4
13.820376 137608.0
13.832201 137752.0
13.844108 137329.2
13.855957 138008.8
13.867807 138142.4
13.879581 138276.0
13.891698 137062.8
13.903504 138020.0
13.915386 137760.0
13.940733 138276.0
13.952566 137741.6
13.964448 138142.4
13.976337 138020.0
13.988653 138288.0
14.000529 138142.4
14.012291 134363.6
14.024295 135312.8
14.039972 137082.0
14.059886 138008.8
14.071769 136651.2
14.083654 135300.0
14.097384 138556.0
14.109239 138288.0
14.121555 135828.0
14.133900 138008.8
14.150973 138142.4
14.163258 136929.6
14.180215 136929.6
14.192249 137462.4
14.204035 137875.2
14.215925 137875.2
14.227779 138422.0
14.239571 138020.0
14.251608 137462.4
14.263864 138008.8
14.276151 138008.8
14.287996 137862.0
14.309460 137995.2
14.331751 138288.0
14.345066 138276.0
14.356869 138409.6
14.376318 137995.2
14.394602 137995.2
14.408277 137886.0
14.430740 138142.4
14.445882 138142.4
14.457751 137875.2
14.479942 138142.4
14.491759 138142.4
14.506196 138008.8
14.518155 138676.8
14.534253 138142.4
14.546173 138409.6
14.565465 138154.0
14.577301 138008.8
14.594720 138142.4
14.606492 138543.2
14.625735 138543.2
14.644723 137728.8
14.657610 138556.0
14.675634 138297.6
14.687430 137875.2
14.705325 138142.4
14.717109 137728.8
14.729007 137862.0
14.740847 138142.4
14.757049 138261.6
14.769748 137728.8
14.787255 138276.0
14.805544 138008.8
14.817350 138276.0
14.829114 137875.2
14.849014 138422.0
14.866992 137741.6
14.879297 138824.0
14.898548 137462.4
14.922676 137196.0
14.934463 137608.0
14.946216 138020.0
14.958066 137062.8
14.979454 138409.6
15.004343 138276.0
15.016287 138008.8
15.035541 137728.8
15.059078 137875.2
15.089900 138128.4
15.108083 138409.6
15.124277 138276.0
15.136290 137728.8
15.155595 139372.8
15.167334 138422.0
15.179272 138556.0
15.198217 137595.6
15.217096 138409.6
15.235914 137741.6
15.247842 137741.6
15.259893 137728.8
15.271636 138543.2
15.287194 137995.2
15.305696 139372.8
15.317484 138142.4
15.329262 138690.0
15.356024 138008.8
15.369909 138409.6
15.388555 138958.0
15.407467 138409.6
15.430927 138556.0
15.446916 137875.2
15.458830 137595.6
15.480792 138008.8
15.494892 137329.2
15.506714 138008.8
15.519372 138409.6
15.536012 137062.8
15.547782 137886.0
15.559548 137462.4
15.586390 138142.4
15.610982 137862.0
15.622898 138008.8
15.643379 137329.2
15.655137 138690.0
15.676086 138409.6
15.704227 138556.0
15.715991 138409.6
15.735288 137875.2
15.747082 137862.0
15.769864 138163.2
15.782108 137728.8
15.794798 138020.0
15.806527 137741.6
15.818375 138409.6
15.847283 137329.2
15.872341 138288.0
15.884343 137995.2
15.896287 138824.0
15.915493 137741.6
15.927217 137580.8
15.950234 137329.2
15.968512 137329.2
15.987349 137875.2
15.999138 138008.8
16.030025 137886.0
16.041914 137196.0
16.053632 137062.8
16.066867 137875.2
16.078657 137595.6
16.097925 138276.0
16.150212 138008.8
16.164014 138556.0
16.177825 138142.4
16.207392 138142.4
16.225488 137595.6
16.237290 137595.6
16.259752 138276.0
16.278206 138276.0
16.306248 137728.8
16.318128 137741.6
16.336478 138556.0
16.348262 137728.8
16.360372 137862.0
16.396791 138556.0
16.408549 138409.6
16.427561 138142.4
16.446532 138690.0
16.458412 138276.0
16.475391 138690.0
16.487194 138276.0
16.502249 138690.0
16.514009 138008.8
16.529871 138008.8
16.541626 138142.4
16.553417 137595.6
16.565371 138142.4
16.584356 138288.0
16.596103 137875.2
16.620978 138142.4
16.632746 138276.0
16.644941 138008.8
16.656728 138409.6
16.676670 137595.6
16.688511 138409.6
16.726585 137608.0
16.738439 138288.0
16.754945 138276.0
16.766771 137995.2
16.787100 137462.4
16.798837 137875.2
16.820359 137329.2
16.836646 138690.0
16.857671 138824.0
16.872634 137875.2
16.884547 137608.0
16.896459 137875.2
16.910363 138008.8
16.926180 138142.4
16.937920 138276.0
16.954106 137875.2
16.969402 138142.4
16.987893 138958.0
16.999824 137995.2
17.019043 137995.2
17.038075 138276.0
17.064868 137462.4
17.076799 137595.6
17.089051 137741.6
17.103966 137207.2
17.115901 137196.0
17.140229 137875.2
17.158459 138154.0
