# 1395515370.451607
0.012292 0.0
0.023669 0.0
0.034977 0.0
0.046267 0.0
0.057572 0.0
0.068880 0.0
0.080177 0.0
0.091477 0.0
0.102785 0.0
0.114102 0.0
0.125419 0.0
0.136735 0.0
0.148042 0.0
0.159357 0.0
0.170657 0.0
0.181982 0.0
0.193297 0.0
0.204608 0.0
0.215962 0.0
0.227292 0.0
0.238597 0.0
0.249898 0.0
0.261199 0.0
0.272513 0.0
0.283870 0.0
0.295162 0.0
0.306513 0.0
0.317816 0.0
0.329138 0.0
0.340439 0.0
0.351794 0.0
0.363138 0.0
0.374444 0.0
0.385748 0.0
0.397032 0.0
0.408342 0.0
0.419651 0.0
0.430963 0.0
0.442297 0.0
0.453627 0.0
0.464944 0.0
0.476259 0.0
0.487563 0.0
0.498870 0.0
0.510174 0.0
0.521522 0.0
0.532837 0.0
0.544120 0.0
0.555427 0.0
0.566736 0.0
0.578032 0.0
0.589327 0.0
0.600677 0.0
0.612072 0.0
0.623399 0.0
0.634700 0.0
0.646011 0.0
0.657317 0.0
0.668628 0.0
0.679930 0.0
0.691268 0.0
0.702575 0.0
0.713880 0.0
0.725189 0.0
0.736518 0.0
0.747827 0.0
0.759125 0.0
0.770455 0.0
0.781799 0.0
0.793084 0.0
0.804407 0.0
0.815712 0.0
0.827012 0.0
0.838317 0.0
0.849631 0.0
0.860941 0.0
0.872258 0.0
0.883570 0.0
0.894873 0.0
0.906182 0.0
0.917480 0.0
0.928786 0.0
0.940121 0.0
0.951427 0.0
0.962744 0.0
0.974067 0.0
0.985363 0.0
0.996679 0.0
1.008022 0.0
1.019354 0.0
1.030657 0.0
1.041962 0.0
1.053276 0.0
1.064585 0.0
1.075913 0.0
1.087218 0.0
1.098515 0.0
1.109822 0.0
1.121129 0.0
1.132460 0.0
1.143763 0.0
1.155089 0.0
1.166406 0.0
1.177707 0.0
1.189010 0.0
1.200332 0.0
1.211643 0.0
1.222962 0.0
1.234262 0.0
1.245571 0.0
1.256888 0.0
1.268195 0.0
1.279492 0.0
1.290789 0.0
1.302124 0.0
1.313416 0.0
1.324723 0.0
1.336035 0.0
1.347363 0.0
1.358681 0.0
1.369989 0.0
1.381281 0.0
1.392589 0.0
1.403931 0.0
1.415239 0.0
1.426529 0.0
1.437825 0.0
1.449162 0.0
1.460496 0.0
1.471812 0.0
1.483126 0.0
1.494429 0.0
1.505731 0.0
1.517026 0.0
1.528336 0.0
1.539669 0.0
1.550961 0.0
1.562282 0.0
1.573599 0.0
1.584907 0.0
1.596218 0.0
1.607521 0.0
1.618826 0.0
1.630130 0.0
1.641425 0.0
1.652751 0.0
1.664058 0.0
1.675393 0.0
1.686703 0.0
1.698007 0.0
1.709319 0.0
1.720621 0.0
1.731982 0.0
1.743290 0.0
1.754574 0.0
1.765914 0.0
1.777214 0.0
1.788537 0.0
1.799941 0.0
1.811291 0.0
1.822613 0.0
1.833916 0.0
1.845225 0.0
1.856535 0.0
1.867868 0.0
1.879167 0.0
1.890466 0.0
1.901803 0.0
1.913142 0.0
1.924449 0.0
1.935758 0.0
1.947050 0.0
1.958349 0.0
1.969651 0.0
1.980939 0.0
1.992324 0.0
2.003988 0.0
2.015304 0.0
2.026612 0.0
2.037918 0.0
2.049202 0.0
2.060528 0.0
2.071835 0.0
2.083142 0.0
2.094444 0.0
2.105779 0.0
2.117143 0.0
2.128462 0.0
2.139792 0.0
2.151092 0.0
2.162409 0.0
2.173715 0.0
2.185034 0.0
2.196364 0.0
2.208209 0.0
2.219570 0.0
2.230876 0.0
2.242203 0.0
2.253518 0.0
2.264826 0.0
2.276142 0.0
2.287453 0.0
2.298745 0.0
2.310102 0.0
2.321409 0.0
2.332730 0.0
2.344040 0.0
2.355368 0.0
2.366678 0.0
2.377959 0.0
2.389265 0.0
2.400563 0.0
2.411952 0.0
2.423276 0.0
2.434576 0.0
2.445885 0.0
2.457238 0.0
2.468545 0.0
2.479842 0.0
2.491143 0.0
2.502468 0.0
2.513766 0.0
2.525076 0.0
2.536382 0.0
2.547695 0.0
2.559001 0.0
2.570305 0.0
2.581635 0.0
2.592948 0.0
2.604283 0.0
2.615592 0.0
2.626889 0.0
2.638205 0.0
2.649507 0.0
2.660808 0.0
2.672125 0.0
2.683472 0.0
2.694780 0.0
2.706086 0.0
2.717383 0.0
2.728691 0.0
2.740001 0.0
2.751298 0.0
2.762646 0.0
2.773963 0.0
2.785273 0.0
2.796562 0.0
2.807873 0.0
2.819171 0.0
2.830472 0.0
2.841792 0.0
2.853108 0.0
2.864409 0.0
2.875737 0.0
2.887034 0.0
2.898334 0.0
2.909636 0.0
2.920940 0.0
2.932269 0.0
2.943580 0.0
2.954881 0.0
2.966189 0.0
2.977491 0.0
2.988792 0.0
3.000131 0.0
3.011485 0.0
3.022804 0.0
3.034106 0.0
3.045388 0.0
3.056696 0.0
3.068011 0.0
3.079303 0.0
3.090594 0.0
3.101902 0.0
3.113216 0.0
3.124567 0.0
3.135873 0.0
3.147167 0.0
3.158466 0.0
3.169774 0.0
3.181067 0.0
3.192549 0.0
3.203860 0.0
3.215191 0.0
3.226495 0.0
3.237794 0.0
3.249106 0.0
3.260424 0.0
3.271785 0.0
3.283091 0.0
3.294369 0.0
3.305663 0.0
3.316966 0.0
3.328277 0.0
3.339603 0.0
3.350910 0.0
3.362229 0.0
3.373544 0.0
3.384852 0.0
3.396166 0.0
3.407498 0.0
3.418798 0.0
3.430098 0.0
3.441424 0.0
3.452780 0.0
3.464103 0.0
3.475436 0.0
3.486745 0.0
3.498047 0.0
3.509345 0.0
3.520652 0.0
3.531979 0.0
3.543259 0.0
3.554562 0.0
3.565867 0.0
3.577174 0.0
3.588480 0.0
3.602972 0.0
3.614359 0.0
3.625669 0.0
3.636972 0.0
3.648285 0.0
3.659621 0.0
3.670935 0.0
3.682254 0.0
3.693567 0.0
3.704881 0.0
3.716194 0.0
3.727505 0.0
3.738809 0.0
3.750107 0.0
3.761392 0.0
3.772752 0.0
3.784063 0.0
3.795397 0.0
3.806718 0.0
3.818035 0.0
3.829337 0.0
3.840638 0.0
3.852185 0.0
3.863545 0.0
3.874862 0.0
3.886175 0.0
3.897491 0.0
3.908791 0.0
3.920090 0.0
3.931386 0.0
3.942704 0.0
3.954002 0.0
3.965314 0.0
3.976624 0.0
3.987926 0.0
3.999266 0.0
4.010771 0.0
4.022091 0.0
4.033393 0.0
4.044677 0.0
4.056001 0.0
4.067304 0.0
4.078609 0.0
4.089909 0.0
4.101213 0.0
4.112517 0.0
4.123867 0.0
4.135173 0.0
4.146486 0.0
4.157785 0.0
4.169095 0.0
4.180415 0.0
4.191772 0.0
4.203090 0.0
4.214416 0.0
4.225717 0.0
4.237018 0.0
4.248325 0.0
4.259661 0.0
4.270979 0.0
4.282288 0.0
4.293588 0.0
4.304923 0.0
4.316248 0.0
4.327554 0.0
4.338867 0.0
4.350172 0.0
4.361497 0.0
4.372825 0.0
4.384169 0.0
4.395503 0.0
4.406813 0.0
4.418115 0.0
4.429412 0.0
4.440716 0.0
4.452059 0.0
4.463368 0.0
4.474665 0.0
4.485973 0.0
4.497280 0.0
4.508596 0.0
4.519934 0.0
4.531234 0.0
4.542533 0.0
4.553850 0.0
4.565161 0.0
4.576472 0.0
4.587781 0.0
4.599074 0.0
4.610379 0.0
4.621694 0.0
4.633004 0.0
4.644322 0.0
4.655634 0.0
4.666933 0.0
4.678231 0.0
4.689554 0.0
4.700860 0.0
4.712176 0.0
4.723485 0.0
4.734796 0.0
4.746096 0.0
4.757389 0.0
4.768720 0.0
4.780036 0.0
4.791336 0.0
4.802663 0.0
4.813970 0.0
4.825281 0.0
4.836606 0.0
4.847918 0.0
4.859218 0.0
4.870534 0.0
4.881853 0.0
4.893164 0.0
4.904473 0.0
4.915778 0.0
4.927088 0.0
4.938388 0.0
4.949687 0.0
4.960990 0.0
4.972383 0.0
4.983762 0.0
4.995069 0.0
5.006372 0.0
5.017697 0.0
5.029005 0.0
5.040310 0.0
5.051628 0.0
5.062940 0.0
5.074245 0.0
5.085551 0.0
5.096861 0.0
5.108223 0.0
5.119591 0.0
5.130907 0.0
5.142229 0.0
5.153531 0.0
5.164867 0.0
5.176180 0.0
5.187483 0.0
5.198813 0.0
5.210110 0.0
5.221451 0.0
5.232770 0.0
5.244110 0.0
5.255491 0.0
5.266809 0.0
5.278114 0.0
5.289428 0.0
5.300736 0.0
5.312112 0.0
5.323494 0.0
5.334839 0.0
5.346138 0.0
5.357442 0.0
5.368756 0.0
5.380072 0.0
5.391375 0.0
5.402704 0.0
5.414004 0.0
5.425305 0.0
5.436612 0.0
5.447910 0.0
5.459234 0.0
5.470533 0.0
5.481851 0.0
5.493163 0.0
5.504479 0.0
5.515811 0.0
5.527139 0.0
5.538438 0.0
5.549729 0.0
5.561028 0.0
5.572406 0.0
5.583718 0.0
5.595019 0.0
5.606320 0.0
5.617640 0.0
5.628955 0.0
5.640259 0.0
5.651632 0.0
5.662946 0.0
5.674252 0.0
5.685549 0.0
5.696862 0.0
5.708165 0.0
5.719467 0.0
5.730768 0.0
5.742090 0.0
5.753388 0.0
5.764707 0.0
5.776020 0.0
5.787318 0.0
5.798601 0.0
5.809909 0.0
5.821208 0.0
5.832519 0.0
5.843831 0.0
5.855147 0.0
5.866450 0.0
5.877756 0.0
5.889055 0.0
5.900385 0.0
5.911692 0.0
5.923006 0.0
5.934313 0.0
5.945647 0.0
5.956950 0.0
5.968247 0.0
5.979541 0.0
5.990841 0.0
6.002155 0.0
6.013461 0.0
6.024791 0.0
6.036109 0.0
6.047395 0.0
6.058692 0.0
6.069985 0.0
6.081284 0.0
6.092611 0.0
6.103915 0.0
6.115210 0.0
6.126518 0.0
6.137816 0.0
6.149117 0.0
6.160421 0.0
6.171819 0.0
6.183124 0.0
6.194449 0.0
6.205750 0.0
6.217049 0.0
6.228381 0.0
6.239685 0.0
6.250983 0.0
6.262419 0.0
6.273733 0.0
6.285035 0.0
6.296327 0.0
6.307682 0.0
6.318980 0.0
6.330290 0.0
6.341615 0.0
6.352923 0.0
6.364263 0.0
6.375577 0.0
6.386878 0.0
6.398188 0.0
6.409490 0.0
6.420794 0.0
6.432108 0.0
6.443414 0.0
6.454742 0.0
6.466050 0.0
6.477353 0.0
6.488655 0.0
6.499964 0.0
6.511268 0.0
6.522585 0.0
6.533889 0.0
6.545182 0.0
6.556491 0.0
6.567788 0.0
6.579090 0.0
6.590388 0.0
6.601748 0.0
6.613110 0.0
6.624490 0.0
6.635832 0.0
6.647131 0.0
6.658439 0.0
6.669744 0.0
6.681041 0.0
6.692383 0.0
6.703700 0.0
6.714998 0.0
6.726300 0.0
6.737630 0.0
6.748937 0.0
6.760231 0.0
6.771542 0.0
6.782865 0.0
6.794146 0.0
6.805452 0.0
6.816772 0.0
6.828115 0.0
6.839416 0.0
6.850718 0.0
6.862031 0.0
6.873337 0.0
6.884641 0.0
6.895955 0.0
6.907254 0.0
6.918549 0.0
6.929850 0.0
6.941144 0.0
6.952451 0.0
6.963774 0.0
6.975097 0.0
6.986396 0.0
6.997696 0.0
7.009049 0.0
7.020421 0.0
7.031775 0.0
7.043060 0.0
7.054378 0.0
7.065678 0.0
7.076992 0.0
7.088286 0.0
7.099585 0.0
7.110887 0.0
7.122201 0.0
7.133518 0.0
7.144828 0.0
7.156143 0.0
7.167441 0.0
7.178741 0.0
7.190049 0.0
7.201366 0.0
7.212996 0.0
7.224354 0.0
7.235659 0.0
7.246973 0.0
7.258290 0.0
7.269606 0.0
7.280906 0.0
7.292215 0.0
7.303528 0.0
7.314824 0.0
7.326144 0.0
7.337448 0.0
7.348755 0.0
7.360067 0.0
7.371366 0.0
7.382690 0.0
7.394000 0.0
7.405313 0.0
7.416614 0.0
7.427948 0.0
7.439257 0.0
7.450575 0.0
7.461901 0.0
7.473205 0.0
7.484534 0.0
7.495830 0.0
7.507133 0.0
7.518435 0.0
7.529730 0.0
7.541037 0.0
7.552381 0.0
7.563686 0.0
7.575000 0.0
7.586302 0.0
7.597602 0.0
7.608902 0.0
7.620207 0.0
7.631509 0.0
7.642826 0.0
7.654143 0.0
7.665454 0.0
7.676777 0.0
7.688076 0.0
7.699372 0.0
7.710680 0.0
7.721995 0.0
7.733312 0.0
7.744625 0.0
7.755945 0.0
7.767252 0.0
7.778555 0.0
7.789855 0.0
7.801140 0.0
7.812477 0.0
7.823784 0.0
7.835084 0.0
7.846380 0.0
7.857711 0.0
7.869011 0.0
7.880309 0.0
7.891640 0.0
7.902955 0.0
7.914247 0.0
7.925544 0.0
7.936847 0.0
7.948152 0.0
7.959449 0.0
7.970741 0.0
7.982059 0.0
7.993367 0.0
8.004669 0.0
8.016013 0.0
8.027352 0.0
8.038656 0.0
8.049946 0.0
8.061248 0.0
8.072565 0.0
8.083887 0.0
8.095199 0.0
8.108329 0.0
8.119710 0.0
8.131027 0.0
8.142384 0.0
8.153690 0.0
8.165020 0.0
8.176336 0.0
8.187643 0.0
8.198967 0.0
8.210272 0.0
8.221568 0.0
8.232939 0.0
8.244253 0.0
8.255563 0.0
8.266869 0.0
8.278175 0.0
8.289475 0.0
8.300789 0.0
8.312148 0.0
8.323456 0.0
8.334767 0.0
8.346069 0.0
8.357375 0.0
8.368671 0.0
8.380016 0.0
8.391313 0.0
8.402635 0.0
8.413939 0.0
8.425253 0.0
8.436583 0.0
8.447887 0.0
8.459204 0.0
8.470508 0.0
8.481814 0.0
8.493129 0.0
8.504737 0.0
8.516102 0.0
8.527413 0.0
8.538720 0.0
8.550015 0.0
8.561320 0.0
8.572667 0.0
8.583976 0.0
8.595285 0.0
8.606578 0.0
8.617901 0.0
8.629207 0.0
8.640506 0.0
8.651823 0.0
8.663134 0.0
8.674433 0.0
8.685732 0.0
8.697051 0.0
8.708362 0.0
8.719660 0.0
8.730967 0.0
8.742286 0.0
8.753569 0.0
8.764894 0.0
8.776194 0.0
8.787492 0.0
8.798833 0.0
8.810146 0.0
8.821446 0.0
8.832761 0.0
8.844091 0.0
8.855380 0.0
8.866693 0.0
8.877993 0.0
8.889295 0.0
8.900624 0.0
8.911939 0.0
8.923234 0.0
8.934539 0.0
8.945852 0.0
8.957150 0.0
8.968446 0.0
8.979742 0.0
8.991044 0.0
9.002353 0.0
9.013771 0.0
9.025461 0.0
9.036786 0.0
9.048070 0.0
9.059380 0.0
9.070679 0.0
9.082000 0.0
9.093315 0.0
9.104622 0.0
9.115951 0.0
9.127251 0.0
9.138547 0.0
9.149849 0.0
9.161149 0.0
9.172471 0.0
9.183866 0.0
9.195195 0.0
9.206496 0.0
9.217791 0.0
9.229146 0.0
9.240450 0.0
9.251799 0.0
9.263113 0.0
9.274415 0.0
9.285714 0.0
9.296997 0.0
9.308316 0.0
9.319616 0.0
9.330919 0.0
9.342239 0.0
9.353545 0.0
9.364853 0.0
9.376166 0.0
9.387469 0.0
9.398774 0.0
9.410073 0.0
9.421375 0.0
9.432702 0.0
9.444037 0.0
9.455368 0.0
9.466672 0.0
9.477974 0.0
9.489274 0.0
9.500603 0.0
9.511910 0.0
9.523213 0.0
9.534515 0.0
9.545794 0.0
9.557128 0.0
9.568425 0.0
9.579723 0.0
9.591020 0.0
9.602358 0.0
9.613703 0.0
9.625081 0.0
9.636390 0.0
9.647688 452.0
9.659006 0.0
9.670304 0.0
9.681641 0.0
9.692962 0.0
9.704275 0.0
9.715574 0.0
9.726882 0.0
9.738179 0.0
9.749484 0.0
9.760770 0.0
9.772134 0.0
9.783467 0.0
9.794757 0.0
9.806063 0.0
9.817377 0.0
9.828682 0.0
9.839981 0.0
9.851285 0.0
9.862613 0.0
9.873942 0.0
9.885244 0.0
9.896558 0.0
9.907862 0.0
9.919161 0.0
9.930459 0.0
9.941811 0.0
9.953118 0.0
9.964427 0.0
9.975741 0.0
9.987040 0.0
9.998338 0.0
10.009646 0.0
10.020988 0.0
10.032352 0.0
10.043646 0.0
10.054946 0.0
10.066242 0.0
10.077541 0.0
10.088835 0.0
10.100166 0.0
10.111460 0.0
10.122771 0.0
10.134106 0.0
10.145418 0.0
10.156751 0.0
10.168055 0.0
10.179358 0.0
10.190664 0.0
10.201998 0.0
10.213329 0.0
10.224674 0.0
10.235974 0.0
10.247282 0.0
10.258580 0.0
10.269883 0.0
10.281189 0.0
10.292513 0.0
10.303839 0.0
10.315149 0.0
10.326453 0.0
10.337755 0.0
10.349061 0.0
10.360364 0.0
10.371673 0.0
10.382973 0.0
10.394271 0.0
10.405570 0.0
10.416878 0.0
10.428208 0.0
10.439513 0.0
10.450836 0.0
10.462171 0.0
10.473485 0.0
10.484826 0.0
10.496133 0.0
10.507436 0.0
10.518729 0.0
10.530034 0.0
10.541364 0.0
10.552690 0.0
10.563994 0.0
10.575314 0.0
10.586611 0.0
10.597912 0.0
10.609217 0.0
10.620521 0.0
10.631843 0.0
10.643144 0.0
10.654456 0.0
10.665757 0.0
10.677069 0.0
10.688372 0.0
10.699677 0.0
10.710982 0.0
10.722292 0.0
10.733604 0.0
10.744913 0.0
10.756231 0.0
10.767550 0.0
10.778857 0.0
10.790153 0.0
10.801438 0.0
10.812773 0.0
10.824091 0.0
10.835400 0.0
10.846714 0.0
10.858037 0.0
10.869344 0.0
10.880643 0.0
10.891969 0.0
10.903276 0.0
10.914587 0.0
10.925892 0.0
10.937200 0.0
10.948505 0.0
10.959803 0.0
10.971105 0.0
10.982427 0.0
10.993735 0.0
11.005060 0.0
11.016369 0.0
11.027670 0.0
11.038991 0.0
11.050279 0.0
11.061581 0.0
11.072920 0.0
11.084253 0.0
11.095559 0.0
11.106859 0.0
11.118174 0.0
11.129542 0.0
11.140878 0.0
11.152191 0.0
11.163494 0.0
11.174807 0.0
11.186147 0.0
11.197470 0.0
11.208777 0.0
11.220075 0.0
11.231377 0.0
11.242692 0.0
11.254004 0.0
11.265309 0.0
11.276626 0.0
11.287926 0.0
11.299211 0.0
11.310515 0.0
11.321829 0.0
11.333156 0.0
11.344465 0.0
11.355763 0.0
11.367056 0.0
11.378347 0.0
11.389648 0.0
11.400938 0.0
11.412294 0.0
11.423592 0.0
11.434889 0.0
11.446196 0.0
11.457537 0.0
11.468871 0.0
11.480174 0.0
11.491475 0.0
11.502795 0.0
11.514093 0.0
11.525399 0.0
11.536720 0.0
11.548003 0.0
11.559310 0.0
11.570608 0.0
11.581933 0.0
11.593242 0.0
11.604558 0.0
11.615865 0.0
11.627169 0.0
11.638464 0.0
11.649766 0.0
11.661076 0.0
11.672390 0.0
11.683693 0.0
11.695101 0.0
11.706420 0.0
11.717720 0.0
11.729022 0.0
11.740356 0.0
11.751779 0.0
11.763097 0.0
11.774413 0.0
11.785720 0.0
11.797015 0.0
11.808447 0.0
11.819771 0.0
11.831076 0.0
11.842393 0.0
11.853709 0.0
11.865015 0.0
11.876354 0.0
11.887669 0.0
11.898972 0.0
11.910270 0.0
11.921567 0.0
11.932947 0.0
11.944246 0.0
11.955549 0.0
11.966847 0.0
11.978144 0.0
11.989440 0.0
12.000741 0.0
12.012059 0.0
12.023512 0.0
12.035009 0.0
12.046300 0.0
12.057617 0.0
12.068952 0.0
12.080253 0.0
12.091547 0.0
12.102865 0.0
12.114162 0.0
12.125494 0.0
12.136810 0.0
12.148121 0.0
12.159417 0.0
12.170715 0.0
12.182030 0.0
12.193349 0.0
12.204677 0.0
12.217169 0.0
12.228550 0.0
12.239870 0.0
12.251178 0.0
12.262504 0.0
12.273815 0.0
12.285136 0.0
12.296431 0.0
12.307751 0.0
12.319051 0.0
12.330349 0.0
12.341650 0.0
12.352960 0.0
12.364288 0.0
12.375606 0.0
12.386907 0.0
12.398203 0.0
12.409505 0.0
12.420803 0.0
12.432120 0.0
12.443426 0.0
12.454754 0.0
12.466064 0.0
12.477370 0.0
12.488665 0.0
12.499981 0.0
12.511293 0.0
12.522630 0.0
12.533938 0.0
12.545225 0.0
12.556533 0.0
12.567830 0.0
12.579135 0.0
12.590442 0.0
12.601786 0.0
12.613627 0.0
12.625020 0.0
12.636380 0.0
12.647681 0.0
12.658985 0.0
12.670295 0.0
12.681633 0.0
12.692954 0.0
12.704266 0.0
12.715574 0.0
12.726879 0.0
12.738202 0.0
12.749513 0.0
12.760803 0.0
12.772139 0.0
12.783455 0.0
12.794744 0.0
12.806050 0.0
12.817360 0.0
12.828669 0.0
12.839964 0.0
12.851270 0.0
12.862597 0.0
12.873907 0.0
12.885234 0.0
12.896542 0.0
12.907837 0.0
12.919137 0.0
12.930446 0.0
12.941805 0.0
12.953114 0.0
12.964450 0.0
12.975754 0.0
12.987057 0.0
12.998367 0.0
13.009670 0.0
13.020972 0.0
13.032299 0.0
13.043602 0.0
13.054923 0.0
13.066242 0.0
13.077553 0.0
13.088844 0.0
13.100142 0.0
13.111445 0.0
13.122747 0.0
13.134066 0.0
13.145375 0.0
13.156702 0.0
13.167999 0.0
13.179302 0.0
13.190615 0.0
13.201961 0.0
13.213265 0.0
13.224592 0.0
13.235896 0.0
13.247202 0.0
13.258502 0.0
13.269800 0.0
13.281098 0.0
13.292445 0.0
13.303727 0.0
13.315032 0.0
13.326334 0.0
13.337636 0.0
13.348961 0.0
13.360255 0.0
13.371547 0.0
13.382860 0.0
13.394174 0.0
13.405503 0.0
13.416812 0.0
13.428111 0.0
13.439410 0.0
13.450738 0.0
13.462067 0.0
13.473377 0.0
13.484686 0.0
13.495996 0.0
13.507293 0.0
13.518598 0.0
13.529895 0.0
13.541203 0.0
13.552519 0.0
13.563821 0.0
13.575136 0.0
13.586437 0.0
13.597743 0.0
13.609044 0.0
13.620378 0.0
13.631684 0.0
13.643001 0.0
13.654308 0.0
13.665623 0.0
13.676955 0.0
13.688258 0.0
13.699563 0.0
13.710866 0.0
13.722176 0.0
13.733493 0.0
13.744796 0.0
13.756085 0.0
13.767398 0.0
13.778697 0.0
13.789998 0.0
13.801328 0.0
13.812674 0.0
13.823992 0.0
13.835292 0.0
13.846599 0.0
13.857913 0.0
13.869201 0.0
13.880519 0.0
13.891830 0.0
13.903146 0.0
13.914440 0.0
13.925736 0.0
13.937043 0.0
13.948338 0.0
13.959639 0.0
13.970932 0.0
13.982253 0.0
13.993567 0.0
14.004877 0.0
14.016180 0.0
14.027475 0.0
14.038782 0.0
14.050089 0.0
14.061402 0.0
14.072725 0.0
14.084032 0.0
14.095331 0.0
14.106626 0.0
14.117970 0.0
14.129331 0.0
14.140658 0.0
14.151969 0.0
14.163270 0.0
14.174584 0.0
14.185893 0.0
14.197220 0.0
14.208523 0.0
14.219821 0.0
14.231141 0.0
14.242464 0.0
14.253782 0.0
14.265085 0.0
14.276418 0.0
14.287730 0.0
14.299022 0.0
14.310344 0.0
14.321664 0.0
14.332980 0.0
14.344298 0.0
14.355594 0.0
14.366890 0.0
14.378202 0.0
14.389502 0.0
14.400805 0.0
14.412119 0.0
14.423424 0.0
14.434723 0.0
14.446021 0.0
14.457350 0.0
14.468666 0.0
14.479971 0.0
14.491271 0.0
14.502600 0.0
14.513912 0.0
14.525222 0.0
14.536536 0.0
14.547824 0.0
14.559121 0.0
14.570451 0.0
14.581806 0.0
14.593114 0.0
14.604444 0.0
14.615749 0.0
14.627048 0.0
14.638352 0.0
14.649659 0.0
14.660974 0.0
14.672299 0.0
14.683607 0.0
14.694928 0.0
14.706243 0.0
14.717554 0.0
14.728856 0.0
14.740155 0.0
14.751455 0.0
14.762774 0.0
14.774087 0.0
14.785393 0.0
14.796686 0.0
14.807993 0.0
14.819292 0.0
14.830597 0.0
14.841904 0.0
14.853242 0.0
14.864677 0.0
14.875996 0.0
14.887296 0.0
14.898598 0.0
14.909898 0.0
14.921196 0.0
14.932548 0.0
14.943854 0.0
14.955155 0.0
14.966457 0.0
14.977774 0.0
14.989173 0.0
15.000479 0.0
15.011796 0.0
15.023101 0.0
15.034419 0.0
15.045769 0.0
15.057083 0.0
15.068390 0.0
15.079692 0.0
15.090990 443.6
15.102345 0.0
15.113661 0.0
15.124963 0.0
15.136284 0.0
15.147592 0.0
15.158892 0.0
15.170187 0.0
15.181491 0.0
15.192815 0.0
15.204135 0.0
15.215438 0.0
15.226761 0.0
15.238059 0.0
15.249361 0.0
15.260689 0.0
15.272006 0.0
15.283306 0.0
15.294592 0.0
15.305906 0.0
15.317246 0.0
15.328549 0.0
15.339846 0.0
15.351152 0.0
15.362455 0.0
15.373770 0.0
15.385076 0.0
15.396389 0.0
15.407690 0.0
15.418989 0.0
15.430294 0.0
15.441640 0.0
15.452977 0.0
15.464290 0.0
15.475589 0.0
15.486893 0.0
15.498200 0.0
15.509514 0.0
15.520815 0.0
15.532138 0.0
15.543424 0.0
15.554724 0.0
15.566024 0.0
15.577331 0.0
15.588659 0.0
15.599959 0.0
15.611258 0.0
15.622623 0.0
15.634005 0.0
15.645324 0.0
15.656636 0.0
15.667944 0.0
15.679251 0.0
15.690575 0.0
15.701901 0.0
15.713213 0.0
15.724505 0.0
15.735820 0.0
15.747131 0.0
15.758433 0.0
15.769742 0.0
15.781071 0.0
15.792365 0.0
15.803673 0.0
15.814986 0.0
15.826301 0.0
15.837613 0.0
15.848913 0.0
15.860215 0.0
15.871516 0.0
15.882828 0.0
15.894130 0.0
15.905444 0.0
15.916768 0.0
15.928070 0.0
15.939366 0.0
15.950665 0.0
15.961982 0.0
15.973331 0.0
15.984639 0.0
15.995941 0.0
16.007240 0.0
16.018541 0.0
16.029874 0.0
16.041176 0.0
16.052513 0.0
16.063822 0.0
16.075121 0.0
16.086420 0.0
16.097743 0.0
16.109041 0.0
16.120339 0.0
16.131646 0.0
16.142969 0.0
16.154282 0.0
16.165594 0.0
16.176899 0.0
16.188203 0.0
16.199529 0.0
16.210837 0.0
16.222165 0.0
16.233482 0.0
16.244810 0.0
16.256127 0.0
16.267427 0.0
16.278732 0.0
16.290029 0.0
16.301355 0.0
16.312692 0.0
16.323993 0.0
16.335297 0.0
16.346619 0.0
16.357914 0.0
16.369218 0.0
16.380515 0.0
16.391822 0.0
16.403125 0.0
16.414421 0.0
16.425724 0.0
16.437027 0.0
16.448358 0.0
16.459672 0.0
16.470979 0.0
16.482296 0.0
16.493612 0.0
16.504930 0.0
16.516260 0.0
16.527557 0.0
16.538860 0.0
16.550153 0.0
16.561454 0.0
16.572817 0.0
16.584131 0.0
16.595433 0.0
16.606737 0.0
16.618050 0.0
16.629376 0.0
16.640681 0.0
16.652003 0.0
16.663319 0.0
16.674621 0.0
16.685946 0.0
16.697261 0.0
16.708557 0.0
16.719864 0.0
16.731174 0.0
16.742496 0.0
16.753793 0.0
16.765121 0.0
16.776438 0.0
16.787740 0.0
16.799042 0.0
16.810467 0.0
16.821810 0.0
16.833120 0.0
16.844423 0.0
16.855738 0.0
16.867040 0.0
16.878341 0.0
16.889643 0.0
16.900951 0.0
16.912267 0.0
16.923567 0.0
16.934875 0.0
16.946188 0.0
16.957493 0.0
16.968797 0.0
16.980103 0.0
16.991402 0.0
17.002725 0.0
17.014036 0.0
17.025347 0.0
17.036674 0.0
17.047963 0.0
17.059282 0.0
17.070592 0.0
17.081898 0.0
17.093210 0.0
17.104527 0.0
17.118380 0.0
17.129754 0.0
17.141088 0.0
17.152414 0.0
17.163716 0.0
17.175021 0.0
17.186334 0.0
17.197661 0.0
17.208970 0.0
17.220575 0.0
17.231936 0.0
17.243236 0.0
17.254549 0.0
17.265866 0.0
17.277175 0.0
17.288473 0.0
17.299758 0.0
17.311055 0.0
17.322366 0.0
17.333679 0.0
17.344992 0.0
17.356295 0.0
17.367592 0.0
17.378883 0.0
17.390183 0.0
17.401481 0.0
17.412836 0.0
17.424143 0.0
17.435442 0.0
17.446745 0.0
17.458075 0.0
17.469384 0.0
17.480688 0.0
17.492004 0.0
17.503336 0.0
17.514653 0.0
17.525958 0.0
17.537268 0.0
17.548554 0.0
17.559861 0.0
17.571166 0.0
17.582492 0.0
17.593802 0.0
17.605119 0.0
17.616429 0.0
17.627734 0.0
17.639031 0.0
17.650334 0.0
17.661646 0.0
17.672961 0.0
17.684264 0.0
17.695569 0.0
17.706878 0.0
17.718180 0.0
17.729480 0.0
17.740803 0.0
17.752125 0.0
17.763435 0.0
17.774754 0.0
17.786068 0.0
17.797381 0.0
17.808678 0.0
17.819980 0.0
17.831286 0.0
17.842597 441.2
17.853961 0.0
17.865275 0.0
17.876575 0.0
17.887881 0.0
17.899181 0.0
17.910483 0.0
17.921799 0.0
17.933113 0.0
17.944420 0.0
17.955720 0.0
17.967025 0.0
17.978331 0.0
17.989665 0.0
18.000974 0.0
18.012285 0.0
18.023591 0.0
18.034894 0.0
18.046183 0.0
18.057526 0.0
18.068885 0.0
18.080176 0.0
18.091474 0.0
18.102805 0.0
18.114112 0.0
18.125425 0.0
18.136739 0.0
18.148041 0.0
18.159338 0.0
18.170638 0.0
18.181987 0.0
18.193302 0.0
18.204642 0.0
18.215940 0.0
18.227265 0.0
18.238569 0.0
18.249870 0.0
18.261185 0.0
18.272500 0.0
18.283807 0.0
18.295094 0.0
18.306405 0.0
18.317718 0.0
18.329021 0.0
18.340325 0.0
18.351631 0.0
18.362931 0.0
18.374238 0.0
18.385550 0.0
18.396879 0.0
18.408182 0.0
18.419482 0.0
18.430782 0.0
18.442108 0.0
18.453473 0.0
18.464795 0.0
18.476100 0.0
18.487401 0.0
18.498732 0.0
18.510039 0.0
18.521341 0.0
18.532676 0.0
18.543961 0.0
18.555315 0.0
18.566615 0.0
18.577921 0.0
18.589226 0.0
18.600531 0.0
18.611849 0.0
18.623213 0.0
18.634586 0.0
18.645902 0.0
18.657219 0.0
18.668530 0.0
18.679836 0.0
18.691137 0.0
18.702462 0.0
18.713764 0.0
18.725076 0.0
18.736386 0.0
18.747702 0.0
18.758991 0.0
18.770311 0.0
18.781634 0.0
18.792917 0.0
18.804273 0.0
18.815590 0.0
18.826897 0.0
18.838193 0.0
18.849499 0.0
18.860801 0.0
18.872116 0.0
18.883425 0.0
18.894854 0.0
18.906190 0.0
18.917507 0.0
18.928804 0.0
18.940109 0.0
18.951407 0.0
18.962749 0.0
18.974061 0.0
18.985379 0.0
18.996675 0.0
19.007978 0.0
19.019275 0.0
19.030577 0.0
19.041883 0.0
19.053203 0.0
19.064534 0.0
19.075836 0.0
19.087141 0.0
19.098450 0.0
19.109760 0.0
19.121059 0.0
19.132380 0.0
19.143694 0.0
19.154994 0.0
19.166291 0.0
19.177603 0.0
19.188937 0.0
19.200259 0.0
19.211559 0.0
19.223039 0.0
19.234357 0.0
19.245665 0.0
19.256989 0.0
19.268292 0.0
19.279591 0.0
19.290916 0.0
19.302226 0.0
19.313535 0.0
19.324836 0.0
19.336144 0.0
19.347448 0.0
19.358754 0.0
19.370058 0.0
19.381367 0.0
19.392684 0.0
19.403985 0.0
19.415298 0.0
19.426612 0.0
19.437920 0.0
19.449246 0.0
19.460559 0.0
19.471884 0.0
19.483184 0.0
19.494499 0.0
19.505813 0.0
19.517125 0.0
19.528419 0.0
19.539715 0.0
19.551004 0.0
19.562361 0.0
19.573669 0.0
19.584980 0.0
19.596283 0.0
19.607594 0.0
19.618898 0.0
19.630223 0.0
19.641530 0.0
19.652849 0.0
19.664163 0.0
19.675468 0.0
19.686771 0.0
19.698081 0.0
19.709392 0.0
19.720700 0.0
19.732019 0.0
19.743331 0.0
19.754621 0.0
19.765941 0.0
19.777254 0.0
19.788564 0.0
19.799845 0.0
19.811146 0.0
19.822469 0.0
19.833781 0.0
19.845111 0.0
19.856421 0.0
19.867725 0.0
19.879025 0.0
19.890327 0.0
19.901669 0.0
19.912977 0.0
19.924276 0.0
19.935586 0.0
19.946885 0.0
19.958231 0.0
19.969528 0.0
19.980830 0.0
19.992142 0.0
20.003448 0.0
20.014750 0.0
20.026061 0.0
20.037369 0.0
20.048767 0.0
20.060275 0.0
20.071579 0.0
20.082906 0.0
20.094219 0.0
20.105532 0.0
20.116829 0.0
20.128147 0.0
20.139513 0.0
20.150822 0.0
20.162139 0.0
20.173465 0.0
20.184772 0.0
20.196109 0.0
20.207412 0.0
20.218716 0.0
20.230064 0.0
20.241369 0.0
20.252695 0.0
20.264009 0.0
20.275309 0.0
20.286614 0.0
20.297903 0.0
20.309245 0.0
20.320558 0.0
20.331877 0.0
20.343186 0.0
20.354496 0.0
20.365803 0.0
20.377111 0.0
20.388412 0.0
20.399716 0.0
20.411035 0.0
20.422350 0.0
20.433658 0.0
20.444959 0.0
20.456290 0.0
20.467603 0.0
20.478905 0.0
20.490204 0.0
20.501857 0.0
20.513201 0.0
20.524510 0.0
20.535824 0.0
20.547108 0.0
20.558414 0.0
20.569711 0.0
20.581038 0.0
20.592349 0.0
20.603657 0.0
20.614964 0.0
20.626277 0.0
20.637608 0.0
20.648908 0.0
20.660251 0.0
20.671645 0.0
20.682955 0.0
20.694247 0.0
20.705559 0.0
20.716856 0.0
20.728158 0.0
20.739457 0.0
20.750771 0.0
20.762095 0.0
20.773429 0.0
20.784736 0.0
20.796026 0.0
20.807332 0.0
20.818648 0.0
20.829980 0.0
20.841285 0.0
20.852609 0.0
20.863922 0.0
20.875236 0.0
20.886562 0.0
20.897874 0.0
20.909209 0.0
20.920507 0.0
20.931823 0.0
20.943133 0.0
20.954448 0.0
20.965791 0.0
20.977097 0.0
20.988401 0.0
20.999700 0.0
21.011018 0.0
21.022364 0.0
21.033674 0.0
21.044958 0.0
21.056264 0.0
21.067587 0.0
21.078892 0.0
21.090192 0.0
21.101496 0.0
21.112812 0.0
21.124107 0.0
21.135413 0.0
21.146733 0.0
21.158041 0.0
21.169341 0.0
21.180638 0.0
21.191968 0.0
21.203291 0.0
21.214607 0.0
21.225915 0.0
21.237246 0.0
21.248553 0.0
21.259854 0.0
21.271154 0.0
21.282505 0.0
21.293827 0.0
21.305141 0.0
21.316447 0.0
21.327749 0.0
21.339052 0.0
21.350378 0.0
21.361739 0.0
21.373083 0.0
21.384394 0.0
21.395695 0.0
21.406994 0.0
21.418303 0.0
21.429615 0.0
21.440924 0.0
21.452266 0.0
21.463577 0.0
21.474890 0.0
21.486199 0.0
21.497510 0.0
21.508813 0.0
21.520122 0.0
21.531418 0.0
21.542722 0.0
21.554031 0.0
21.565338 0.0
21.576640 0.0
21.587935 0.0
21.599236 0.0
21.610527 0.0
21.623435 0.0
21.634827 0.0
21.646146 0.0
21.657461 0.0
21.668770 0.0
21.680074 0.0
21.691380 0.0
21.702709 445.6
21.714030 0.0
21.725339 0.0
21.736655 0.0
21.747957 0.0
21.759250 0.0
21.770560 0.0
21.781913 0.0
21.793207 0.0
21.804521 0.0
21.815824 0.0
21.827160 0.0
21.838467 0.0
21.849770 0.0
21.861079 0.0
21.872397 0.0
21.883697 0.0
21.895005 0.0
21.906317 0.0
21.917646 0.0
21.928941 0.0
21.940246 0.0
21.951551 0.0
21.962866 0.0
21.974185 0.0
21.985495 0.0
21.996795 0.0
22.008094 0.0
22.019399 0.0
22.030697 0.0
22.041997 0.0
22.053443 0.0
22.065098 0.0
22.076419 0.0
22.087718 0.0
22.099046 0.0
22.110352 0.0
22.121666 0.0
22.132968 0.0
22.144286 0.0
22.155581 0.0
22.166875 0.0
22.178185 0.0
22.189501 0.0
22.200819 0.0
22.212142 0.0
22.223969 0.0
22.235326 0.0
22.246640 0.0
22.257958 0.0
22.269298 0.0
22.280591 0.0
22.291921 0.0
22.303250 0.0
22.314559 0.0
22.325887 0.0
22.337200 0.0
22.348494 0.0
22.359795 0.0
22.371100 0.0
22.382421 0.0
22.393724 0.0
22.405036 0.0
22.416349 0.0
22.427648 0.0
22.438977 0.0
22.450297 0.0
22.461639 0.0
22.472963 0.0
22.484262 0.0
22.495578 0.0
22.506886 0.0
22.518191 0.0
22.529484 0.0
22.540785 0.0
22.552121 0.0
22.563422 0.0
22.574736 0.0
22.586047 0.0
22.597374 0.0
22.608691 0.0
22.619991 0.0
22.631293 0.0
22.642610 0.0
