# 1396598344.468404
0.035608 146529.6
0.047552 146819.2
0.059356 146819.2
0.071367 147644.8
0.091731 147644.8
0.110424 147078.4
0.129114 147078.4
0.147748 147232.0
0.159568 146804.0
0.176514 146666.8
0.188324 147215.6
0.207845 146666.8
0.221396 147232.0
0.237535 147369.6
0.261951 145980.8
0.274154 146239.2
0.286197 146804.0
0.298537 146255.2
0.310626 146804.0
0.322620 146956.8
0.334589 146666.8
0.346783 146956.8
0.358857 146392.4
0.370814 147936.0
0.382813 147522.0
0.394729 146392.4
0.406727 147764.4
0.423161 146804.0
0.435055 147507.2
0.446921 146666.8
0.459018 146376.0
0.470898 147094.4
0.482960 147246.0
0.494849 146804.0
0.506734 146804.0
0.518624 147507.2
0.530545 147094.4
0.542410 146255.2
0.554433 146666.8
0.566314 146941.2
0.578362 146819.2
0.590251 146804.0
0.602259 147232.0
0.614124 147522.0
0.626017 147798.0
0.637888 147396.0
0.649833 147369.6
0.661717 146666.8
0.687100 147798.0
0.699060 147078.4
0.717092 147094.4
0.728937 147352.8
0.748082 148212.0
0.766646 146819.2
0.778556 146666.8
0.790396 146923.2
0.806572 146392.4
0.818573 147352.8
0.837813 147369.6
0.851278 147094.4
0.870277 147782.4
0.886835 147369.6
0.898683 147369.6
0.918835 147507.2
0.938815 147369.6
0.950702 147094.4
0.969812 148212.0
0.986683 147782.4
0.998552 147094.4
1.018024 147920.0
1.052186 147507.2
1.063938 147507.2
1.077240 147384.0
1.089002 147078.4
1.107097 147369.6
1.119001 146239.2
1.131039 146804.0
1.146488 147232.0
1.166768 146392.4
1.178683 146941.2
1.192512 147232.0
1.204381 147094.4
1.216296 146666.8
1.228165 146681.6
1.239942 146804.0
1.251875 147232.0
1.263814 146666.8
1.275716 147507.2
1.290255 146118.0
1.302209 147094.4
1.314381 146666.8
1.326345 146666.8
1.338448 146666.8
1.350323 146819.2
1.362337 146255.2
1.374193 147232.0
1.386040 145811.6
1.397820 143902.0
1.409774 147936.0
1.421734 147384.0
1.442947 146666.8
1.455505 146529.6
1.467366 147936.0
1.479322 145692.0
1.491208 146239.2
1.503021 144704.0
1.515178 142500.8
1.527298 145266.0
1.539264 144160.0
1.552611 147352.8
1.568405 147078.4
1.582271 147369.6
1.597730 146956.8
1.609823 147782.4
1.629148 147369.6
1.647565 147507.2
1.659425 146512.8
1.671420 146102.4
1.690166 147507.2
1.702131 146666.8
1.717163 147232.0
1.728994 147798.0
1.748259 147078.4
1.766870 146956.8
1.778760 147246.0
1.790542 147215.6
1.806307 146666.8
1.818171 147369.6
1.837385 147369.6
1.849202 147369.6
1.866290 147384.0
1.878102 146819.2
1.889982 147094.4
1.912749 146819.2
1.927771 146819.2
1.939609 147644.8
1.956800 147369.6
1.968661 147507.2
1.987856 147507.2
2.006788 147522.0
2.018780 146923.2
2.036378 147078.4
2.048210 147232.0
2.060043 147507.2
2.071951 147215.6
2.097846 146529.6
2.109686 146786.4
2.126610 147369.6
2.138538 147369.6
2.150385 147232.0
2.172158 146956.8
2.189052 147644.8
2.208100 147507.2
2.226743 147507.2
2.239017 146923.2
2.256829 146376.0
2.268744 146804.0
2.280704 146819.2
2.292675 147644.8
2.312483 146666.8
2.324479 146681.6
2.336447 146376.0
2.348511 147078.4
2.360565 146970.0
2.372570 147782.4
2.384381 146941.2
2.396265 147078.4
2.408100 147369.6
2.419972 147507.2
2.431916 146529.6
2.443806 146941.2
2.455716 147644.8
2.467567 148780.0
2.479597 146392.4
2.491489 147507.2
2.503509 147369.6
2.515448 147384.0
2.527498 147369.6
2.539353 147782.4
2.551353 146529.6
2.563282 146529.6
2.575145 146804.0
2.587151 148503.2
2.598986 148364.8
2.610826 147798.0
2.626345 147507.2
2.638256 147782.4
2.657321 147384.0
2.669121 147782.4
2.686304 147507.2
2.698128 147507.2
2.709998 148057.6
2.731465 147232.0
2.750492 147215.6
2.769336 147215.6
2.787383 147949.6
2.799390 146649.6
2.818839 147782.4
2.837809 147672.8
2.849741 147644.8
2.872737 147215.6
2.887695 146666.8
2.906191 147644.8
2.918072 147660.0
2.930411 147507.2
2.943105 147507.2
2.957232 147094.4
2.978701 147232.0
2.998711 147369.6
3.010674 147352.8
3.030007 147352.8
3.049024 147352.8
3.067839 147094.4
3.081373 147644.8
3.099889 147369.6
3.116235 146666.8
3.128057 147369.6
3.147171 147232.0
3.158940 147215.6
3.176447 147246.0
3.188238 146956.8
3.200054 146649.6
3.222628 147369.6
3.237541 148074.0
3.250044 147644.8
3.267422 147352.8
3.286403 147078.4
3.298377 147352.8
3.319073 146923.2
3.330970 147078.4
3.350208 147215.6
3.369236 147644.8
3.388049 147936.0
3.401834 147369.6
3.420676 147644.8
3.438078 146529.6
3.457182 146941.2
3.476589 147369.6
3.488378 147369.6
3.508409 146804.0
3.520253 147232.0
3.539519 147232.0
3.558567 147507.2
3.577063 146970.0
3.589058 146804.0
3.600904 147215.6
3.616910 147507.2
3.636414 148488.0
3.648231 147936.0
3.669338 146819.2
3.681118 146819.2
3.698947 147507.2
3.710779 146804.0
3.727862 147507.2
3.739738 147369.6
3.751867 147078.4
3.763641 147078.4
3.777187 147246.0
3.789008 146529.6
3.807097 147232.0
3.819059 146941.2
3.838346 147782.4
3.856886 147094.4
3.868679 146956.8
3.880468 146819.2
3.896165 147232.0
3.908943 147782.4
3.928170 146819.2
3.948727 147507.2
3.960555 147644.8
3.979725 147782.4
3.998753 147782.4
4.017895 146941.2
4.031885 147352.8
4.050462 147352.8
4.069417 147782.4
4.088441 147782.4
4.107250 146956.8
4.119078 146804.0
4.136429 147920.0
4.148252 147507.2
4.160065 147352.8
4.181148 147644.8
4.200193 146923.2
4.219164 147352.8
4.237444 146392.4
4.249370 147782.4
4.262203 146529.6
4.274164 146666.8
4.286100 147369.6
4.298227 146392.4
4.310199 146666.8
4.322353 146118.0
4.334353 147094.4
4.346660 146956.8
4.358667 147094.4
4.371033 147078.4
4.382936 147798.0
4.394892 146819.2
4.406787 146941.2
4.435647 146649.6
4.447934 146392.4
4.463917 147507.2
4.476752 146666.8
4.488548 147094.4
4.500376 147782.4
4.516692 147215.6
4.536635 148212.0
4.548385 147660.0
4.566520 147936.0
4.578477 147078.4
4.590292 147232.0
4.612792 147369.6
4.627734 146956.8
4.639695 147352.8
4.658058 147507.2
4.669893 148212.0
4.686256 148057.6
4.698168 147920.0
4.717300 146666.8
4.730562 147352.8
4.749258 146956.8
4.761042 147384.0
4.776583 147782.4
4.796935 147232.0
4.808716 147507.2
4.828587 147507.2
4.840455 146804.0
4.859389 146941.2
4.878413 147644.8
4.896894 147369.6
4.908654 147369.6
4.920552 147782.4
4.936869 147094.4
4.948697 147352.8
4.968440 147920.0
4.988761 147507.2
5.000592 147644.8
5.017169 147232.0
5.029049 147232.0
5.049587 147644.8
5.068382 146941.2
5.088778 147078.4
5.100649 147644.8
5.120016 147507.2
5.138915 147352.8
5.157879 146392.4
5.181402 146406.4
5.196229 148074.0
5.208021 147078.4
5.228583 146941.2
5.240439 147078.4
5.261125 146681.6
5.276228 146666.8
5.288082 146376.0
5.299854 147232.0
5.311962 146804.0
5.337881 147507.2
5.349710 147369.6
5.366680 147369.6
5.378659 146941.2
5.390457 147232.0
5.412218 146666.8
5.428210 147369.6
5.440058 147782.4
5.456235 147644.8
5.468120 147782.4
5.486630 147232.0
5.498808 147232.0
5.511224 146804.0
5.523228 146819.2
5.539301 146941.2
5.551213 146956.8
5.563114 146819.2
5.575003 146392.4
5.586945 146392.4
5.598860 147094.4
5.610971 147094.4
5.622907 146941.2
5.635068 146544.0
5.646977 146804.0
5.658984 147507.2
5.670850 147660.0
5.683068 146512.8
5.694930 147232.0
5.706924 146255.2
5.718920 147078.4
5.730910 147369.6
5.742910 146970.0
5.754894 147232.0
5.766862 146239.2
5.778912 146819.2
5.790764 146512.8
5.802969 147352.8
5.814821 146941.2
5.827046 147936.0
5.838868 147507.2
5.850830 147811.2
5.862738 147369.6
5.874686 148074.0
5.892661 147094.4
5.904936 146819.2
5.916942 147094.4
5.928807 146529.6
5.943231 146666.8
5.955556 147232.0
5.967566 147078.4
5.988226 146804.0
6.008213 147078.4
6.020030 147660.0
6.039321 147232.0
6.058406 147782.4
6.076959 147522.0
6.088772 146819.2
6.100649 147094.4
6.112526 147352.8
6.128148 147215.6
6.147844 147507.2
6.159941 147232.0
6.176638 147369.6
6.188439 147507.2
6.208303 147078.4
6.227159 147644.8
6.239041 146956.8
6.258081 148212.0
6.281439 146529.6
6.293370 146544.0
6.305344 146666.8
6.317405 146804.0
6.329510 146239.2
6.341887 146666.8
6.354165 146406.4
6.366224 147232.0
6.378364 146118.0
6.390354 146804.0
6.402405 147232.0
6.414260 146819.2
6.426335 146804.0
6.438193 147369.6
6.450230 148332.8
6.468618 146268.8
6.480503 146529.6
6.502966 146923.2
6.514901 147522.0
6.527824 147094.4
6.542300 148074.0
6.554183 149348.8
6.565970 147660.0
6.578313 146804.0
6.590496 146941.2
6.602368 147507.2
6.614229 146956.8
6.626258 147232.0
6.638182 146666.8
6.650165 147094.4
6.662005 145418.4
6.674076 147094.4
6.685951 147782.4
6.698654 147094.4
6.710477 149071.2
6.722332 148641.6
6.734039 149071.2
6.745713 149487.6
6.757412 149626.4
6.769110 150042.8
6.780796 149487.6
6.792483 149056.8
6.804190 149056.8
6.815877 149056.8
6.827621 149195.2
6.839319 148488.0
6.851086 148488.0
6.862864 148350.0
6.874749 149195.2
6.886444 149195.2
6.898266 149056.8
6.909961 149056.8
6.921700 149195.2
6.933422 148626.0
6.945070 148641.6
6.956779 149348.8
6.968470 149626.4
6.980149 149765.2
6.992023 149487.6
7.003746 150057.6
7.015459 149487.6
7.027201 149626.4
7.038903 149626.4
7.050769 149765.2
7.062491 149765.2
7.074293 149626.4
7.086003 149748.8
7.097685 149487.6
7.113022 146392.4
7.124826 148350.0
7.136510 149487.6
7.148202 149487.6
7.159917 149348.8
7.190831 146529.6
7.203791 147108.0
7.242665 147507.2
7.254492 147660.0
7.269727 145384.0
7.281760 146239.2
7.293632 147078.4
7.305463 146804.0
7.317359 147522.0
7.329299 146681.6
7.341175 146255.2
7.353051 146804.0
7.364904 145538.8
7.376697 146239.2
7.388470 146239.2
7.400191 145692.0
7.415137 144685.2
7.427498 142800.0
7.439266 145843.6
7.456948 145538.8
7.472028 143736.0
7.483876 143041.6
7.495891 140432.0
7.507889 139344.8
7.519956 141809.6
7.532066 140179.2
7.544130 143176.8
7.557844 145281.6
7.569573 145129.6
7.581278 144432.0
7.593034 145008.0
7.604755 145281.6
7.616465 145144.8
7.628154 146255.2
7.639906 146941.2
7.651690 146118.0
7.663390 145980.8
7.675155 145555.2
7.686914 146268.8
7.698838 146255.2
7.710526 146392.4
7.722371 146118.0
7.734065 145980.8
7.745760 147094.4
7.757449 145843.6
7.769166 145828.8
7.780851 144856.8
7.792660 145555.2
7.804357 145129.6
7.816088 144856.8
7.827768 145569.2
7.839460 145432.0
7.851205 145980.8
7.862924 145828.8
7.874710 146268.8
7.886486 146804.0
7.898362 145432.0
7.910054 146392.4
7.921763 145980.8
7.933476 146255.2
7.945136 145418.4
7.956836 145281.6
7.968540 145555.2
7.980224 144993.2
7.992103 144993.2
8.003817 145266.0
8.015550 144584.0
8.027302 145129.6
8.039000 147384.0
8.053227 146392.4
8.064928 145706.4
8.076623 145129.6
8.088319 145129.6
8.100000 145129.6
8.111762 145281.6
8.123556 144704.0
8.135243 144584.0
8.146985 145418.4
8.158680 145294.8
8.170447 145856.0
8.182167 145843.6
8.198519 145432.0
8.210400 144720.4
8.222114 144856.8
8.233816 146131.2
8.245517 145692.0
8.262763 142500.8
8.274684 143616.0
8.286742 142936.0
8.298782 142906.4
8.310990 143193.6
8.323326 143058.0
8.335374 142348.8
8.347587 144584.0
8.359957 144174.8
8.372094 143736.0
8.384119 143058.0
8.396054 143058.0
8.408120 142786.8
8.419984 143888.0
8.432045 142922.4
8.443980 142230.4
8.462753 142771.2
8.481158 143083.6
8.493531 142500.8
8.505654 143464.8
8.517472 142618.4
8.529358 143752.0
8.541103 143041.6
8.552892 143041.6
8.564762 142922.4
8.576641 142500.8
8.588527 142800.0
8.600379 142365.6
8.612215 142786.8
8.624138 143041.6
8.636033 143888.0
8.648090 144871.2
8.662193 143193.6
8.674182 143616.0
8.685999 145129.6
8.697651 146118.0
8.709340 145692.0
8.721048 146268.8
8.732776 145692.0
8.744452 145706.4
8.756160 144704.0
8.768027 145281.6
8.779800 145266.0
8.791488 145294.8
8.803358 146118.0
8.815039 144720.4
8.826940 145692.0
8.838630 145418.4
8.850454 146118.0
8.862172 145418.4
8.873866 145281.6
8.885575 144024.0
8.897252 145144.8
8.912906 142651.2
8.924705 145281.6
8.936392 146941.2
8.950716 149765.2
8.962557 149487.6
8.974293 149918.4
8.986138 149487.6
8.997823 149487.6
9.009538 149765.2
9.021233 149626.4
9.032949 149765.2
9.044657 149918.4
9.056349 149056.8
9.068038 149056.8
9.079803 148918.4
9.091691 149487.6
9.103401 149210.0
9.115177 148918.4
9.126891 149056.8
9.138622 149487.6
9.150296 149056.8
9.163178 148503.2
9.174901 148780.0
9.186627 149765.2
9.198277 149626.4
9.210158 149487.6
9.221952 149348.8
9.233634 149195.2
9.245375 149765.2
9.257084 149195.2
9.268804 150057.6
9.280449 149056.8
9.292231 149056.8
9.304067 149195.2
9.315789 149056.8
9.327543 148918.4
9.339299 149056.8
9.350984 148226.4
9.363841 148212.0
9.375562 147660.0
9.387307 149500.8
9.398968 149487.6
9.410758 149348.8
9.432982 146804.0
9.445465 146832.0
9.457335 146666.8
9.470992 146786.4
9.484039 146268.8
9.496015 147094.4
9.508191 146681.6
9.520098 146239.2
9.532058 146941.2
9.544074 147660.0
9.555934 146392.4
9.567746 146666.8
9.579808 147232.0
9.592016 146376.0
9.603906 144840.0
9.615692 145675.2
9.627493 146102.4
9.640085 147507.2
9.652060 147094.4
9.664079 147078.4
9.682976 146512.8
9.699043 146956.8
9.710841 146804.0
9.722820 146941.2
9.734617 145266.0
9.746587 144142.8
9.758515 143736.0
9.770681 145129.6
9.782613 144993.2
9.794638 145811.6
9.806957 149626.4
9.818718 149765.2
9.830387 149626.4
9.842411 148212.0
9.854141 149071.2
9.865833 149487.6
9.877522 149626.4
9.889218 149626.4
9.900908 149195.2
9.912702 149195.2
9.924363 149056.8
9.936152 149195.2
9.947876 149056.8
9.959581 148641.6
9.971382 149056.8
9.983105 149210.0
9.994899 148918.4
10.006614 148918.4
10.018486 149348.8
10.030164 149626.4
10.042656 147644.8
10.054471 149195.2
10.068344 146681.6
10.080173 147644.8
10.092049 148350.0
10.103771 148488.0
10.115602 148918.4
10.127384 147936.0
10.139195 149056.8
10.150886 148364.8
10.162746 149056.8
10.174452 149056.8
10.186313 149765.2
10.197938 148488.0
10.209771 148626.0
10.221487 148488.0
10.233304 148764.0
10.245019 148918.4
10.261939 146102.4
10.273875 146941.2
10.285946 147949.6
10.298001 146239.2
10.310026 146804.0
10.322334 146666.8
10.334465 147094.4
10.346835 146832.0
10.358908 146666.8
10.370814 146956.8
10.383081 146804.0
10.395081 146956.8
10.406982 146406.4
10.418871 146941.2
10.430893 146804.0
10.442920 146239.2
10.455004 146529.6
10.467093 146268.8
10.479261 147094.4
10.491507 146666.8
10.503577 146970.0
10.515639 145828.8
10.527505 147232.0
10.539552 146819.2
10.551450 146970.0
10.563293 146392.4
10.575161 146941.2
10.587177 147936.0
10.599052 147094.4
10.610921 146956.8
10.622896 146529.6
10.634908 146804.0
10.646853 146392.4
10.658766 146529.6
10.670644 146804.0
10.682737 145965.6
10.694606 146268.8
10.706710 146941.2
10.718523 147369.6
10.730645 145692.0
10.742542 147215.6
10.754495 148212.0
10.766238 147644.8
10.778129 147936.0
10.789893 148364.8
10.801756 147798.0
10.813541 146956.8
10.825403 146544.0
10.838450 146392.4
10.851243 147507.2
10.863066 149765.2
10.874838 149333.6
10.888785 147232.0
10.900595 148074.0
10.912427 148212.0
10.924193 148057.6
10.935805 149210.0
10.947479 149348.8
10.959147 149626.4
10.970897 149626.4
10.982702 149626.4
10.994601 148780.0
11.006320 149487.6
11.018005 149904.0
11.029689 149765.2
11.041396 149056.8
11.053090 149626.4
11.064770 149056.8
11.076459 148918.4
11.088222 148488.0
11.100049 148626.0
11.111909 149056.8
11.123818 149626.4
11.135524 149487.6
11.147243 150057.6
11.158943 149348.8
11.170736 149056.8
11.182457 149056.8
11.194103 149056.8
11.205846 149056.8
11.217530 148350.0
11.229217 149071.2
11.240935 149210.0
11.252661 149904.0
11.264392 148918.4
11.276073 150196.8
11.287782 149348.8
11.299549 148195.2
11.311265 149487.6
11.323203 149626.4
11.334899 149195.2
11.353034 147369.6
11.364845 146941.2
11.376678 147369.6
11.388530 147811.2
11.401911 146941.2
11.413676 147352.8
11.425620 147507.2
11.437452 147232.0
11.449303 146529.6
11.461179 146406.4
11.473009 146255.2
11.484918 146666.8
11.496751 147232.0
11.508596 146804.0
11.520543 146666.8
11.532387 146819.2
11.544400 146804.0
11.556264 146666.8
11.568592 146666.8
11.580421 147232.0
11.593047 149195.2
11.604797 149195.2
11.616542 149195.2
11.628234 148918.4
11.639915 148780.0
11.651720 148918.4
11.663408 148780.0
11.675236 148918.4
11.686949 149195.2
11.698671 148764.0
11.710378 149056.8
11.722104 148488.0
11.733793 148641.6
11.745476 149210.0
11.757140 149056.8
11.768826 149333.6
11.780532 149626.4
11.792315 149195.2
11.804083 149626.4
11.815784 148918.4
11.827525 149348.8
11.839222 148780.0
11.850987 148918.4
11.862688 149195.2
11.874543 149056.8
11.886287 149195.2
11.897973 149056.8
11.909662 148488.0
11.921355 148350.0
11.933025 149071.2
11.953163 146941.2
11.965465 149626.4
11.977166 149487.6
11.988862 149348.8
12.000625 147369.6
12.012846 146376.0
12.025235 145828.8
12.037026 147094.4
12.050178 146804.0
12.062175 146376.0
12.073918 147078.4
12.108738 146392.4
12.120567 146832.0
12.132439 146392.4
12.144456 146666.8
12.156699 146804.0
12.168616 146512.8
12.180572 145555.2
12.192482 146102.4
12.204253 146544.0
12.215973 146392.4
12.227864 144296.0
12.239732 147078.4
12.251784 147232.0
12.273078 146102.4
12.284996 146956.8
12.297055 146804.0
12.309121 146376.0
12.320944 146819.2
12.333097 147660.0
12.345009 146102.4
12.356967 146804.0
12.368941 146804.0
12.380812 144393.6
12.393030 144007.2
12.405034 145157.6
12.416996 145281.6
12.428944 146118.0
12.440854 145112.0
12.452958 144856.8
12.464874 145811.6
12.478317 146392.4
12.490177 146941.2
12.504511 146804.0
12.516865 147246.0
12.528720 147094.4
12.540588 146804.0
12.552587 147352.8
12.564450 147798.0
12.576398 147352.8
12.588233 147782.4
12.599957 147936.0
12.611725 148212.0
12.623444 149071.2
12.635302 148488.0
12.646997 148641.6
12.658815 148350.0
12.670505 148212.0
12.682245 149500.8
12.693917 149348.8
12.705688 148212.0
12.717407 149056.8
12.729111 149195.2
12.740795 149626.4
12.752531 149040.0
12.764224 149056.8
12.775958 148641.6
12.787707 148918.4
12.799408 148780.0
12.811267 149056.8
12.822981 148918.4
12.834798 149056.8
12.846508 149487.6
12.859511 146804.0
