# 1396597935.070329
0.054107 144993.2
0.065934 146406.4
0.077837 145843.6
0.089835 144720.4
0.101725 144993.2
0.113575 144568.0
0.125435 144007.2
0.137400 144460.8
0.149231 145020.4
0.161147 145843.6
0.172968 144460.8
0.184865 145418.4
0.196775 146819.2
0.208607 145157.6
0.220638 144720.4
0.232522 145555.2
0.244435 144993.2
0.256332 145706.4
0.268310 145569.2
0.280174 144993.2
0.292101 145692.0
0.303929 145828.8
0.315951 145432.0
0.327848 144584.0
0.339908 145843.6
0.351839 145692.0
0.363704 144993.2
0.375600 144447.6
0.387616 145692.0
0.399461 145402.4
0.411417 145692.0
0.423263 140448.0
0.435448 142214.0
0.447392 141540.0
0.459495 143329.2
0.471530 145555.2
0.490336 144720.4
0.502092 144160.0
0.513823 139896.0
0.525514 145555.2
0.537326 145828.8
0.549134 145418.4
0.561090 145144.8
0.572992 146118.0
0.584957 145692.0
0.596876 145692.0
0.608865 145144.8
0.620844 145706.4
0.632643 145129.6
0.644669 145706.4
0.656591 146268.8
0.668600 142771.2
0.680649 142079.2
0.692764 141674.8
0.704881 143464.8
0.716838 142365.6
0.728950 145675.2
0.740829 147094.4
0.752576 148226.4
0.764316 147660.0
0.776027 146956.8
0.787895 147660.0
0.799592 147798.0
0.811489 147798.0
0.823221 147522.0
0.834994 147660.0
0.846609 147660.0
0.858284 147384.0
0.870063 147660.0
0.883117 144720.4
0.894928 147094.4
0.906615 146819.2
0.918288 147811.2
0.930087 147811.2
0.941810 147384.0
0.953502 147660.0
0.965344 147246.0
0.977046 147384.0
0.988807 148088.0
1.000532 147811.2
1.012281 148226.4
1.023994 148226.4
1.035816 146529.6
1.047588 145980.8
1.059481 145993.6
1.071281 145692.0
1.083172 147232.0
1.094815 146392.4
1.106504 147949.6
1.118183 147798.0
1.129978 148088.0
1.141679 147798.0
1.153353 148226.4
1.165019 147094.4
1.176787 147522.0
1.188575 147949.6
1.200319 146819.2
1.212156 147798.0
1.223866 147522.0
1.235623 147936.0
1.250214 145402.4
1.262073 144311.2
1.273946 144584.0
1.285821 144584.0
1.301003 143736.0
1.312924 143888.0
1.324660 139174.4
1.336406 146255.2
1.348302 146681.6
1.360252 143752.0
1.372156 145828.8
1.383988 144856.8
1.396068 146544.0
1.407906 145843.6
1.419868 146255.2
1.431638 145555.2
1.443548 145418.4
1.455443 142636.0
1.467579 142500.8
1.479543 143058.0
1.491682 141689.6
1.505360 145008.0
1.517176 147811.2
1.529003 147257.6
1.541156 147798.0
1.552984 148364.8
1.564693 147798.0
1.576408 147384.0
1.588207 148226.4
1.599982 148226.4
1.611754 147798.0
1.623449 148226.4
1.635281 147798.0
1.646943 147660.0
1.658705 145418.4
1.670712 145432.0
1.682855 144856.8
1.694898 144720.4
1.707077 144856.8
1.719171 144871.2
1.731407 145281.6
1.743444 144447.6
1.755723 146131.2
1.767596 145294.8
1.779574 145692.0
1.791595 145843.6
1.803587 144871.2
1.815465 144993.2
1.827580 145555.2
1.839468 144871.2
1.851570 145418.4
1.863442 145538.8
1.875497 144597.6
1.887378 145418.4
1.899612 144871.2
1.911630 145281.6
1.923603 144993.2
1.935486 146392.4
1.947551 144993.2
1.959434 145418.4
1.971512 144197.2
1.983319 146268.8
1.995310 145828.8
2.007113 146804.0
2.018854 147232.0
2.030569 147094.4
2.042260 146819.2
2.053976 147811.2
2.065668 147660.0
2.077347 147936.0
2.089104 147672.8
2.100901 148364.8
2.112599 147522.0
2.124331 147798.0
2.136044 148074.0
2.147777 147660.0
2.159456 147660.0
2.171337 147660.0
2.183034 147660.0
2.194717 147232.0
2.206411 147232.0
2.218126 147094.4
2.229829 145843.6
2.241618 146956.8
2.253329 147811.2
2.265092 147108.0
2.276823 147811.2
2.288579 147119.2
2.300409 146819.2
2.312118 147672.8
2.323918 147811.2
2.335628 148088.0
2.347400 147108.0
2.359128 147949.6
2.370871 147660.0
2.385552 146084.4
2.397297 147232.0
2.409106 147522.0
2.420848 147949.6
2.432562 146529.6
2.446622 145965.6
2.465695 144584.0
2.477569 144447.6
2.489424 144720.4
2.501299 144024.0
2.513165 144024.0
2.525022 146255.2
2.536940 144883.2
2.548961 144856.8
2.561040 146118.0
2.572927 145294.8
2.584832 145692.0
2.596821 145281.6
2.608785 145144.8
2.620998 145692.0
2.632946 144447.6
2.644936 145569.2
2.656755 143480.0
2.668800 143736.0
2.680712 143464.8
2.692661 141270.4
2.705656 145418.4
2.718958 147078.4
2.730776 147522.0
2.742509 146956.8
2.754175 147246.0
2.765885 147522.0
2.777578 147660.0
2.789273 148226.4
2.801153 147672.8
2.812955 147811.2
2.824672 147384.0
2.836390 148364.8
2.848019 148088.0
2.859765 147660.0
2.871471 147660.0
2.883297 147660.0
2.895021 147522.0
2.906699 147369.6
2.918388 147232.0
2.930121 146529.6
2.941828 146956.8
2.953530 147672.8
2.965207 146970.0
2.977061 147257.6
2.988781 147246.0
3.000493 146681.6
3.012301 147811.2
3.024016 147660.0
3.042052 145828.8
3.053865 147660.0
3.065561 147660.0
3.077240 147094.4
3.088994 146392.4
3.100874 147660.0
3.112571 147384.0
3.124329 147660.0
3.136026 146804.0
3.147770 147660.0
3.159438 146956.8
3.171325 147232.0
3.183031 147094.4
3.194777 145418.4
3.206644 145266.0
3.219838 145843.6
3.232257 144993.2
3.244343 145008.0
3.256228 145418.4
3.268265 145129.6
3.280191 145281.6
3.292626 143871.6
3.304490 145856.0
3.316666 145144.8
3.328567 145281.6
3.341002 144856.8
3.353120 145281.6
3.365023 143582.4
3.376840 143736.0
3.388763 143058.0
3.400536 143001.6
3.413218 145418.4
3.425198 145828.8
3.437102 146544.0
3.449123 144584.0
3.460990 142922.4
3.472910 142500.8
3.485015 142380.0
3.497137 143752.0
3.509097 142771.2
3.521182 144720.4
3.532907 146681.6
3.544625 147119.2
3.556431 146255.2
3.568118 147811.2
3.580002 146956.8
3.591634 147522.0
3.603473 147672.8
3.615167 147672.8
3.626842 147232.0
3.638510 147798.0
3.652796 144856.8
3.666401 144720.4
3.678417 145281.6
3.690571 144720.4
3.702665 145692.0
3.714796 144856.8
3.726966 144871.2
3.739199 145281.6
3.751101 144584.0
3.763102 144856.8
3.775031 146255.2
3.786864 146406.4
3.798743 145129.6
3.810616 144993.2
3.822496 144871.2
3.834346 145144.8
3.846144 146956.8
3.857877 146529.6
3.869581 147660.0
3.884625 144734.4
3.896472 146392.4
3.908279 146666.8
3.920050 146118.0
3.931991 147384.0
3.943763 147232.0
3.955529 147660.0
3.967228 147660.0
3.978934 147094.4
3.990754 147660.0
4.014247 145281.6
4.025948 145692.0
4.038956 145675.2
4.050817 147232.0
4.062571 147094.4
4.074297 147232.0
4.085981 147232.0
4.097640 146819.2
4.109390 147522.0
4.121252 147534.4
4.132877 148088.0
4.144580 147811.2
4.156293 147798.0
4.167983 147522.0
4.179750 147522.0
4.191439 147094.4
4.203116 147660.0
4.214955 146102.4
4.228513 146956.8
4.240248 146956.8
4.252076 147094.4
4.263782 146956.8
4.275688 147522.0
4.287389 147094.4
4.299076 146956.8
4.310844 146102.4
4.322535 147246.0
4.334256 147522.0
4.345891 147936.0
4.357599 147660.0
4.369335 148074.0
4.381116 148226.4
4.392812 147384.0
4.409858 145828.8
4.421596 145266.0
4.440942 145555.2
4.452840 147369.6
4.464661 147384.0
4.476528 147798.0
4.488259 147384.0
4.500111 147798.0
4.511834 147660.0
4.524732 146102.4
4.536430 147108.0
4.548321 147094.4
4.560125 147660.0
4.571934 147660.0
4.583646 147660.0
4.595422 147660.0
4.607115 147232.0
4.618804 147660.0
4.630510 147660.0
4.642192 146819.2
4.653892 147672.8
4.665603 147384.0
4.677334 147949.6
4.689127 147396.0
4.700952 147672.8
4.712684 146832.0
4.724482 147246.0
4.736172 147936.0
4.747927 147522.0
4.759758 146970.0
4.771709 147232.0
4.783421 147094.4
4.795112 146392.4
4.806805 147811.2
4.818484 148088.0
4.830197 147798.0
4.841808 147660.0
4.853512 148088.0
4.867623 145692.0
4.881494 146255.2
4.893254 146819.2
4.905007 146956.8
4.916938 147094.4
4.929282 146819.2
4.941078 147232.0
4.952778 147384.0
4.964596 147232.0
4.976566 147522.0
4.988350 147936.0
5.000047 147369.6
5.011831 147936.0
5.030765 145281.6
5.042767 144597.6
5.054735 144856.8
5.066686 145281.6
5.078573 145555.2
5.090427 144993.2
5.102993 145569.2
5.114871 145008.0
5.126839 145980.8
5.138698 144720.4
5.150587 146131.2
5.162525 144174.8
5.174477 145555.2
5.186284 145692.0
5.198109 146118.0
5.210064 145281.6
5.221985 145718.4
5.233837 145008.0
5.245766 145418.4
5.257744 144447.6
5.269782 144734.4
5.281658 145418.4
5.293641 145555.2
5.305630 144447.6
5.317573 145144.8
5.329850 144871.2
5.341820 144993.2
5.353748 146118.0
5.365589 146392.4
5.377525 145281.6
5.389346 144871.2
5.401419 145692.0
5.413241 146406.4
5.425048 145980.8
5.437149 145266.0
5.449586 144720.4
5.462622 145418.4
5.475169 144311.2
5.487000 147232.0
5.498722 147094.4
5.510492 146392.4
5.522228 147384.0
5.533888 147108.0
5.545660 147534.4
5.557366 147811.2
5.569056 148654.8
5.580879 148088.0
5.592496 147798.0
5.604374 147660.0
5.616062 148226.4
5.627837 148226.4
5.639528 147949.6
5.660011 144597.6
5.672053 144856.8
5.684269 144734.4
5.696309 145418.4
5.708231 145144.8
5.722604 145555.2
5.738090 146118.0
5.754251 145828.8
5.770025 145418.4
5.785482 144871.2
5.797514 145281.6
5.809751 144311.2
5.821653 145281.6
5.833600 145281.6
5.845505 145828.8
5.857570 144447.6
5.869427 145555.2
5.881474 145555.2
5.893363 145980.8
5.905412 145555.2
5.917296 145692.0
5.929245 145706.4
5.941217 145443.2
5.953100 145418.4
5.965196 146118.0
5.977788 145008.0
5.989871 145281.6
6.001763 145129.6
6.013654 146681.6
6.025592 144871.2
6.037453 143888.0
6.049515 144856.8
6.061401 145418.4
6.073931 145555.2
6.090931 145008.0
6.130341 144584.0
6.142248 145418.4
6.154151 145692.0
6.166598 144993.2
6.178492 145569.2
6.190321 145008.0
6.202187 144160.0
6.214045 145008.0
6.226217 145129.6
6.238757 145008.0
6.250938 145555.2
6.263370 144993.2
6.275237 146131.2
6.287139 146418.0
6.298955 145993.6
6.310945 146118.0
6.327638 145843.6
6.339862 145402.4
6.359101 145418.4
6.377808 145418.4
6.396638 145555.2
6.408469 145965.6
6.424385 145555.2
6.436230 146268.8
6.448075 145432.0
6.470423 146118.0
6.486013 145555.2
6.497801 145402.4
6.515020 145555.2
6.526837 145692.0
6.538677 145129.6
6.567061 145432.0
6.578969 146239.2
6.597609 145692.0
6.614999 146255.2
6.626819 145692.0
6.646046 146239.2
6.664753 145555.2
6.676629 146255.2
6.688591 146392.4
6.704438 145008.0
6.718342 145843.6
6.735224 145281.6
6.747034 144993.2
6.758859 145281.6
6.780311 145144.8
6.796277 145692.0
6.808160 145555.2
6.826442 145692.0
6.838268 146118.0
6.860287 145555.2
6.876109 146118.0
6.891762 145980.8
6.906008 145692.0
6.924828 145144.8
6.936684 146255.2
6.956721 145843.6
6.973780 145432.0
6.985676 144993.2
7.004874 145692.0
7.016694 145692.0
7.034513 145418.4
7.046348 145144.8
7.058235 145538.8
7.075002 145980.8
7.086843 145843.6
7.106123 145402.4
7.124350 145418.4
7.136163 146118.0
7.148101 146118.0
7.160041 145555.2
7.172051 145144.8
7.187528 146819.2
7.206017 144447.6
7.217853 145281.6
7.229852 145692.0
7.243962 144993.2
7.256492 144993.2
7.268570 146131.2
7.280330 145281.6
7.292202 145008.0
7.304032 144311.2
7.319487 144568.0
7.331348 146118.0
7.343219 145008.0
7.355100 144174.8
7.367093 145281.6
7.378994 145281.6
7.391018 144871.2
7.402867 144038.4
7.414705 144038.4
7.426431 143344.0
7.438202 144296.0
7.450094 145828.8
7.461932 145418.4
7.473813 146255.2
7.485636 146666.8
7.497660 145144.8
7.509484 144311.2
7.521269 145129.6
7.541180 144720.4
7.560220 144856.8
7.572183 145294.8
7.584068 144447.6
7.596061 145692.0
7.607952 143582.4
7.620121 143344.0
7.632080 143193.6
7.644128 145144.8
7.655937 143776.8
7.668049 144007.2
7.680107 144734.4
7.692114 143888.0
7.704036 143871.6
7.716906 144720.4
7.728888 145418.4
7.740961 143208.0
7.752708 143058.0
7.764791 144871.2
7.776622 145692.0
7.788631 143888.0
7.800623 144720.4
7.812718 144856.8
7.824682 145157.6
7.836695 145281.6
7.848614 145418.4
7.860667 144038.4
7.872586 144856.8
7.884658 145993.6
7.896551 146544.0
7.908672 145980.8
7.920579 146131.2
7.932657 145008.0
7.944481 144311.2
7.956415 144993.2
7.968284 145828.8
7.980277 145569.2
7.992176 143902.0
8.004167 145418.4
8.016056 145418.4
8.028140 144447.6
8.040048 145129.6
8.052159 145965.6
8.063987 144324.0
8.075943 143629.2
8.087923 143292.4
8.100143 143208.0
8.112110 145281.6
8.124135 143447.2
8.136017 142888.0
8.148018 144460.8
8.160175 143312.0
8.172156 143616.0
8.184135 145706.4
8.197808 144432.0
8.209904 144187.2
8.221779 144871.2
8.233709 144840.0
8.245648 144142.8
8.257735 144187.2
8.269532 145856.0
8.281539 145692.0
8.293382 145843.6
8.305284 145157.6
8.317403 145692.0
8.329250 145281.6
8.341144 145402.4
8.352952 145692.0
8.364933 145008.0
8.376887 144856.8
8.388835 145418.4
8.400876 145706.4
8.414366 145692.0
8.426180 145555.2
8.438011 146255.2
8.449975 145157.6
8.461881 144993.2
8.473798 146118.0
8.485637 146102.4
8.497609 144856.8
8.509548 143344.0
8.521809 142651.2
8.533757 142664.0
8.545809 143616.0
8.558392 145569.2
8.574388 145144.8
8.586229 145843.6
8.605408 145828.8
8.617159 146392.4
8.634470 145569.2
8.646260 144584.0
8.658107 144993.2
8.679316 145706.4
8.698296 145418.4
8.717109 146392.4
8.735655 146529.6
8.748350 145843.6
8.767501 145692.0
8.779332 145828.8
8.798483 145843.6
8.820863 145008.0
8.834985 145418.4
8.846856 145555.2
8.858663 145843.6
8.870598 144038.4
8.882361 143902.0
8.894144 144024.0
8.905978 144993.2
8.917789 145692.0
8.929979 144871.2
8.941923 144993.2
8.953842 144856.8
8.965746 145281.6
8.977851 144720.4
8.989774 145266.0
9.001749 145281.6
9.013973 146544.0
9.025861 144174.8
9.037848 141960.0
9.049964 143902.0
9.062052 144432.0
9.077090 142786.8
9.090456 144447.6
9.102295 145418.4
