# 1396598505.261657
0.038591 144076.8
0.050818 143380.0
0.062940 143942.4
0.074823 144393.6
0.086827 143808.0
0.098853 144370.8
0.110797 144370.8
0.122641 143696.8
0.134704 144505.6
0.146567 144211.2
0.158667 143916.0
0.177625 144050.0
0.196693 145498.8
0.215529 144775.2
0.234491 144528.8
0.246349 144345.6
0.263366 145069.6
0.275193 144370.8
0.294889 144910.0
0.313665 144370.8
0.325472 144370.8
0.343200 144211.2
0.355000 144505.6
0.366907 144640.4
0.389566 144505.6
0.404463 144236.0
0.416276 144640.4
0.431941 143942.4
0.448579 144775.2
0.467331 144664.0
0.485772 145340.0
0.504104 145069.6
0.515939 144934.4
0.535496 144799.2
0.554444 145498.8
0.566195 144934.4
0.582826 145475.2
0.597744 144505.6
0.616377 143808.0
0.633432 144640.4
0.645224 145044.8
0.664397 144370.8
0.682938 143966.4
0.694783 144505.6
0.706715 144640.4
0.723257 144664.0
0.735100 144345.6
0.754274 144505.6
0.767625 144505.6
0.786661 145092.0
0.802874 145204.8
0.814878 144236.0
0.834259 145069.6
0.853104 145069.6
0.864977 144934.4
0.876784 144236.0
0.893075 144370.8
0.904972 144775.2
0.924309 145340.0
0.937304 144640.4
0.956368 145069.6
0.973717 145248.0
0.985618 144505.6
1.004978 144664.0
1.023829 144934.4
1.035613 145204.8
1.047452 144505.6
1.059247 145204.8
1.071276 144664.0
1.083049 144236.0
1.094977 145610.4
1.114293 145634.4
1.133099 144934.4
1.144943 144664.0
1.156746 145204.8
1.173065 144236.0
1.184884 145227.6
1.204518 145204.8
1.223094 145498.8
1.234989 144505.6
1.246855 144640.4
1.262935 144799.2
1.274779 144910.0
1.294107 144685.2
1.305943 144236.0
1.323168 144799.2
1.335047 144799.2
1.346856 144528.8
1.369288 144528.8
1.384732 144934.4
1.396629 145204.8
1.413397 145069.6
1.425198 145069.6
1.437368 144640.4
1.456744 145069.6
1.479118 143427.2
1.491078 144101.2
1.503429 144664.0
1.515558 144393.6
1.527769 144664.0
1.549723 143988.0
1.562604 144528.8
1.574786 145227.6
1.587357 145498.8
1.599574 145069.6
1.611457 145069.6
1.623487 145092.0
1.635399 145069.6
1.647434 144934.4
1.659310 144505.6
1.671190 144393.6
1.683080 144956.4
1.694990 144664.0
1.706883 144370.8
1.719002 144258.4
1.730867 144393.6
1.742923 144934.4
1.754772 145792.0
1.766902 144664.0
1.778940 144799.2
1.790945 144549.6
1.802825 145204.8
1.814936 146064.0
1.826757 145520.0
1.838971 144934.4
1.851908 145634.4
1.863779 145069.6
1.882950 145363.2
1.894890 144820.8
1.908638 144910.0
1.927071 144910.0
1.945957 145610.4
1.965039 144640.4
1.983680 145520.0
1.995464 144393.6
2.007434 145227.6
2.024022 145363.2
2.035847 145227.6
2.056784 144664.0
2.075575 144664.0
2.107951 144685.2
2.125342 145069.6
2.137168 146200.0
2.153686 145384.0
2.165567 145204.8
2.185320 145340.0
2.204454 145498.8
2.216358 144799.2
2.233220 145204.8
2.245096 145475.2
2.264153 145069.6
2.276846 145204.8
2.295705 144934.4
2.314639 144528.8
2.326684 145204.8
2.346011 145044.8
2.364979 145204.8
2.385946 144505.6
2.397745 144883.2
2.415022 144934.4
2.438808 144799.2
2.453145 144664.0
2.464979 144393.6
2.476824 144664.0
2.488722 144910.0
2.514470 144664.0
2.526264 145204.8
2.543970 144393.6
2.555799 143831.6
2.567749 144799.2
2.587573 145656.0
2.605643 144934.4
2.617470 144640.4
2.634395 144934.4
2.652937 144775.2
2.674138 143966.4
2.685971 144775.2
2.704409 145069.6
2.716392 144934.4
2.728243 144258.4
2.744142 145340.0
2.762964 144956.4
2.775015 144934.4
2.786841 145770.0
2.803567 144934.4
2.815624 144799.2
2.835796 144505.6
2.855027 145770.0
2.875807 144934.4
2.887754 145092.0
2.907094 145340.0
2.925872 144775.2
2.944679 144528.8
2.958282 144934.4
2.976566 145069.6
2.995604 146041.2
3.014973 144934.4
3.033439 145498.8
3.045211 144934.4
3.057301 143942.4
3.083164 145092.0
3.095122 144505.6
3.114252 145069.6
3.126058 144640.4
3.144615 145363.2
3.156668 144775.2
3.176071 145634.4
3.195020 144934.4
3.215717 145498.8
3.227585 145069.6
3.247112 145634.4
3.265675 145069.6
3.284700 143966.4
3.298572 143942.4
3.317099 144236.0
3.335923 144101.2
3.354908 144236.0
3.373865 144934.4
3.385743 144910.0
3.404867 144528.8
3.416706 144799.2
3.436037 145069.6
3.455311 144640.4
3.479342 143831.6
3.491418 144370.8
3.503751 144236.0
3.515798 144236.0
3.527858 143562.0
3.539878 143942.4
3.551965 143562.0
3.564101 144799.2
3.576219 144414.0
3.588213 144528.8
3.600385 144393.6
3.612263 143808.0
3.624316 145204.8
3.636135 144640.4
3.648059 144685.2
3.667763 144370.8
3.685301 144664.0
3.697065 145204.8
3.713443 144664.0
3.725240 145204.8
3.744834 144934.4
3.758449 144370.8
3.777236 145340.0
3.794018 144236.0
3.805863 144775.2
3.826130 144775.2
3.845086 145069.6
3.865713 144664.0
3.877543 144910.0
3.904579 144934.4
3.916607 144370.8
3.936021 144505.6
3.954481 144934.4
3.966324 144505.6
3.983311 144640.4
3.995155 144505.6
4.014520 144775.2
4.027774 144799.2
4.050602 145069.6
4.063719 144640.4
4.075503 144799.2
4.095094 144910.0
4.113589 144393.6
4.125445 143942.4
4.137327 144775.2
4.149253 144345.6
4.161011 144640.4
4.176766 144910.0
4.195404 143942.4
4.214523 144775.2
4.226401 144480.0
4.245755 144345.6
4.264100 144211.2
4.275878 144076.8
4.294695 143966.4
4.306531 144076.8
4.325848 144370.8
4.344662 144775.2
4.357927 144370.8
4.376838 144640.4
4.393130 144640.4
4.404942 144910.0
4.424081 144345.6
4.436835 144370.8
4.455818 144640.4
4.467681 144236.0
4.487773 144236.0
4.506707 144211.2
4.522965 144236.0
4.534947 144505.6
4.546922 144775.2
4.568581 144345.6
4.587434 144775.2
4.606384 144775.2
4.623650 144505.6
4.635530 144345.6
4.654958 144480.0
4.678591 144076.8
4.691303 144505.6
4.703157 144664.0
4.715030 143942.4
4.734986 144236.0
4.753922 144640.4
4.765676 144640.4
4.784963 143673.6
4.796873 143648.0
4.816103 143942.4
4.835034 144910.0
4.855785 144505.6
4.867644 144076.8
4.884878 143966.4
4.896623 143562.0
4.919053 144076.8
4.934884 144505.6
4.946698 144480.0
4.962714 143539.2
4.974541 143648.0
4.993760 144076.8
5.013549 144640.4
5.025337 144505.6
5.045268 144211.2
5.057142 144505.6
5.076271 144640.4
5.104623 143673.6
5.116673 144211.2
5.136094 144345.6
5.155080 144345.6
5.175620 144076.8
5.187495 144370.8
5.207029 144505.6
5.225978 144211.2
5.245070 143404.8
5.265513 143808.0
5.277349 143514.0
5.296511 144076.8
5.315515 143808.0
5.334387 144211.2
5.347830 143514.0
5.366491 144345.6
5.383430 144640.4
5.395221 144883.2
5.414526 144076.8
5.427900 144211.2
5.447190 144184.0
5.464113 143404.8
5.476115 143514.0
5.488284 143514.0
5.503249 144370.8
5.520208 143539.2
5.532332 143380.0
5.544295 143380.0
5.556721 143380.0
5.568785 143916.0
5.580950 143514.0
5.592813 143808.0
5.604867 143514.0
5.616810 144211.2
5.628820 143539.2
5.640707 143782.0
5.657432 144211.2
5.676662 143782.0
5.694864 143112.0
5.706656 143539.2
5.718588 142952.0
5.744936 144050.0
5.756755 145745.6
5.768453 145745.6
5.780137 145475.2
5.791889 145745.6
5.803580 145610.4
5.815359 145745.6
5.827118 145314.4
5.838997 146176.8
5.850687 145745.6
5.862363 145880.8
5.874038 145179.6
5.885713 145745.6
5.897370 144345.6
5.909590 145880.8
5.921313 145314.4
5.933059 145314.4
5.944756 145449.2
5.956391 144748.8
5.968160 144480.0
5.979882 144480.0
5.991722 145017.6
6.003448 144883.2
6.015223 144883.2
6.026896 144748.8
6.038692 144614.4
6.050476 145017.6
6.062179 144748.8
6.073875 145179.6
6.085558 145584.0
6.097241 145449.2
6.109013 144883.2
6.120707 145017.6
6.134632 143620.0
6.146354 145044.8
6.158030 144452.0
6.169798 145017.6
6.181472 144720.0
6.193175 144720.0
6.204858 143856.0
6.216595 144154.4
6.228273 143158.4
6.240187 144288.0
6.251910 143589.6
6.263798 143556.8
6.275484 143856.0
6.287288 143856.0
6.299027 144288.0
6.310698 144452.0
6.322429 144318.0
6.334113 144154.4
6.345821 144586.0
6.357507 144020.8
6.369227 145017.6
6.380964 143323.2
6.392674 144345.6
6.404329 144910.0
6.416092 145314.4
6.427773 145449.2
6.439598 144883.2
6.451295 144720.0
6.463638 143190.0
6.477468 144883.2
6.489241 144883.2
6.500992 144720.0
6.512686 144720.0
6.524389 143887.2
6.536089 144586.0
6.547768 143753.6
6.559569 144452.0
6.571288 143589.6
6.583215 144586.0
6.595070 144586.0
6.606973 143753.6
6.618793 143456.4
6.630482 144050.0
6.642197 144452.0
6.653813 144720.0
6.665515 144288.0
6.677210 143589.6
6.688967 144020.8
6.700796 144288.0
6.712498 143722.8
6.724222 143887.2
6.735988 143856.0
6.747672 143589.6
6.759474 143158.4
6.771196 143722.8
6.783026 143722.8
6.794721 143158.4
6.806423 143291.2
6.818108 143291.2
6.829801 143025.6
6.841488 143456.4
6.853161 144154.4
6.864853 143856.0
6.876535 143291.2
6.888433 143291.2
6.900067 143025.6
6.911894 143424.0
6.923602 143989.2
6.935371 143689.6
6.947036 142992.0
6.959343 142992.0
6.971032 142560.0
6.982714 141864.8
6.994381 142462.4
7.006054 142296.0
7.017738 142692.0
7.029433 142692.0
7.041125 142128.0
7.052913 142692.0
7.064677 142259.6
7.076361 141564.8
7.088129 141564.8
7.099863 141996.4
7.111649 141564.8
7.123383 141996.4
7.135258 141827.2
7.146929 142128.0
7.158792 141696.0
7.170553 142259.6
7.182246 141133.2
7.193934 141133.2
7.205626 140832.0
7.217317 140962.4
7.229098 139968.0
7.240800 140400.0
7.252520 139708.8
7.264263 140270.0
7.275952 141002.4
7.287813 140270.0
7.299543 140270.0
7.313557 140701.6
7.325308 139968.0
7.337049 140962.4
7.348921 139665.2
7.360695 140227.2
7.372427 139406.8
7.384156 139794.4
7.395838 139536.0
7.407536 139406.8
7.419264 139923.6
7.431092 139665.2
7.442795 139232.8
7.454470 139361.6
7.466261 136914.8
7.478232 136104.0
7.490328 135802.8
7.502355 136867.2
7.514363 136659.6
7.526298 136485.6
7.538565 136404.4
7.550557 136914.8
7.562659 137088.0
7.574690 137042.4
7.586529 137728.0
7.598524 136056.4
7.610415 135929.6
7.622304 136659.6
7.634160 136914.8
7.645936 138368.0
7.657612 138112.0
7.669421 138752.0
7.681097 138846.4
7.692951 138496.0
7.704705 138240.0
7.716409 137552.8
7.728193 136994.4
7.739928 137984.0
7.751737 138240.0
7.763438 137984.0
7.775329 138800.4
7.787042 138800.4
7.798762 138240.0
7.810465 138112.0
7.822146 138543.6
7.833838 138800.4
7.845534 139057.2
7.857210 138928.8
7.868979 139876.8
7.880728 139490.4
7.892428 139104.0
7.904151 139104.0
7.915876 139104.0
7.927623 139232.8
7.939461 139794.4
7.951322 140227.2
7.963026 139665.2
7.974709 139104.0
7.986374 139794.4
7.998041 139665.2
8.009763 139104.0
8.021440 139277.6
8.033110 139406.8
8.044961 137856.0
8.056661 139277.6
8.068456 137472.0
8.080239 139277.6
8.093654 137552.8
8.105472 139665.2
8.117214 139361.6
8.128960 139794.4
8.140662 140097.6
8.152381 139490.4
8.164105 138975.2
8.175957 139665.2
8.187640 139104.0
8.199536 139794.4
8.211528 138588.8
8.223400 138543.6
8.235117 138415.2
8.246813 138415.2
8.258660 138975.2
8.270358 138415.2
8.282058 139579.2
8.293747 138975.2
8.305432 139665.2
8.317169 139232.8
8.328903 139361.6
8.340667 138890.0
8.352584 139361.6
8.364305 139148.4
8.376023 139536.0
8.387787 139665.2
8.399549 139665.2
8.411251 139665.2
8.423010 139665.2
8.434695 139104.0
8.446356 138975.2
8.458018 139361.6
8.469714 138800.4
8.481439 138975.2
8.495842 138543.6
8.507601 138415.2
8.519550 139104.0
8.531297 139104.0
8.543145 139232.8
8.554856 139536.0
8.566545 139104.0
8.578231 138672.0
8.590043 138672.0
8.601775 139361.6
8.613458 138672.0
8.625147 138415.2
8.636947 138415.2
8.648781 138672.0
8.660485 138543.6
8.672264 138543.6
8.684144 138543.6
8.696000 138800.4
8.707721 138672.0
8.719524 139361.6
8.731223 139104.0
8.742914 138672.0
8.754603 138672.0
8.766289 138672.0
8.777986 138112.0
8.789702 138846.4
8.801414 139406.8
8.813093 138846.4
8.824849 139536.0
8.836545 139838.4
8.848406 138975.2
8.860129 139104.0
8.871976 138846.4
8.883680 139406.8
8.895459 139406.8
8.907113 142128.0
8.918880 142654.4
8.930591 141827.2
8.942284 141264.0
8.953912 141133.2
8.965614 140832.0
8.977300 140140.0
8.989071 140400.0
9.000834 140400.0
9.012541 139880.0
9.024328 140270.0
9.036015 141264.0
9.047743 140440.8
9.059501 140871.6
9.071411 140270.0
9.083118 139708.8
9.094806 140140.0
9.106489 141133.2
9.118177 141264.0
9.129900 140832.0
9.141589 140962.4
9.153227 141264.0
9.165081 140530.0
9.176833 140962.4
9.188658 140701.6
9.200436 140962.4
9.212137 140962.4
9.223998 140832.0
9.235689 141484.0
9.247764 139838.4
9.259549 139838.4
9.271446 140270.0
9.283161 139838.4
9.294843 140400.0
9.306532 139708.8
9.318216 140180.0
9.329921 140571.2
9.341602 140400.0
9.353306 141525.6
9.365096 140400.0
9.376803 140962.4
9.388497 141133.2
9.400200 140832.0
9.412042 140962.4
9.423777 140832.0
9.435461 141353.6
9.447274 140962.4
9.468784 138760.8
9.481124 138890.0
9.493687 138073.6
9.505694 137300.8
9.517664 138073.6
9.529878 137985.6
9.541894 138073.6
9.553843 138202.4
9.565860 138631.6
9.578004 137944.8
9.589968 138631.6
9.603773 138412.8
9.615694 138202.4
9.627581 138331.2
9.640592 135256.0
9.652380 136064.0
9.664239 137429.6
9.675921 136576.0
9.690162 135383.6
9.701918 136192.0
9.713635 137468.8
9.725418 136746.0
9.737113 137210.4
9.748944 135638.8
9.760739 136914.4
9.772444 136489.2
9.784230 136360.8
9.795933 137131.2
9.807702 136746.0
9.819427 137259.6
9.831269 136320.0
9.843002 136704.0
9.854697 137558.4
9.866380 136832.0
9.878060 136576.0
9.889797 136576.0
9.901456 136276.8
9.913176 137773.2
9.925039 135340.8
9.936787 137259.6
9.948564 135894.0
9.960424 136576.0
9.972148 135722.4
9.983932 135766.4
9.995617 135595.2
10.007520 136320.0
10.019228 136832.0
10.030907 136276.8
10.042611 135638.8
10.054301 136192.0
10.066005 137002.8
10.077692 136576.0
10.089430 136832.0
10.101187 136404.4
10.112920 136320.0
10.124649 136704.0
10.136401 136832.0
10.148093 135383.6
10.160082 137002.8
10.171785 136704.0
10.183600 136704.0
10.195287 136276.8
10.207002 136149.2
10.218737 138588.8
10.230437 136149.2
10.242185 136276.8
10.253897 135894.0
10.265640 135468.0
10.277384 136021.6
10.289117 135468.0
10.300820 135213.6
10.312597 136021.6
10.324342 135808.0
10.336160 136149.2
10.347840 136448.0
10.359667 135936.0
10.371370 136064.0
10.383054 136746.0
10.394740 136404.4
10.406370 137687.2
10.418049 136149.2
10.429731 136021.6
10.441441 135638.8
10.453177 136360.8
10.464866 136276.8
10.476548 136320.0
10.488910 135213.6
10.500654 135722.4
10.512434 138331.2
10.526108 136960.0
10.541331 136192.0
10.553057 137002.8
10.564769 136448.0
10.576535 136704.0
10.588221 136192.0
10.600207 136192.0
10.611925 136149.2
10.623688 136617.6
10.635379 136960.0
10.647053 136149.2
10.658832 136320.0
10.670525 135894.0
10.682199 136021.6
10.693877 135722.4
10.705558 136192.0
10.717356 135849.6
10.729142 134661.6
10.740860 134236.8
10.752632 136576.0
10.764330 136448.0
10.776184 135766.4
10.787865 136448.0
10.799697 136192.0
10.811401 136576.0
10.823091 137344.0
10.836266 138373.2
10.848179 134534.8
10.859936 135511.2
10.873970 135976.8
10.885715 135595.2
10.897415 136276.8
10.909256 136021.6
10.921047 135976.8
10.932768 136192.0
10.944475 136276.8
10.956158 135511.2
10.967900 136192.0
10.979627 135894.0
10.991462 136021.6
11.003159 136576.0
11.014842 137388.0
11.026541 137002.8
11.038227 135680.0
11.050261 136576.0
11.061963 135766.4
11.073649 136874.4
11.085419 136489.2
11.097959 134323.2
11.109760 136576.0
11.124136 138588.8
11.135933 140052.8
11.147618 139406.8
11.159672 139968.0
11.171379 139968.0
11.183057 139968.0
11.194729 139536.0
11.206407 138846.4
11.218083 140140.0
11.229795 139708.8
11.241503 140097.6
11.253324 140440.8
11.265108 139708.8
11.276791 139708.8
11.288637 140010.0
11.300352 140270.0
11.312219 139277.6
11.323923 140010.0
11.335710 140097.6
11.347383 139968.0
11.359112 139968.0
11.370838 140530.0
11.382520 139968.0
11.394202 139968.0
11.405858 139406.8
11.417545 139708.8
11.429309 138975.2
11.441085 139536.0
11.452759 140270.0
11.464670 137773.2
11.476672 136960.0
11.488973 137644.8
11.501329 137644.8
11.513368 137131.2
11.525504 137216.0
11.537413 137216.0
11.549511 137344.0
11.561431 137644.8
11.573530 137816.0
11.585388 137644.8
11.597435 137472.0
11.609277 138331.2
11.621253 137687.2
11.633132 137216.0
11.645089 139406.8
11.656827 139838.4
11.668655 140097.6
11.680427 139536.0
11.692148 139838.4
11.703888 139838.4
11.715635 140097.6
11.727466 140530.0
11.739208 139968.0
11.750904 139536.0
11.762600 139536.0
11.774280 139406.8
11.785940 139838.4
11.797608 140400.0
11.809419 140140.0
11.821230 138717.6
11.832920 140270.0
11.844615 139579.2
11.856321 140097.6
11.867996 140400.0
11.879773 140097.6
11.891456 140097.6
11.904489 139968.0
11.916200 139277.6
11.927910 140571.2
11.939636 142992.0
11.951458 144020.8
11.963117 144020.8
11.974795 140010.0
11.986466 145905.6
11.998137 146176.8
12.009835 147607.2
12.021584 146312.4
12.033270 148626.0
12.044954 148780.0
12.059460 147901.6
12.071197 147901.6
12.082951 147764.4
12.094701 150640.0
12.106386 150070.0
12.118091 148804.8
12.129837 150070.0
12.141584 149918.4
12.153232 149640.0
12.164973 149640.0
12.176750 149348.8
12.188446 149222.4
12.200311 149640.0
12.212017 149500.8
12.223796 149779.2
12.235476 149930.4
12.247135 149930.4
12.258882 150500.0
12.270618 150209.6
12.282331 150780.0
12.294018 150780.0
12.305705 150780.0
12.317395 150209.6
12.329199 150070.0
12.340922 149930.4
12.352683 150500.0
12.364384 150070.0
12.376259 150640.0
12.387953 150360.0
12.399730 150070.0
12.411478 150070.0
12.423153 150209.6
12.434836 149500.8
12.446484 150080.0
12.458161 150220.0
12.469870 150209.6
12.481598 150488.8
12.493367 150349.2
12.505059 150209.6
12.516769 150360.0
12.528675 150640.0
12.540389 150349.2
12.552284 150488.8
12.563987 150640.0
12.575809 150220.0
12.587507 150209.6
12.600481 148088.0
12.612286 150640.0
12.624045 150780.0
12.635734 151060.0
12.647563 150780.0
12.659259 150780.0
12.670936 150209.6
12.682617 150070.0
12.694354 149640.0
12.706054 149779.2
12.717744 149500.8
12.729447 148793.6
12.741285 149222.4
12.752991 149930.4
12.764721 149222.4
12.776501 149361.6
12.788192 149940.0
12.799999 149222.4
12.811717 150220.0
12.823545 149361.6
12.835246 150360.0
12.846918 150500.0
12.858747 150220.0
12.870434 150640.0
12.882147 150640.0
12.893832 150349.2
12.905474 150070.0
12.917294 150500.0
12.929037 150070.0
12.940742 149790.8
12.952503 150209.6
12.964189 150209.6
12.975995 150070.0
12.987664 149779.2
12.999524 149640.0
13.011216 150070.0
13.022907 149640.0
13.034581 149361.6
13.046279 150080.0
13.057990 150360.0
13.070021 148641.6
13.081818 149779.2
13.093599 149779.2
13.105294 150209.6
13.116981 150209.6
13.129137 150640.0
13.140856 150360.0
13.152600 151060.0
13.164306 150780.0
13.176022 150070.0
13.187701 150070.0
13.199580 150349.2
13.211288 150640.0
13.222960 149930.4
13.236917 149651.2
13.248787 150360.0
13.260541 150220.0
13.272484 149500.8
13.284192 149790.8
13.295958 149790.8
13.307649 150080.0
13.319724 150500.0
13.331459 149500.8
13.343172 150209.6
13.354854 149500.8
13.366541 149361.6
13.378219 149940.0
13.389956 149790.8
13.401580 150780.0
13.413412 150209.6
13.425110 150780.0
13.436803 150500.0
13.448727 150500.0
13.468752 148226.4
13.480884 147246.0
13.492944 147811.2
13.505222 148238.4
13.517144 147257.6
13.529447 147811.2
13.541589 146694.0
13.553723 147949.6
13.565798 147822.0
13.577780 148238.4
13.589700 148516.0
13.601584 148377.2
13.613612 147672.8
13.625483 147949.6
13.637538 149779.2
13.649384 150780.0
13.661098 149930.4
13.672888 150920.0
13.684579 150640.0
13.696444 151210.8
13.708126 150780.0
13.719953 151351.2
13.731655 150920.0
13.743353 150488.8
13.755042 150349.2
13.766731 150349.2
13.778461 150209.6
13.790147 149918.4
13.801876 149779.2
13.813552 149640.0
13.825305 149361.6
13.836994 150228.0
13.848770 150789.6
13.860476 150930.0
13.872276 150789.6
13.883995 150640.0
13.895846 149500.8
13.907479 150640.0
13.919210 151060.0
13.930924 150628.4
13.942611 150920.0
13.954285 150780.0
13.965966 150780.0
13.977639 149930.4
13.989504 149640.0
14.001221 150209.6
14.012871 149790.8
14.024621 150209.6
14.036302 149651.2
14.048107 148503.2
14.059950 149779.2
14.071889 150640.0
14.083601 150209.6
14.095279 150349.2
14.107020 149779.2
14.118821 149487.6
14.130561 149918.4
14.142258 150209.6
14.153889 150220.0
14.165661 150080.0
14.177369 150500.0
14.189104 149940.0
14.200866 150640.0
14.212543 150920.0
14.224427 149930.4
14.236122 150920.0
14.248094 149210.0
14.259868 149487.6
14.271806 150209.6
14.283523 150349.2
14.295212 149918.4
14.306917 150209.6
14.318740 149918.4
14.330431 149500.8
14.342133 149071.2
14.353819 150080.0
14.365570 149500.8
14.377326 149930.4
14.389058 150220.0
14.400709 150349.2
14.412425 150920.0
14.426370 147522.0
14.438988 150209.6
14.450706 148099.6
14.462545 149348.8
14.474263 149918.4
14.485974 149779.2
14.497688 149640.0
14.510603 148654.8
14.522333 150209.6
14.534080 150209.6
14.545810 150209.6
14.557594 150360.0
14.569463 150360.0
14.581152 149940.0
14.592893 150780.0
14.604612 150780.0
14.616468 150360.0
14.628164 149930.4
14.639950 150070.0
14.651596 150488.8
14.663266 150780.0
14.674945 150209.6
14.686622 150209.6
14.698417 150209.6
14.710126 150349.2
14.721846 149348.8
14.733600 149210.0
14.745356 149918.4
14.757053 149210.0
14.768850 150057.6
14.780573 149361.6
14.792362 150070.0
14.804069 149361.6
14.815946 149779.2
14.827635 149790.8
14.839460 149779.2
14.851188 150209.6
14.862882 149500.8
14.874564 150360.0
14.886246 150640.0
14.897937 149930.4
14.909725 150209.6
14.921459 150780.0
14.933168 150500.0
14.944919 150488.8
14.956600 150780.0
14.968625 151070.4
14.980341 150070.0
14.992086 150640.0
15.003778 150488.8
15.015450 150349.2
15.027131 150209.6
15.039181 150080.0
15.050889 150640.0
15.062600 150780.0
15.074285 150920.0
15.085962 150209.6
15.097642 150070.0
15.109530 150349.2
15.121180 149779.2
15.132906 149651.2
15.144639 150349.2
15.156243 149500.8
15.167988 149361.6
15.179729 148793.6
15.191416 150360.0
15.203118 151210.8
15.214804 150488.8
15.226491 150780.0
15.238191 150070.0
15.249912 150209.6
15.261756 150349.2
15.273480 150640.0
15.285180 150488.8
15.296931 150209.6
15.308759 150070.0
15.320609 150349.2
15.332315 150780.0
15.344093 150349.2
15.355779 150209.6
15.367479 150209.6
15.379183 150209.6
15.390869 150209.6
15.402478 150209.6
15.414142 150488.8
15.425842 151351.2
15.437610 150780.0
15.449486 149790.8
15.468614 147660.0
15.480916 147257.6
15.492979 147949.6
15.505035 147257.6
15.517152 147949.6
15.529097 147672.8
15.541109 147108.0
15.553116 147672.8
15.565137 147396.0
15.577376 147384.0
15.589325 147534.4
15.601337 148364.8
15.621153 148377.2
15.633075 148238.4
15.648574 148944.0
15.660417 150349.2
15.672253 150488.8
15.683955 150780.0
15.695798 150920.0
15.707495 150920.0
15.719197 150780.0
15.730926 150349.2
15.742626 147949.6
15.754885 147811.2
15.766746 148641.6
15.780400 147949.6
15.792234 148226.4
15.804042 148226.4
15.816316 147798.0
15.830682 147246.0
15.842569 147949.6
15.854540 148364.8
15.867815 148793.6
15.881581 148099.6
15.893368 148364.8
15.905660 148516.0
15.917662 148057.6
15.930816 148226.4
15.942774 148226.4
15.955963 148088.0
15.970487 147672.8
15.982336 147672.8
15.994249 148226.4
16.006002 148364.8
16.020485 148088.0
16.032391 148654.8
16.044230 148516.0
16.056454 148226.4
16.070602 147384.0
16.082442 148364.8
16.094290 148364.8
16.106424 147949.6
16.120278 146832.0
16.132167 148364.8
16.144186 148226.4
16.157327 147798.0
16.171090 148088.0
16.182927 148238.4
16.194902 148226.4
16.208515 147094.4
16.221890 148516.0
16.233822 149071.2
16.247214 147384.0
16.260519 148364.8
16.272369 148654.8
16.284274 148793.6
16.297959 148377.2
16.311413 148654.8
16.323262 148238.4
16.336973 148377.2
16.350616 148088.0
16.362425 148088.0
16.375667 148654.8
16.388278 147507.2
16.401990 148238.4
16.413897 147522.0
16.425742 147811.2
16.440500 148099.6
16.452342 147811.2
16.464229 148226.4
16.476289 148654.8
16.490373 148088.0
16.502416 147522.0
16.516419 147949.6
16.530372 148226.4
16.542132 147949.6
16.553990 147936.0
16.567273 148793.6
16.580935 148088.0
16.592877 147960.8
16.604718 148074.0
16.618524 147798.0
16.632046 148238.4
16.643897 147672.8
16.655848 148516.0
16.668514 148377.2
16.682179 148654.8
16.694133 147246.0
16.705963 148793.6
16.718571 147094.4
16.731911 148226.4
16.743730 148088.0
16.755837 148088.0
16.770529 148654.8
16.788798 148377.2
16.800846 147811.2
16.812794 146956.8
16.824775 147660.0
16.836781 147522.0
16.848913 147936.0
16.860773 147384.0
16.872772 147672.8
16.889436 148088.0
16.901266 147949.6
16.913100 148377.2
16.925408 147396.0
16.937485 146681.6
16.949769 146268.8
16.961821 148377.2
16.974122 147396.0
16.985951 147384.0
16.997931 147672.8
17.009692 146255.2
17.021452 147369.6
17.033460 148944.0
17.045362 147119.2
17.057305 148226.4
17.069095 148654.8
17.080993 148226.4
17.092911 147672.8
17.104915 146819.2
17.116743 147660.0
17.128911 146694.0
17.140712 145555.2
17.152835 145281.6
17.164788 146376.0
17.176852 145157.6
17.190170 148088.0
17.203911 148377.2
17.217555 148503.2
17.231039 147960.8
17.242904 148088.0
17.254887 148364.8
17.268263 147936.0
17.281895 148516.0
17.296275 148238.4
17.310551 148226.4
17.322367 148226.4
17.334146 148088.0
17.346308 147949.6
17.360409 148238.4
17.372225 147960.8
17.384291 148088.0
17.397444 148238.4
17.411196 148226.4
17.423074 147949.6
17.435053 147522.0
17.448620 148364.8
17.462107 147522.0
17.474154 147396.0
17.486380 147811.2
17.498634 147384.0
17.510675 147811.2
17.523004 148226.4
17.535519 147384.0
17.547552 146819.2
17.559748 147108.0
17.571696 146694.0
17.583554 147811.2
17.595426 147949.6
17.607292 148088.0
17.619126 148226.4
17.630981 147949.6
17.642868 147672.8
17.654741 147672.8
17.666624 147384.0
17.678594 148088.0
17.690474 147811.2
17.702335 147522.0
17.714219 147246.0
17.726133 148364.8
17.737992 147949.6
17.749971 147811.2
17.761867 147534.4
17.773939 147949.6
17.785799 149361.6
17.797779 148099.6
17.809645 148238.4
17.821488 147798.0
17.833988 148364.8
17.846214 148377.2
17.860403 148364.8
17.872358 148238.4
17.884196 147369.6
17.896601 147798.0
17.910758 148793.6
17.922585 148944.0
17.934375 149651.2
17.946577 149083.2
17.960395 149511.6
17.972216 149800.0
17.984335 148804.8
17.997761 149232.4
18.011333 149372.0
18.023119 149511.6
18.035104 149800.0
18.047646 148516.0
18.061128 149372.0
18.073105 149092.8
18.086467 149651.2
18.100597 148953.2
18.112528 149511.6
18.129665 149511.6
18.142153 149511.6
18.154019 149372.0
18.166039 149083.2
18.180506 149511.6
18.192413 149083.2
18.205004 148953.2
18.217333 149651.2
18.230820 149232.4
18.242666 149372.0
18.254444 149651.2
18.266719 149222.4
18.280348 148813.6
18.292161 149511.6
18.305258 148516.0
18.320515 149511.6
18.332344 149372.0
18.344372 149092.8
18.357989 149651.2
18.371306 148238.4
18.383187 148944.0
18.394993 149511.6
18.407227 149083.2
18.420731 149511.6
18.432581 149092.8
18.444321 149372.0
18.456562 149372.0
18.470624 148526.4
18.482446 149092.8
18.494287 148665.6
18.507452 148665.6
18.521244 149372.0
18.533173 149232.4
18.545118 149083.2
18.557596 149083.2
18.571369 148804.8
18.583170 148238.4
18.595230 149651.2
18.608714 148944.0
18.620594 148944.0
18.632834 148526.4
18.645102 147691.2
18.657187 148804.8
18.669086 148665.6
18.681085 148813.6
18.692960 148238.4
18.705063 149083.2
18.717015 148665.6
18.729026 148377.2
18.740941 148665.6
18.753036 148960.0
18.764920 148377.2
18.776982 149232.4
18.788947 149232.4
18.800967 149232.4
18.812960 148526.4
18.825010 148248.0
18.836895 148804.8
18.848952 148665.6
18.860824 148813.6
18.872956 149511.6
18.885004 149940.0
18.897095 148804.8
18.909075 149232.4
18.921077 147822.0
18.932966 148804.8
18.945050 148944.0
18.956943 149520.0
18.968906 149790.8
18.980680 149372.0
18.992515 149372.0
19.004291 149800.0
19.016260 149940.0
19.028135 148953.2
19.040371 148665.6
19.052924 148813.6
19.065922 148526.4
19.078041 148516.0
19.092661 149511.6
19.104554 149651.2
19.118003 148516.0
19.131588 148813.6
19.143419 149511.6
19.156565 148226.4
19.170230 149092.8
19.182118 149092.8
19.194001 149083.2
19.207326 149092.8
19.220859 149651.2
19.232687 149800.0
19.244656 149940.0
19.258513 148516.0
19.271906 149372.0
19.283770 149372.0
19.297417 149083.2
19.310589 149232.4
19.322435 149511.6
19.335650 149232.4
19.348207 148377.2
19.361982 149083.2
19.380138 149092.8
19.392103 149083.2
19.403973 149372.0
19.420010 148944.0
19.432481 148944.0
19.445135 149651.2
19.457902 148804.8
19.479951 147683.2
19.498590 149092.8
19.510511 148387.2
19.522366 148238.4
19.534260 148944.0
19.546603 148674.0
19.558819 148665.6
19.570765 148377.2
19.582752 147822.0
19.594569 148099.6
19.606480 148665.6
19.618279 148793.6
19.630224 148665.6
19.645611 148238.4
19.657495 148238.4
19.669312 149520.0
19.681336 149806.8
19.693250 149092.8
19.705486 148387.2
19.717410 148526.4
19.729502 149232.4
19.741431 148255.2
19.753390 146842.4
19.765268 148377.2
19.777147 147672.8
19.799052 148099.6
19.810788 147246.0
19.822699 147969.6
19.834557 148099.6
19.846363 148248.0
19.858248 148255.2
19.870287 148248.0
19.882235 148526.4
19.894231 149511.6
19.906032 149651.2
19.918031 148255.2
19.929961 148238.4
19.941931 148665.6
19.953809 148665.6
19.965686 148526.4
19.977709 148526.4
19.989936 148099.6
20.001785 149520.0
20.013616 148944.0
20.025723 149511.6
20.037573 148953.2
20.049684 148953.2
20.061524 148804.8
20.073436 147522.0
20.085330 148953.2
20.097313 147257.6
20.109135 148526.4
20.121265 148944.0
20.133138 147108.0
20.145207 147949.6
20.157092 147683.2
20.169324 149372.0
20.181223 148377.2
20.193185 148665.6
20.206733 149232.4
20.218790 149092.8
20.230628 148108.8
20.242437 149666.4
20.254354 149092.8
20.266095 148953.2
20.278210 148108.8
20.290184 147969.6
20.302109 148387.2
20.314046 148534.4
20.326104 147557.2
20.338043 148665.6
20.350424 148665.6
20.362321 148665.6
20.374292 148665.6
20.386163 150087.6
20.398144 149232.4
20.410785 149083.2
20.422598 149092.8
20.434514 149790.8
20.447862 149083.2
20.461364 149511.6
20.473656 149222.4
20.485659 149651.2
20.500393 149940.0
20.512337 149092.8
20.524194 149651.2
20.537913 149651.2
20.554652 149232.4
20.566969 149640.0
20.580465 148387.2
20.592529 149372.0
20.604345 149372.0
20.616743 149651.2
20.641111 148665.6
20.652994 149666.4
20.664886 149511.6
20.678236 148654.8
20.691751 149092.8
20.703582 148804.8
20.715701 149092.8
20.729275 149083.2
20.741139 149232.4
20.753131 149372.0
20.765001 148516.0
20.777634 149092.8
20.791175 149372.0
20.803014 148944.0
20.814874 149232.4
20.827971 149511.6
20.841779 148804.8
20.853592 149511.6
20.865993 149232.4
20.880469 148953.2
20.892274 149100.0
20.906251 148944.0
20.918260 148665.6
20.931846 149372.0
20.943666 148804.8
20.956790 148944.0
20.970538 148944.0
20.982341 149232.4
20.994204 148665.6
21.007603 148944.0
21.020808 149511.6
21.032712 149222.4
21.046133 148793.6
21.060563 148944.0
21.072631 149092.8
21.084537 148387.2
21.097286 149511.6
21.110719 148238.4
21.122597 149372.0
21.134453 149651.2
21.146696 149083.2
21.160412 148804.8
21.172272 149511.6
21.184064 149511.6
21.196206 149511.6
21.210192 148944.0
21.222192 149372.0
21.234187 149232.4
21.247531 148654.8
21.260985 148813.6
21.272821 149083.2
21.285017 148804.8
21.300519 148804.8
21.312527 149092.8
21.324409 149511.6
21.338053 149372.0
21.351662 149651.2
21.363499 148953.2
21.376973 148099.6
21.390650 148944.0
21.402461 149372.0
21.414409 149083.2
21.426211 149083.2
21.440421 148944.0
21.452237 149651.2
21.464155 148526.4
21.476341 148238.4
21.488660 148526.4
21.500674 148665.6
21.512730 148099.6
21.524898 149092.8
21.536934 147544.4
21.549081 148804.8
21.561271 148516.0
21.573308 149660.0
21.585292 149092.8
21.597184 149083.2
21.609292 148665.6
21.621147 149520.0
21.633196 148793.6
21.646182 148654.8
21.660594 148804.8
21.673238 148944.0
21.685308 148944.0
21.698115 149083.2
21.711575 149092.8
21.723429 148944.0
21.735259 149372.0
21.747652 148377.2
21.761400 148944.0
21.773212 148944.0
21.785255 149083.2
21.798496 147811.2
21.811816 149511.6
21.823621 149511.6
21.835676 149232.4
21.850425 149651.2
21.862341 148804.8
21.874265 148377.2
21.887547 149222.4
21.907884 148944.0
21.919721 149511.6
21.931566 149511.6
21.943597 148377.2
21.956988 149651.2
21.970280 149520.0
21.982282 148944.0
21.994249 148944.0
22.006321 148238.4
22.020357 149511.6
22.032279 149372.0
22.044074 149092.8
22.056131 148944.0
22.070686 149083.2
22.082526 148944.0
22.094394 148377.2
22.106555 149083.2
22.120245 148377.2
22.132098 148944.0
22.143870 149232.4
22.156985 148804.8
22.170710 149083.2
22.182536 148944.0
22.194463 149511.6
22.207886 149222.4
22.221390 148813.6
22.233304 148654.8
22.246585 148944.0
22.260354 149083.2
22.272124 149083.2
22.284019 148944.0
22.297643 149083.2
22.310836 148377.2
22.322739 148248.0
22.334555 148526.4
22.346833 149092.8
22.360431 149083.2
22.372244 148944.0
22.384036 148953.2
22.396134 148665.6
22.410365 148099.6
22.422412 148944.0
22.434229 148944.0
22.447361 149232.4
22.460837 149083.2
22.472746 148944.0
22.484719 148944.0
22.498482 148804.8
22.511920 149232.4
22.523765 149232.4
22.537397 148665.6
22.550614 148944.0
22.563045 148944.0
22.575116 148526.4
22.588605 148238.4
22.602227 149940.0
22.614174 149222.4
22.627436 148654.8
22.641064 148387.2
22.652898 148248.0
22.664938 149083.2
22.678541 148088.0
22.691899 149092.8
22.703881 148665.6
22.717254 149222.4
22.730621 148526.4
22.742557 148516.0
22.754454 149232.4
22.766432 148516.0
22.780457 148665.6
22.792478 149083.2
22.804314 148944.0
22.816747 148804.8
22.830534 148944.0
22.842353 149232.4
22.854386 148226.4
22.866682 148503.2
22.880372 148387.2
22.892197 147822.0
22.904125 148793.6
22.917634 149222.4
22.931360 148526.4
22.943170 147822.0
22.955163 149083.2
22.970734 148377.2
22.982603 148654.8
22.994523 149222.4
23.007882 149660.0
23.021388 148944.0
23.033374 149222.4
23.046607 148516.0
23.060452 148944.0
23.072446 149372.0
23.084309 149511.6
23.098007 147811.2
23.111494 148516.0
23.124605 148804.8
23.137051 149222.4
23.150598 148516.0
23.162476 149083.2
23.179156 148248.0
23.190999 147672.8
23.202811 148944.0
23.214857 149222.4
23.228221 148654.8
23.240589 148387.2
23.252356 148674.0
23.264264 147949.6
23.277683 149083.2
23.291014 148526.4
23.302854 148238.4
23.316020 148516.0
23.330586 148516.0
23.342536 148813.6
23.354468 148099.6
23.366486 148226.4
23.380434 148238.4
23.392268 148248.0
23.404110 148226.4
23.416546 149071.2
23.430618 148516.0
23.442401 148516.0
23.454309 148944.0
23.466597 148654.8
23.478726 148099.6
23.490883 147822.0
23.502849 147960.8
23.514833 148099.6
23.526969 147822.0
23.539055 148238.4
23.551109 148099.6
23.563339 148238.4
23.575291 149092.8
23.587115 148813.6
23.598957 148387.2
23.610828 148377.2
23.622688 148516.0
23.634539 148793.6
23.646507 148238.4
23.658516 148377.2
23.670507 148516.0
23.682403 148804.8
23.694507 148377.2
23.706384 148516.0
23.718526 148804.8
23.730486 148654.8
23.742510 148654.8
23.754387 148238.4
23.766435 147949.6
23.778459 148793.6
23.790437 148099.6
23.802269 148804.8
23.814260 148226.4
23.826120 149232.4
23.840540 148654.8
23.852383 149372.0
23.864213 148804.8
23.875987 149222.4
23.890479 147960.8
23.902420 148944.0
23.914312 148377.2
23.926697 149083.2
23.940306 149083.2
23.952118 149511.6
23.963961 148654.8
23.976138 148516.0
23.990749 148516.0
24.002569 148944.0
24.014604 148793.6
24.027866 148238.4
24.041726 148944.0
24.053518 148516.0
24.065872 148088.0
24.080559 148804.8
24.092443 148526.4
24.104215 148793.6
24.117340 148364.8
24.131188 148516.0
24.143011 148516.0
24.155002 148793.6
24.168483 147949.6
24.181724 148654.8
24.193614 148654.8
24.206871 148516.0
24.220253 148654.8
24.232046 148944.0
24.243912 148665.6
24.257532 148793.6
24.270977 147683.2
24.282848 148377.2
24.294828 148793.6
24.308186 149222.4
24.321944 148248.0
24.333801 147960.8
24.345688 148516.0
24.358102 147949.6
24.371937 148654.8
24.383808 148654.8
24.395938 148654.8
24.410401 148226.4
24.429746 148387.2
24.441704 148516.0
24.453598 148516.0
24.466116 148793.6
24.477942 149083.2
24.492103 148516.0
24.503933 148654.8
24.516004 148516.0
24.530299 148654.8
24.542255 147534.4
24.554251 148654.8
24.567661 148665.6
24.580794 148099.6
24.592889 147949.6
24.604833 149222.4
24.618430 148932.4
24.630937 148944.0
24.642789 148516.0
24.654777 147672.8
24.666550 148364.8
24.680481 148654.8
24.692306 148654.8
24.704109 148654.8
24.715917 148654.8
24.730541 147960.8
24.742567 148226.4
24.754485 148654.8
24.766701 142296.0
24.780346 141504.0
24.792130 141504.0
24.803944 141768.0
24.816019 142065.2
24.830792 141636.0
24.842617 142330.0
24.854641 142330.0
24.868023 140943.6
24.881754 141636.0
24.893607 141504.0
24.907247 141504.0
24.920718 141108.0
24.932574 140680.4
24.944679 141470.0
24.956461 141768.0
24.970445 141240.0
24.982452 141636.0
24.994289 141470.0
25.006635 141040.0
25.020425 141206.8
25.032214 141338.4
25.044022 141338.4
25.056093 141108.0
25.067894 141768.0
25.082136 142096.0
25.093918 141800.4
25.107383 142330.0
25.121034 142197.6
25.132891 142330.0
25.145031 141636.0
25.158837 141206.8
25.172209 142197.6
25.184067 142462.4
25.197384 140777.6
25.210784 141768.0
25.222757 142760.0
25.235916 141800.4
25.250588 142494.4
25.262548 141830.4
25.274525 141636.0
25.286615 142330.0
25.300551 141108.0
25.312367 141963.2
25.324173 141768.0
25.336361 142096.0
25.350655 142197.6
25.362458 142627.2
25.374460 142330.0
25.386761 142361.6
25.400393 142197.6
25.412242 142228.8
25.424138 142197.6
25.437377 141932.8
25.451181 142594.8
25.462959 141372.0
25.474963 141830.4
25.486932 141535.6
25.499039 142228.8
25.511243 141504.0
25.523317 141963.2
25.535325 141800.4
25.547379 141800.4
25.559542 141800.4
25.571666 143056.8
25.583526 141697.6
25.595412 141963.2
25.607288 142494.4
25.619160 142494.4
25.631005 142361.6
25.642915 142361.6
25.654830 142390.8
25.666720 142228.8
25.689638 142361.6
25.701526 142197.6
25.713569 141963.2
25.725483 141800.4
25.737577 142494.4
25.749576 142657.2
25.761627 142228.8
25.773516 141932.8
25.785562 142390.8
25.797593 141932.8
25.809802 142684.8
25.821609 142361.6
25.833605 143056.8
25.845421 144154.4
25.857169 144154.4
25.868899 144586.0
25.880735 144288.0
25.892444 144154.4
25.904089 144154.4
25.915793 144020.8
25.927502 143456.4
25.939216 143323.2
25.950915 143620.0
25.962569 144720.0
25.974349 143352.8
25.986137 144748.8
25.997819 144452.0
26.009688 144318.0
26.021379 144154.4
26.033153 144586.0
26.044846 144720.0
26.056719 143887.2
26.068437 144988.0
26.080118 144421.6
26.091821 144288.0
26.103500 145017.6
26.116354 141932.8
26.128063 144318.0
26.139829 144020.8
26.151469 144883.2
26.163170 144883.2
26.174866 144720.0
26.186550 145152.0
26.198217 144614.4
26.209982 144883.2
26.221701 144452.0
26.233559 144720.0
26.245243 145017.6
26.257013 144883.2
26.268719 145017.6
26.280402 144586.0
26.292137 144154.4
26.303846 144020.8
26.315531 143887.2
26.327233 144050.0
26.338979 144184.0
26.350735 144050.0
26.362413 144586.0
26.374110 144452.0
26.385851 145152.0
26.397533 144720.0
26.409313 144720.0
26.421010 144154.4
26.432857 145152.0
26.444569 144720.0
26.456255 144020.8
26.467944 144854.0
26.479646 144154.4
26.491357 143887.2
26.503040 143456.4
26.514727 144614.4
26.526526 143190.0
26.538229 143887.2
26.550061 143589.6
26.561855 143887.2
26.574264 143056.8
26.587747 144720.0
26.599478 144720.0
26.611176 144586.0
26.622907 144154.4
26.634596 144854.0
26.646262 144020.8
26.657965 144020.8
26.669706 143190.0
26.681541 144020.8
26.693230 143887.2
26.705044 143589.6
26.716782 143589.6
26.728722 144586.0
26.740440 144154.4
26.752128 144586.0
26.763811 144586.0
26.775502 144318.0
26.787189 144184.0
26.798930 144184.0
26.810683 144614.4
26.822450 143620.0
26.834209 144614.4
26.845891 145044.8
26.857654 145179.6
26.871673 142228.8
26.883549 142361.6
26.895245 144452.0
26.906960 142657.2
26.918959 144020.8
26.930732 145017.6
26.942555 144883.2
26.954271 145584.0
26.965986 144883.2
26.977799 144883.2
26.989535 144720.0
27.001237 145420.8
27.012909 144452.0
27.024749 145017.6
27.036425 145449.2
27.048120 144748.8
27.059872 144452.0
27.071569 144586.0
27.083281 144020.8
27.094964 143323.2
27.106656 145044.8
27.118915 144020.8
27.130659 145017.6
27.142364 144614.4
27.154175 145152.0
27.165859 144452.0
27.177655 144720.0
27.189453 145152.0
27.201254 145286.4
27.212933 145152.0
27.224785 144883.2
27.236472 145017.6
27.248159 144586.0
27.259866 144452.0
27.271539 144586.0
27.283220 144154.4
27.294965 144154.4
27.306669 143753.6
27.318502 143887.2
27.330280 144020.8
27.341981 143323.2
27.353700 143887.2
27.365392 143916.0
27.377162 143486.4
27.388904 144050.0
27.400541 144586.0
27.412226 144720.0
27.423904 144586.0
27.435579 145017.6
27.447262 144154.4
27.468700 141800.4
27.480627 142228.8
27.492705 141403.2
27.504962 141800.4
27.517163 141668.0
27.529297 141270.8
27.541396 141372.0
27.553723 141240.0
27.565698 143190.0
27.577746 142627.2
27.590906 141535.6
27.602774 142361.6
27.616562 141932.8
27.628540 141932.8
27.640442 141963.2
27.652300 141830.4
27.664171 141800.4
27.676059 141636.0
27.687890 141504.0
27.699753 142197.6
27.711610 141800.4
27.723496 141270.8
27.735350 141668.0
27.747221 141504.0
27.759052 141932.8
27.770950 142065.2
27.782869 141372.0
27.794733 142228.8
27.806722 142065.2
27.818702 142892.8
27.830710 143620.0
27.842451 145179.6
27.854168 144076.8
27.865984 144748.8
27.877669 144883.2
27.889461 144748.8
27.901105 144988.0
27.912966 144883.2
27.924655 144720.0
27.936370 144720.0
27.948057 144720.0
27.959763 144586.0
27.971472 144586.0
27.983151 145017.6
27.994836 144154.4
28.006631 143722.8
28.018421 144288.0
28.030131 143456.4
28.041891 144020.8
28.053585 143887.2
28.067592 145880.8
28.079423 145880.8
28.091146 144586.0
28.102936 144586.0
28.114629 145017.6
28.126275 143753.6
28.138022 144318.0
28.149716 143753.6
28.161539 145745.6
28.173260 145745.6
28.185131 146176.8
28.196809 145745.6
28.208629 145179.6
28.220363 145745.6
28.232057 146312.4
28.243756 145314.4
28.255435 145044.8
28.267116 145475.2
28.278928 144345.6
28.290674 145340.0
28.302388 145498.8
28.314130 146041.2
28.325817 145449.2
28.337686 145044.8
28.349435 144910.0
28.361216 145044.8
28.372925 144748.8
28.384612 145420.8
28.396286 145017.6
28.407911 144748.8
28.419672 145017.6
28.431368 144452.0
28.443046 144883.2
28.454796 144020.8
28.466570 144154.4
28.478271 143887.2
28.490150 144586.0
28.501841 144318.0
28.513698 145017.6
28.525380 144586.0
28.537218 144452.0
28.548928 144154.4
28.560600 143887.2
28.572291 143916.0
28.584792 142923.6
28.598076 144614.4
28.609851 144883.2
28.621555 144883.2
28.633315 144452.0
28.644996 144586.0
28.656633 143887.2
28.668411 144720.0
28.680097 143753.6
28.691804 144614.4
28.703498 144748.8
28.715186 145017.6
28.726946 144720.0
28.738769 144614.4
28.750488 143782.0
28.762259 144748.8
28.773969 144452.0
28.785787 145314.4
28.797477 145017.6
28.809303 144452.0
28.821030 144883.2
28.832716 145449.2
28.844413 145017.6
28.856093 144020.8
28.867783 144421.6
28.879484 144154.4
28.891193 144020.8
28.902837 143323.2
28.914558 144748.8
28.926260 144076.8
28.938090 144184.0
28.949819 144586.0
28.961595 144614.4
28.973304 144748.8
28.985199 144586.0
28.996869 144614.4
29.008688 144184.0
29.020392 144614.4
29.032072 144586.0
29.043759 145152.0
29.055454 144586.0
29.067137 144452.0
29.078879 144452.0
29.090705 144586.0
29.102444 144883.2
29.114195 144184.0
29.125896 143753.6
29.137847 145017.6
29.149508 144586.0
29.161293 144586.0
29.172985 144020.8
29.184664 144421.6
29.196351 144154.4
29.208027 143887.2
29.219745 143753.6
29.231420 144318.0
29.245313 143456.4
29.257333 144452.0
29.269150 145017.6
29.281062 144614.4
29.292791 144452.0
29.304501 144883.2
29.316192 144586.0
29.327877 144452.0
29.339621 144586.0
29.351340 144854.0
29.363014 144452.0
29.374826 143887.2
29.386530 144452.0
29.398241 143753.6
29.410145 144452.0
29.421844 144614.4
29.433557 144154.4
29.445228 144452.0
29.457068 144020.8
29.468838 142228.8
29.480925 141830.4
29.493039 141668.0
29.505319 141800.4
29.517551 142627.2
29.530064 141138.4
29.542078 142228.8
29.554090 142524.0
29.566033 141963.2
29.577974 142228.8
29.590040 142065.2
29.602313 142790.4
29.614174 144050.0
29.625942 144586.0
29.637794 144883.2
29.649526 145152.0
29.661247 145152.0
29.673058 141432.0
29.684784 141830.4
29.696461 141166.4
29.708148 140580.0
29.719843 141138.4
29.731558 139890.8
29.743255 141006.0
29.759784 138909.6
29.771579 141138.4
29.783305 141270.8
29.794994 141270.8
29.806797 140712.0
29.818629 141564.8
29.830336 139890.8
29.842150 141006.0
29.854294 137863.2
29.866229 138809.6
29.879062 138153.6
29.890926 138416.0
29.906683 138153.6
29.918937 138153.6
29.930788 138416.0
29.942917 138809.6
29.954803 141240.0
29.968643 142657.2
29.980475 142361.6
29.992413 141830.4
30.004290 142096.0
30.016168 142390.8
30.028761 140943.6
30.040568 140844.0
30.052349 140712.0
30.064132 136209.6
30.075855 143190.0
30.087655 143352.8
30.099667 141006.0
30.111488 142361.6
30.123299 143190.0
30.135138 142760.0
30.147026 142923.6
30.159073 141668.0
30.170874 141616.0
30.182840 140580.0
30.194757 140285.6
30.206843 139232.8
30.218919 140712.0
30.231016 139232.8
30.242960 143190.0
30.254837 143887.2
30.266576 144452.0
30.278394 144184.0
30.290241 145017.6
30.301962 145017.6
30.313742 144586.0
30.325428 144452.0
30.337345 145017.6
30.349187 144883.2
30.361860 142361.6
30.373629 144318.0
30.385415 144586.0
30.397095 143887.2
30.408860 143887.2
30.420581 143753.6
30.432272 144614.4
30.446168 143486.4
30.458031 144452.0
30.469824 143887.2
30.481579 144020.8
30.493281 144586.0
30.505144 144452.0
30.516832 144883.2
30.528644 144452.0
30.540360 144452.0
30.552051 145017.6
30.563719 143887.2
30.585028 143942.4
30.597161 144211.2
30.611805 141963.2
30.623615 144586.0
30.635336 145584.0
30.647022 145314.4
30.658888 145449.2
30.670797 143352.8
30.682615 144184.0
30.694325 144640.4
30.706102 144614.4
30.717799 145179.6
30.729596 144910.0
30.741334 145340.0
30.753198 144748.8
30.764886 145475.2
30.776579 145044.8
30.788258 144775.2
30.800061 145314.4
30.811781 144883.2
30.836078 143514.0
30.848282 143085.6
30.864414 142096.0
30.876296 142524.0
30.888503 141963.2
30.900368 142390.8
30.912209 142790.4
30.924045 141372.0
30.935894 142844.0
30.947694 142390.8
30.959756 141591.6
30.971575 140502.4
30.983366 142065.2
30.995181 142361.6
31.007222 141830.4
31.019095 141697.6
31.031076 142818.4
31.043081 142818.4
31.055066 143539.2
31.067037 143085.6
31.079074 142818.4
31.091201 142390.8
31.103176 143085.6
31.115049 142952.0
31.127077 142284.0
31.138907 142952.0
31.150688 143942.4
31.162985 142150.4
31.175172 143219.2
31.187117 140285.6
31.199089 141724.8
31.211044 143085.6
31.223097 139524.0
31.235061 142228.8
31.247193 141616.0
31.259184 141991.2
31.271180 141432.0
31.283117 140608.8
31.295537 142524.0
31.307426 142657.2
31.321415 142096.0
31.334981 140844.0
31.347187 141800.4
31.359205 141006.0
31.371055 142096.0
31.383214 142524.0
31.395175 141564.8
31.407180 142361.6
31.419062 143056.8
31.430988 141697.6
31.442955 142657.2
31.455042 142390.8
31.466965 141432.0
31.479152 142361.6
31.491093 141697.6
31.503124 142096.0
31.515196 142494.4
31.527573 141075.2
31.539541 140154.0
31.551662 141075.2
31.563690 140873.6
31.575659 140252.8
31.587502 140252.8
31.599388 140217.6
31.611624 139728.0
31.623418 140812.0
31.635283 138706.4
31.647212 141240.0
31.659181 140417.2
31.691641 142361.6
31.703504 142494.4
31.715344 142390.8
31.727385 141240.0
31.739412 141372.0
31.751420 141270.8
31.763401 141636.0
31.777001 141535.6
31.789109 140680.4
31.801279 142065.2
31.813291 142892.8
31.825258 141564.8
31.837178 140976.0
31.849222 141504.0
31.861052 142892.8
31.872857 142197.6
31.884722 141668.0
31.896639 140417.2
31.908606 140712.0
31.920529 141372.0
31.932426 138840.0
31.944308 138876.0
31.956276 140417.2
31.968196 139788.8
31.980055 138745.6
31.992001 140211.6
32.003966 141206.8
32.028885 140384.0
32.040730 140943.6
32.052570 139788.8
32.064499 139230.0
32.076381 140022.4
32.088141 134190.0
32.099950 134236.8
32.111761 139694.4
32.123576 140348.4
32.135433 139750.0
32.147312 137344.0
32.159325 136704.0
32.171294 137088.0
32.183263 137472.0
32.195197 136867.2
32.207556 139956.0
32.219658 140680.4
32.231553 140943.6
32.243431 140908.8
32.255345 141075.2
32.267220 139136.8
32.279184 139060.8
32.291094 138631.6
32.303119 139230.0
32.315010 138672.0
32.327054 137216.0
32.338951 137042.4
32.350736 137170.0
32.369146 137901.6
32.380857 137216.0
32.392702 136914.8
32.404749 135627.2
32.416633 136183.2
32.428595 136358.4
32.440995 136914.8
32.452914 137985.6
32.464876 137644.8
32.476871 136183.2
32.488800 136867.2
32.500614 137388.0
32.512516 135676.0
32.524390 135722.4
32.536331 134464.8
32.548230 135256.0
32.560270 136183.2
32.572195 134820.0
32.584118 134820.0
32.596021 136104.0
32.608046 141206.8
32.620394 138354.4
32.632400 140086.8
32.644361 139528.0
32.657850 138631.6
32.669709 138114.8
32.681656 137727.2
32.693475 138876.0
32.705443 138580.0
32.717205 136746.0
32.729002 136176.8
32.740723 140515.2
32.752586 140515.2
32.764626 140610.0
32.776431 140646.4
32.788596 140348.4
32.800401 140908.8
32.812187 139788.8
32.824046 138931.2
32.835918 138631.6
32.847798 136704.0
32.859638 137002.8
32.871514 136960.0
32.883533 137042.4
32.895419 137088.0
32.919504 135198.0
32.931462 139528.0
32.943374 138840.0
32.955315 139136.8
32.967337 137944.8
32.979305 136564.4
32.991409 139750.0
33.003239 138073.6
33.015242 137727.2
33.027093 138320.0
33.039185 139490.0
33.051681 139620.0
33.068938 138024.0
33.080802 138760.8
33.092595 137558.4
33.104421 135802.8
33.116210 134339.6
33.128020 135808.0
33.139866 139019.2
33.151621 138717.6
33.163453 137600.0
33.175341 136612.8
33.187171 136914.8
33.199025 138631.6
33.211012 139320.0
33.222876 140548.8
33.234884 139956.0
33.246770 140252.8
33.259340 141372.0
33.272228 141372.0
33.284848 140777.6
33.296687 140252.8
33.308740 139728.0
33.320582 138255.6
33.332518 137764.8
33.344468 138153.6
33.356407 137081.2
33.368473 140217.6
33.380697 137505.6
33.392462 138060.0
33.404237 138060.0
33.415977 136532.0
33.427844 140285.6
33.439720 140777.6
33.451505 139919.2
33.463524 140348.4
33.475462 139136.8
33.487741 140086.8
33.499635 139397.6
33.511558 139136.8
33.523545 138710.0
33.536022 140217.6
33.547927 139788.8
33.559760 140180.0
33.571639 138580.0
33.583730 139658.4
33.595649 139788.8
33.608015 139956.0
33.622436 140049.6
33.634518 139230.0
33.646339 139788.8
33.658711 139694.4
33.670586 139490.0
33.682561 140086.8
33.694691 139490.0
33.706595 139360.0
33.718767 139694.4
33.730663 139360.0
33.742607 140740.8
33.754491 139230.0
33.766625 139490.0
33.778631 139100.0
33.790526 138801.6
33.802497 138840.0
33.814363 139230.0
33.826543 137670.0
33.838582 138760.8
33.850512 139360.0
33.862393 137388.0
33.874418 137727.2
33.887682 139397.6
33.899732 139230.0
33.911601 138840.0
33.923360 138517.2
33.935339 140310.4
33.947150 140348.4
33.958963 139360.0
33.975417 139919.2
33.987460 139563.6
33.999337 139788.8
34.011311 140646.4
34.029001 140217.6
34.040836 140515.2
34.052740 140680.4
34.064607 140680.4
34.076455 139694.4
34.088207 139919.2
34.100214 140479.2
34.112022 140086.8
34.123847 140086.8
34.159873 140908.8
34.171656 140646.4
34.183454 140252.8
34.195353 139694.4
34.207759 139728.0
34.219679 140217.6
34.231602 139658.4
34.243541 140086.8
34.255913 139360.0
34.267793 140348.4
34.279653 137540.0
34.291593 138320.0
34.303586 138710.0
34.315550 138909.6
34.327539 139658.4
34.339501 138970.0
34.351527 140086.8
34.363351 138412.8
34.375371 139658.4
34.387238 140384.0
34.399127 140646.4
34.411027 141601.6
34.422896 139563.6
34.434736 139825.2
34.446618 139658.4
34.458601 140908.8
34.470408 140646.4
34.482375 139694.4
34.494302 140646.4
34.506356 140479.2
34.518184 140515.2
34.530105 139006.4
34.541952 138840.0
34.553856 139919.2
34.565871 140812.0
34.577843 139990.4
34.589761 140777.6
34.601892 139759.2
34.613882 138615.2
34.625894 139432.8
34.637832 138801.6
34.649826 137800.0
34.661811 139788.8
34.673842 138502.4
34.685732 134784.0
34.697853 136306.0
34.709761 135256.0
34.721864 135884.0
34.733681 137376.0
34.745640 137635.2
34.757613 136598.4
34.769881 137764.8
34.781646 137670.0
34.793625 136693.6
34.805485 136890.0
34.817516 136952.0
34.829513 136693.6
34.842077 137150.0
34.853896 136728.0
34.865859 135552.0
34.877801 135333.6
34.889773 130372.8
34.901479 137635.2
34.913271 137764.8
34.925206 136080.0
34.937099 135755.2
34.948927 136399.2
34.960743 138580.0
34.972521 136822.8
34.984339 138153.6
34.996176 137376.0
35.008003 134656.0
35.020033 133086.8
35.031987 133888.0
35.043923 134656.0
35.056001 135076.8
35.068172 138320.0
35.079888 137670.0
35.091871 139136.8
35.103626 139302.0
35.115317 139267.2
35.127013 138615.2
35.139033 139563.6
35.150636 139302.0
35.162337 139563.6
35.174044 138060.0
35.185856 139302.0
35.197543 139040.4
35.209257 138615.2
35.220958 139627.6
35.232635 138940.8
35.246806 138909.6
35.258728 139596.8
35.270450 140646.4
35.282428 142892.8
35.294152 142892.8
35.305996 142462.4
35.317672 142992.0
35.329520 142032.0
35.342231 141601.6
35.379789 139432.8
35.391675 140252.8
35.403518 139956.0
35.415543 139136.8
35.427358 139788.8
35.439475 139694.4
35.452193 140812.0
35.479011 139694.4
35.490869 140121.6
35.502852 139956.0
35.514792 140515.2
35.526705 140515.2
35.538621 138048.4
35.550318 135340.8
35.562164 139136.8
35.574073 139825.2
35.586156 140515.2
35.598084 140548.8
35.610115 140217.6
35.622227 140479.2
35.634821 139825.2
35.646941 141075.2
35.659134 139528.0
35.671033 140646.4
35.683049 140548.8
35.695019 140252.8
35.706920 140384.0
35.719085 140646.4
35.731076 140515.2
35.743339 140417.2
35.755244 140515.2
35.767469 140777.6
35.779649 141601.6
35.791702 139432.8
35.803600 140515.2
35.815674 140384.0
35.827648 141240.0
35.839774 139788.8
35.851668 138672.0
35.863592 138024.0
35.875501 140646.4
35.887678 138778.8
35.899798 140646.4
35.911694 138970.0
35.923562 137635.2
35.935596 139859.2
35.947491 140384.0
35.959621 139956.0
35.971486 139072.0
35.983598 140217.6
35.995472 138672.0
36.007506 139658.4
36.019519 139658.4
36.031606 140680.4
36.043490 140515.2
36.055608 140943.6
36.067677 140217.6
36.079695 140908.8
36.091521 140348.4
36.103562 139302.0
36.115473 140384.0
36.128559 141171.2
36.140402 139528.0
36.152246 141636.0
36.164132 140417.2
36.176663 140515.2
36.188699 140086.8
36.200805 140217.6
36.213471 140252.8
36.225350 139563.6
36.237280 139190.4
36.249093 139432.8
36.261033 140943.6
36.272934 140812.0
36.284732 140252.8
36.296717 140121.6
36.308611 139919.2
36.320419 139136.8
36.332264 140086.8
36.344071 137687.2
36.355901 137628.8
36.367665 140646.4
36.379903 140217.6
36.392769 140515.2
36.404642 140086.8
36.416787 139563.6
36.428758 140908.8
36.440538 141075.2
36.452374 141470.0
36.464176 141338.4
36.476067 141768.0
36.487887 140384.0
36.499714 139302.0
36.511677 140515.2
36.523461 141206.8
36.535472 141768.0
36.547276 141338.4
36.559100 141075.2
36.571022 140812.0
36.582870 140348.4
36.619619 139230.0
36.632277 141075.2
36.645211 138580.0
36.657191 137800.0
36.669127 137540.0
36.681095 138876.0
36.693098 140252.8
36.705465 140515.2
36.717250 140646.4
36.729566 140252.8
36.741343 139397.6
36.753089 139397.6
36.764863 140943.6
36.776779 140610.0
36.788712 141206.8
36.800492 141504.0
36.812358 139171.2
36.824207 139956.0
36.836047 141171.2
36.847864 141075.2
36.859756 140548.8
36.871720 137670.0
36.883651 138224.0
36.895681 139563.6
36.907658 137505.6
36.920663 140646.4
36.932879 140740.8
36.954414 140646.4
36.966253 140740.8
36.983940 141601.6
36.995767 141338.4
37.007698 140943.6
37.028943 140908.8
37.045220 140217.6
37.062497 140908.8
37.074444 140812.0
37.086348 140252.8
37.098249 140740.8
37.124944 140515.2
37.136758 141040.0
37.168983 141075.2
37.180816 139919.2
37.192704 139956.0
37.204597 140154.0
37.216442 139694.4
37.228472 139825.2
37.248657 140121.6
37.260435 141040.0
37.272117 136728.0
37.283850 141206.8
37.295724 141338.4
37.307645 141768.0
37.319705 140812.0
37.331536 140812.0
37.343517 140908.8
37.355360 141768.0
37.367190 142065.2
37.379160 137994.0
37.391093 139596.8
37.403036 139432.8
37.414988 138648.0
37.427685 141240.0
37.448565 141108.0
37.460388 141932.8
37.479881 141535.6
37.491727 140417.2
37.503746 141372.0
37.515488 140943.6
37.527844 141535.6
37.539727 141372.0
37.551663 141240.0
37.563877 141800.4
37.575822 141372.0
37.589566 141668.0
37.609022 141668.0
37.621085 142197.6
37.633743 141504.0
37.646242 141372.0
37.659374 141075.2
37.671833 141240.0
37.683879 140844.0
37.695938 141668.0
37.708119 141240.0
37.720127 142760.0
37.731925 142361.6
37.743848 142228.8
37.755739 141963.2
37.767780 141504.0
37.779705 142065.2
37.792328 141535.6
37.804210 140712.0
37.816031 141535.6
37.827846 141240.0
37.839754 141800.4
37.851632 142065.2
37.863542 141668.0
37.875439 141830.4
37.887277 141800.4
37.899245 142065.2
37.911015 142065.2
37.929510 140812.0
37.941920 141800.4
37.954076 141270.8
37.966031 142228.8
37.978283 141932.8
37.990339 141668.0
38.002285 139496.0
38.014082 139890.8
38.026070 136890.0
38.037832 141932.8
38.049832 142923.6
38.061724 141108.0
38.073522 142096.0
38.085353 141668.0
38.097273 141075.2
38.109129 141768.0
38.120922 141668.0
38.132822 142760.0
38.144655 140635.2
38.156536 137572.0
38.168574 140154.0
38.180527 139171.2
38.196652 140448.0
38.208797 141668.0
38.223337 141768.0
38.245296 142361.6
38.257204 142330.0
38.276320 142330.0
38.298077 142330.0
38.316227 141900.0
38.335232 142330.0
38.354180 142032.0
38.366978 142330.0
38.386176 142330.0
38.403968 142065.2
38.415864 142032.0
38.435086 142892.8
38.454092 141403.2
38.467537 142330.0
38.486215 142032.0
38.503821 141668.0
38.515641 141206.8
38.534931 142197.6
38.554197 142197.6
38.566064 141800.4
38.583202 142065.2
38.595019 142494.4
38.606832 142065.2
38.628604 142330.0
38.647616 141900.0
38.663918 142065.2
38.683359 142065.2
38.695111 141800.4
38.715669 141240.0
38.727742 141800.4
38.744642 142032.0
38.763460 141372.0
38.783727 142330.0
38.795562 141800.4
38.814794 141668.0
38.826821 142164.0
38.846184 142330.0
38.865158 142065.2
38.883941 142462.4
38.895878 141800.4
38.914639 142197.6
38.928616 141535.6
38.945079 141668.0
38.956903 141768.0
38.976862 142462.4
38.993384 141270.8
39.005178 141372.0
39.024997 141900.0
39.043796 140943.6
39.055853 142065.2
39.074893 142065.2
39.086730 141932.8
39.106242 141932.8
39.125093 142197.6
39.145677 141535.6
39.157513 142032.0
39.174454 141403.2
39.186342 141636.0
39.207718 142197.6
39.226779 141800.4
39.245228 142197.6
39.257054 142065.2
39.268994 142197.6
39.284799 142228.8
39.303682 141932.8
39.315534 141963.2
39.327315 142228.8
39.342945 142228.8
39.354878 142494.4
39.374211 142494.4
39.387776 142330.0
39.406448 142197.6
39.423217 142065.2
39.435155 142760.0
39.454419 141932.8
39.491850 141932.8
39.509736 140712.0
39.521769 141372.0
39.533632 142197.6
39.545420 141668.0
39.557483 141138.4
39.569304 139627.6
39.581078 139728.0
39.592967 141108.0
39.604823 140976.0
39.616669 141668.0
39.628739 141535.6
39.640616 139890.8
39.652458 141108.0
39.664191 139825.2
39.676156 141668.0
39.688172 141932.8
39.700862 137863.2
39.712781 138517.2
39.724630 139334.4
39.736514 139232.8
39.748569 137994.0
39.760412 138386.4
39.772202 137601.6
39.784124 139171.2
39.795920 137963.2
39.807951 138255.6
39.819770 138284.8
39.831744 138255.6
39.843765 138284.8
39.855763 138284.8
39.867830 138547.2
39.879826 139759.2
39.891662 138838.0
39.903489 136500.0
39.915511 137340.0
39.927467 137366.4
39.939707 136789.6
39.951807 136710.4
39.963830 137340.0
39.975968 136728.0
39.987836 139656.0
39.999869 137050.4
40.011820 137732.4
40.023964 139072.0
40.048975 138124.8
40.060837 138809.6
40.072701 137670.0
40.084505 137280.0
40.096378 138416.0
40.108236 138838.0
40.120194 138416.0
40.132108 137994.0
40.144007 138547.2
40.155906 138386.4
40.167959 138838.0
40.179734 138969.6
40.191738 138517.2
40.203575 138153.6
40.215456 139890.8
40.227385 139232.8
40.239276 137601.6
40.251207 139072.0
40.263028 137702.4
40.276319 137994.0
40.288180 135561.6
40.300192 134080.8
40.312166 137470.8
40.324116 136047.6
40.336371 138517.2
40.354238 139072.0
40.366075 138809.6
40.385375 138778.8
40.404140 138969.6
40.416096 138517.2
40.433019 138284.8
40.444835 138706.4
40.456660 139072.0
40.477904 139203.2
40.496602 138909.6
40.513251 138809.6
40.525077 139334.4
40.543749 138648.0
40.556136 139432.8
40.576308 139203.2
40.593620 139072.0
40.605450 139203.2
40.624856 138778.8
40.643180 138547.2
40.655252 139203.2
40.667355 139072.0
40.686717 139334.4
40.705684 139232.8
40.724845 138547.2
40.736672 139171.2
40.755875 137963.2
40.774795 137994.0
40.793296 138778.8
40.805093 139232.8
40.816904 138809.6
40.843425 138124.8
40.855267 140812.0
40.875502 138615.2
40.892339 139465.6
40.914663 138153.6
40.929566 138838.0
40.944442 138940.8
40.956289 138648.0
40.972983 137994.0
40.984811 138416.0
41.003942 139072.0
41.015920 139203.2
41.033224 138224.0
41.045065 138809.6
41.056849 137832.8
41.077845 138517.2
41.096743 138909.6
41.114925 137572.0
41.126825 138416.0
41.138890 138778.8
41.156135 140812.0
41.174656 142494.4
41.186612 142760.0
41.205843 141800.4
41.224397 142494.4
41.236220 142065.2
41.248136 142096.0
41.259979 141963.2
41.275678 142361.6
41.294382 142627.2
41.306451 142330.0
41.323258 142361.6
41.335067 142228.8
41.354440 142923.6
41.367585 142494.4
41.386663 141800.4
41.403214 142390.8
41.415081 142065.2
41.434458 142760.0
41.453385 142790.4
41.465269 141006.0
41.477315 142096.0
41.489472 141138.4
41.501477 142096.0
41.513528 141830.4
41.525659 142096.0
41.537903 141668.0
41.549959 142096.0
41.562249 142228.8
41.574204 142627.2
41.586246 141830.4
41.598130 141800.4
41.610129 141800.4
41.622017 142524.0
41.638570 141535.6
41.652282 141963.2
41.664188 142494.4
41.676250 142760.0
41.695505 142892.8
41.714763 142494.4
41.726576 142923.6
41.738561 142330.0
41.765048 143056.8
41.776890 143190.0
41.795629 142494.4
41.814059 142494.4
41.825875 142627.2
41.845025 142892.8
41.864132 141800.4
41.875963 141932.8
41.893166 143056.8
41.905008 142197.6
41.924223 142330.0
41.942693 142494.4
41.954550 142494.4
41.966390 142627.2
41.978449 142228.8
41.994532 142494.4
42.013406 142627.2
42.025183 142892.8
42.043627 142494.4
42.055424 141830.4
42.067355 141800.4
42.089128 142494.4
42.104772 142923.6
42.116655 142892.8
42.134816 142790.4
42.146688 142065.2
42.158659 142627.2
42.184610 142923.6
42.196438 142790.4
42.214661 142494.4
42.226533 142627.2
42.238475 142790.4
42.264804 141668.0
42.276667 142462.4
42.295481 142462.4
42.314419 141830.4
42.326244 142627.2
42.345592 142524.0
42.371827 142361.6
42.384266 142627.2
42.396140 142257.6
42.408183 141932.8
42.434707 142390.8
42.446580 142462.4
42.465409 141830.4
42.484716 143056.8
42.496546 142760.0
42.515754 143190.0
42.534731 143323.2
42.552792 142096.0
42.565022 142494.4
42.584104 143025.6
42.596030 142657.2
42.615404 142228.8
42.634534 141668.0
42.646906 142494.4
42.669418 142228.8
42.682217 143056.8
42.694129 141963.2
42.705904 143190.0
42.726412 142361.6
42.738600 142790.4
42.765907 142494.4
42.777776 143190.0
42.796983 142197.6
42.815377 142657.2
42.834539 143190.0
42.846384 142790.4
42.863668 142790.4
42.875577 143190.0
42.894180 142390.8
42.907652 143323.2
42.926681 143190.0
42.945453 142627.2
42.964301 142892.8
42.977388 143158.4
42.996233 142551.2
43.013574 143352.8
43.025403 141932.8
