# 1396597193.307135
0.036663 144024.0
0.048552 144123.2
0.060312 145965.6
0.072050 144296.0
0.084052 146529.6
0.095779 147094.4
0.107447 145402.4
0.119186 146255.2
0.130923 145828.8
0.142624 146255.2
0.154363 145965.6
0.166068 145692.0
0.177893 146392.4
0.189822 146392.4
0.201564 145965.6
0.213387 146392.4
0.225191 146819.2
0.236870 146392.4
0.248550 146512.8
0.260214 146118.0
0.271881 146406.4
0.283603 146255.2
0.295270 146529.6
0.306997 146529.6
0.318796 146392.4
0.330520 146102.4
0.342310 145402.4
0.354328 143292.4
0.367654 144685.2
0.379392 145965.6
0.391091 145538.8
0.402764 145266.0
0.423861 143312.0
0.436133 142888.0
0.448213 143041.6
0.460333 143176.8
0.472454 143176.8
0.484528 143176.8
0.496530 143312.0
0.508617 142922.4
0.520735 144160.0
0.532722 143193.6
0.544600 143329.2
0.556464 143888.0
0.568336 144160.0
0.580208 144296.0
0.592076 144160.0
0.604073 143344.0
0.615911 144311.2
0.627742 143464.8
0.639632 144024.0
0.651521 143600.4
0.663484 143888.0
0.675423 143058.0
0.687303 144024.0
0.699181 144296.0
0.711139 144024.0
0.723211 143193.6
0.735138 144024.0
0.747097 144584.0
0.759127 143616.0
0.771098 144024.0
0.793071 144038.4
0.804910 144174.8
0.816863 145828.8
0.828593 145538.8
0.840290 145555.2
0.851961 146255.2
0.863683 146392.4
0.875422 146392.4
0.887111 146666.8
0.898782 146956.8
0.910460 146118.0
0.922158 146118.0
0.934065 146255.2
0.945830 146392.4
0.957605 146255.2
0.969389 146392.4
0.981068 146255.2
0.992717 145418.4
1.004745 146102.4
1.021303 142922.4
1.043142 144007.2
1.055043 144993.2
1.066810 145980.8
1.078569 145828.8
1.090310 145965.6
1.102144 146819.2
1.114120 146970.0
1.125820 146392.4
1.137520 146956.8
1.149265 146956.8
1.160971 146529.6
1.172646 146392.4
1.184346 146392.4
1.196025 145965.6
1.207706 145418.4
1.219447 144993.2
1.231131 146118.0
1.242793 144720.4
1.257582 144142.8
1.270124 145965.6
1.282049 143888.0
1.294136 145555.2
1.306016 146118.0
1.317856 146392.4
1.329667 146392.4
1.341431 146529.6
1.353353 145828.8
1.365069 146666.8
1.376757 146529.6
1.388430 146392.4
1.400102 146118.0
1.411793 145965.6
1.423498 145828.8
1.435188 145281.6
1.447009 145692.0
1.458703 145418.4
1.470530 145402.4
1.482321 145828.8
1.494187 145980.8
1.506008 146392.4
1.517850 146681.6
1.529572 146819.2
1.553639 144296.0
1.565540 144704.0
1.577478 144856.8
1.589370 145008.0
1.601302 144160.0
1.613350 144568.0
1.625424 143888.0
1.637381 146102.4
1.649127 146102.4
1.660828 145828.8
1.672518 146406.4
1.684232 146118.0
1.695914 146102.4
1.707614 146529.6
1.719300 146956.8
1.731141 144720.4
1.743129 144568.0
1.754803 146406.4
1.766536 146544.0
1.778243 147094.4
1.789945 147094.4
1.801708 146529.6
1.813529 146544.0
1.825410 146544.0
1.837093 146956.8
1.848768 147078.4
1.860387 146819.2
1.872074 145980.8
1.883768 145692.0
1.895448 145555.2
1.907257 144993.2
1.919070 145828.8
1.930761 145555.2
1.942532 145418.4
1.954208 145980.8
1.965935 146819.2
1.977626 146956.8
1.989368 146666.8
2.001053 146956.8
2.012767 146666.8
2.024588 146529.6
2.036279 146392.4
2.047958 145828.8
2.071368 143600.4
2.083691 144311.2
2.095550 145266.0
2.107745 143888.0
2.120322 144024.0
2.132157 146102.4
2.143907 145402.4
2.155597 145980.8
2.167321 146406.4
2.179190 143752.0
2.191174 145965.6
2.202951 146118.0
2.214662 145828.8
2.226384 146118.0
2.238229 145828.8
2.250038 146392.4
2.261790 146255.2
2.273555 146392.4
2.285252 145965.6
2.296976 145965.6
2.308695 145266.0
2.320381 145418.4
2.332062 146956.8
2.343745 146819.2
2.355375 146529.6
2.367899 144976.0
2.379642 146666.8
2.391327 146392.4
2.403005 146255.2
2.423363 143447.2
2.435282 143616.0
2.447308 143464.8
2.459558 143344.0
2.484195 143464.8
2.496628 143600.4
2.508599 144038.4
2.520479 143058.0
2.532345 144160.0
2.544243 144024.0
2.556255 144568.0
2.568224 143600.4
2.580469 144584.0
2.592518 144024.0
2.604511 144296.0
2.616378 144720.4
2.628255 144024.0
2.640134 143480.0
2.652005 144024.0
2.663829 143464.8
2.675700 144024.0
2.687548 143871.6
2.699413 144871.2
2.711343 144311.2
2.723332 143888.0
2.735304 144160.0
2.747279 143736.0
2.759293 143600.4
2.771353 144432.0
2.783383 143902.0
2.795347 144296.0
2.807312 144720.4
2.819294 143888.0
2.831281 144296.0
2.843398 143888.0
2.856097 143329.2
2.867988 144296.0
2.879788 145828.8
2.891558 145965.6
2.903308 145828.8
2.915006 145129.6
2.926705 145555.2
2.938447 145692.0
2.950338 144704.0
2.962221 146255.2
2.974006 145828.8
2.985713 146255.2
2.997473 146255.2
3.009246 145965.6
3.020968 145965.6
3.032638 146392.4
3.044342 145555.2
3.056022 146544.0
3.067714 146819.2
3.079358 146102.4
3.091069 146529.6
3.102953 145980.8
3.114805 146118.0
3.126593 145980.8
3.138320 146819.2
3.150033 146956.8
3.161741 146666.8
3.173538 147094.4
3.185365 146819.2
3.197115 144432.0
3.208940 145144.8
3.220745 144447.6
3.232519 144447.6
3.244368 143888.0
3.256214 144024.0
3.268038 145538.8
3.279820 143600.4
3.291728 144142.8
3.303532 145828.8
3.315304 146666.8
3.327052 145965.6
3.338841 145692.0
3.350690 145402.4
3.362343 146118.0
3.374089 145828.8
3.385874 146392.4
3.397660 146255.2
3.409448 145828.8
3.421138 145828.8
3.432916 146392.4
3.444592 146392.4
3.456290 145692.0
3.467965 146268.8
3.479648 146255.2
3.491340 146819.2
3.502983 146392.4
3.514816 146819.2
3.526611 146819.2
3.538333 146666.8
3.550035 146819.2
3.561731 146392.4
3.573541 146529.6
3.585292 145828.8
3.596978 146529.6
3.608605 145828.8
3.620312 145555.2
3.631985 147094.4
3.643760 145129.6
3.655484 145828.8
3.669589 144704.0
3.682230 147094.4
3.694083 144460.8
3.705956 145555.2
3.717705 146131.2
3.729556 145266.0
3.741271 145129.6
3.763503 144432.0
3.775427 145675.2
3.787098 145402.4
3.798880 146392.4
3.810648 144296.0
3.822488 144160.0
3.834403 146255.2
3.846071 146529.6
3.857710 146392.4
3.869497 145965.6
3.881799 146681.6
3.893634 144160.0
3.905632 144447.6
3.917594 146666.8
3.929340 147094.4
3.941027 146956.8
3.952714 146255.2
3.964455 146392.4
3.976132 145965.6
3.987814 145266.0
3.999493 145555.2
4.011258 144856.8
4.025399 144432.0
4.037204 146666.8
4.048878 146666.8
4.060548 145965.6
4.072218 145965.6
4.092444 143988.0
4.104191 144840.0
4.115897 146255.2
4.127532 146392.4
4.139279 146255.2
4.150986 146392.4
4.162705 146392.4
4.174460 146956.8
4.186284 146666.8
4.198083 146819.2
4.209783 146666.8
4.221560 147094.4
4.233364 146666.8
4.245029 146529.6
4.256720 146392.4
4.268356 145965.6
4.280060 145965.6
4.291788 145828.8
4.303504 145418.4
4.315275 145266.0
4.327002 145706.4
4.338655 146118.0
4.350560 144704.0
4.362270 146544.0
4.374705 144856.8
4.388798 146529.6
4.400497 146392.4
4.412182 145281.6
4.434407 143736.0
4.446652 143888.0
4.458716 143600.4
4.470680 143888.0
4.482580 143464.8
4.494769 144160.0
4.506827 144024.0
4.519049 143480.0
4.531360 144160.0
4.543707 143736.0
4.556034 144160.0
