# 1396597562.538893
0.052908 145418.4
0.064743 145144.8
0.079033 144296.0
0.091051 145965.6
0.104662 144584.0
0.116472 145144.8
0.128291 145675.2
0.140595 145555.2
0.154051 145828.8
0.165977 145965.6
0.177811 145965.6
0.190526 145538.8
0.204083 145281.6
0.215902 145266.0
0.227841 145965.6
0.241451 145675.2
0.255109 145281.6
0.267012 146376.0
0.279240 145692.0
0.293154 145266.0
0.304941 145692.0
0.316941 146666.8
0.328799 145965.6
0.343080 145965.6
0.354868 146118.0
0.366811 146102.4
0.380112 145965.6
0.393177 145692.0
0.405141 146392.4
0.417022 146239.2
0.429056 145675.2
0.443467 145418.4
0.455293 145692.0
0.467149 145965.6
0.479373 145266.0
0.493109 145281.6
0.504897 144432.0
0.516891 146666.8
0.529010 146529.6
0.542868 144993.2
0.554835 145129.6
0.567966 146392.4
0.580517 145965.6
0.593864 145266.0
0.605956 145965.6
0.617722 145828.8
0.630305 145692.0
0.643860 146118.0
0.656162 145828.8
0.667959 146819.2
0.680267 145965.6
0.694015 145828.8
0.705904 145828.8
0.717932 146392.4
0.731249 145538.8
0.744682 145692.0
0.756448 145418.4
0.768471 145692.0
0.783197 146255.2
0.795086 145843.6
0.808072 145965.6
0.819890 145555.2
0.833435 146102.4
0.845363 145692.0
0.857271 146102.4
0.871026 144976.0
0.884579 146392.4
0.896510 145555.2
0.909951 145965.6
0.923513 145538.8
0.935313 145692.0
0.947239 146102.4
0.960779 145129.6
0.974609 145828.8
0.986669 145980.8
1.000142 145555.2
1.013877 146392.4
1.025653 145828.8
1.041756 144993.2
1.053656 146102.4
1.065445 145129.6
1.077984 145965.6
1.093369 144856.8
1.105185 144856.8
1.117394 146392.4
1.130753 145112.0
1.144428 145555.2
1.156206 145402.4
1.168281 145980.8
1.183282 145692.0
1.202840 144993.2
1.214881 144584.0
1.226900 145418.4
1.239072 144584.0
1.251337 145144.8
1.263505 144856.8
1.275632 144856.8
1.287668 145418.4
1.299659 146118.0
1.311570 144993.2
1.332357 145418.4
1.344343 145706.4
1.356187 145692.0
1.368494 145692.0
1.380363 144871.2
1.392392 145129.6
1.404269 145965.6
1.416102 145692.0
1.427951 145555.2
1.439856 145281.6
1.451706 145008.0
1.463585 145555.2
1.475545 145418.4
1.489361 145692.0
1.501338 145843.6
1.513180 145993.6
1.525211 145692.0
1.539472 144993.2
1.552171 145418.4
1.564037 145555.2
1.575906 145706.4
1.587766 144584.0
1.599591 145281.6
1.611595 145555.2
1.623481 145555.2
1.635343 144597.6
1.647973 145266.0
1.662615 145129.6
1.674476 145281.6
1.691716 144584.0
1.703495 145008.0
1.715363 144720.4
1.727292 145555.2
1.739202 145418.4
1.752830 145828.8
1.764661 145965.6
1.776541 145129.6
1.788375 144720.4
1.800256 145718.4
1.812116 144993.2
1.824343 144993.2
1.836196 143329.2
1.848093 144584.0
1.859853 144447.6
1.871701 144856.8
1.883582 145965.6
1.895390 142108.8
1.907172 145418.4
1.919101 145828.8
1.930937 145843.6
1.942843 144311.2
1.954894 145129.6
1.966765 145538.8
1.978778 144311.2
1.990823 145281.6
2.002933 145144.8
2.014819 142515.6
2.026908 145144.8
2.038828 144324.0
2.050898 145129.6
2.062887 142906.4
2.074951 144050.4
2.086889 144038.4
2.099155 144311.2
2.111021 145266.0
2.125065 145538.8
2.136899 146392.4
2.148713 146529.6
2.160590 145692.0
2.173423 145828.8
2.185184 145965.6
2.197298 145538.8
2.210503 145555.2
2.224339 145692.0
2.236155 146392.4
2.248214 145555.2
2.263236 145980.8
2.275057 145402.4
2.287071 145965.6
2.300431 146529.6
2.313831 145555.2
2.325868 145965.6
2.339025 146118.0
2.353163 145828.8
2.365148 145828.8
2.377499 145555.2
2.391301 146102.4
2.404673 145129.6
2.416545 145828.8
2.430063 144976.0
2.443676 145980.8
2.455504 145706.4
2.467354 145129.6
2.480791 145692.0
2.494498 146255.2
2.506343 145692.0
2.520093 145828.8
2.533385 144720.4
2.545122 145144.8
2.557850 145538.8
2.576699 145555.2
2.588814 145266.0
2.603332 145144.8
2.615174 145418.4
2.627053 145266.0
2.638982 145555.2
2.653390 146392.4
2.665264 146255.2
2.677208 145569.2
2.689426 145692.0
2.703176 146102.4
2.715039 145980.8
2.726836 145692.0
2.739002 145980.8
2.753244 145828.8
2.765236 145828.8
2.777036 146392.4
2.789383 145692.0
2.803296 146118.0
2.815163 145008.0
2.827509 146102.4
2.840856 145129.6
2.854715 145828.8
2.868741 146255.2
2.880928 145965.6
2.894499 145828.8
2.906413 145692.0
2.918790 145965.6
2.932807 145980.8
2.944603 145843.6
2.956419 146255.2
2.968426 145965.6
2.981463 146084.4
2.995068 145129.6
3.006978 145538.8
3.019109 146544.0
3.033140 145965.6
3.044894 145129.6
3.056770 145965.6
3.068877 145555.2
3.083314 145144.8
3.095148 145129.6
3.107070 145675.2
3.120534 145828.8
3.134391 145828.8
3.146257 145538.8
3.158591 145266.0
3.173370 145555.2
3.185335 145129.6
3.197462 145418.4
3.209375 144447.6
3.221613 144993.2
3.233630 144871.2
3.245723 144993.2
3.257768 145281.6
3.270325 144856.8
3.282537 145008.0
3.294550 144856.8
3.306439 144993.2
3.318765 145281.6
3.330649 145555.2
3.342840 145993.6
3.354875 145555.2
3.366828 145538.8
3.378880 145144.8
3.390870 145555.2
3.402885 145281.6
3.415053 145402.4
3.427059 145418.4
3.439086 144584.0
3.451051 145281.6
3.463224 145692.0
3.475477 146239.2
3.489960 145980.8
3.502129 145129.6
3.513978 146255.2
3.526073 144993.2
3.537946 145129.6
3.550119 144871.2
3.562046 145266.0
3.574278 145281.6
3.586185 144568.0
3.598619 145008.0
3.610500 145129.6
3.622531 145129.6
3.634448 144734.4
3.646471 144976.0
3.658312 145129.6
3.670221 145129.6
3.682045 145692.0
3.694108 145281.6
3.705959 145129.6
3.717960 146118.0
3.729809 145402.4
3.741811 144584.0
3.753750 145266.0
3.765677 145402.4
3.777596 145418.4
3.789487 145294.8
3.801447 144993.2
3.821362 145692.0
3.833901 144993.2
3.846202 145828.8
3.858178 145555.2
3.870261 145828.8
3.882114 145692.0
3.894258 144993.2
3.906107 144993.2
3.918273 145980.8
3.930086 146268.8
3.942078 145828.8
3.953944 145965.6
3.965821 145980.8
3.977683 146118.0
3.989681 144024.0
4.001775 145418.4
4.014485 144871.2
4.026706 145144.8
4.038855 145266.0
4.053430 145828.8
4.065242 145418.4
4.078238 145828.8
4.093385 145266.0
4.105208 145555.2
4.117235 145129.6
4.130577 145692.0
4.144342 145965.6
4.156223 145538.8
4.169353 146102.4
4.183176 145144.8
4.195114 144704.0
4.207117 145538.8
4.220528 145129.6
4.233707 146102.4
4.245611 145965.6
4.258959 145692.0
4.273300 145555.2
4.285318 145828.8
4.297196 145828.8
4.309037 145555.2
4.322010 145129.6
4.333946 146239.2
4.345768 146255.2
4.357656 145828.8
4.369897 145402.4
4.383805 145965.6
4.395626 145144.8
4.407533 145538.8
4.420635 145112.0
4.434108 145965.6
4.446182 145402.4
4.458152 145555.2
4.473259 145828.8
4.485135 145555.2
4.496982 145965.6
4.510685 145692.0
4.524285 146255.2
4.536406 144840.0
4.548263 146084.4
4.562440 145008.0
4.574377 145266.0
4.586236 145129.6
4.598414 144296.0
4.610644 145555.2
4.622607 145675.2
4.643490 144174.8
4.655295 145144.8
4.667180 144840.0
4.678957 144993.2
4.690778 145555.2
4.703098 145675.2
4.716295 145692.0
4.728483 145569.2
4.740279 145843.6
4.752703 144311.2
4.764914 145266.0
4.776850 145843.6
4.788679 145965.6
4.803512 145828.8
4.815332 145828.8
4.827220 146102.4
4.839666 145555.2
4.853239 145828.8
4.865040 146255.2
4.876854 145129.6
4.889000 145129.6
4.903133 145281.6
4.915118 145266.0
4.927004 146102.4
4.939192 145538.8
4.953070 145828.8
4.964845 145965.6
4.976798 145965.6
4.988893 145402.4
5.003206 144856.8
5.015150 145402.4
5.027191 145555.2
5.040780 145828.8
5.054560 145828.8
5.066362 146102.4
5.085115 145129.6
5.097599 145965.6
5.111394 145266.0
5.124517 145965.6
5.136366 145828.8
5.148547 145828.8
5.163498 145129.6
5.175310 145266.0
5.187242 144993.2
5.199167 145144.8
5.211571 144856.8
5.223617 144584.0
5.235650 144296.0
5.247899 144432.0
5.260023 144720.4
5.272277 144993.2
5.284285 145144.8
5.296295 146102.4
5.308114 144993.2
5.319972 146255.2
5.331876 145538.8
5.343748 145281.6
5.355644 145008.0
5.367514 145965.6
5.379464 145555.2
5.391487 145144.8
5.403348 145281.6
5.415303 145555.2
5.427247 145692.0
5.439132 145980.8
5.451281 145555.2
5.463155 145129.6
5.475107 145281.6
5.487100 144856.8
5.499094 145418.4
5.511195 145418.4
5.523183 144568.0
5.535082 145692.0
5.547104 145692.0
5.560560 145692.0
5.573699 145965.6
5.586606 145692.0
5.598578 145555.2
5.611257 145418.4
5.624730 145965.6
5.636635 145692.0
5.648787 145402.4
5.663280 145965.6
5.675239 145129.6
5.687087 145692.0
5.699266 145129.6
5.713088 145675.2
5.724883 146392.4
5.736671 145555.2
5.748829 145811.6
5.763862 145828.8
5.775645 145402.4
5.787590 145538.8
5.801190 145538.8
5.814771 145418.4
5.826671 145538.8
5.840151 145692.0
5.853775 145692.0
5.865588 145281.6
5.877600 144704.0
5.890881 145266.0
5.904657 145402.4
5.916468 145965.6
5.929807 145248.0
5.943633 145692.0
5.955399 145402.4
5.967469 145538.8
5.979357 145555.2
5.994275 146255.2
6.006300 144584.0
6.018199 145538.8
6.033331 145675.2
6.045140 145828.8
6.056939 145828.8
6.069042 145555.2
6.083386 144720.4
6.095273 144993.2
6.107929 145402.4
6.119760 145129.6
6.133611 146102.4
6.145425 146118.0
6.157202 145965.6
6.170297 145965.6
6.184141 145555.2
6.196027 145555.2
6.207967 146102.4
6.223309 145418.4
6.235297 145538.8
6.247381 146392.4
6.260784 145675.2
6.274294 145692.0
6.286407 145402.4
6.299653 145555.2
6.313239 146102.4
6.325050 146102.4
6.342634 144976.0
6.355044 145965.6
6.367049 145980.8
6.380038 145965.6
6.393548 145828.8
6.405556 145965.6
6.417338 146392.4
6.430815 145129.6
6.444579 145828.8
6.456454 145402.4
6.468507 145980.8
6.483439 145828.8
6.495300 144993.2
6.507350 145538.8
6.520872 145828.8
6.534724 145129.6
6.546445 145402.4
6.559931 145828.8
6.571796 145965.6
6.584367 145281.6
6.596171 144993.2
6.608182 145538.8
6.623358 145828.8
6.635361 145418.4
6.647221 146102.4
6.659399 145965.6
6.673056 145965.6
6.684918 145980.8
6.696697 145965.6
6.709972 145112.0
6.723478 145418.4
6.735321 145706.4
6.747377 145384.0
6.760921 144568.0
6.774936 146102.4
6.788763 145828.8
6.801347 146392.4
6.815106 145008.0
6.827088 145538.8
6.852072 145828.8
6.864320 145266.0
6.876177 145692.0
6.888014 145266.0
6.899823 145965.6
6.911745 145129.6
6.923665 144720.4
6.935494 144720.4
6.947371 145418.4
6.959252 145418.4
6.971414 144584.0
6.985308 144993.2
6.997628 144993.2
7.009548 143717.6
7.021666 143193.6
7.033510 142636.0
7.045246 145692.0
7.057075 144460.8
7.068977 144993.2
7.080789 145402.4
7.092679 146255.2
7.104558 145281.6
7.116361 142906.4
7.128296 141674.8
7.140231 143736.0
7.152340 143041.6
7.166727 145281.6
7.181321 145828.8
7.202530 144704.0
7.214642 144584.0
7.226685 145129.6
7.238923 144311.2
7.250854 144704.0
7.263031 144160.0
7.275001 144993.2
7.287425 144720.4
7.299456 145555.2
7.311493 145008.0
7.323421 145281.6
7.335300 145555.2
7.347330 145555.2
7.359279 144584.0
7.371446 145692.0
7.383298 145828.8
7.395318 145129.6
7.407263 144993.2
7.419312 145144.8
7.431413 145555.2
7.443414 145965.6
7.455256 145555.2
7.467280 145418.4
7.479281 145266.0
7.491441 144584.0
7.503306 144840.0
7.515330 145692.0
7.527257 145706.4
7.539155 145266.0
7.551237 147108.0
7.563167 145418.4
7.575489 146118.0
7.587898 145965.6
7.607073 144856.8
7.621908 145129.6
7.633626 145129.6
7.651492 145856.0
7.663405 144856.8
7.675453 145965.6
7.687376 145965.6
7.700549 145555.2
7.713928 145828.8
7.725800 145965.6
7.737751 145828.8
7.753381 145828.8
7.765197 145828.8
7.777056 145555.2
7.790591 145538.8
7.804152 145828.8
7.816036 145828.8
7.828113 145965.6
7.843416 145828.8
7.855216 145402.4
7.867201 145555.2
7.880827 145555.2
7.894562 145538.8
7.906401 145129.6
7.920078 145965.6
7.933751 146102.4
7.945604 145828.8
7.957723 144704.0
7.971276 144584.0
7.983304 146239.2
7.995344 145266.0
8.014557 145281.6
8.026320 144840.0
8.038599 144856.8
8.053676 144856.8
8.065484 145144.8
8.077647 145555.2
