# 1395524907.484003
0.013399 0.0
0.024757 0.0
0.036073 0.0
0.047395 0.0
0.058705 0.0
0.070024 0.0
0.081360 0.0
0.092676 0.0
0.103978 0.0
0.115290 0.0
0.126601 0.0
0.137931 0.0
0.149240 0.0
0.160543 0.0
0.171873 0.0
0.183178 0.0
0.194488 0.0
0.205784 0.0
0.217126 0.0
0.228444 0.0
0.239748 0.0
0.251050 0.0
0.262354 0.0
0.273638 0.0
0.284955 0.0
0.296300 0.0
0.307668 0.0
0.318972 0.0
0.330282 0.0
0.341582 0.0
0.352906 0.0
0.364219 0.0
0.375536 0.0
0.386845 0.0
0.398178 0.0
0.409502 0.0
0.420810 0.0
0.432120 0.0
0.443422 0.0
0.454725 0.0
0.466030 0.0
0.477385 0.0
0.488705 0.0
0.500016 0.0
0.511317 0.0
0.522623 0.0
0.536645 0.0
0.548042 0.0
0.559355 0.0
0.570671 0.0
0.581989 0.0
0.593299 0.0
0.604604 0.0
0.615900 0.0
0.627225 0.0
0.638535 0.0
0.649836 0.0
0.661158 0.0
0.672467 0.0
0.683762 0.0
0.695061 0.0
0.706368 0.0
0.717685 0.0
0.729040 0.0
0.740371 0.0
0.751673 0.0
0.762988 0.0
0.774298 0.0
0.785607 0.0
0.796952 0.0
0.808298 0.0
0.819608 0.0
0.830919 0.0
0.842220 0.0
0.853520 0.0
0.864834 0.0
0.876142 0.0
0.887465 0.0
0.898775 0.0
0.910089 0.0
0.921398 0.0
0.932706 0.0
0.944011 0.0
0.955317 0.0
0.966619 0.0
0.977948 0.0
0.989262 0.0
1.000575 0.0
1.011910 0.0
1.023199 0.0
1.034505 0.0
1.045811 0.0
1.057142 0.0
1.068455 0.0
1.079757 0.0
1.091074 0.0
1.102368 0.0
1.113671 0.0
1.124977 0.0
1.136308 0.0
1.149949 0.0
1.161319 0.0
1.172662 0.0
1.183984 0.0
1.195297 0.0
1.206614 0.0
1.217945 0.0
1.229264 0.0
1.240586 0.0
1.251911 0.0
1.263219 0.0
1.274520 0.0
1.285844 0.0
1.297207 0.0
1.308543 0.0
1.319856 0.0
1.331183 0.0
1.342492 0.0
1.353813 0.0
1.365144 0.0
1.376527 0.0
1.387845 0.0
1.399144 0.0
1.410459 0.0
1.421780 0.0
1.433112 0.0
1.444418 0.0
1.455720 0.0
1.467041 0.0
1.478389 0.0
1.489731 0.0
1.501047 0.0
1.512386 0.0
1.523686 0.0
1.534996 0.0
1.546309 0.0
1.557632 0.0
1.568986 0.0
1.580304 0.0
1.591630 0.0
1.602962 0.0
1.614287 0.0
1.625594 0.0
1.636943 0.0
1.648261 0.0
1.659600 0.0
1.670901 0.0
1.682207 0.0
1.693520 0.0
1.704832 0.0
1.716158 0.0
1.727494 0.0
1.738815 0.0
1.750131 0.0
1.761461 0.0
1.772758 0.0
1.784061 0.0
1.795371 0.0
1.806676 0.0
1.818008 0.0
1.829329 0.0
1.840651 0.0
1.851968 0.0
1.863275 0.0
1.874599 0.0
1.885908 0.0
1.897243 0.0
1.908561 0.0
1.919868 0.0
1.931185 0.0
1.942495 0.0
1.953799 0.0
1.965108 0.0
1.976440 0.0
1.987759 0.0
1.999070 0.0
2.010387 0.0
2.021682 0.0
2.033026 0.0
2.044364 0.0
2.055744 0.0
2.067083 0.0
2.078421 0.0
2.089744 0.0
2.101061 0.0
2.112396 0.0
2.123699 0.0
2.135020 0.0
2.146331 0.0
2.157645 0.0
2.168976 0.0
2.180296 0.0
2.191604 0.0
2.202907 0.0
2.214217 0.0
2.225528 0.0
2.236838 0.0
2.248162 0.0
2.259471 0.0
2.270755 0.0
2.283932 0.0
2.295307 0.0
2.306641 0.0
2.317974 0.0
2.329298 0.0
2.340623 0.0
2.351930 0.0
2.363239 0.0
2.374550 0.0
2.385891 0.0
2.397217 0.0
2.408569 0.0
2.419882 0.0
2.431212 0.0
2.442519 0.0
2.453834 0.0
2.465178 0.0
2.476513 0.0
2.487848 0.0
2.499167 0.0
2.510486 0.0
2.521783 0.0
2.533113 0.0
2.544461 0.0
2.555790 0.0
2.567113 0.0
2.578443 0.0
2.589759 0.0
2.601092 0.0
2.612409 0.0
2.623739 0.0
2.635056 0.0
2.646371 0.0
2.657704 0.0
2.668988 0.0
2.680295 0.0
2.691612 0.0
2.702925 0.0
2.714231 0.0
2.725538 0.0
2.736872 0.0
2.748195 0.0
2.759504 0.0
2.770793 0.0
2.782118 0.0
2.793451 0.0
2.804752 0.0
2.816059 0.0
2.827384 0.0
2.838693 0.0
2.850014 0.0
2.861332 0.0
2.872664 0.0
2.883969 0.0
2.895281 0.0
2.906592 0.0
2.917913 0.0
2.929257 0.0
2.940589 0.0
2.951895 0.0
2.963214 0.0
2.974530 0.0
2.985846 0.0
2.997165 0.0
3.008520 0.0
3.019809 0.0
3.031129 0.0
3.042435 0.0
3.053749 0.0
3.065091 0.0
3.076397 0.0
3.087715 0.0
3.099030 0.0
3.110342 0.0
3.121675 0.0
3.133010 0.0
3.144319 0.0
3.155628 0.0
3.167092 0.0
3.178419 0.0
3.189735 0.0
3.201044 0.0
3.212371 0.0
3.223677 0.0
3.234991 0.0
3.246297 0.0
3.257633 0.0
3.268930 0.0
3.280253 0.0
3.291571 0.0
3.302893 0.0
3.314208 0.0
3.325516 0.0
3.336828 0.0
3.348142 0.0
3.359437 0.0
3.370753 0.0
3.382092 0.0
3.393413 0.0
3.404711 0.0
3.418035 0.0
3.429421 0.0
3.440736 0.0
3.452060 0.0
3.463375 0.0
3.474713 0.0
3.486022 0.0
3.497357 0.0
3.508675 0.0
3.519976 0.0
3.531308 0.0
3.542640 0.0
3.554009 0.0
3.565339 0.0
3.576681 0.0
3.588014 0.0
3.599320 0.0
3.610633 0.0
3.621957 0.0
3.633296 0.0
3.644593 0.0
3.655892 0.0
3.667208 0.0
3.678514 0.0
3.689863 0.0
3.701173 0.0
3.712474 0.0
3.723784 0.0
3.735106 0.0
3.746421 0.0
3.757753 0.0
3.769058 0.0
3.780374 0.0
3.791686 0.0
3.802974 0.0
3.814297 0.0
3.825633 0.0
3.836990 0.0
3.848313 0.0
3.859621 0.0
3.870935 0.0
3.882243 0.0
3.893559 0.0
3.904869 0.0
3.916180 0.0
3.927550 0.0
3.938872 0.0
3.950197 0.0
3.961525 0.0
3.972843 0.0
3.984148 0.0
3.995458 0.0
4.006761 0.0
4.018105 0.0
4.029461 0.0
4.040789 0.0
4.052096 0.0
4.063400 0.0
4.074706 0.0
4.086006 0.0
4.097365 0.0
4.108676 0.0
4.119982 0.0
4.131304 0.0
4.142637 0.0
4.153947 0.0
4.165248 0.0
4.176599 0.0
4.187921 0.0
4.199232 0.0
4.210552 0.0
4.221871 0.0
4.233222 0.0
4.244526 0.0
4.255824 0.0
4.267140 0.0
4.278492 0.0
4.289812 0.0
4.301144 0.0
4.312461 0.0
4.323770 0.0
4.335076 0.0
4.346384 0.0
4.357695 0.0
4.369016 0.0
4.380345 0.0
4.391670 0.0
4.402988 0.0
4.414303 0.0
4.425618 0.0
4.436970 0.0
4.448300 0.0
4.459657 0.0
4.470990 0.0
4.482293 0.0
4.493621 0.0
4.504930 0.0
4.516242 0.0
4.527588 0.0
4.538904 0.0
4.552021 0.0
4.563393 0.0
4.574703 0.0
4.586021 0.0
4.597339 0.0
4.608696 0.0
4.620013 0.0
4.631328 0.0
4.642635 0.0
4.653956 0.0
4.665292 0.0
4.676595 0.0
4.687918 0.0
4.699264 0.0
4.710574 0.0
4.721887 0.0
4.733217 0.0
4.744536 0.0
4.755857 0.0
4.767169 0.0
4.778496 0.0
4.789811 0.0
4.801128 0.0
4.812447 0.0
4.823772 0.0
4.835088 0.0
4.846406 0.0
4.857751 0.0
4.869071 0.0
4.880374 0.0
4.891710 0.0
4.903019 0.0
4.914334 0.0
4.925626 0.0
4.936989 0.0
4.948313 0.0
4.959617 0.0
4.970946 0.0
4.982270 0.0
4.993583 0.0
5.004889 0.0
5.016197 0.0
5.027553 0.0
5.041910 0.0
5.053313 0.0
5.064673 0.0
5.075980 0.0
5.087303 0.0
5.098614 0.0
5.109931 0.0
5.121235 0.0
5.132563 0.0
5.143878 0.0
5.155187 0.0
5.166508 0.0
5.177883 0.0
5.189201 0.0
5.200509 0.0
5.211826 0.0
5.223135 0.0
5.234447 0.0
5.245748 0.0
5.257100 0.0
5.268404 0.0
5.279753 0.0
5.292189 0.0
5.306449 0.0
5.317781 0.0
5.329106 0.0
5.340427 0.0
5.351733 0.0
5.363040 0.0
5.374642 0.0
5.386277 0.0
5.397615 0.0
5.408946 0.0
5.420254 0.0
5.431559 0.0
5.442863 0.0
5.454180 0.0
5.465498 0.0
5.476834 0.0
5.488151 0.0
5.499465 0.0
5.510775 0.0
5.522066 0.0
5.533391 0.0
5.544748 0.0
5.556059 0.0
5.567387 0.0
5.578707 0.0
5.590038 0.0
5.601394 0.0
5.612716 0.0
5.624020 0.0
5.635328 0.0
5.646649 0.0
5.657982 0.0
5.669293 0.0
5.680597 0.0
5.693722 0.0
5.705099 0.0
5.716406 0.0
5.727778 0.0
5.739117 0.0
5.750450 0.0
5.761770 0.0
5.773061 0.0
5.784371 0.0
5.795697 0.0
5.807020 0.0
5.818335 0.0
5.829656 0.0
5.840989 0.0
5.852302 0.0
5.863615 0.0
5.874928 0.0
5.886243 0.0
5.897588 0.0
5.908910 0.0
5.920216 0.0
5.931539 0.0
5.942851 0.0
5.954160 0.0
5.965485 0.0
5.976834 0.0
5.988155 0.0
5.999463 0.0
6.010782 0.0
6.022071 0.0
6.033430 0.0
6.044750 0.0
6.056035 0.0
6.067369 0.0
6.078703 0.0
6.090023 0.0
6.101337 0.0
6.112652 0.0
6.123958 0.0
6.135268 0.0
6.146571 0.0
6.157880 0.0
6.169220 0.0
6.180540 0.0
6.191845 0.0
6.203170 0.0
6.214484 0.0
6.225805 0.0
6.237135 0.0
6.248449 0.0
6.259763 0.0
6.271057 0.0
6.282359 0.0
6.293679 0.0
6.305023 0.0
6.316336 0.0
6.327651 0.0
6.338968 0.0
6.350283 0.0
6.361590 0.0
6.372896 0.0
6.384210 0.0
6.395537 0.0
6.406863 0.0
6.418188 0.0
6.429510 0.0
6.440845 0.0
6.452142 0.0
6.463460 0.0
6.474782 0.0
6.486097 0.0
6.497450 0.0
6.508760 0.0
6.520056 0.0
6.531366 0.0
6.543536 0.0
6.554928 0.0
6.566238 0.0
6.577600 0.0
6.588908 0.0
6.600214 0.0
6.611511 0.0
6.622838 0.0
6.634158 0.0
6.645462 0.0
6.656761 0.0
6.668116 0.0
6.679436 0.0
6.690737 0.0
6.702061 0.0
6.713374 0.0
6.724681 0.0
6.735995 0.0
6.747328 0.0
6.758640 0.0
6.769941 0.0
6.781265 0.0
6.792576 0.0
6.803881 0.0
6.815195 0.0
6.828416 0.0
6.839797 0.0
6.851111 0.0
6.862442 0.0
6.873760 0.0
6.885081 0.0
6.896389 0.0
6.907725 0.0
6.919029 0.0
6.930355 0.0
6.941671 0.0
6.953010 0.0
6.964320 0.0
6.975646 0.0
6.987012 0.0
6.998321 0.0
7.009634 0.0
7.020923 0.0
7.032246 0.0
7.043555 0.0
7.054886 0.0
7.066194 0.0
7.077545 0.0
7.088882 0.0
7.100215 0.0
7.111525 0.0
7.122836 0.0
7.134150 0.0
7.145495 0.0
7.156939 0.0
7.168289 0.0
7.179585 0.0
7.190918 0.0
7.202237 0.0
7.213550 0.0
7.224894 0.0
7.236199 0.0
7.247544 0.0
7.258861 0.0
7.270176 0.0
7.281545 0.0
7.292910 0.0
7.304252 0.0
7.315562 0.0
7.326898 0.0
7.338234 0.0
7.349555 0.0
7.360892 0.0
7.372193 0.0
7.383512 0.0
7.394837 0.0
7.406150 0.0
7.417473 0.0
7.428792 0.0
7.440145 0.0
7.451453 0.0
7.462800 0.0
7.474133 0.0
7.485448 0.0
7.496748 0.0
7.508112 0.0
7.519407 0.0
7.530721 0.0
7.542043 0.0
7.553373 0.0
7.564685 0.0
7.575988 0.0
7.587326 0.0
7.598638 0.0
7.609949 0.0
7.621259 0.0
7.632568 0.0
7.643876 0.0
7.655186 0.0
7.666491 0.0
7.677815 0.0
7.689129 0.0
7.700444 0.0
7.711742 0.0
7.723050 0.0
7.734368 0.0
7.745698 0.0
7.757018 0.0
7.768312 0.0
7.779634 0.0
7.790959 0.0
7.802273 0.0
7.813592 0.0
7.824928 0.0
7.836237 0.0
7.847554 0.0
7.858867 0.0
7.870185 0.0
7.881502 0.0
7.892810 0.0
7.904112 0.0
7.915421 0.0
7.926988 0.0
7.938341 0.0
7.949679 0.0
7.962924 0.0
7.974296 0.0
7.985622 0.0
7.996986 0.0
8.008295 0.0
8.019609 0.0
8.030919 0.0
8.045056 0.0
8.056447 0.0
8.067809 0.0
8.079121 0.0
8.090442 0.0
8.101765 0.0
8.113121 0.0
8.124431 0.0
8.135739 0.0
8.147064 0.0
8.158364 0.0
8.169733 0.0
8.181066 0.0
8.192372 0.0
8.203682 0.0
8.215013 0.0
8.226318 0.0
8.237656 0.0
8.248996 0.0
8.260313 0.0
8.271602 0.0
8.282893 0.0
8.294206 0.0
8.305547 0.0
8.316874 0.0
8.328181 0.0
8.339502 0.0
8.350816 0.0
8.362154 0.0
8.373462 0.0
8.384920 0.0
8.396421 0.0
8.407732 0.0
8.419045 0.0
8.430363 0.0
8.441668 0.0
8.452975 0.0
8.464284 0.0
8.475619 0.0
8.486967 0.0
8.498315 0.0
8.509629 0.0
8.520922 0.0
8.532238 0.0
8.543544 0.0
8.554838 0.0
8.566157 0.0
8.577518 0.0
8.588832 0.0
8.600140 0.0
8.611435 0.0
8.622757 0.0
8.634085 0.0
8.645392 0.0
8.656693 0.0
8.668024 0.0
8.679330 0.0
8.690647 0.0
8.701965 0.0
8.713352 0.0
8.724671 0.0
8.735990 0.0
8.747320 0.0
8.758634 0.0
8.769939 0.0
8.781260 0.0
8.792569 0.0
8.803875 0.0
8.815189 0.0
8.826500 0.0
8.837826 0.0
8.849171 0.0
8.860480 0.0
8.871786 0.0
8.883094 0.0
8.894400 0.0
8.905717 0.0
8.917045 0.0
8.928349 0.0
8.939664 0.0
8.951002 0.0
8.962342 0.0
8.973652 0.0
8.984962 0.0
8.996279 0.0
9.007589 0.0
9.018883 0.0
9.030203 0.0
9.041519 0.0
9.052832 0.0
9.064138 0.0
9.075447 0.0
9.086748 0.0
9.099926 0.0
9.111300 0.0
9.122620 0.0
9.133938 0.0
9.145267 0.0
9.156587 0.0
9.167929 0.0
9.179249 458.0
9.190579 0.0
9.201911 0.0
9.213221 0.0
9.224527 0.0
9.235839 0.0
9.247169 0.0
9.258485 0.0
9.269787 0.0
9.281185 0.0
9.292500 0.0
9.303841 0.0
9.315153 0.0
9.326463 0.0
9.337825 0.0
9.349136 0.0
9.360443 0.0
9.371758 0.0
9.383135 0.0
9.394454 0.0
9.405781 0.0
9.417124 0.0
9.428442 0.0
9.439772 0.0
9.451084 0.0
9.462397 0.0
9.473755 0.0
9.485065 0.0
9.496374 0.0
9.507710 0.0
9.519024 0.0
9.530342 0.0
9.541651 0.0
9.552996 0.0
9.564359 0.0
9.575665 0.0
9.587013 0.0
9.598356 0.0
9.609692 0.0
9.621010 0.0
9.632324 0.0
9.643634 0.0
9.654946 0.0
9.666285 0.0
9.677604 0.0
9.688908 0.0
9.700226 0.0
9.711538 0.0
9.722852 0.0
9.734279 0.0
9.745606 0.0
9.756962 0.0
9.768260 0.0
9.779582 0.0
9.790899 0.0
9.802221 0.0
9.813531 0.0
9.824880 0.0
9.836195 0.0
9.847534 0.0
9.858857 0.0
9.870175 0.0
9.881523 0.0
9.892827 0.0
9.904133 0.0
9.915436 0.0
9.926743 0.0
9.938102 0.0
9.949429 0.0
9.960736 0.0
9.972043 0.0
9.983350 0.0
9.994655 0.0
10.005963 0.0
10.017312 0.0
10.028638 0.0
10.039944 0.0
10.051245 0.0
10.062560 0.0
10.073901 0.0
10.085226 0.0
10.096547 0.0
10.107903 0.0
10.119213 0.0
10.130520 0.0
10.141831 0.0
10.153166 0.0
10.164475 0.0
10.175795 0.0
10.187128 0.0
10.198445 0.0
10.209784 0.0
10.221100 0.0
