# 1396598022.192575
0.049960 145692.0
0.066037 146118.0
0.083207 146118.0
0.095060 146681.6
0.114231 145828.8
0.132411 145980.8
0.144202 146131.2
0.156113 145008.0
0.168077 145692.0
0.183770 145692.0
0.202273 146681.6
0.214332 144720.4
0.226145 145129.6
0.242680 146255.2
0.254657 145965.6
0.274601 145538.8
0.293597 145555.2
0.305557 146529.6
0.322332 146118.0
0.334352 145418.4
0.362305 145965.6
0.382817 145692.0
0.394600 145555.2
0.414009 145555.2
0.425923 145980.8
0.442141 145692.0
0.453993 145843.6
0.473072 146406.4
0.484926 146819.2
0.502150 146118.0
0.514171 146118.0
0.525995 145692.0
0.558136 145144.8
0.570427 145418.4
0.582749 144720.4
0.594774 145008.0
0.606921 145281.6
0.618920 145144.8
0.630888 145281.6
0.642960 146819.2
0.654860 146118.0
0.666744 146131.2
0.679078 145281.6
0.690982 145294.8
0.702844 145008.0
0.714728 145418.4
0.726662 145692.0
0.738658 145281.6
0.750624 145418.4
0.762531 145980.8
0.774625 145432.0
0.786520 145281.6
0.798899 144871.2
0.810777 145843.6
0.822727 144993.2
0.834631 146819.2
0.846632 145706.4
0.858667 145418.4
0.870635 145555.2
0.882484 145144.8
0.894539 145281.6
0.906559 145980.8
0.918871 145418.4
0.930713 146681.6
0.942627 145692.0
0.954480 145843.6
0.966523 145418.4
0.986867 145692.0
1.006408 145266.0
1.025035 146392.4
1.048895 146118.0
1.060658 146681.6
1.072472 145692.0
1.084237 145828.8
1.096045 146392.4
1.115353 146544.0
1.133529 146118.0
1.147722 145828.8
1.166575 145418.4
1.185081 146118.0
1.204281 145828.8
1.224509 145569.2
1.236444 145675.2
1.252767 146512.8
1.272456 145706.4
1.284521 145965.6
1.304277 145843.6
1.316170 145538.8
1.335045 146118.0
1.353885 146255.2
1.366971 146118.0
1.385318 145965.6
1.407572 145418.4
1.419343 145980.8
1.431108 145980.8
1.444975 145432.0
1.457083 145555.2
1.476307 146392.4
1.494757 145538.8
1.513033 145281.6
1.528640 145008.0
1.541968 145555.2
1.557666 145706.4
1.571902 145281.6
1.590966 145555.2
1.603496 145555.2
1.615330 146255.2
1.627138 145843.6
1.653800 145692.0
1.665709 145706.4
1.684166 145980.8
1.695978 145843.6
1.719219 145692.0
1.732848 145828.8
1.744857 146255.2
1.765798 145843.6
1.781671 146118.0
1.802709 145281.6
1.814713 145266.0
1.834323 145555.2
1.846605 144993.2
1.865698 145402.4
1.885259 145555.2
1.902773 145569.2
1.914606 145418.4
1.926585 145965.6
1.948347 145569.2
1.963266 145692.0
1.975098 145692.0
1.993691 145980.8
2.005723 145843.6
2.024895 145965.6
2.044178 145980.8
2.064011 146118.0
2.075856 145843.6
2.094798 145692.0
2.113856 145706.4
2.125713 145538.8
2.143102 146239.2
2.154916 146392.4
2.173527 144856.8
2.208240 145692.0
2.228063 144993.2
2.239910 146681.6
2.251751 145432.0
2.263577 145432.0
2.275387 145432.0
2.287197 144734.4
2.299502 145418.4
2.311345 144883.2
2.323335 145418.4
2.335145 145418.4
2.347150 143736.0
2.359075 143072.0
2.370799 142636.0
2.382609 138661.2
2.394347 145843.6
2.406227 141674.8
2.418158 142922.4
2.430144 143312.0
2.442064 141944.4
2.454042 143208.0
2.466094 145281.6
2.478098 145281.6
2.490105 145144.8
2.505931 145828.8
2.524550 145980.8
2.539676 145157.6
2.551724 145129.6
2.564503 145294.8
2.576715 144993.2
2.588773 145157.6
2.601003 145980.8
2.613251 144856.8
2.625370 145281.6
2.637723 145706.4
2.649786 146255.2
2.661617 145555.2
2.673677 145980.8
2.685538 145706.4
2.698453 145843.6
2.710552 145706.4
2.722459 146118.0
2.734326 145706.4
2.746392 145144.8
2.758586 145418.4
2.770484 145706.4
2.782561 145692.0
2.798836 145418.4
2.811030 145843.6
2.822940 145008.0
2.834839 145418.4
2.846807 145281.6
2.858778 145706.4
2.870825 145418.4
2.882720 145418.4
2.894812 145294.8
2.906656 145843.6
2.918728 146681.6
2.932525 146255.2
2.948480 145144.8
2.961934 145843.6
2.973833 146255.2
2.992107 145692.0
3.003901 146406.4
3.022080 146255.2
3.034011 145418.4
3.045807 146131.2
3.061963 146118.0
3.073971 145980.8
3.093195 145965.6
3.106613 145843.6
3.125362 146392.4
3.142587 145281.6
3.154441 145843.6
3.173674 145980.8
3.187524 145418.4
3.206376 145555.2
3.223541 145692.0
3.235400 145418.4
3.256237 145555.2
3.275059 145965.6
3.290377 145144.8
3.303580 145706.4
3.315422 145692.0
3.334888 146118.0
3.353725 146102.4
3.367044 145692.0
3.385960 145828.8
3.402296 144584.0
3.414122 145402.4
3.433854 145418.4
3.452292 145692.0
3.464066 145692.0
3.475865 145828.8
3.498009 145281.6
3.530472 145418.4
3.542685 145980.8
3.565010 145418.4
3.583574 144568.0
3.605027 145418.4
3.617701 145418.4
3.634044 145281.6
3.653045 145980.8
3.666290 146544.0
3.684657 145706.4
3.696442 146392.4
3.712102 145980.8
3.732517 145432.0
3.744332 145129.6
3.764608 145144.8
3.776434 144993.2
3.795624 145555.2
3.814787 146255.2
3.833822 145980.8
3.857862 145008.0
3.873628 144993.2
3.886785 144856.8
3.900911 145418.4
3.913011 144734.4
3.924871 145281.6
3.937253 144871.2
3.949107 145418.4
3.961201 145843.6
3.973146 144324.0
3.985204 145281.6
3.997272 144447.6
4.009294 145692.0
4.021278 145692.0
4.033283 145432.0
4.045160 144447.6
4.057292 145144.8
4.069379 144856.8
4.081374 144993.2
4.093293 145555.2
4.105320 144311.2
4.117201 144720.4
4.129438 145432.0
4.141356 145266.0
4.153314 145418.4
4.165290 146131.2
4.177288 145418.4
4.189336 145418.4
4.201311 146268.8
4.213162 146131.2
4.225196 145418.4
4.237034 145555.2
4.248996 146255.2
4.260791 146268.8
4.272647 145157.6
4.284582 145144.8
4.296554 144993.2
4.309465 145266.0
4.321399 146255.2
4.337165 145555.2
4.356436 145008.0
4.374434 145706.4
4.386481 145828.8
4.403318 145555.2
4.415198 145281.6
4.438694 144720.4
4.451828 145432.0
4.464092 145843.6
4.482229 145692.0
4.494033 146544.0
4.506045 145569.2
4.522724 145555.2
4.534830 145144.8
4.546744 144720.4
4.558993 144871.2
4.572832 145706.4
4.585173 144871.2
4.597133 144856.8
4.609442 144871.2
4.621537 144993.2
4.633676 144038.4
4.645732 146406.4
4.657720 145843.6
4.669611 145856.0
4.681548 146118.0
4.693390 145555.2
4.705354 145692.0
4.717222 145993.6
4.734102 146118.0
4.746088 145980.8
4.765529 146255.2
4.784579 145692.0
4.803367 146118.0
4.825935 145418.4
4.868795 145569.2
4.880786 145305.6
4.892740 145538.8
4.904709 145828.8
4.916485 145555.2
4.933457 145692.0
4.948877 144584.0
4.960727 145281.6
4.972504 145144.8
4.984365 145281.6
4.996537 144324.0
5.009163 145402.4
5.021039 145418.4
5.033383 145418.4
5.046949 145993.6
5.058795 145281.6
5.070995 145843.6
5.082887 146956.8
5.103468 146118.0
5.115337 146392.4
5.134397 145555.2
5.154187 145432.0
5.166060 145692.0
5.185437 146118.0
5.204275 146255.2
5.222915 144720.4
5.234691 145281.6
5.246551 145418.4
5.263135 145965.6
5.282359 145569.2
5.294248 145965.6
5.312502 145281.6
5.324351 145418.4
5.336185 145828.8
5.348096 145555.2
5.363849 145692.0
5.382922 145281.6
5.394775 145569.2
5.414224 145980.8
5.426136 145692.0
5.445037 145965.6
5.464187 145008.0
5.476041 145418.4
5.495283 145418.4
5.513489 145555.2
5.525304 146118.0
5.537978 145432.0
5.556713 146406.4
5.574361 146118.0
5.586272 146255.2
5.602937 145692.0
5.614911 145828.8
5.635576 145692.0
5.652302 146255.2
5.669559 145706.4
5.682852 145692.0
5.694726 144856.8
5.713084 146118.0
5.724932 145843.6
5.736806 144993.2
5.751254 144584.0
5.771464 145993.6
5.783302 145144.8
5.796192 146268.8
5.815138 145965.6
5.833243 146118.0
5.845365 144734.4
5.868074 145418.4
5.880419 146118.0
5.892316 145281.6
5.904181 145157.6
5.938055 145281.6
5.950485 145144.8
5.962422 144871.2
5.974274 145008.0
5.986192 144856.8
5.998055 145129.6
6.010401 145843.6
6.022363 145843.6
6.034323 143041.6
6.046205 144447.6
6.058054 144311.2
6.069824 145144.8
6.081568 139910.4
6.093329 144447.6
6.105424 146255.2
6.117251 146131.2
6.129367 144720.4
6.141246 145294.8
6.153466 142108.8
6.165391 142636.0
6.177622 141824.8
6.189580 143058.0
6.203134 144050.4
6.215276 145692.0
6.227142 146392.4
6.246470 144856.8
6.263622 145555.2
6.275438 145980.8
6.287277 145281.6
6.314458 145418.4
6.326302 146118.0
6.343035 145980.8
6.355387 145281.6
6.367807 145965.6
6.394582 146118.0
6.406423 145281.6
6.425857 145418.4
6.444732 145144.8
6.463752 145692.0
6.484369 145008.0
6.496203 145418.4
6.515389 145418.4
6.534486 145555.2
6.546542 144447.6
6.558484 145281.6
6.570587 145008.0
6.582992 144734.4
6.595186 145706.4
6.607294 144993.2
6.619415 145418.4
6.631541 145828.8
6.644278 146544.0
6.656145 145555.2
6.668053 145281.6
6.683398 145555.2
6.698793 145706.4
6.710660 145980.8
6.722701 145980.8
6.734529 146255.2
6.746435 146118.0
6.766945 145402.4
6.785914 145266.0
6.804466 145692.0
6.816255 145692.0
6.832052 146118.0
6.843861 146681.6
6.863214 145555.2
6.883416 145418.4
6.895759 144871.2
6.907670 145692.0
6.925287 145692.0
6.937317 145828.8
6.956557 145538.8
6.975003 145538.8
6.993800 145993.6
7.014448 145555.2
7.026454 145843.6
7.045761 145555.2
7.064947 145555.2
7.083806 146118.0
7.097780 144704.0
7.116294 145965.6
7.132403 146392.4
7.152533 146255.2
7.164441 145965.6
7.182645 145980.8
7.194488 145993.6
7.206347 145418.4
7.218360 145828.8
7.234200 146392.4
7.252908 145980.8
7.264701 145555.2
7.276530 145828.8
7.293165 146255.2
7.312102 146406.4
7.323917 145706.4
7.341931 145555.2
7.353752 145692.0
7.365613 146255.2
7.377657 144856.8
7.406008 144993.2
7.425259 145008.0
7.437121 144856.8
7.473994 145129.6
7.485845 145692.0
7.512838 146118.0
7.524674 145569.2
7.544204 146392.4
7.562747 145555.2
7.574885 145555.2
7.593572 146118.0
7.605420 145266.0
7.624735 146118.0
7.643566 146255.2
7.655424 145281.6
7.667319 145418.4
7.679950 145569.2
7.691846 145555.2
7.703585 145129.6
7.715443 145980.8
7.727304 145020.4
7.739279 144720.4
7.752972 144734.4
7.764823 144871.2
7.776648 145980.8
7.788603 143600.4
7.800708 145157.6
7.812661 145129.6
7.824503 144447.6
7.836312 143888.0
7.848145 141405.2
7.859874 145828.8
7.871697 146406.4
7.883591 145843.6
7.895452 142515.6
7.907517 143344.0
7.919462 143888.0
7.931425 142365.6
7.943400 143447.2
7.955235 145266.0
7.974036 145993.6
7.986061 145266.0
8.005293 146118.0
8.024316 145555.2
8.043115 145965.6
8.055128 145828.8
8.074020 146118.0
8.085894 145418.4
8.105351 145692.0
8.124399 146255.2
8.144704 145418.4
8.166120 146118.0
8.178047 144856.8
8.203151 145692.0
8.215155 144856.8
8.234770 145965.6
8.253477 146392.4
8.266996 145418.4
8.293667 146255.2
8.305666 145843.6
8.324996 145965.6
8.343569 145569.2
8.355373 145008.0
8.367328 145418.4
8.394259 145281.6
8.412376 145281.6
8.424228 145555.2
8.443970 146118.0
8.465435 145144.8
8.496997 145555.2
8.508898 145843.6
8.520785 145432.0
8.532667 144584.0
8.544673 145555.2
8.556549 145569.2
8.568777 145980.8
8.580713 145281.6
8.592677 145008.0
8.604616 145281.6
8.616469 144720.4
8.628513 145129.6
8.640430 144734.4
8.652389 144993.2
8.664186 145281.6
8.676219 146102.4
8.688119 145008.0
8.700156 144856.8
8.712164 144856.8
8.724059 145432.0
8.736081 145144.8
8.748125 144856.8
8.760108 145980.8
8.771956 144871.2
8.783803 145144.8
8.795702 145418.4
8.807663 145692.0
8.819509 145418.4
8.831477 144311.2
8.843332 145418.4
8.855344 145418.4
8.878602 144720.4
8.890813 145418.4
8.902686 145294.8
8.914618 144856.8
8.926509 145129.6
8.938733 144584.0
8.950709 144720.4
8.964721 146268.8
8.981874 145965.6
8.999142 145856.0
9.014426 144584.0
9.027657 144447.6
9.039636 145828.8
9.051480 146819.2
9.063352 146392.4
9.075190 145980.8
9.087113 145569.2
9.099117 146118.0
9.111108 145555.2
9.123345 145706.4
9.135360 144720.4
9.148148 147232.0
9.159912 147660.0
9.171664 147660.0
9.183413 146956.8
9.195114 147522.0
9.206844 146956.8
9.218615 146956.8
9.230363 146956.8
9.242209 147660.0
9.253939 147094.4
9.265730 147094.4
9.277524 147232.0
9.289418 147660.0
9.301135 147949.6
9.312844 147660.0
9.324543 147660.0
9.336267 147384.0
9.348029 147094.4
9.359725 147660.0
9.371444 147811.2
9.383252 146392.4
9.395016 147534.4
9.406713 146406.4
9.418545 146392.4
9.430284 147811.2
9.442174 147522.0
9.453865 146681.6
9.465689 147522.0
9.477357 146666.8
9.489373 147660.0
9.501097 147522.0
9.512796 147660.0
9.524501 146956.8
9.536164 143356.4
9.547951 143765.6
9.559650 144311.2
9.571363 144174.8
9.583194 143902.0
9.594896 144597.6
9.606592 144324.0
9.618512 144324.0
9.630229 144311.2
9.641971 144447.6
9.654202 142079.2
9.667075 140866.0
9.678914 141824.8
9.690976 142095.2
9.702851 142108.8
9.714757 141554.4
9.726651 141405.2
9.748176 143083.6
9.759944 142095.2
9.772534 141405.2
9.784382 142095.2
9.796161 141254.4
9.808043 141824.8
9.821714 143902.0
9.833793 141284.0
9.846910 141270.4
9.867883 141270.4
9.879728 140461.6
9.891545 141000.8
9.903449 140985.6
9.915292 143902.0
9.927074 143902.0
9.938913 144038.4
9.950650 143208.0
9.962441 144584.0
9.974087 143765.6
9.985903 143888.0
9.997725 144584.0
10.009653 145008.0
10.021363 144038.4
10.033061 144174.8
10.044758 143616.0
10.056451 143616.0
10.068208 142651.2
10.079915 143765.6
10.091610 144734.4
10.106240 144142.8
10.121553 142906.4
10.133446 144174.8
10.145188 144038.4
10.156890 144174.8
10.168630 143616.0
10.180354 143765.6
10.192058 143616.0
10.203736 143480.0
10.215518 143616.0
10.227155 142786.8
10.238900 143208.0
10.250664 143356.4
10.262405 143765.6
10.274269 143208.0
10.285956 143913.6
10.297856 143344.0
10.312241 141135.6
10.324049 143344.0
10.335751 142786.8
10.347546 143344.0
10.359337 143058.0
10.371101 143480.0
10.382803 142108.8
10.394595 143765.6
10.406292 144050.4
10.428006 144871.2
10.439820 141270.4
10.451693 141405.2
10.463522 141689.6
10.475403 142079.2
10.487527 141419.2
10.499414 141270.4
10.511387 141540.0
10.526916 141135.6
10.538743 141270.4
10.550578 142244.4
10.562527 141270.4
10.574428 141284.0
10.586544 141554.4
10.598479 142230.4
10.611190 141566.4
10.623162 140582.4
10.635470 141013.6
10.647370 140716.8
10.659644 139879.2
10.671791 141270.4
10.683706 140878.4
10.695532 138204.0
10.707623 140716.8
10.719544 144007.2
10.733568 143503.2
10.745609 142244.4
10.757715 141960.0
10.769984 141554.4
10.781885 142108.8
10.793938 140731.2
10.805914 142800.0
10.817966 141689.6
10.829764 141702.0
10.841872 141540.0
10.853728 140566.0
10.865854 140472.8
10.877896 141120.0
10.889913 138528.0
10.901867 140617.2
10.913938 142800.0
10.925899 140146.4
10.938008 140179.2
10.949968 141824.8
10.964749 141973.2
10.979470 142108.8
10.991529 141135.6
11.003407 140313.6
11.015444 143752.0
11.027325 142800.0
11.039484 142095.2
11.051231 143480.0
11.062946 142651.2
11.074715 143752.0
11.086399 144187.2
11.098228 143765.6
11.109941 143629.2
11.121822 143480.0
11.133528 144050.4
11.145267 144038.4
11.156960 144038.4
11.168707 144447.6
11.180427 144871.2
11.192122 144038.4
11.203791 144734.4
11.215554 143464.8
11.227220 143616.0
11.238972 143888.0
11.250750 143616.0
11.262467 142636.0
11.274334 144024.0
11.286030 142651.2
11.297973 143765.6
11.311705 144038.4
11.325748 142348.8
11.344920 141960.0
11.356677 143058.0
11.368576 140596.4
11.380478 143752.0
11.392180 144038.4
11.403890 143329.2
11.415684 143480.0
11.427491 143888.0
11.439359 143480.0
11.451695 141960.0
11.464278 144311.2
11.475965 144311.2
11.487835 144024.0
11.499559 144324.0
11.511402 144311.2
11.523099 144187.2
11.534805 143902.0
11.546622 143765.6
11.558350 143480.0
11.570097 143765.6
11.581805 143616.0
11.593637 145843.6
11.605334 143752.0
11.617102 143765.6
11.628840 142922.4
11.640529 143765.6
11.652215 144460.8
11.663922 143041.6
11.675751 144324.0
11.687517 143902.0
11.699261 143902.0
11.711012 144038.4
11.722720 144038.4
11.734427 143888.0
11.746110 143765.6
11.757902 144038.4
