# 1395519724.853465
0.012169 0.0
0.023537 0.0
0.034857 0.0
0.046173 0.0
0.057514 0.0
0.068826 0.0
0.080129 0.0
0.091428 0.0
0.102728 0.0
0.114066 0.0
0.125385 0.0
0.136682 0.0
0.147994 0.0
0.159303 0.0
0.170618 0.0
0.181930 0.0
0.193237 0.0
0.204534 39216.0
0.215870 40584.0
0.227195 38760.0
0.238514 38692.0
0.249826 38794.0
0.261158 39250.4
0.272458 38760.0
0.283786 38794.0
0.295085 38760.0
0.306406 38794.0
0.317716 38337.6
0.329053 44232.0
0.340356 43320.0
0.351672 43776.0
0.362972 44232.0
0.374282 64638.4
0.385614 46471.2
0.396918 42370.8
0.408229 41496.0
0.419540 41952.0
0.430853 41459.6
0.442183 41952.0
0.453489 42370.8
0.464787 41915.2
0.476084 41952.0
0.487386 41952.0
0.498696 41952.0
0.509998 41952.0
0.521315 46056.0
0.532618 45600.0
0.543971 45975.2
0.555337 44609.6
0.566651 47880.0
0.577977 44232.0
0.589290 48251.2
0.600590 44270.8
0.611900 47838.0
0.623224 44648.8
0.634526 44193.2
0.645829 46968.0
0.657129 44154.4
0.668453 46968.0
0.679752 44727.2
0.691049 48251.2
0.702357 44688.0
0.713684 48336.0
0.724989 44609.6
0.736311 44232.0
0.747623 124862.4
0.758939 127351.2
0.770248 121350.4
0.781555 118076.4
0.792984 110740.0
0.804303 131764.8
0.815599 126672.0
0.826892 124410.0
0.838205 123848.0
0.849543 127576.8
0.860859 137408.0
0.872161 133673.6
0.883465 133673.6
0.894773 136956.0
0.906075 136504.0
0.917360 132770.4
0.928704 134576.8
0.940019 138312.0
0.951319 134908.8
0.962614 133673.6
0.973899 141676.8
0.985226 138641.2
0.996532 134125.2
1.007862 136834.8
1.019165 140899.2
1.030471 137651.2
1.041772 133222.0
1.053096 125093.2
1.064394 130521.6
1.075690 127576.8
1.087003 121028.8
1.098309 119886.0
1.109610 127236.8
1.120908 115566.0
1.132239 146640.0
1.145917 146380.0
1.157272 151603.2
1.168619 107766.4
1.179976 105049.6
1.191281 104236.0
1.202597 108219.2
1.213909 108410.4
1.225217 104689.2
1.236519 106672.0
1.247868 108768.0
1.259206 120790.8
1.270530 116266.8
1.281850 113652.8
1.293184 117520.0
1.304490 116925.6
1.315794 115916.8
1.327099 114457.2
1.338414 115464.0
1.349742 117378.8
1.361105 111192.0
1.372422 110385.6
1.383732 116925.6
1.395033 114808.0
1.406320 111742.8
1.417675 113200.0
1.428999 115814.4
1.440300 113652.8
1.451616 112647.6
1.462935 111742.8
1.474247 115464.0
1.485566 112294.4
1.496874 114909.6
1.508185 112747.2
1.519490 116822.4
1.530803 117936.0
1.542125 112548.0
1.553439 115566.0
1.564757 117832.0
1.576062 113100.0
1.587374 113100.0
1.598693 115566.0
1.609978 117728.0
1.621292 113300.0
1.632599 113753.2
1.643903 116822.4
1.655198 116719.2
1.666510 113200.0
1.677831 113100.0
1.689183 116164.0
1.700492 116019.2
1.711896 113652.8
1.723220 111192.0
1.734534 115464.0
1.745851 117728.0
1.757174 112294.4
1.768504 103691.2
1.779821 109577.6
1.791125 106955.2
1.802435 102876.4
1.813743 103691.2
1.825078 106955.2
1.836384 107408.4
1.847701 113753.2
1.859008 126560.0
1.870333 122148.0
1.881676 122600.4
1.892984 118981.2
1.904287 119433.6
1.915609 122148.0
1.926937 123052.8
1.938279 121695.6
1.949600 121695.6
1.960906 118633.6
1.972206 116822.4
1.983521 116369.6
1.994838 115362.0
2.006140 117728.0
2.017492 115214.4
2.028802 114105.6
2.043055 112900.0
2.054456 115712.0
2.065817 115566.0
2.077123 111940.4
2.088445 107218.8
2.099757 112946.4
2.111080 112846.8
2.122382 108123.6
2.133728 108314.8
2.145070 113300.0
2.156357 111742.8
2.167690 112039.2
2.179001 110385.6
2.190318 111742.8
2.201626 112846.8
2.212942 109674.4
2.224246 106314.0
2.235550 111487.2
2.246859 112846.8
2.258180 108576.0
2.269500 107671.2
2.282765 113300.0
2.294139 111841.6
2.305475 108314.8
2.316782 107766.4
2.328099 110580.8
2.339423 111487.2
2.350737 107313.6
2.362050 108219.2
2.373362 111940.4
2.384682 114206.4
2.395992 110936.0
2.407277 108576.0
2.418634 113100.0
2.429973 113300.0
2.441302 108219.2
2.452622 112294.4
2.463924 113100.0
2.475233 113753.2
2.486547 110838.0
2.497899 113200.0
2.509218 114004.8
2.520520 113652.8
2.531834 109674.4
2.543153 110740.0
2.554476 113552.4
2.565780 113300.0
2.577121 108480.0
2.588444 108314.8
2.599754 114307.2
2.611063 111388.8
2.622393 107671.2
2.633732 109221.2
2.645035 112393.6
2.656319 109674.4
2.667648 107861.6
2.678962 110385.6
2.690300 110936.0
2.701624 109771.2
2.712989 108932.0
2.724306 110030.4
2.735613 111742.8
2.746899 112846.8
2.758236 109577.6
2.769557 110385.6
2.780876 114307.2
2.792195 115112.8
2.803505 113452.0
2.814816 114105.6
2.826125 115566.0
2.837473 110936.0
2.848795 112846.8
2.860107 124862.4
2.871413 117171.6
2.882717 118285.2
2.894038 118319.2
2.905334 120232.0
2.916635 119191.6
2.927956 116616.0
2.939294 114004.8
2.950611 118285.2
2.961920 119433.6
2.973201 107766.4
2.984508 108768.0
2.995818 112747.2
3.007160 114105.6
3.018480 107861.6
3.029793 108219.2
3.041192 110995.2
3.052842 112393.6
3.064165 115362.0
3.075468 113100.0
3.086772 118528.8
3.098123 119086.4
3.109436 116512.8
3.120751 115260.0
3.132097 118285.2
3.143408 117624.0
3.154695 114105.6
3.166000 114105.6
3.177362 117171.6
3.188686 117275.2
3.199987 114105.6
3.211299 113100.0
3.222607 118076.4
3.233937 117378.8
3.245236 112195.2
3.256556 112747.2
3.267919 116369.6
3.279228 114105.6
3.290540 112294.4
3.301849 113652.8
3.313183 115464.0
3.324480 114206.4
3.335790 112195.2
3.347093 114105.6
3.358419 116472.4
3.369738 117624.0
3.381051 112647.6
3.392354 115112.8
3.403638 115712.0
3.416732 120232.0
3.428123 114356.0
3.439431 113552.4
3.450748 118738.4
3.462067 116719.2
3.473406 113452.0
3.484714 114206.4
3.496009 118528.8
3.507309 117520.0
3.518670 114206.4
3.529983 117624.0
3.544560 117450.0
3.555946 116719.2
3.567277 114659.6
3.578635 114004.8
3.589951 116719.2
3.601312 117972.0
3.612635 114105.6
3.623955 114004.8
3.635261 118076.4
3.646565 117728.0
3.657883 114558.4
3.669199 111192.0
3.680503 116369.6
3.691833 117275.2
3.703146 112096.0
3.714461 112647.6
3.725765 116369.6
3.737079 118981.2
3.748399 112747.2
3.759731 112747.2
3.771049 116019.2
3.782371 116019.2
3.793686 112294.4
3.804988 111742.8
3.816285 117378.8
3.827601 117171.6
3.838917 113552.4
3.850248 112393.6
3.861529 120338.4
3.872866 119086.4
3.884178 121803.2
3.895482 120232.0
3.906775 124862.4
3.918126 122835.2
3.929510 120470.4
3.940840 121932.0
3.952142 126784.0
3.963444 122944.0
3.974747 114457.2
3.986072 119539.2
3.997382 118528.8
4.008692 114206.4
4.020010 114659.6
4.031316 115362.0
4.042625 117378.8
4.053936 115566.0
4.065286 109933.2
4.076590 111841.6
4.087912 115566.0
4.099218 109221.2
4.110526 108576.0
4.121866 110838.0
4.133200 111940.4
4.144517 108314.8
4.155809 108576.0
4.167143 112393.6
4.178489 113200.0
4.189802 111644.0
4.201102 110030.4
4.212715 116860.8
4.224049 115464.0
4.235356 110030.4
4.246662 110483.2
4.258039 114206.4
4.269381 113200.0
4.280683 112393.6
4.292000 113652.8
4.303319 113753.2
4.314617 113300.0
4.325918 110580.8
4.337218 107218.8
4.348542 111034.0
4.359848 113753.2
4.371165 106766.4
4.382479 104504.4
4.393797 109221.2
4.405092 104596.8
4.416397 105235.2
4.427709 106048.8
4.439032 103599.6
4.450361 104236.0
4.461675 105142.4
4.472977 106502.0
4.484280 104420.0
4.495584 104144.0
4.506887 105142.4
4.518202 103329.6
4.529521 104144.0
4.540833 108768.0
4.553993 106048.8
4.565364 96078.4
4.576685 100610.4
4.588021 101152.8
4.599344 97070.4
4.610666 100245.6
4.621976 100245.6
4.633312 102423.2
4.644612 100245.6
4.655913 100157.2
4.667215 100610.4
4.678529 100699.2
4.689845 100610.4
4.701173 100521.6
4.712468 98710.4
4.723776 100699.2
4.735105 100974.4
4.746419 95088.0
4.757748 99338.4
4.769060 95172.0
4.780369 95172.0
4.791674 96078.4
4.802986 95709.6
4.814298 95709.6
4.825624 96078.4
4.836930 95709.6
4.848245 95256.0
4.859560 111487.2
4.870874 102967.2
4.882184 102423.2
4.893522 102785.6
4.904818 108314.8
4.916126 102876.4
4.927454 102785.6
4.938824 106408.0
4.950138 104689.2
4.961476 95993.6
4.972780 101970.0
4.984107 101242.0
4.995395 97804.8
5.006698 100245.6
5.018016 100699.2
5.029329 100068.8
5.040624 100699.2
5.051952 100699.2
5.063357 102785.6
5.074659 104689.2
5.085973 105782.0
5.097269 109480.8
5.108592 112393.6
5.119895 113300.0
5.131218 107861.6
5.142534 108314.8
5.153853 112946.4
5.165173 108314.8
5.176492 108219.2
5.187818 109221.2
5.199138 107313.6
5.210449 108768.0
5.221761 109384.0
5.233063 110483.2
5.244369 100610.4
5.255667 99980.4
5.266992 101970.0
5.278316 100157.2
5.289635 105049.6
5.300951 104781.6
5.312261 101970.0
5.323567 106860.8
5.334872 107503.2
5.346178 107408.4
5.357523 105595.6
5.368828 104689.2
5.380151 105049.6
5.391459 105235.2
5.402760 105235.2
5.414068 105049.6
5.425404 103874.4
5.436705 105142.4
5.448019 105142.4
5.459332 100068.8
5.470652 103874.4
5.482009 104956.8
5.493330 100157.2
5.504640 100699.2
5.515945 104596.8
5.527269 100521.6
5.538598 100699.2
5.549913 99616.0
5.561214 99250.8
5.572521 100245.6
5.583826 100885.2
5.595133 99704.0
5.606435 100699.2
5.617767 104781.6
5.629072 101152.8
5.640380 100610.4
5.651667 105595.6
5.662975 103238.4
5.674289 100610.4
5.687427 101427.2
5.698793 104596.8
5.710111 105142.4
5.721449 104596.8
5.732767 107049.6
5.744079 105595.6
5.755381 104596.8
5.766687 104956.8
5.778039 104956.8
5.789368 104144.0
5.800682 104781.6
5.811998 104956.8
5.823336 109384.0
5.834665 112393.6
5.845966 114105.6
5.857270 109028.4
5.868596 111940.4
5.879906 119780.0
5.891219 115011.2
5.902515 115668.0
5.913830 116164.0
5.925143 114558.4
5.936467 115566.0
5.947799 106766.4
5.959130 106408.0
5.970436 100334.0
5.981760 103691.2
5.993074 102423.2
6.004374 100245.6
6.015682 104956.8
6.027001 102423.2
6.038328 100788.0
6.049742 103776.0
6.061383 101427.2
6.072712 103782.8
6.084020 102785.6
6.095345 96446.4
6.106658 99616.0
6.117981 100610.4
6.129305 95540.8
6.140623 98431.2
6.151911 100334.0
6.163215 95709.6
6.174530 95625.2
6.185860 99338.4
6.197188 97070.4
6.208505 96163.2
6.219820 95625.2
6.231133 95256.0
6.242446 96163.2
6.253746 96984.8
6.265081 95256.0
6.276387 95709.6
6.287697 100610.4
6.299015 97070.4
6.310326 95709.6
6.321657 100334.0
6.332960 101970.0
6.344265 96984.8
6.355571 99792.0
6.366874 100068.8
6.378221 100699.2
6.389530 99704.0
6.400820 100068.8
6.412135 100610.4
6.423430 100610.4
6.434758 100699.2
6.446062 100974.4
6.457372 101516.8
6.468678 102060.0
6.479980 102423.2
6.491280 95625.2
6.502586 99338.4
6.513896 101427.2
6.525193 104144.0
6.536507 103874.4
6.547967 104042.4
6.559385 104144.0
6.570700 103874.4
6.582014 103874.4
6.593321 103691.2
6.604634 104236.0
6.615931 104596.8
6.627238 96163.2
6.638553 95709.6
6.649870 100245.6
6.661178 97070.4
6.672495 96078.4
6.683807 100699.2
6.695114 100610.4
6.706447 96899.2
6.717755 100610.4
6.729059 100610.4
6.740381 100521.6
6.751682 100610.4
6.762985 100521.6
6.774289 100885.2
6.785629 100788.0
6.796934 101063.6
6.808243 95908.8
