1396599497.448683 #
0.053920 143352.8
0.065676 143486.4
0.077391 141697.6
0.089338 144211.2
0.101141 144910.0
0.112879 143942.4
0.125122 141564.8
0.136976 144640.4
0.148765 144345.6
0.160484 144076.8
0.172528 144664.0
0.184233 143942.4
0.195994 144505.6
0.207691 144211.2
0.219453 144775.2
0.231150 144775.2
0.242844 144345.6
0.254555 144748.8
0.266232 144345.6
0.277935 144211.2
0.289646 143916.0
0.301420 143916.0
0.313271 143648.0
0.324980 144345.6
0.336698 143514.0
0.348473 143916.0
0.360187 143648.0
0.371948 144480.0
0.383661 143782.0
0.395490 143916.0
0.407200 144345.6
0.418881 143648.0
0.430574 143942.4
0.442362 144076.8
0.454076 144076.8
0.465668 144748.8
0.477358 144480.0
0.489147 144910.0
0.500932 145044.8
0.512653 144640.4
0.524380 144480.0
0.536087 144345.6
0.547843 144345.6
0.559521 143916.0
0.571206 144748.8
0.583027 143916.0
0.594715 143916.0
0.606392 143085.6
0.618079 143514.0
0.629753 144640.4
0.641526 143942.4
0.653243 144345.6
0.664939 143916.0
0.676687 144480.0
0.688381 144614.4
0.700175 144614.4
0.711860 143916.0
0.723755 144480.0
0.735467 145044.8
0.747141 144345.6
0.758823 144076.8
0.770520 143514.0
0.782220 143782.0
0.793899 143648.0
0.805603 144505.6
0.817317 143808.0
0.829061 144505.6
0.840743 143808.0
0.852533 142790.4
0.864395 144370.8
0.876188 143085.6
0.887904 144076.8
0.899787 143648.0
0.911609 143916.0
0.923298 143648.0
0.935017 143514.0
0.946704 143942.4
0.958389 144345.6
0.969996 144184.0
0.981707 144345.6
0.993450 144480.0
1.005177 144345.6
1.016874 143942.4
1.028639 144211.2
1.052049 144020.8
1.063795 144614.4
1.075633 144050.0
1.087337 143486.4
1.099102 144211.2
1.110786 143514.0
1.122485 144236.0
1.134181 143942.4
1.145849 143916.0
1.157540 144480.0
1.172852 142952.0
1.184580 142952.0
1.196397 143782.0
1.208082 144370.8
1.219802 144076.8
1.231637 143514.0
1.246298 142228.8
1.258725 144345.6
1.270447 142417.6
1.292370 140900.8
1.304457 142390.8
1.316816 141697.6
1.328859 141458.4
1.341038 141697.6
1.353007 142124.4
1.365087 142124.4
1.377456 142257.6
1.389559 143246.0
1.401696 141830.4
1.413581 142657.2
1.425587 141830.4
1.437433 141858.0
1.449441 142257.6
1.461523 142551.2
1.473582 141830.4
1.485468 142257.6
1.497497 141991.2
1.509394 141591.6
1.521614 142818.4
1.533488 142284.0
1.545495 141991.2
1.557390 142124.4
1.569444 141591.6
1.581497 141963.2
1.593547 142257.6
1.605395 142952.0
1.617400 141830.4
1.629245 141991.2
1.641143 141432.0
1.653348 142124.4
1.665137 142684.8
1.677154 143916.0
1.688876 144211.2
1.700745 144910.0
1.712427 144480.0
1.724175 144345.6
1.735902 144480.0
1.747814 144480.0
1.759488 144480.0
1.771182 144614.4
1.782878 144345.6
1.794595 143916.0
1.806278 143916.0
1.817899 142952.0
1.829603 143942.4
1.841542 143352.8
1.853315 143782.0
1.865020 143085.6
1.876710 143648.0
1.888474 144345.6
1.900319 143486.4
1.912041 143648.0
1.923879 144480.0
1.935593 143782.0
1.947272 143648.0
1.958968 144505.6
1.970595 144345.6
1.982436 144076.8
1.994134 144345.6
2.005812 145044.8
2.017540 144614.4
2.029281 144910.0
2.040963 144076.8
2.052755 144345.6
2.064451 144076.8
2.076173 145017.6
2.087852 144614.4
2.099692 144345.6
2.111381 144211.2
2.123057 143648.0
2.134732 144370.8
2.146409 144076.8
2.158112 144910.0
2.169799 144184.0
2.181650 144345.6
2.193491 143808.0
2.205172 145044.8
2.216799 144076.8
2.228529 144345.6
2.240208 144211.2
2.252003 144480.0
2.263683 144480.0
2.275380 143916.0
2.287116 143916.0
2.298780 143219.2
2.310461 143942.4
2.322141 144775.2
2.333841 144910.0
2.345575 144211.2
2.357325 144614.4
2.369002 144211.2
2.380759 144211.2
2.392468 143782.0
2.404197 144614.4
2.418515 142524.0
2.430284 144211.2
2.444521 143219.2
2.456275 143219.2
2.468020 143219.2
2.480165 144910.0
2.491994 144184.0
2.503691 144345.6
2.515357 144775.2
2.527033 143782.0
2.560454 141963.2
2.573429 142257.6
2.585445 141432.0
2.597335 141616.0
2.609167 141564.8
2.621179 141830.4
2.633166 141432.0
2.649103 142952.0
2.661505 142257.6
2.673547 141697.6
2.685582 141458.4
2.697705 141006.0
2.709458 140022.4
2.721555 140900.8
2.733349 134368.0
2.745044 142576.0
2.756926 138996.0
2.768840 140448.0
2.780835 139890.8
2.792758 139232.8
2.805110 142390.8
2.819754 143085.6
2.831630 144050.0
2.843314 143219.2
2.854993 144345.6
2.866693 144076.8
2.878374 144211.2
2.890071 144345.6
2.901817 144748.8
2.913580 144345.6
2.925335 144614.4
2.937048 144775.2
2.948802 144480.0
2.960484 144076.8
2.972210 144211.2
2.983920 144345.6
2.995737 144345.6
3.007437 143916.0
3.019109 143782.0
3.030791 143514.0
3.042494 143808.0
3.054211 143942.4
3.065917 143916.0
3.077587 144345.6
3.089254 144775.2
3.101012 144211.2
3.112727 143782.0
3.124556 144345.6
3.141498 143916.0
3.153221 144076.8
3.164902 143916.0
3.176585 143942.4
3.188389 144480.0
3.200076 143782.0
3.211978 144345.6
3.223700 143916.0
3.235399 144345.6
3.247083 143782.0
3.258766 144076.8
3.270468 144505.6
3.282183 141591.6
3.294107 141432.0
3.306223 141564.8
3.318260 141591.6
3.330315 141991.2
3.342343 141166.4
3.354435 142096.0
3.366442 141858.0
3.378464 141432.0
3.390405 142124.4
3.402187 142257.6
3.414212 142390.8
3.426332 142228.8
3.445306 141270.8
3.457170 141697.6
3.469077 142417.6
3.481258 141858.0
3.493471 141724.8
3.505440 142124.4
3.517405 142257.6
3.529273 141299.2
3.541478 142124.4
3.553444 141299.2
3.565366 141724.8
3.577227 142257.6
3.589122 142257.6
3.601006 142257.6
3.613009 142150.4
3.624904 141858.0
3.636789 142257.6
3.648622 141830.4
3.660691 142284.0
3.682349 141591.6
3.694230 142124.4
3.719114 142390.8
3.730966 141963.2
3.750165 142524.0
3.769176 142524.0
3.788183 142551.2
3.808559 141299.2
3.820349 141963.2
3.837091 142390.8
3.848839 142124.4
3.860762 142657.2
3.877179 141724.8
3.889043 142818.4
3.900980 142124.4
3.922707 142390.8
3.940091 142390.8
3.958137 142124.4
3.970007 142096.0
3.988926 143916.0
4.007961 141697.6
4.026493 142818.4
4.038301 142657.2
4.050180 142657.2
4.066387 142524.0
4.078255 142790.4
4.098209 142494.4
4.116389 141858.0
4.128262 141564.8
4.140178 141830.4
4.155323 142684.8
4.177490 142257.6
4.190015 142818.4
4.225191 141697.6
4.237184 142390.8
4.249064 142150.4
4.260954 141858.0
4.272851 142524.0
4.285150 141564.8
4.297026 141830.4
4.308995 141697.6
4.320969 141591.6
4.333089 142257.6
4.344967 141697.6
4.356838 142684.8
4.368704 142150.4
4.380744 141270.8
4.392698 142952.0
4.404690 142844.0
4.416564 142124.4
4.428913 141033.6
4.440810 141564.8
4.452829 141830.4
4.464686 141991.2
4.476802 142257.6
4.488661 142551.2
4.500802 141325.2
4.512678 142257.6
4.524906 141166.4
4.536779 142684.8
4.548735 141991.2
4.560630 142390.8
4.572715 142284.0
4.584479 142284.0
4.596425 142124.4
4.608272 142124.4
4.620479 141564.8
4.635439 141458.4
4.647307 141564.8
4.659966 142818.4
4.672152 141991.2
4.688757 142952.0
4.704014 142524.0
4.717024 143085.6
4.736105 141858.0
4.748149 142257.6
4.768236 141991.2
4.780213 142361.6
4.799459 142524.0
4.818404 142524.0
4.836989 142390.8
4.848782 142390.8
4.860793 142818.4
4.877133 142818.4
4.896147 142257.6
4.910334 142657.2
4.929017 142257.6
4.947091 142923.6
4.958890 143085.6
4.978103 141963.2
4.996878 142551.2
5.008648 141991.2
5.027812 142124.4
5.039661 142524.0
5.058995 142818.4
5.077763 143219.2
5.091225 142228.8
5.110114 142096.0
5.126890 141830.4
5.150851 141299.2
5.171172 141697.6
5.183126 142684.8
5.196899 141991.2
5.208760 141991.2
5.228313 142952.0
5.247307 141724.8
5.259051 142124.4
5.276066 141991.2
5.293174 140873.6
5.305245 142417.6
5.317260 141325.2
5.329292 141697.6
5.341511 141458.4
5.353770 141724.8
5.365811 141564.8
5.378020 141591.6
5.390100 142124.4
5.401998 142257.6
5.413892 141564.8
5.426167 142818.4
5.438081 143190.0
5.449963 142284.0
5.462657 142257.6
5.474489 142390.8
5.486375 141963.2
5.498192 142124.4
5.510086 142710.0
5.521974 141299.2
5.533863 142257.6
5.545953 141830.4
5.557817 142016.8
5.569864 142257.6
5.581840 142818.4
5.593847 141166.4
5.605745 142257.6
5.617719 141963.2
5.629587 142657.2
5.641617 141963.2
5.653504 142684.8
5.665338 142952.0
5.680649 142923.6
5.699594 142657.2
5.716244 142390.8
5.728169 142390.8
5.740173 142361.6
5.768838 142390.8
5.780858 141535.6
5.800141 142494.4
5.816923 141830.4
5.828840 142524.0
5.849254 142524.0
5.868442 142096.0
5.888088 142818.4
5.900050 142790.4
5.918844 141800.4
5.937990 142790.4
5.956327 142524.0
5.968146 142818.4
5.980080 141991.2
5.996135 142390.8
6.007946 142657.2
6.027296 141564.8
6.040614 142657.2
6.059298 142657.2
6.076642 142390.8
6.088436 143085.6
6.107756 142657.2
6.126040 141697.6
6.138015 141668.0
6.157624 142257.6
6.169669 141668.0
6.188080 141697.6
6.200416 142124.4
6.218979 142390.8
6.237105 141858.0
6.248882 141830.4
6.268393 142524.0
6.288069 142257.6
6.307289 142390.8
6.319110 142657.2
6.338470 142524.0
6.356577 142551.2
6.368385 141858.0
6.380434 141697.6
6.396212 142390.8
6.408005 142228.8
6.427317 141432.0
6.440667 142096.0
6.459309 143085.6
6.476888 141991.2
6.488788 141270.8
6.508154 142952.0
6.526476 142390.8
6.538230 142524.0
6.550100 141858.0
6.566282 142524.0
6.578151 142524.0
6.597363 142124.4
6.610609 142257.6
6.629174 142551.2
6.656409 142524.0
6.668359 141991.2
6.687497 141299.2
6.701546 142524.0
6.720122 143085.6
6.757604 141138.4
6.769466 141697.6
6.781531 141591.6
6.793419 141403.2
6.812380 141564.8
6.827779 142551.2
6.872661 141991.2
6.884623 141991.2
6.896444 141858.0
6.908438 141058.8
6.920388 142124.4
6.933089 141697.6
6.945321 141697.6
6.958288 142257.6
6.970184 142657.2
6.987255 142952.0
6.999051 142952.0
7.016458 142390.8
7.028394 142790.4
7.047682 142361.6
7.066176 141963.2
7.077975 141963.2
7.089944 142257.6
7.106277 142390.8
7.118108 142524.0
7.137426 142524.0
7.151051 141830.4
7.170311 142524.0
7.186884 141858.0
7.203663 142790.4
7.216338 141858.0
7.228364 142257.6
7.240204 142390.8
7.255893 142657.2
7.277006 142551.2
7.293146 142124.4
7.305160 141991.2
7.317296 141564.8
7.329404 140608.8
7.341605 142124.4
7.353954 141697.6
7.365901 141858.0
7.378104 141830.4
7.390099 143112.0
7.402015 141697.6
7.414318 141299.2
7.426681 142124.4
7.438561 142150.4
7.457991 142551.2
7.470014 141564.8
7.486615 142390.8
7.498395 142257.6
7.518586 142228.8
7.537476 142096.0
7.551088 141830.4
7.569900 142257.6
7.586056 142524.0
7.597937 142390.8
7.617475 142390.8
7.631122 141963.2
7.657273 142524.0
7.669309 142257.6
7.688097 142657.2
7.699970 142551.2
7.715639 142657.2
7.737047 142818.4
7.749125 141800.4
7.767365 141858.0
7.779173 142150.4
7.790988 142228.8
7.817656 142390.8
7.829748 142390.8
7.848861 142657.2
7.867149 142952.0
7.878987 142790.4
7.899619 142524.0
7.911663 142657.2
7.930963 143056.8
7.949764 142923.6
7.966092 141591.6
7.978131 142096.0
7.997319 142684.8
8.010252 141564.8
8.029134 142657.2
8.044963 142390.8
8.056839 142818.4
8.068702 143085.6
8.087943 142818.4
8.099787 142257.6
8.112466 141166.4
8.124553 142257.6
8.136374 142124.4
8.148306 141697.6
8.160192 141166.4
8.172154 141858.0
8.204908 141403.2
8.216782 140976.0
8.229248 141697.6
8.241096 141564.8
8.253109 141458.4
8.267431 142257.6
8.281412 141991.2
8.293303 140316.0
8.305041 140580.0
8.316885 136339.2
8.328621 141564.8
8.340564 142524.0
8.352481 141482.4
8.364584 142390.8
8.376484 143085.6
8.388567 141299.2
8.400398 141697.6
8.412539 138022.4
8.424491 139260.0
8.436594 141006.0
8.448534 139656.0
8.460629 142923.6
8.476976 143219.2
8.488951 143916.0
8.500808 142257.6
8.516613 142551.2
8.536367 141830.4
8.548324 142524.0
8.568612 142952.0
8.580574 143352.8
8.599913 142124.4
8.618797 142818.4
8.630585 142257.6
8.647743 141963.2
8.659547 142657.2
8.680765 142627.2
8.699721 142096.0
8.718065 141991.2
8.730001 142257.6
8.746125 141697.6
8.758034 142096.0
8.777337 142390.8
8.790799 142524.0
8.809685 142096.0
8.826200 142096.0
8.838079 142952.0
8.857990 142096.0
8.876013 142390.8
8.887851 142952.0
8.899709 141591.6
8.922300 142524.0
8.937442 142524.0
8.949323 142096.0
8.967654 141591.6
8.979456 141724.8
8.991422 142096.0
9.007532 142524.0
9.026534 141724.8
9.038400 142524.0
9.058581 141724.8
9.070413 142257.6
9.089732 142818.4
9.108871 142657.2
9.127789 142524.0
9.141591 140476.4
9.153502 141830.4
9.165445 142390.8
9.177239 141858.0
9.189492 141697.6
9.206676 142390.8
9.218465 142390.8
9.230741 142390.8
9.248654 142551.2
9.260632 142228.8
9.276628 141535.6
9.302587 141697.6
9.314857 141033.6
