# 1396598657.968706
0.080429 142524.0
0.092259 142390.8
0.104059 143085.6
0.115900 143380.0
0.127827 142657.2
0.139693 142150.4
0.151809 142524.0
0.163665 142657.2
0.175567 143085.6
0.187497 142257.6
0.199359 142551.2
0.211390 141800.4
0.223202 142096.0
0.235016 140976.0
0.246808 137863.2
0.258592 144050.0
0.270364 143352.8
0.282212 142923.6
0.294023 142657.2
0.305854 143782.0
0.317670 142952.0
0.329544 142257.6
0.341573 143486.4
0.353436 142096.0
0.365288 138969.6
0.377341 140844.0
0.389385 140873.6
0.401479 140741.2
0.413973 142361.6
0.428015 145449.2
0.439758 146016.0
0.451410 145449.2
0.463097 144748.8
0.474799 144748.8
0.486499 144480.0
0.498272 144748.8
0.509947 143782.0
0.521859 145286.4
0.533582 144748.8
0.545419 144748.8
0.557126 144452.0
0.568954 145179.6
0.580627 144614.4
0.592349 144318.0
0.604042 144184.0
0.615729 144775.2
0.627410 144910.0
0.639105 145449.2
0.650783 145314.4
0.662999 143887.2
0.674755 144883.2
0.688937 143352.8
0.700831 144318.0
0.712632 142657.2
0.724513 144883.2
0.736228 144883.2
0.747931 144748.8
0.759730 142952.0
0.771835 142124.4
0.783770 142684.8
0.795909 143380.0
0.811721 141858.0
0.823736 142818.4
0.845644 142684.8
0.857572 142818.4
0.869781 142818.4
0.881839 141697.6
0.893641 142952.0
0.905663 142818.4
0.917505 143404.8
0.929562 142096.0
0.941656 143219.2
0.953642 142284.0
0.965755 142952.0
0.977913 141858.0
0.989694 143112.0
1.001742 142923.6
1.013602 142952.0
1.025523 143673.6
1.037332 142150.4
1.049331 143648.0
1.061565 142684.8
1.073517 143352.8
1.085338 143916.0
1.097354 143808.0
1.109386 142818.4
1.121547 142684.8
1.133421 142096.0
1.145423 143514.0
1.157323 143085.6
1.169400 142417.6
1.181522 142657.2
1.193462 143808.0
1.205281 143270.4
1.217228 143085.6
1.229105 143514.0
1.241141 142390.8
1.253001 142551.2
1.264852 141991.2
1.276693 142684.8
1.312460 143514.0
1.326132 142818.4
1.338059 142257.6
1.349897 142657.2
1.361883 142790.4
1.373717 143514.0
1.385618 140943.6
1.397447 140712.0
1.409427 142952.0
1.421470 140316.0
1.433471 143514.0
1.445465 143219.2
1.457528 141240.0
1.469422 142978.0
1.481530 142417.6
1.493471 143648.0
1.505502 141963.2
1.517342 142150.4
1.529460 142464.0
1.541565 143085.6
1.553488 143514.0
1.565355 143514.0
1.577449 142818.4
1.589345 142952.0
1.601530 142710.0
1.613427 142952.0
1.625437 142952.0
1.637355 142818.4
1.649414 142952.0
1.661454 143514.0
1.673842 143782.0
1.685677 143648.0
1.697617 142710.0
1.709532 142952.0
1.721561 143486.4
1.733364 143514.0
1.745420 142684.8
1.757298 143782.0
1.769384 143648.0
1.781219 142551.2
1.793486 144345.6
1.805308 143916.0
1.817358 143085.6
1.829153 143085.6
1.841608 143514.0
1.853534 143219.2
1.865948 142096.0
1.882831 143085.6
1.894847 141991.2
1.906709 142228.8
1.919284 141325.2
1.931041 138600.0
1.942906 142818.4
1.954741 142657.2
1.966628 143486.4
1.978618 144076.8
1.990512 144076.8
2.002489 142390.8
2.014384 142790.4
2.026283 144211.2
2.038120 139759.2
2.050135 140741.2
2.062040 141697.6
2.074160 139656.0
2.088117 143486.4
2.101814 144614.4
2.113571 144748.8
2.125348 144614.4
2.137212 145314.4
2.148889 145314.4
2.160565 144050.0
2.172353 145449.2
2.184016 145044.8
2.195646 145314.4
2.207355 145449.2
2.219043 145314.4
2.230776 145314.4
2.242598 145449.2
2.254302 145044.8
2.266070 145314.4
2.277872 145449.2
2.289643 146448.0
2.301404 145449.2
2.313265 145745.6
2.325006 145745.6
2.336738 145449.2
2.348443 145880.8
2.360151 145449.2
2.371866 144775.2
2.393772 142257.6
2.405667 143085.6
2.417579 142790.4
2.429471 144211.2
2.442294 143085.6
2.454205 143085.6
2.466035 141800.4
2.477855 142684.8
2.489685 141991.2
2.501564 141883.2
2.513474 142684.8
2.532092 142952.0
2.543931 143808.0
2.555833 144076.8
2.567652 142150.4
2.579501 142952.0
2.591475 143219.2
2.603289 142923.6
2.615153 143782.0
2.627100 143380.0
2.639071 141591.6
2.651042 140022.4
2.663150 139946.8
2.675088 141166.4
2.687144 142096.0
2.699301 142952.0
2.711193 142952.0
2.723376 142790.4
2.737175 143352.8
2.751944 142952.0
2.772769 143942.4
2.784950 142096.0
2.796891 143085.6
2.808753 141963.2
2.820656 142551.2
2.832628 142952.0
2.849996 142818.4
2.862374 143085.6
2.874788 142524.0
2.886992 142952.0
2.898973 143380.0
2.911181 142657.2
2.923487 142524.0
2.935390 143916.0
2.947222 143219.2
2.959177 143085.6
2.971053 142978.0
2.982938 142952.0
2.994832 142524.0
3.006712 143085.6
3.018737 143380.0
3.030629 142524.0
3.042600 143514.0
3.054474 143085.6
3.066431 144211.2
3.078283 142684.8
3.090226 143219.2
3.102092 142952.0
3.114619 143219.2
3.126518 143514.0
3.141915 143085.6
3.153828 143219.2
3.165728 143085.6
3.177647 142952.0
3.189470 143539.2
3.201728 143085.6
3.219588 142952.0
3.231686 142818.4
3.244193 143539.2
3.256090 143246.0
3.267926 142952.0
3.279991 143380.0
3.292189 142524.0
3.304048 141963.2
3.315922 142684.8
3.327725 142494.4
3.339573 139825.2
3.351511 141215.2
3.363298 143270.4
3.375221 142790.4
3.387069 142684.8
3.399258 141858.0
3.411149 142124.4
3.423218 143648.0
3.435082 142818.4
3.447225 142952.0
3.459143 142524.0
3.471240 142684.8
3.483226 143782.0
3.495298 143085.6
3.507192 142844.0
3.519188 143085.6
3.531007 143219.2
3.543024 143648.0
3.554838 143539.2
3.566679 140873.6
3.578620 142150.4
3.590559 141932.8
3.602617 139392.0
3.614541 142228.8
3.626468 141800.4
3.638310 141800.4
3.650255 142598.4
3.662243 143085.6
3.675181 142923.6
3.688362 142390.8
3.700242 143085.6
3.712774 142657.2
3.724654 143782.0
3.736525 143648.0
3.748449 142551.2
3.772544 143112.0
3.784546 142657.2
3.796388 143916.0
3.808201 144076.8
3.820070 143352.8
3.836253 143782.0
3.848034 143648.0
3.859890 143219.2
3.871806 143352.8
3.883672 142818.4
3.895876 142257.6
3.912310 143085.6
3.924192 142124.4
3.936019 141403.2
3.947787 140476.4
3.959515 136947.6
3.971237 141858.0
3.983310 143486.4
3.995171 143782.0
4.007091 143486.4
4.018927 143808.0
4.031042 142524.0
4.042918 143352.8
4.054738 143782.0
4.066686 139232.8
4.078625 140768.0
4.090574 140844.0
4.102659 142844.0
4.114579 139392.0
4.127183 142790.4
4.140856 142952.0
4.168410 143486.4
4.180247 143486.4
4.196945 143246.0
4.208826 142790.4
4.229221 143085.6
4.248200 143620.0
4.268339 142657.2
4.280219 143352.8
4.299424 143916.0
4.318543 143782.0
4.337586 142390.8
4.349329 143056.8
4.366292 143219.2
4.378265 143219.2
4.390096 143219.2
4.412551 142657.2
4.424355 143085.6
4.436354 142257.6
4.448193 143085.6
4.460057 143782.0
4.471918 143620.0
4.483751 143916.0
4.495437 143514.0
4.507733 142551.2
4.519545 142923.6
4.531509 142978.0
4.543330 143514.0
4.555197 143673.6
4.567239 142923.6
4.579078 143486.4
4.591003 142551.2
4.602942 143808.0
4.614783 142257.6
4.626729 142923.6
4.638559 143753.6
4.650432 142065.2
4.662291 139496.0
4.674459 141372.0
4.686507 143514.0
4.698617 140448.0
4.711197 142952.0
4.731544 143085.6
4.743560 143352.8
4.758687 142390.8
4.771939 143219.2
4.785560 143219.2
4.798120 142657.2
4.810498 142952.0
4.827706 142390.8
4.839568 142257.6
4.851486 142124.4
4.863271 142790.4
4.875210 143514.0
4.887236 142952.0
4.899710 142684.8
4.911742 142124.4
4.923545 142524.0
4.935576 143085.6
4.947522 142551.2
4.959489 142952.0
4.971512 142228.8
4.983513 141883.2
4.995280 141138.4
5.007265 141830.4
5.019447 141724.8
5.031594 142952.0
5.043742 142257.6
5.055603 143380.0
5.067524 142952.0
5.092467 142684.8
5.104456 143323.2
5.117002 142524.0
5.129613 142096.0
5.142114 142627.2
5.154039 142684.8
5.166048 142257.6
5.178000 143648.0
5.189936 143085.6
5.201981 143219.2
5.213766 143085.6
5.225759 142923.6
5.237636 143648.0
5.249697 142952.0
5.261680 142790.4
5.273759 142150.4
5.285760 143085.6
5.297759 142952.0
5.309666 143648.0
5.321736 143620.0
5.333587 143352.8
5.345651 143539.2
5.357493 142417.6
5.369571 142923.6
5.381547 142952.0
5.393560 143219.2
5.405390 143753.6
5.417184 143219.2
5.429043 143219.2
5.440852 143514.0
5.452968 142684.8
5.464902 141006.0
5.476838 141075.2
5.488707 141768.0
5.500575 142684.8
5.512601 142657.2
5.524436 141668.0
5.536337 141372.0
5.548266 140680.4
5.560138 141616.0
5.572063 142524.0
5.584125 142790.4
5.596051 142551.2
5.608014 142524.0
5.619872 142790.4
5.631811 142790.4
5.643672 144076.8
5.655505 143620.0
5.667330 142978.0
5.679309 143352.8
5.691121 143486.4
5.703309 142257.6
5.715245 142818.4
5.727341 141432.0
5.739408 142952.0
5.751560 142390.8
5.763400 142524.0
5.775420 142124.4
5.788125 141138.4
5.799879 141697.6
5.812106 142390.8
5.823906 143219.2
5.835749 142952.0
5.847642 141830.4
5.859592 143539.2
5.871609 143456.4
5.883374 143380.0
5.895444 143219.2
5.907267 141963.2
5.919244 141403.2
5.931177 139334.4
5.943372 142150.4
5.955386 141697.6
5.967445 139946.8
5.979822 143085.6
5.998254 142257.6
6.010230 143782.0
6.029827 143942.4
6.049161 143246.0
6.061005 142657.2
6.080355 143514.0
6.097214 143085.6
6.109122 143782.0
6.129076 143486.4
6.147897 143404.8
6.159692 143219.2
6.175907 143648.0
6.187760 143808.0
6.207359 144345.6
6.226421 142684.8
6.238206 142684.8
6.250061 142818.4
6.267560 141591.6
6.279508 142657.2
6.291475 142952.0
6.303471 143782.0
6.316951 143942.4
6.328810 143246.0
6.340685 143514.0
6.352635 142684.8
6.391797 141724.8
6.404208 141749.6
6.417107 143380.0
6.428947 138710.0
6.440738 143380.0
6.452637 142284.0
6.464479 142684.8
6.476389 143085.6
6.488208 143056.8
6.500059 143782.0
6.511869 144480.0
6.523667 142818.4
6.535579 142710.0
6.547483 141058.8
6.559512 141591.6
6.571543 141963.2
6.583502 141883.2
6.595467 141006.0
6.607606 142978.0
6.619654 142952.0
6.631807 143648.0
6.652720 142576.0
6.664420 142551.2
6.676302 141724.8
6.688169 143514.0
6.700008 142952.0
6.711902 143085.6
6.723640 143246.0
6.735560 143648.0
6.747422 142390.8
6.759724 142818.4
6.771655 143246.0
6.791760 143380.0
6.803569 143246.0
6.815521 142576.0
6.827471 142818.4
6.839418 143246.0
6.851443 143112.0
6.863406 142952.0
6.875296 143246.0
6.887537 143246.0
6.899387 143380.0
6.911682 142417.6
6.923546 143380.0
6.935872 142284.0
6.948572 142818.4
6.961064 142818.4
6.973610 140608.8
6.985538 141192.0
6.997383 142284.0
7.009176 142257.6
7.021512 142150.4
7.033367 142818.4
7.045281 142390.8
7.057253 142684.8
7.069345 143112.0
7.081209 143916.0
7.093208 142390.8
7.105191 143112.0
7.117071 143085.6
7.128965 143246.0
7.140840 143808.0
7.152636 143514.0
7.164539 143782.0
7.176339 141991.2
7.188254 142417.6
7.200058 144640.4
7.211866 143782.0
7.223703 143782.0
7.235497 143380.0
7.247564 143808.0
7.259400 143673.6
7.271587 144318.0
7.283379 144370.8
7.295325 143539.2
7.307239 143380.0
7.319360 141432.0
7.331191 140448.0
7.343566 141033.6
7.355509 139232.8
7.367569 141858.0
7.382070 143112.0
7.397186 144211.2
7.408986 144211.2
7.428769 143916.0
7.446392 143246.0
7.458446 143219.2
7.470311 143514.0
7.492306 142684.8
7.507549 143648.0
7.519538 143514.0
7.536534 143514.0
7.548347 143539.2
7.560167 143404.8
7.582019 143514.0
7.597605 143380.0
7.609555 142952.0
7.626443 143648.0
7.638258 143782.0
7.657765 143916.0
7.685130 142684.8
7.697991 144076.8
7.709866 144211.2
7.736823 143380.0
7.748654 144184.0
7.766944 143648.0
7.778770 143219.2
7.790607 142952.0
7.802716 143270.4
7.820008 144076.8
7.839017 144076.8
7.850956 143916.0
7.870200 143486.4
7.889193 143782.0
7.908022 142952.0
7.926516 143219.2
7.938487 143620.0
7.950413 143916.0
