7767.780793 #
0.033657 137828.4
0.053996 137676.0
0.065915 137940.0
0.085266 137280.0
0.097248 138755.2
0.114089 137696.0
0.125982 137390.4
0.145471 137563.6
0.158672 137676.0
0.177382 138225.6
0.194457 138225.6
0.206307 138093.2
0.225785 137940.0
0.242543 137016.0
0.254690 138510.4
0.266617 138358.0
0.300283 137280.0
0.312413 136732.4
0.324565 137563.6
0.336505 137412.0
0.348588 137563.6
0.361252 136995.6
0.373260 137828.4
0.385338 138510.4
0.397254 137298.8
0.409419 137960.8
0.421311 138377.6
0.433299 136884.0
0.445222 137412.0
0.457293 138377.6
0.469187 137563.6
0.481299 137676.0
0.493174 137828.4
0.505310 137431.2
0.517236 137280.0
0.529439 137960.8
0.541363 136884.0
0.553342 137412.0
0.565281 137960.8
0.577326 138510.4
0.589437 137676.0
0.601561 137696.0
0.613596 137544.0
0.625568 138358.0
0.637459 137280.0
0.649671 136864.0
0.661694 137280.0
0.676437 137580.8
0.688414 137960.8
0.700426 138358.0
0.712378 138377.6
0.724253 137431.2
0.739549 137676.0
0.751430 137544.0
0.763357 137696.0
0.776004 136752.0
0.787920 137016.0
0.799949 137828.4
0.811865 136579.2
0.823740 137412.0
0.836256 137148.0
0.850600 137544.0
0.862466 137016.0
0.874535 137828.4
0.886974 137828.4
0.899044 137960.8
0.911034 137016.0
0.922967 135660.8
0.934855 136864.0
0.946718 136600.8
0.958521 137412.0
0.970635 137544.0
0.982476 136469.2
0.994534 135660.8
1.006517 134985.6
1.018709 135398.4
1.030747 136600.8
1.052070 138225.6
1.070887 138225.6
1.084769 137412.0
1.096753 137676.0
1.116013 138225.6
1.134510 137148.0
1.146499 137846.4
1.158324 137016.0
1.170212 137412.0
1.186190 138510.4
1.205168 138093.2
1.217315 137563.6
1.229125 137940.0
1.245401 139041.6
1.266684 138225.6
1.278735 137412.0
1.290567 137412.0
1.302401 137412.0
1.314268 137846.4
1.326154 137808.0
1.338076 137808.0
1.349926 137808.0
1.361913 138225.6
1.388110 137808.0
1.404536 138358.0
1.424303 137280.0
1.436172 137431.2
1.448108 137544.0
1.470407 138093.2
1.484902 138490.4
1.496912 137544.0
1.511808 137676.0
1.524135 137522.0
1.542486 137676.0
1.554868 137148.0
1.566842 137522.0
1.586265 138510.4
1.601761 138072.0
1.617510 138225.6
1.629454 137544.0
1.647674 138093.2
1.666622 138093.2
1.685727 137940.0
1.706706 137676.0
1.718677 137127.2
1.738023 137544.0
1.757035 137676.0
1.776231 137808.0
1.796390 138643.2
1.808242 138225.6
1.827336 138225.6
1.846416 138225.6
1.864784 137696.0
1.877922 137412.0
1.890394 137696.0
1.902364 137280.0
1.918911 137127.2
1.930975 137828.4
1.942967 136995.6
1.955030 138225.6
1.966982 137431.2
1.979007 137280.0
1.991096 137127.2
2.003050 138261.6
2.015147 138093.2
2.027050 137544.0
2.039104 137298.8
2.051121 137544.0
2.063071 138093.2
2.074990 137676.0
2.087103 136884.0
2.099034 137280.0
2.111127 137676.0
2.123051 136884.0
2.135077 138204.0
2.147031 137828.4
2.159381 137412.0
2.171419 136884.0
2.183352 136620.0
2.195340 137280.0
2.207293 137676.0
2.219441 137696.0
2.231299 137148.0
2.243115 137412.0
2.255180 138225.6
2.267001 138225.6
2.279135 137127.2
2.291460 136752.0
2.303436 137563.6
2.315301 137412.0
2.327230 137676.0
2.339132 136600.8
2.351605 138093.2
2.365357 136600.8
2.377678 137280.0
2.395777 136884.0
2.407831 137412.0
2.420063 136752.0
2.432498 135923.2
2.444486 136995.6
2.456657 137431.2
2.468672 137127.2
2.480688 138093.2
2.492593 137960.8
2.504576 137580.8
2.516503 137828.4
2.528521 137676.0
2.540579 137016.0
2.552577 138093.2
2.564433 137544.0
2.576447 137960.8
2.588375 137828.4
2.600355 136884.0
2.612246 137544.0
2.624278 137808.0
2.636185 138244.8
2.648197 137412.0
2.660196 138093.2
2.672193 138093.2
2.684125 137148.0
2.696104 137280.0
2.707974 137960.8
2.719855 138093.2
2.740330 138225.6
2.752315 137960.8
2.765552 137148.0
2.777552 138358.0
2.796799 138072.0
2.815848 138643.2
2.834088 137808.0
2.845962 137960.8
2.857974 136995.6
2.875512 137828.4
2.888779 137412.0
2.907092 137148.0
2.921221 137940.0
2.934817 138072.0
2.946734 137808.0
2.958569 138093.2
2.979800 137016.0
2.995912 138225.6
3.007829 137960.8
3.024069 138225.6
3.035932 137960.8
3.055483 137940.0
3.074292 137544.0
3.086181 138225.6
3.098077 137808.0
3.110016 137940.0
3.126029 137653.6
3.153700 137522.0
3.168969 138093.2
3.185710 138093.2
3.197573 137258.8
3.213574 137960.8
3.234672 137016.0
3.246640 137676.0
3.265580 137431.2
3.277449 137653.6
3.296961 138093.2
3.315871 138093.2
3.336372 137846.4
3.348232 137258.8
3.367612 137960.8
3.386391 137960.8
3.404845 138093.2
3.416723 138225.6
3.428587 137412.0
3.440661 136995.6
3.452449 136732.4
3.468230 137390.4
3.487079 136600.8
3.504131 137431.2
3.516000 137258.8
3.535377 138358.0
3.548864 137808.0
3.567605 137960.8
3.586419 138358.0
3.605345 137940.0
3.625690 137676.0
3.637552 137940.0
3.657261 137960.8
3.676293 138225.6
3.696160 137563.6
3.708015 137676.0
3.727424 138358.0
3.746176 137258.8
3.764810 138225.6
3.776759 138358.0
3.796021 137522.0
3.815095 137676.0
3.826977 138358.0
3.844279 137148.0
3.856224 137412.0
3.868089 137390.4
3.896721 137563.6
3.908559 137940.0
3.927032 137676.0
3.938960 136864.0
3.956115 138225.6
3.967979 137808.0
3.987139 138358.0
4.006275 137960.8
4.026100 138093.2
4.038044 137960.8
4.054452 137127.2
4.074339 137563.6
4.086135 137676.0
4.106292 137676.0
4.118286 137544.0
4.137756 137676.0
4.156827 137544.0
4.175631 138225.6
4.187473 137808.0
4.199442 137808.0
4.215333 137258.8
4.234089 138093.2
4.245985 137412.0
4.257901 137431.2
4.279568 136884.0
4.291638 136995.6
4.303679 137298.8
4.315785 136864.0
4.340574 136995.6
4.352730 137696.0
4.364761 137280.0
4.376920 137280.0
4.389150 136995.6
4.401523 137016.0
4.413407 137544.0
4.425625 137563.6
4.437565 137148.0
4.456447 136884.0
4.468446 136710.4
4.480621 137412.0
4.492530 137544.0
4.505639 137563.6
4.517549 137127.2
4.529805 137390.4
4.543185 137940.0
4.555026 137808.0
4.606575 137522.0
4.619189 137696.0
4.631293 137412.0
4.643178 137544.0
4.657092 136995.6
4.669445 137713.6
4.681646 137828.4
4.693655 137258.8
4.706542 137960.8
4.718522 137940.0
4.736703 137940.0
4.755551 137696.0
4.767472 138093.2
4.779463 137940.0
4.795607 137522.0
4.814637 137676.0
4.826551 138225.6
4.848546 137808.0
4.861070 138072.0
4.888766 138093.2
4.906846 138358.0
4.929175 137390.4
4.946251 137696.0
4.958206 137522.0
4.977737 137522.0
4.996710 137544.0
5.015364 138358.0
5.027311 137960.8
5.039446 137258.8
5.058682 138225.6
5.077722 138358.0
5.094215 137431.2
5.106288 137258.8
5.126217 137940.0
5.146626 137280.0
5.158595 137390.4
5.178123 138755.2
5.197124 138358.0
5.216298 137653.6
5.235807 137696.0
5.251888 137940.0
5.264346 138093.2
5.276141 135529.6
5.287955 133900.0
5.304321 133900.0
5.316159 134572.8
5.328018 134290.0
5.350767 134854.8
5.364872 134724.0
5.378253 134550.0
5.397334 133488.0
5.415957 134312.0
5.427780 134703.2
5.443195 133660.0
5.455265 134420.0
5.475230 133920.8
5.487223 133640.0
5.506587 134703.2
5.525316 134312.0
5.537469 134854.8
5.556901 136972.8
5.576362 137522.0
5.595061 137808.0
5.606936 137412.0
5.626719 138358.0
5.644020 137676.0
5.655883 137676.0
5.675017 138358.0
5.687774 138358.0
5.706276 137258.8
5.718169 137522.0
5.734528 137960.8
5.754270 137808.0
5.766216 138358.0
5.786258 137808.0
5.798192 137522.0
5.817780 137960.8
5.836802 137676.0
5.855416 137960.8
5.867234 137828.4
5.879454 136995.6
5.905880 137960.8
5.920417 137563.6
5.934165 137563.6
5.946212 137808.0
5.964822 137940.0
5.983872 138093.2
5.995721 137828.4
6.007616 138358.0
6.024061 136864.0
6.035924 137940.0
6.055600 137808.0
6.068964 138093.2
6.088053 137960.8
6.106881 137412.0
6.125938 137544.0
6.144959 137808.0
6.156820 138093.2
6.168751 138093.2
6.184970 137960.8
6.203881 138225.6
6.215663 137808.0
6.229450 137390.4
6.253773 138093.2
6.265809 137696.0
6.300211 137412.0
6.312169 137148.0
6.324323 137148.0
6.336372 137412.0
6.348469 136995.6
6.360838 136337.6
6.372863 136995.6
6.385031 138622.8
6.397129 137412.0
6.409079 137828.4
6.427808 136337.6
6.439804 137544.0
6.451743 137258.8
6.463656 137960.8
6.475552 137431.2
6.487540 137412.0
6.499542 137544.0
6.511505 137544.0
6.523392 136600.8
6.535387 137544.0
6.547382 137412.0
6.559620 136864.0
6.571622 137544.0
6.583682 137431.2
6.595574 137431.2
6.607489 137280.0
6.619489 138093.2
6.632078 137960.8
6.644060 136884.0
6.655949 136600.8
6.667886 137940.0
6.679838 137390.4
6.691703 138093.2
6.703765 137016.0
6.715707 137258.8
6.727673 137390.4
6.739714 136752.0
6.751604 136884.0
6.763644 136972.8
6.776103 137127.2
6.788029 138776.0
6.799850 138358.0
6.811695 137412.0
6.823571 137960.8
6.835375 138643.2
6.847360 137544.0
6.859406 137127.2
6.873362 137127.2
6.885219 137828.4
6.897098 137016.0
6.916547 138377.6
6.929016 137808.0
6.944207 137563.6
6.956123 137258.8
6.973974 137808.0
6.985999 138225.6
7.006040 138093.2
7.018083 138358.0
7.037314 138490.4
7.056553 138072.0
7.074854 137828.4
7.086732 138225.6
7.098703 137960.8
7.110613 137544.0
7.126383 137544.0
7.145172 138225.6
7.157047 138225.6
7.168980 138225.6
7.196230 138225.6
7.208100 138093.2
7.227244 137544.0
7.244578 137412.0
7.256556 137940.0
7.275282 137431.2
7.288546 137258.8
7.307168 137676.0
7.323835 137016.0
7.340311 137544.0
7.355655 138225.6
7.367611 138358.0
7.393688 137544.0
7.405585 137696.0
7.417673 137412.0
7.429611 137940.0
7.456068 137960.8
7.467920 138358.0
7.484301 138225.6
7.504361 138225.6
7.516230 138622.8
7.536410 138225.6
7.548334 137940.0
7.567764 137522.0
7.586535 138093.2
7.605391 139307.2
7.617262 139860.0
7.631610 137148.0
7.650250 138358.0
7.662043 138755.2
7.674045 139174.4
7.685794 139879.2
7.697803 140280.0
7.709679 139879.2
7.721439 140012.8
7.733180 139726.8
7.745027 139860.0
7.756742 140146.4
7.768531 140547.2
7.780380 140146.4
7.792094 139726.8
7.803814 139593.6
7.815599 139460.4
7.827321 140012.8
7.839043 139174.4
7.851047 140012.8
7.862755 139460.4
7.874574 140012.8
7.886341 139879.2
7.898111 139174.4
7.909865 139460.4
7.921852 140700.0
7.933589 139460.4
7.945442 140280.0
7.957185 140146.4
7.968970 140012.8
7.980735 140146.4
7.992520 140146.4
8.004226 139174.4
8.015934 139460.4
8.027624 139041.6
8.039460 139174.4
8.051245 139041.6
8.062952 138510.4
8.074697 139478.4
8.086397 140030.0
8.098212 139745.6
8.110054 138927.6
8.121883 138776.0
8.133601 139194.0
8.145455 138776.0
8.157179 139194.0
8.169003 139612.0
8.180765 139745.6
8.192565 139745.6
8.204279 139879.2
8.215996 140146.4
8.227644 139593.6
8.239473 139307.2
8.251266 139860.0
8.262988 139194.0
8.279779 136884.0
8.291794 136864.0
8.303836 136752.0
8.315792 136752.0
8.327897 137127.2
8.339942 136752.0
8.352067 136995.6
8.364073 137280.0
8.376069 136884.0
8.388176 137280.0
8.400224 137431.2
8.412218 137412.0
8.424104 137544.0
8.436023 138776.0
8.447885 137544.0
8.459912 137828.4
8.471791 138776.0
8.483559 139612.0
8.495400 138643.2
8.507138 139612.0
8.518849 139745.6
8.530669 139879.2
8.542443 139745.6
8.554264 139745.6
8.565991 139879.2
8.577894 139612.0
8.590025 139745.6
8.601929 140126.4
8.615834 139327.2
8.627614 139327.2
8.639684 138755.2
8.651555 139993.2
8.663323 139593.6
8.675140 140146.4
8.686864 138908.8
8.698659 139593.6
8.710462 139460.4
8.722172 139860.0
8.733924 138490.4
8.745910 139860.0
8.757627 139460.4
8.769662 140280.0
8.781404 140146.4
8.793155 139860.0
8.804868 139726.8
8.816662 139726.8
8.828398 139593.6
8.840139 139726.8
8.851873 139993.2
8.863579 139041.6
8.875370 139041.6
8.887076 138093.2
8.898898 138776.0
8.910709 138776.0
8.922535 138908.8
8.934323 139174.4
8.949523 137676.0
8.962651 137127.2
8.974567 137544.0
8.987329 136054.4
8.999438 137390.4
9.012559 138776.0
9.024278 139593.6
9.036125 137828.4
9.048872 137298.8
9.060771 136884.0
9.072768 137258.8
9.084578 137258.8
9.096478 137390.4
9.108315 137412.0
9.120182 137148.0
9.132274 136864.0
9.144083 137280.0
9.156009 137676.0
9.167862 137808.0
9.179972 139612.0
9.191793 139327.2
9.203512 140146.4
9.215223 139194.0
9.227065 139593.6
9.238860 139612.0
9.255061 137544.0
9.268250 140413.6
9.283633 137676.0
9.295562 139174.4
9.307349 139307.2
9.319074 138908.8
9.330883 139440.0
9.342606 138908.8
9.354609 139307.2
9.366438 139460.4
9.378254 139726.8
9.390051 139879.2
9.411783 137280.0
9.430915 136884.0
9.442900 137412.0
9.454892 137258.8
9.466851 137828.4
9.478838 136469.2
9.490788 137544.0
9.502841 137960.8
9.514751 136600.8
9.526825 137127.2
9.538751 137258.8
9.550766 137280.0
9.562842 137544.0
9.574774 137390.4
9.586769 137544.0
9.598807 136884.0
9.610707 136995.6
9.622641 137544.0
9.634790 137522.0
9.648162 137412.0
9.660009 137390.4
9.671936 137960.8
9.683957 137034.0
9.695879 136864.0
9.707878 137544.0
9.719904 137148.0
9.731838 136337.6
9.743909 137808.0
9.755742 137940.0
9.767627 137808.0
9.779635 137979.2
9.791542 137696.0
9.803397 137808.0
9.815281 137412.0
9.829106 137280.0
9.855777 136600.8
9.867702 139572.8
9.879639 138755.2
9.891584 139593.6
9.903413 139194.0
9.915255 139879.2
9.926980 139745.6
9.938776 139726.8
9.955442 139174.4
9.967234 139460.4
9.978969 139041.6
9.990792 138490.4
10.002605 139879.2
10.014413 138358.0
10.026293 139593.6
10.037994 139041.6
10.050043 139726.8
10.061764 139879.2
10.073649 140146.4
10.085354 140146.4
10.097132 139593.6
10.108832 139460.4
10.120656 139726.8
10.132385 139307.2
10.144099 139041.6
10.155805 138643.2
10.167653 139284.8
10.179572 139593.6
10.191295 139041.6
10.203114 139726.8
10.214910 139194.0
10.226617 139041.6
10.238288 138643.2
10.250208 139041.6
10.261937 139041.6
10.280105 136620.0
10.292240 136864.0
10.304315 137016.0
10.316314 136752.0
10.328264 136448.0
10.340378 137563.6
10.352419 137280.0
10.364564 137544.0
10.376956 136864.0
10.389890 137412.0
10.402310 138643.2
10.414187 137544.0
10.426183 137960.8
10.438084 137713.6
10.450173 137544.0
10.462093 138377.6
10.474201 137431.2
10.486132 137960.8
10.498178 138093.2
10.510076 139460.4
10.522111 138776.0
10.533843 139612.0
10.545578 139460.4
10.557316 139593.6
10.569139 138776.0
10.580939 139879.2
10.592746 140012.8
10.605599 137940.0
10.617569 140012.8
10.629369 140146.4
10.641219 139879.2
10.652964 140566.0
10.664796 140146.4
10.676518 139726.8
10.688247 139726.8
10.700004 140146.4
10.711750 139440.0
10.723477 139726.8
10.735202 139593.6
10.746930 139174.4
10.758677 138622.8
10.770668 139593.6
10.782386 139327.2
10.794288 139726.8
10.805991 138776.0
10.817869 140280.0
10.829686 140146.4
10.850326 138776.0
10.862066 139478.4
10.874086 139593.6
10.885832 139194.0
10.897722 139593.6
10.909582 140146.4
10.941071 137412.0
10.953930 136995.6
10.965847 137544.0
10.977691 137960.8
10.989609 136995.6
11.001599 137828.4
11.013494 137016.0
11.025406 137544.0
11.037299 136995.6
11.049735 138093.2
11.061579 137412.0
11.074208 137412.0
11.101935 137563.6
11.114009 136710.4
11.125899 136185.6
11.137902 134703.2
11.149798 133138.4
11.161695 137412.0
11.173532 137544.0
11.185458 137696.0
11.197364 137940.0
11.209446 137563.6
11.221377 136600.8
11.233322 137808.0
11.245171 136579.2
11.257211 133510.0
11.269198 136074.4
11.281388 135116.4
11.293348 134462.4
11.305392 136032.0
11.317883 139041.6
11.329873 139726.8
11.341610 139593.6
11.353347 139593.6
11.365045 139440.0
11.376830 139307.2
11.388547 139041.6
11.400284 138776.0
11.412000 140030.0
11.423767 138358.0
11.435614 138225.6
11.447400 138755.2
11.459384 139307.2
11.471061 138908.8
11.482884 139593.6
11.494678 138776.0
11.506449 138908.8
11.518156 139327.2
11.530172 139726.8
11.541927 138776.0
11.553777 140012.8
11.565495 139726.8
11.577291 139593.6
11.588950 138358.0
11.600804 139041.6
11.612539 138776.0
11.624263 139612.0
11.636007 140164.0
11.647795 139060.8
11.659716 138358.0
11.671454 139041.6
11.688262 138755.2
11.700096 140146.4
11.711836 140146.4
11.723561 140146.4
11.735282 139460.4
11.747042 140012.8
11.758766 139593.6
11.770766 140146.4
11.782482 140012.8
11.794370 139860.0
11.806064 139460.4
11.817940 140547.2
11.829678 139726.8
11.841422 139726.8
11.853148 139460.4
11.864931 139174.4
11.876637 139307.2
11.888345 138908.8
11.900080 138776.0
11.916179 137280.0
11.940059 136752.0
11.951983 137960.8
11.963938 137544.0
11.975871 136864.0
11.989852 136600.8
12.001919 138358.0
12.013732 137960.8
12.025774 137846.4
12.037622 139745.6
12.049437 140030.0
12.061238 137580.8
12.073584 137280.0
12.086122 137298.8
12.098250 137960.8
12.110184 137412.0
12.122263 137298.8
12.134172 137544.0
12.146291 138112.0
12.158204 137960.8
12.170906 136864.0
