# 1396596675.621367
0.061975 145281.6
0.074963 144278.4
0.086851 143464.8
0.098823 142500.8
0.110782 142810.8
0.122538 144432.0
0.134350 144856.8
0.146202 144720.4
0.158100 144296.0
0.170294 143193.6
0.182269 141120.0
0.194093 141388.8
0.205998 142095.2
0.217942 140985.6
0.230038 142500.8
0.241923 142651.2
0.253736 142365.6
0.265553 137846.4
0.277554 138676.8
0.289463 139628.0
0.301493 138244.8
0.313410 139726.8
0.326111 139612.0
0.337979 139879.2
0.349978 140298.0
0.361900 141674.8
0.373728 141837.6
0.385677 140582.4
0.397640 141523.2
0.409526 142515.6
0.421451 140866.0
0.433327 140716.8
0.445221 141540.0
0.457395 142214.0
0.471516 140985.6
0.483376 139344.8
0.495283 138794.4
0.507323 138409.6
0.519291 139494.0
0.533071 141540.0
0.546842 142636.0
0.558802 144038.4
0.570584 143480.0
0.582290 143072.0
0.593997 143193.6
0.605712 143072.0
0.617473 142922.4
0.629298 143329.2
0.641126 145129.6
0.652795 142922.4
0.664471 142500.8
0.676157 143765.6
0.687840 143193.6
0.699543 144311.2
0.711227 144038.4
0.722955 143616.0
0.734703 143329.2
0.746462 144871.2
0.758223 142786.8
0.769977 143344.0
0.781668 143616.0
0.793305 143629.2
0.806325 145144.8
0.818079 147384.0
0.830026 145965.6
0.841858 146956.8
0.853652 146956.8
0.865352 146666.8
0.877108 146529.6
0.889060 147094.4
0.900740 146666.8
0.912417 146956.8
0.924084 146392.4
0.935754 146681.6
0.947431 147094.4
0.959137 147798.0
0.970882 147522.0
0.982641 147522.0
0.994383 147522.0
1.006088 147094.4
1.017888 147660.0
1.039049 144447.6
1.050897 144856.8
1.062751 146239.2
1.074527 146666.8
1.086323 146666.8
1.098015 146529.6
1.109774 146529.6
1.121499 146529.6
1.133274 146819.2
1.145087 147094.4
1.156761 145828.8
1.168416 147522.0
1.180108 147369.6
1.191773 148226.4
1.203444 146804.0
1.215127 146666.8
1.226897 146529.6
1.238760 147660.0
1.250530 147384.0
1.265275 143888.0
1.284935 144160.0
1.296767 145692.0
1.308718 143582.4
1.320570 143176.8
1.332299 143312.0
1.344037 143136.0
1.355840 145828.8
1.367632 145965.6
1.379535 145692.0
1.391356 145281.6
1.403341 144296.0
1.415131 144993.2
1.427042 144993.2
1.439081 145692.0
1.450949 145432.0
1.463010 143329.2
1.475003 141674.8
1.487099 143480.0
1.499172 142365.6
1.512671 144840.0
1.526396 146956.8
1.538142 146819.2
1.549970 145965.6
1.561679 146666.8
1.573376 146529.6
1.585159 146529.6
1.596857 146819.2
1.608530 146392.4
1.620332 147384.0
1.632038 147522.0
1.643733 147660.0
1.655398 147369.6
1.667075 147094.4
1.678822 146406.4
1.690666 147369.6
1.707513 145675.2
1.719340 147094.4
1.731074 146529.6
1.742821 147094.4
1.754558 146956.8
1.766327 146529.6
1.778016 146666.8
1.789712 146529.6
1.801397 147108.0
1.813205 146392.4
1.824890 147384.0
1.836599 146956.8
1.848281 147798.0
1.859990 147798.0
1.871698 147660.0
1.883439 147094.4
1.895124 147094.4
1.906785 146529.6
1.918547 146956.8
1.930431 146392.4
1.942149 146819.2
1.953967 147094.4
1.965751 146956.8
1.977439 146666.8
1.989248 146956.8
2.000921 146102.4
2.012593 145965.6
2.024271 148088.0
2.035921 147094.4
2.047581 147232.0
2.059361 147660.0
2.071084 147094.4
2.082769 146819.2
2.094472 146956.8
2.106263 146956.8
2.118092 147232.0
2.129983 147232.0
2.141769 147936.0
2.153458 147660.0
2.165226 147232.0
2.176902 147094.4
2.188574 146956.8
2.200359 147094.4
2.212050 146666.8
2.223760 146529.6
2.235476 146392.4
2.247164 147246.0
2.259045 146392.4
2.270842 147094.4
2.282740 146392.4
2.294417 146102.4
2.306191 146392.4
2.317969 146819.2
2.329752 146666.8
2.341455 147369.6
2.353273 147522.0
2.364958 146666.8
2.376645 146392.4
2.388323 147246.0
2.400032 147660.0
2.411714 147232.0
2.423423 147232.0
2.435118 147094.4
2.446876 146804.0
2.461080 144704.0
2.472949 144584.0
2.484786 145129.6
2.496546 145692.0
2.508366 144007.2
2.520258 143464.8
2.532006 140866.0
2.543713 145828.8
2.555555 145828.8
2.567354 145692.0
2.579231 143616.0
2.591165 144296.0
2.603089 145129.6
2.615111 145692.0
2.627044 144871.2
2.639115 145555.2
2.650890 144038.4
2.663068 141824.8
2.675060 143329.2
2.687168 141540.0
2.699227 142771.2
2.712756 143902.0
2.724548 147232.0
2.736233 147522.0
2.747945 147094.4
2.759729 147232.0
2.771463 147232.0
2.783140 147232.0
2.794750 146956.8
2.806438 146392.4
2.818231 145402.4
2.830189 147232.0
2.842016 147798.0
2.853833 147798.0
2.865531 147660.0
2.877285 147369.6
2.889231 147246.0
2.900954 146956.8
2.912624 147232.0
2.924291 148074.0
2.935969 147232.0
2.947645 146666.8
2.959344 146529.6
2.971083 146239.2
2.982881 146529.6
2.994644 146956.8
3.006404 146681.6
3.018127 145965.6
3.029864 145965.6
3.041498 147522.0
3.053293 147384.0
3.064973 147522.0
3.076646 147660.0
3.088329 147522.0
3.100056 146666.8
3.111736 147094.4
3.123466 146666.8
3.135176 146529.6
3.146862 146118.0
3.158564 146118.0
3.170400 146255.2
3.182178 146529.6
3.193996 146666.8
3.209746 144840.0
3.221837 147660.0
3.233557 147660.0
3.245329 147936.0
3.257012 147369.6
3.268708 147522.0
3.280390 147094.4
3.292003 146102.4
3.303702 146819.2
3.315442 147246.0
3.327182 146819.2
3.339086 146239.2
3.350946 147094.4
3.362686 146819.2
3.374448 146666.8
3.386158 146529.6
3.397885 146392.4
3.409741 146804.0
3.421495 146804.0
3.433300 147094.4
3.444982 146529.6
3.456658 146392.4
3.468311 146819.2
3.480007 147660.0
3.491723 147798.0
3.503456 147232.0
3.515213 147798.0
3.526966 147232.0
3.538826 147384.0
3.550588 147384.0
3.562295 147369.6
3.574071 147782.4
3.585769 147660.0
3.597543 147660.0
3.609410 147798.0
3.621094 147798.0
3.632790 147232.0
3.647103 144720.4
3.666803 145281.6
3.678810 144734.4
3.690694 144007.2
3.702582 143600.4
3.715891 144993.2
3.730018 145266.0
3.750674 144856.8
3.763241 144584.0
3.775229 145692.0
3.787150 145418.4
3.799326 144296.0
3.811215 144720.4
3.823265 145692.0
3.835192 144038.4
3.847284 145266.0
3.859280 145418.4
3.871268 142922.4
3.883293 142483.6
3.895276 141540.0
3.907306 144024.0
3.919452 144993.2
3.932979 147094.4
3.944714 147094.4
3.956429 147094.4
3.968042 146392.4
3.979771 145692.0
3.991462 147094.4
4.003203 147384.0
4.014909 147384.0
4.026694 147384.0
4.038477 146970.0
4.052903 147384.0
4.064613 147660.0
4.076309 147798.0
4.087990 147232.0
4.099707 147094.4
4.111415 146666.8
4.123154 146956.8
4.134990 147660.0
4.146748 147522.0
4.158517 147384.0
4.170367 147232.0
4.182142 147369.6
4.193895 147232.0
4.205630 147660.0
4.217463 147798.0
4.229220 147369.6
4.240897 147507.2
4.252585 147094.4
4.264256 147094.4
4.275931 146956.8
4.287576 146956.8
4.299308 147246.0
4.311168 145828.8
4.322865 147108.0
4.334620 146832.0
4.346309 147094.4
4.358018 147936.0
4.369815 147798.0
4.381591 147384.0
4.393477 147246.0
4.405158 147094.4
4.416846 147232.0
4.428548 147522.0
4.440384 147936.0
4.452060 147798.0
4.463746 147094.4
4.475431 147094.4
4.487252 147094.4
4.499058 147094.4
4.510854 147232.0
4.522589 146956.8
4.534297 147246.0
4.546004 147232.0
4.557787 147660.0
4.569580 146956.8
4.581254 147094.4
4.592925 147094.4
4.604622 146392.4
4.616289 146956.8
4.627975 147798.0
4.639682 147660.0
4.651358 147094.4
4.663075 147522.0
4.674811 147522.0
4.686688 147094.4
4.698548 146970.0
4.712133 145266.0
4.723917 147215.6
4.739564 144993.2
4.751826 146804.0
4.763598 146804.0
4.775325 146529.6
4.787006 146255.2
4.799230 146804.0
4.810966 147384.0
4.822683 147094.4
4.834420 147522.0
4.846211 147369.6
4.860510 144856.8
4.872437 144142.8
4.884280 144720.4
4.896013 145418.4
4.907805 143312.0
4.919754 143329.2
4.931646 142515.6
4.943405 144976.0
4.955316 145129.6
4.967378 144311.2
4.979321 144296.0
4.991274 145692.0
5.003117 144993.2
5.015243 145281.6
5.027238 144856.8
5.039330 145281.6
5.051125 144568.0
5.063584 141135.6
5.075502 143058.0
5.087484 142771.2
5.099443 141824.8
5.111438 142936.0
5.123461 145266.0
5.135392 144856.8
5.147827 144856.8
5.159977 144993.2
5.179946 144856.8
5.191802 144597.6
5.203691 144584.0
5.215691 144993.2
5.227641 145281.6
5.239528 145008.0
5.251370 144856.8
5.270109 144840.0
5.282630 145144.8
5.294500 145294.8
5.306468 144856.8
5.318493 145281.6
5.330479 143582.4
5.342460 143871.6
5.354333 143871.6
5.366078 140126.4
5.377932 145144.8
5.390053 144296.0
5.401984 145555.2
5.413931 145828.8
5.425815 145828.8
5.437784 144296.0
5.449702 145266.0
5.461633 145266.0
5.473621 145281.6
5.485590 144720.4
5.497641 144584.0
5.509684 144720.4
5.521688 145692.0
5.533604 142753.2
5.545543 141120.0
5.557567 142500.8
5.569751 143765.6
5.581814 143058.0
5.593793 144704.0
5.606266 145965.6
5.621043 144856.8
5.632884 144720.4
5.644795 144993.2
5.658061 145555.2
5.671759 145692.0
5.683683 145008.0
5.695652 144704.0
5.710821 145692.0
5.722696 145555.2
5.734576 145555.2
5.746893 145555.2
5.760740 145129.6
5.772537 145418.4
5.784367 145402.4
5.797718 145112.0
5.811468 145129.6
5.823397 145129.6
5.835302 145828.8
5.848890 145538.8
5.862217 145144.8
5.874082 145266.0
5.886195 145266.0
5.898042 144993.2
5.912336 145692.0
5.924142 146102.4
5.936204 144568.0
5.950566 145144.8
5.962469 144856.8
5.974500 145692.0
5.987936 144840.0
6.001545 145008.0
6.013388 145266.0
6.025352 145266.0
6.040886 145555.2
6.052785 145965.6
6.065010 145828.8
6.077332 145129.6
6.090962 145402.4
6.110612 144720.4
6.124650 145281.6
6.137902 145266.0
6.151400 144007.2
6.163406 144704.0
6.175327 145418.4
6.187601 145402.4
6.201241 145129.6
6.213145 144432.0
6.225039 145843.6
6.237997 145281.6
6.251762 145692.0
6.263547 145692.0
6.275519 145281.6
6.289524 145555.2
6.301355 145266.0
6.313195 145692.0
6.325107 145706.4
6.338809 145402.4
6.352237 144432.0
6.364085 145129.6
6.377597 144856.8
6.390986 145692.0
6.402863 145129.6
6.414989 145129.6
6.426828 145129.6
6.440873 146102.4
6.452730 145828.8
6.465955 144856.8
6.478796 144993.2
6.492303 145418.4
6.504117 145266.0
6.515907 145418.4
6.528362 145402.4
6.541989 145555.2
6.553852 145266.0
6.565732 145828.8
6.581029 144584.0
6.592869 144720.4
6.604661 145402.4
6.616819 145418.4
6.630608 144296.0
6.642514 144160.0
6.654343 145266.0
6.666661 145266.0
6.680990 144720.4
6.692831 145008.0
6.706165 144993.2
6.718113 145129.6
6.731911 145266.0
6.743771 144720.4
6.755867 145675.2
6.770875 145266.0
6.782836 145555.2
6.794816 144856.8
6.808238 145828.8
6.821815 145266.0
6.834442 145129.6
6.846708 144840.0
6.860827 145281.6
6.872604 144856.8
6.884348 145402.4
6.897696 145266.0
6.911539 145129.6
6.923441 145129.6
6.935513 144856.8
6.950806 145129.6
6.962670 144704.0
6.974703 145555.2
6.988285 145266.0
7.001848 145129.6
7.013720 145129.6
7.025903 144840.0
7.040913 145266.0
7.052717 145129.6
7.064588 145692.0
7.077230 145555.2
7.090902 145538.8
7.102660 145555.2
7.114556 145555.2
7.126959 145692.0
7.140643 145675.2
7.152477 145692.0
7.164283 145129.6
7.176416 145402.4
7.190747 145266.0
7.202600 145692.0
7.215448 144296.0
7.227319 144856.8
7.241127 145266.0
7.252933 145129.6
7.264807 145402.4
7.278252 145538.8
7.291979 144720.4
7.303778 145266.0
7.315888 145965.6
7.330776 145129.6
7.342667 145266.0
7.354638 144993.2
7.368172 145402.4
7.387867 144432.0
7.402311 145828.8
7.415719 145402.4
7.428905 144976.0
7.442306 146118.0
7.454675 145281.6
7.468160 145266.0
7.481820 145266.0
7.493707 145402.4
7.505943 145248.0
7.520902 144856.8
7.532689 145129.6
7.544581 145266.0
7.558139 145538.8
7.571923 144432.0
7.584159 145828.8
7.597393 144976.0
7.611086 145281.6
7.623059 145555.2
7.634841 145129.6
7.647443 144993.2
7.660970 145266.0
7.672733 145692.0
7.684479 145266.0
7.696479 145402.4
7.710959 145555.2
7.727180 145402.4
7.740713 145538.8
7.752546 145266.0
7.764278 145281.6
7.777509 145418.4
7.791191 145402.4
7.803169 145418.4
7.815225 145402.4
7.828869 144447.6
7.840796 145266.0
7.852618 144993.2
7.864509 145266.0
7.877883 145402.4
7.891672 144720.4
7.903623 145266.0
7.915743 144856.8
7.930825 144584.0
7.942687 145129.6
7.954734 145828.8
7.968290 144840.0
7.981911 144584.0
7.993906 145828.8
8.007572 145828.8
8.021090 144584.0
8.032918 144447.6
8.044845 144568.0
8.058268 145692.0
8.072291 144856.8
8.084089 145129.6
8.096068 145402.4
8.110797 145555.2
8.122748 145555.2
8.134732 145828.8
8.148063 144704.0
8.161627 145281.6
8.173445 144311.2
8.185391 144840.0
8.200994 144720.4
8.212933 144856.8
8.225258 144993.2
8.238866 145402.4
8.252321 145555.2
8.264110 145692.0
8.276196 144432.0
8.290705 145555.2
8.302723 145129.6
8.314687 144856.8
8.328206 145266.0
8.345087 145418.4
8.358463 145843.6
8.372029 145266.0
8.383876 145402.4
8.397290 145402.4
8.412123 145281.6
8.426631 144840.0
8.440971 144993.2
8.452750 145828.8
8.466098 145266.0
8.480979 144856.8
8.492815 144704.0
8.504691 145129.6
8.516511 145144.8
8.530761 145555.2
8.542742 145555.2
8.554711 145266.0
8.567054 145692.0
8.581326 145129.6
8.594836 144840.0
8.608359 145418.4
8.621931 145692.0
8.634086 145266.0
8.646501 144993.2
8.660902 145266.0
8.672832 145828.8
8.691216 145281.6
8.703238 144584.0
8.715083 145129.6
8.727778 145828.8
8.741180 145129.6
8.753422 145555.2
8.766355 145129.6
8.781190 144993.2
8.793251 145555.2
8.805110 144720.4
8.816982 145692.0
8.830238 145281.6
8.842081 145266.0
8.856461 145129.6
8.868307 145402.4
8.882000 145692.0
8.893880 145692.0
8.905859 145266.0
8.918371 145692.0
8.932124 144584.0
8.943894 145008.0
8.955736 144976.0
8.968999 144568.0
8.982425 145144.8
8.994307 144704.0
9.006474 145281.6
9.020941 144993.2
9.032734 145281.6
9.044520 144584.0
9.056857 144856.8
9.076623 144038.4
9.088501 144432.0
9.100623 144856.8
9.112494 145843.6
9.124342 144871.2
9.136281 144296.0
9.148205 144720.4
9.160053 145692.0
9.172041 144856.8
9.183976 144584.0
9.199250 144160.0
9.211151 145418.4
9.225928 144584.0
9.237709 143871.6
9.249564 144024.0
9.261441 144993.2
9.273455 144871.2
9.285412 144856.8
9.297447 145569.2
9.309308 145538.8
9.321200 144584.0
9.333253 144568.0
9.345216 145281.6
9.357300 144024.0
9.369241 144432.0
9.381146 145266.0
9.392953 145965.6
9.404800 146102.4
9.416671 144311.2
9.428568 144584.0
9.440600 146102.4
9.452454 145828.8
9.464267 145828.8
9.476168 142095.2
9.488094 141809.6
9.500079 144704.0
9.520277 144856.8
9.532252 143329.2
9.544199 144324.0
9.557233 145418.4
9.569365 144993.2
9.581396 145418.4
9.593404 145008.0
9.605370 144993.2
9.618831 144720.4
9.630879 144568.0
9.643137 145008.0
9.665526 145129.6
9.699392 143888.0
9.711630 145144.8
9.724398 145129.6
9.736349 145266.0
9.748263 145008.0
9.760391 143752.0
9.772771 145555.2
9.785357 145266.0
9.797230 145692.0
9.809262 145144.8
9.821046 144584.0
9.832856 145418.4
9.845487 144840.0
9.857281 145402.4
9.869208 145266.0
9.881049 145418.4
9.892915 145294.8
9.904788 144720.4
9.917073 143888.0
9.929217 144993.2
9.942159 144856.8
9.954730 144840.0
9.982647 144856.8
9.994668 144993.2
10.006800 145112.0
10.018917 145418.4
10.031051 144296.0
10.042895 144993.2
10.054908 144993.2
10.067943 145281.6
10.081908 143888.0
10.093831 144840.0
10.106016 144993.2
10.118372 143582.4
10.130341 145157.6
10.142358 144568.0
10.154137 145692.0
10.166105 145555.2
10.178122 143193.6
10.190041 144993.2
10.201993 145692.0
10.213864 145008.0
10.226201 144278.4
10.238258 144447.6
10.250200 145555.2
10.262134 142576.0
10.274149 146255.2
10.286031 145129.6
10.298405 145432.0
10.310387 144856.8
10.322362 145980.8
10.334393 145008.0
10.346243 145294.8
10.358192 145281.6
10.370586 144856.8
10.382514 145418.4
10.394456 144856.8
10.406537 145402.4
10.418464 144704.0
10.431183 144024.0
10.443052 145432.0
10.454933 145555.2
10.466785 144993.2
10.478829 144993.2
10.491275 144856.8
10.503272 144720.4
10.515127 145281.6
10.527393 144311.2
10.539299 144704.0
10.551295 145555.2
10.563142 145418.4
10.575054 145157.6
10.586946 144432.0
10.599159 145555.2
10.610925 145980.8
10.622977 145129.6
10.634908 145266.0
10.647208 144856.8
10.659281 144993.2
10.671428 144704.0
10.683400 144856.8
10.695318 144856.8
10.707485 144856.8
10.719941 144704.0
10.731981 144856.8
10.743823 144447.6
10.755897 144432.0
10.768359 144993.2
10.780281 145266.0
10.792136 145129.6
10.804363 144856.8
10.816180 145266.0
10.828158 144447.6
10.840216 145129.6
10.852784 144704.0
10.865140 144993.2
10.877012 143001.6
10.889615 144856.8
10.902890 144160.0
10.914927 145129.6
10.927911 144278.4
10.940463 145266.0
10.952814 144704.0
10.964626 143582.4
10.976585 145569.2
10.988422 142753.2
11.000289 143480.0
11.012226 145266.0
11.024046 144704.0
11.036375 144142.8
11.048242 144856.8
11.060230 144840.0
11.072104 144704.0
11.083984 143582.4
11.096537 144704.0
11.108463 144856.8
11.121049 145402.4
11.133159 144704.0
11.145055 145555.2
11.157406 145266.0
11.169285 145129.6
11.181582 144856.8
11.209732 145281.6
11.222937 145692.0
11.235358 144432.0
11.247867 143852.8
11.260003 144720.4
11.274524 144447.6
11.286574 143852.8
11.298743 145555.2
11.310679 145266.0
11.322550 143022.8
11.334668 144993.2
11.346681 144432.0
11.358778 144024.0
11.372503 144174.8
11.384375 144993.2
11.396291 144993.2
11.408264 145418.4
11.420525 144993.2
11.432791 144296.0
11.444753 144993.2
11.456606 145980.8
11.468516 144447.6
11.480523 144993.2
11.492397 145555.2
11.505240 144720.4
11.517009 144720.4
11.529151 144856.8
11.541069 145402.4
11.553377 144432.0
11.565759 145129.6
11.577618 145828.8
11.589491 144704.0
11.601404 144720.4
11.613285 144160.0
11.625602 145856.0
11.637456 144840.0
11.649396 145266.0
11.661239 145555.2
11.673527 145538.8
11.685307 144568.0
11.697533 143888.0
11.709332 144871.2
11.721236 145266.0
11.733051 144720.4
11.745637 145692.0
11.757470 144993.2
11.771835 145692.0
11.783907 144160.0
11.795970 145555.2
11.807888 145828.8
11.821674 145418.4
11.833503 145281.6
11.845417 144568.0
11.858891 144432.0
11.872461 145266.0
11.884387 145555.2
11.896437 145129.6
11.910570 145692.0
11.922346 145692.0
11.934401 144704.0
11.947957 145418.4
11.961568 145692.0
11.973424 144856.8
11.985408 144856.8
11.998931 145418.4
12.012383 145555.2
12.024214 145266.0
12.037576 145266.0
12.051229 145418.4
12.063075 145569.2
12.075128 145538.8
12.089347 144296.0
12.101137 144856.8
12.112978 144993.2
12.124941 145692.0
12.138378 145248.0
12.152076 145008.0
12.163989 145266.0
12.176127 145281.6
12.190640 145418.4
12.202372 145144.8
12.214359 145402.4
12.232908 145402.4
12.244825 145828.8
12.258264 144993.2
12.270693 145129.6
12.282596 146118.0
12.294563 144993.2
12.308291 144007.2
12.321737 145266.0
12.333543 145266.0
12.345472 145828.8
12.361061 145692.0
12.372884 145555.2
12.384747 145266.0
12.398238 144856.8
12.412048 145129.6
12.424007 145402.4
12.437280 144704.0
12.450935 144160.0
12.471219 144311.2
12.485198 144568.0
12.497496 145266.0
12.510718 144840.0
12.522621 145266.0
12.534579 145281.6
12.548254 144856.8
12.561737 144840.0
12.573555 145402.4
12.587159 144993.2
12.600791 144720.4
12.612568 144856.8
12.624433 144993.2
12.636317 145129.6
12.650816 145266.0
12.662692 145418.4
12.674439 145692.0
12.686377 144976.0
12.701066 145266.0
12.712866 145129.6
12.724649 145692.0
12.736842 145266.0
12.750585 144856.8
12.762406 144993.2
12.774333 145692.0
12.786474 144840.0
12.800205 144447.6
12.812116 145266.0
12.824007 145402.4
12.836133 144584.0
12.848109 144976.0
12.861328 144432.0
12.873338 144160.0
12.885388 144568.0
12.897670 144432.0
12.909947 144160.0
12.922334 144856.8
12.934508 145129.6
12.946357 144296.0
12.958274 145144.8
12.970474 144993.2
12.982338 145266.0
12.994239 145555.2
13.006031 145144.8
13.017828 145144.8
13.029602 142500.8
13.041414 142922.4
13.053159 142771.2
13.064918 138093.2
13.076621 145266.0
13.088498 145144.8
13.100615 144296.0
13.112455 144993.2
13.124359 144993.2
13.136208 144584.0
13.148174 144160.0
13.160150 145418.4
13.172129 145418.4
13.184101 145144.8
13.196017 144856.8
13.207991 145555.2
13.220104 144584.0
13.232099 144993.2
13.244055 142214.0
13.256091 140851.2
13.268115 143600.4
13.280096 142079.2
13.292708 145129.6
13.306305 145281.6
13.320902 144584.0
13.332732 144856.8
13.344516 145266.0
13.356651 144856.8
13.370688 145555.2
13.382444 144432.0
13.394467 145692.0
13.406716 144840.0
13.420728 145129.6
13.432509 145555.2
13.444345 145402.4
13.457546 145129.6
13.471137 145129.6
13.483106 144993.2
13.495197 145129.6
13.507187 145828.8
13.520956 144871.2
13.532770 144447.6
13.544721 144840.0
13.558072 145418.4
13.571775 145692.0
13.583622 145965.6
13.596960 144840.0
13.610709 145555.2
13.622614 145692.0
13.634544 144993.2
13.648148 145692.0
13.661361 145402.4
13.673171 145828.8
13.686547 144840.0
13.700861 145144.8
13.718186 144993.2
13.734391 145402.4
13.747107 145828.8
13.760788 145692.0
13.772576 145266.0
13.784367 145266.0
13.796207 145965.6
13.808828 144568.0
13.822128 145402.4
13.834029 145418.4
13.845943 145828.8
13.858528 145112.0
13.872176 145144.8
13.884137 145266.0
13.896065 146118.0
13.908560 145281.6
13.921188 144720.4
13.933008 144160.0
13.944838 145538.8
13.957000 145418.4
13.970569 145129.6
13.982467 145266.0
13.994532 144568.0
14.008087 145843.6
14.021576 145129.6
14.033352 145692.0
14.045329 145828.8
14.058831 145402.4
14.072370 144856.8
14.084226 144704.0
14.097720 144160.0
14.110423 145129.6
14.122438 146118.0
14.134333 145418.4
14.146488 144720.4
14.160850 145266.0
14.172668 145266.0
14.184531 145129.6
14.196675 144840.0
14.210632 145266.0
14.222536 145555.2
14.234470 145555.2
14.246582 144856.8
14.260720 144720.4
14.272531 145555.2
14.284464 144993.2
14.297628 144856.8
14.311291 145129.6
14.323210 145692.0
14.335220 145266.0
14.348932 145418.4
14.362503 144993.2
14.374420 145843.6
14.387878 145555.2
14.401557 145692.0
14.413393 145692.0
14.425447 145843.6
14.438947 146376.0
14.452301 144568.0
14.464252 145266.0
14.477645 145129.6
14.491257 146392.4
14.503211 145555.2
14.515354 145266.0
14.528199 145266.0
14.541592 146118.0
14.553434 145965.6
14.566860 145402.4
14.580969 145418.4
14.592888 145402.4
14.606067 145112.0
14.618848 144993.2
14.632387 145692.0
14.644264 145266.0
14.656207 146102.4
14.668761 144993.2
14.682314 145418.4
14.694139 145281.6
14.706059 145520.0
14.721053 144160.0
14.732874 144160.0
14.744708 144993.2
14.756563 144568.0
14.770682 144720.4
14.782608 144856.8
14.794490 145828.8
14.806654 145418.4
14.820932 145555.2
14.832721 145129.6
14.844594 145129.6
14.857281 145965.6
14.870864 144856.8
14.882705 144704.0
14.894724 145418.4
14.907071 144856.8
14.920769 145266.0
14.932619 145692.0
14.944417 145692.0
14.956599 144704.0
14.970735 144856.8
14.988206 145281.6
15.002109 145828.8
15.015412 144976.0
15.028810 145402.4
15.042350 145692.0
15.054642 145129.6
15.068207 145266.0
15.081876 145555.2
15.093734 144584.0
15.106251 145675.2
15.120925 145266.0
15.132740 145555.2
15.144518 145692.0
15.156680 145402.4
15.170683 145266.0
15.182589 145266.0
15.194532 145402.4
15.206684 145418.4
15.221009 145281.6
15.236873 145692.0
15.250699 144720.4
15.262594 144856.8
15.274573 146255.2
15.286855 145402.4
15.300745 145402.4
15.312624 145266.0
15.324602 146819.2
15.337908 144840.0
15.351484 145144.8
15.363294 144993.2
15.375340 145828.8
15.388980 146804.0
15.400693 147660.0
15.412385 146666.8
15.424188 147369.6
15.435868 145692.0
15.447597 146118.0
15.459375 145965.6
15.471184 146102.4
15.482883 146392.4
15.494604 146819.2
15.506417 145965.6
15.518088 147522.0
15.529803 147798.0
15.541420 148226.4
15.553127 147369.6
15.564804 147232.0
15.576471 146529.6
15.588192 146666.8
15.600037 147232.0
15.611812 146529.6
15.623613 147507.2
15.635291 146666.8
15.646988 146666.8
15.658930 147660.0
15.670654 147232.0
15.682476 147522.0
15.694185 147232.0
15.705869 147094.4
15.717545 146529.6
15.729269 147108.0
15.740955 147660.0
15.752632 147936.0
15.764323 147798.0
15.776146 147507.2
15.787849 146832.0
15.800209 147232.0
15.811934 147384.0
15.823635 147369.6
15.835313 147094.4
15.847026 146376.0
15.858971 147094.4
15.870763 147094.4
15.882552 147232.0
15.894248 147094.4
15.905941 147232.0
15.917608 146666.8
15.929319 146102.4
15.940990 147660.0
15.952671 147094.4
15.964362 147660.0
15.976323 144447.6
15.988439 144174.8
16.000850 145281.6
16.013030 144160.0
16.024937 144568.0
16.036934 144993.2
16.049100 144432.0
16.061075 144432.0
16.072975 145555.2
16.084727 145281.6
16.096586 145569.2
16.108384 144734.4
16.120304 144993.2
16.132213 144432.0
16.144257 145144.8
16.156210 144720.4
16.168236 143871.6
16.180038 143312.0
16.191907 143464.8
16.209815 144187.2
16.221969 145692.0
16.233803 144993.2
16.245691 144311.2
16.257548 145706.4
16.269382 144160.0
16.281204 144024.0
16.293075 144720.4
16.304961 144432.0
16.316837 144720.4
16.328986 144432.0
16.340794 145266.0
16.352605 144432.0
16.364458 144568.0
16.376387 144856.8
16.388330 144024.0
16.400369 143193.6
16.412396 142500.8
16.424372 141674.8
16.436390 143041.6
16.450282 145144.8
16.462311 147246.0
16.473998 147798.0
16.485675 147798.0
16.497334 147369.6
16.509122 147798.0
16.520804 147232.0
16.532429 146239.2
16.544215 147094.4
16.555921 146392.4
16.567736 146392.4
16.579988 145692.0
16.591729 147119.2
16.603438 147522.0
16.615098 147522.0
16.626897 147660.0
16.638699 147094.4
16.650509 146956.8
16.662213 148088.0
16.673883 148212.0
16.685540 147660.0
16.697205 146666.8
16.709052 147660.0
16.720722 146666.8
16.732472 146666.8
16.744374 147660.0
16.756074 146956.8
16.767779 146819.2
16.780033 146255.2
16.791670 147246.0
16.803302 147798.0
16.815055 147798.0
16.826783 147507.2
16.839154 146804.0
16.850913 147660.0
16.864360 145266.0
16.876116 146102.4
16.887900 146819.2
16.899768 146956.8
16.911504 146956.8
16.923294 147078.4
16.935087 147369.6
16.946794 147232.0
16.958566 147232.0
16.970519 147660.0
16.989705 144856.8
17.001475 147522.0
17.013169 147798.0
17.024860 147798.0
17.036555 147369.6
17.048331 147232.0
17.060083 147094.4
17.071830 147660.0
17.083580 147660.0
17.095418 147798.0
17.107245 148074.0
17.119519 146666.8
17.131360 147798.0
17.143094 147369.6
17.154783 147232.0
17.168332 145811.6
17.180128 146666.8
17.191826 146529.6
17.203577 147094.4
17.215426 147094.4
17.227264 147094.4
17.239202 147798.0
17.250993 147660.0
17.262746 147798.0
17.274591 148226.4
17.286280 147936.0
17.297898 146956.8
17.309698 146956.8
17.321395 147094.4
17.333084 146666.8
17.344779 146102.4
17.356465 146970.0
17.368207 146255.2
17.380140 146102.4
17.391870 147094.4
17.406011 145965.6
17.419893 144704.0
17.432527 146804.0
17.444341 147232.0
17.456214 147798.0
17.468000 147094.4
17.479838 147384.0
17.491639 148088.0
17.503447 147660.0
17.515307 146819.2
17.527137 146956.8
17.538967 146956.8
17.550766 146804.0
17.562601 146804.0
17.574278 147369.6
17.609052 145418.4
17.624814 146255.2
17.636698 144432.0
17.648537 144024.0
17.660544 145129.6
17.672544 143312.0
17.684354 143736.0
17.696236 142922.4
17.708102 145281.6
17.720483 145281.6
17.732436 144856.8
17.744490 145402.4
17.756392 145555.2
17.768395 144584.0
17.780241 145129.6
17.792352 145828.8
17.804160 145980.8
17.815985 145281.6
17.827845 144568.0
17.839912 146102.4
17.852067 145294.8
17.864023 144856.8
17.875986 145129.6
17.887994 143492.8
17.900042 143312.0
17.912030 142214.0
17.923953 141944.4
17.935965 143329.2
17.949309 144856.8
17.961243 144447.6
17.973264 143041.6
17.985173 144993.2
17.996967 144993.2
18.009082 144174.8
18.020900 144993.2
18.033053 145129.6
18.044918 143041.6
18.056751 144993.2
18.068795 144432.0
18.080729 144568.0
18.092798 146681.6
18.104530 146819.2
18.116232 147246.0
18.128014 146970.0
18.139864 146544.0
18.151577 147522.0
18.163408 147246.0
18.175213 145828.8
18.186921 147384.0
18.198708 147246.0
18.210480 147246.0
18.222160 147522.0
18.246496 145402.4
18.258226 145965.6
18.269942 146819.2
18.281671 147384.0
18.293284 147369.6
18.305141 147094.4
18.320419 145811.6
18.332191 146392.4
18.343907 146529.6
18.355700 146529.6
18.367504 146956.8
18.379306 147232.0
18.391080 147798.0
18.402831 146804.0
18.414495 146956.8
18.426169 147246.0
18.439379 146392.4
18.451151 146666.8
18.462870 146392.4
18.474749 147232.0
18.486473 146804.0
18.498162 146529.6
18.509862 146392.4
18.521542 146819.2
18.533225 147798.0
18.544843 147232.0
18.556538 147232.0
18.568283 147094.4
18.580074 147094.4
18.591873 147384.0
18.603561 146956.8
18.615262 146804.0
18.626964 146956.8
18.641372 144856.8
18.655569 146819.2
18.667439 146392.4
18.679539 146804.0
18.691443 147522.0
18.703257 147522.0
18.714954 147660.0
18.726728 144976.0
18.742265 145692.0
18.755100 144704.0
18.767010 146529.6
18.778999 147094.4
18.790714 147936.0
18.802364 147094.4
18.814075 147094.4
18.825776 146819.2
18.837828 147798.0
18.849578 147094.4
18.861331 147232.0
18.873023 147369.6
18.884706 147094.4
18.896519 147232.0
18.908212 147246.0
18.919963 146666.8
18.931786 147384.0
18.943579 147798.0
18.955410 147798.0
18.967173 147369.6
18.979033 147660.0
18.990790 147798.0
19.002631 147522.0
19.014310 147798.0
19.026005 147232.0
19.037686 147660.0
19.049462 147660.0
19.061144 146666.8
19.072829 146941.2
19.084586 146666.8
19.096342 146804.0
19.108069 146392.4
19.119890 147094.4
19.131576 147094.4
19.143310 146529.6
19.155016 146392.4
19.166766 147246.0
19.178540 146666.8
19.190312 146941.2
19.201974 147522.0
19.213645 147798.0
19.225335 147232.0
19.237066 147232.0
19.248774 147094.4
19.260530 147094.4
19.272324 147798.0
19.284077 147094.4
19.295789 147384.0
19.307534 147522.0
19.319349 147660.0
19.331134 147660.0
19.342917 147232.0
19.354726 147936.0
19.366415 147660.0
19.378089 147232.0
19.389791 147782.4
19.401482 146529.6
19.413179 146102.4
19.424859 147522.0
19.436612 147246.0
19.448371 147384.0
19.460151 147108.0
19.471962 146970.0
19.483670 147660.0
19.495375 147232.0
19.507119 148074.0
19.527217 145538.8
19.539148 147232.0
19.551017 144871.2
19.565732 144856.8
19.579009 147936.0
19.590782 147936.0
19.602476 147369.6
19.614154 147094.4
19.625836 147522.0
19.645983 145266.0
19.658716 147369.6
19.670445 145555.2
19.682248 147798.0
19.694019 147798.0
19.705734 146118.0
19.718562 144568.0
19.731416 144296.0
19.743364 146529.6
19.755147 146804.0
19.766934 147094.4
19.778768 146941.2
19.790392 147644.8
19.806850 145402.4
19.819141 146102.4
19.834279 144142.8
19.846117 147232.0
19.860704 144720.4
19.872645 146819.2
19.884361 146268.8
19.898407 147094.4
19.910115 146804.0
19.921813 147094.4
19.933495 146392.4
19.945185 146819.2
19.956931 147369.6
19.968769 146681.6
19.980548 145555.2
19.992256 146544.0
20.003979 147384.0
20.015716 147094.4
20.027544 147384.0
20.039377 146102.4
20.051061 147384.0
20.062854 146956.8
20.074530 148364.8
20.086227 147507.2
20.097894 147798.0
20.109677 147369.6
20.121348 147232.0
20.133787 145828.8
20.146475 146956.8
20.158162 147660.0
20.169894 147936.0
20.191162 145965.6
20.203027 146941.2
20.216801 144568.0
20.228752 147522.0
20.240588 147798.0
20.252302 147384.0
20.264046 147660.0
20.275756 147798.0
20.287537 147798.0
20.299281 147369.6
20.311057 148364.8
20.322898 147232.0
20.334575 147936.0
20.346276 147232.0
20.357967 147522.0
20.369697 146941.2
20.381388 146804.0
20.393074 146956.8
20.404816 146376.0
20.416634 146666.8
20.428316 145828.8
20.440072 146102.4
20.451790 146819.2
20.463565 146819.2
20.475319 146819.2
20.487038 146819.2
20.498986 147094.4
20.510691 146956.8
20.522465 146239.2
20.534140 146819.2
20.545763 147660.0
20.567187 145538.8
20.579116 147522.0
20.592717 144856.8
20.604585 147660.0
20.616282 147232.0
20.628056 146956.8
20.639899 147232.0
20.651694 147660.0
20.663410 147369.6
20.675107 147369.6
20.686875 147369.6
20.698576 147369.6
20.710372 147369.6
20.722057 147232.0
20.733733 147232.0
20.745431 146239.2
20.757108 147078.4
20.768938 147094.4
20.780706 146392.4
20.799625 145129.6
20.811548 146666.8
20.824740 145418.4
20.836610 147660.0
20.848347 146956.8
20.860197 147384.0
20.872004 146819.2
20.883740 147384.0
20.895486 147660.0
20.907255 148364.8
20.931192 145418.4
20.943275 145555.2
20.955840 144432.0
20.967934 144432.0
20.980073 144993.2
20.991972 144432.0
21.003880 145144.8
21.016101 144432.0
21.027947 144584.0
21.040231 145692.0
21.052097 144856.8
21.063958 143582.4
21.075863 143447.2
