# 1396596621.391879
0.038362 144447.6
0.063915 144160.0
0.075965 144704.0
0.087809 144568.0
0.108348 144296.0
0.120539 143582.4
0.132560 143888.0
0.144460 143736.0
0.156451 144976.0
0.168276 145402.4
0.180066 144704.0
0.191843 144704.0
0.203781 143600.4
0.215924 144856.8
0.227741 144704.0
0.239570 145675.2
0.251340 144704.0
0.263119 145266.0
0.274884 144704.0
0.292510 144432.0
0.313225 144142.8
0.325128 144704.0
0.337064 144296.0
0.349016 144976.0
0.364219 144976.0
0.383077 144296.0
0.394951 144993.2
0.406733 144993.2
0.422896 144584.0
0.434841 144568.0
0.454081 144704.0
0.467434 144142.8
0.486193 145538.8
0.503144 145266.0
0.515009 145129.6
0.535093 144976.0
0.554632 144568.0
0.566533 145112.0
0.586033 144568.0
0.605124 144432.0
0.623970 145266.0
0.635803 144568.0
0.647708 144704.0
0.664037 144568.0
0.682871 145129.6
0.694756 144704.0
0.715716 145266.0
0.727683 144993.2
0.746979 144414.0
0.766261 145248.0
0.785294 144278.4
0.804738 144568.0
0.816545 145538.8
0.835815 144568.0
0.854840 144432.0
0.873999 145266.0
0.885956 144447.6
0.897906 144296.0
0.914688 145828.8
0.933848 144704.0
0.945906 144414.0
0.964970 145129.6
0.983857 145266.0
0.996697 144142.8
1.015134 144568.0
1.027005 144296.0
1.038866 144993.2
1.050701 145418.4
1.062738 144704.0
1.074714 144976.0
1.094173 144432.0
1.112681 145266.0
1.124447 145266.0
1.136259 144993.2
1.148243 144568.0
1.164195 144840.0
1.183110 144568.0
1.194966 144704.0
1.214772 144568.0
1.226773 144278.4
1.246309 144976.0
1.265317 145402.4
1.283671 144296.0
1.295627 144278.4
1.307420 144993.2
1.322840 145129.6
1.343736 144720.4
1.355719 144278.4
1.374020 145129.6
1.385967 144704.0
1.403357 144296.0
1.415275 144685.2
1.434215 144414.0
1.446132 144976.0
1.462738 144856.8
1.474738 144549.6
1.494267 144840.0
1.507719 144840.0
1.526802 144976.0
1.543387 144414.0
1.559307 144432.0
1.573308 144568.0
1.585156 144840.0
1.597488 145112.0
1.616627 144685.2
1.635742 145248.0
1.653736 144720.4
1.665538 144840.0
1.684739 144685.2
1.703757 144840.0
1.715542 145402.4
1.734295 144296.0
1.746224 145112.0
1.765599 145675.2
1.784526 144840.0
1.798287 144720.4
1.814318 144840.0
1.826662 144568.0
1.839187 145248.0
1.850983 145266.0
1.862767 144840.0
1.874401 145266.0
1.886088 144704.0
1.897771 144720.4
1.909568 145112.0
1.922038 144568.0
1.933662 144720.4
1.945283 144704.0
1.956916 145266.0
1.968598 144568.0
1.980242 144856.8
1.991849 144160.0
2.003465 145266.0
2.015099 144840.0
2.026735 144704.0
2.038615 144993.2
2.050257 144704.0
2.065535 145266.0
2.089209 144704.0
2.100814 144840.0
2.112414 144704.0
2.128346 144856.8
2.140347 143193.6
2.152355 144007.2
2.164326 145129.6
2.176541 144704.0
2.192298 144584.0
2.204341 144584.0
2.216222 144038.4
2.228445 143871.6
2.240493 143871.6
2.252476 144007.2
2.264620 143888.0
2.276825 144296.0
2.290958 144568.0
2.303031 144296.0
2.315148 143871.6
2.327168 144432.0
2.339164 144142.8
2.351340 143871.6
2.363304 144447.6
2.375837 144414.0
2.389140 144840.0
2.401107 143871.6
2.413224 144007.2
2.426426 144142.8
2.449765 142771.2
2.461682 144432.0
2.473420 145129.6
2.485392 144007.2
2.497404 144432.0
2.509629 144432.0
2.521480 144447.6
2.533399 144160.0
2.545196 143888.0
2.556973 144584.0
2.568767 143888.0
2.580536 144432.0
2.592333 143871.6
2.604186 144432.0
2.616055 144432.0
2.627950 144993.2
2.639842 145538.8
2.651652 144160.0
2.663459 145266.0
2.675240 144856.8
2.687196 144024.0
2.699062 144568.0
2.710967 144704.0
2.722886 145675.2
2.734668 144840.0
2.746484 145129.6
2.758357 144856.8
2.770244 143871.6
2.782106 144568.0
2.794076 145129.6
2.805909 145538.8
2.817703 145266.0
2.829495 145266.0
2.841290 145129.6
2.859186 144296.0
2.871766 144568.0
2.883587 144840.0
2.895403 145129.6
2.907289 145555.2
2.919198 144584.0
2.931121 143871.6
2.943313 143736.0
2.955327 143041.6
2.967276 145129.6
2.983866 144007.2
2.999854 144549.6
3.018749 144007.2
3.030640 144993.2
3.042529 145266.0
3.054307 145266.0
3.066250 144432.0
3.078397 144414.0
3.090240 145129.6
3.102098 145266.0
3.113951 145402.4
3.125753 145129.6
3.137566 144993.2
3.149364 145402.4
3.161140 145266.0
3.172927 145266.0
3.184748 144993.2
3.196530 144720.4
3.208428 143871.6
3.220267 144007.2
3.232084 144840.0
3.243951 144704.0
3.255840 145828.8
3.267718 144447.6
3.279689 143193.6
3.291537 144704.0
3.303334 144704.0
3.315223 144704.0
3.328805 143736.0
3.340623 144432.0
3.352489 144432.0
3.364510 144432.0
3.376793 145266.0
3.388752 144160.0
3.400585 144856.8
3.414043 144704.0
3.426008 144432.0
3.437941 143600.4
3.449722 144432.0
3.461501 143312.0
3.473385 144704.0
3.485259 144840.0
3.497585 143736.0
3.509894 143736.0
3.521854 144840.0
3.533678 144278.4
3.545659 143871.6
3.557636 144160.0
3.569523 144296.0
3.581392 145266.0
3.593205 145266.0
3.604946 144704.0
3.616720 145266.0
3.628616 145402.4
3.640361 145129.6
3.652245 144432.0
3.664061 145129.6
3.675937 144584.0
3.687857 144568.0
3.699685 144704.0
3.711477 144704.0
3.723220 144856.8
3.735117 144568.0
3.747097 144160.0
3.759011 145129.6
3.770967 144704.0
3.782753 145266.0
3.794579 144432.0
3.806466 145538.8
3.818432 144568.0
3.830289 144584.0
3.842251 144278.4
3.854198 145266.0
3.866172 144993.2
3.877991 144007.2
3.890075 145418.4
3.901881 145129.6
3.913739 144840.0
3.925523 144993.2
3.937343 144976.0
3.949866 145129.6
3.961721 143464.8
3.973574 144024.0
3.985491 144432.0
3.997467 144856.8
4.013205 145129.6
4.032149 144840.0
4.044051 144720.4
4.055915 145555.2
4.067761 144432.0
4.096112 144704.0
4.108752 144160.0
4.120591 144856.8
4.132459 144174.8
4.144325 144432.0
4.156083 143717.6
4.168011 144704.0
4.180009 144432.0
4.191918 144584.0
4.203738 144568.0
4.215618 145266.0
4.227545 143871.6
4.239487 145675.2
4.251260 145555.2
4.263097 145418.4
4.275032 144296.0
4.286842 144432.0
4.299749 142786.8
4.311664 141523.2
4.323608 141270.4
4.335457 141809.6
4.347245 141674.8
4.359207 141388.8
4.371008 140582.4
4.382860 141540.0
4.394743 141270.4
4.407125 141419.2
4.419131 140834.0
4.431686 140834.0
4.443736 140313.6
4.456018 140716.8
4.468634 140851.2
4.480734 140700.0
4.492681 141120.0
4.504782 140030.0
4.516939 141254.4
4.528782 141236.0
4.540638 141973.2
4.552448 141120.0
4.564422 140146.4
4.576361 140985.6
4.588394 142365.6
4.604346 143871.6
4.616240 144278.4
4.633370 145402.4
4.645262 144976.0
4.663653 144160.0
4.675622 144278.4
4.687639 144704.0
4.703506 144993.2
4.723039 145112.0
4.734934 144856.8
4.754763 144432.0
4.766711 144976.0
4.786310 144432.0
4.805384 145112.0
4.824525 144856.8
4.836468 143988.0
4.852911 144704.0
4.864783 144568.0
4.876659 145266.0
4.898703 144278.4
4.914887 144584.0
4.926954 144704.0
4.944981 144160.0
4.956838 144568.0
4.976132 144840.0
4.993507 144568.0
5.005385 144840.0
5.024714 145402.4
5.043622 144584.0
5.055953 145112.0
5.067832 145112.0
5.087610 144123.2
5.111448 145129.6
5.124219 144704.0
5.137597 145112.0
5.156205 144685.2
5.173132 145129.6
5.185079 144704.0
5.204455 145675.2
5.217839 144549.6
5.234360 144704.0
5.253454 145129.6
5.266349 145248.0
5.285176 144432.0
5.297074 144840.0
5.313084 145266.0
5.333190 144840.0
5.345038 145538.8
5.365412 144856.8
5.377334 144007.2
5.403566 145129.6
5.415507 144549.6
5.434346 144704.0
5.446378 145538.8
5.462979 144720.4
5.474897 144414.0
5.494308 144840.0
5.507863 144840.0
5.532723 144840.0
5.545244 144568.0
5.568836 144160.0
5.586044 144840.0
5.602697 144840.0
5.614698 143600.4
5.626637 144976.0
5.648346 144840.0
5.667171 144568.0
5.685700 144704.0
5.703449 145129.6
5.715396 145129.6
5.734824 145538.8
5.755270 144447.6
5.767273 144976.0
5.784451 145129.6
5.803473 145538.8
5.823128 144840.0
5.835229 144568.0
5.854267 145129.6
5.866321 144704.0
5.886030 144704.0
5.904646 144840.0
5.925040 145266.0
5.936922 144993.2
5.953730 145266.0
5.965587 145266.0
5.977534 145965.6
6.001041 144432.0
6.012912 144720.4
6.024799 144704.0
6.045312 145266.0
6.057490 144142.8
6.073260 145112.0
6.095165 145129.6
6.107247 144414.0
6.126765 144142.8
6.143427 144840.0
6.155333 144568.0
6.167323 144976.0
6.200129 143871.6
6.212219 145129.6
6.224205 144584.0
6.236176 144976.0
6.254919 144447.6
6.266823 144007.2
6.282330 144584.0
6.294210 144160.0
6.314040 144704.0
6.325957 144976.0
6.354185 144432.0
6.366059 144993.2
6.385372 145129.6
6.401661 145266.0
6.413466 144840.0
6.425359 145266.0
6.445120 145129.6
6.463339 145266.0
6.475284 144584.0
6.487260 144142.8
6.499447 144584.0
6.515275 144414.0
6.534064 144296.0
6.545957 144447.6
6.557850 144704.0
6.569791 145266.0
6.581660 144976.0
6.593516 144704.0
6.614772 145129.6
6.626760 144976.0
6.646121 144549.6
6.665054 144549.6
6.685153 144856.8
6.705057 144840.0
6.716914 144549.6
6.736276 145402.4
6.755297 144568.0
6.774627 145266.0
6.786705 144278.4
6.806109 144840.0
6.825095 144976.0
6.843547 144584.0
6.855472 144976.0
6.867376 144704.0
6.883169 145112.0
6.903307 145129.6
6.915361 144432.0
6.934365 144447.6
6.948825 144447.6
6.964594 144432.0
6.976467 144142.8
6.993138 145129.6
7.005182 144142.8
7.024391 144976.0
7.037719 145402.4
7.056663 145538.8
7.073037 144432.0
7.084913 145112.0
7.104490 145112.0
7.118006 145129.6
7.142627 144414.0
7.155806 144432.0
7.184261 144856.8
7.202870 145402.4
7.215045 144840.0
7.235293 143736.0
7.247300 144549.6
7.266787 144142.8
7.294869 144432.0
7.306817 145828.8
7.326174 145402.4
7.345153 145538.8
7.363582 144568.0
7.376648 144840.0
7.395325 145112.0
7.414671 144704.0
7.426627 144432.0
7.442999 144976.0
7.463354 145129.6
7.475353 145112.0
7.493698 144432.0
7.505547 144414.0
7.517427 144840.0
7.529444 144993.2
7.541353 144447.6
7.553331 145129.6
7.565243 144840.0
7.577232 144296.0
7.589394 145112.0
7.601338 143736.0
7.613685 144704.0
7.625641 145112.0
7.643536 144704.0
7.655516 145266.0
7.667475 144432.0
7.683140 144568.0
7.705029 145656.0
7.718009 145248.0
7.736955 145112.0
7.755906 144549.6
7.775083 144568.0
7.795056 144584.0
7.807020 144840.0
7.826578 144976.0
7.845638 144568.0
7.857546 144840.0
7.878930 144704.0
7.894180 145266.0
7.906037 145112.0
7.921549 144007.2
7.933574 144856.8
7.945547 144840.0
7.961366 145112.0
7.977100 144142.8
8.004815 145538.8
8.023640 145555.2
8.035625 145402.4
8.050762 145538.8
8.067439 144142.8
8.086670 145112.0
8.105110 144160.0
8.117042 144568.0
8.132984 144993.2
8.153416 144720.4
8.165762 144568.0
8.184122 144160.0
8.196073 144414.0
8.219116 144568.0
8.241248 144820.8
8.253123 145402.4
8.274001 144432.0
8.285952 145129.6
8.303466 144704.0
8.315480 146084.4
8.335382 144414.0
8.355087 144976.0
8.373781 145281.6
8.385617 145538.8
8.402849 144840.0
8.415038 145402.4
8.434581 144142.8
8.457058 144568.0
8.475706 145129.6
8.494922 144685.2
8.513982 144704.0
8.525920 144840.0
8.540491 144856.8
8.552737 144976.0
8.564714 144993.2
8.583508 145112.0
8.605208 145129.6
8.617092 145129.6
8.635962 144993.2
8.653699 144432.0
8.665582 144976.0
8.687799 144007.2
8.699901 144296.0
8.712303 144856.8
8.728597 144704.0
8.740506 145402.4
8.767781 144704.0
8.780872 144704.0
8.794147 144993.2
8.806088 145266.0
8.818001 144414.0
8.838949 144296.0
8.855157 144720.4
8.867077 144568.0
8.886389 145538.8
8.905124 144432.0
8.923637 146118.0
8.939261 145828.8
8.952490 145538.8
8.977955 145129.6
8.989801 145692.0
9.004727 145692.0
9.016633 144856.8
9.035898 145129.6
9.050929 145281.6
9.074743 145144.8
9.095059 145266.0
9.106959 145843.6
9.123691 145555.2
9.135560 145692.0
9.147547 145281.6
9.175531 145281.6
9.196532 145692.0
9.215033 145281.6
9.226981 144993.2
9.250270 144311.2
9.263642 145538.8
9.285457 145538.8
9.305913 143220.0
9.325680 141135.6
9.342145 141254.4
9.354061 141540.0
9.366046 142636.0
9.385175 141809.6
9.403408 141405.2
9.415474 142365.6
9.434678 142095.2
9.450444 141824.8
9.463230 141944.4
9.475125 142079.2
9.494460 142214.0
9.513438 140716.8
9.525303 141405.2
9.544602 142095.2
9.557186 140985.6
9.584819 141674.8
9.596785 142230.4
9.612902 141809.6
9.624710 144160.0
9.636562 146239.2
9.648507 147094.4
9.660357 147522.0
9.672127 147798.0
9.683942 147660.0
9.695767 146819.2
9.707530 147798.0
9.719432 147246.0
9.731254 146819.2
9.748465 144993.2
9.760578 144734.4
9.772592 145692.0
9.784560 145692.0
9.796597 144024.0
9.808660 145281.6
9.820759 145008.0
9.834216 145675.2
9.846130 147522.0
9.857893 148088.0
9.869675 147660.0
9.881367 147369.6
9.893123 147232.0
9.904875 147369.6
9.916600 147798.0
9.928567 147384.0
9.940390 147257.6
9.953509 146239.2
9.966338 148226.4
9.978192 147522.0
9.989950 148226.4
10.001681 147660.0
10.013446 148226.4
10.025141 147798.0
10.036928 147936.0
10.048694 147369.6
10.060531 147384.0
10.072408 147949.6
10.084152 147672.8
10.095945 145555.2
10.107754 146819.2
10.119628 146392.4
10.131497 146956.8
10.143264 147522.0
10.155091 147522.0
10.166876 147522.0
10.178807 147660.0
10.190632 147522.0
10.205223 145675.2
10.218189 146268.8
10.230011 144993.2
10.241896 147094.4
10.253699 147094.4
10.265448 147232.0
10.277163 146804.0
10.288934 146666.8
10.300672 146804.0
10.312557 147094.4
10.324292 146666.8
10.336119 147384.0
10.347891 146819.2
10.359730 146956.8
10.371546 147369.6
10.383283 147660.0
10.395106 147660.0
10.406943 148226.4
10.418978 146666.8
10.430805 146666.8
10.444467 144296.0
10.456332 147094.4
10.468204 146956.8
10.479989 147094.4
10.491806 147522.0
10.503619 147936.0
10.515505 147094.4
10.527260 147660.0
10.539063 147798.0
10.550901 147384.0
10.562804 146804.0
10.574558 146666.8
10.586308 147094.4
10.598058 146529.6
10.609957 147094.4
10.621699 147522.0
10.633427 147232.0
10.645191 146804.0
10.656955 147232.0
10.668724 146666.8
10.680592 146666.8
10.692338 147094.4
10.704169 147522.0
10.715943 146956.8
10.727722 147094.4
10.739597 147936.0
10.751375 147798.0
10.763146 147798.0
10.774914 147798.0
10.786794 147949.6
10.798570 147384.0
10.810310 147094.4
10.822037 147660.0
10.833757 147798.0
10.845563 147094.4
10.857365 147949.6
10.869242 146681.6
10.880948 146681.6
10.892736 145965.6
10.904602 146529.6
10.916338 146529.6
10.928203 146529.6
10.940047 147672.8
10.951911 146819.2
10.963692 147522.0
10.975594 147798.0
10.987489 146956.8
10.999357 145965.6
11.011171 147094.4
11.022927 147369.6
11.034825 147094.4
11.046575 147094.4
11.058461 147094.4
11.070209 147660.0
11.081948 147522.0
11.093686 146804.0
11.105423 147369.6
11.117147 147094.4
11.128904 147094.4
11.140653 146666.8
11.152518 147094.4
11.164260 146956.8
11.176008 146529.6
11.187839 146956.8
11.199691 147660.0
11.211587 147660.0
11.223340 147798.0
11.235137 146956.8
11.247097 146255.2
11.258994 147094.4
11.270766 147094.4
11.282591 147094.4
11.294335 147094.4
11.306066 147369.6
11.317806 146956.8
11.329573 147232.0
11.341324 147232.0
11.353068 147232.0
11.364878 147232.0
11.376653 147094.4
11.391546 144568.0
11.405243 146376.0
11.417205 145418.4
11.429778 147232.0
11.441572 147660.0
11.453342 147232.0
11.465118 147369.6
11.476929 147798.0
11.488727 147660.0
11.500573 147108.0
11.512427 146102.4
11.524183 146102.4
11.536070 146819.2
11.547903 146681.6
11.559887 146819.2
11.571680 147798.0
11.583429 148364.8
11.595214 147798.0
11.607122 147811.2
11.619013 146529.6
11.630851 146804.0
11.642734 146666.8
11.654487 147232.0
11.666227 147384.0
11.677977 146956.8
11.689730 147660.0
11.701479 147232.0
11.713223 146941.2
11.725020 146666.8
11.736759 147232.0
11.748707 147369.6
11.760590 147369.6
11.772275 147507.2
11.784059 147522.0
11.795899 147660.0
11.807734 147522.0
11.819664 147094.4
11.831460 146666.8
11.843244 146529.6
11.855047 147232.0
11.866923 147522.0
11.878780 146376.0
11.890640 147369.6
11.902375 147798.0
11.914114 147232.0
11.925892 147369.6
11.937625 147798.0
11.949390 147232.0
11.961829 145692.0
11.976076 146956.8
11.987921 146956.8
11.999755 147522.0
12.011665 147522.0
12.023407 147949.6
12.035274 147246.0
12.047064 145965.6
12.059018 147094.4
12.070850 147094.4
12.082671 147094.4
12.094441 147798.0
12.106184 147660.0
12.117924 146956.8
12.129668 147094.4
12.141425 147094.4
12.153211 147094.4
12.165024 147094.4
12.176767 147094.4
12.188612 147369.6
12.200496 147949.6
12.212337 147246.0
12.224103 146970.0
12.235937 147246.0
12.247766 146392.4
12.259707 146529.6
12.271407 147522.0
12.283263 147094.4
12.295085 147660.0
12.306964 147936.0
12.318835 147660.0
12.331190 146239.2
12.346592 145555.2
12.358850 145965.6
12.370682 146529.6
12.382422 146392.4
12.394157 146392.4
12.406260 146804.0
12.418040 147660.0
12.431247 147949.6
12.443095 147384.0
12.454931 146392.4
12.466813 146804.0
12.478606 147232.0
12.490380 147094.4
12.502130 147232.0
12.513876 146666.8
12.525561 146529.6
12.537307 146392.4
12.549134 146666.8
12.560893 146529.6
12.572695 147232.0
12.587500 144840.0
12.600793 145538.8
12.612710 145555.2
12.624679 147232.0
12.636461 147384.0
12.648236 146980.8
12.660470 147094.4
12.672317 147936.0
12.684089 147522.0
12.695893 147522.0
12.707731 147949.6
12.719557 147522.0
12.731328 147384.0
12.743211 146255.2
12.755063 146666.8
12.766864 147232.0
12.778841 147232.0
12.790589 147369.6
12.802365 147369.6
12.814115 147232.0
12.825861 147094.4
12.837611 147094.4
12.849383 147522.0
12.861159 147232.0
12.872903 147369.6
12.884651 147094.4
12.896630 147094.4
12.908511 146804.0
12.920783 147798.0
12.932520 147660.0
12.944390 147108.0
12.956773 146819.2
12.969635 145692.0
12.981742 147246.0
12.993471 146956.8
13.005212 147246.0
13.016966 147522.0
13.028816 146544.0
13.040691 146956.8
13.052453 146819.2
13.064224 147232.0
13.076010 146819.2
13.087832 147384.0
13.099755 148226.4
13.111528 147660.0
13.123362 147798.0
13.135153 147798.0
13.147062 147246.0
13.158941 146255.2
13.170754 146529.6
13.182495 146392.4
13.194241 146681.6
13.205983 146804.0
13.217724 145828.8
13.229525 146392.4
13.241277 145692.0
13.253087 146392.4
13.264838 146529.6
13.276524 145692.0
13.288552 147232.0
13.300379 146956.8
13.312209 147384.0
13.324054 147522.0
13.335863 147232.0
13.347771 146819.2
13.359584 146392.4
13.371375 146956.8
13.383180 146666.8
13.395063 147094.4
13.406820 146102.4
13.418630 147232.0
13.430366 146666.8
13.442109 147660.0
13.462086 144296.0
13.473936 147246.0
13.485700 147246.0
13.497459 146681.6
13.509240 146392.4
13.520918 147949.6
13.532721 145828.8
13.544674 146376.0
13.556428 147246.0
13.568246 146529.6
13.580080 146819.2
13.591898 147094.4
13.603797 147798.0
13.615619 147660.0
13.627446 147522.0
13.639336 147232.0
13.658361 144993.2
13.670294 144993.2
13.682206 145129.6
13.694029 144993.2
13.705943 145281.6
13.717819 144993.2
13.729812 145129.6
13.744168 144856.8
13.756099 146118.0
13.769357 144160.0
13.781298 144584.0
13.809111 144993.2
13.821136 143208.0
13.832961 144856.8
13.844951 143312.0
13.856905 143464.8
13.868788 139077.6
13.880730 144296.0
13.892743 144568.0
13.904819 140851.2
13.916925 143041.6
13.928912 142365.6
13.940971 143193.6
13.954782 145555.2
13.970216 144993.2
13.982270 146804.0
13.994031 146406.4
14.013666 144432.0
14.025727 145418.4
14.037965 144856.8
14.049821 145555.2
14.063223 146392.4
14.075180 147094.4
14.087005 147094.4
14.098880 147369.6
14.110642 147369.6
14.122389 148350.0
14.134129 147660.0
14.146083 146819.2
14.157889 147246.0
14.169690 147108.0
14.181516 146819.2
14.193266 146255.2
14.205023 145965.6
14.216886 146529.6
14.228747 146956.8
14.240538 146956.8
14.252358 146956.8
14.264127 147384.0
14.275849 146819.2
14.287626 146956.8
14.299467 147232.0
14.311255 147094.4
14.323108 144856.8
14.337409 144720.4
14.349290 143616.0
14.361066 143041.6
14.372853 143752.0
14.384667 143344.0
14.396473 143058.0
14.408468 141270.4
14.420265 142500.8
14.432039 142651.2
14.443864 142636.0
14.455638 142771.2
14.467477 143058.0
14.479294 143765.6
14.491181 143752.0
14.503002 143888.0
14.514745 143193.6
14.526428 143480.0
14.538194 143480.0
14.549934 143344.0
14.561679 143480.0
14.573428 143058.0
14.585215 143058.0
14.596969 143193.6
14.608877 142922.4
14.620651 145692.0
14.632521 143616.0
14.644374 143480.0
14.656204 143902.0
14.667978 143072.0
14.679857 143629.2
14.691686 141944.4
14.703537 143464.8
14.715317 142786.8
14.727145 142771.2
14.739091 143600.4
14.750830 143752.0
14.762580 142922.4
14.774274 142636.0
14.786022 143058.0
14.797765 142906.4
14.809537 143616.0
14.821688 141657.6
14.833486 143480.0
14.845303 143480.0
14.857092 143492.8
14.868946 142230.4
14.880701 141944.4
14.892515 142230.4
14.904342 142651.2
14.916197 143464.8
14.928036 142922.4
14.939990 144038.4
14.951747 144038.4
14.963522 143616.0
14.985132 143329.2
14.996982 142936.0
15.012405 142651.2
15.026926 142500.8
15.038973 144038.4
15.051075 141270.4
15.064600 142348.8
15.076575 141120.0
15.088834 140582.4
15.100711 142095.2
15.112602 142906.4
15.124580 143492.8
15.136412 143752.0
15.148210 143344.0
15.160191 141523.2
15.172036 143329.2
15.183888 143058.0
15.195662 144720.4
15.211369 143752.0
15.223273 145008.0
15.235156 143752.0
15.246928 143616.0
15.258720 144160.0
15.270406 143344.0
15.282158 143616.0
15.293895 143480.0
15.305629 143312.0
15.317370 143058.0
15.338367 141540.0
15.350678 140985.6
15.362770 141000.8
15.374741 140716.8
15.386594 140313.6
15.399570 140313.6
15.411542 140716.8
15.423792 141135.6
15.436272 140448.0
15.448465 141135.6
15.460612 140582.4
15.472923 141135.6
15.485083 140448.0
15.497346 142500.8
15.509331 145555.2
15.523552 143480.0
15.535474 144038.4
15.547318 143600.4
15.559196 143344.0
15.571140 142079.2
15.582934 142922.4
15.594707 142079.2
15.606392 143765.6
15.618249 142365.6
15.630013 142771.2
15.641758 141824.8
15.653563 140582.4
15.665733 140716.8
15.677861 141135.6
15.690061 141135.6
15.702081 140851.2
15.714328 141148.8
15.726450 141254.4
15.738549 141809.6
15.751088 140716.8
15.769661 141405.2
15.781656 141405.2
15.793555 141419.2
15.807121 143629.2
15.819294 141809.6
15.831229 142095.2
15.843267 141824.8
15.855253 141944.4
15.867352 142651.2
15.879581 140700.0
15.891503 139745.6
15.903394 138927.6
15.915318 133546.8
15.927287 140968.0
15.939413 141824.8
15.951408 141135.6
15.963447 140834.0
15.975461 140716.8
15.987434 141405.2
15.999596 141960.0
16.011582 140596.4
16.023625 140448.0
16.035597 142095.2
16.047654 140716.8
16.059529 142365.6
16.071564 141674.8
16.083470 142095.2
16.097165 142265.2
16.109162 140716.8
16.123701 144038.4
16.137974 142651.2
16.150047 139478.4
16.162055 138261.6
16.174205 141120.0
16.186064 143208.0
16.197821 142771.2
16.209609 143193.6
16.221416 143058.0
16.233156 143193.6
16.244963 143344.0
16.260015 141657.6
16.272850 140716.8
16.284851 143464.8
16.296814 143480.0
16.308677 143344.0
16.320493 143083.6
16.332852 141270.4
16.345023 142636.0
16.356828 143616.0
16.368733 143464.8
16.380542 143208.0
16.392378 143480.0
16.404135 144174.8
16.415978 143193.6
16.429745 144311.2
16.441542 142936.0
16.453533 142906.4
16.465290 142500.8
16.477090 142636.0
16.489037 143480.0
16.500798 143464.8
16.512637 143344.0
16.524359 143193.6
16.536147 143765.6
16.548186 142922.4
16.560081 142786.8
16.571972 143600.4
16.583829 143344.0
16.595656 143464.8
16.607458 144720.4
16.619434 143752.0
16.631274 143356.4
16.643165 142922.4
16.654913 141944.4
16.666648 143208.0
16.678553 142786.8
16.690298 143616.0
16.702049 142230.4
16.713791 144447.6
16.725574 142230.4
16.737364 142922.4
16.749257 143616.0
16.761118 143464.8
16.772815 143344.0
16.784571 143058.0
16.796350 142500.8
16.808181 143058.0
16.820090 144038.4
16.831848 143888.0
16.843673 143344.0
16.855477 144296.0
16.867349 143902.0
16.887449 141540.0
16.899488 144883.2
16.911313 143765.6
16.923079 144050.4
16.934822 143480.0
16.946559 143616.0
16.958428 143208.0
16.970223 142095.2
16.982018 142365.6
16.993742 143344.0
17.005519 145281.6
17.017275 142786.8
17.029165 142230.4
17.041071 142906.4
17.052827 142936.0
17.064597 142636.0
17.076383 142651.2
17.088211 142771.2
17.100118 143752.0
17.111897 143058.0
17.123694 143616.0
17.135508 143344.0
17.147425 143344.0
17.159325 142230.4
17.178838 141270.4
17.190743 140298.0
17.202685 141000.8
17.214594 141674.8
17.226496 141405.2
17.238517 140716.8
17.250413 141388.8
17.262310 141960.0
17.274260 141405.2
17.286540 140985.6
17.298850 140716.8
17.310916 142651.2
17.323778 141960.0
17.335767 143208.0
17.347588 143752.0
17.359475 143629.2
17.371344 143480.0
17.383067 143629.2
17.394813 143616.0
17.406544 145020.4
17.418902 143480.0
17.430671 143888.0
17.442425 144311.2
17.454359 142786.8
17.469435 140582.4
17.482920 143600.4
17.494719 143765.6
17.506510 143765.6
17.518327 143329.2
17.530119 143888.0
17.541809 143600.4
17.553569 143765.6
17.565323 142906.4
17.577193 144174.8
17.589044 144296.0
17.600832 144734.4
17.612722 142095.2
17.624617 143344.0
17.636416 142500.8
17.648307 142230.4
17.660180 143329.2
17.671956 144311.2
17.683775 143752.0
17.695555 143616.0
17.707442 143888.0
17.719311 143480.0
17.731054 143616.0
17.742807 143208.0
17.754577 143888.0
17.766307 144734.4
17.777987 143616.0
17.789750 145706.4
17.801481 143329.2
17.813213 143193.6
17.825108 143888.0
17.836851 143902.0
17.848664 144024.0
17.860467 146956.8
17.872265 148212.0
17.884135 147384.0
17.895927 147811.2
17.907776 146255.2
17.919754 146666.8
17.931562 147094.4
17.943389 147232.0
17.955273 148212.0
17.967023 147660.0
17.978836 147798.0
17.990573 147798.0
18.003545 147094.4
18.015405 147936.0
18.027169 147798.0
18.038983 147644.8
18.050733 147232.0
18.062488 147369.6
18.074235 147232.0
18.085986 147660.0
18.097731 147660.0
18.109598 147094.4
18.121366 147522.0
18.133156 147246.0
18.145006 146392.4
18.156824 146255.2
18.168672 146529.6
18.180490 146819.2
18.192284 146819.2
18.204165 147522.0
18.215951 147522.0
18.227811 147232.0
18.239703 148088.0
18.251538 147246.0
18.263369 146392.4
18.275051 147246.0
18.286790 146819.2
18.298571 147811.2
18.310310 147384.0
18.322047 147507.2
18.333777 147094.4
18.345523 147094.4
18.357275 147660.0
18.369166 147108.0
18.385594 144024.0
18.397506 146529.6
18.409328 146102.4
18.421183 146956.8
18.433008 146804.0
18.444822 147384.0
18.456651 147534.4
18.468635 146392.4
18.480428 146956.8
18.492288 145402.4
18.504215 147094.4
18.516068 147660.0
18.527842 147660.0
18.539659 148088.0
18.551490 147246.0
18.563382 146255.2
18.575133 145828.8
18.586888 146681.6
18.598684 146255.2
18.610438 146118.0
18.622188 146376.0
18.633934 146681.6
18.645680 146970.0
18.660680 144856.8
18.673531 144856.8
18.685566 146544.0
18.697362 146118.0
18.709311 146529.6
18.721170 147094.4
18.732968 147246.0
18.744803 145555.2
18.756741 145432.0
18.768796 144993.2
18.780727 145555.2
18.793177 144856.8
18.805420 145129.6
18.817710 144311.2
18.829743 144296.0
18.841741 144311.2
18.853969 144160.0
18.866062 144597.6
18.878026 144432.0
18.890173 145281.6
18.902105 144447.6
18.914059 145008.0
18.926097 144720.4
18.938277 144993.2
18.954745 145144.8
18.977403 144856.8
18.989410 145555.2
19.001414 144597.6
19.013351 144993.2
19.025315 144704.0
19.037334 144568.0
19.053847 145281.6
19.065725 144296.0
19.077712 143736.0
19.089668 145980.8
19.101610 144993.2
19.113806 144993.2
19.125745 143888.0
19.137662 144856.8
19.149594 144704.0
19.161498 144993.2
19.173440 144720.4
19.185524 144720.4
19.197471 144856.8
19.209437 145008.0
19.221431 142906.4
19.233499 142500.8
19.245419 142922.4
19.257381 144024.0
19.269568 138128.4
19.281388 144720.4
19.293435 145555.2
19.305376 145248.0
19.317352 145432.0
19.329464 144720.4
19.341463 145418.4
19.353428 142244.4
19.365448 142636.0
19.377501 141540.0
19.389932 144856.8
19.403557 147232.0
19.415332 147660.0
19.427104 147798.0
19.438903 147352.8
19.450811 147246.0
19.462521 146819.2
19.474293 147384.0
19.486042 146956.8
19.497788 147522.0
19.509623 147246.0
19.521359 146819.2
19.533094 146970.0
19.544927 146832.0
19.556716 147396.0
19.568567 146819.2
19.580401 146956.8
19.592231 146681.6
19.604025 147232.0
19.615871 144840.0
19.630568 144584.0
19.642439 144840.0
19.654444 145129.6
19.666268 145266.0
19.680290 145129.6
19.692338 145418.4
19.705592 145266.0
19.720291 144993.2
19.732415 145129.6
19.744439 144840.0
19.758212 144142.8
19.771788 145281.6
19.783796 144414.0
19.797403 144976.0
19.811071 145008.0
19.822937 144720.4
19.835271 145281.6
19.850580 145266.0
19.862501 145266.0
19.874350 145555.2
19.886567 144568.0
19.901836 145144.8
19.915082 144840.0
19.928244 144993.2
19.941507 145129.6
19.953454 145129.6
19.966626 145266.0
19.980494 144993.2
19.992486 145129.6
20.005699 145538.8
20.018463 144976.0
20.031922 145555.2
20.043935 144447.6
20.056010 145281.6
20.070265 145402.4
20.082131 145266.0
20.094095 145692.0
20.105949 145418.4
20.120260 145129.6
20.132159 145144.8
20.145872 144296.0
20.160178 144296.0
20.172038 145555.2
20.183920 144160.0
20.195825 145266.0
20.207809 145281.6
20.219845 144460.8
20.231801 144993.2
20.243840 143447.2
20.255913 143329.2
20.267843 143736.0
20.279973 145144.8
20.291841 142483.6
20.303964 145266.0
20.315871 144296.0
20.328549 145266.0
20.341995 144447.6
20.353954 144024.0
20.366240 144720.4
20.378266 144856.8
20.390185 144856.8
20.402103 145402.4
20.413968 144856.8
20.425871 144038.4
20.437805 144160.0
20.449875 145555.2
20.462202 144993.2
20.474128 141120.0
20.486138 142244.4
20.498287 142922.4
20.510321 143640.0
20.522325 142771.2
20.534328 145828.8
20.546208 144597.6
20.558378 145129.6
20.570192 144993.2
20.582119 144720.4
20.594681 144174.8
20.606591 144720.4
20.618579 144856.8
20.630620 144160.0
20.642505 144447.6
20.655064 144704.0
20.666973 144024.0
20.678931 144704.0
20.690978 144432.0
20.703034 144568.0
20.715707 145418.4
20.730473 145129.6
20.742380 145281.6
20.754351 144432.0
20.767828 145144.8
20.781552 144856.8
20.793582 144432.0
20.808274 144993.2
20.825471 144993.2
20.840241 145129.6
20.852095 145129.6
20.864052 144993.2
20.876344 144296.0
20.890692 145828.8
20.902575 144993.2
20.914516 144584.0
20.926347 144840.0
20.940201 144704.0
20.952143 145555.2
20.964091 145144.8
20.977657 145129.6
20.990193 144993.2
21.002067 144720.4
21.018290 144720.4
21.030908 145144.8
21.042745 144584.0
21.054678 145266.0
21.067303 145418.4
21.081042 145555.2
21.092996 145281.6
21.106461 146255.2
21.118478 145266.0
21.132871 144993.2
21.145068 145266.0
21.163882 144704.0
21.177425 145129.6
21.190587 144447.6
21.202470 144993.2
21.214398 145129.6
21.226722 145266.0
21.240341 144296.0
21.252244 144704.0
21.264179 144856.8
21.276530 144856.8
21.290325 145266.0
21.302217 145418.4
21.314274 144993.2
21.327661 144993.2
21.339822 145555.2
21.351823 145266.0
21.367256 145129.6
21.381478 144568.0
21.402995 145281.6
21.414848 145266.0
21.427108 145418.4
21.440766 145692.0
21.452752 144720.4
21.464689 145266.0
21.477213 145828.8
21.490957 145555.2
21.502803 145692.0
21.514653 145129.6
21.526998 145281.6
21.540731 145692.0
21.556834 144447.6
21.569141 144856.8
21.585000 144856.8
21.597013 145144.8
21.613510 145418.4
21.625809 145828.8
21.640092 145266.0
21.651994 145692.0
21.664441 145266.0
21.676597 145402.4
21.691102 145418.4
21.703045 145555.2
21.715176 144704.0
21.729608 144840.0
21.741598 145692.0
21.753563 145144.8
21.765615 145828.8
21.780391 145281.6
21.792313 144993.2
21.804170 145402.4
21.816467 145112.0
21.830305 145692.0
21.842148 145828.8
21.854064 146392.4
21.866204 144840.0
21.880140 145266.0
21.892047 145692.0
21.904109 145266.0
21.916268 145129.6
21.930356 145402.4
21.942238 145402.4
21.954129 145538.8
21.966835 145965.6
21.979934 144720.4
21.991942 145538.8
22.004928 146255.2
22.018528 144142.8
22.032309 144993.2
22.044211 145538.8
22.059339 144993.2
22.072983 145965.6
22.085211 145965.6
22.108293 145402.4
22.121173 145555.2
22.137658 145538.8
22.151134 145555.2
22.163013 145008.0
22.174845 145402.4
22.189509 145281.6
22.203410 145281.6
22.215507 145402.4
22.230468 144856.8
22.242330 144993.2
22.254226 145266.0
22.266137 146118.0
22.278052 144584.0
22.290612 145144.8
22.302560 145266.0
22.314495 145266.0
22.326445 145569.2
22.338464 145129.6
22.350467 144993.2
22.363135 145418.4
22.375522 145828.8
22.388392 145418.4
22.401964 145129.6
22.413918 145692.0
22.425747 145965.6
22.438447 144856.8
22.451930 145555.2
22.469686 144432.0
22.482828 144311.2
22.494774 144993.2
22.506699 145555.2
22.520080 144584.0
22.531950 145281.6
22.543993 145555.2
22.556030 146392.4
22.570528 144296.0
22.582451 145555.2
22.594301 145555.2
22.606106 145418.4
22.620220 144720.4
22.632203 145555.2
22.644053 145555.2
22.659621 145266.0
22.672198 145555.2
22.685021 145266.0
22.699523 145129.6
22.711354 145692.0
22.723238 145555.2
22.736779 145248.0
22.750484 145555.2
22.763057 145266.0
22.774909 145692.0
22.790607 144993.2
22.802620 144174.8
22.814650 145129.6
22.826642 144856.8
22.838784 144856.8
22.850814 144720.4
22.862871 144160.0
22.874937 144720.4
22.887008 144311.2
22.898944 144856.8
22.910960 144856.8
22.923094 144856.8
22.935085 145520.0
22.951340 144993.2
22.964637 146392.4
22.981565 145418.4
22.994983 145402.4
23.007208 145980.8
23.020945 145418.4
23.032992 145555.2
23.045078 144856.8
23.059834 144720.4
23.072176 144993.2
23.084516 145692.0
23.097123 144993.2
23.110219 145266.0
23.122084 145538.8
23.137599 145538.8
23.154635 145675.2
23.167229 145692.0
23.180405 145266.0
23.192344 145418.4
23.205297 144993.2
23.220362 145281.6
23.232362 144584.0
23.244199 145266.0
23.257170 144840.0
23.270898 144584.0
23.282819 145281.6
23.294735 145129.6
23.307139 145402.4
23.320872 145129.6
23.332825 144856.8
23.344806 144883.2
23.356803 144447.6
23.368754 145266.0
23.380682 145281.6
23.392702 144993.2
23.404762 145692.0
23.416733 145432.0
23.428808 144432.0
23.440783 144142.8
23.452744 142786.8
23.464627 143157.6
23.476722 145418.4
23.488804 144704.0
23.500807 145692.0
23.512859 145432.0
23.524849 145281.6
23.536917 145266.0
23.548772 144597.6
23.560845 144704.0
23.572830 145692.0
23.584914 144311.2
23.596931 145555.2
23.608843 145828.8
23.620818 145144.8
23.632877 145555.2
23.644893 141540.0
23.657008 142771.2
23.668971 143736.0
23.680978 142079.2
23.693489 145538.8
23.717781 144447.6
23.729852 145555.2
23.758970 144993.2
23.772063 145129.6
23.783946 145008.0
23.798306 145129.6
23.810623 144447.6
23.822458 145418.4
23.834371 144704.0
23.846525 144038.4
23.858964 144447.6
23.871299 144856.8
23.883126 145418.4
23.896582 144993.2
23.910544 144856.8
23.922408 145008.0
23.934408 145692.0
23.948002 145538.8
23.961746 144993.2
23.973755 145538.8
23.987886 145112.0
24.001741 145129.6
24.013661 145266.0
24.025982 145129.6
24.039539 145555.2
24.052219 145266.0
24.066598 144856.8
24.078804 144993.2
24.090784 145692.0
24.102615 145692.0
24.114605 145281.6
24.126438 145692.0
24.140133 145008.0
24.152076 145418.4
24.164082 145828.8
24.176600 145418.4
24.190266 145266.0
24.202176 145281.6
24.214099 145129.6
24.226287 144856.8
24.240119 145281.6
24.252152 144568.0
24.264154 145266.0
24.276442 145266.0
24.290218 145266.0
24.302188 145129.6
24.314038 145144.8
24.326222 144704.0
24.340205 145281.6
24.352286 145129.6
24.364214 144856.8
24.376619 144993.2
24.390269 144993.2
24.402198 145692.0
24.414118 145129.6
24.426267 144720.4
24.440380 145008.0
24.452285 144993.2
24.464557 145144.8
24.476427 145402.4
24.490214 145266.0
24.502162 145266.0
24.513996 145828.8
24.526139 144704.0
24.540123 145129.6
24.552060 144993.2
24.564146 144976.0
24.576538 144976.0
24.590520 145281.6
24.602566 145144.8
24.614436 145402.4
24.626658 145266.0
24.640869 145418.4
24.652912 144584.0
24.664920 145418.4
24.677459 145402.4
24.691016 145555.2
24.703901 145129.6
24.717297 145402.4
24.731497 144840.0
24.743391 145402.4
24.755520 144856.8
24.770497 145692.0
24.782988 144720.4
24.794825 145266.0
24.807181 145555.2
24.820953 145008.0
24.832954 144993.2
24.844887 145402.4
24.860268 144720.4
24.872345 145828.8
24.884306 145555.2
24.896692 145555.2
24.910438 144568.0
24.922330 145281.6
24.934225 145402.4
24.946430 145418.4
24.960135 145692.0
24.972166 145266.0
24.984160 145266.0
24.997495 145692.0
25.011316 145008.0
25.029581 144296.0
25.043301 145706.4
25.055318 145555.2
25.068309 144976.0
25.081950 144584.0
25.093920 144840.0
25.107425 145692.0
25.120681 145129.6
25.132585 145266.0
25.144717 144856.8
25.157473 144993.2
25.171148 145266.0
25.183041 145266.0
25.194895 145129.6
25.207233 145418.4
25.220996 145129.6
25.233047 144584.0
25.245013 144993.2
25.257754 144993.2
25.271308 145965.6
25.283218 145555.2
25.295079 145828.8
25.307485 145266.0
25.321303 144734.4
25.333208 145555.2
25.345175 145402.4
25.360312 145692.0
25.372257 145555.2
25.384354 145555.2
25.396877 144993.2
25.410663 145692.0
25.422718 145281.6
25.434572 144976.0
25.446952 144976.0
25.460572 144584.0
25.472496 145555.2
25.484375 145692.0
25.496744 144976.0
25.510465 145266.0
25.522367 145828.8
25.534446 145965.6
25.547750 145402.4
25.561471 145266.0
25.573420 145129.6
25.585770 145266.0
25.600265 145828.8
25.612269 145144.8
25.624405 145538.8
25.638002 145248.0
25.651586 144584.0
25.663456 145266.0
25.675590 145281.6
25.690442 145828.8
25.702315 145692.0
25.714234 145538.8
25.727662 145129.6
25.741418 145266.0
25.753375 145418.4
25.765588 144993.2
25.780187 145692.0
25.792185 144584.0
25.804281 144568.0
25.817968 145538.8
25.831522 144856.8
25.843395 144993.2
25.856780 145555.2
25.870477 144704.0
25.882386 145008.0
25.894323 145129.6
25.906240 145692.0
25.920244 145843.6
25.932307 145692.0
25.944429 144856.8
25.956341 144568.0
25.970254 145129.6
25.982221 145266.0
25.994108 145418.4
26.005996 145538.8
26.020279 144856.8
26.032279 144856.8
26.044356 145266.0
26.057979 144856.8
26.070621 145555.2
26.082468 144856.8
26.094373 144976.0
26.106590 145418.4
26.120272 145266.0
26.132386 144993.2
26.144375 145692.0
26.156290 145706.4
26.170358 145692.0
26.182254 144704.0
26.194102 145129.6
26.206363 145402.4
26.220068 145266.0
26.231927 145266.0
26.243757 145266.0
26.255959 145266.0
26.270866 145266.0
26.289495 146118.0
26.310679 145281.6
26.322679 145828.8
26.334574 145266.0
26.346421 145828.8
26.358513 145402.4
26.371649 144856.8
26.384450 144993.2
26.400366 145008.0
26.412387 144993.2
26.424580 144584.0
26.437182 145675.2
26.450796 145281.6
26.462724 145129.6
26.474669 145555.2
26.486997 145811.6
26.500635 145129.6
26.512647 145266.0
26.524599 145692.0
26.537168 145538.8
26.550840 144720.4
26.562735 145129.6
26.574662 145129.6
26.586975 145811.6
26.600637 145266.0
26.612571 145692.0
26.624476 145692.0
26.636991 145402.4
26.650722 145555.2
26.662652 144160.0
26.674634 145129.6
26.689534 144856.8
26.701251 144584.0
26.716223 145008.0
26.728365 144432.0
26.747004 144993.2
26.761630 145402.4
26.774494 145402.4
26.787870 144993.2
26.801602 145692.0
26.813627 145418.4
26.827117 145402.4
26.840765 145555.2
26.852704 145692.0
26.864706 144976.0
26.878502 144447.6
26.890435 144993.2
26.902299 145129.6
26.914174 145266.0
26.926110 145266.0
26.945202 144856.8
26.960435 145129.6
26.972387 145828.8
26.984337 145555.2
26.996547 145418.4
27.010366 145266.0
27.022343 145008.0
27.034259 145402.4
27.046436 144993.2
27.060202 144584.0
27.071998 145692.0
27.085273 145129.6
27.098068 144296.0
27.111593 145692.0
27.123507 145266.0
27.135387 145828.8
27.147859 145828.8
27.161628 145129.6
27.173730 144704.0
27.185858 145266.0
27.200363 144856.8
27.212412 145129.6
27.224421 145692.0
27.236738 145538.8
27.252161 144568.0
27.269440 144720.4
27.281331 145692.0
27.293670 145555.2
27.306657 145129.6
27.322244 145692.0
27.334284 145281.6
27.347733 144840.0
27.360203 145129.6
27.372262 145144.8
27.384321 145402.4
27.398041 144993.2
27.410844 144720.4
27.422691 145538.8
27.435923 145266.0
27.450339 145266.0
27.462299 145266.0
27.474299 144568.0
27.487663 144993.2
27.501360 145129.6
27.513240 145965.6
27.526809 144976.0
27.540513 145692.0
27.552643 145281.6
27.564665 145965.6
27.580218 144584.0
27.592164 145266.0
27.609571 144840.0
27.623409 144296.0
27.635257 144993.2
27.647699 145402.4
27.661452 145828.8
27.673625 144993.2
27.687174 146102.4
27.700699 145266.0
27.712608 145266.0
27.724636 145555.2
27.738368 145965.6
27.751607 145281.6
27.763557 144704.0
27.776948 145266.0
27.790705 144856.8
27.802545 145692.0
27.815494 144993.2
27.830396 145402.4
27.842308 145129.6
27.854320 144993.2
27.867660 145129.6
27.881457 145555.2
27.893422 145692.0
27.905707 145843.6
27.920265 145008.0
27.932293 145266.0
27.944367 145418.4
27.958232 144840.0
27.971728 145675.2
27.985487 144993.2
27.997505 144840.0
28.011417 145129.6
28.023214 145692.0
28.035264 145692.0
28.050517 144993.2
28.062621 145129.6
28.074560 144447.6
28.086541 144840.0
28.100084 145008.0
28.111917 144720.4
28.123804 145129.6
28.136581 145129.6
28.159956 145692.0
28.171733 145418.4
28.184140 145692.0
28.198456 145418.4
28.210947 145402.4
28.222860 145555.2
28.234982 144568.0
28.250533 144584.0
28.262421 144856.8
28.274405 145555.2
28.286197 145692.0
28.298718 145402.4
28.310649 144871.2
28.327793 144976.0
28.341627 145281.6
28.353683 145418.4
28.366031 145692.0
28.379141 145692.0
28.390998 145555.2
28.407753 144568.0
28.421563 145692.0
28.448777 144296.0
28.460617 144840.0
28.473026 144856.8
28.486448 143736.0
28.500743 145266.0
28.513135 145418.4
28.526381 145281.6
28.540072 145692.0
28.551966 144720.4
28.563892 144704.0
28.576080 145129.6
28.590272 145266.0
28.602344 145008.0
28.614281 144704.0
28.627784 145129.6
28.641558 145144.8
28.653449 145402.4
28.665759 144993.2
28.680307 144720.4
28.692380 145402.4
28.704224 145965.6
28.717596 144976.0
28.731312 144856.8
28.743125 145129.6
28.755280 145828.8
28.770526 144720.4
28.782465 144993.2
28.794480 145828.8
28.807800 144976.0
28.821538 145266.0
28.833519 145266.0
28.845850 144856.8
28.860019 144720.4
28.871884 145129.6
28.883785 144856.8
28.897051 145266.0
28.911117 144720.4
