1396599568.972888 #
0.062352 138996.0
0.075271 138153.6
0.087293 137572.0
0.099276 138706.4
0.111338 138969.6
0.123397 138180.0
0.135314 138732.0
0.147471 138547.2
0.159399 139260.0
0.171449 143085.6
0.183340 143085.6
0.195392 143539.2
0.207378 142952.0
0.219384 143085.6
0.231263 143085.6
0.243158 141564.8
0.255176 142257.6
0.267009 143112.0
0.279189 143246.0
0.291841 142096.0
0.303644 142657.2
0.315934 142361.6
0.329438 141830.4
0.341229 142684.8
0.353021 143648.0
0.365202 142657.2
0.379154 141963.2
0.391140 142657.2
0.402903 142524.0
0.416342 142818.4
0.430025 142657.2
0.441859 142684.8
0.454021 142657.2
0.469601 142524.0
0.481448 142923.6
0.493428 143219.2
0.507488 142228.8
0.521063 141858.0
0.532901 142257.6
0.546283 142390.8
0.560109 142952.0
0.571935 142790.4
0.585125 142952.0
0.599087 142096.0
0.610916 142524.0
0.622906 143112.0
0.635982 142390.8
0.649461 142390.8
0.661212 143085.6
0.673140 142952.0
0.685304 142657.2
0.699049 141963.2
0.710983 142790.4
0.722800 142524.0
0.736154 142657.2
0.750599 142390.8
0.762588 142524.0
0.775016 142096.0
0.789327 142952.0
0.801151 142524.0
0.813029 142790.4
0.826431 142228.8
0.840158 141697.6
0.853131 143219.2
0.865645 142228.8
0.879470 142524.0
0.891447 142524.0
0.903447 142551.2
0.916879 143056.8
0.930342 142684.8
0.942172 142952.0
0.954143 142952.0
0.969317 142524.0
0.981234 141991.2
0.993040 141858.0
1.004909 141963.2
1.019473 142524.0
1.031314 143085.6
1.044057 141564.8
1.055946 142096.0
1.069306 142657.2
1.081073 142524.0
1.092933 142818.4
1.104794 142257.6
1.119390 142257.6
1.131588 142150.4
1.143638 142524.0
1.157041 142361.6
1.170982 142257.6
1.183043 142790.4
1.196356 142657.2
1.210229 141830.4
1.222076 143219.2
1.234031 142952.0
1.269772 141697.6
1.286249 141697.6
1.298161 142524.0
1.310177 141991.2
1.321958 141991.2
1.333897 142124.4
1.366731 142657.2
1.379988 141724.8
1.393824 141858.0
1.406467 142124.4
1.418491 142524.0
1.430544 141432.0
1.442319 138022.4
1.454092 143219.2
1.465984 141166.4
1.478054 138838.0
1.489989 139392.0
1.502111 139072.0
1.514073 138284.8
1.526140 140316.0
1.538279 141724.8
1.550317 142524.0
1.562183 142524.0
1.574102 142390.8
1.586467 142524.0
1.600344 142684.8
1.612204 142417.6
1.624057 143219.2
1.636392 143085.6
1.649917 142790.4
1.661934 142790.4
1.673965 142257.6
1.689328 142417.6
1.701162 141858.0
1.712917 142684.8
1.726283 142361.6
1.739761 141991.2
1.751694 141830.4
1.764193 141991.2
1.776330 142124.4
1.788537 142390.8
1.800618 142390.8
1.812706 142390.8
1.824777 141299.2
1.836835 142124.4
1.849006 141564.8
1.860918 143782.0
1.872743 141963.2
1.884924 141564.8
1.896797 142257.6
1.908854 142257.6
1.921173 143085.6
1.933044 143112.0
1.948556 143085.6
1.960443 143352.8
1.973450 142390.8
1.986548 142390.8
1.998648 141724.8
2.010536 142657.2
2.022532 142952.0
2.034441 143112.0
2.046332 142257.6
2.058346 141830.4
2.070345 142257.6
2.082230 141858.0
2.094133 142790.4
2.106934 142818.4
2.118832 142818.4
2.130639 143514.0
2.142654 143648.0
2.154455 144345.6
2.166261 144345.6
2.177971 145044.8
2.189732 144480.0
2.201426 144184.0
2.213106 143916.0
2.224779 143219.2
2.238307 143056.8
2.250069 145179.6
2.261902 146176.8
2.273573 145314.4
2.285256 145044.8
2.296934 144775.2
2.308613 144614.4
2.320298 144050.0
2.331989 143916.0
2.343689 143486.4
2.355442 144050.0
2.367239 144480.0
2.378964 142818.4
2.390772 143219.2
2.402455 143514.0
2.414260 143648.0
2.425968 144640.4
2.437847 142790.4
2.449573 143782.0
2.461240 144640.4
2.472902 145449.2
2.484563 145449.2
2.496235 144883.2
2.507973 144050.0
2.519702 144480.0
2.531477 144345.6
2.552727 142016.8
2.564602 141697.6
2.576634 141830.4
2.598610 141403.2
2.610476 143056.8
2.622434 143782.0
2.634299 142551.2
2.647265 143246.0
2.659151 141858.0
2.671115 141299.2
2.683088 142390.8
2.695044 142551.2
2.706944 142551.2
2.718803 142284.0
2.730632 142257.6
2.742605 142684.8
2.754476 142657.2
2.766402 142124.4
2.778464 142257.6
2.790401 141830.4
2.802246 142952.0
2.814420 142790.4
2.826379 142684.8
2.838427 141325.2
2.850312 141830.4
2.862240 142657.2
2.874203 141564.8
2.886196 142257.6
2.897981 142257.6
2.909938 142923.6
2.921724 143782.0
2.933497 143380.0
2.945289 142390.8
2.958103 141724.8
2.969952 141697.6
2.983064 142197.6
2.995118 142684.8
3.007193 144614.4
3.018940 144050.0
3.030761 143782.0
3.042483 143916.0
3.054314 144184.0
3.065993 143916.0
3.077862 144614.4
3.089565 144345.6
3.101293 142684.8
3.113500 145745.6
3.125194 145044.8
3.136907 144748.8
3.148593 144614.4
3.160289 144452.0
3.172001 143916.0
3.183690 144883.2
3.195326 143648.0
3.207055 143620.0
3.218857 143514.0
3.230696 144050.0
3.242384 144345.6
3.254169 143916.0
3.265839 144640.4
3.277540 145314.4
3.289224 145314.4
3.300891 145179.6
3.312562 145044.8
3.324238 144614.4
3.335912 144050.0
3.347754 144748.8
3.359525 144614.4
3.371214 144211.2
3.383005 144050.0
3.394680 144505.6
3.406410 144614.4
3.418222 144883.2
3.430113 144480.0
3.441723 144614.4
3.453415 144345.6
3.465095 144640.4
3.476756 144480.0
3.489551 142952.0
3.502156 144748.8
3.513901 144748.8
3.525616 144318.0
3.537459 144614.4
3.549137 145044.8
3.560820 145449.2
3.572491 144480.0
3.584152 144345.6
3.595831 143782.0
3.607610 143782.0
3.619300 142124.4
3.631116 144050.0
3.642826 144505.6
3.654659 143352.8
3.666342 144076.8
3.678267 144345.6
3.689881 143782.0
3.701566 145044.8
3.713246 144480.0
3.724915 145179.6
3.739968 142657.2
3.770484 141697.6
3.782677 141591.6
3.794689 142257.6
3.818431 142257.6
3.830492 141270.8
3.842494 142124.4
3.854609 141299.2
3.866710 142524.0
3.878696 142710.0
3.890640 142257.6
3.902471 142390.8
3.914340 142952.0
3.926329 143246.0
3.938323 141564.8
3.950309 142390.8
3.962185 142818.4
3.974176 142684.8
3.986027 142551.2
3.998031 143916.0
4.009782 144614.4
4.021436 145017.6
4.033137 144480.0
4.044812 145069.6
4.056479 144775.2
4.068180 144883.2
4.079861 144614.4
4.091595 145044.8
4.105489 143620.0
4.118517 144345.6
4.130221 145314.4
4.142071 144775.2
4.153757 145314.4
4.165455 145017.6
4.177184 145152.0
4.188789 144614.4
4.200473 144184.0
4.212152 144614.4
4.223811 144640.4
4.235482 144505.6
4.247261 145044.8
4.258982 144775.2
4.270786 145204.8
4.282465 145044.8
4.294232 146016.0
4.305899 145179.6
4.317614 144614.4
4.329308 144748.8
4.341011 144480.0
4.352715 144614.4
4.364424 144748.8
4.376097 143486.4
4.387860 144050.0
4.399623 144480.0
4.411321 143648.0
4.423081 144775.2
4.434766 144775.2
4.446472 144775.2
4.458268 145044.8
4.470112 144505.6
4.481823 145204.8
4.493500 145314.4
4.505193 145044.8
4.516901 145044.8
4.528607 145314.4
4.540284 144614.4
4.551968 144614.4
4.563788 144748.8
4.575503 145044.8
4.587214 143916.0
4.599004 144480.0
4.610814 144211.2
4.622575 144614.4
4.634252 144318.0
4.646081 144345.6
4.657804 144614.4
4.669483 144748.8
4.681183 143782.0
4.692805 144910.0
4.704480 145179.6
4.716148 144614.4
4.727863 145314.4
4.739544 144480.0
4.751915 143620.0
4.763768 144748.8
4.775459 144480.0
4.788593 143056.8
4.800353 144883.2
4.812098 144184.0
4.823735 144184.0
4.835435 144748.8
4.847218 143916.0
4.858915 144050.0
4.870795 144883.2
4.882505 144480.0
4.894257 144883.2
4.905944 144614.4
4.917671 143782.0
4.929379 144640.4
4.940984 145449.2
4.952663 144748.8
4.964334 144910.0
4.976000 144480.0
4.987854 143916.0
5.001734 145449.2
5.013471 145179.6
5.025202 144748.8
5.036927 145314.4
5.050689 141830.4
5.075962 141830.4
5.087776 142684.8
5.099814 142952.0
5.111722 141963.2
5.124172 141858.0
5.135910 144370.8
5.156106 142952.0
5.169177 141724.8
5.180992 142150.4
5.192782 142551.2
5.204654 141564.8
5.216507 142390.8
5.229514 142257.6
5.247773 142684.8
5.259582 142257.6
5.271918 141724.8
5.284075 142952.0
5.296879 144318.0
5.308603 143916.0
5.320323 144480.0
5.332104 143352.8
5.343885 143887.2
5.355600 143916.0
5.367521 144614.4
5.379277 144211.2
5.391064 145314.4
5.402776 144345.6
5.414517 144614.4
5.426187 144345.6
5.438016 144184.0
5.449707 144748.8
5.461387 144775.2
5.473080 144775.2
5.484765 145179.6
5.496431 145179.6
5.508237 144452.0
5.519951 145449.2
5.531721 144910.0
5.543522 146151.2
5.555181 144910.0
5.566957 145340.0
5.578693 145044.8
5.590438 145314.4
5.602141 144480.0
5.613817 144184.0
5.625484 144883.2
5.637480 144050.0
5.649225 145475.2
5.660893 144910.0
5.672593 144614.4
5.684285 144318.0
5.695907 144640.4
5.707630 144799.2
5.719418 144640.4
5.733558 143753.6
5.745292 145179.6
5.757458 142124.4
5.769420 142257.6
5.781336 142257.6
5.793367 141724.8
5.805421 142684.8
5.817616 142257.6
5.829463 141697.6
5.841654 141432.0
5.853823 142390.8
5.865758 143112.0
5.877727 142524.0
5.889555 143219.2
5.901418 142524.0
5.913302 143942.4
5.925179 142818.4
5.937213 142524.0
5.949060 142818.4
5.960896 144050.0
5.972610 144883.2
5.984284 144345.6
5.996049 142684.8
6.016570 142524.0
6.028911 141697.6
6.040877 141858.0
6.054669 143246.0
6.066569 141564.8
6.079548 142978.0
6.091490 143219.2
6.103436 142096.0
6.115345 143514.0
6.127425 142952.0
6.139336 142524.0
6.151274 142124.4
6.163136 142818.4
6.175115 141564.8
6.186964 142524.0
6.199005 143219.2
6.210829 143380.0
6.222720 141299.2
6.248272 141166.4
6.260159 142257.6
6.271962 142390.8
6.284189 141991.2
6.296176 142390.8
6.308144 142524.0
6.320068 143085.6
6.332100 142923.6
6.343944 142657.2
6.355967 143219.2
6.368271 143219.2
6.380054 143916.0
6.393406 141991.2
6.405274 142524.0
6.417043 143085.6
6.428907 143352.8
6.440742 142524.0
6.452624 142390.8
6.464874 142818.4
6.477542 142257.6
6.489386 144910.0
6.501111 145745.6
6.512856 145179.6
6.524575 145314.4
6.536277 145179.6
6.548025 145179.6
6.559740 144614.4
6.571416 144211.2
6.583177 145314.4
6.594862 144345.6
6.606597 145017.6
6.618328 143916.0
6.630171 144748.8
6.641876 144184.0
6.653554 143916.0
6.665251 144076.8
6.676927 145179.6
6.688571 144883.2
6.700311 144748.8
6.712001 145044.8
6.723694 144910.0
6.735471 145179.6
6.747351 144211.2
6.759100 144883.2
6.770780 145449.2
6.782599 144614.4
6.794345 146016.0
6.806183 144614.4
6.817909 144586.0
6.829614 144614.4
6.841324 145314.4
6.853023 144614.4
6.864698 144883.2
6.876390 144318.0
6.888206 145449.2
6.900035 144050.0
6.911723 143916.0
6.923446 143916.0
6.935205 144614.4
6.946834 143782.0
6.958665 143916.0
6.971541 142390.8
6.989021 142657.2
7.000803 144480.0
7.012566 144883.2
7.024273 144480.0
7.036049 145179.6
7.047785 144480.0
7.059472 144775.2
7.071202 144480.0
7.082888 144614.4
7.094653 144614.4
7.106315 143782.0
7.119540 143887.2
7.132234 145044.8
7.143937 145449.2
7.155610 144910.0
7.167455 144748.8
7.179164 145449.2
7.190944 144748.8
7.202640 145044.8
7.214475 144748.8
7.226152 145179.6
7.237928 142923.6
7.249754 144748.8
7.261484 144614.4
7.273234 144614.4
7.284967 144480.0
7.296646 145044.8
7.308368 144184.0
7.320065 144184.0
7.331769 144211.2
7.343680 145017.6
7.355350 144614.4
7.367215 144050.0
7.378929 144480.0
7.390700 144184.0
7.402394 144748.8
7.414217 144748.8
7.425898 144614.4
7.440037 144775.2
7.451806 143782.0
7.463706 143219.2
7.475439 143648.0
7.487225 143648.0
7.498950 145204.8
7.510707 144910.0
7.522432 144505.6
7.534274 144614.4
7.545983 144505.6
7.557710 144640.4
7.569403 144910.0
7.581094 145017.6
7.592794 145179.6
7.604457 145179.6
7.616138 144614.4
7.627920 144480.0
7.639713 145314.4
7.651431 144211.2
7.663153 144480.0
7.674842 144883.2
7.686605 144050.0
7.698324 145314.4
7.709997 143648.0
7.721685 145044.8
7.733364 145314.4
7.745024 146312.4
7.756847 142257.6
7.768850 142124.4
7.780805 141963.2
7.792769 142551.2
7.804681 141858.0
7.816636 143085.6
7.828814 142417.6
7.840908 142524.0
7.852934 143380.0
7.865182 142096.0
7.877060 143219.2
7.889051 142844.0
7.900918 142524.0
7.912792 142790.4
7.924632 143648.0
7.936436 145314.4
7.948350 145449.2
7.960041 145584.0
7.971756 144775.2
7.983487 145314.4
7.995179 144318.0
8.007177 145449.2
8.018884 145449.2
8.030635 145584.0
8.042323 145449.2
8.053990 145314.4
8.065657 145449.2
8.077455 145314.4
8.089147 144883.2
8.100811 144614.4
8.112481 144775.2
8.124954 143486.4
8.137234 145314.4
8.148922 145449.2
8.160617 145853.6
8.172347 145449.2
8.184140 145584.0
8.195776 145179.6
8.207563 145314.4
8.219266 144775.2
8.231119 144184.0
8.242821 145179.6
8.254578 145610.4
8.266262 144345.6
8.283001 143219.2
8.294792 144775.2
8.306464 144775.2
8.318345 143514.0
8.330049 144076.8
8.341750 144775.2
8.353434 145179.6
8.365109 145449.2
8.376797 145314.4
8.388482 144480.0
8.400188 144480.0
8.411884 143782.0
8.423763 145179.6
8.435441 143648.0
8.447201 144184.0
8.459738 144050.0
8.471517 145044.8
8.483215 144345.6
8.494989 145017.6
8.507338 143648.0
8.519249 144614.4
8.530963 145179.6
8.542793 141564.8
8.560757 142417.6
8.577234 142257.6
8.589088 142684.8
8.601003 142524.0
8.614032 143085.6
8.625744 144050.0
8.667583 142390.8
8.679491 142257.6
8.691354 141299.2
8.703313 141858.0
8.715155 142257.6
8.727764 142818.4
8.740128 142551.2
8.752080 142657.2
8.763918 141432.0
8.776195 142524.0
8.788254 143219.2
8.800081 143486.4
8.811783 143916.0
8.823517 143648.0
8.835218 144211.2
8.847003 144050.0
8.858826 143782.0
8.870696 143352.8
8.882441 144614.4
8.894211 144883.2
8.905879 143486.4
8.917611 144640.4
8.929309 144640.4
8.940941 144748.8
8.952630 144883.2
8.964380 144318.0
8.976056 144345.6
8.987751 144076.8
8.999521 143620.0
9.011268 144910.0
9.023183 144614.4
9.034881 144883.2
9.046673 144480.0
9.058401 144050.0
9.070091 145044.8
9.081791 144614.4
9.093484 143916.0
9.105181 145179.6
9.116867 143219.2
9.128936 143486.4
9.142476 145179.6
9.154142 143782.0
9.165828 144640.4
9.177540 145880.8
9.189163 144748.8
9.200892 144748.8
9.212566 145314.4
9.224302 144614.4
9.236155 144614.4
9.247897 145314.4
9.259584 144370.8
9.271275 144614.4
9.282959 145314.4
9.294733 144614.4
9.306429 144345.6
9.318150 144748.8
9.329842 144076.8
9.341547 144211.2
9.353236 145745.6
9.364930 145179.6
9.376625 144883.2
9.388326 144318.0
9.400091 145044.8
9.411793 144211.2
9.423541 144480.0
9.435228 145044.8
9.446897 143916.0
9.458622 143782.0
9.470449 144614.4
9.482160 143916.0
9.493856 144614.4
9.505531 145610.4
9.517248 144211.2
9.528973 145475.2
9.540638 145584.0
9.552317 144614.4
9.564099 144480.0
9.575847 145179.6
9.587593 144775.2
9.599361 144345.6
9.611059 144480.0
9.622836 144480.0
9.634527 144748.8
9.646291 144345.6
9.657996 144614.4
9.669681 144184.0
9.681385 143782.0
9.693014 144345.6
9.704669 145449.2
9.716352 144614.4
9.728218 145179.6
9.739915 145179.6
9.757376 141697.6
9.769480 141991.2
9.781988 141299.2
9.793958 142257.6
9.806059 142551.2
9.818164 141830.4
9.830118 141991.2
9.842153 142657.2
9.868557 142257.6
9.880511 143808.0
9.892676 142124.4
9.904567 143514.0
9.916473 142124.4
9.928468 141991.2
9.940471 142390.8
9.952354 142524.0
9.964393 142952.0
9.976254 144050.0
9.987953 142952.0
10.000988 142657.2
10.018480 141299.2
10.030300 143246.0
10.042142 143001.6
10.053906 141325.2
10.065737 142284.0
10.077696 142952.0
10.089573 141403.2
10.101436 142390.8
10.113281 143380.0
10.125098 142417.6
10.136996 141963.2
10.149745 143808.0
10.162010 142684.8
10.173863 141403.2
10.185722 141830.4
10.197648 140344.0
10.209346 135820.8
10.221132 142096.0
10.232941 143085.6
10.244760 143380.0
10.256620 142124.4
10.268429 142657.2
10.280355 142657.2
10.292263 143486.4
10.304255 138022.4
10.316303 141138.4
10.328368 141325.2
10.340502 141033.6
10.352462 139890.8
10.364545 142923.6
10.376275 144640.4
10.387985 144370.8
10.399751 145044.8
10.411482 144775.2
10.423345 143648.0
10.435029 145475.2
10.446767 144934.4
10.458523 144910.0
10.470196 145449.2
10.481886 144614.4
10.493546 145584.0
10.505225 144614.4
10.516972 143916.0
10.528718 144184.0
10.540425 144883.2
10.552163 144050.0
10.563866 143782.0
10.575623 143916.0
10.587407 143916.0
10.599305 144480.0
10.610993 145044.8
10.631533 144614.4
10.643276 144720.0
10.654998 144614.4
10.666679 144345.6
10.678552 145449.2
10.690178 145044.8
10.701868 143916.0
10.713559 145449.2
10.735977 142790.4
