# 1395487647.411077
0.001726 137540.0
0.003171 138517.2
0.004373 139072.0
0.005560 139334.4
0.006738 139890.8
0.007964 139465.6
0.009149 139334.4
0.010344 139364.4
0.011526 139072.0
0.012716 139465.6
0.013901 139040.4
0.015085 139465.6
0.016272 139203.2
0.017454 138940.8
0.018682 139072.0
0.019870 139040.4
0.021048 139596.8
0.022224 139465.6
0.023414 139072.0
0.024593 139334.4
0.025772 139334.4
0.026973 139334.4
0.028176 139334.4
0.029356 138354.4
0.030543 139072.0
0.031723 139465.6
0.032919 139072.0
0.034177 139334.4
0.035372 139465.6
0.036551 139072.0
0.037748 138778.8
0.038946 139465.6
0.040127 139465.6
0.041306 139465.6
0.042499 139759.2
0.043688 138940.8
0.044869 139334.4
0.046057 139334.4
0.047249 139334.4
0.048430 139334.4
0.049615 138940.8
0.050815 139072.0
0.052011 139465.6
0.053189 139465.6
0.054373 139465.6
0.055568 139203.2
0.056754 139072.0
0.057951 139334.4
0.059146 139334.4
0.060326 139334.4
0.061512 139334.4
0.062693 138940.8
0.063875 139334.4
0.065059 139334.4
0.066264 139465.6
0.067451 139334.4
0.068653 139072.0
0.069844 138778.8
0.071023 139465.6
0.072200 139465.6
0.073383 139596.8
0.074570 139203.2
0.075761 138940.8
0.076947 139171.2
0.078156 138909.6
0.079343 139759.2
0.080522 139759.2
0.081701 138940.8
0.082890 139334.4
0.084071 139465.6
0.085252 139334.4
0.086433 139040.4
0.087610 139072.0
0.088802 139334.4
0.089983 139040.4
0.091210 139759.2
0.092389 139759.2
0.093570 139072.0
0.094751 138778.8
0.095924 139465.6
0.097101 139334.4
0.098305 139334.4
0.099490 139627.6
0.100676 139072.0
0.101862 139171.2
0.103047 139334.4
0.104221 139040.4
0.105404 139334.4
0.106633 139496.0
0.107815 139334.4
0.109009 139596.8
0.110192 139465.6
0.111365 139465.6
0.112551 139072.0
0.113731 138778.8
0.114932 139465.6
0.116112 139040.4
0.117293 139465.6
0.118523 139759.2
0.119700 139072.0
0.120890 139465.6
0.122114 139465.6
0.123338 139890.8
0.124523 139465.6
0.125697 139203.2
0.126881 138940.8
0.128074 139040.4
0.129260 139334.4
0.130451 138778.8
0.131639 139334.4
0.132816 139364.4
0.133994 139890.8
0.135176 139334.4
0.136356 139334.4
0.137542 139334.4
0.138767 139072.0
0.139947 139334.4
0.141130 139596.8
0.142308 139465.6
0.143504 139465.6
0.144693 139203.2
0.145874 139072.0
0.147065 139465.6
0.148257 139040.4
0.149440 138909.6
0.150619 139203.2
0.151801 139072.0
0.152975 139890.8
0.154191 139040.4
0.155382 139890.8
0.156561 140022.4
0.157739 139072.0
0.158930 139334.4
0.160106 139334.4
0.161292 139465.6
0.162506 139040.4
0.163701 139203.2
0.164882 139496.0
0.166062 139040.4
0.167240 139465.6
0.168422 139465.6
0.169610 139203.2
0.170810 139203.2
0.171992 140022.4
0.173168 139465.6
0.174348 139596.8
0.175528 139203.2
0.176703 139072.0
0.177927 139334.4
0.179114 139334.4
0.180306 139040.4
0.181488 139890.8
0.182669 139072.0
0.183848 139627.6
0.185038 139890.8
0.186246 139334.4
0.187441 139465.6
0.188636 139203.2
0.189813 139072.0
0.190989 139465.6
0.192177 139334.4
0.193358 139334.4
0.194547 139203.2
0.195737 138940.8
0.196927 139334.4
0.198113 139465.6
0.199295 139465.6
0.200478 138909.6
0.201656 138940.8
0.202855 138909.6
0.204036 139596.8
0.205213 140022.4
0.206395 139596.8
0.207578 139203.2
0.208758 139759.2
0.209920 139465.6
0.211093 139334.4
0.212252 139334.4
0.213421 139072.0
0.214589 139465.6
0.215781 139334.4
0.216950 139334.4
0.218172 138778.8
0.219363 138517.2
0.220544 139334.4
0.221724 139596.8
0.222898 139890.8
0.224075 139596.8
0.225254 138940.8
0.226447 139203.2
0.227640 139334.4
0.228831 139465.6
0.230014 139890.8
0.231190 139364.4
0.232381 139072.0
0.233563 139334.4
0.234780 139334.4
0.235962 139334.4
0.237147 138909.6
0.238338 139203.2
0.239496 139596.8
0.240654 139596.8
0.241810 139465.6
0.243001 139072.0
0.244179 139627.6
0.245345 139465.6
0.246502 139465.6
0.247663 139334.4
0.248849 138940.8
0.250068 139627.6
0.251259 139334.4
0.252434 139334.4
0.253622 139334.4
0.254801 138778.8
0.255975 139759.2
0.257153 139596.8
0.258351 139465.6
0.259533 139759.2
0.260710 139203.2
0.261881 139072.0
0.263061 139334.4
0.264240 139334.4
0.265424 139465.6
0.266638 139334.4
0.267822 138648.0
0.269016 139334.4
0.270190 139759.2
0.271363 139465.6
0.272542 139334.4
0.273715 139072.0
0.274897 139465.6
0.276078 138909.6
0.277261 139334.4
0.278477 139334.4
0.279667 138940.8
0.280844 139759.2
0.282052 139040.4
0.283236 139465.6
0.284419 139465.6
0.285593 138648.0
0.286771 139203.2
0.287960 139596.8
0.289141 139465.6
0.290340 139334.4
0.291522 139203.2
0.292694 139203.2
0.293866 139596.8
0.295040 139465.6
0.296208 139465.6
0.297379 138940.8
0.298575 139203.2
0.299748 139465.6
0.300923 139465.6
0.302097 139334.4
0.303281 139072.0
0.304458 139334.4
0.305627 139465.6
0.306816 139596.8
0.308009 139465.6
0.309186 139072.0
0.310365 139203.2
0.311539 139465.6
0.312716 139596.8
0.313887 139334.4
0.315103 139072.0
0.316287 139072.0
0.317457 139465.6
0.318647 139465.6
0.319816 139465.6
0.320982 139203.2
0.322182 139203.2
0.323355 140022.4
0.324528 140022.4
0.325950 138517.2
0.327626 138648.0
0.328841 139072.0
0.330061 139072.0
0.331252 139890.8
0.332440 139890.8
0.333615 139040.4
0.334792 139203.2
0.335972 139072.0
0.337153 139465.6
0.338351 139465.6
0.339531 139465.6
0.340710 139334.4
0.341884 139203.2
0.343068 139465.6
0.344246 139465.6
0.345428 139334.4
0.346642 139334.4
0.347829 138940.8
0.349058 138648.0
0.350237 139334.4
0.351418 139890.8
0.352597 139465.6
0.353777 138940.8
0.354970 139203.2
0.356152 139596.8
0.357328 139465.6
0.358531 139465.6
0.359714 139203.2
0.360904 139072.0
0.362112 139334.4
0.363301 139040.4
0.364496 139465.6
0.365678 139040.4
0.366850 138386.4
0.368043 138778.8
0.369206 139465.6
0.370378 139759.2
0.371542 139465.6
0.372699 139203.2
0.373856 139171.2
0.375011 139465.6
0.376172 138909.6
0.377335 138940.8
0.378542 138909.6
0.379726 139465.6
0.380906 139465.6
0.382090 139040.4
0.383275 139072.0
0.384456 139072.0
0.385638 139465.6
0.386830 139334.4
0.388015 139465.6
0.389198 139334.4
0.390378 139496.0
0.391560 139465.6
0.392740 139465.6
0.393926 139334.4
0.395128 139334.4
0.396313 139072.0
0.397489 139334.4
0.398674 139465.6
0.399850 139334.4
0.401036 139334.4
0.402249 138517.2
0.403437 138547.2
0.404649 139040.4
0.405853 139334.4
0.407043 139465.6
0.408230 139465.6
0.409414 138940.8
0.410603 139040.4
0.411782 139465.6
0.412955 139334.4
0.414135 138909.6
0.415313 139203.2
0.416488 139890.8
0.417672 139040.4
0.418874 139334.4
0.420056 139334.4
0.421230 138778.8
0.422403 139465.6
0.423578 139596.8
0.424760 139596.8
0.425943 139203.2
0.427138 139072.0
0.428337 139203.2
0.429523 138909.6
0.430708 139465.6
0.431887 139890.8
0.433069 139072.0
0.434263 139072.0
0.435453 139334.4
0.436629 139465.6
0.437823 139334.4
0.439043 139890.8
0.440216 139072.0
0.441394 139465.6
0.442587 139334.4
0.443771 138909.6
0.444950 139203.2
0.446129 139072.0
0.447310 139334.4
0.448501 139334.4
0.449685 139465.6
0.450873 139465.6
0.452054 139072.0
0.453226 138909.6
0.454414 139596.8
0.455593 139465.6
0.456772 139596.8
0.457963 139072.0
0.459155 138909.6
0.460346 139890.8
0.461536 139334.4
0.462719 139465.6
0.463896 138778.8
0.465076 139072.0
0.466277 139465.6
0.467464 139465.6
0.468651 138909.6
0.469849 139627.6
0.471025 139072.0
0.472237 139334.4
0.473424 139465.6
0.474622 139465.6
0.475802 139465.6
0.476982 139072.0
0.478184 139072.0
0.479360 139040.4
0.480541 139465.6
0.481721 139465.6
0.482914 139072.0
0.484094 139072.0
0.485270 139040.4
0.486447 139334.4
0.487619 139465.6
0.488804 139203.2
0.489970 139072.0
0.491139 140022.4
0.492300 139759.2
0.493456 139334.4
0.494614 139072.0
0.495768 139465.6
0.496929 139465.6
0.498223 138909.6
0.499424 139334.4
0.500602 139072.0
0.501779 139203.2
0.502954 139465.6
0.504133 139596.8
0.505308 140022.4
0.506485 139627.6
0.507667 139334.4
0.508858 139890.8
0.510039 139334.4
0.511226 139334.4
0.512411 139203.2
0.513590 139072.0
0.514804 139465.6
0.515982 139890.8
0.517155 139334.4
0.518341 139203.2
0.519512 138940.8
0.520696 139465.6
0.521904 139334.4
0.523102 139890.8
0.524281 139040.4
0.525457 138940.8
0.526629 139334.4
0.527808 139334.4
0.528985 138909.6
0.530205 139203.2
0.531396 139496.0
0.532576 138909.6
0.533744 139040.4
0.534920 139465.6
0.536093 139465.6
0.537267 138940.8
0.538490 139203.2
0.539671 139596.8
0.540846 139596.8
0.542018 139465.6
0.543198 138648.0
0.544379 139072.0
0.545557 139334.4
0.546748 139465.6
0.547944 139759.2
0.549128 139203.2
0.550310 138940.8
0.551484 139334.4
0.552659 139334.4
0.553841 139334.4
0.555030 139203.2
0.556205 139627.6
0.557375 139465.6
0.558564 139759.2
0.559732 138909.6
0.560915 139072.0
0.562117 138940.8
0.563299 139465.6
0.564470 139334.4
0.565639 139072.0
0.566847 138778.8
0.568045 138940.8
0.569220 139334.4
0.570410 139040.4
0.571594 139334.4
0.572773 139890.8
0.573950 139072.0
0.575122 139334.4
0.576302 139465.6
0.577482 139334.4
0.578711 139040.4
0.579896 139072.0
0.581082 139496.0
0.582262 139465.6
0.583443 139759.2
0.584628 139759.2
0.585813 139072.0
0.587035 139072.0
0.588224 139334.4
0.589401 139465.6
0.590586 139759.2
0.591773 139465.6
0.592955 138940.8
0.594154 139203.2
0.595374 139334.4
0.596556 139890.8
0.597739 139465.6
0.598935 139072.0
0.600116 138778.8
0.601301 139465.6
0.602491 139040.4
0.603683 139465.6
0.604863 139334.4
0.606048 139072.0
0.607224 139596.8
0.608421 139465.6
0.609612 139465.6
0.610832 139759.2
0.612009 139072.0
0.613190 139203.2
0.614369 138909.6
0.615550 139465.6
0.616723 139334.4
0.617942 139203.2
0.619156 138940.8
0.620341 139334.4
0.621530 139171.2
0.622711 140022.4
0.623895 139334.4
0.625081 138778.8
0.626284 139072.0
0.627473 139040.4
0.628662 139759.2
0.629845 139334.4
0.631023 139072.0
0.632204 139072.0
0.633391 139465.6
0.634592 139759.2
0.635776 139334.4
0.636959 138778.8
0.638143 139203.2
0.639329 139465.6
0.640512 139465.6
0.641692 139465.6
0.642878 139203.2
0.644062 138940.8
0.645244 139040.4
0.646432 139465.6
0.647610 139334.4
0.648804 139334.4
0.649989 138386.4
0.651185 139203.2
0.652368 139465.6
0.653543 139465.6
0.654719 139759.2
0.655893 139072.0
0.657079 139890.8
0.658295 139465.6
0.659484 139334.4
0.660663 139465.6
0.661843 139072.0
0.663017 139072.0
0.664197 139890.8
0.665376 139203.2
0.666575 138909.6
0.667791 139334.4
0.668992 139072.0
0.670173 139759.2
0.671355 139465.6
0.672533 139890.8
0.673715 139759.2
0.674898 139072.0
0.676079 139203.2
0.677261 139334.4
0.678483 138909.6
0.679660 139334.4
0.680847 139627.6
0.682028 139072.0
0.683252 139334.4
0.684434 139465.6
0.685610 138909.6
0.686786 139334.4
0.687983 139496.0
0.689166 139465.6
0.690359 139465.6
0.691539 140022.4
0.692728 139334.4
0.693905 139072.0
0.695090 139203.2
0.696275 139040.4
0.697454 139759.2
0.698680 139334.4
0.699872 139203.2
0.701064 139072.0
0.702244 139334.4
0.703423 139465.6
0.704604 139334.4
0.705785 138909.6
0.706981 139072.0
0.708183 139465.6
0.709361 139040.4
0.710544 138909.6
0.711728 139334.4
0.712900 138940.8
0.714111 138909.6
0.715295 139465.6
0.716479 139334.4
0.717658 139334.4
0.718851 139072.0
0.720028 138778.8
0.721213 139465.6
0.722402 139171.2
0.723586 139596.8
0.724771 139627.6
0.725954 139072.0
0.727166 139334.4
0.728394 139465.6
0.729585 139334.4
0.730809 139465.6
0.732001 139072.0
0.733189 139496.0
0.734371 139465.6
0.735551 139334.4
0.736733 139759.2
0.737947 138778.8
0.739123 139072.0
0.740283 139596.8
0.741446 139465.6
0.742603 139465.6
0.743760 139072.0
0.744917 139334.4
0.746107 139465.6
0.747278 139465.6
0.748508 139465.6
0.749691 138648.0
0.750870 139627.6
0.752049 139890.8
0.753236 139465.6
0.754431 139759.2
0.755616 139334.4
0.756789 139072.0
0.757981 140022.4
0.759158 139465.6
0.760343 138909.6
0.761523 139334.4
0.762734 138940.8
0.763912 139334.4
0.765096 139465.6
0.766275 139465.6
0.767457 139334.4
0.768649 139072.0
0.769827 139072.0
0.771046 139596.8
0.772228 139465.6
0.773405 139465.6
0.774578 139627.6
0.775750 139072.0
0.776932 139465.6
0.778156 139465.6
0.779370 139334.4
0.780553 138909.6
0.781729 138940.8
0.782904 139465.6
0.784083 139040.4
0.785262 139465.6
0.786487 139334.4
0.787671 138648.0
0.788861 139072.0
0.790042 139465.6
0.791223 139596.8
0.792391 139465.6
0.793575 139072.0
0.794763 139072.0
0.795953 139040.4
0.797127 139040.4
0.798319 139465.6
0.799494 139072.0
0.800681 139072.0
0.801865 139334.4
0.803057 139465.6
0.804239 139334.4
0.805428 139334.4
0.806609 139072.0
0.807789 139465.6
0.808982 139465.6
0.810178 139465.6
0.811393 139334.4
0.812588 139496.0
0.813767 139627.6
0.814950 139334.4
0.816131 139465.6
0.817309 139465.6
0.818513 138778.8
0.819699 138648.0
0.820881 139465.6
0.822068 139465.6
0.823246 139890.8
0.824422 139334.4
0.825601 139627.6
0.826825 139203.2
0.828017 139334.4
0.829199 139465.6
0.830380 139334.4
0.831562 139364.4
0.832743 139334.4
0.833920 139334.4
0.835109 139465.6
0.836294 139334.4
0.837471 138648.0
0.838655 139203.2
0.839831 139465.6
0.841006 139171.2
0.842231 139334.4
0.843419 139203.2
0.844600 139072.0
0.845781 139040.4
0.846963 139334.4
0.848149 139334.4
0.849330 139203.2
0.850520 138940.8
0.851705 139334.4
0.852891 138909.6
0.854082 139334.4
0.855260 139465.6
0.856440 139203.2
0.857619 139465.6
0.858838 139465.6
0.860012 139890.8
0.861197 139465.6
0.865409 138354.4
0.866641 139334.4
0.867831 139040.4
0.869072 139334.4
0.870250 138940.8
0.871427 139203.2
0.872612 139596.8
0.873792 139465.6
0.874983 139465.6
0.876169 139203.2
0.877352 139072.0
0.878552 139465.6
0.879734 139334.4
0.880915 139465.6
0.882140 139334.4
0.883334 139072.0
0.884520 139334.4
0.885703 139465.6
0.886879 139334.4
0.888071 139040.4
0.889254 139496.0
0.890441 139203.2
0.891619 139596.8
0.892796 139465.6
0.893978 139759.2
0.895151 139072.0
0.896333 139072.0
0.897513 139465.6
0.898747 139334.4
0.899934 139334.4
0.901124 138909.6
0.902306 138940.8
0.903488 139334.4
0.904667 139040.4
0.905846 139890.8
0.907058 139596.8
0.908252 139072.0
0.909434 139203.2
0.910619 139465.6
0.911804 139334.4
0.912994 139890.8
0.914186 139627.6
0.915407 139072.0
0.916586 139465.6
0.917766 139465.6
0.918966 139759.2
0.920154 139465.6
0.921337 139072.0
0.922526 139890.8
0.923717 139465.6
0.924900 139465.6
0.926079 139334.4
0.927261 138940.8
0.928441 138909.6
0.929629 139334.4
0.930854 139334.4
0.932035 139334.4
0.933215 138778.8
0.934394 138648.0
0.935581 139334.4
0.936764 139465.6
0.937952 139203.2
0.939144 139334.4
0.940330 139072.0
0.941505 139465.6
0.942688 139596.8
0.943878 139465.6
0.945058 139334.4
0.946268 139072.0
0.947455 139072.0
0.948653 139334.4
0.949836 138909.6
0.951017 139334.4
0.952203 139203.2
0.953380 139203.2
0.954567 139465.6
0.955758 139465.6
0.956937 139465.6
0.958127 139203.2
0.959305 139496.0
0.960492 139465.6
0.961666 139465.6
0.962879 139334.4
0.964060 139334.4
0.965241 138940.8
0.966513 138940.8
0.967717 139040.4
0.968912 139890.8
0.970150 139334.4
0.971345 139465.6
0.972529 139759.2
0.973710 139203.2
0.974890 139596.8
0.976069 139334.4
0.977252 139040.4
0.978440 139072.0
0.979627 139072.0
0.980812 139334.4
0.981991 139334.4
0.983188 139334.4
0.984407 139465.6
0.985587 138940.8
0.986787 139203.2
0.987982 139596.8
0.989144 139465.6
0.990304 139890.8
0.991459 139072.0
0.992628 139890.8
0.993788 139334.4
0.994960 139334.4
0.996122 138940.8
0.997279 139627.6
0.998496 139465.6
0.999674 139465.6
1.000854 139465.6
1.002029 139072.0
1.003220 139072.0
1.004400 139334.4
1.005584 139465.6
1.006757 140022.4
1.007954 139334.4
1.009130 139072.0
1.010317 139465.6
1.011505 139890.8
1.012677 139334.4
1.013852 139627.6
1.015025 139496.0
1.016202 139465.6
1.017377 139759.2
1.018576 139334.4
1.019764 139334.4
1.020944 138940.8
1.022122 139465.6
1.023295 139465.6
1.024467 139890.8
1.025643 139203.2
1.026856 139072.0
1.028043 139040.4
1.029224 139465.6
1.030404 139334.4
1.031589 139334.4
1.032761 138940.8
1.034003 138778.8
1.035197 139171.2
1.036378 139465.6
1.037553 138909.6
1.038745 139334.4
1.039918 138778.8
1.041092 139890.8
1.042298 139203.2
1.043490 139334.4
1.044666 139334.4
1.045850 139072.0
1.047029 139465.6
1.048219 139465.6
1.049408 139759.2
1.050599 139334.4
1.051784 138648.0
1.052968 139759.2
1.054150 139890.8
1.055329 139465.6
1.056513 139890.8
1.057692 139203.2
1.058894 138909.6
1.060076 139334.4
1.061262 139890.8
1.062443 139465.6
1.063625 139072.0
1.064809 139627.6
1.066003 139465.6
1.067201 139334.4
1.068397 138909.6
1.069589 139334.4
1.070765 138940.8
1.071946 139465.6
1.073124 139465.6
1.074326 139759.2
1.075511 139465.6
1.076693 139072.0
1.077920 139072.0
1.079105 139465.6
1.080286 139040.4
1.081474 139334.4
1.082663 139072.0
1.083846 139072.0
1.085032 139171.2
1.086221 139334.4
1.087400 139334.4
1.088596 139334.4
1.089776 138648.0
1.090971 139465.6
1.092154 139465.6
1.093337 139596.8
1.094520 139334.4
1.095701 138648.0
1.096880 139334.4
1.098070 139334.4
1.099287 139040.4
1.100477 139334.4
1.101655 139072.0
1.102842 139203.2
1.104035 139465.6
1.105209 139171.2
1.106402 139465.6
1.107583 139334.4
1.108778 139072.0
1.109967 139334.4
1.111153 138909.6
1.112333 139334.4
1.113513 139334.4
1.114736 139072.0
1.115921 139627.6
1.117103 139465.6
1.118295 139465.6
1.119477 139465.6
1.120652 139203.2
1.121829 139072.0
1.123016 140022.4
1.124197 139465.6
1.125374 139890.8
1.126555 138940.8
1.127734 139627.6
1.128924 139465.6
1.130142 139759.2
1.131336 139334.4
1.132521 139334.4
1.133702 138940.8
1.134884 139890.8
1.136066 139334.4
1.137244 139334.4
1.138438 138909.6
1.139629 139072.0
1.140812 139334.4
1.141993 139596.8
1.143170 139465.6
1.144349 139465.6
1.145531 139072.0
1.146750 138940.8
1.147942 139465.6
1.149123 139203.2
1.150299 139203.2
1.151483 139203.2
1.152669 139072.0
1.153855 139334.4
1.155054 139465.6
1.156237 139465.6
1.157418 139465.6
1.158613 139072.0
1.159797 139759.2
1.160986 139334.4
1.162197 139334.4
1.163420 139759.2
1.164611 139203.2
1.165791 138648.0
1.166966 139334.4
1.168161 139465.6
1.169337 139334.4
1.170530 138909.6
1.171711 139072.0
1.172886 139465.6
1.174064 139596.8
1.175241 139596.8
1.176427 138778.8
1.177606 139072.0
1.178802 139040.4
1.179988 139465.6
1.181169 139334.4
1.182343 139465.6
1.183525 138517.2
1.184707 139334.4
1.185897 139334.4
1.187088 139465.6
1.188282 139040.4
1.189463 139496.0
1.190641 139203.2
1.191824 139596.8
1.193002 139890.8
1.194210 139203.2
1.195430 139759.2
1.196611 139072.0
1.197790 139759.2
1.198981 139465.6
1.200168 139465.6
1.201359 139465.6
1.202550 139072.0
1.203732 139203.2
1.204906 139465.6
1.206084 139596.8
1.207267 139465.6
1.208480 139627.6
1.209642 139203.2
1.210837 139465.6
1.212006 139334.4
1.213176 139465.6
1.214336 139496.0
1.215495 139759.2
1.216651 139890.8
1.217807 138940.8
1.219021 139203.2
1.220199 138648.0
1.221380 139759.2
1.222551 139040.4
1.223743 139465.6
1.224916 139334.4
1.226089 138940.8
1.227314 139334.4
1.228510 139334.4
1.229781 139759.2
1.230984 139465.6
1.232170 138909.6
1.233350 138517.2
1.234540 139203.2
1.235737 139465.6
1.236917 139465.6
1.238119 139334.4
1.239308 139627.6
1.240472 139203.2
1.241631 139465.6
1.242800 139890.8
1.243969 139890.8
1.245132 138940.8
1.246287 139465.6
1.247452 139203.2
1.248641 139203.2
1.249835 139334.4
1.251037 138940.8
1.252218 139759.2
1.253402 139465.6
1.254581 139596.8
1.255765 139465.6
1.256935 139203.2
1.258153 139072.0
1.259349 139465.6
1.260527 139465.6
1.261708 139334.4
1.262887 139072.0
1.264058 138778.8
1.265238 139334.4
1.266425 139334.4
1.267614 139334.4
1.268808 138648.0
1.269988 139072.0
1.271170 139465.6
1.272346 139596.8
1.273521 139596.8
1.274732 139334.4
1.275908 139203.2
1.277086 139465.6
1.278280 139334.4
1.279459 139334.4
1.280649 139040.4
1.281820 138809.6
1.283013 139203.2
1.284201 139465.6
1.285378 139334.4
1.286568 139465.6
1.287749 139072.0
1.288940 139890.8
1.290149 139334.4
1.291336 139465.6
1.292513 140022.4
1.293685 139072.0
1.294876 139072.0
1.296053 139334.4
1.297236 139465.6
1.298436 139334.4
1.299618 139203.2
1.300798 139203.2
1.301977 139465.6
1.303161 139465.6
1.304341 139334.4
1.305524 139203.2
1.306741 139072.0
1.307934 140022.4
1.309106 139890.8
1.310289 138909.6
1.311470 139040.4
1.312653 139072.0
1.313824 139203.2
1.315016 138909.6
1.316192 139334.4
1.317371 139465.6
1.318564 139072.0
1.319749 139203.2
1.320929 139890.8
1.322142 139596.8
1.323338 139890.8
1.324520 139334.4
1.325700 139203.2
1.326883 139465.6
1.328068 139072.0
1.329548 138124.8
1.331034 138517.2
1.332231 139072.0
1.333417 139890.8
1.334602 139890.8
1.335778 139334.4
1.336959 139203.2
1.338190 138940.8
1.339379 139890.8
1.340554 140022.4
1.341729 139171.2
1.342907 139334.4
1.344092 138940.8
1.345271 139334.4
1.346461 139465.6
1.347641 139334.4
1.348831 139596.8
1.350016 138386.4
1.351194 138909.6
1.352375 139465.6
1.353556 139334.4
1.354771 139334.4
1.355948 139072.0
1.357119 139759.2
1.358310 139596.8
1.359488 139465.6
1.360679 139334.4
1.361867 138940.8
1.363058 139072.0
1.364246 139465.6
1.365429 139334.4
1.366606 139890.8
1.367788 138778.8
1.368972 138940.8
1.370179 139465.6
1.371361 139465.6
1.372534 139890.8
1.373714 139465.6
1.374898 139496.0
1.376072 139759.2
1.377248 139627.6
1.378441 139334.4
1.379625 139334.4
1.380804 138517.2
1.381979 139334.4
1.383161 139334.4
1.384338 138909.6
1.385517 139465.6
1.386708 138940.8
1.387930 139072.0
1.389112 139465.6
1.390288 139465.6
1.391461 139890.8
1.392635 138940.8
1.393807 139334.4
1.394998 139334.4
1.396176 139334.4
1.397375 139040.4
1.398565 139072.0
1.399733 139072.0
1.400911 139334.4
1.402084 139465.6
1.403265 139334.4
1.404467 138648.0
1.405659 139496.0
1.406832 139465.6
1.408025 139890.8
1.409206 139890.8
1.410393 138778.8
1.411579 138648.0
1.412761 139465.6
1.413935 139465.6
1.415112 138909.6
1.416296 139334.4
1.417477 139072.0
1.418671 139465.6
1.419857 139759.2
1.421041 139334.4
1.422225 139040.4
1.423407 139496.0
1.424580 139465.6
1.425757 139334.4
1.426954 138909.6
1.428149 139334.4
1.429327 138648.0
1.430513 139203.2
1.431685 139465.6
1.432859 139334.4
1.434065 138909.6
1.435257 138940.8
1.436437 139203.2
1.437613 139465.6
1.438803 139596.8
1.439984 139890.8
1.441161 139203.2
1.442359 139627.6
1.443547 139334.4
1.444731 139334.4
1.445925 139334.4
1.447106 139203.2
1.448303 138940.8
1.449484 139465.6
1.450676 139465.6
1.451858 139334.4
1.453043 139334.4
1.454218 139072.0
1.455391 139334.4
1.456568 139596.8
1.457755 139465.6
1.458951 139465.6
1.460133 138940.8
1.461315 138909.6
1.462488 139465.6
1.463670 139465.6
1.464847 139334.4
1.466027 138940.8
1.467229 139072.0
1.468422 139465.6
1.469603 139334.4
1.470798 139334.4
1.471984 139334.4
1.473167 139627.6
1.474361 139465.6
1.475547 139171.2
1.476725 139334.4
1.477945 138909.6
1.479134 138940.8
1.480308 139334.4
1.481490 139334.4
1.482684 139465.6
1.483867 139040.4
1.485058 139072.0
1.486244 139203.2
1.487425 139465.6
1.488616 139596.8
1.489778 139465.6
1.490949 139334.4
1.492106 139890.8
1.493266 139465.6
1.494429 139465.6
1.495595 139072.0
1.496754 138778.8
1.497958 138909.6
1.499140 139465.6
1.500304 139334.4
1.501466 138648.0
1.502631 139203.2
1.503789 139465.6
1.504948 139334.4
1.506109 139465.6
1.507316 139203.2
1.508557 139203.2
1.509734 139465.6
1.510914 139465.6
1.512085 139334.4
1.513262 139072.0
1.514444 139072.0
1.515627 139465.6
1.516810 139759.2
1.518001 139465.6
1.519183 139203.2
1.520363 139072.0
1.521544 139465.6
1.522753 139465.6
1.523939 139596.8
1.525116 139759.2
1.526289 139496.0
1.527474 139465.6
1.528672 139890.8
1.529858 139334.4
1.531055 139334.4
1.532235 138940.8
1.533416 138909.6
1.534594 139334.4
1.535770 139465.6
1.536945 139465.6
1.538159 139072.0
1.539347 139203.2
1.540528 139171.2
1.541701 139596.8
1.542876 139890.8
1.544062 139203.2
1.545243 139072.0
1.546429 139465.6
1.547608 139334.4
1.548805 139465.6
1.549982 139072.0
1.551163 139072.0
1.552336 139596.8
1.553519 139203.2
1.554704 139465.6
1.555885 139334.4
1.557060 139203.2
1.558248 139596.8
1.559418 139465.6
1.560596 139890.8
1.561877 138648.0
1.563086 139203.2
1.564266 139072.0
1.565812 139334.4
1.567053 138778.8
1.568268 138517.2
1.569431 138909.6
1.570603 139465.6
1.571769 139890.8
1.572929 139627.6
1.574082 139890.8
1.575238 139596.8
1.576396 139465.6
1.577560 139334.4
1.578805 138517.2
1.579992 139072.0
1.581188 139334.4
1.582365 139334.4
1.583548 139334.4
1.584726 139072.0
1.585902 138940.8
1.587122 139465.6
1.588323 139465.6
1.589512 139465.6
1.590686 139465.6
1.591859 139072.0
1.593037 139334.4
1.594252 139465.6
1.595465 139465.6
1.596647 139334.4
1.597819 139072.0
1.599005 138940.8
1.600199 139334.4
1.601380 139759.2
1.602570 138909.6
1.603758 139203.2
1.604936 139072.0
1.606110 139596.8
1.607292 139465.6
1.608502 139465.6
1.609679 139890.8
1.610900 139072.0
1.612086 139203.2
1.613267 139890.8
1.614447 139465.6
1.615625 139334.4
1.616803 138940.8
1.618009 139496.0
1.619205 139334.4
1.620379 139465.6
1.621556 138909.6
1.622731 139203.2
1.623906 138909.6
1.625080 139596.8
1.626256 139334.4
1.627470 139334.4
1.628666 138909.6
1.629842 139072.0
1.631025 139040.4
1.632201 139465.6
1.633379 139465.6
1.634567 139203.2
1.635747 138648.0
1.636931 139040.4
1.638120 139465.6
1.639294 139465.6
1.640464 138909.6
1.641646 139203.2
1.642834 139334.4
1.644011 139334.4
1.645190 139334.4
1.646368 138909.6
1.647544 139072.0
1.648733 139334.4
1.649913 139334.4
1.651130 139465.6
1.652312 138909.6
1.653491 139072.0
1.654680 139203.2
1.655861 139596.8
1.657037 139465.6
1.658251 139465.6
1.659463 139203.2
1.660647 139072.0
1.661819 139596.8
1.662991 139334.4
1.664183 139203.2
1.665368 139627.6
1.666567 138940.8
1.667749 139334.4
1.668945 139334.4
1.670127 138909.6
1.671314 139465.6
1.672496 139072.0
1.673670 139334.4
1.674884 140022.4
1.676073 139334.4
1.677250 139465.6
1.678438 139072.0
1.679622 139203.2
1.680808 139465.6
1.681990 139334.4
1.683176 139465.6
1.684350 139072.0
1.685538 139072.0
1.686716 139465.6
1.687938 139334.4
1.689121 139890.8
1.690337 139465.6
1.691531 138940.8
1.692709 139203.2
1.693891 139465.6
1.695080 139890.8
1.696262 139465.6
1.697443 138940.8
1.698650 138940.8
1.699833 139334.4
1.701008 139465.6
1.702197 139334.4
1.703371 139203.2
1.704555 139072.0
1.705733 139171.2
1.706947 139334.4
1.708141 139465.6
1.709321 139465.6
1.710494 138648.0
1.711672 139334.4
1.712846 139465.6
1.714028 139334.4
1.715214 139040.4
1.716400 138517.2
1.717577 139759.2
1.718768 139040.4
1.719946 139465.6
1.721133 139465.6
1.722349 139072.0
1.723535 139203.2
1.724713 139465.6
1.725885 139596.8
1.727072 139040.4
1.728276 139203.2
1.729460 139072.0
1.730656 139596.8
1.731842 139334.4
1.733029 138909.6
1.734205 139334.4
1.735381 138940.8
1.736555 139465.6
1.737730 139759.2
1.738951 139334.4
1.740108 139465.6
1.741266 139203.2
1.742427 139596.8
1.743583 139465.6
1.744750 139465.6
1.745910 138517.2
1.747081 139334.4
1.748270 139334.4
1.749454 139334.4
1.750633 139334.4
1.751834 139072.0
1.753022 139072.0
1.754227 140022.4
1.755425 139465.6
1.756607 139890.8
1.757785 139465.6
1.758974 139627.6
1.760149 139334.4
1.761339 139465.6
1.762536 138909.6
1.763719 139334.4
1.764905 138648.0
1.766089 139759.2
1.767280 139334.4
1.768508 139465.6
1.769699 139465.6
1.770921 139334.4
1.772111 138648.0
1.773287 139890.8
1.774463 139465.6
1.775643 139759.2
1.776822 139334.4
1.778014 138940.8
1.779210 139334.4
1.780392 139334.4
1.781578 139465.6
1.782762 139465.6
1.783943 139072.0
1.785131 138778.8
1.786346 139465.6
1.787536 139334.4
1.788733 139334.4
1.789911 139334.4
1.791086 138940.8
1.792278 139465.6
1.793453 139334.4
1.794642 138778.8
1.795836 139203.2
1.797019 138517.2
1.798211 139203.2
1.799393 139040.4
1.800577 139596.8
1.801772 139465.6
1.802970 138648.0
1.804170 138940.8
1.805354 139171.2
1.806529 139334.4
1.807714 139596.8
1.808909 139334.4
1.810091 138940.8
1.811283 139334.4
1.812460 139465.6
1.813640 139759.2
1.814818 139203.2
1.815997 138648.0
1.817181 139465.6
1.818399 139759.2
1.819586 139465.6
1.820771 139334.4
1.821952 139072.0
1.823128 139040.4
1.824306 139465.6
1.825480 139596.8
1.826668 138909.6
1.827893 139072.0
1.829093 139072.0
1.830276 139465.6
1.831460 139759.2
1.832637 139334.4
1.833816 139072.0
1.835004 138940.8
1.836192 139334.4
1.837377 139334.4
1.838579 139203.2
1.839763 139465.6
1.840946 139496.0
1.842126 139334.4
1.843319 139334.4
1.844501 138909.6
1.845686 139465.6
1.846862 138940.8
1.848058 139072.0
1.849236 139334.4
1.850432 139334.4
1.851628 139334.4
1.852805 139072.0
1.853985 139072.0
1.855172 139334.4
1.856353 139465.6
1.857530 139596.8
1.858734 139759.2
1.859922 138940.8
1.861110 139040.4
1.862292 139334.4
1.863473 139203.2
1.864650 139334.4
1.865835 138517.2
1.867024 139334.4
1.868219 139465.6
1.869398 139334.4
1.870584 139465.6
1.871766 138940.8
1.872951 139759.2
1.874126 139465.6
1.875324 139465.6
1.876506 139596.8
1.877683 139072.0
1.878874 138778.8
1.880056 139465.6
1.881236 139465.6
1.882436 139334.4
1.883620 139627.6
1.884806 139072.0
1.885980 139465.6
1.887162 139334.4
1.888361 139334.4
1.889548 139334.4
1.890738 139496.0
1.891920 139465.6
1.893095 139465.6
1.894267 139890.8
1.895450 139759.2
1.896630 139072.0
1.897810 139203.2
1.899009 139759.2
1.900196 139334.4
1.901375 139890.8
1.902563 139072.0
1.903738 139334.4
1.904924 139890.8
1.906109 139465.6
1.907303 139465.6
1.908498 139203.2
1.909679 138909.6
1.910865 139465.6
1.912063 139465.6
1.913245 139334.4
1.914433 138778.8
1.915614 139072.0
1.916801 139465.6
1.917995 139465.6
1.919175 139334.4
1.920355 139334.4
1.921536 139072.0
1.922726 139465.6
1.923910 139465.6
1.925093 139759.2
1.926274 139759.2
1.927452 138809.6
1.928644 139334.4
1.929829 139334.4
1.931025 138909.6
1.932209 139465.6
1.933390 138648.0
1.934575 139203.2
1.935754 139040.4
1.936937 139465.6
1.938124 138909.6
1.939315 139072.0
1.940495 139072.0
1.941680 139596.8
1.942857 139334.4
1.944045 139334.4
1.945225 139072.0
1.946414 139072.0
1.947597 139465.6
1.948831 139759.2
1.950027 139040.4
1.951213 139334.4
1.952393 139072.0
1.953574 139203.2
1.954760 139465.6
1.955944 139465.6
1.957126 139465.6
1.958314 139334.4
1.959494 138909.6
1.960684 139890.8
1.961863 139203.2
1.963063 139334.4
1.964241 139203.2
1.965426 139072.0
1.966606 139334.4
1.967783 139334.4
1.968971 139334.4
1.970161 139203.2
1.971379 138940.8
1.972574 139334.4
1.973751 139890.8
1.974933 139465.6
1.976111 139171.2
1.977284 139364.4
1.978512 139072.0
1.979691 139465.6
1.980868 139334.4
1.982042 139334.4
1.983223 139072.0
1.984491 138809.6
1.985710 139072.0
1.986936 139171.2
1.988134 139465.6
1.989302 139465.6
1.990462 139627.6
1.991618 139627.6
1.992776 140022.4
1.993936 139334.4
1.995113 139334.4
1.996275 139072.0
1.997438 138909.6
1.998628 139334.4
1.999806 139334.4
2.000986 139759.2
2.002167 138940.8
2.003381 139203.2
2.004558 139465.6
2.005735 139465.6
2.006909 139465.6
2.008119 139203.2
2.009296 139334.4
2.010487 139040.4
2.011673 139465.6
2.012858 139465.6
2.014038 139627.6
2.015222 139072.0
2.016405 139465.6
2.017585 139334.4
2.018817 138909.6
2.020011 139334.4
2.021191 138940.8
2.022386 139334.4
2.023565 140022.4
2.024743 140022.4
2.025924 139040.4
2.027121 139496.0
2.028318 139072.0
2.029489 139465.6
2.030672 139890.8
2.031853 139465.6
2.033020 138416.0
2.034270 138940.8
2.035460 139334.4
2.036632 139759.2
2.037810 139334.4
2.038995 139334.4
2.040168 139072.0
2.041347 139465.6
2.042535 139596.8
2.043724 139465.6
2.044904 139334.4
2.046082 139072.0
2.047258 139334.4
2.048444 139465.6
2.049624 139759.2
2.050839 139334.4
2.052022 138940.8
2.053200 139203.2
2.054380 139334.4
2.055563 139465.6
2.056737 139465.6
2.057933 139072.0
2.059136 139627.6
2.060319 139465.6
2.061497 139465.6
2.062672 139334.4
2.063848 139203.2
2.065027 139072.0
2.066231 139465.6
2.067418 139334.4
2.068614 139334.4
2.069793 139203.2
2.070973 139072.0
2.072152 139465.6
2.073335 140022.4
2.074517 139334.4
2.075692 139465.6
2.076875 139364.4
2.078066 139334.4
2.079265 139465.6
2.080451 139040.4
2.081625 139465.6
2.082843 139072.0
2.084027 139072.0
2.085210 139465.6
2.086382 139334.4
2.087563 139465.6
2.088753 138648.0
2.089927 139203.2
2.091122 139596.8
2.092305 139465.6
2.093486 139465.6
2.094668 139072.0
2.095860 139072.0
2.097047 139465.6
2.098278 139334.4
2.099474 139759.2
2.100656 139334.4
2.101845 139072.0
2.103022 139072.0
2.104204 139040.4
2.105379 139465.6
2.106565 139465.6
2.107748 139203.2
2.108941 139203.2
2.110119 139890.8
2.111298 139040.4
2.112480 139334.4
2.113658 139627.6
2.114870 139072.0
2.116055 139890.8
2.117233 139334.4
2.118422 139334.4
2.119604 139203.2
2.120779 139072.0
2.121953 139334.4
2.123169 139465.6
2.124353 139890.8
2.125536 139596.8
2.126717 139072.0
2.127933 139072.0
2.129120 139890.8
2.130341 139334.4
2.131529 139334.4
2.132721 139203.2
2.133908 138940.8
2.135091 139334.4
2.136268 139465.6
2.137443 139465.6
2.138647 139334.4
2.139832 139072.0
2.141010 139334.4
2.142196 139596.8
2.143373 139465.6
2.144547 139334.4
2.145736 138940.8
2.146950 139072.0
2.148150 139465.6
2.149329 139465.6
2.150512 139040.4
2.151696 139203.2
2.152882 138648.0
2.154062 139334.4
2.155252 139040.4
2.156434 139334.4
2.157617 139334.4
2.158804 139072.0
2.159986 139465.6
2.161172 138909.6
2.162392 139334.4
2.163584 139040.4
2.164766 139072.0
2.165947 139627.6
2.167124 139040.4
2.168320 139465.6
2.169509 139334.4
2.170699 139496.0
2.171884 138940.8
2.173057 139596.8
2.174237 139465.6
2.175419 139465.6
2.176602 139203.2
2.177781 138940.8
2.178995 139465.6
2.180181 139890.8
2.181357 139465.6
2.182546 139334.4
2.183726 138940.8
2.184905 139334.4
2.186087 139334.4
2.187305 139334.4
2.188506 139334.4
2.189688 139203.2
2.190865 138909.6
2.192048 139171.2
2.193229 139890.8
2.194430 139334.4
2.195618 139203.2
2.196794 139072.0
2.197986 139890.8
2.199163 139334.4
2.200348 138909.6
2.201532 139203.2
2.202732 138940.8
2.203916 139203.2
2.205099 139465.6
2.206291 139334.4
2.207469 139465.6
2.208656 139203.2
2.209817 139759.2
2.210992 139334.4
2.212156 139759.2
2.213315 138648.0
2.214477 138778.8
2.215635 139040.4
2.216793 139334.4
2.218074 138648.0
2.219272 139890.8
2.220456 138517.2
2.221639 139759.2
2.222825 139334.4
2.224009 139465.6
2.225188 139465.6
2.226399 139203.2
2.227593 138940.8
2.228788 139465.6
2.229968 139334.4
2.231151 139465.6
2.232330 139203.2
2.233516 138940.8
2.234749 138778.8
2.235948 139334.4
2.237133 139890.8
2.238332 139040.4
2.239495 139072.0
2.240652 139040.4
2.241808 139334.4
2.242988 139890.8
2.244149 139334.4
2.245308 138648.0
2.246470 139334.4
2.247636 139334.4
2.248837 139334.4
2.250022 138940.8
2.251218 138940.8
2.252396 139465.6
2.253569 139465.6
2.254752 139334.4
2.255935 139203.2
2.257115 139496.0
2.258313 139203.2
2.259529 139465.6
2.260716 139465.6
2.261897 139334.4
2.263082 138809.6
2.264275 139072.0
2.265459 139334.4
2.266650 139465.6
2.267834 139334.4
2.269063 138909.6
2.270241 138940.8
2.271418 139334.4
2.272600 139334.4
2.273776 139465.6
2.274988 139040.4
2.276161 139496.0
2.277339 139203.2
2.278532 139465.6
2.279719 139334.4
2.280899 139759.2
2.282085 138940.8
2.283273 139203.2
2.284460 139334.4
2.285641 139334.4
2.286816 139465.6
2.288002 138940.8
2.289178 139203.2
2.290509 139072.0
2.291702 139171.2
2.292877 139465.6
2.294057 139465.6
2.295236 138648.0
2.296419 138940.8
2.297595 139890.8
2.298795 139334.4
2.299978 139465.6
2.301153 139203.2
2.302324 139072.0
2.303502 139040.4
2.304677 139334.4
2.305853 139334.4
2.307041 139334.4
2.308234 139496.0
2.309407 140022.4
2.310589 139890.8
2.311768 139334.4
2.312944 139203.2
2.314121 138517.2
2.315310 139040.4
2.316508 139465.6
2.317690 139334.4
2.318879 139334.4
2.320059 139072.0
2.321240 139465.6
2.322440 139890.8
2.323620 140022.4
2.324796 139890.8
2.325971 139072.0
2.327154 139334.4
2.328351 139334.4
2.329530 139759.2
2.330726 139334.4
2.332257 139334.4
2.333806 138940.8
2.335011 139203.2
2.336197 139334.4
2.337388 139334.4
2.338601 138909.6
2.339784 139072.0
2.340966 138909.6
2.342148 139465.6
2.343335 139334.4
2.344515 139334.4
2.345691 139072.0
2.346892 139072.0
2.348088 138909.6
2.349268 139334.4
2.350451 139334.4
2.351633 139203.2
2.352813 138940.8
2.354010 139334.4
2.355205 139334.4
2.356382 139465.6
2.357562 139890.8
2.358756 139072.0
2.359925 139334.4
2.361103 139334.4
2.362310 139334.4
2.363526 138284.8
2.367629 138909.6
2.368842 139334.4
2.370020 138648.0
2.371210 138517.2
2.372384 139203.2
2.373560 140022.4
2.374738 139890.8
2.375930 139890.8
2.377114 139072.0
2.378327 139364.4
2.379547 139465.6
2.380720 139334.4
