7514.753373 #
0.025715 137653.6
0.042674 137127.2
0.054710 137127.2
0.068510 137960.8
0.081082 138225.6
0.094321 137960.8
0.109021 137808.0
0.120913 137940.0
0.133042 137258.8
0.146411 137808.0
0.160346 138225.6
0.172244 138490.4
0.185571 138093.2
0.199575 138072.0
0.211424 138225.6
0.223717 138072.0
0.238747 137808.0
0.250836 137563.6
0.262939 137940.0
0.276332 138358.0
0.289817 137808.0
0.301771 137940.0
0.313756 138072.0
0.328859 137828.4
0.340695 138510.4
0.352563 137127.2
0.366072 138072.0
0.379717 137940.0
0.391539 138776.0
0.403605 137676.0
0.419207 137960.8
0.431203 137431.2
0.443201 137653.6
0.456938 137522.0
0.470494 137563.6
0.482360 137940.0
0.494944 137522.0
0.508960 138358.0
0.520793 137808.0
0.532799 137653.6
0.546044 137390.4
0.559939 137940.0
0.571889 138093.2
0.584030 137390.4
0.598788 138093.2
0.610758 137431.2
0.622944 138204.0
0.636267 138093.2
0.649726 138358.0
0.661556 137940.0
0.673570 138072.0
0.688834 137412.0
0.700696 138093.2
0.712697 137940.0
0.726338 137940.0
0.739909 137828.4
0.751940 137390.4
0.763999 138072.0
0.779107 137412.0
0.790990 137960.8
0.802887 136972.8
0.816464 138072.0
0.830551 137808.0
0.842409 137828.4
0.859514 138072.0
0.872256 137563.6
0.884145 137940.0
0.896863 137412.0
0.910550 137808.0
0.922458 138072.0
0.936394 137676.0
0.950100 138225.6
0.961991 138490.4
0.975806 138225.6
0.989464 137960.8
1.001318 137696.0
1.013460 138358.0
1.027052 137653.6
1.043975 137412.0
1.055983 137940.0
1.069140 138358.0
1.080972 137940.0
1.092810 138358.0
1.104685 138072.0
1.118784 137412.0
1.130762 138093.2
1.142659 138072.0
1.156190 137653.6
1.169632 138225.6
1.181615 138225.6
1.193622 137676.0
1.209080 138093.2
1.221212 137808.0
1.233023 137808.0
1.245042 137016.0
1.257783 137544.0
1.269850 138225.6
1.281707 137940.0
1.293581 137412.0
1.305484 136488.0
1.357227 136884.0
1.369052 137280.0
1.382130 136600.8
1.394054 137016.0
1.406909 137148.0
1.418893 137258.8
1.431026 136293.6
1.442941 136054.4
1.455135 137127.2
1.467456 136864.0
1.479383 136185.6
1.491336 137412.0
1.503303 134758.4
1.515210 137676.0
1.527812 136995.6
1.539864 137280.0
1.551715 134833.6
1.563937 136732.4
1.576138 134940.0
1.588313 136054.4
1.600286 137315.2
1.612299 135811.2
1.624283 136884.0
1.636282 136293.6
1.648182 135116.4
1.660170 135679.6
1.672126 138093.2
1.686921 138358.0
1.702978 138358.0
1.714970 138225.6
1.727155 137808.0
1.739189 138225.6
1.752328 138358.0
1.764248 138093.2
1.776142 137431.2
1.788109 137960.8
1.800031 138225.6
1.812011 137828.4
1.824014 138093.2
1.836013 137544.0
1.848047 138093.2
1.860018 136995.6
1.871987 137390.4
1.884048 137960.8
1.896059 137016.0
1.908136 138093.2
1.920021 137544.0
1.932000 136732.4
1.943923 137696.0
1.955933 137960.8
1.968969 137544.0
1.981116 137808.0
1.992991 138358.0
2.006900 137127.2
2.020277 138358.0
2.032100 137940.0
2.045559 137808.0
2.059135 138093.2
2.071749 136884.0
2.083610 138622.8
2.096026 137653.6
2.109273 137940.0
2.121120 137544.0
2.136825 138072.0
2.150470 137544.0
2.162351 137390.4
2.174474 138072.0
2.189381 137522.0
2.201279 138225.6
2.213226 138358.0
2.225541 138490.4
2.239507 137696.0
2.251353 136864.0
2.263250 138358.0
2.275565 137522.0
2.289289 137563.6
2.301209 137412.0
2.313028 137522.0
2.325476 138358.0
2.339173 137016.0
2.351181 138358.0
2.363038 138358.0
2.375681 138510.4
2.389330 138225.6
2.401403 137431.2
2.413434 138225.6
2.425779 137390.4
2.439854 138225.6
2.451677 137148.0
2.463687 137653.6
2.476302 137676.0
2.488438 137148.0
2.500437 137544.0
2.517011 137522.0
2.528810 138072.0
2.540634 138622.8
2.552495 137940.0
2.565701 137960.8
2.579909 138225.6
2.591754 138225.6
2.607744 138093.2
2.619628 137412.0
2.631641 137676.0
2.644881 138358.0
2.658630 137808.0
2.670722 137696.0
2.682578 137653.6
2.696362 137940.0
2.710103 137563.6
2.721989 137940.0
2.734563 137940.0
2.749120 137940.0
2.760952 138358.0
2.772898 138468.0
2.786235 137258.8
2.800179 138358.0
2.812049 137676.0
2.825062 138643.2
2.838935 138358.0
2.850865 137960.8
2.863145 138072.0
2.876525 137127.2
2.890016 137940.0
2.901955 137544.0
2.913911 137127.2
2.928847 137412.0
2.940687 138225.6
2.952618 137522.0
2.965847 137940.0
2.979398 137280.0
2.991813 137696.0
3.003951 137653.6
3.018928 137808.0
3.030810 138093.2
3.042672 138072.0
3.055496 137366.4
3.074072 138072.0
3.087450 137258.8
3.102124 137653.6
3.115275 137104.0
3.129048 138358.0
3.140872 137808.0
3.152735 137940.0
3.166359 137522.0
3.179948 137696.0
3.191806 136600.8
3.203764 138072.0
3.218944 138358.0
3.230935 137544.0
3.242755 137808.0
3.256592 137258.8
3.270515 137412.0
3.282350 137390.4
3.294914 137390.4
3.308493 136995.6
3.320566 137412.0
3.332690 136337.6
3.345546 137828.4
3.357676 136732.4
3.369883 137148.0
3.381959 136995.6
3.394264 137431.2
3.406442 137828.4
3.418407 137828.4
3.430821 138358.0
3.442736 136732.4
3.454808 137808.0
3.466951 137280.0
3.478873 137431.2
3.490796 137258.8
3.502866 137676.0
3.514794 137016.0
3.526956 137808.0
3.538978 138358.0
3.550862 137563.6
3.562796 137258.8
3.574864 137808.0
3.586990 137166.4
3.599005 137676.0
3.611022 137544.0
3.623137 137412.0
3.635112 137808.0
3.647304 137828.4
3.659153 137676.0
3.671218 137808.0
3.683158 138358.0
3.695729 138225.6
3.709420 138093.2
3.721259 137412.0
3.733300 138072.0
3.746405 137390.4
3.760433 138358.0
3.772327 137960.8
3.784429 137808.0
3.798720 136864.0
3.810586 137412.0
3.822609 137940.0
3.835328 137940.0
3.849053 138244.8
3.860914 138112.0
3.879287 137696.0
3.891184 138490.4
3.903437 137940.0
3.916539 137258.8
3.930042 138225.6
3.941862 137940.0
3.953945 138490.4
3.968781 138358.0
3.980639 137960.8
3.992702 137522.0
4.004889 137940.0
4.018655 138093.2
4.030599 137828.4
4.042436 137940.0
4.054857 137676.0
4.069123 138358.0
4.081006 138093.2
4.092875 138908.8
4.106333 137940.0
4.119589 138225.6
4.131516 137828.4
4.143454 137522.0
4.155820 137653.6
4.169520 138244.8
4.181599 137808.0
4.193443 137940.0
4.205888 138755.2
4.219401 137280.0
4.231290 136995.6
4.243234 137808.0
4.255935 138336.0
4.269436 137808.0
4.281306 138358.0
4.293218 138225.6
4.305474 137522.0
4.319418 137940.0
4.331237 137808.0
4.343275 137808.0
4.355515 138358.0
4.369224 138490.4
4.381047 138358.0
4.392902 138093.2
4.405047 137522.0
4.418634 137563.6
4.430672 137940.0
4.442563 138358.0
4.455190 138358.0
4.469041 137828.4
4.480966 136732.4
4.492957 137390.4
4.506294 137940.0
4.520241 137563.6
4.532173 137940.0
4.544383 137828.4
4.558598 137808.0
4.570444 138358.0
4.583305 137808.0
4.596859 137522.0
4.610105 137258.8
4.622091 138072.0
4.635501 137940.0
4.649312 137280.0
4.661162 137431.2
4.673101 137653.6
4.686917 137390.4
4.700372 137544.0
4.712242 138490.4
4.725675 138490.4
4.739219 137808.0
4.751213 137808.0
4.763218 137808.0
4.778826 138225.6
4.790851 138093.2
4.802745 137653.6
4.816573 137390.4
4.830383 137808.0
4.842222 137522.0
4.854753 138358.0
4.869029 137544.0
4.880895 137676.0
4.892899 138358.0
4.906170 138112.0
4.918331 137390.4
4.930192 137808.0
4.942105 138225.6
4.954203 137258.8
4.968798 137940.0
4.980652 138358.0
4.992513 138225.6
5.004697 137522.0
5.018616 137676.0
5.030718 137696.0
5.042550 137563.6
5.054672 137940.0
5.069042 138358.0
5.080904 137390.4
5.092830 138490.4
5.106182 137280.0
5.118969 137940.0
5.130809 137676.0
5.147725 138225.6
5.159617 137940.0
5.171503 138225.6
5.183912 138072.0
5.198871 138072.0
5.210777 137808.0
5.222727 137676.0
5.234946 138358.0
5.248963 137828.4
5.260785 137563.6
5.272631 138093.2
5.284777 137676.0
5.298626 137280.0
5.318213 137280.0
5.330222 136752.0
5.342802 136469.2
5.354799 137127.2
5.366989 136206.0
5.379106 136995.6
5.391117 137412.0
5.403299 137808.0
5.415400 138093.2
5.427290 138225.6
5.439334 137544.0
5.451305 137808.0
5.463299 137280.0
5.475306 137258.8
5.489327 138358.0
5.501130 138358.0
5.513042 138225.6
5.526904 138072.0
5.540322 138622.8
5.552312 138072.0
5.565806 137522.0
5.579325 136995.6
5.591294 137940.0
5.603253 137676.0
5.618841 137676.0
5.630822 137940.0
5.642784 138358.0
5.656815 137258.8
5.670460 137696.0
5.682334 137808.0
5.694834 137522.0
5.709022 137960.8
5.720838 137828.4
5.732755 137522.0
5.746101 137522.0
5.760137 137828.4
5.771988 137522.0
5.784267 138490.4
5.798653 138358.0
5.810528 137960.8
5.822787 138072.0
5.836245 138093.2
5.849673 137940.0
5.861766 137696.0
5.873813 137676.0
5.888828 137676.0
5.900698 137808.0
5.912564 137522.0
5.924678 138225.6
5.938584 137808.0
5.950773 138225.6
5.962674 138358.0
5.976438 137960.8
5.990053 138358.0
6.001888 138225.6
6.014064 137676.0
6.029298 137940.0
6.041067 138358.0
6.052881 137676.0
6.066572 137828.4
6.078818 137412.0
6.090634 137808.0
6.102819 138622.8
6.116333 137940.0
6.128488 137960.8
6.140372 137544.0
6.152282 137940.0
6.164497 138358.0
6.179171 137522.0
6.191062 138776.0
6.202964 138490.4
6.215748 137940.0
6.229478 137696.0
6.241353 137412.0
6.253589 138358.0
6.266907 137653.6
6.280699 137412.0
6.292623 137940.0
6.304825 138225.6
6.318780 138093.2
6.330652 137808.0
6.342813 137808.0
6.354938 138072.0
6.368857 138490.4
6.380709 137258.8
6.392558 138225.6
6.404691 137940.0
6.429218 138225.6
6.441081 137960.8
6.452971 138225.6
6.465017 137544.0
6.478877 138358.0
6.490749 138225.6
6.502861 137940.0
6.515168 138490.4
6.529035 136732.4
6.540888 137808.0
6.552750 137940.0
6.564872 138225.6
6.578760 137016.0
6.590909 138072.0
6.602840 138093.2
6.616411 137940.0
6.630075 137258.8
6.641860 137808.0
6.654102 137940.0
6.669243 136732.4
6.681098 137148.0
6.692939 137522.0
6.705984 136841.6
6.719982 137808.0
6.731781 137940.0
6.744033 137127.2
6.758769 138225.6
6.770637 137676.0
6.782822 137940.0
6.795075 137104.0
6.809029 137940.0
6.820858 137940.0
6.832733 137808.0
6.845943 137940.0
6.859462 137940.0
6.871496 138358.0
6.883468 137808.0
6.898930 138093.2
6.910927 137676.0
6.922797 138358.0
6.935444 137940.0
6.949004 137412.0
6.960813 138112.0
6.972757 138468.0
6.985827 137148.0
6.999087 138358.0
7.010998 137940.0
7.023426 137808.0
7.036868 137940.0
7.050201 137390.4
7.062083 137940.0
7.074156 137940.0
7.088758 137412.0
7.100644 137127.2
7.112748 137676.0
7.126167 138072.0
7.139437 137808.0
7.151544 137696.0
7.163486 137258.8
7.176184 138072.0
7.189772 137676.0
7.201597 137808.0
7.213558 138225.6
7.225914 137940.0
7.239953 138093.2
7.251813 137016.0
7.263829 137522.0
7.276360 137940.0
7.289959 136864.0
7.302033 137808.0
7.314385 137258.8
7.326622 136864.0
7.338893 137431.2
7.351163 137412.0
7.363421 136995.6
7.375950 137258.8
7.388474 136995.6
7.400512 137828.4
7.412774 136864.0
7.425085 137258.8
7.437100 138093.2
7.449032 137412.0
7.462005 137808.0
7.473898 137940.0
7.485909 137127.2
7.497920 137940.0
7.510374 137544.0
7.522323 137676.0
7.534235 137960.8
7.546161 136884.0
7.558178 138093.2
7.570047 137258.8
7.582087 137676.0
7.593972 137696.0
7.605928 137544.0
7.617985 138093.2
7.629962 137979.2
7.641818 138661.2
7.653770 137676.0
7.665621 139307.2
7.680032 138887.6
7.691800 138622.8
7.703632 139440.0
7.715398 138908.8
7.727278 139860.0
7.739026 139860.0
7.750835 139726.8
7.762594 138908.8
7.774472 140146.4
7.786207 139726.8
7.798111 139726.8
7.809852 139726.8
7.821654 139726.8
7.833393 139307.2
7.845128 139440.0
7.856966 140547.2
7.868738 139860.0
7.880469 139020.0
7.892268 139307.2
7.904003 139174.4
7.915790 139327.2
7.927734 139860.0
7.939433 139327.2
7.951230 139440.0
7.962976 139174.4
7.974886 139726.8
7.986615 139041.6
7.998497 139860.0
8.010233 139440.0
8.022022 139860.0
8.033727 139593.6
8.045508 139307.2
8.057274 139572.8
8.068992 138776.0
8.080731 139327.2
8.092498 138490.4
8.104277 139879.2
8.116001 139745.6
8.127811 139879.2
8.139553 139879.2
8.151450 139745.6
8.163182 139060.8
8.175084 138908.8
8.186987 138755.2
8.198926 139726.8
8.210687 139460.4
8.222506 139860.0
8.234213 139860.0
8.246009 139327.2
8.258206 139745.6
8.282860 134051.2
8.301801 133900.0
8.313717 134854.8
8.325742 134480.0
8.337624 133510.0
8.349790 135679.6
8.361687 134181.6
8.373752 133510.0
8.385693 134051.2
8.397715 134030.0
8.409639 133250.0
8.421681 134312.0
8.433587 134030.0
8.445452 134572.8
8.457311 134680.0
8.469323 134985.6
8.481193 134480.0
8.493064 133250.0
8.504944 133120.0
8.516999 134312.0
8.528942 134181.6
8.540888 133660.0
8.552819 133228.8
8.566115 135378.0
8.577980 134181.6
8.589994 133770.0
8.601882 133399.2
8.614024 134854.8
8.625847 134724.0
8.637760 134312.0
8.649638 134724.0
8.661435 134572.8
8.673282 134181.6
8.685813 133640.0
8.698673 134181.6
8.712334 134724.0
8.729642 135247.2
8.741432 136600.8
8.753118 136074.4
8.764860 136054.4
8.776584 134985.6
8.788536 135378.0
8.800260 136337.6
8.811975 134964.0
8.823824 135923.2
8.835561 134703.2
8.847587 137828.4
8.859412 135529.6
8.871261 136469.2
8.882970 135923.2
8.897308 135639.6
8.909078 135639.6
8.920826 135116.4
8.932628 135923.2
8.944512 135792.0
8.956229 135378.0
8.968062 134572.8
8.979821 135378.0
8.991615 135378.0
9.003371 135116.4
9.015235 136206.0
9.027064 135508.8
9.038984 136054.4
9.050713 135529.6
9.062588 135792.0
9.074348 135792.0
9.086215 136206.0
9.097975 135639.6
9.109804 135923.2
9.121507 135923.2
9.133215 136600.8
9.149667 138093.2
9.161601 139593.6
9.173317 139572.8
9.185011 139041.6
9.196917 138887.6
9.212873 137653.6
9.224730 140012.8
9.236624 138887.6
9.248544 138358.0
9.260384 138622.8
9.272192 139041.6
9.283909 138622.8
9.295733 139174.4
9.307605 138093.2
9.319808 136995.6
9.332127 136864.0
9.344257 136710.4
9.356822 137808.0
9.368802 136732.4
9.380921 136864.0
9.393066 137280.0
9.405243 137258.8
9.417244 137676.0
9.429135 137960.8
9.441040 137563.6
9.452972 137696.0
9.465174 136995.6
9.478677 137544.0
9.491131 137676.0
9.503186 138225.6
9.515881 137258.8
9.527979 137258.8
9.539940 137280.0
9.551943 137016.0
9.563894 138093.2
9.575809 137676.0
9.587922 136752.0
9.599906 137127.2
9.611885 138225.6
9.623791 138490.4
9.635673 138093.2
9.647973 138093.2
9.659904 137828.4
9.671830 137431.2
9.683797 137258.8
9.695728 138887.6
9.707566 140146.4
9.719321 140280.0
9.732467 138204.0
9.744301 139860.0
9.755938 139041.6
9.767869 139726.8
9.779598 139593.6
9.791407 140146.4
9.803117 139460.4
9.815053 139993.2
9.826773 139460.4
9.838587 139726.8
9.850345 140146.4
9.862146 139726.8
9.873856 139572.8
9.885557 139440.0
9.897307 139460.4
9.909030 138908.8
9.920733 139327.2
9.932574 137808.0
9.944312 139612.0
9.956024 140164.0
9.967856 139194.0
9.979661 139041.6
9.991619 139174.4
10.003278 138908.8
10.015158 138622.8
10.026971 139307.2
10.038923 139726.8
10.050642 139174.4
10.062469 139307.2
10.074173 139572.8
10.085925 138622.8
10.100011 139460.4
10.111842 140146.4
10.123697 139460.4
10.135688 138908.8
10.147517 138490.4
10.159375 139593.6
10.171134 139041.6
10.183092 139307.2
10.194802 139041.6
10.206787 140126.4
10.218525 139860.0
10.230282 139726.8
10.241990 139860.0
10.253729 139174.4
10.265466 139307.2
10.277185 138622.8
10.288897 138490.4
10.300681 138490.4
10.312467 138358.0
10.324173 139327.2
10.335940 140012.8
10.347753 138776.0
10.359683 138908.8
10.371487 138908.8
10.383381 139440.0
10.395090 139174.4
10.407196 140259.6
10.418920 139593.6
10.430806 140280.0
10.442511 139440.0
10.454325 140280.0
10.466036 139726.8
10.477860 139307.2
10.489583 139726.8
10.501216 139593.6
10.512929 138358.0
10.524706 138622.8
10.536491 138225.6
10.548216 138927.6
10.559970 139879.2
10.573933 137258.8
10.587530 138093.2
10.599379 138908.8
10.611118 139060.8
10.623086 139705.6
10.634809 138622.8
10.646810 139726.8
10.658550 139593.6
10.670332 139307.2
10.682041 140413.6
10.693835 139440.0
10.705536 139041.6
10.717253 139327.2
10.728978 139879.2
10.740771 140012.8
10.752464 139993.2
10.764166 139460.4
10.782902 137696.0
10.798306 137544.0
10.810184 137016.0
10.822224 136710.4
10.834134 137258.8
10.846152 138093.2
10.857899 139307.2
10.869717 137544.0
10.889315 137676.0
10.901233 137431.2
10.913193 136864.0
10.925119 136995.6
10.937155 137127.2
10.949022 137544.0
10.960933 137431.2
10.972805 137016.0
10.987233 136884.0
10.999685 136752.0
11.012103 137148.0
11.024073 139726.8
11.035812 138908.8
11.047749 139307.2
11.059545 138908.8
11.071430 139860.0
11.083128 139460.4
11.095117 140280.0
11.106833 140259.6
11.120157 138358.0
11.131980 139194.0
11.143763 139327.2
11.155567 138225.6
11.167499 138490.4
11.179240 138776.0
11.191166 139726.8
11.202887 139041.6
11.214798 139307.2
11.226501 139726.8
11.238307 139307.2
11.249940 138908.8
11.261661 139460.4
11.273374 139860.0
11.285073 139307.2
11.296782 139726.8
11.320381 137412.0
11.332402 136995.6
11.344612 137412.0
11.357049 137676.0
11.369056 137563.6
11.381215 137127.2
11.393343 136752.0
11.405347 137412.0
11.417319 137940.0
11.429193 137676.0
11.441096 138093.2
11.453058 138093.2
11.465854 138358.0
11.477952 139612.0
11.489730 139745.6
11.501361 139993.2
11.513080 139860.0
11.525065 138358.0
11.542246 137940.0
11.553999 138776.0
11.565754 139060.8
11.577573 138358.0
11.589271 138528.0
11.601035 140012.8
11.613099 136864.0
11.632986 137544.0
11.645185 136710.4
11.657336 137808.0
11.669293 136884.0
11.681225 137676.0
11.693187 138093.2
11.705099 137676.0
11.717153 136600.8
11.729042 136600.8
11.741018 137960.8
11.753073 136732.4
11.765054 136710.4
11.777212 138225.6
11.789125 137828.4
11.801006 137563.6
11.813048 137544.0
11.824972 138093.2
11.837110 136884.0
11.849029 137676.0
11.861046 136710.4
11.872981 137828.4
11.885102 137676.0
11.897176 137676.0
11.909251 137148.0
11.921171 137676.0
11.933134 137676.0
11.945106 137016.0
11.957196 138072.0
11.969005 138358.0
11.980887 137940.0
11.992775 138643.2
12.004643 138225.6
12.016500 137258.8
12.028676 137390.4
12.040626 137390.4
12.053228 137258.8
12.065535 137544.0
12.077468 137412.0
12.089784 139860.0
12.101529 139307.2
12.113246 139307.2
12.125039 139307.2
12.136765 139860.0
12.148433 138093.2
12.160209 138908.8
12.171935 138490.4
12.183827 139041.6
12.195535 139041.6
12.207466 139993.2
12.219180 138622.8
12.231134 139726.8
12.242838 138755.2
12.254516 138358.0
12.266258 139194.0
12.278079 138358.0
12.289805 139327.2
12.301502 139593.6
12.313214 139993.2
12.324950 139726.8
12.336736 139860.0
12.348465 139041.6
12.360287 140146.4
12.372109 139041.6
12.383921 140146.4
12.395689 140146.4
12.407575 140413.6
12.419304 139593.6
12.431286 139460.4
12.442997 139593.6
12.454873 139194.0
12.466598 139194.0
12.478497 139612.0
12.490231 140280.0
12.501938 140146.4
12.513631 139860.0
12.528181 138927.6
12.540066 139194.0
12.559282 136864.0
12.571930 138908.8
12.583896 139460.4
12.595726 139344.8
12.607621 139041.6
12.619351 138643.2
12.631316 139307.2
12.643046 138908.8
12.654905 139726.8
12.666623 139593.6
12.678507 139307.2
12.690261 140126.4
12.702025 139572.8
12.713728 138490.4
12.725439 139612.0
12.737190 139879.2
12.748903 138908.8
12.760672 140146.4
12.772388 139460.4
12.784155 139460.4
12.795947 139174.4
12.807925 139879.2
12.819751 136732.4
12.831589 138358.0
12.843386 138225.6
12.855369 139726.8
12.867163 138908.8
12.879029 139726.8
12.890786 139593.6
12.902518 139726.8
12.914240 139041.6
12.926016 138622.8
12.937765 138622.8
12.949465 139194.0
12.961165 140146.4
12.972936 139327.2
12.984683 140146.4
12.996409 139194.0
13.008275 140146.4
13.019980 139593.6
13.031908 140012.8
13.043610 138908.8
13.055527 139460.4
13.067297 139327.2
13.079291 139174.4
13.090996 139593.6
13.102932 139307.2
13.114630 139041.6
13.126415 139041.6
13.138146 139460.4
13.149820 138776.0
13.161572 140146.4
13.173312 140126.4
13.185024 140280.0
13.196874 139726.8
13.208630 140280.0
13.220338 139593.6
13.232133 140146.4
13.243881 139726.8
13.255553 139174.4
13.267264 138490.4
13.279232 139726.8
13.290886 139726.8
13.307024 136995.6
13.319639 136600.8
13.331642 136732.4
13.343975 136995.6
13.356198 136752.0
13.368233 136864.0
13.380301 136995.6
13.392456 137412.0
13.404509 138643.2
13.416375 137828.4
13.428322 137148.0
13.440288 137676.0
13.452244 138490.4
13.464103 139593.6
13.475881 139307.2
13.487919 139593.6
13.499553 139593.6
13.511394 140280.0
13.523090 140280.0
13.534887 139440.0
13.546590 138093.2
13.560660 139879.2
13.572393 138927.6
13.584249 139194.0
13.596018 139745.6
13.608012 139726.8
13.619798 138490.4
13.631648 139726.8
13.643355 139041.6
13.655351 139726.8
13.667098 139041.6
13.679001 139860.0
13.690729 139860.0
13.702511 140146.4
13.714216 139726.8
13.728851 138336.0
13.740678 139327.2
13.752629 139194.0
13.764383 139344.8
13.776174 139327.2
13.787947 139745.6
13.799748 139879.2
13.811446 139879.2
13.829448 138072.0
13.841282 139593.6
13.853069 139307.2
13.864871 139307.2
13.876589 139174.4
13.888636 139440.0
13.900352 139460.4
13.917279 137676.0
13.929227 137960.8
13.941187 137016.0
13.953109 137280.0
13.965033 137960.8
13.977082 137808.0
13.988999 136600.8
14.000825 136864.0
14.013283 136600.8
14.025245 136600.8
14.037296 136864.0
14.049197 137016.0
14.061182 137298.8
14.073081 137016.0
14.085408 137166.4
14.097350 136995.6
14.109298 136600.8
14.122938 137676.0
14.135818 135300.0
14.157600 136600.8
14.169461 137127.2
14.182848 137390.4
14.194748 137016.0
14.206868 136864.0
14.218671 138093.2
14.230577 137676.0
14.242494 137676.0
14.254466 138244.8
14.277060 138093.2
14.288921 138358.0
14.300694 137808.0
14.312790 137676.0
14.324612 137696.0
14.336544 135792.0
14.348652 135639.6
14.360718 133640.0
14.372694 136185.6
14.384812 135094.4
14.397619 137676.0
14.416942 137544.0
14.429201 137544.0
14.441388 137431.2
14.453366 136732.4
14.465596 136206.0
14.477571 136185.6
14.489502 137127.2
14.501405 136600.8
14.513290 137258.8
14.525240 137148.0
14.537372 138755.2
14.549214 139174.4
14.560947 138755.2
14.572680 139174.4
14.584447 138908.8
14.596233 138776.0
14.608109 139860.0
14.619900 138908.8
14.631742 139726.8
14.643453 139041.6
14.655444 139726.8
14.667208 139460.4
14.679090 139860.0
14.690826 139860.0
14.702764 139726.8
14.714483 139307.2
14.726287 139860.0
14.738054 139860.0
14.750876 138468.0
14.762634 139174.4
14.774362 139041.6
14.786069 139460.4
14.797780 140012.8
14.809509 140280.0
14.821261 139860.0
14.833069 140146.4
14.844786 138776.0
14.856789 139593.6
14.868490 139745.6
14.880289 140146.4
14.892051 139726.8
14.903861 139726.8
14.915587 139879.2
14.927767 138048.4
14.939549 139041.6
14.951499 139726.8
14.965429 139174.4
14.977262 139879.2
14.989402 138336.0
15.001106 139440.0
15.012886 138755.2
15.024706 139307.2
15.036406 139041.6
15.048251 139174.4
15.060042 138358.0
15.071911 139726.8
15.083675 139041.6
15.095562 139726.8
15.107316 139327.2
15.119143 139726.8
15.130884 139307.2
15.142724 139440.0
15.154368 139041.6
15.169523 139174.4
15.181329 139174.4
15.193039 139440.0
15.204750 139307.2
15.216561 139307.2
15.228437 138908.8
15.240248 139152.4
15.251949 138776.0
15.263795 139726.8
15.275501 138622.8
15.287571 139593.6
15.307505 137280.0
15.319814 136469.2
15.332021 136995.6
15.344315 136995.6
15.356456 137127.2
15.368540 136579.2
15.380681 136995.6
15.392643 136752.0
15.404694 138358.0
15.416594 137544.0
15.428652 137148.0
15.440544 137960.8
15.452488 137940.0
15.464422 137544.0
15.476401 137544.0
15.488398 137016.0
15.500370 137544.0
15.512318 138225.6
15.524206 137828.4
15.536301 137148.0
15.548187 137676.0
15.560300 138093.2
15.572196 137431.2
15.584260 137676.0
15.596553 136995.6
15.608616 137940.0
15.620526 137676.0
15.632483 137979.2
15.644401 137431.2
15.656285 137412.0
15.668242 138622.8
15.680181 140280.0
15.691977 139307.2
15.703830 140280.0
15.715534 140012.8
15.727586 140164.0
15.741703 137676.0
