# 1395515943.263036
0.012221 39324.0
0.023605 36416.0
0.034916 32716.8
0.046234 38556.0
0.057541 38203.2
0.068858 39112.8
0.080305 37195.2
0.091632 39147.2
0.102947 39428.4
0.114279 38203.2
0.125591 38556.0
0.136898 43960.4
0.148198 43168.0
0.159523 43999.2
0.170842 43999.2
0.182162 45854.0
0.193472 44787.6
0.204780 41350.4
0.216095 42259.2
0.227419 42147.6
0.238710 41459.6
0.250017 41878.4
0.261337 41878.4
0.272654 41496.0
0.283975 41915.2
0.295285 41804.8
0.306625 41915.2
0.317936 42370.8
0.329244 45360.0
0.340561 44193.2
0.351901 46885.6
0.363219 44492.0
0.374550 47796.0
0.385860 45064.8
0.397164 48124.0
0.408468 44154.4
0.419773 48251.2
0.431094 47091.2
0.442408 44570.4
0.453717 47216.0
0.465033 44038.0
0.476329 47586.0
0.487643 45064.8
0.498933 48081.6
0.510260 44570.4
0.521595 47712.0
0.532893 46803.2
0.544199 128027.2
0.555507 123860.0
0.566806 121157.6
0.578106 125433.6
0.589434 119912.8
0.600747 129150.0
0.612049 118665.6
0.623373 126674.8
0.634690 126450.0
0.646052 124760.8
0.657373 128136.0
0.668677 126562.4
0.679984 128027.2
0.691320 126561.6
0.702642 127463.2
0.713958 126562.4
0.725265 123420.0
0.736572 126112.0
0.747884 129043.2
0.759198 126225.2
0.770529 122959.2
0.781854 136592.4
0.793150 135986.4
0.804467 130616.0
0.815775 131850.0
0.827088 134520.0
0.838397 134006.4
0.849699 130050.0
0.861027 120834.8
0.872340 148444.8
0.883638 122740.8
0.894940 120727.2
0.906249 123177.6
0.917583 113803.2
0.928892 144384.8
0.940290 147708.0
0.951999 150482.0
0.963350 161424.0
0.974662 105768.0
0.985953 104771.2
0.997265 109738.8
1.008597 107576.0
1.019899 104864.0
1.031220 104492.8
1.042531 106577.6
1.053847 108028.0
1.065155 113500.8
1.076462 111897.6
1.087750 115609.6
1.099065 116550.0
1.110400 110995.2
1.121718 113000.0
1.133018 116100.0
1.146666 115097.6
1.158054 115260.0
1.169366 112348.8
1.180705 115996.8
1.192020 116512.8
1.203370 113803.2
1.214691 112400.0
1.226010 117763.2
1.237304 118770.8
1.248633 113299.2
1.259946 115507.2
1.271269 125544.8
1.282582 116653.6
1.293913 114153.6
1.305235 117312.0
1.316544 115752.8
1.327860 115958.4
1.339165 114604.8
1.350503 115056.0
1.361858 118319.2
1.373164 115650.0
1.384482 111897.6
1.395788 115507.2
1.407102 117104.0
1.418469 110446.0
1.429856 112900.0
1.441171 115507.2
1.452477 115158.0
1.463788 112348.8
1.475095 112800.0
1.486430 115958.4
1.497782 113702.4
1.509093 113251.2
1.520412 114254.8
1.531722 115056.0
1.543041 115609.6
1.554360 111996.8
1.565697 114852.0
1.577008 121588.0
1.588312 116164.0
1.599623 112600.0
1.610975 116860.8
1.622294 118424.0
1.633618 115650.0
1.644948 113601.6
1.656269 117867.6
1.667577 122850.0
1.678898 120921.6
1.690212 120814.4
1.701558 121716.0
1.712896 121480.4
1.724200 119806.4
1.735487 119462.0
1.746809 123519.2
1.758168 115650.0
1.769485 111897.6
1.780805 115158.0
1.792118 118350.0
1.803453 111996.8
1.814766 111545.2
1.826079 114750.0
1.837390 115958.4
1.848698 111897.6
1.860001 107100.0
1.871329 110642.0
1.882647 110642.0
1.893955 110250.0
1.905273 107480.8
1.916577 111545.2
1.927895 114401.6
1.939210 108739.2
1.950545 110092.8
1.961885 113351.6
1.973199 111290.4
1.984487 109641.6
1.995812 114254.8
2.007136 113904.0
2.018449 109641.6
2.029762 108932.0
2.041083 111644.0
2.052388 113251.2
2.063716 110642.0
2.075037 109738.8
2.086336 115547.2
2.097659 114706.4
2.108975 110190.4
2.120324 110250.0
2.131648 110544.0
2.142968 114457.2
2.154291 106650.0
2.165620 108028.0
2.176925 111644.0
2.188230 109447.2
2.199533 107029.2
2.210857 109384.0
2.222204 110642.0
2.233484 108480.0
2.244796 107480.8
2.256100 109641.6
2.267416 111093.6
2.280743 109897.6
2.292119 108480.0
2.303447 108480.0
2.314769 110896.8
2.326084 110838.0
2.337400 111644.0
2.348710 109447.2
2.360016 114706.4
2.371333 109738.8
2.382670 108000.0
2.393985 107218.8
2.405294 104596.8
2.416602 104492.8
2.427929 108288.0
2.439237 112548.0
2.450551 111699.2
2.461867 111545.2
2.473173 109287.2
2.484480 109897.6
2.495808 111996.8
2.507136 111644.0
2.518443 106483.2
2.529751 110190.4
2.541067 111742.8
2.552395 107029.2
2.563704 108835.6
2.575012 111644.0
2.586329 108384.0
2.597653 107932.4
2.609036 108450.0
2.620410 110288.0
2.631738 100344.0
2.643079 107480.8
2.654392 109738.8
2.665712 110642.0
2.677020 113803.2
2.688327 113702.4
2.699662 116550.0
2.710990 119328.0
2.722305 115609.6
2.733627 114300.0
2.744948 120125.6
2.756258 122383.6
2.767561 115097.6
2.778872 110288.0
2.790198 113452.0
2.801518 111150.0
2.812827 108835.6
2.824140 110740.0
2.835451 110700.0
2.846786 111290.4
2.858099 117867.6
2.869401 114300.0
2.880722 116964.4
2.892041 117068.0
2.903359 111600.0
2.918188 112849.6
2.929571 114604.8
2.940934 117068.0
2.952261 111950.4
2.963588 111996.8
2.974940 116061.2
2.986230 115302.4
2.997539 112800.0
3.008869 111996.8
3.020201 115056.0
3.031525 114706.4
3.042839 112900.0
3.054160 113351.6
3.065485 116964.4
3.076795 114153.6
3.088088 113702.4
3.099410 116860.8
3.110743 115996.8
3.122064 114706.4
3.133375 114153.6
3.144694 114401.6
3.156014 117763.2
3.167318 117416.0
3.178629 111950.4
3.189943 116616.0
3.201272 116964.4
3.212579 113850.0
3.223894 112900.0
3.235180 116860.8
3.246493 116446.4
3.257805 113000.0
3.269121 115158.0
3.280444 108546.4
3.291748 107218.8
3.303066 105316.0
3.314377 108900.0
3.325710 107671.2
3.337027 107766.4
3.348338 103050.0
3.359653 105955.2
3.370976 109384.0
3.382323 103416.4
3.393639 103416.4
3.404952 106126.0
3.418082 107550.0
3.429463 105316.0
3.440791 111996.8
3.452105 112600.0
3.463428 115158.0
3.474750 112548.0
3.486077 112348.8
3.497429 116964.4
3.508735 115158.0
3.520060 116061.2
3.531376 112348.8
3.542703 114954.0
3.554013 116164.0
3.565338 112900.0
3.576643 110798.4
3.587945 116512.8
3.599253 118770.8
3.610572 114401.6
3.621927 113251.2
3.633256 117763.2
3.644586 116203.2
3.655897 112800.0
3.667221 113951.2
3.678537 121265.2
3.690209 120834.8
3.701570 119462.0
3.712893 121265.2
3.724207 122275.2
3.735498 119568.0
3.746821 118800.0
3.758167 122275.2
3.769480 114706.4
3.780799 112800.0
3.792121 112448.4
3.803443 116860.8
3.814759 115650.0
3.826062 114808.0
3.837374 116306.4
3.848684 115547.2
3.859979 117068.0
3.871306 110288.0
3.882624 107741.2
3.893937 113552.4
3.905258 112448.4
3.916570 110700.0
3.927907 110190.4
3.939216 112900.0
3.950533 111552.0
3.962038 111545.2
3.973355 110896.8
3.984647 111644.0
3.995960 110642.0
4.007269 108996.8
4.018587 107029.2
4.029929 110740.0
4.041256 103592.0
4.052563 103868.0
4.063876 108123.6
4.075192 103776.0
4.086502 103960.0
4.097830 104771.2
4.109150 103776.0
4.120465 103508.0
4.131792 102964.8
4.143121 102785.6
4.154434 103416.4
4.165774 103324.8
4.177097 105409.2
4.188425 103508.0
4.199754 103050.0
4.211094 107124.0
4.222430 104504.4
4.233724 99715.2
4.245035 100068.8
4.256346 98170.8
4.267689 99715.2
4.279010 99803.6
4.290359 100344.0
4.301686 100432.8
4.313010 99803.6
4.324316 100255.2
4.335622 99528.0
4.346952 100432.8
4.358286 100617.6
4.369589 98170.8
4.380941 100521.6
4.392254 95203.2
4.403580 95004.0
4.414896 100068.8
4.426250 94836.0
4.437618 96813.6
4.448929 95287.6
4.460248 95625.2
4.471557 95908.8
4.482960 96020.4
4.494308 95540.8
4.505622 95824.0
4.516935 100255.2
4.528239 95908.8
4.539546 95372.0
4.552678 95118.8
4.564050 100344.0
4.575357 98710.4
4.586686 99626.8
4.598003 100432.8
4.609323 100157.2
4.620637 100617.6
4.631955 99892.0
4.643294 100432.8
4.654624 99892.0
4.665952 100885.2
4.677258 101520.0
4.688567 105768.0
4.699892 107124.0
4.711217 107480.8
4.722543 103056.0
4.733862 106314.0
4.745193 115996.8
4.756518 109641.6
4.767828 107218.8
4.779143 109544.4
4.790474 102604.0
4.801799 103508.0
4.813112 103141.6
4.824445 103599.6
4.835753 103416.4
4.847068 105129.6
4.858377 108028.0
4.869684 108028.0
4.881005 102513.2
4.892330 100432.8
4.903649 99892.0
4.914969 106672.0
4.926282 102332.8
4.937596 100979.2
4.948914 104412.0
4.960262 104596.8
4.971611 100979.2
4.982909 104956.8
4.994231 104596.8
5.005538 102331.6
5.016850 104864.0
5.028156 104956.8
5.039469 104492.8
5.050800 104504.4
5.062143 104412.0
5.073456 101520.0
5.084749 103960.0
5.096079 104771.2
5.107395 99715.2
5.118708 102604.0
5.130011 104864.0
5.141339 99892.0
5.152651 99440.0
5.163971 104771.2
5.175276 99616.0
5.186593 99892.0
5.197956 100979.2
5.209266 99616.0
5.220592 99980.4
5.231884 99803.6
5.243207 99616.0
5.254529 99980.4
5.265849 100077.6
5.277163 101880.0
5.288471 99980.4
5.299781 99626.8
5.311113 103238.4
5.322428 100432.8
5.333739 104492.8
5.345051 104504.4
5.356357 102694.8
5.367661 105036.4
5.378971 104504.4
5.390341 104771.2
5.401671 104412.0
5.412985 104771.2
5.424296 105129.6
5.435613 103960.0
5.446946 104504.4
5.458258 114153.6
5.469562 111897.6
5.480916 113702.4
5.492241 114052.4
5.506539 109912.8
5.519809 116061.2
5.531141 113251.2
5.542503 112950.0
5.553815 112900.0
5.565120 113251.2
5.576423 113150.8
5.587759 112800.0
5.599065 113803.2
5.610388 107550.0
5.621694 103056.0
5.633016 104864.0
5.644346 99803.6
5.655656 100432.8
5.666973 103960.0
5.678290 106577.6
5.691531 105674.4
5.702919 107480.8
5.714246 106314.0
5.725565 106766.4
5.736860 106388.8
5.748189 106577.6
5.759504 106766.4
5.770821 99715.2
5.782149 100344.0
5.793479 100521.6
5.804780 99538.4
5.816097 102604.0
5.827416 101248.0
5.838744 104042.4
5.850057 104771.2
5.861381 97891.2
5.872684 100166.4
5.883989 99892.0
5.895312 102242.4
5.906633 100166.4
5.921146 96642.4
5.932542 95739.2
5.943870 100068.8
5.955456 101338.4
5.967124 100885.2
5.978448 95004.0
5.989739 100432.8
6.001087 102061.6
6.012410 95540.8
6.023723 95908.8
6.035062 98900.4
6.046382 95540.8
6.057694 97266.0
6.069000 96020.4
6.080348 94300.8
6.091683 95456.4
6.103016 96105.6
6.114320 95456.4
6.125630 95908.8
6.136969 98448.8
6.148279 95456.4
6.159597 104864.0
6.170948 110190.4
6.182276 105768.0
6.193598 103868.0
6.204930 108932.0
6.216249 108932.0
6.227567 105844.0
6.238874 109384.0
6.250208 109287.2
6.261524 108192.0
6.272840 109287.2
6.284151 111644.0
6.295458 106839.6
6.306781 108932.0
6.318118 100432.8
6.329431 95203.2
6.340751 99075.6
6.352075 100432.8
6.363385 95287.6
6.374716 95908.8
6.386025 99892.0
6.397335 96361.2
6.408643 95908.8
6.419974 97997.2
6.431294 95456.4
6.442613 95540.8
6.453947 95118.8
6.465262 95456.4
6.476563 95625.2
6.488046 97180.0
6.499381 95824.0
6.510733 95203.2
6.522045 100432.8
6.533351 97266.0
6.544682 100255.2
6.556007 99440.0
6.567322 100885.2
6.578636 100344.0
6.589970 99892.0
6.601277 100796.0
6.612586 99803.6
6.623899 99980.4
6.635245 102331.6
6.646642 98623.2
6.657956 101158.4
6.669264 104585.6
6.680597 102061.6
6.691915 105768.0
6.703240 101790.4
6.714562 102242.4
6.725871 103056.0
6.737160 100979.2
6.748477 102694.8
6.759781 101790.0
6.771102 95203.2
6.782432 95456.4
6.793751 95908.8
6.805059 97094.0
6.816367 95372.0
6.829512 95372.0
6.840894 99264.0
6.852208 95908.8
6.863538 100432.8
6.874859 107480.8
6.886205 112448.4
6.897519 109190.4
6.908828 112900.0
6.920146 112900.0
6.931526 109897.6
6.942853 113000.0
6.954168 113351.6
6.965477 112500.0
6.976823 113100.0
6.988119 116061.2
6.999428 112950.0
7.010755 104052.0
7.022091 104771.2
7.033423 99626.8
7.044732 103147.2
7.056039 104771.2
7.067353 99715.2
7.078670 100068.8
7.089963 103960.0
7.101326 99528.0
7.112654 99616.0
7.123957 100255.2
7.135269 99980.4
7.146588 99980.4
7.157893 100979.2
7.169219 99892.0
7.180547 100068.8
7.191866 99088.0
7.203188 100432.8
7.214507 99892.0
7.225796 99715.2
7.237082 102061.6
7.248413 99980.4
7.259720 99176.0
7.271048 104504.4
7.282367 101700.0
7.293672 99264.0
7.304986 104412.0
7.316299 104864.0
7.327602 101971.2
7.338928 104412.0
7.350264 104771.2
7.361584 104771.2
7.372886 104771.2
7.384198 104771.2
7.395524 102964.8
7.406836 104504.4
7.418149 104412.0
7.429489 99803.6
7.440898 104052.0
7.452220 104492.8
7.463558 99892.0
7.474865 101790.0
7.486207 99264.0
7.497554 100885.2
7.508869 100344.0
7.520204 99440.0
7.531538 99892.0
7.542863 100166.4
7.554196 100432.8
7.565507 100344.0
7.576816 99715.2
7.588119 101337.6
7.599430 109384.0
7.610759 108996.8
7.622105 112548.0
7.633427 109836.0
7.644749 112800.0
7.656057 112900.0
7.667364 113351.6
7.678715 120577.2
7.690379 113893.6
7.701741 117867.6
7.713067 120684.0
7.724375 114401.6
7.735668 114706.4
7.747002 118665.6
7.758325 106126.0
7.769628 99980.4
7.780951 102604.0
7.792263 99892.0
7.803582 100344.0
7.814901 100255.2
7.826221 99528.0
7.837525 100885.2
7.848837 99803.6
7.860141 95372.0
7.871493 95908.8
7.882810 95569.6
7.894151 96899.2
7.905470 95908.8
7.916775 99988.8
7.928084 99980.4
7.939395 97266.0
7.950742 102873.6
7.963877 100344.0
7.975249 102332.8
7.986541 97372.8
7.997863 100521.6
8.009173 100432.8
8.020505 100077.6
8.031827 99980.4
8.043152 100885.2
8.054472 97910.4
8.065801 99616.0
8.077107 100974.4
8.088401 95118.8
8.099736 98623.2
8.111105 100344.0
8.122418 95908.8
8.133726 95456.4
8.145044 99440.0
8.156353 95908.8
8.167670 96361.2
8.178982 95824.0
8.190361 95456.4
8.201682 95824.0
8.212998 96642.4
8.224311 95456.4
8.235616 95824.0
8.246931 99264.0
8.258238 95908.8
8.269544 95824.0
8.280864 102964.8
8.292183 97718.4
8.303521 98084.0
8.314844 104504.4
8.326182 111093.6
8.337486 107480.8
8.348788 108028.0
8.360097 108835.6
8.371415 108288.0
8.382767 108576.0
8.394086 108835.6
8.405394 108546.4
8.416704 108480.0
8.428048 110838.0
8.439358 108546.4
8.450683 98536.0
8.462007 100521.6
8.473340 95654.4
8.484644 95372.0
8.495967 100068.8
8.507287 95824.0
8.518601 95456.4
8.529906 96899.2
8.541218 95287.6
8.552524 95540.8
8.563838 95908.8
8.575159 95739.2
8.586467 95456.4
8.597781 96813.6
8.609086 95372.0
8.620399 95456.4
8.631725 95372.0
8.643065 96813.6
8.654389 95908.8
8.665709 95569.6
8.677020 101700.0
8.688335 104052.0
8.699656 102240.8
8.710994 109287.2
8.722313 108932.0
8.733602 104585.6
8.744924 106766.4
8.756227 107029.2
8.767538 106483.2
8.778852 100068.8
8.790201 100796.0
8.801519 98812.8
8.812838 100068.8
8.824146 100885.2
8.835462 95739.2
8.846802 99616.0
8.858106 104771.2
8.869414 99715.2
8.880744 101337.6
8.892072 104678.4
8.903377 99892.0
8.914694 100432.8
8.926041 102958.4
8.937421 100885.2
8.948742 100157.2
8.960062 99715.2
8.971387 99352.0
8.982710 99980.4
8.994036 101248.0
9.005345 99980.4
9.016658 99980.4
9.027968 104412.0
9.039277 110288.0
9.050601 109190.4
9.061912 113452.0
9.073227 112548.0
9.084520 111897.6
9.097671 112600.0
9.109048 112900.0
9.120382 113452.0
9.131713 114356.0
9.143022 113452.0
9.154351 113351.6
9.165662 104144.0
9.176974 105316.0
9.188279 104678.4
9.199599 103056.0
9.210955 105409.2
9.222293 104492.8
9.233587 100255.2
9.244920 104052.0
9.256229 105036.4
9.267533 99892.0
9.278871 101880.0
9.290198 99715.2
9.301526 99528.0
9.312853 99980.4
9.324162 99440.0
9.335475 99892.0
9.346780 99980.4
9.358088 100255.2
9.369406 99892.0
9.380722 100432.8
9.392040 101248.0
9.403361 99892.0
9.414677 99892.0
9.425979 104864.0
9.437301 101700.0
9.448615 99892.0
9.459903 106672.0
9.471233 107576.0
9.482543 100979.2
9.493886 104412.0
9.505210 104864.0
9.516526 103592.0
9.527838 104864.0
9.539145 104771.2
9.550474 104400.0
9.561791 103960.0
9.573091 104864.0
9.584400 104400.0
9.595710 103599.6
9.607051 104771.2
9.618363 99538.4
9.629679 101790.0
9.641027 104504.4
9.652335 99715.2
9.663645 99616.0
9.674956 107576.0
9.686292 106577.6
9.697607 107218.8
9.708924 106483.2
9.720233 106220.0
9.731528 106672.0
9.742869 115097.6
9.754190 113803.2
9.765505 115712.0
9.776807 107932.4
9.788111 109738.8
9.799447 108028.0
9.810772 108096.0
9.822087 112096.0
9.833403 108932.0
9.844702 107550.0
9.856019 105409.2
9.867325 98170.8
9.878638 96471.2
9.889944 102242.4
9.901259 102604.0
9.912574 97910.4
9.923882 100432.8
9.935203 102332.8
9.946519 99715.2
9.957819 100432.8
9.969212 99811.2
9.980569 99075.6
9.991890 99528.0
10.003218 100255.2
10.014536 95456.4
10.025840 99075.6
10.037153 100255.2
10.048457 95540.8
10.059762 95908.8
10.071088 99264.0
10.082389 95456.4
10.093707 95540.8
10.105018 96020.4
10.116347 95540.8
10.127652 95993.6
10.138960 95654.4
10.150336 95004.0
10.161657 95456.4
10.172962 98448.8
10.184269 95908.8
10.195587 96361.2
10.206929 100344.0
10.218246 97266.0
10.231538 97459.2
10.242915 99980.4
10.254229 100432.8
10.265545 98900.4
10.276854 100432.8
10.288181 100344.0
10.299490 100166.4
10.310820 99980.4
10.322133 100432.8
10.333450 96190.8
10.344757 99075.6
10.356075 100432.8
10.367401 95654.4
10.378729 97266.0
10.390029 99440.0
10.401358 95372.0
10.412668 95540.8
10.426067 95594.4
10.437466 96728.0
10.448779 95908.8
10.460090 105222.8
10.471414 104412.0
10.482711 103416.4
10.494021 107124.0
10.505357 104412.0
10.516667 102873.6
10.527977 108480.0
10.539280 106220.0
10.550606 104319.6
10.561898 109836.0
10.573236 111996.8
10.584547 107932.4
10.595867 99980.4
10.607180 100344.0
10.618494 99715.2
10.629808 99980.4
10.641162 100796.0
10.652484 98361.6
10.663791 100521.6
10.675110 107124.0
10.686468 101520.0
10.697782 105409.2
10.709094 107124.0
10.720424 101610.0
10.731721 102242.4
10.743053 105674.4
10.754377 101700.0
10.765688 102242.4
10.776996 97094.0
10.788303 95456.4
10.799621 95540.8
10.810920 95287.6
10.822241 95004.0
10.833552 96078.4
10.844868 95654.4
10.856169 96446.4
10.867486 100796.0
10.878800 99715.2
10.890108 101248.0
10.901421 100344.0
10.912747 99626.8
10.924055 105222.8
10.935378 103508.0
10.946684 101340.0
10.958003 106672.0
10.969311 108123.6
10.980630 100979.2
10.991957 104956.8
11.003279 104864.0
11.014602 105129.6
11.025912 104864.0
11.037230 104678.4
11.048540 103324.8
11.059845 104771.2
11.071180 104771.2
11.082485 100706.8
11.093805 103960.0
11.105115 104412.0
11.116440 99440.0
11.127749 102152.0
11.139060 104412.0
11.150412 100068.8
11.161725 99980.4
11.173034 102873.6
11.184348 109028.4
11.195665 107932.4
11.206980 107645.6
11.218297 107576.0
11.229601 107932.4
11.240957 107550.0
11.252290 107029.2
11.263604 108932.0
11.274916 115302.4
11.286219 109384.0
11.297528 100974.4
11.308829 104134.8
11.320138 103599.6
11.331493 100974.4
11.342811 104227.2
11.354119 104771.2
11.368923 104400.0
11.380389 101700.0
11.391787 104956.8
11.403110 104864.0
11.414449 105222.8
11.425759 104412.0
11.437072 105222.8
11.448373 104678.4
11.459687 104412.0
11.471048 105409.2
11.482361 104943.2
11.493696 102964.8
11.505010 105316.0
11.516359 99176.0
11.527676 100344.0
11.538975 103960.0
11.550330 99528.0
11.561641 99892.0
11.572964 100344.0
11.584270 100068.8
11.595582 99892.0
11.606892 99803.6
11.618199 99616.0
11.629515 99980.4
11.640874 99626.8
11.652197 100344.0
11.663527 100344.0
11.674824 103684.0
11.686136 108480.0
11.697460 107124.0
11.708817 110798.4
11.720134 111192.0
11.731463 108932.0
11.742791 111644.0
11.754109 111545.2
11.765416 111644.0
11.776723 104864.0
11.788034 104771.2
11.799349 104771.2
11.810667 104771.2
11.821973 104864.0
11.833288 104678.4
11.844597 103960.0
11.855901 104864.0
11.867210 100885.2
11.878585 95372.0
11.889889 99163.2
11.901204 109190.4
11.912525 102964.8
11.927368 103936.0
11.938757 105768.0
11.950078 109836.0
11.961409 103056.0
11.972723 103056.0
11.984269 102694.8
11.995620 103599.6
12.006942 103141.6
12.018258 103147.2
12.029565 95993.6
12.040919 99626.8
12.052237 96728.0
12.063564 95372.0
12.074880 101700.0
12.086175 99980.4
12.097505 97545.6
12.108820 100432.8
12.120137 99892.0
12.131495 99892.0
12.142809 100432.8
12.154123 100344.0
12.165433 100706.8
12.176739 100068.8
12.188044 100344.0
12.199360 100166.4
12.210680 98623.2
12.222002 100521.6
12.233291 100166.4
12.244599 96728.0
12.255911 100068.8
12.267219 100706.8
12.278550 94920.0
12.289854 98170.8
12.301164 99803.6
12.312481 95456.4
12.323795 95824.0
12.335138 96556.8
12.346437 95456.4
12.357751 97266.0
12.369050 95203.2
12.380360 95004.0
12.391696 95908.8
12.403017 96642.4
12.414325 95540.8
12.425639 95908.8
12.436940 100255.2
12.448246 96899.2
12.459547 95540.8
12.470862 99626.8
12.482162 99075.6
12.493490 96728.0
12.506641 95654.4
12.518011 100521.6
12.529318 100068.8
12.540641 100166.4
12.551962 99616.0
12.563292 100432.8
12.574648 99803.6
12.585954 99980.4
12.597264 100344.0
12.608589 98988.0
12.619903 108835.6
12.631246 109897.6
12.642582 103416.4
12.653916 107576.0
12.665227 108739.2
12.676554 104678.4
12.687861 112548.0
12.699168 115650.0
12.710500 109738.8
12.721824 109836.0
12.733116 104585.6
12.744422 102152.0
12.755746 104864.0
12.767066 100166.4
12.778364 94920.0
12.789679 96361.2
12.801011 96642.4
12.812334 95372.0
12.823646 95456.4
12.834963 101790.0
12.846297 96361.2
12.857607 98084.0
12.868918 104956.8
12.880229 104412.0
12.891544 100979.2
12.902859 105316.0
12.914177 104771.2
12.925496 103324.8
12.936809 104504.4
12.948114 104678.4
12.959427 105129.6
12.970748 104956.8
12.982054 105409.2
12.993388 104492.8
13.004706 103508.0
13.016038 105955.2
13.027359 104400.0
13.038698 102604.0
13.050012 104956.8
13.061330 100166.4
13.072644 99980.4
13.083941 104956.8
13.095267 99264.0
13.106579 99440.0
13.117896 101063.6
13.129204 99352.0
13.140521 99892.0
13.151841 100068.8
13.163161 99892.0
13.174494 99980.4
13.185803 99980.4
13.197114 101248.0
13.208428 99528.0
13.219737 99980.4
13.231053 104052.0
13.242383 100885.2
13.253694 99715.2
13.265006 104504.4
13.276322 102694.8
13.287642 100617.6
13.298951 104956.8
13.310268 105316.0
13.321588 110700.0
13.332899 113452.0
13.344204 113351.6
13.355528 115200.0
13.366845 113452.0
13.378148 113452.0
13.389458 113400.0
13.400785 112548.0
13.412102 115404.8
13.423418 107004.8
13.434784 110642.0
13.446147 113251.2
13.457459 109190.4
13.468765 108123.6
13.480071 103765.2
13.491466 99352.0
13.502811 100068.8
13.514133 99715.2
13.525445 99980.4
13.536760 99980.4
13.548064 100077.6
13.559400 99980.4
13.570730 99892.0
13.582037 102604.0
13.593352 100255.2
13.604683 99715.2
13.615995 104956.8
13.627298 101520.0
13.640656 103950.0
13.652039 104412.0
13.663387 104771.2
13.674713 109384.0
13.686028 111742.8
13.697344 111446.4
13.708679 110190.4
13.719998 111644.0
13.731301 111347.6
13.742667 108835.6
13.753993 111742.8
13.765308 106294.4
13.776615 99440.0
13.787947 103056.0
13.799291 99803.6
13.810611 99892.0
13.821922 99892.0
13.833236 99892.0
13.844582 100344.0
13.855900 100255.2
13.867203 95540.8
13.878521 95908.8
13.889834 95739.2
13.901135 96446.4
13.912465 95456.4
13.923781 95203.2
13.935098 101337.6
13.946424 96813.6
13.957738 96385.6
13.969053 100068.8
13.980537 96854.4
13.992266 99988.8
14.003603 95456.4
14.014920 99528.0
14.026229 100617.6
14.037534 105316.0
14.048850 105861.6
14.060204 102691.2
14.071538 103056.0
14.082833 103960.0
14.094153 102782.4
14.105464 102694.8
14.116778 103599.6
14.128092 103776.0
14.139400 103056.0
14.150766 103960.0
14.162088 105409.2
14.173394 103508.0
14.184704 95824.0
14.196014 100432.8
14.207344 97266.0
14.218651 95824.0
14.229961 101790.0
14.241286 102785.6
14.252626 96556.8
14.263944 99528.0
14.275263 102242.4
14.286574 98812.8
14.297880 100068.8
14.309187 100344.0
14.320504 100617.6
14.331821 99892.0
14.343127 100885.2
14.354447 95484.8
14.365754 99075.6
14.377060 100068.8
14.388370 94584.0
14.399682 97718.4
14.411000 99980.4
14.422302 95203.2
14.433615 95456.4
14.444916 98170.8
14.456224 94752.0
14.467529 95993.6
14.478859 95484.8
14.490331 94217.2
14.501669 95908.8
14.512989 96471.2
14.524308 95908.8
14.535622 96078.4
14.546930 99715.2
14.558240 96446.4
14.569546 95540.8
14.580856 99715.2
14.592168 99980.4
14.603488 96899.2
14.614842 104864.0
14.626159 102152.0
14.637629 100617.6
14.648950 100344.0
14.660308 107385.6
14.671636 103508.0
14.682953 107218.8
14.694264 106483.2
14.705576 102513.2
14.716888 106766.4
14.728198 107029.2
14.739493 101700.0
14.750868 103691.2
14.762182 115097.6
14.775425 102873.6
14.786797 103691.2
14.798104 102691.2
14.809419 103147.2
14.820757 103599.6
14.832074 104227.2
14.843392 103056.0
14.854703 102964.8
14.866011 110896.8
14.877327 109384.0
14.888635 108028.0
14.899937 115056.0
14.911274 110190.4
14.922618 100255.2
14.933948 104227.2
14.945321 104864.0
14.956664 107100.0
14.967979 106314.0
14.979300 108028.0
14.990633 104227.2
15.001976 104956.8
15.013291 104678.4
15.024586 103056.0
15.035912 104956.8
15.047239 104585.6
15.058550 99892.0
15.069859 104052.0
15.081174 105222.8
15.092510 99352.0
15.103826 101790.0
15.115170 104042.4
15.126483 99440.0
15.137791 101427.2
15.149095 102782.4
15.160416 99528.0
15.171739 99980.4
15.183052 99988.8
15.194379 99440.0
15.205696 99980.4
15.217013 101971.2
15.228319 99440.0
15.239624 100432.8
15.250960 104678.4
15.262271 100885.2
15.273594 99892.0
15.284927 104864.0
15.296235 104864.0
15.307554 101971.2
15.318911 104956.8
15.330223 105222.8
15.341537 104227.2
15.352853 107671.2
15.364171 106577.6
15.375479 109544.4
15.386791 105049.6
15.398098 104771.2
15.409409 104042.4
15.420734 104052.0
15.432054 105409.2
15.443365 104756.8
15.454675 102152.0
15.465981 104504.4
15.477289 113400.0
15.488589 108288.0
15.499926 111644.0
15.511278 107741.2
15.522594 107576.0
15.533904 108028.0
15.545208 107385.6
15.556516 107480.8
15.567833 108384.0
15.579132 107741.2
15.590453 107576.0
15.601767 108384.0
15.613077 109190.4
15.624388 107576.0
15.635717 107932.4
15.647053 104412.0
15.658366 113351.6
15.669671 104412.0
15.680993 111545.2
15.692608 111302.4
15.703961 111644.0
15.715281 113803.2
15.726597 110348.0
15.737886 112195.2
15.749203 111446.4
15.760540 109544.4
15.771858 106314.0
15.783173 107576.0
15.794491 100255.2
15.805802 103056.0
15.817115 104771.2
15.828421 98477.6
15.839775 98300.8
15.851097 102748.8
15.862396 94552.0
15.873716 93660.0
15.885017 97140.8
15.896328 94552.0
15.909464 93408.0
15.920863 94443.6
15.932182 93937.2
15.943519 94891.2
15.954848 94721.6
15.966165 92963.2
15.977472 95529.6
15.988802 94190.4
16.000192 93297.6
16.011536 94721.6
16.022878 94297.6
16.034192 94552.0
16.045498 93852.8
16.056826 93324.0
16.068147 94912.8
16.079483 95083.2
16.090802 94021.6
16.102111 97315.2
16.113427 96043.2
16.127093 99352.0
16.138420 100974.4
16.149712 100432.8
16.161053 100344.0
16.172370 100255.2
16.183698 98623.2
16.195014 101880.0
16.206330 108900.0
16.217649 105674.4
16.228963 107671.2
16.240308 103233.2
16.251650 103056.0
16.262998 106577.6
16.274318 102964.8
16.285625 103599.6
16.296930 103776.0
16.308245 103508.0
16.319565 95540.8
16.330915 95654.4
16.342225 95456.4
16.353545 95540.8
16.364849 95654.4
16.376187 96899.2
16.387492 95993.6
16.398796 95118.8
16.410112 99892.0
16.421446 96899.2
16.432804 102691.2
16.444192 102152.0
16.455533 102964.8
16.466841 99892.0
16.478141 100344.0
16.489442 100255.2
16.500833 98208.0
16.516171 100344.0
16.527556 95372.0
16.538864 97804.8
16.550201 99715.2
16.561526 95456.4
16.572841 95993.6
16.584153 95203.2
16.595459 95088.0
16.606774 95908.8
16.618077 95569.6
16.629388 95088.0
16.640746 95908.8
16.652071 96276.0
16.663387 95456.4
16.674705 98988.0
16.686015 108932.0
16.697328 104319.6
16.708643 102422.4
16.719961 106860.8
16.731268 106672.0
16.742580 102873.6
16.753899 106766.4
16.765220 107029.2
16.776538 98812.8
16.787851 100068.8
16.799165 100885.2
16.810489 100528.4
16.821797 100521.6
16.833112 100796.0
16.844437 99988.8
16.855749 99980.4
16.867056 104864.0
16.878357 104756.8
16.889673 102604.0
16.900991 113452.0
16.912318 107100.0
16.923631 107029.2
16.934960 111644.0
16.946281 106744.8
16.957593 109384.0
16.968894 108028.0
16.980231 107290.4
16.991574 107480.8
17.002912 108096.0
17.014226 107480.8
17.025537 108028.0
17.036875 108096.0
17.050011 109897.6
17.061406 101700.0
17.072729 100432.8
17.084058 104412.0
17.095378 103508.0
17.106699 99803.6
17.118004 104504.4
17.129321 104956.8
17.140647 100439.2
17.151982 104319.6
17.163300 104504.4
17.174614 104943.2
17.185921 105316.0
17.197252 104771.2
17.208570 103233.2
17.219877 104956.8
17.231196 105316.0
17.242511 100528.4
17.253839 104144.0
17.265146 105316.0
17.276467 99264.0
17.287779 102332.8
17.299082 104412.0
17.310421 99980.4
17.321763 100068.8
17.333068 102513.2
17.344381 99980.4
17.355699 100521.6
17.367032 99626.8
17.378341 99528.0
17.389664 100157.2
17.400988 99538.4
17.412303 99440.0
17.423641 100432.8
17.434958 108642.8
17.446270 100885.2
17.457581 101248.0
17.468916 104319.6
17.480406 103324.8
17.491770 103960.0
17.503115 104864.0
17.514429 104492.8
17.525734 104412.0
17.537047 104956.8
17.548347 104678.4
17.559682 103960.0
17.571000 105049.6
17.582300 104227.2
17.593626 101158.4
17.604939 104504.4
17.616249 105844.0
17.627555 108000.0
17.638881 111742.8
17.650216 113050.4
17.661543 107480.8
17.672863 110288.0
17.684177 114198.4
17.695495 114706.4
17.706808 114808.0
17.718115 114300.0
17.729426 114153.6
17.740745 114356.0
17.752074 115752.8
17.763397 106220.0
17.774714 100432.8
17.786027 103960.0
17.797335 101337.6
17.808648 99980.4
17.819955 105316.0
17.831283 102604.0
17.842597 100796.0
17.853905 106766.4
17.865211 103147.2
17.876530 97459.2
17.887842 100068.8
17.899157 99980.4
17.910481 100255.2
17.921799 100521.6
17.933685 95287.6
17.945070 98448.8
17.956406 95088.0
17.967723 95908.8
17.979034 95118.8
17.990380 95088.0
18.001710 96361.2
18.013071 96361.2
18.024383 95004.0
18.035716 95739.2
18.047056 100432.8
18.058365 96276.0
18.069677 95739.2
18.080992 99980.4
18.092308 99980.4
18.103619 96642.4
18.114914 101700.0
18.126229 100885.2
18.137550 98988.0
18.148856 99440.0
18.160199 99892.0
18.171514 100166.4
18.184718 99352.0
18.196117 100432.8
18.207461 95203.2
18.218776 98257.6
18.230084 100974.4
18.241420 94920.0
18.252742 95004.0
18.264062 99440.0
18.275386 95088.0
18.286703 95456.4
18.298015 97180.0
18.309326 95540.8
18.320652 95625.2
18.331983 95203.2
18.343302 104412.0
18.354619 103599.6
18.365921 103592.0
18.377232 104412.0
18.388551 103508.0
18.399864 102782.4
18.411202 105222.8
18.422490 104144.0
18.433806 103592.0
18.445130 108480.0
18.456455 105955.2
18.467757 100166.4
18.479094 100344.0
18.490440 100432.8
18.501760 99980.4
18.513088 100344.0
18.524424 100344.0
18.535748 100068.8
18.547060 100885.2
18.558374 100528.4
18.569690 99892.0
18.581030 102242.4
18.592358 101430.0
18.603682 95540.8
18.614996 99528.0
18.626305 94752.0
18.637723 96446.4
18.649036 96642.4
18.660392 98536.0
18.671739 98257.6
18.683063 102240.8
18.694392 101790.0
18.705709 102785.6
18.717046 104227.2
18.728359 102152.0
18.739647 102694.8
18.750984 107385.6
18.762296 103960.0
18.773605 95824.0
18.784911 100344.0
18.796249 100432.8
18.807562 97632.0
18.818863 100521.6
18.830195 99980.4
18.841517 100344.0
18.852834 99440.0
18.864148 105316.0
18.875461 106744.8
18.886770 104412.0
18.898069 105674.4
18.909384 104492.8
18.920703 103508.0
18.932019 104956.8
18.943348 104400.0
18.954670 100796.0
18.965983 105861.6
18.977293 107290.4
18.988589 99892.0
18.999916 102242.4
19.011268 99264.0
19.022582 100068.8
19.033903 100344.0
19.045212 99803.6
19.056522 108932.0
19.067821 109738.8
19.079159 108835.6
19.090481 108123.6
19.101794 108028.0
19.113094 109738.8
19.124424 108480.0
19.135769 108642.8
19.147072 113452.0
19.158391 109933.2
19.169706 100166.4
19.181056 104412.0
19.192380 104596.8
19.203698 104492.8
19.215009 106672.0
19.226319 104864.0
19.237608 103141.6
19.248922 104771.2
19.260244 105316.0
19.271573 103684.0
19.282885 104956.8
19.294196 104678.4
19.305503 101430.0
19.318623 104678.4
19.329999 107218.8
19.341324 107932.4
19.352646 99892.0
19.363967 104052.0
19.375314 99803.6
19.386623 99440.0
19.397930 102694.8
19.409236 99176.0
19.420578 99980.4
19.435023 106032.0
19.446413 99538.4
19.457737 103508.0
19.469085 105409.2
19.480544 98536.0
19.492025 99626.8
19.503385 99440.0
19.514711 100432.8
19.526039 100979.2
19.537352 100885.2
19.548660 100344.0
19.559963 104585.6
19.571302 101248.0
19.582609 99980.4
19.593939 107029.2
19.605250 106766.4
19.616558 101068.8
19.627879 104771.2
19.639231 104956.8
19.650561 102331.6
19.661886 104956.8
19.673211 106672.0
19.684526 111248.8
19.695867 111093.6
19.707216 111742.8
19.718527 108192.0
19.729846 110642.0
19.741166 111644.0
19.752513 106126.0
19.763832 109836.0
19.775139 105316.0
19.786450 108835.6
19.797755 108480.0
19.809069 111644.0
19.820395 107480.8
19.831755 108028.0
19.843077 108096.0
19.854382 107576.0
19.865691 103960.0
19.877007 103141.6
19.888318 105768.0
19.899624 103599.6
19.910953 103684.0
19.922269 103960.0
19.933581 104052.0
19.944903 99715.2
19.956218 98257.6
19.967534 96361.2
19.978844 100166.4
19.990133 100068.8
20.001485 98084.0
20.012828 103056.0
20.024143 102242.4
20.035463 105222.8
20.046779 99528.0
20.058092 100432.8
20.069403 99892.0
20.080735 99528.0
20.092049 100068.8
20.103388 100077.6
20.114685 98084.0
20.126006 101063.6
20.137312 99626.8
20.148630 94836.0
20.159971 99163.2
20.171311 94752.0
20.182616 95540.8
20.193931 95908.8
20.205267 94836.0
20.216585 95456.4
20.227899 96276.0
20.239190 94920.0
20.250519 95372.0
20.261829 95824.0
20.273146 95908.8
20.284468 95908.8
20.295787 95739.2
20.307115 98344.4
20.318429 95908.8
20.329748 95739.2
20.341078 99528.0
20.352396 97266.0
20.363713 95203.2
20.375020 102332.8
20.386321 100432.8
20.397629 97286.4
20.408939 102694.8
20.420255 101700.0
20.431581 102782.4
20.442894 99980.4
