# 1396596796.431625
0.067042 145452.0
0.079205 145993.6
0.094058 144883.2
0.105950 145706.4
0.117862 145144.8
0.130360 145843.6
0.142278 144296.0
0.154272 144746.0
0.166142 145718.4
0.177984 145856.0
0.189899 146268.8
0.201763 146131.2
0.213727 146142.0
0.225696 145993.6
0.237677 146131.2
0.250207 146131.2
0.262150 145718.4
0.274081 146418.0
0.286047 145706.4
0.297978 146694.0
0.309941 146142.0
0.321798 146142.0
0.333771 146268.8
0.345737 146131.2
0.357721 145993.6
0.369733 146131.2
0.381744 146280.0
0.393742 145432.0
0.405732 146268.8
0.417734 145718.4
0.429918 145843.6
0.441788 147108.0
0.453759 146142.0
0.465723 146694.0
0.477673 146556.0
0.489738 145580.8
0.501688 146556.0
0.513717 146556.0
0.525717 145993.6
0.537688 145144.8
0.552461 146694.0
0.567725 146694.0
0.581963 146418.0
0.597245 146556.0
0.611633 146131.2
0.624969 146832.0
0.636847 145168.0
0.648726 145580.8
0.660598 145993.6
0.672480 146268.8
0.684341 146268.8
0.696211 146694.0
0.708068 145718.4
0.720006 146427.2
0.731854 145294.8
0.743714 145706.4
0.755638 146131.2
0.767495 146131.2
0.779437 146142.0
0.791384 145993.6
0.803308 146131.2
0.815344 145305.6
0.827133 143492.8
0.839429 146544.0
0.852731 148377.2
0.864429 148654.8
0.876120 148944.0
0.887824 148944.0
0.899532 147949.6
0.911345 148377.2
0.923037 147534.4
0.934785 147811.2
0.946506 147811.2
0.958289 148364.8
0.970262 148654.8
0.981998 148654.8
0.993728 148516.0
1.005480 148516.0
1.017166 148804.8
1.028902 147949.6
1.048591 147108.0
1.060344 146970.0
1.072089 148377.2
1.083823 148804.8
1.095506 148088.0
1.107180 147811.2
1.118990 148088.0
1.131803 145856.0
1.143614 148665.6
1.155366 148387.2
1.167160 148248.0
1.178968 146970.0
1.190783 146694.0
1.202483 148099.6
1.214270 147960.8
1.225975 148804.8
1.237658 147969.6
1.249834 147811.2
1.261618 148099.6
1.273381 148238.4
1.288078 145843.6
1.309008 145580.8
1.320986 145980.8
1.332832 145993.6
1.344855 146142.0
1.357063 145569.2
1.369186 145020.4
1.381150 145144.8
1.393124 145993.6
1.405200 145305.6
1.417165 147119.2
1.428979 146556.0
1.440850 146694.0
1.452713 146832.0
1.464587 145993.6
1.476453 146418.0
1.488293 146544.0
1.500257 146131.2
1.512154 146556.0
1.524044 145706.4
1.535891 145993.6
1.547798 146004.0
1.559695 145993.6
1.571584 145843.6
1.583520 146268.8
1.595473 145443.2
1.607490 145569.2
1.619424 146268.8
1.631453 145580.8
1.643433 146131.2
1.655489 146131.2
1.667457 145443.2
1.679367 146131.2
1.691402 146832.0
1.703426 146004.0
1.718589 145993.6
1.730500 145843.6
1.742483 145443.2
1.754490 145176.0
1.766339 145718.4
1.778227 146418.0
1.790160 146268.8
1.802063 146418.0
1.813993 145866.0
1.825843 146418.0
1.837849 146694.0
1.849861 146280.0
1.861859 145843.6
1.873852 146406.4
1.885827 145580.8
1.897866 145993.6
1.909836 146406.4
1.921892 146268.8
1.934744 146556.0
1.946627 146131.2
1.958708 146832.0
1.970595 146268.8
1.982625 145718.4
1.994564 146268.8
2.006510 146268.8
2.018628 145580.8
2.030634 146694.0
2.042527 146556.0
2.054493 146556.0
2.066506 145993.6
2.078470 146268.8
2.090509 146427.2
2.102474 146280.0
2.114491 146694.0
2.126351 146268.8
2.138214 146418.0
2.150132 145856.0
2.161989 145157.6
2.174028 145706.4
2.185912 146694.0
2.197903 145580.8
2.209893 145993.6
2.221885 146268.8
2.233905 145294.8
2.245887 145706.4
2.257904 146131.2
2.269884 146004.0
2.281910 146556.0
2.293909 146418.0
2.305911 145432.0
2.317903 146268.8
2.329869 147257.6
2.341809 146556.0
2.353750 146406.4
2.365593 144311.2
2.378120 146556.0
2.390074 148516.0
2.401855 148516.0
2.413620 148516.0
2.425307 149071.2
2.437000 149372.0
2.448821 148944.0
2.460516 148377.2
2.472216 148516.0
2.483890 148088.0
