# 1396594990.881531
0.051005 140012.8
0.062795 141960.0
0.074544 139344.8
0.086297 141405.2
0.097972 141270.4
0.109772 141674.8
0.121467 140985.6
0.133157 141973.2
0.144798 142500.8
0.156541 141960.0
0.168184 141540.0
0.179840 141540.0
0.191529 141540.0
0.203184 140851.2
0.214923 141135.6
0.226588 141960.0
0.238223 142095.2
0.249899 141135.6
0.261579 141540.0
0.273198 141270.4
0.284842 141824.8
0.296494 142095.2
0.308139 141554.4
0.319817 141120.0
0.331463 140716.8
0.343116 142108.8
0.354790 141120.0
0.366419 141824.8
0.378052 140851.2
0.389747 141540.0
0.401403 141554.4
0.413066 142095.2
0.424696 142922.4
0.436401 142079.2
0.448119 141405.2
0.460002 141689.6
0.471794 142079.2
0.483451 141689.6
0.495147 141944.4
0.506788 141554.4
0.518533 142108.8
0.530140 141689.6
0.541871 143193.6
0.553507 142095.2
0.565208 141540.0
0.576855 140985.6
0.588584 140716.8
0.600256 142244.4
0.611894 142380.0
0.623542 142230.4
0.635170 141540.0
0.646938 141674.8
0.658612 140716.8
0.670270 142244.4
0.681950 142244.4
0.693639 142079.2
0.705283 141405.2
0.716961 141120.0
0.728611 141135.6
0.740258 141809.6
0.751984 141674.8
0.763625 141674.8
0.775370 141405.2
0.786954 140851.2
0.798870 141824.8
0.810603 141405.2
0.822238 140851.2
0.833880 141540.0
0.845567 142500.8
0.857212 142500.8
0.868949 141824.8
0.880609 141540.0
0.892245 140582.4
0.903902 141554.4
0.915557 142095.2
0.927231 141540.0
0.938903 141405.2
0.950627 142380.0
0.962296 141120.0
0.974015 142500.8
0.985653 141405.2
0.997430 141689.6
1.009119 142095.2
1.020910 142500.8
1.038689 139628.0
1.050544 139077.6
1.062268 141554.4
1.073960 142095.2
1.085628 142095.2
1.097275 141824.8
1.108961 141254.4
1.120621 140716.8
1.132257 141419.2
1.143919 141674.8
1.155590 141960.0
1.167250 141405.2
1.179015 139993.2
1.190748 141674.8
1.202520 141120.0
1.214161 141270.4
1.228884 139060.8
1.241544 142108.8
1.253331 138810.4
1.265110 141973.2
1.276918 140716.8
1.288586 142079.2
1.300245 141824.8
1.311894 141540.0
1.323524 140985.6
1.335218 140716.8
1.346847 141540.0
1.358578 142095.2
1.370245 141540.0
1.381943 141674.8
1.393580 140716.8
1.405269 140716.8
1.416888 141824.8
1.428603 141960.0
1.440312 142079.2
1.451955 140851.2
1.463629 141540.0
1.475252 140716.8
1.486925 141689.6
1.498662 141405.2
1.510325 141674.8
1.521999 141674.8
1.533595 140985.6
1.545225 140582.4
1.556961 141540.0
1.568630 141674.8
1.580281 141405.2
1.591927 141405.2
1.603549 140851.2
1.615230 141554.4
1.627150 139612.0
1.638945 141120.0
1.650665 140298.0
1.662318 141135.6
1.673965 142636.0
1.685649 141674.8
1.697277 141405.2
1.709017 140985.6
1.720670 140851.2
1.732305 141419.2
1.743966 141540.0
1.755616 141824.8
1.767288 141405.2
1.778948 140851.2
1.790676 141657.6
1.802336 140030.0
1.814063 141960.0
1.825702 142095.2
1.837431 141540.0
1.849113 141689.6
1.860976 141540.0
1.872633 141824.8
1.884264 140985.6
1.895921 141270.4
1.907548 142365.6
1.919286 142515.6
1.930926 141540.0
1.946037 139344.8
1.957769 142095.2
1.969553 141405.2
1.981220 141120.0
1.992862 140298.0
2.004563 141000.8
2.016244 141960.0
2.027894 141824.8
2.039700 142079.2
2.051315 141540.0
2.062986 141540.0
2.074685 141405.2
2.086336 141689.6
2.097977 141824.8
2.109696 141809.6
2.121353 142515.6
2.133018 141120.0
2.144678 140432.0
2.156326 141000.8
2.167986 141824.8
2.179718 141674.8
2.191465 142515.6
2.203110 141405.2
2.214815 141405.2
2.226517 141120.0
2.238219 140582.4
2.249941 139478.4
2.261703 141135.6
2.273327 142230.4
2.286557 141135.6
2.298220 141135.6
2.309949 142095.2
2.321605 141405.2
2.333256 141960.0
2.344920 141405.2
2.356620 141284.0
2.368273 141540.0
2.379914 141540.0
2.391626 141960.0
2.405856 138908.8
2.418209 140716.8
2.430340 139896.0
2.442168 141824.8
2.453965 141809.6
2.465639 141674.8
2.477377 141540.0
2.489076 141405.2
2.500920 141540.0
2.512593 141540.0
2.524228 141674.8
2.535903 141135.6
2.547566 142095.2
2.559388 141824.8
2.571028 142095.2
2.582732 141674.8
2.594361 140985.6
2.606044 141120.0
2.617684 142108.8
2.629592 140432.0
2.641285 140298.0
2.653058 141554.4
2.664710 141960.0
2.677668 140834.0
2.689559 142515.6
2.701263 141540.0
2.712939 141540.0
2.724639 141270.4
2.736312 141135.6
2.747956 140985.6
2.759694 141135.6
2.771350 141960.0
2.782951 141405.2
2.802911 138927.6
2.814689 139360.0
2.826583 138927.6
2.838576 140164.0
2.850714 138128.4
2.862508 137315.2
2.874257 137166.4
2.885993 132210.0
2.897685 140716.8
2.909780 139211.2
2.921645 139612.0
2.933398 140164.0
2.945189 139194.0
2.957126 140012.8
2.969018 140582.4
2.980833 140566.0
2.992683 135960.0
3.004671 137448.0
3.016551 137166.4
3.028682 137315.2
3.040585 137676.0
3.053148 140298.0
3.064843 141973.2
3.076497 141270.4
3.088219 142230.4
3.099885 141674.8
3.111688 141960.0
3.123332 141944.4
3.134998 140566.0
3.146745 141270.4
3.158400 140432.0
3.170200 141419.2
3.181819 141120.0
3.193469 141540.0
3.205122 141674.8
3.216756 140851.2
3.228416 140432.0
3.240207 141809.6
3.251862 142095.2
3.263611 141674.8
3.275259 141960.0
3.286928 141405.2
3.298739 141405.2
3.310412 140985.6
3.322054 141270.4
3.333763 141689.6
3.345390 141809.6
3.357115 142079.2
3.368878 142365.6
3.380515 141405.2
3.392217 142079.2
3.403845 141135.6
3.415563 141270.4
3.427215 140851.2
3.439052 141405.2
3.450926 141284.0
3.462621 141824.8
3.474265 141824.8
3.485936 140985.6
3.497598 141405.2
3.509297 141270.4
3.520951 141135.6
3.532523 141960.0
3.544233 141135.6
3.555902 141270.4
3.567627 140985.6
3.579261 140851.2
3.593437 140146.4
3.609107 142079.2
3.620913 139762.0
3.632799 137298.8
3.644547 137034.0
3.656381 136901.6
3.668043 134006.4
3.679771 139060.8
3.691521 140582.4
3.703388 140700.0
3.715189 140298.0
3.727017 140164.0
3.738924 139092.0
3.750765 139372.8
3.762794 139327.2
3.774550 137166.4
3.786449 137431.2
3.798353 136916.8
3.810383 136356.0
3.824587 140044.8
3.839113 141824.8
3.850882 141405.2
3.862535 141674.8
3.874180 141824.8
3.885848 141540.0
3.897477 140582.4
3.909199 141554.4
3.920870 141674.8
3.932504 141540.0
3.944162 141540.0
3.955830 140985.6
3.967509 140851.2
3.979154 141824.8
3.990866 142230.4
4.002524 141809.6
4.014234 141960.0
4.025871 142365.6
4.037490 140716.8
4.049190 141689.6
4.060918 141689.6
4.072624 141944.4
4.084254 141540.0
4.095984 141405.2
4.107604 142786.8
4.119365 141405.2
4.131009 142095.2
4.142652 141674.8
4.154290 141405.2
4.165960 141120.0
4.177607 140985.6
4.189369 140851.2
4.201044 141554.4
4.212940 140566.0
4.224679 141405.2
4.236368 141120.0
4.248194 140298.0
4.259857 141824.8
4.271516 141809.6
4.284480 139896.0
4.297568 141960.0
4.309278 141120.0
4.320934 140985.6
4.332581 140298.0
4.344311 141824.8
4.355969 141674.8
4.367699 141809.6
4.379446 142095.2
4.391116 141960.0
4.402888 140985.6
4.414523 141540.0
4.426164 140716.8
4.437896 141554.4
4.449568 142800.0
4.461238 141674.8
4.472875 141540.0
4.484497 140851.2
4.496435 141540.0
4.508093 140582.4
4.519841 141944.4
4.531419 140985.6
4.543099 141809.6
4.554852 141809.6
4.566516 141960.0
4.578146 141554.4
4.589887 140985.6
4.601530 140716.8
4.614307 140146.4
4.626022 141540.0
4.637810 142079.2
4.649538 141540.0
4.661253 140985.6
4.672901 140851.2
4.684547 141000.8
4.696206 142079.2
4.707838 141960.0
4.719558 140985.6
4.731198 140985.6
4.742831 141135.6
4.754474 141540.0
4.766140 141540.0
4.780346 139327.2
4.799459 139344.8
4.811231 139478.4
4.823061 138093.2
4.834885 137431.2
4.846794 137448.0
4.858661 138528.0
4.870604 139344.8
4.882383 139494.0
4.894366 139745.6
4.906145 140030.0
4.917979 139060.8
4.929782 140298.0
4.941538 140164.0
4.953427 139211.2
4.965325 136224.0
4.977218 136092.0
4.989313 137713.6
5.001187 137298.8
5.013294 138261.6
5.025132 140716.8
5.036827 141419.2
5.048530 141960.0
5.060208 141540.0
5.071904 141540.0
5.083552 141405.2
5.095221 140851.2
5.106949 141120.0
5.118594 141405.2
5.130263 142079.2
5.141971 141809.6
5.153608 141540.0
5.165288 141657.6
5.176933 140716.8
5.188556 141554.4
5.200257 141809.6
5.211903 141824.8
5.223582 141254.4
5.235226 140716.8
5.246863 141809.6
5.258603 141419.2
5.270312 141809.6
5.281885 141405.2
5.293550 141236.0
5.305219 140851.2
5.316920 141419.2
5.328595 141540.0
5.340237 142079.2
5.351889 141540.0
5.363533 140985.6
5.375202 141120.0
5.386941 141419.2
5.398602 141405.2
5.410264 141405.2
5.421985 141540.0
5.433636 141944.4
5.445311 140985.6
5.456944 141540.0
5.468582 141270.4
5.480253 141540.0
5.491888 141270.4
5.503571 141120.0
5.515224 140716.8
5.526863 141944.4
5.538556 141540.0
5.550221 141540.0
5.561891 141270.4
5.573535 141120.0
5.585153 141809.6
5.596836 141554.4
5.608565 141674.8
5.620202 141270.4
5.631903 141540.0
5.643573 141120.0
5.655248 140716.8
5.667003 141554.4
5.678790 141689.6
5.690446 141944.4
5.702106 141674.8
5.713763 141809.6
5.725421 141254.4
5.737055 140851.2
5.748878 140851.2
5.760611 140298.0
5.772272 141270.4
5.783877 141674.8
5.795527 141120.0
5.807277 141540.0
5.819043 141824.8
5.830690 140298.0
5.842356 141419.2
5.854023 141120.0
5.865670 141674.8
5.877369 141540.0
5.889055 141120.0
5.900698 141120.0
5.912423 141120.0
5.924053 141674.8
5.935778 141809.6
5.947408 142095.2
5.961500 138794.4
5.979170 140012.8
5.991900 139478.4
6.003712 138510.4
6.015605 137563.6
6.027336 138244.8
6.039152 140432.0
6.051038 139077.6
6.062875 139060.8
6.074660 140461.6
6.086467 139507.2
6.098348 139612.0
6.110384 138927.6
6.122176 139745.6
6.134072 140298.0
6.145868 137034.0
6.157812 136372.0
6.169853 137298.8
6.181741 137828.4
6.193992 139593.6
6.209080 140164.0
6.220761 140164.0
6.232499 141824.8
6.244143 141809.6
6.255893 141674.8
6.267549 141540.0
6.279279 141540.0
6.291026 141674.8
6.302674 140985.6
6.314323 141554.4
6.326054 141540.0
6.337681 141809.6
6.349402 141540.0
6.361068 141120.0
6.372691 140985.6
6.384330 141270.4
6.395957 142230.4
6.407665 142230.4
6.419445 141120.0
6.431199 142095.2
6.442902 141540.0
6.454617 141405.2
6.466300 140566.0
6.478018 141270.4
6.489707 140716.8
6.501454 141689.6
6.513097 142214.0
6.524737 141824.8
6.536348 141120.0
6.547996 140432.0
6.559716 141135.6
6.571349 141809.6
6.582975 141540.0
6.594602 141405.2
6.606284 140985.6
6.617910 141405.2
6.629664 140146.4
6.641367 142095.2
6.653036 141674.8
6.664705 141405.2
6.676351 140716.8
6.688036 140851.2
6.699698 141809.6
6.711367 141674.8
6.723116 141809.6
6.734740 141120.0
6.746379 140985.6
6.758100 140985.6
6.769786 141135.6
6.781423 141674.8
6.793070 141809.6
6.804716 141254.4
6.816377 141809.6
6.828010 141135.6
6.840319 141102.0
6.851992 141674.8
6.863691 141540.0
6.875332 141120.0
6.886960 140985.6
6.898609 141000.8
6.910326 141540.0
6.921979 141674.8
6.933650 140985.6
6.945271 142079.2
6.956954 141120.0
6.968816 140566.0
6.980455 141135.6
6.993148 141523.2
7.004796 140700.0
7.016525 140298.0
7.028165 140731.2
7.040056 140985.6
7.051697 141405.2
7.063376 142095.2
7.075127 142230.4
7.086769 141674.8
7.098404 140851.2
7.110180 140985.6
7.121840 140851.2
7.133510 141540.0
7.147512 138908.8
7.166904 139612.0
7.178770 138958.0
7.190553 137034.0
7.202266 136901.6
7.214117 137315.2
7.225832 140985.6
7.237590 139060.8
7.249352 140432.0
7.261144 140044.8
7.273018 139077.6
7.284783 139628.0
7.297058 139211.2
7.309083 138794.4
7.320875 139628.0
7.332618 139360.0
7.344597 137166.4
7.356479 138093.2
7.368586 136092.0
7.380492 136884.0
7.392622 139612.0
7.406287 141254.4
7.417966 140985.6
7.429848 141102.0
7.441531 141674.8
7.453350 141254.4
7.464996 140851.2
7.476630 141000.8
7.488405 140298.0
7.500172 141960.0
7.511949 141674.8
7.523583 142079.2
7.535207 141120.0
7.546800 140164.0
7.579783 138927.6
7.592387 138927.6
7.604211 139077.6
7.616077 140164.0
7.630156 139344.8
7.641999 139478.4
7.654235 138927.6
7.666054 138794.4
7.677907 139211.2
7.689775 140030.0
7.701934 138528.0
7.713780 139077.6
7.725593 138927.6
7.737382 140164.0
7.749194 139344.8
7.768680 137431.2
7.780478 138394.8
7.792369 137846.4
7.804077 132877.6
7.815809 139628.0
7.827654 139478.4
7.839761 140298.0
7.851546 139327.2
7.863488 139745.6
7.875320 139344.8
7.887109 139628.0
7.899228 139194.0
7.911052 139896.0
7.922885 140012.8
7.934819 139593.6
7.946684 139993.2
7.961902 139344.8
7.973659 139344.8
7.985573 137166.4
7.997589 136884.0
8.009471 137846.4
8.021571 137580.8
8.033473 137298.8
8.045557 139344.8
8.057290 141523.2
8.069151 139077.6
8.081709 141960.0
8.093538 140851.2
8.105171 141540.0
8.116804 141960.0
8.128541 141960.0
8.140181 142079.2
8.151823 140566.0
8.163445 141405.2
8.175069 142230.4
8.186712 141405.2
8.198545 141960.0
8.210222 141689.6
8.221908 141540.0
8.233572 141674.8
8.245415 140968.0
8.257024 142095.2
8.268853 141000.8
8.280447 141809.6
8.292095 141540.0
8.304682 140012.8
8.318063 141120.0
8.329767 140716.8
8.341560 140851.2
8.353207 141270.4
8.364851 141120.0
8.378926 139726.8
8.392843 140851.2
8.404524 140582.4
8.416234 141120.0
8.427895 139745.6
8.439738 140851.2
8.451376 140985.6
8.463004 141388.8
8.474636 141540.0
8.486302 141674.8
8.497954 140566.0
8.509673 141135.6
8.521335 141674.8
8.532936 141674.8
8.544675 141674.8
8.556345 141120.0
8.568100 140700.0
8.579773 140851.2
8.591515 140851.2
8.603274 140298.0
8.614903 142095.2
8.626530 141540.0
8.638258 140985.6
8.649953 140985.6
8.661641 141120.0
8.673286 140566.0
8.684913 141405.2
8.696562 141674.8
8.708209 141824.8
8.719921 141120.0
8.731591 140432.0
8.743323 140298.0
8.754970 141540.0
8.766687 141540.0
8.778330 141540.0
8.790147 142214.0
8.801795 140985.6
8.813603 141120.0
8.825262 141523.2
8.836903 140298.0
8.848580 142230.4
8.860237 141674.8
8.871912 141540.0
8.883550 141120.0
8.895190 140985.6
8.911997 139879.2
8.923691 141523.2
8.935499 139327.2
8.949754 141120.0
8.961430 141120.0
8.973150 140834.0
8.984886 140700.0
8.996539 141135.6
9.008210 141824.8
9.019885 141388.8
9.038690 139612.0
9.058639 138661.2
9.070429 139211.2
9.082109 139060.8
9.093849 139745.6
9.105628 140164.0
9.117603 137595.6
9.129466 139327.2
9.141286 139194.0
9.153072 138927.6
9.164851 140164.0
9.176663 139460.4
9.190935 139211.2
9.202752 139060.8
9.214837 139879.2
9.228210 140030.0
9.241828 139745.6
9.253701 139211.2
9.265752 139879.2
9.280645 139077.6
9.292442 139060.8
9.304411 139194.0
9.317725 139745.6
9.330278 139344.8
9.342006 139612.0
9.353843 139612.0
9.366002 139612.0
9.380710 139211.2
9.392643 139077.6
9.404505 139478.4
9.417792 139478.4
9.431673 140164.0
9.443469 139478.4
9.455528 138528.0
9.467910 139460.4
9.481492 139344.8
9.493913 139194.0
9.505704 139745.6
9.518130 139628.0
9.531580 138510.4
9.549894 139060.8
9.562357 139726.8
9.574325 140448.0
9.586111 140298.0
9.597840 139344.8
9.630280 138676.8
9.642235 138927.6
9.654342 138794.4
9.666695 139060.8
9.678572 140298.0
9.690359 139327.2
9.702298 139628.0
9.714121 139344.8
9.726148 139478.4
9.738016 140298.0
9.749823 139860.0
9.761681 138794.4
9.774761 139478.4
9.786583 138944.0
9.798746 139041.6
9.810524 140012.8
9.822570 137979.2
9.834336 139077.6
9.846095 138377.6
9.858143 139077.6
9.872070 138794.4
9.883926 137960.8
9.895942 138944.0
9.907685 139211.2
9.919793 139612.0
9.931693 138377.6
9.943622 139612.0
9.955576 138944.0
9.967508 138261.6
9.979521 139327.2
9.991295 139745.6
10.003087 139879.2
10.015044 139460.4
10.026838 139194.0
10.038879 138528.0
10.050726 138927.6
10.062506 138377.6
10.074301 139478.4
10.086169 139344.8
10.098023 138244.8
10.109865 137016.0
10.121769 137828.4
10.133850 137544.0
10.145850 138927.6
10.157828 137828.4
10.169935 137166.4
10.181943 138676.8
10.193835 139344.8
10.205901 138528.0
10.218059 139879.2
10.230261 139344.8
10.242188 140716.8
10.254199 139612.0
10.268789 138794.4
10.280922 140146.4
10.292703 140030.0
10.304546 139612.0
10.316578 139879.2
10.328890 138661.2
10.340627 139344.8
10.352378 139077.6
10.364084 139344.8
10.376008 139211.2
10.387801 139344.8
10.399735 137580.8
10.411505 137580.8
10.423246 135974.8
10.434979 139628.0
10.446774 140164.0
10.458678 138794.4
10.470531 139344.8
10.482355 139194.0
10.494212 138927.6
10.506109 139327.2
10.517882 139211.2
10.529830 139494.0
10.541819 138794.4
10.553647 137846.4
10.565723 139612.0
10.577522 139460.4
10.589455 139478.4
10.601293 135548.0
10.613282 137034.0
10.625246 137676.0
10.637086 137390.4
10.649669 138409.6
10.661857 139327.2
10.673966 139344.8
10.687446 139327.2
10.700720 139327.2
10.712585 140030.0
10.726540 139060.8
10.745369 139860.0
10.757907 140030.0
10.771518 139194.0
10.783251 139745.6
10.795091 139879.2
10.807443 139879.2
10.820911 139726.8
10.832853 139060.8
10.851192 139745.6
10.865134 139879.2
10.878639 139460.4
10.891582 138927.6
10.903330 139612.0
10.915321 139460.4
10.930694 139762.0
10.942615 138794.4
10.954659 139593.6
10.967678 139478.4
10.991399 139478.4
11.003659 138927.6
11.015930 138377.6
11.028004 139060.8
11.040475 139478.4
11.052691 138794.4
11.065191 139060.8
11.078671 138794.4
11.090520 138661.2
11.102407 138927.6
11.114164 138794.4
11.125882 138944.0
11.137686 138661.2
11.149836 139896.0
11.168703 138093.2
11.180511 138377.6
11.192343 137412.0
11.204094 138776.0
11.215992 139745.6
11.227770 140146.4
11.239772 140030.0
11.251567 139344.8
11.263316 140164.0
11.275088 139628.0
11.286920 139762.0
11.298703 139092.0
11.310586 138661.2
11.322396 139344.8
11.334130 139077.6
11.345870 139077.6
11.358284 139360.0
11.370051 139194.0
11.381898 138543.2
11.393740 138394.8
11.405535 139060.8
11.417540 139612.0
11.429486 140164.0
11.441294 139993.2
11.453049 140030.0
11.464858 139077.6
11.476815 139077.6
11.488716 138244.8
11.500434 139077.6
11.512268 138927.6
11.524034 139211.2
11.535846 138643.2
11.547615 138794.4
11.559772 136488.0
11.571641 139327.2
11.583460 135811.2
11.595773 138261.6
11.607815 137280.0
11.619730 137995.2
11.631826 138643.2
11.643688 138093.2
11.655657 136864.0
11.668064 138543.2
11.680096 140146.4
11.691836 140012.8
11.703666 140012.8
11.715515 140030.0
11.727340 139745.6
11.739068 139478.4
11.751196 138661.2
11.762945 139628.0
11.774721 140461.6
11.786530 139628.0
11.798556 138927.6
11.810357 139478.4
11.822448 139344.8
11.834242 139612.0
11.845961 139745.6
11.857759 140313.6
11.869836 140030.0
11.881577 138927.6
11.893400 139194.0
11.905156 138927.6
11.917244 138643.2
11.929140 140298.0
11.940849 140298.0
11.952629 139327.2
11.964406 139344.8
11.977575 140432.0
11.989447 139628.0
12.001244 139762.0
12.013062 139360.0
12.024943 139745.6
12.037085 139478.4
12.051689 139211.2
12.063467 139360.0
12.089575 138794.4
12.104752 139494.0
12.116514 139494.0
12.128312 138528.0
12.140093 140030.0
12.151983 139060.8
12.164335 139077.6
12.176262 139194.0
12.188027 139344.8
12.199879 139478.4
12.211694 139060.8
12.223458 139041.6
12.235149 138927.6
12.246882 138794.4
12.258709 139194.0
12.270632 139060.8
12.282415 139745.6
12.294172 139612.0
12.306542 139460.4
12.318820 140044.8
12.330562 139344.8
12.342408 139628.0
12.354147 139762.0
12.365990 139077.6
12.377750 140044.8
12.389853 139726.8
12.404301 138927.6
12.416940 139344.8
12.431254 139478.4
12.447943 139460.4
12.461116 140126.4
12.480579 138661.2
12.492676 139344.8
12.508406 139612.0
12.520310 139745.6
12.532132 139478.4
12.543895 140030.0
12.556112 139344.8
12.570004 139327.2
12.581966 139344.8
12.594514 139612.0
12.606317 139327.2
12.619752 139612.0
12.631819 138261.6
12.643698 139194.0
12.661986 138927.6
12.673753 139060.8
12.686288 139060.8
12.698230 139460.4
12.712948 139344.8
12.724717 139478.4
12.737518 139194.0
12.751185 140146.4
12.762974 139194.0
12.774775 139327.2
12.787011 138643.2
12.800922 139745.6
12.812706 139726.8
12.824594 139612.0
12.837965 139593.6
12.851369 139745.6
12.863282 139327.2
12.875198 139612.0
12.890664 139612.0
12.902624 139194.0
12.914494 139344.8
12.928191 140280.0
12.941653 139460.4
12.953477 139327.2
12.965351 139344.8
12.982403 139745.6
12.994496 139860.0
13.006867 139879.2
13.020610 139344.8
13.032390 140012.8
13.044119 139896.0
13.056298 139041.6
13.070774 139327.2
13.082560 139194.0
13.094597 139593.6
13.107832 139460.4
13.122150 139211.2
13.134025 139174.4
13.146151 139344.8
13.160371 139194.0
13.172105 138510.4
13.183957 139194.0
13.197058 138927.6
13.211157 138112.0
13.222976 139077.6
13.234824 138776.0
13.248341 138225.6
13.262310 138661.2
13.274024 140432.0
13.286124 138794.4
13.300613 139327.2
13.312388 139745.6
13.324138 140164.0
13.336365 138908.8
13.350922 139194.0
13.369737 138776.0
13.384061 139478.4
13.396266 139194.0
13.410851 139060.8
13.423028 139478.4
13.436043 139060.8
13.450796 139344.8
13.462957 139194.0
13.474833 138927.6
13.488762 139860.0
13.506346 138794.4
13.519878 138643.2
13.531768 139879.2
13.549992 139041.6
13.561805 138927.6
13.573672 140582.4
13.585492 139327.2
13.597286 139478.4
13.609046 139194.0
13.620812 140146.4
13.632902 137166.4
13.644702 136769.2
13.656504 131396.4
13.668171 137862.0
13.680216 138661.2
13.691978 138661.2
13.703894 139194.0
13.715820 140030.0
13.727636 139593.6
13.739562 139060.8
13.751469 138244.8
13.763243 138261.6
13.775042 138394.8
13.786895 138794.4
13.798898 139060.8
13.810868 139194.0
13.822786 137995.2
13.834617 138261.6
13.846442 138661.2
13.858248 138112.0
13.870124 138510.4
13.881947 138643.2
13.893828 139460.4
13.905699 139077.6
13.917649 139628.0
13.929709 139460.4
13.941595 137016.0
13.953532 136206.0
13.968667 135811.2
13.980565 135679.6
13.992461 136636.8
14.006968 138927.6
14.022080 139060.8
14.033824 138643.2
14.046030 138927.6
14.060834 139745.6
14.072709 139460.4
14.084436 139745.6
14.096674 139460.4
14.110545 139612.0
14.122349 139060.8
14.134301 140280.0
14.147603 139041.6
14.161346 138661.2
14.173104 138927.6
14.185023 138358.0
14.197723 139460.4
14.210975 139194.0
14.222881 139077.6
14.234690 139077.6
14.246513 139041.6
14.260754 139194.0
14.272627 139077.6
14.284358 139478.4
14.296504 139745.6
14.310693 138377.6
14.322453 138643.2
14.335610 139194.0
14.348613 139460.4
14.361822 139344.8
14.373651 139194.0
14.387001 139745.6
14.401270 139041.6
14.413087 138908.8
14.425133 139344.8
14.436885 139460.4
14.450656 139211.2
14.462512 139762.0
14.474304 139494.0
14.486180 139041.6
14.500881 139612.0
14.513355 139745.6
14.525154 138927.6
14.540826 140582.4
14.552750 139478.4
14.564829 139440.0
14.578206 139194.0
14.591934 139612.0
14.603851 139612.0
14.615966 139194.0
14.631985 138661.2
14.643942 138776.0
14.656725 139060.8
14.670705 138528.0
14.686099 139460.4
14.700822 138244.8
14.712705 138112.0
14.724519 138908.8
14.737686 139194.0
14.749695 139612.0
14.761458 139194.0
14.773231 140012.8
14.785158 139612.0
14.799999 139041.6
14.815118 139745.6
14.830569 138794.4
14.850498 139745.6
14.864602 138510.4
14.877141 139460.4
14.891749 138377.6
14.906741 139460.4
14.921729 139745.6
14.936765 139194.0
14.950915 139194.0
14.967146 139628.0
14.980583 138927.6
14.992428 139745.6
15.004743 139344.8
15.017436 138776.0
15.030486 139194.0
15.042290 139478.4
15.062369 140030.0
15.074156 138794.4
15.092225 138794.4
15.104186 139745.6
15.128996 138661.2
15.140792 139494.0
15.152615 138944.0
15.164431 138528.0
15.176294 138794.4
15.190758 140164.0
15.202545 138927.6
15.215294 139612.0
15.228896 138794.4
15.249745 139060.8
15.268687 139060.8
15.280507 139060.8
15.292483 140012.8
15.309870 138794.4
15.321689 139460.4
15.339875 139211.2
15.352027 138661.2
15.364695 139211.2
15.376509 138661.2
15.388296 138112.0
15.400166 138661.2
15.411952 138244.8
15.423722 138927.6
15.439741 139327.2
15.451549 139478.4
15.463463 138927.6
15.475964 139344.8
15.487763 139211.2
15.499830 138510.4
15.511656 138927.6
15.524511 139776.0
15.536357 138528.0
15.548100 138528.0
15.560016 138643.2
15.571940 139327.2
15.584953 138927.6
15.597452 139460.4
15.620834 138661.2
15.633768 138927.6
15.645600 139860.0
15.658719 138528.0
15.671102 138794.4
15.682889 138794.4
15.695221 138510.4
15.710484 139060.8
15.722263 138944.0
15.734270 138908.8
15.746535 138908.8
15.760373 138510.4
15.772196 138377.6
15.783988 139194.0
15.796011 139327.2
15.807823 139612.0
15.820863 139745.6
15.832766 139612.0
15.844550 139344.8
15.856647 139327.2
15.868727 139593.6
15.882394 139745.6
15.894273 139194.0
15.906070 139879.2
15.917856 139077.6
15.929750 139344.8
15.941537 138944.0
15.953313 139879.2
15.969474 139460.4
15.983780 139612.0
15.995590 138927.6
16.008118 139612.0
16.021615 138794.4
16.038567 138908.8
16.050816 140164.0
16.067493 138093.2
16.084509 139460.4
16.098165 139460.4
16.110204 139860.0
16.121963 139612.0
16.133797 139327.2
16.145606 140012.8
16.157390 139896.0
16.175869 139194.0
16.187864 138244.8
16.200620 138510.4
16.213455 138776.0
16.227286 139896.0
16.239972 140280.0
16.251929 138661.2
16.263722 139879.2
16.276322 138377.6
16.296279 139879.2
16.311797 139460.4
16.340940 139211.2
16.368675 139726.8
16.382324 138661.2
16.394149 138510.4
16.406001 139194.0
16.418652 139194.0
16.434612 139896.0
16.447382 139327.2
16.461878 139327.2
16.473678 139879.2
16.486367 139194.0
16.501170 138776.0
16.512969 139327.2
16.524722 139194.0
16.537096 139879.2
16.550582 138794.4
16.562371 138377.6
16.574325 139460.4
16.586515 139460.4
16.600444 140012.8
16.612191 138927.6
16.623944 139194.0
16.636065 139327.2
16.647838 139060.8
16.661422 139612.0
16.673313 139879.2
16.685229 138927.6
16.700859 139194.0
16.712598 138908.8
16.724413 139460.4
16.737871 139593.6
16.751285 139745.6
16.763034 139460.4
16.776526 138908.8
16.790766 139211.2
16.802543 138661.2
16.814457 138794.4
16.826222 139327.2
16.840594 138528.0
16.852613 138776.0
16.870081 139060.8
16.881921 138927.6
16.893818 138908.8
16.905889 139344.8
16.920513 138377.6
16.932288 138528.0
16.944206 139060.8
16.957349 138622.8
16.974414 139327.2
16.987599 139307.2
17.001397 139745.6
17.013121 139612.0
17.025136 139745.6
17.038590 139593.6
17.052124 138244.8
17.063903 139460.4
17.077042 139041.6
17.090649 138794.4
17.106338 139041.6
17.121152 138643.2
17.132948 139745.6
17.144885 139344.8
17.160109 138661.2
17.172045 139194.0
17.184067 138510.4
17.196063 139745.6
17.210572 138927.6
17.222408 139460.4
17.234244 138643.2
17.247481 139879.2
17.260957 138661.2
17.272858 138510.4
17.284616 139705.6
17.296772 139896.0
