# 1396597594.436521
0.540782 141135.6
0.552642 141120.0
0.564736 141674.8
0.576515 143765.6
0.588299 141824.8
0.600155 141000.8
0.611994 141674.8
0.624047 143888.0
0.635895 144597.6
0.647724 143871.6
0.659382 143344.0
0.671276 144160.0
0.682956 144584.0
0.694761 142771.2
0.706508 143464.8
0.718513 141960.0
0.734262 140866.0
0.746097 141000.8
0.758051 140985.6
0.769870 141960.0
0.781720 141254.4
0.793657 142244.4
0.806750 143344.0
0.820726 140596.4
0.834118 141388.8
0.846374 140582.4
0.858275 141674.8
0.870423 141419.2
0.882257 141270.4
0.894244 140851.2
0.906013 140298.0
0.917768 140012.8
0.929502 139879.2
0.942281 142214.0
0.954042 142651.2
0.965817 142786.8
0.977617 141674.8
0.989479 139776.0
1.001401 138128.4
1.013297 139226.0
1.025229 139612.0
1.037133 141120.0
1.049497 143480.0
1.061222 143464.8
1.072901 143888.0
1.084662 142771.2
1.096345 145248.0
1.110767 142636.0
1.122469 143344.0
1.134335 143464.8
1.146009 143492.8
1.157681 144038.4
1.169477 142515.6
1.181219 143888.0
1.192924 144038.4
1.204674 143600.4
1.216498 142365.6
1.228283 143616.0
1.240013 144024.0
1.251691 144024.0
1.263545 144038.4
1.275250 144174.8
1.293825 140461.6
1.305800 141960.0
1.317884 141120.0
1.329901 140731.2
1.341860 141809.6
1.353927 141135.6
1.366028 141135.6
1.378079 141254.4
1.390230 141960.0
1.402302 143208.0
1.414283 141270.4
1.426161 141540.0
1.438107 141809.6
1.450048 142095.2
1.461920 141554.4
1.473889 141000.8
1.485717 141689.6
1.497584 141674.8
1.509435 141960.0
1.521285 141674.8
1.533196 141824.8
1.545117 141824.8
1.556877 141824.8
1.568701 141270.4
1.580504 142120.0
1.592415 141540.0
1.604232 141135.6
1.616769 141944.4
1.634099 140716.8
1.645875 140743.2
1.657829 141000.8
1.669688 142786.8
1.681631 143582.4
1.695891 144432.0
1.707868 145980.8
1.719882 145294.8
1.731715 145555.2
1.743912 145692.0
1.775855 145129.6
1.787740 145965.6
1.800305 144024.0
1.812164 145008.0
1.824079 144993.2
1.836100 144568.0
1.847983 144460.8
1.859989 145144.8
1.871917 145008.0
1.884083 143464.8
1.895880 144447.6
1.907647 144311.2
1.919559 144993.2
1.931410 142308.0
1.943267 144187.2
1.955040 145692.0
1.967117 145706.4
1.978927 144734.4
1.990854 145129.6
2.002747 145692.0
2.014775 144856.8
2.026661 144311.2
2.038528 144296.0
2.050423 145418.4
2.062440 146255.2
2.074233 144856.8
2.086324 145129.6
2.098154 144856.8
2.110142 145706.4
2.122087 144734.4
2.134228 145129.6
2.146115 141944.4
2.158047 141405.2
2.169986 143041.6
2.181859 144447.6
2.193989 143736.0
2.205861 141270.4
2.217835 144311.2
2.229765 144597.6
2.241712 143447.2
2.253682 145129.6
2.266296 145129.6
2.278297 145706.4
2.290169 145008.0
2.302072 145008.0
2.314062 145266.0
2.325872 146681.6
2.337704 146392.4
2.349515 145692.0
2.361333 146544.0
2.373141 145569.2
2.385139 147232.0
2.397612 144568.0
2.409460 147232.0
2.421209 147232.0
2.432899 146804.0
2.444595 146819.2
2.456323 147384.0
2.468107 146666.8
2.479795 146956.8
2.492051 145692.0
2.503973 147384.0
2.515673 147108.0
2.527605 145129.6
2.539375 146819.2
2.551220 147232.0
2.562871 147384.0
2.574688 146529.6
2.586379 147384.0
2.598125 147384.0
2.609802 147660.0
2.621481 148226.4
2.633133 147798.0
2.644895 147660.0
2.656579 147094.4
2.670268 145129.6
2.682051 147798.0
2.694330 146666.8
2.706049 146956.8
2.717740 147811.2
2.729349 148364.8
2.741042 147798.0
2.752767 148226.4
2.764552 148088.0
2.776263 147660.0
2.788127 147522.0
2.799924 147936.0
2.811633 147798.0
2.823424 147798.0
2.835215 148503.2
2.849111 146239.2
2.861133 147232.0
2.872810 146804.0
2.884574 147644.8
2.896293 147660.0
2.908154 146956.8
2.920278 145266.0
2.932121 146255.2
2.943951 146956.8
2.955654 146544.0
2.969693 145555.2
2.984472 144856.8
2.996275 146255.2
3.013691 145569.2
3.025566 147672.8
3.037300 147522.0
3.049001 147660.0
3.060704 147660.0
3.072453 147936.0
3.084211 147660.0
3.095925 147936.0
3.107635 147522.0
3.119528 147936.0
3.131255 147798.0
3.143201 147672.8
3.154922 147522.0
3.166693 147949.6
3.178395 148226.4
3.190081 147936.0
3.201765 148074.0
3.213692 147094.4
3.225341 148226.4
3.237038 147798.0
3.248704 147232.0
3.260459 146666.8
3.272162 147369.6
3.294323 144856.8
3.306230 144993.2
3.321008 145555.2
3.333335 144447.6
3.345635 144993.2
3.357690 144993.2
3.369654 144856.8
3.381727 144024.0
3.393874 144993.2
3.405795 146392.4
3.417643 145281.6
3.429506 145144.8
3.441361 144024.0
3.453194 145266.0
3.465097 145266.0
3.476986 144993.2
3.488863 144856.8
3.500727 144584.0
3.512679 145281.6
3.524683 146255.2
3.536506 145692.0
3.548346 145980.8
3.560322 144871.2
3.572285 145418.4
3.584091 145980.8
3.596040 145129.6
3.608048 144871.2
3.620013 145129.6
3.632009 145980.8
3.644372 145266.0
3.656260 146392.4
3.668179 147522.0
3.679997 147811.2
3.691652 147396.0
3.703543 147384.0
3.715248 147522.0
3.726974 147660.0
3.738724 147660.0
3.750565 147246.0
3.762225 147936.0
3.775110 146941.2
3.786865 147798.0
3.798587 147798.0
3.810220 147660.0
3.821947 146666.8
3.833754 147232.0
3.845385 146392.4
3.857088 147384.0
3.868787 147384.0
3.880574 147660.0
3.892276 147384.0
3.904080 147660.0
3.915851 147246.0
3.927691 147811.2
3.939398 147949.6
3.951354 147232.0
3.963021 146392.4
3.974824 146819.2
3.986519 147384.0
3.998290 147672.8
4.010016 147811.2
4.021716 147798.0
4.033392 145965.6
4.045405 146956.8
4.057108 146956.8
4.068773 147384.0
4.080524 148226.4
4.092276 147384.0
4.104083 146819.2
4.117770 145402.4
4.129526 147232.0
4.141202 147369.6
4.152878 147522.0
4.164626 146406.4
4.184044 145965.6
4.202896 144993.2
4.215710 147798.0
4.227449 145418.4
4.239412 147384.0
4.251152 147936.0
4.262941 147094.4
4.274699 147660.0
4.286535 147384.0
4.298266 147949.6
4.309958 148088.0
4.321648 147936.0
4.333334 147660.0
4.345057 147936.0
4.356756 147094.4
4.368440 147798.0
4.380268 146681.6
4.400781 148226.4
4.412560 147660.0
4.424315 148226.4
4.436082 147811.2
4.447923 147949.6
4.459640 147384.0
4.471388 147798.0
4.483024 147798.0
4.494856 148364.8
4.506598 147798.0
4.518473 148364.8
4.530162 148364.8
4.541844 147798.0
4.553596 147798.0
4.565290 147232.0
4.576988 147232.0
4.588724 147522.0
4.600427 147232.0
4.612229 146529.6
4.624052 147232.0
4.635759 147522.0
4.647583 147660.0
4.659289 146956.8
4.671070 147232.0
4.682748 146819.2
4.694986 146819.2
4.706697 148088.0
4.718517 148226.4
4.730169 147798.0
4.741863 148364.8
4.753581 147798.0
4.765261 147660.0
4.776955 147522.0
4.788699 147094.4
4.800406 147232.0
4.812123 146956.8
4.824002 147232.0
4.835715 147246.0
4.847451 147798.0
4.859889 146102.4
4.871790 147660.0
4.883578 146956.8
4.895431 147936.0
4.907118 147798.0
4.918931 148654.8
4.930598 147522.0
4.942352 147660.0
4.954093 147660.0
4.965740 147232.0
4.977396 146392.4
4.989137 146529.6
5.000822 147811.2
5.012496 147811.2
5.024309 148088.0
5.036003 147811.2
5.047790 147798.0
5.059487 148088.0
5.071373 148088.0
5.083070 148226.4
5.094899 147949.6
5.106565 148226.4
5.118341 148074.0
5.130005 147660.0
5.141680 147660.0
5.153354 146666.8
5.165091 147232.0
5.176777 147094.4
5.188450 145980.8
5.208816 146819.2
5.220541 146392.4
5.232270 146529.6
5.244021 147094.4
5.255837 146956.8
5.267534 145965.6
5.279395 147660.0
5.291206 144993.2
5.304176 144856.8
5.316510 145281.6
5.328738 144856.8
5.340899 145129.6
5.353275 144432.0
5.365376 145144.8
5.377576 144856.8
5.405198 145706.4
5.427451 144856.8
5.439757 145281.6
5.451826 145008.0
5.463943 144568.0
5.476013 145266.0
5.488125 144568.0
5.500016 143871.6
5.512067 144471.6
5.524291 144174.8
5.536280 145157.6
5.548345 144324.0
5.560303 144856.8
5.572488 144296.0
5.584602 145555.2
5.596486 144871.2
5.608421 145144.8
5.620491 145281.6
5.632418 144871.2
5.644479 145129.6
5.656401 145828.8
5.668471 144993.2
5.680419 145555.2
5.692460 145144.8
5.704444 145555.2
5.716488 145129.6
5.728404 146255.2
5.740415 144584.0
5.752369 145692.0
5.764345 144296.0
5.776395 142651.2
5.788497 144447.6
5.800460 143220.0
5.812498 144568.0
5.824470 142636.0
5.836514 144734.4
5.848440 144007.2
5.860519 144993.2
5.872980 144296.0
5.885299 145418.4
5.904090 144024.0
5.915943 144993.2
5.927933 142636.0
5.939806 144734.4
5.951633 143041.6
5.963662 145129.6
5.975717 146392.4
5.987573 145706.4
5.999648 144856.8
6.011587 145129.6
6.023744 144160.0
6.035700 145129.6
6.047653 146255.2
6.059509 142618.4
6.071744 141944.4
6.083849 143600.4
6.096043 141944.4
6.108026 143888.0
6.120209 144584.0
6.132107 145129.6
6.144202 145828.8
6.156069 144993.2
6.168074 147798.0
6.179836 146544.0
6.191644 146819.2
6.203395 146529.6
6.215496 147232.0
6.227174 147232.0
6.239010 147232.0
6.250747 147369.6
6.262631 147660.0
6.274401 147798.0
6.286140 147660.0
6.297893 147232.0
6.309630 147232.0
6.321391 147660.0
6.333174 147660.0
6.344945 147660.0
6.356734 147094.4
6.368481 147798.0
6.380284 147660.0
6.392162 148364.8
6.403945 147384.0
6.415817 147246.0
6.427566 147522.0
6.439527 146819.2
6.451478 147798.0
6.463605 146529.6
6.475292 147949.6
6.487131 146392.4
6.498889 146392.4
6.510778 147232.0
6.522520 147232.0
6.534296 147094.4
6.546040 146804.0
6.557771 147094.4
6.569496 144720.4
6.581316 145538.8
6.595665 144993.2
6.607711 145692.0
6.625865 145402.4
6.646957 145144.8
6.658882 146118.0
6.670919 144142.8
6.682860 143871.6
6.695011 142786.8
6.706828 142800.0
6.718783 146255.2
6.730657 145843.6
6.742747 146268.8
6.754779 145418.4
6.766894 144871.2
6.778840 145555.2
6.790936 146118.0
6.802905 144871.2
6.814903 146392.4
6.826846 145144.8
6.838973 143329.2
6.850993 142888.0
6.863099 142079.2
6.875076 142771.2
6.887153 143582.4
6.899729 142365.6
6.911673 144160.0
6.923640 144160.0
6.935683 146118.0
6.947544 145144.8
6.959812 144720.4
6.971710 145569.2
6.983895 145828.8
6.995734 145706.4
7.007825 145402.4
7.019701 146255.2
7.031805 141135.6
7.043916 144160.0
7.055985 141405.2
7.068027 144296.0
7.080157 142230.4
7.092186 144840.0
7.106173 144840.0
7.118026 145965.6
7.129932 145555.2
7.143755 145281.6
7.157201 146118.0
7.173779 144597.6
7.185737 145129.6
7.197592 144993.2
7.209474 145266.0
7.221375 145828.8
7.235669 145555.2
7.247784 144840.0
7.261386 144993.2
7.275596 145555.2
7.287797 145266.0
7.300013 145281.6
7.312206 145281.6
7.324207 144432.0
7.336467 144993.2
7.348717 144720.4
7.360997 144432.0
7.373333 144311.2
7.385500 145281.6
7.397558 144856.8
7.409482 144993.2
7.421409 145418.4
7.433350 144584.0
7.445408 144993.2
7.457327 145418.4
7.469306 145843.6
7.481359 145129.6
7.493734 145129.6
7.505649 145555.2
7.517563 145266.0
7.529502 145706.4
7.541427 144720.4
7.553372 145129.6
7.565427 145555.2
7.577306 144447.6
7.589676 144993.2
7.605946 145129.6
7.617884 145144.8
7.629802 145418.4
7.641714 145692.0
7.653703 145555.2
7.665959 146255.2
7.677829 146255.2
7.689741 145692.0
7.702974 144976.0
7.716013 145692.0
7.729388 145418.4
7.742487 145828.8
7.755938 144720.4
7.767835 145538.8
7.779763 145692.0
7.793315 144976.0
7.807056 145129.6
7.818899 145828.8
7.831062 145281.6
7.845990 145418.4
7.857881 145129.6
7.875354 145692.0
7.897735 145144.8
7.909542 145569.2
7.921433 144007.2
7.933413 143888.0
7.945447 142500.8
7.957343 142528.0
7.969122 145281.6
7.981008 145281.6
7.992951 145692.0
8.004807 144993.2
8.016807 144840.0
8.028796 145828.8
8.040787 145432.0
8.052807 144704.0
8.064787 146255.2
8.076707 143041.6
8.088686 140716.8
8.100716 144007.2
8.112680 142636.0
8.124807 143193.6
8.137731 145418.4
8.151672 144447.6
8.163633 143447.2
8.175659 137846.4
8.187443 146118.0
8.199385 145418.4
8.211362 144584.0
8.223419 144856.8
8.235427 145555.2
8.247399 146118.0
8.259365 145692.0
8.271406 145965.6
8.283583 141405.2
8.295803 142906.4
8.307833 142095.2
8.319932 143464.8
8.331950 143041.6
8.344045 144856.8
8.356272 144584.0
8.368236 145266.0
8.380159 145828.8
8.392860 145418.4
8.406388 145828.8
8.418262 145965.6
8.430163 146118.0
8.442656 145008.0
8.455702 145281.6
8.467565 144856.8
8.479571 145692.0
8.491749 144993.2
8.505657 145266.0
8.517498 145965.6
8.529380 145965.6
8.542893 145538.8
8.556604 145129.6
8.568511 145828.8
8.580777 145402.4
8.595641 145281.6
8.607749 146118.0
8.619699 145555.2
8.633576 145843.6
8.647099 145828.8
8.659010 145692.0
8.672784 145692.0
8.689168 145828.8
8.702461 145402.4
8.715971 145569.2
8.727853 145266.0
8.739815 145692.0
8.755675 145692.0
8.767793 145538.8
8.779702 144856.8
8.793654 145538.8
8.807141 145266.0
8.819033 145692.0
8.831236 145266.0
8.845868 145692.0
8.857747 145555.2
8.869692 145129.6
8.883018 145555.2
8.896094 145828.8
8.907999 145555.2
8.919908 146118.0
8.932042 145266.0
8.945933 145692.0
8.957880 145828.8
8.970233 145555.2
8.982632 146392.4
8.996064 145129.6
9.008033 145828.8
9.019893 145402.4
9.032552 145675.2
9.046125 144993.2
9.057983 145008.0
9.069796 144311.2
9.083113 145692.0
9.095602 145692.0
9.110583 145555.2
9.123101 145266.0
9.153780 145266.0
9.165812 143208.0
9.177684 144597.6
9.190243 144432.0
9.202166 145281.6
9.214390 143888.0
9.226276 144007.2
9.238082 145965.6
9.249992 145965.6
9.261854 145692.0
9.273825 145144.8
9.285655 144856.8
9.297653 145692.0
9.309683 144993.2
9.321565 145305.6
9.333741 145129.6
9.345704 144311.2
9.357665 145281.6
9.369782 144160.0
9.381998 145266.0
9.394031 143736.0
9.406193 143193.6
9.418220 143902.0
9.430148 142906.4
9.442237 142348.8
9.454217 144160.0
9.466294 144007.2
9.478329 145418.4
9.490419 143464.8
9.502491 145157.6
9.515735 145281.6
9.527913 144007.2
9.539805 144142.8
9.551974 144871.2
9.564038 144142.8
9.575949 142500.8
9.587846 144720.4
9.599997 143366.4
9.611805 145281.6
9.624104 145828.8
9.635989 145418.4
9.647987 145569.2
9.659818 144568.0
9.671985 146392.4
9.684065 144296.0
9.695974 145843.6
9.707943 145266.0
9.719984 144993.2
9.731854 143736.0
9.744320 144174.8
9.756321 142214.0
9.768418 143344.0
9.780432 142771.2
9.793135 144704.0
9.807144 146118.0
9.819006 145828.8
9.831396 145129.6
9.845793 145692.0
9.857651 145266.0
9.869666 145965.6
9.885161 145828.8
9.897721 146255.2
9.911046 145555.2
9.925996 145008.0
9.937932 144720.4
9.950139 145555.2
9.974792 145555.2
9.986633 144447.6
10.004918 143464.8
10.016805 142365.6
10.028729 145692.0
10.040693 144296.0
10.052764 145843.6
10.064832 144704.0
10.076882 145692.0
10.088784 146268.8
10.100889 145112.0
10.112752 144976.0
10.124839 145281.6
10.136705 142636.0
10.148851 142214.0
10.160846 142380.0
10.175717 143776.8
10.188311 143616.0
10.200297 145555.2
10.212172 145281.6
10.225580 145008.0
10.237545 145266.0
10.249399 145266.0
10.261564 145129.6
10.275537 145266.0
10.287572 144993.2
10.299475 145432.0
10.315360 145555.2
10.327364 145692.0
10.339281 145555.2
10.351661 145692.0
10.367221 145811.6
10.379802 145965.6
10.392492 145538.8
10.409256 145266.0
10.427887 145129.6
10.440893 144993.2
10.452950 144160.0
10.464884 142365.6
10.476816 143871.6
10.488732 145965.6
10.500757 144160.0
10.512791 144704.0
10.524872 145965.6
10.536720 146255.2
10.548760 145281.6
10.560794 145965.6
10.572834 145843.6
10.584905 146268.8
10.596941 141944.4
10.608901 142922.4
10.620941 143736.0
10.632948 141944.4
10.647836 145144.8
10.675827 145129.6
10.687935 144871.2
10.699764 143208.0
10.711680 144160.0
10.723752 143176.8
10.735627 137713.6
10.747358 145706.4
10.759440 144568.0
10.771391 145692.0
10.783317 145980.8
10.795223 144460.8
10.807334 145692.0
10.819230 146956.8
10.831261 144311.2
10.843249 143600.4
10.855343 141405.2
10.867320 143041.6
10.879424 142636.0
10.891772 145828.8
10.905548 145129.6
10.919464 145418.4
10.931405 144976.0
10.945535 145402.4
10.957396 145569.2
10.969329 144856.8
10.981635 146255.2
10.995530 145555.2
11.007489 145828.8
11.019378 145692.0
11.031710 145828.8
11.045848 145266.0
11.057779 145692.0
11.069655 145402.4
11.081965 145538.8
11.095706 146255.2
11.107581 145418.4
11.119623 146255.2
11.131873 145828.8
11.145861 145144.8
11.157709 144993.2
11.169646 145129.6
11.182885 145129.6
11.196442 145266.0
11.208400 145692.0
11.220420 145112.0
11.235585 145692.0
11.247532 146118.0
11.259441 146118.0
11.273079 145965.6
11.287189 145266.0
11.304257 144856.8
11.316402 144734.4
11.328616 145281.6
11.340958 144856.8
11.353121 144734.4
11.365253 144993.2
11.377384 144720.4
11.389640 144447.6
11.401685 145692.0
11.413771 145281.6
11.425695 144871.2
11.437669 144993.2
11.449608 145965.6
11.461491 145281.6
11.473666 145129.6
11.485668 146118.0
11.497534 145980.8
11.509489 144704.0
11.522858 145828.8
11.536788 145281.6
11.548750 145538.8
11.561122 144568.0
11.575653 145555.2
11.587539 145692.0
11.599592 145692.0
11.613235 144993.2
11.626850 145828.8
11.638696 146118.0
11.651872 146255.2
11.665718 145144.8
11.682829 145266.0
11.704541 144993.2
11.716595 145555.2
11.728752 144142.8
11.740761 142636.0
11.752787 144296.0
11.764883 142308.0
11.776779 137713.6
11.788568 145432.0
11.800588 144993.2
11.812558 144993.2
11.824815 145402.4
11.836651 146255.2
11.848762 145843.6
11.860750 144568.0
11.872855 145129.6
11.884917 145692.0
11.897120 145692.0
11.909811 143058.0
11.921820 142771.2
11.933923 142936.0
11.945932 143329.2
11.957912 143058.0
11.969738 142500.8
11.981678 143765.6
11.993594 141135.6
12.005438 144993.2
12.017323 146239.2
12.029156 145692.0
12.041137 144447.6
12.053078 145692.0
12.065138 145965.6
12.077068 145843.6
12.088984 145144.8
12.101060 143871.6
12.113136 143058.0
12.125347 142636.0
12.137364 142515.6
12.149454 143176.8
12.161888 145692.0
12.175529 145980.8
12.187365 145692.0
12.199386 145843.6
12.211192 146544.0
12.225638 145144.8
12.237508 145266.0
12.249501 145828.8
12.261707 145112.0
12.275460 144993.2
12.287399 145692.0
12.299245 146255.2
12.311499 145828.8
12.325911 145266.0
12.337808 145965.6
12.349857 146239.2
12.363117 144993.2
12.376994 145828.8
12.388990 145980.8
12.401284 145555.2
12.415493 145692.0
12.427342 146118.0
12.439430 145965.6
12.452897 145418.4
12.466632 145692.0
12.478468 145828.8
12.490503 145266.0
12.505526 144720.4
12.517440 145965.6
12.529434 145965.6
12.542913 145538.8
12.556486 145294.8
12.568462 145418.4
12.581796 144993.2
12.595479 145965.6
12.607424 145281.6
12.619356 145402.4
12.633183 145112.0
12.646690 145843.6
12.658546 144840.0
12.672186 145555.2
12.685801 145692.0
12.697671 145418.4
12.709695 145266.0
12.723081 145266.0
12.736798 145692.0
12.751176 146102.4
12.763040 145965.6
12.777076 145266.0
12.789081 145129.6
12.801423 145266.0
12.815565 145418.4
12.827432 145402.4
12.839521 145965.6
12.853065 145129.6
12.866749 146255.2
12.878578 145538.8
12.890644 145692.0
12.904468 146102.4
12.917154 145965.6
12.929113 145418.4
12.944880 145144.8
12.966406 144568.0
12.978249 145432.0
12.990170 144993.2
13.002090 144720.4
13.014098 143888.0
13.025935 143236.8
13.037802 145008.0
13.049723 145129.6
13.061604 144856.8
13.073761 144311.2
13.085743 145555.2
13.097632 145965.6
13.109501 145828.8
13.121395 146118.0
13.133391 145266.0
13.145424 145538.8
13.157352 141960.0
13.169446 142906.4
13.181516 143058.0
13.193656 143752.0
13.205975 145555.2
13.220498 144007.2
13.232518 143736.0
13.244427 143736.0
13.256500 145402.4
13.268354 145692.0
13.280301 146102.4
13.292297 144447.6
13.304305 145281.6
13.316333 145418.4
13.328393 144584.0
13.340360 144993.2
13.352310 145856.0
13.364321 145555.2
13.376443 144856.8
13.388555 145418.4
13.400781 144856.8
13.412653 144840.0
13.425640 144993.2
13.437572 143902.0
13.449579 144734.4
13.461600 142906.4
13.473884 144038.4
13.485888 145281.6
13.498142 142365.6
13.510135 143888.0
13.522069 144597.6
13.534159 144840.0
13.546438 145692.0
13.561357 144993.2
13.573229 145129.6
13.585237 145281.6
13.597190 145418.4
13.609124 145692.0
13.621821 145555.2
13.635488 146118.0
13.647501 145281.6
13.659324 145402.4
13.671710 145266.0
13.685769 145828.8
13.697618 145692.0
13.709498 145402.4
13.721845 145843.6
13.735578 146392.4
13.747627 145266.0
13.761922 145432.0
13.776457 145692.0
13.788335 145129.6
13.800723 145828.8
13.815729 145266.0
13.827626 145692.0
13.839547 145843.6
13.851843 145129.6
13.867071 143616.0
13.879009 144720.4
13.890917 144296.0
13.902844 144720.4
13.914897 144174.8
13.926768 144447.6
13.938639 145402.4
13.954889 144993.2
13.967352 145266.0
13.979504 145281.6
13.991584 145129.6
14.003625 145281.6
14.015738 144432.0
14.027630 145418.4
14.039635 145706.4
14.051534 145980.8
14.065113 145129.6
14.077226 144993.2
14.089094 145569.2
14.101227 145129.6
14.113133 144993.2
14.125234 144568.0
14.137145 145281.6
14.149238 144856.8
14.161182 145418.4
14.173245 143752.0
14.194831 144447.6
14.213682 144447.6
14.225701 145129.6
14.237974 144871.2
14.249918 145692.0
14.261884 145555.2
14.273821 145144.8
14.285820 144993.2
14.299279 145692.0
14.311402 145281.6
14.323651 144734.4
14.335814 145980.8
14.347764 143871.6
14.359640 145008.0
14.371555 145692.0
14.383726 145281.6
14.395598 145008.0
14.407625 145555.2
14.419924 145129.6
14.431970 145266.0
14.443993 144597.6
14.464246 144447.6
14.476166 145555.2
14.488337 145432.0
14.500248 144704.0
14.512465 145281.6
14.524460 144447.6
14.536460 142771.2
14.548498 145144.8
14.560449 143765.6
14.572502 145980.8
14.584488 145266.0
14.596420 144720.4
14.608461 144142.8
14.620416 144871.2
14.632411 143888.0
14.644308 144993.2
14.656408 145281.6
14.668334 145418.4
14.681442 144584.0
14.693368 144007.2
14.705594 142195.2
14.717547 144432.0
14.729472 145692.0
14.741391 145706.4
14.753607 145266.0
14.765529 144993.2
14.784454 145828.8
14.797193 144720.4
14.809158 145706.4
14.821377 144720.4
14.833585 145692.0
14.846076 145828.8
14.857962 141926.4
14.869957 144278.4
14.881872 146255.2
14.894001 144447.6
14.905912 144007.2
14.917922 145965.6
14.931914 145266.0
14.944514 145281.6
14.956417 146255.2
14.968384 146392.4
14.980256 145008.0
14.992293 145692.0
15.004179 144871.2
15.016217 142786.8
15.028033 142365.6
15.040027 143736.0
15.051883 146392.4
15.063996 144883.2
15.075978 145538.8
15.088013 146529.6
15.099905 142365.6
15.111786 142786.8
15.123763 145828.8
15.135599 145692.0
15.147490 143229.6
15.159348 146529.6
15.171213 145706.4
15.183177 144720.4
15.195096 144993.2
15.206952 145266.0
15.218784 145555.2
15.230682 144993.2
15.242511 144993.2
15.255720 145129.6
15.269315 142771.2
15.281182 142786.8
15.293121 144447.6
15.305766 145281.6
15.317760 137979.2
15.329810 144993.2
15.341870 145144.8
15.354013 145555.2
15.365964 145281.6
15.378062 145281.6
15.390255 145281.6
15.402370 145129.6
15.414209 144856.8
15.462921 144584.0
15.474991 145266.0
15.488069 144856.8
15.500133 144142.8
15.512331 145129.6
15.524366 144447.6
15.536457 145266.0
15.548325 145706.4
15.560422 144584.0
15.572359 145828.8
15.584372 146102.4
15.596258 146255.2
15.608300 144993.2
15.620513 145718.4
15.632551 144856.8
15.644444 145281.6
15.656655 144584.0
15.668585 145828.8
15.680554 145418.4
15.692508 145432.0
15.704596 146118.0
15.716486 146392.4
15.728417 144311.2
15.740329 144856.8
15.754588 145008.0
15.774144 143752.0
15.785955 145418.4
15.798832 139993.2
15.810660 146392.4
15.822488 145980.8
15.834495 145266.0
15.846361 144993.2
15.858223 145828.8
15.870145 145692.0
15.882102 145692.0
15.894115 145418.4
15.906569 145266.0
15.920716 145828.8
15.933341 144024.0
15.945456 143464.8
15.957315 145706.4
15.969218 146131.2
15.981102 145129.6
15.993100 145692.0
16.004941 145569.2
16.017175 146102.4
16.029038 145692.0
16.040956 145008.0
16.052940 145129.6
16.066420 145281.6
16.078326 145281.6
16.090295 144976.0
16.105660 145828.8
16.117527 145538.8
16.130298 145266.0
16.145656 145418.4
16.157533 145129.6
16.169687 145965.6
16.183161 145281.6
16.196005 145418.4
16.208014 145418.4
16.219991 145828.8
16.232435 146102.4
16.246006 145266.0
16.257918 145266.0
16.269973 145965.6
16.282381 146529.6
16.296253 144856.8
16.308105 144993.2
16.320164 145965.6
16.333393 144976.0
16.347136 145706.4
16.359026 145402.4
16.371218 145555.2
16.385453 145828.8
16.397448 144720.4
16.409547 145538.8
16.422955 145418.4
16.436516 145965.6
16.448455 146118.0
16.460638 145555.2
16.475583 145266.0
16.487482 145828.8
16.499420 146255.2
16.513129 145555.2
16.526663 145402.4
16.538509 145828.8
16.551806 146118.0
16.565787 145965.6
16.577616 147660.0
16.589383 147384.0
16.601160 147936.0
16.612894 147232.0
16.624850 147798.0
16.636610 147798.0
16.648431 147936.0
16.660168 147798.0
16.672068 147949.6
16.683936 146956.8
16.695619 147246.0
16.710209 145402.4
16.724248 147078.4
16.736295 144993.2
16.748221 145555.2
16.760373 142365.6
16.772276 143888.0
16.784339 144142.8
16.796166 145538.8
16.808209 144993.2
16.820092 145281.6
16.832208 145965.6
16.844102 145843.6
16.856161 145266.0
16.868021 146529.6
16.879866 146544.0
16.891830 144597.6
16.904034 146512.8
16.915827 148364.8
16.928198 145965.6
16.940190 147949.6
16.952099 146804.0
16.963980 147798.0
16.975663 147232.0
16.987424 147232.0
16.999176 146666.8
17.010956 146941.2
17.022729 147094.4
17.034597 147660.0
17.046317 147232.0
17.058036 147369.6
17.069932 147369.6
17.081734 147660.0
17.093561 148088.0
17.105411 148364.8
17.117170 147522.0
17.129004 147798.0
17.140738 148226.4
17.152577 147522.0
17.164366 147384.0
17.176336 147232.0
17.188092 147369.6
17.199831 146804.0
17.211562 147232.0
17.223314 146392.4
17.235005 146956.8
17.246768 147094.4
17.258463 147246.0
17.270229 147384.0
17.281978 147949.6
17.305300 145418.4
17.317420 144704.0
17.329381 144856.8
17.341483 144734.4
17.353710 144856.8
17.366206 144856.8
17.378205 144856.8
17.390366 145418.4
17.402401 144432.0
17.414832 144584.0
17.426760 145129.6
17.438667 145980.8
17.450617 144993.2
17.462506 144871.2
17.474422 145129.6
17.486295 146804.0
17.498053 147232.0
17.509984 144856.8
17.522377 144993.2
17.534255 145538.8
17.546099 144720.4
17.558110 145129.6
17.569989 145266.0
17.582132 144024.0
17.594073 145692.0
17.606102 145965.6
17.617968 144704.0
17.630066 144856.8
17.641942 144856.8
17.654014 144024.0
17.665905 144174.8
17.677907 144856.8
17.689794 144568.0
17.701648 144871.2
17.713784 144296.0
17.725598 144993.2
17.737563 144993.2
17.749403 144296.0
17.761404 142922.4
17.773362 144432.0
17.785435 143616.0
17.797407 144024.0
17.809529 139327.2
17.823709 145281.6
17.836085 143344.0
17.848264 145144.8
17.860169 142483.6
17.872277 144311.2
17.884225 145266.0
17.896619 144993.2
17.908704 144856.8
17.934929 145281.6
17.954346 144311.2
17.966416 144856.8
17.978323 145843.6
17.990311 144024.0
18.002225 143629.2
18.014060 145418.4
18.026339 145294.8
18.038304 145281.6
18.050314 144856.8
18.062298 143888.0
18.074165 144447.6
18.086173 144568.0
18.098094 142906.4
18.110068 143888.0
18.122143 145555.2
18.134076 144720.4
18.146012 142636.0
18.158082 143871.6
18.169959 141591.6
18.182060 143765.6
18.193966 144704.0
18.205979 144568.0
18.217982 144856.8
18.230084 144568.0
18.242053 145008.0
18.254189 145418.4
18.266087 145828.8
18.278121 144568.0
18.290333 145281.6
18.302276 145281.6
18.324896 145828.8
18.336793 145706.4
18.349398 144447.6
18.361403 144856.8
18.373345 145008.0
18.385461 144160.0
18.397325 144568.0
18.409212 144278.4
18.421226 144856.8
18.433203 144296.0
18.445096 145692.0
18.457484 144856.8
18.470216 144568.0
18.482165 144871.2
18.494314 145692.0
18.506258 144856.8
18.518226 145281.6
18.530173 144993.2
18.542233 145418.4
18.554288 145129.6
18.575196 144993.2
18.587335 145980.8
18.599558 146118.0
18.611463 146392.4
18.623353 144856.8
18.635367 145692.0
18.647275 144460.8
18.659167 145980.8
18.671093 145008.0
18.683668 144311.2
18.695616 144993.2
18.707629 145965.6
18.719454 145418.4
18.731354 145266.0
18.744973 146392.4
18.756842 145157.6
18.768793 145418.4
18.780797 145828.8
18.792706 145418.4
18.804715 145129.6
18.816713 145129.6
18.828688 144024.0
18.840690 145281.6
18.852579 144856.8
18.864597 145402.4
18.876501 145569.2
18.888585 145129.6
18.900507 145828.8
18.912616 145418.4
18.924441 144993.2
18.936695 146102.4
18.949216 145555.2
18.961275 145828.8
18.973084 145843.6
18.985379 145266.0
18.997311 146544.0
19.009356 145555.2
19.021224 145828.8
19.033231 146392.4
19.045096 145418.4
19.057194 145965.6
19.069036 145843.6
19.081101 144720.4
19.092917 145144.8
19.104744 144871.2
19.116591 144720.4
19.128590 142906.4
19.140598 141120.0
19.152691 144584.0
19.174815 143616.0
19.194614 145418.4
19.206608 142922.4
19.218621 143464.8
19.230520 143427.2
19.242408 140164.0
19.254177 145965.6
19.266070 146392.4
19.278204 145266.0
19.292101 145828.8
19.304392 144584.0
19.316260 144432.0
19.328475 142348.8
19.340343 144720.4
19.352481 144142.8
19.364562 144856.8
19.376681 144007.2
19.388644 144187.2
19.400763 145129.6
19.412589 144007.2
19.424790 144160.0
19.436702 144568.0
19.448790 144447.6
19.460825 144584.0
19.472855 144447.6
19.484885 146255.2
19.496858 144993.2
19.508848 144993.2
19.520874 144584.0
19.532821 145555.2
19.544805 145828.8
19.556676 145432.0
19.568692 144856.8
19.580628 145281.6
19.592696 144720.4
19.604733 146118.0
19.616689 145281.6
19.628631 145856.0
19.640711 145555.2
19.652652 145828.8
19.667720 144187.2
19.679713 142079.2
19.691703 143464.8
19.703751 141944.4
19.715728 142515.6
19.727716 146118.0
19.739647 144024.0
19.751455 144160.0
19.763328 143616.0
19.775130 138394.8
19.786901 146118.0
19.798743 145432.0
19.810770 145402.4
19.822586 145828.8
19.834438 145843.6
19.846385 146392.4
19.858248 145980.8
19.870224 144720.4
19.882207 142771.2
19.894306 142936.0
19.906323 144024.0
19.918330 142786.8
19.930324 142651.2
19.942402 146118.0
19.955219 143888.0
19.967016 143616.0
19.978803 140448.0
19.990537 145418.4
20.002495 145965.6
20.014466 146102.4
20.026321 146118.0
20.038345 144856.8
20.050281 146239.2
20.062722 144993.2
20.074770 145843.6
20.086604 144311.2
20.098506 143193.6
20.110530 142636.0
20.122601 142618.4
20.134712 143329.2
20.146897 144856.8
20.164136 143871.6
20.175958 143871.6
20.187759 139593.6
20.199539 144976.0
20.211391 146392.4
20.223405 144720.4
20.235544 145965.6
20.247379 145843.6
20.259341 144856.8
20.271183 145555.2
20.283053 145266.0
20.294871 143871.6
20.306733 142771.2
20.318717 141824.8
20.330817 143752.0
20.342765 142906.4
20.357506 144993.2
20.372388 145008.0
20.384673 145418.4
20.433788 145692.0
20.445866 144993.2
20.457936 144993.2
20.469878 145129.6
20.483183 145418.4
20.495279 144993.2
20.507217 145418.4
20.519087 145266.0
20.531021 145980.8
20.543312 144856.8
20.555296 146102.4
20.567151 144976.0
20.581119 142500.8
20.593118 145418.4
20.605157 146392.4
20.617041 144840.0
20.628899 144856.8
20.640847 144038.4
20.652863 142079.2
20.664982 143480.0
20.676997 142906.4
20.688988 142095.2
20.702922 145538.8
20.714795 146941.2
20.726535 146804.0
20.738289 146804.0
20.750148 147232.0
20.761967 147232.0
20.774267 146804.0
20.786091 147660.0
20.797866 146819.2
20.809662 147094.4
20.821389 147094.4
20.833265 147798.0
20.844993 147660.0
20.856793 147232.0
20.868563 148088.0
20.880509 148088.0
20.892273 147660.0
20.904049 147949.6
20.915793 148226.4
20.927519 148364.8
20.939243 148364.8
20.950988 147215.6
20.962744 147936.0
20.974580 147369.6
20.986263 148364.8
20.998183 147384.0
21.009935 147949.6
21.021682 147396.0
21.033602 146529.6
21.045339 146956.8
21.057238 147369.6
21.068992 147369.6
21.080821 147232.0
21.092575 147232.0
21.104515 147798.0
21.116272 147798.0
21.128009 147798.0
21.139735 147232.0
21.151462 147522.0
21.163263 147232.0
21.175052 147660.0
21.186817 146941.2
21.198582 147232.0
21.210327 147798.0
21.222210 147936.0
21.234034 148074.0
21.245776 147384.0
21.257582 147798.0
21.269331 148226.4
21.281262 146956.8
21.293077 144432.0
21.305264 144720.4
21.317507 145266.0
21.329772 144993.2
21.341948 144993.2
21.354202 145266.0
21.367268 145266.0
21.380096 144432.0
21.392194 145144.8
21.404213 144568.0
21.416578 145281.6
21.428402 144720.4
21.440492 145692.0
21.452413 145980.8
21.464487 144993.2
21.476435 145555.2
21.488522 145008.0
21.500411 146666.8
21.512185 147094.4
21.523973 147369.6
21.535707 147232.0
21.547468 147232.0
21.559205 147094.4
21.570942 146956.8
21.582680 146666.8
21.607506 145266.0
21.619855 147672.8
21.631661 147246.0
21.649790 144007.2
21.661822 145965.6
21.673821 147798.0
21.686358 147232.0
21.698149 148364.8
21.709967 147384.0
21.721831 147522.0
21.733597 147108.0
21.745420 147384.0
21.757192 146529.6
21.768973 146529.6
21.780728 146529.6
21.792606 146666.8
21.804381 147232.0
21.828238 145980.8
21.840651 146239.2
21.852697 146392.4
21.864813 147798.0
21.876737 147246.0
21.888775 147232.0
21.900571 147782.4
21.912515 148226.4
21.924321 148364.8
21.936047 147936.0
21.947796 147936.0
21.959518 147798.0
21.971289 147936.0
21.982960 146956.8
21.994727 147522.0
22.006540 147369.6
22.018323 148364.8
22.030148 147660.0
22.058397 145144.8
22.070166 145843.6
22.081981 147384.0
22.094611 146804.0
22.106418 146804.0
22.118364 148226.4
22.130193 147936.0
22.141965 146418.0
22.156578 146819.2
22.168486 147232.0
22.180220 146804.0
22.191949 147094.4
22.203845 146666.8
22.215613 147232.0
22.227272 147232.0
22.239014 147094.4
22.250746 147507.2
22.262535 146804.0
22.274326 147232.0
22.298389 144447.6
22.310315 146239.2
22.322134 146804.0
22.336185 144160.0
22.348061 146392.4
22.359794 147811.2
22.371601 146392.4
22.383380 146786.4
22.395258 147369.6
22.407004 147232.0
22.418747 147094.4
22.430548 146804.0
22.442288 147660.0
22.454192 147232.0
22.466045 147798.0
22.488292 145555.2
22.500086 147369.6
22.511884 147798.0
22.527728 143464.8
22.539593 146956.8
22.551348 146392.4
22.563138 146102.4
22.574917 146239.2
22.586661 146666.8
22.598466 146804.0
22.610365 147094.4
22.622096 147660.0
22.634069 148212.0
22.645802 147660.0
22.660952 145129.6
22.686397 145266.0
22.698806 147369.6
22.710672 147094.4
22.722443 147798.0
22.734483 146666.8
22.746296 147232.0
22.758054 147094.4
22.770095 146512.8
22.781880 147384.0
22.793882 147232.0
22.805644 146666.8
22.817482 147507.2
22.829234 147094.4
22.841059 147369.6
22.852792 147232.0
22.864706 146941.2
22.876630 148503.2
22.888447 148226.4
22.900184 147936.0
22.915169 145948.0
22.928715 147798.0
22.940505 147798.0
22.952298 147798.0
22.964088 147798.0
22.976513 145692.0
22.988454 144993.2
23.000359 146529.6
23.012163 146392.4
23.023997 146131.2
23.039824 147660.0
23.051557 147660.0
23.063307 147232.0
23.075109 147232.0
23.089837 146118.0
23.101659 147672.8
23.113544 146544.0
23.125450 147522.0
23.137335 147798.0
23.149085 147507.2
23.160927 148074.0
23.172659 147798.0
23.188235 145555.2
23.199939 145965.6
23.211640 147232.0
23.223423 147094.4
23.236812 143447.2
23.248944 147232.0
23.260683 147522.0
23.272581 147522.0
23.297742 144734.4
23.309887 144720.4
23.322070 144432.0
23.334472 145281.6
23.346755 144734.4
23.358826 144568.0
23.370871 145008.0
23.382891 144720.4
23.394866 146392.4
23.407113 144856.8
23.425611 145555.2
23.437471 145266.0
23.449368 144720.4
23.461269 144856.8
23.473215 145843.6
23.489756 145555.2
23.501687 145706.4
23.513755 145555.2
23.525701 145129.6
23.537770 144584.0
23.549703 145418.4
23.561682 145692.0
23.573728 144584.0
23.585682 145538.8
23.597593 145555.2
23.609686 145008.0
23.621624 145418.4
23.633753 144993.2
23.645609 145418.4
23.657666 145555.2
23.669431 145555.2
23.681371 146392.4
23.693240 145706.4
23.705199 145555.2
23.718992 146102.4
23.730705 146956.8
23.742688 146239.2
23.754619 147936.0
23.766489 147660.0
23.778211 148226.4
23.789994 146819.2
23.801814 148088.0
23.813574 147660.0
23.825509 146666.8
23.837256 146956.8
23.868835 147094.4
23.880806 147798.0
23.895388 144447.6
23.907274 146666.8
23.919006 147094.4
23.930753 147094.4
23.942679 146102.4
23.954656 146941.2
23.966717 145538.8
23.978410 146102.4
23.990505 146376.0
24.002269 147660.0
24.014059 147522.0
24.025851 147936.0
24.037604 147798.0
24.049514 147660.0
24.063805 145965.6
24.075573 147936.0
24.087338 148364.8
24.099068 147798.0
24.110843 148364.8
24.122596 148226.4
24.134479 147660.0
24.146224 147384.0
24.162399 145692.0
24.177362 144720.4
24.191123 147232.0
24.202948 147660.0
24.214831 147369.6
24.226539 147936.0
24.238459 147384.0
24.250213 148226.4
24.261930 147949.6
24.273877 147094.4
24.285657 146392.4
24.297560 147232.0
24.309315 146804.0
24.321183 147798.0
24.332922 147660.0
24.344829 148364.8
24.356568 147936.0
24.368306 148364.8
24.380049 147936.0
24.391792 147369.6
24.403542 147798.0
24.415272 147798.0
24.427009 147660.0
24.438793 146804.0
24.457118 146239.2
24.468935 148226.4
24.480889 145008.0
24.494607 147384.0
24.506469 147672.8
24.518244 146666.8
24.530219 147232.0
24.541984 147384.0
24.553948 147936.0
24.565702 148088.0
24.577601 147798.0
24.589360 147936.0
24.601199 147949.6
24.612937 147949.6
24.624882 146804.0
24.636643 146804.0
24.648380 146804.0
24.660114 146529.6
24.671855 146956.8
24.683597 146529.6
24.695301 146392.4
24.707103 147246.0
24.718896 146392.4
24.730558 147660.0
24.742258 146970.0
24.754153 147246.0
24.765907 147246.0
24.777641 147384.0
24.789442 147811.2
24.801222 147811.2
24.812959 146832.0
24.825743 147798.0
24.837506 147369.6
24.849307 147936.0
24.860996 147660.0
24.872993 148088.0
24.884828 148238.4
24.896523 147660.0
24.908327 147660.0
24.920073 148088.0
24.931803 148364.8
24.943640 147246.0
24.957389 145692.0
24.969775 146529.6
24.982803 145965.6
24.996776 146804.0
25.008658 147369.6
25.020402 144993.2
25.032290 147798.0
25.044122 144704.0
25.056287 145538.8
25.068139 147660.0
25.080269 144871.2
25.092180 147094.4
25.104521 144311.2
25.116391 146666.8
25.128154 147094.4
25.140175 145418.4
25.152494 147660.0
25.164394 146556.0
25.177344 147232.0
25.189128 147660.0
25.201740 145418.4
25.214267 145008.0
25.226190 146529.6
25.238059 146819.2
25.249983 147936.0
25.262053 144432.0
25.274811 147798.0
25.286957 144993.2
25.300165 145402.4
25.312654 145555.2
25.324820 145418.4
25.337126 144584.0
25.349249 144432.0
25.361347 144871.2
25.373719 144584.0
25.394926 144432.0
25.408462 144311.2
25.420610 144856.8
25.432870 144704.0
25.444967 144856.8
25.457151 146392.4
25.469052 145555.2
25.481179 146956.8
25.492964 146819.2
25.504935 147094.4
25.516697 147798.0
25.528429 147522.0
25.540165 147232.0
25.551921 147369.6
25.563804 147798.0
25.575536 147232.0
25.587285 147660.0
25.599031 146804.0
25.610768 147660.0
25.622607 147522.0
25.634362 147798.0
25.646105 147660.0
25.663252 146102.4
25.675076 147369.6
25.686898 147660.0
25.698578 147798.0
25.710358 147246.0
25.722195 148088.0
25.734021 147522.0
25.745850 146529.6
25.757655 147094.4
25.769484 147369.6
25.781217 147094.4
25.793125 147522.0
25.804890 147660.0
25.816727 148503.2
25.828475 147369.6
25.840210 147369.6
25.851934 147660.0
25.863788 147108.0
25.875618 147936.0
25.887386 147798.0
25.899119 147798.0
25.910916 147369.6
25.928648 145828.8
25.940504 147811.2
25.952338 144856.8
25.965687 146956.8
25.977399 146804.0
25.989112 147232.0
26.004564 144584.0
26.019606 147246.0
26.031452 146392.4
26.043252 145828.8
26.055042 146529.6
26.066786 147094.4
26.078706 146131.2
26.091744 147094.4
26.103617 147094.4
26.116100 144993.2
26.131144 147660.0
26.143039 147094.4
26.154906 147672.8
26.166749 146529.6
26.178578 146956.8
26.190349 145569.2
26.203868 147522.0
26.215645 147660.0
26.227320 147936.0
26.239465 145281.6
26.251348 146970.0
26.263262 147798.0
26.275084 148226.4
26.286914 147811.2
26.298645 147660.0
26.310429 145965.6
26.322370 147094.4
26.334133 147660.0
26.345959 147369.6
26.357704 146804.0
26.369451 147232.0
26.385391 145980.8
26.397621 146819.2
26.409478 145129.6
26.422763 147522.0
26.434655 147949.6
26.446428 145418.4
26.461198 147369.6
26.473173 146970.0
26.485019 147811.2
26.503285 145555.2
26.516142 146941.2
26.527890 147660.0
26.539650 147798.0
26.551439 147936.0
26.563187 147246.0
26.582827 145281.6
26.601152 146255.2
26.613042 145555.2
26.632438 146102.4
26.654939 145538.8
26.668899 145692.0
26.685269 145266.0
26.703971 144871.2
26.715848 145281.6
26.730909 144584.0
26.743376 144568.0
26.768442 146255.2
26.780345 145538.8
26.799399 146512.8
26.812574 146102.4
26.831603 145129.6
26.848217 145828.8
26.860137 145418.4
26.879577 146102.4
26.892900 146376.0
26.911950 145965.6
26.928213 145555.2
26.940136 145675.2
26.959747 145384.0
26.978898 145692.0
26.991297 145402.4
27.008723 145692.0
27.036848 145569.2
27.051292 144584.0
27.063270 145692.0
27.081951 145980.8
27.103748 145266.0
27.122218 145828.8
27.143200 145555.2
27.160578 145129.6
27.177742 145266.0
27.189639 145692.0
27.202495 144993.2
27.222140 145828.8
27.240876 145144.8
27.252752 145112.0
27.277891 144993.2
27.308744 144856.8
27.320727 144856.8
27.332941 144720.4
27.345758 145418.4
27.357928 144993.2
27.370290 145294.8
27.382299 144856.8
27.394621 144311.2
27.406828 145692.0
27.418756 145432.0
27.430843 145266.0
27.447744 144856.8
27.459686 145555.2
27.471606 145281.6
27.483656 144993.2
27.502116 145266.0
27.518903 145129.6
27.533769 146102.4
27.548218 145144.8
27.560061 144160.0
27.571937 144993.2
27.594276 145555.2
27.609886 145692.0
27.621800 145675.2
27.640683 145555.2
27.659523 144856.8
27.671418 145266.0
27.690715 145555.2
27.710931 145402.4
27.723695 145538.8
27.739631 145965.6
27.761775 145555.2
27.778273 145555.2
27.790275 144704.0
27.812913 146102.4
27.828690 144993.2
27.840563 145008.0
27.852416 144720.4
27.864567 145418.4
27.876514 145008.0
27.888387 144856.8
27.903876 145418.4
27.919815 144993.2
27.931665 145538.8
27.950035 145828.8
27.962002 146406.4
27.981656 145692.0
27.993698 144856.8
28.009749 145965.6
28.028490 145692.0
28.040319 145692.0
28.060633 145692.0
28.072528 146102.4
28.091733 145675.2
28.110884 144993.2
28.130035 145692.0
28.150167 146239.2
28.162182 145965.6
28.181501 144993.2
28.200562 145675.2
28.219411 145129.6
28.231323 146102.4
28.255225 144993.2
28.268745 145418.4
28.286376 145980.8
28.298362 144584.0
28.310248 145266.0
28.322249 145828.8
28.338388 145266.0
28.350255 145675.2
28.369677 145828.8
28.389040 145692.0
28.401061 145281.6
28.412893 144993.2
28.429009 145555.2
28.447707 145266.0
28.460238 145828.8
28.475627 145129.6
28.491547 145692.0
28.510879 144584.0
28.525738 146102.4
28.542365 145248.0
28.561482 145965.6
28.578888 145144.8
28.590957 144840.0
28.602914 145418.4
28.624324 145538.8
28.640196 145965.6
28.668216 145555.2
28.680146 145843.6
28.692003 145008.0
28.714113 145418.4
28.729889 146102.4
28.743742 145112.0
28.762486 145692.0
28.787303 145692.0
28.799229 144734.4
28.811192 145402.4
28.823116 145965.6
28.839182 145402.4
28.858339 145828.8
28.870256 145538.8
28.890790 145008.0
28.902899 145129.6
28.932114 145692.0
28.954141 145432.0
28.969676 145692.0
28.981620 146102.4
29.019028 145129.6
29.038991 144993.2
29.052113 144993.2
29.070336 145555.2
29.089568 142936.0
29.101374 142214.0
29.119196 141405.2
29.131086 142365.6
29.143167 141405.2
29.170558 141824.8
29.203618 140985.6
29.215756 141135.6
29.227987 141405.2
29.240029 140596.4
29.252228 141405.2
29.264318 140313.6
29.276427 141120.0
29.288556 140326.8
29.300616 140985.6
29.314532 141120.0
29.326481 139896.0
29.338581 141674.8
29.351180 141148.8
29.363310 141000.8
29.380361 143752.0
29.392315 140985.6
29.404221 140834.0
29.416192 141540.0
29.434111 141405.2
29.445982 141254.4
29.457916 140716.8
29.470606 141523.2
29.484901 141960.0
29.505664 141000.8
29.517606 142936.0
29.529664 140851.2
29.541559 141540.0
29.554089 141809.6
29.575121 140716.8
29.587543 141135.6
29.599570 141944.4
29.614156 141135.6
29.626195 140866.0
29.638144 141135.6
29.650464 141270.4
29.662440 141554.4
29.674447 140851.2
29.686353 143329.2
29.702062 140280.0
29.714109 141270.4
29.726192 141674.8
29.738234 140192.0
29.750186 141809.6
29.762361 141554.4
29.795617 141540.0
29.807718 140582.4
29.819684 140298.0
29.831695 140566.0
29.843747 140313.6
29.855650 140164.0
29.867522 141270.4
29.879444 141013.6
29.891358 140731.2
29.903296 140044.8
29.915206 141120.0
29.927213 142230.4
29.939101 141809.6
29.951118 140716.8
29.963069 141824.8
29.975168 141405.2
29.987069 142906.4
30.000083 145294.8
30.012435 141405.2
30.024291 141284.0
30.036200 141689.6
30.048111 141120.0
30.060020 142500.8
30.071940 141000.8
30.083959 140985.6
30.095828 141254.4
30.107771 141554.4
30.119710 141135.6
30.131687 141702.0
30.143789 142230.4
30.155817 141000.8
30.167734 140057.2
30.179695 141419.2
30.191675 140413.6
30.203709 138824.0
30.215697 141270.4
30.227557 140280.0
30.239483 139745.6
30.251439 140337.6
30.263562 140851.2
30.275495 138927.6
30.287487 143058.0
30.299478 145418.4
30.311642 143736.0
30.323672 144584.0
30.335563 144993.2
30.347479 143600.4
30.359377 141749.6
30.371185 144568.0
30.383219 145266.0
30.395320 145980.8
30.407303 144447.6
30.419179 144840.0
30.431221 144871.2
30.443247 145144.8
30.455249 145402.4
30.467140 145129.6
30.479222 143480.0
30.491298 142348.8
30.503351 144993.2
30.515412 143464.8
30.528672 145980.8
30.542028 144720.4
30.554006 146118.0
30.565923 146118.0
30.577809 145965.6
30.600312 145828.8
30.612220 145538.8
30.628618 145692.0
30.640462 145266.0
30.652305 145418.4
30.681452 145418.4
30.701316 146392.4
30.719861 145144.8
30.731731 145129.6
30.743691 145538.8
30.759669 146102.4
30.778554 145980.8
30.790456 145692.0
30.810478 145828.8
30.822391 145281.6
30.844370 145692.0
30.859771 145008.0
30.871629 144840.0
30.888838 145266.0
30.900710 145965.6
30.920119 144993.2
30.939393 145692.0
30.951333 146118.0
30.968265 144871.2
30.980303 146102.4
30.999381 146084.4
31.012292 145692.0
31.048278 144856.8
31.064856 145129.6
31.076777 145144.8
31.088688 144160.0
31.100535 145418.4
31.112969 144993.2
31.124864 145129.6
31.164652 144993.2
31.176991 144024.0
31.190151 144856.8
31.202196 145418.4
31.214143 144160.0
31.226201 143600.4
31.238113 143871.6
31.250041 139060.8
31.261830 145828.8
31.273898 144993.2
31.286078 145266.0
31.298462 146255.2
31.310373 145843.6
31.322574 144856.8
31.334711 144856.8
31.346746 142348.8
31.358758 143902.0
31.370844 144447.6
31.382884 143888.0
31.395080 143447.2
31.407161 141944.4
31.419144 143616.0
31.431304 142753.2
31.443351 144038.4
31.455562 144993.2
31.468581 145144.8
31.480683 144432.0
31.492983 145281.6
31.504838 145266.0
31.516733 145538.8
31.528668 145555.2
31.540614 145144.8
31.552529 144993.2
31.564432 146255.2
31.577092 145266.0
31.590140 145418.4
31.602275 144856.8
31.614173 144993.2
31.626275 145718.4
31.638217 144993.2
31.650333 145112.0
31.662263 145281.6
31.674524 145266.0
31.686469 144311.2
31.698491 144432.0
31.710461 145980.8
31.722421 145008.0
31.734261 145555.2
31.746320 145828.8
31.758200 146392.4
31.770261 145129.6
31.788872 145828.8
31.800754 145965.6
31.819980 144568.0
31.839338 145418.4
31.852431 144993.2
31.871433 145692.0
31.889017 145692.0
31.900899 145706.4
31.920294 145129.6
31.938620 145266.0
31.950456 145402.4
31.962442 145418.4
31.978167 145281.6
31.990048 144976.0
32.010033 145692.0
32.028511 144720.4
32.040396 145129.6
32.060495 145555.2
32.076300 144856.8
32.091879 145692.0
32.120502 145281.6
32.132455 146392.4
32.151584 145266.0
32.163600 145266.0
32.186709 145569.2
32.198541 145129.6
32.210586 145129.6
32.230349 145828.8
32.248747 145418.4
32.260580 145281.6
32.272452 144993.2
32.287932 145828.8
32.308879 145555.2
32.320843 145402.4
32.338928 145281.6
32.350897 144704.0
32.367193 145281.6
32.379402 145843.6
32.401798 145555.2
32.420556 144856.8
32.440050 146102.4
32.459544 144993.2
32.471483 145112.0
32.490803 146102.4
32.509854 145675.2
32.530898 145538.8
32.558362 145266.0
32.570429 146406.4
32.582292 145281.6
32.601600 145129.6
32.620237 145144.8
32.632182 145129.6
32.652627 145418.4
32.671662 145538.8
32.688456 145692.0
32.700345 145965.6
32.719696 145828.8
32.738545 145980.8
32.750445 145692.0
32.770031 145432.0
32.781920 144976.0
32.801591 145538.8
32.820028 145965.6
32.841451 144993.2
32.862558 145692.0
32.874855 145129.6
32.899477 145144.8
32.911497 144976.0
32.930969 145402.4
32.949742 145281.6
32.969052 145692.0
32.980947 145692.0
33.000012 145843.6
33.018777 145266.0
33.031511 145555.2
33.048930 145692.0
33.060993 145965.6
33.079534 145538.8
33.100018 146102.4
33.111885 146239.2
33.128285 145555.2
33.140213 144568.0
33.160162 145538.8
33.183375 144704.0
33.202060 145965.6
33.230529 145828.8
33.245000 145266.0
33.268230 145843.6
33.280096 144447.6
33.291966 144720.4
33.304128 145281.6
33.316135 145129.6
33.328198 144856.8
33.340761 144720.4
33.353043 145129.6
33.364971 145008.0
33.377106 144993.2
33.389187 144584.0
33.401315 144856.8
33.413386 144568.0
33.426984 145692.0
33.438894 145706.4
33.450805 145144.8
33.462727 145692.0
33.474879 144720.4
33.486819 145555.2
33.498817 145129.6
33.510751 144993.2
33.522749 144720.4
33.535548 145129.6
33.547565 144871.2
33.559546 145418.4
33.571489 145555.2
33.583687 145129.6
33.595612 145266.0
33.607586 145129.6
33.619501 145843.6
33.631554 144993.2
33.643648 145144.8
33.655612 145129.6
33.667475 146681.6
33.679539 145418.4
33.691468 145402.4
33.711070 145248.0
33.729760 145692.0
33.741602 145692.0
33.753703 145402.4
33.769977 145538.8
33.788995 144993.2
33.800786 145555.2
33.817534 145008.0
33.829477 144720.4
33.841276 144856.8
33.853111 145555.2
33.868966 144447.6
33.880851 144993.2
33.901104 145965.6
33.919766 144993.2
33.931581 144993.2
33.943718 145266.0
33.970106 144993.2
33.982041 145965.6
34.001612 145129.6
34.018546 145402.4
34.030673 145418.4
34.042651 145948.0
34.062168 146118.0
34.078816 145692.0
34.090773 145692.0
