# 1396597154.408943
0.053004 145706.4
0.065773 147094.4
0.077740 144187.2
0.089638 145828.8
0.101645 146392.4
0.113393 146406.4
0.125159 146118.0
0.136860 147108.0
0.148631 146666.8
0.160350 145692.0
0.172249 146255.2
0.184039 147384.0
0.195731 146255.2
0.207434 146819.2
0.219120 146255.2
0.230795 145980.8
0.242499 145980.8
0.254131 146819.2
0.265838 147094.4
0.277573 146956.8
0.289325 146819.2
0.301153 146681.6
0.312888 146666.8
0.324668 146956.8
0.336431 147522.0
0.348146 147094.4
0.359993 147094.4
0.371707 147094.4
0.383392 146956.8
0.395083 146819.2
0.406801 146255.2
0.418494 146529.6
0.430175 146255.2
0.441901 145828.8
0.453754 146255.2
0.465435 146392.4
0.477142 146268.8
0.488861 147246.0
0.500567 146970.0
0.512353 146819.2
0.524159 146681.6
0.535986 146406.4
0.547669 147246.0
0.559343 147094.4
0.571132 146956.8
0.582849 147522.0
0.594538 146681.6
0.606230 146255.2
0.617920 146118.0
0.629748 145828.8
0.641477 146118.0
0.653197 146118.0
0.664908 146529.6
0.676673 146681.6
0.688400 145692.0
0.700153 146118.0
0.711999 146392.4
0.723691 146544.0
0.735388 146406.4
0.747060 146819.2
0.758773 144976.0
0.770488 146956.8
0.782204 147232.0
0.793897 146255.2
0.805717 146956.8
0.817425 146544.0
0.829210 146681.6
0.840916 146118.0
0.852733 146255.2
0.864468 146681.6
0.876174 145965.6
0.887982 146819.2
0.899690 146681.6
0.911545 146255.2
0.923263 146819.2
0.934916 146392.4
0.946629 146392.4
0.958321 145129.6
0.970076 146544.0
0.981854 145266.0
0.993564 146694.0
1.005185 146681.6
1.016846 146819.2
1.028558 147246.0
1.040420 145144.8
1.052392 144871.2
1.064210 146832.0
1.076020 145692.0
1.087802 145555.2
1.099496 146970.0
1.111225 146832.0
1.122924 147522.0
1.134608 146956.8
1.146294 146529.6
1.157972 146392.4
1.169733 146255.2
1.181486 146392.4
1.193246 146118.0
1.204963 146118.0
1.216788 146255.2
1.231315 144024.0
1.244074 146118.0
1.255778 143902.0
1.267637 145692.0
1.279355 145980.8
1.291195 145692.0
1.302924 145828.8
1.321504 144160.0
1.333499 143888.0
1.345891 143480.0
1.357953 143888.0
1.370298 143888.0
1.382525 143616.0
1.394652 144024.0
1.406601 144447.6
1.418657 143616.0
1.430560 143600.4
1.442524 144856.8
1.454424 144584.0
1.466328 144734.4
1.478172 144174.8
1.490036 144024.0
1.501974 144296.0
1.513931 144584.0
1.525930 143752.0
1.537894 144447.6
1.549935 144584.0
1.561867 143616.0
1.573900 144720.4
1.585887 145008.0
1.597935 144720.4
1.609871 144160.0
1.621863 144447.6
1.633846 144038.4
1.645855 144720.4
1.657792 144447.6
1.669823 143616.0
1.681676 144568.0
1.693779 144584.0
1.705651 144460.8
1.717797 144856.8
1.729663 144720.4
1.741820 143888.0
1.753696 144584.0
1.765817 144871.2
1.777698 143888.0
1.789823 145281.6
1.801666 144311.2
1.813792 144160.0
1.826037 143752.0
1.837971 144584.0
1.849888 144160.0
1.861879 144584.0
1.873853 143616.0
1.885955 144856.8
1.897879 145144.8
1.909812 145157.6
1.921704 145828.8
1.933494 145828.8
1.945263 145965.6
1.956990 146255.2
1.968824 146255.2
1.980644 146392.4
1.992384 146681.6
2.004089 146392.4
2.015769 146681.6
2.028921 145144.8
2.042215 146255.2
2.053944 145828.8
2.065630 146118.0
2.077339 146392.4
2.089036 146118.0
2.100815 146255.2
2.112589 146255.2
2.124290 145843.6
2.136101 145692.0
2.147781 146406.4
2.159453 146544.0
2.171153 146956.8
2.182845 147384.0
2.194524 146392.4
2.206209 146255.2
2.217946 146255.2
2.229699 146392.4
2.241479 146118.0
2.253295 146118.0
2.265052 146529.6
2.276897 146544.0
2.288615 146819.2
2.300337 146544.0
2.312257 146529.6
2.323944 146392.4
2.335631 146392.4
2.347317 146392.4
2.359019 146255.2
2.370700 146544.0
2.382413 146956.8
2.394095 146681.6
2.405914 147246.0
2.417604 147246.0
2.431802 145248.0
2.444292 146819.2
2.456174 144734.4
2.468105 146694.0
2.479815 146681.6
2.491571 146819.2
2.503233 147522.0
2.514927 147094.4
2.526601 146681.6
2.538365 146392.4
2.550057 146956.8
2.561856 146681.6
2.573588 146544.0
2.585358 146406.4
2.597079 146118.0
2.608920 146392.4
2.620692 146392.4
2.632408 146406.4
2.644732 145965.6
2.656514 145692.0
2.668297 146392.4
2.680113 146956.8
2.691836 146392.4
2.707286 144584.0
2.719077 146544.0
2.730767 146956.8
2.742457 146529.6
2.754079 146681.6
2.765856 146819.2
2.777534 145980.8
2.789362 146118.0
2.801148 146255.2
2.822799 144704.0
