# 1395519686.796586
0.012141 0.0
0.023548 0.0
0.034872 0.0
0.046230 0.0
0.057549 0.0
0.068862 0.0
0.080170 0.0
0.091490 0.0
0.102832 0.0
0.114153 0.0
0.125476 0.0
0.136795 0.0
0.148124 0.0
0.159443 0.0
0.170765 0.0
0.182094 0.0
0.193406 0.0
0.204732 0.0
0.216071 0.0
0.227388 0.0
0.238711 0.0
0.249998 0.0
0.261312 0.0
0.272625 0.0
0.283952 0.0
0.295302 0.0
0.306641 0.0
0.317958 0.0
0.329278 0.0
0.340593 0.0
0.351918 0.0
0.363226 0.0
0.374555 0.0
0.385868 0.0
0.397161 0.0
0.408475 0.0
0.419792 0.0
0.431121 0.0
0.442433 0.0
0.453749 0.0
0.465077 0.0
0.476378 0.0
0.487664 0.0
0.498971 0.0
0.510351 0.0
0.521706 0.0
0.533020 0.0
0.544376 0.0
0.555690 0.0
0.567006 0.0
0.578324 0.0
0.589633 0.0
0.600935 0.0
0.612259 0.0
0.623581 0.0
0.634902 0.0
0.646234 0.0
0.657550 0.0
0.668856 0.0
0.680153 0.0
0.691455 0.0
0.702769 0.0
0.714068 0.0
0.725397 0.0
0.736757 0.0
0.748060 0.0
0.759378 0.0
0.770683 0.0
0.781995 0.0
0.793306 0.0
0.804622 0.0
0.815935 0.0
0.827253 0.0
0.838562 0.0
0.849868 0.0
0.861178 0.0
0.872489 0.0
0.883796 0.0
0.895117 0.0
0.906437 0.0
0.917743 0.0
0.929045 0.0
0.940351 0.0
0.951664 0.0
0.962966 0.0
0.974338 0.0
0.985921 0.0
0.997235 0.0
1.008558 0.0
1.019875 0.0
1.031185 0.0
1.042494 0.0
1.053827 0.0
1.065225 0.0
1.076537 0.0
1.087845 0.0
1.099159 0.0
1.110490 0.0
1.121799 0.0
1.133102 0.0
1.146756 0.0
1.158140 0.0
1.169454 0.0
1.180797 0.0
1.192114 0.0
1.203436 0.0
1.214784 0.0
1.226105 0.0
1.237418 0.0
1.248732 0.0
1.260081 0.0
1.271622 0.0
1.283062 0.0
1.294491 0.0
1.305824 0.0
1.317133 0.0
1.328455 0.0
1.339775 0.0
1.351112 0.0
1.362447 0.0
1.373765 0.0
1.385108 0.0
1.396423 0.0
1.407738 0.0
1.419074 0.0
1.430428 0.0
1.441740 0.0
1.453053 0.0
1.464412 0.0
1.475734 0.0
1.487078 0.0
1.498385 0.0
1.509703 0.0
1.520995 0.0
1.532339 0.0
1.543657 0.0
1.554982 0.0
1.566334 0.0
1.577655 0.0
1.588968 0.0
1.600277 0.0
1.611584 0.0
1.622894 0.0
1.634241 0.0
1.645550 0.0
1.656880 0.0
1.668217 0.0
1.679524 0.0
1.690832 0.0
1.702132 0.0
1.713454 0.0
1.724769 0.0
1.736093 0.0
1.747402 0.0
1.758758 0.0
1.770074 0.0
1.781386 0.0
1.792708 0.0
1.804015 0.0
1.815342 0.0
1.826668 0.0
1.837978 0.0
1.849284 0.0
1.860590 0.0
1.871905 0.0
1.883215 0.0
1.894565 0.0
1.905886 0.0
1.917198 0.0
1.928510 0.0
1.939833 0.0
1.951156 0.0
1.962467 0.0
1.973780 0.0
1.985126 0.0
1.996476 0.0
2.007813 0.0
2.019143 0.0
2.030486 0.0
2.041799 0.0
2.053108 0.0
2.064442 0.0
2.075767 0.0
2.087114 0.0
2.098427 0.0
2.109737 0.0
2.121041 0.0
2.132378 0.0
2.143683 0.0
2.155015 0.0
2.166325 0.0
2.177669 0.0
2.188988 0.0
2.200295 0.0
2.211606 0.0
2.222936 0.0
2.234256 0.0
2.245580 0.0
2.256907 0.0
2.268210 0.0
