# 1396598189.611377
0.039025 146529.6
0.051953 147369.6
0.063767 146941.2
0.075561 147215.6
0.094460 147369.6
0.106489 146819.2
0.118401 148074.0
0.138151 146512.8
0.157198 147078.4
0.173857 146956.8
0.193078 147644.8
0.205506 146786.4
0.225023 146529.6
0.236995 147078.4
0.256295 147507.2
0.275372 146941.2
0.293616 146392.4
0.305478 146666.8
0.317420 147507.2
0.333608 147215.6
0.345437 146666.8
0.357334 146804.0
0.376436 147094.4
0.393931 147232.0
0.405954 146956.8
0.425272 146819.2
0.444162 146804.0
0.455976 147078.4
0.473402 146255.2
0.485330 146941.2
0.497217 147369.6
0.519555 147369.6
0.535005 147232.0
0.546823 148057.6
0.563902 147507.2
0.575697 146941.2
0.587512 147232.0
0.616213 147369.6
0.628044 147507.2
0.647154 147078.4
0.668204 146239.2
0.686793 147215.6
0.703265 147369.6
0.715064 147507.2
0.734268 146666.8
0.753390 147232.0
0.765261 147369.6
0.785569 147232.0
0.797599 147507.2
0.816735 146239.2
0.835742 147078.4
0.854544 146681.6
0.866552 147078.4
0.885067 147369.6
0.904806 146681.6
0.916826 147920.0
0.928819 146956.8
0.954930 147798.0
0.966714 147522.0
0.983818 147369.6
0.995609 147507.2
1.014816 146239.2
1.033819 147078.4
1.047186 147384.0
1.059156 146102.4
1.070934 146392.4
1.085994 146512.8
1.104712 146956.8
1.116591 146255.2
1.128495 145828.8
1.141151 146392.4
1.153164 146392.4
1.165183 146102.4
1.177163 147369.6
1.189412 146392.4
1.201727 146956.8
1.213947 146268.8
1.226113 146819.2
1.249841 146529.6
1.261922 146529.6
1.279986 145692.0
1.291791 146832.0
1.303886 146529.6
1.315693 147232.0
1.327606 145129.6
1.340063 146804.0
1.351947 146681.6
1.363765 145980.8
1.375631 146819.2
1.387516 146666.8
1.399352 146529.6
1.411173 146666.8
1.425256 146529.6
1.437283 146956.8
1.449324 145692.0
1.461187 145008.0
1.473037 146255.2
1.485126 146544.0
1.496895 143112.0
1.509096 143640.0
1.528731 146804.0
1.541755 147078.4
1.553972 146392.4
1.566493 145980.8
1.578572 147094.4
1.590659 146255.2
1.602762 146941.2
1.614656 147369.6
1.626671 146102.4
1.638821 146681.6
1.650694 146392.4
1.662630 145129.6
1.674676 146084.4
1.686583 145718.4
1.698907 146376.0
1.710774 143736.0
1.722794 145144.8
1.734763 146406.4
1.746858 146268.8
1.758870 146786.4
1.776841 146956.8
1.789838 147232.0
1.801704 147811.2
1.813739 146666.8
1.825626 147232.0
1.837651 146544.0
1.849531 146681.6
1.861419 147094.4
1.873315 146956.8
1.885251 147369.6
1.897136 147384.0
1.909258 147094.4
1.921128 146956.8
1.933163 146544.0
1.945038 146118.0
1.957111 147522.0
1.969089 146255.2
1.981201 146666.8
1.993087 146804.0
2.005176 146118.0
2.017043 146804.0
2.029267 146819.2
2.041089 147384.0
2.053138 146956.8
2.064990 148488.0
2.076908 149626.4
2.088688 149487.6
2.100396 150475.2
2.113158 146529.6
2.125320 148793.6
2.137123 149071.2
2.149274 148780.0
2.161059 148780.0
2.173030 148238.4
2.184924 148074.0
2.196819 149056.8
2.208526 148350.0
2.220350 149056.8
2.232065 148212.0
2.243754 148641.6
2.255443 148364.8
2.267126 149333.6
2.278945 148932.4
2.290714 148212.0
2.302422 149071.2
2.314135 148516.0
2.325948 149071.2
2.337628 148918.4
2.349439 147507.2
2.361178 149348.8
2.373067 148364.8
2.384757 149071.2
2.396442 149487.6
2.408130 149056.8
2.419828 148918.4
2.431467 148918.4
2.443169 148350.0
2.454846 148641.6
2.466636 148470.4
2.478309 148074.0
2.490014 147798.0
2.501741 149222.4
2.513441 149210.0
2.525194 149348.8
2.537920 147936.0
2.549815 149195.2
2.561510 148918.4
2.573297 148780.0
2.584999 148780.0
2.596836 148918.4
2.608832 148641.6
2.620530 149779.2
2.632247 149487.6
2.643964 149487.6
2.655646 148918.4
2.667324 148918.4
2.679046 148918.4
2.690790 148350.0
2.702562 148918.4
2.714252 148641.6
2.728297 147490.0
2.740533 147352.8
2.752289 148780.0
2.763999 148780.0
2.775672 149056.8
2.790620 146804.0
2.803305 147094.4
2.815269 146681.6
2.827469 146102.4
2.841782 147232.0
2.854162 147094.4
2.866029 147094.4
2.878045 146392.4
2.889951 145692.0
2.901919 146804.0
2.913785 146666.8
2.926050 146804.0
2.937926 147094.4
2.950068 147384.0
2.961918 146102.4
2.973854 147369.6
2.985866 146131.2
2.997912 146529.6
3.009901 146956.8
3.021883 146544.0
3.033728 146666.8
3.045952 145418.4
3.057829 146666.8
3.070036 146392.4
3.081869 146529.6
3.093950 146118.0
3.105928 146804.0
3.117915 147094.4
3.129883 146102.4
3.142037 147507.2
3.153929 146529.6
3.165908 146392.4
3.177720 146392.4
3.190114 147369.6
3.201937 146666.8
3.214147 146694.0
3.226190 146941.2
3.238113 146956.8
3.250007 147660.0
3.261924 145692.0
3.273900 146102.4
3.286052 146268.8
3.298127 147660.0
3.312801 147369.6
3.326099 145965.6
3.338154 146956.8
3.350118 146956.8
3.361943 146666.8
3.374175 147232.0
3.386069 147108.0
3.397944 146666.8
3.410024 147232.0
3.421948 147798.0
3.433807 147522.0
3.445864 147232.0
3.457751 147094.4
3.469938 147094.4
3.481828 146804.0
3.493883 147522.0
3.505771 146529.6
3.517834 147798.0
3.529820 146392.4
3.541893 147094.4
3.553775 147232.0
3.565831 147094.4
3.577646 146544.0
3.589552 147369.6
3.601373 147798.0
3.613366 147798.0
3.625170 149056.8
3.637052 149487.6
3.648742 149626.4
3.660492 147782.4
3.672255 149487.6
3.683936 149626.4
3.695617 148780.0
3.707313 148918.4
3.719038 148918.4
3.730824 148780.0
3.742505 148780.0
3.754305 148503.2
3.766106 148780.0
3.777808 148641.6
3.789797 149487.6
3.801454 149210.0
3.813285 149487.6
3.826018 146666.8
3.837923 146529.6
3.849883 147078.4
3.861922 146118.0
3.873998 146666.8
3.886401 146666.8
3.905669 149071.2
3.918835 146804.0
3.931430 146666.8
3.952401 146666.8
3.964203 146804.0
3.976058 146941.2
3.988847 146118.0
4.000620 147094.4
4.012495 147232.0
4.024373 146406.4
4.036742 147232.0
4.048730 145980.8
4.060571 146544.0
4.072386 146819.2
4.084210 148212.0
4.095897 149210.0
4.107595 149626.4
4.119337 149348.8
4.131121 149487.6
4.142806 149487.6
4.154515 149487.6
4.166302 149626.4
4.177981 148780.0
4.189889 149487.6
4.201611 149918.4
4.213701 147782.4
4.228248 149348.8
4.240022 149210.0
4.251723 149348.8
4.263406 148780.0
4.275147 148918.4
4.286849 148780.0
4.298542 148074.0
4.310488 148350.0
4.322186 148074.0
4.333883 149626.4
4.346056 147936.0
4.357895 148932.4
4.369749 148074.0
4.381465 148364.8
4.393189 148932.4
4.405014 147936.0
4.416692 149487.6
4.428357 149348.8
4.440066 149487.6
4.451740 149487.6
4.463405 148918.4
4.475137 148780.0
4.486825 148626.0
4.498499 147660.0
4.510256 148503.2
4.522022 147507.2
4.533910 149487.6
4.545574 148932.4
4.557332 148488.0
4.569106 148057.6
4.580923 148918.4
4.592674 148918.4
4.604379 148212.0
4.619729 147507.2
4.631534 149056.8
4.643233 149056.8
4.654912 149487.6
4.666679 149333.6
4.678489 149487.6
4.690177 148503.2
4.701948 149348.8
4.714117 146666.8
4.726060 147094.4
4.738817 145980.8
4.750759 147369.6
4.766538 147352.8
4.778448 146819.2
4.790360 146819.2
4.802260 147108.0
4.814203 146529.6
4.825952 146239.2
4.837948 146406.4
4.849923 146804.0
4.862014 146529.6
4.874228 146529.6
4.886216 144840.0
4.898017 145402.4
4.910055 144432.0
4.921798 139593.6
4.933612 147215.6
4.945411 147094.4
4.957395 146819.2
4.969398 147936.0
4.981464 145828.8
4.993283 146666.8
5.005246 147094.4
5.017123 146392.4
5.029249 144024.0
5.041156 144296.0
5.053280 142922.4
5.065221 143888.0
5.077373 143600.4
5.089319 147798.0
5.101287 148350.0
5.113215 146392.4
5.125586 146956.8
5.137621 146255.2
5.170458 145692.0
5.182408 146529.6
5.195568 146529.6
5.207742 146239.2
5.220010 147369.6
5.232577 145828.8
5.244392 145112.0
5.256305 145112.0
5.268304 146819.2
5.280178 145555.2
5.292156 145555.2
5.304178 145157.6
5.315917 146004.0
5.327672 147936.0
5.339516 146102.4
5.351350 147369.6
5.363237 146819.2
5.375123 145692.0
5.387119 147369.6
5.399022 146956.8
5.411017 146694.0
5.422978 146804.0
5.434915 146666.8
5.446965 146406.4
5.459080 146529.6
5.470945 147644.8
5.482890 146819.2
5.494789 144160.0
5.506879 143871.6
5.518948 144038.4
5.531075 144432.0
5.543012 143193.6
5.555119 146529.6
5.567231 146255.2
5.579273 145675.2
5.591044 146804.0
5.608844 145675.2
5.621259 144840.0
5.633051 145675.2
5.644793 147660.0
5.656681 146786.4
5.668489 146529.6
5.680400 146956.8
5.692185 147384.0
5.704014 145965.6
5.715942 145828.8
5.727806 147369.6
5.739589 145965.6
5.751388 145418.4
5.763397 143344.0
5.775349 144720.4
5.787325 145129.6
5.799681 146376.0
5.813182 148932.4
5.824900 149640.0
5.836602 149626.4
5.848281 150057.6
5.859981 149195.2
5.871679 148918.4
5.883374 148902.0
5.895059 148626.0
5.906808 148641.6
5.918675 148780.0
5.930393 148503.2
5.942168 148918.4
5.953887 148074.0
5.965615 148626.0
5.977282 148641.6
5.989150 148918.4
6.000854 149056.8
6.012540 148212.0
6.024234 148793.6
6.035915 149348.8
6.047606 149626.4
6.059318 149195.2
6.071035 149487.6
6.082816 149210.0
6.094628 149626.4
6.106312 149071.2
6.118050 149487.6
6.129771 149056.8
6.141521 149348.8
6.153232 148780.0
6.164912 148918.4
6.176597 148918.4
6.188276 148074.0
6.200046 148488.0
6.211757 147936.0
6.225382 147782.4
6.238730 148350.0
6.250440 148503.2
6.262205 148918.4
6.273916 148780.0
6.285638 148074.0
6.297333 148793.6
6.309267 148780.0
6.320963 147782.4
6.332644 148503.2
6.344294 149210.0
6.355967 149056.8
6.370181 146649.6
6.389418 146118.0
6.401248 146392.4
6.413016 145706.4
6.430133 145129.6
6.441931 144976.0
6.453776 147507.2
6.465586 147232.0
6.477542 146819.2
6.489435 146376.0
6.501477 147507.2
6.513307 146819.2
6.525392 146131.2
6.537264 146666.8
6.549456 147507.2
6.561269 143736.0
6.573365 144160.0
6.585312 144856.8
6.597493 144296.0
6.610750 146666.8
6.624548 148918.4
6.636251 148918.4
6.647939 148780.0
6.663531 146376.0
6.675345 148780.0
6.687044 148212.0
6.698763 148212.0
6.710693 148918.4
6.722401 148212.0
6.734113 149487.6
6.745839 148641.6
6.757601 148350.0
6.769322 148212.0
6.781104 148641.6
6.792821 148212.0
6.804454 149487.6
6.816185 149626.4
6.827869 149195.2
6.839706 149487.6
6.851399 149056.8
6.863086 149487.6
6.874795 149056.8
6.886685 149626.4
6.898373 149210.0
6.910143 149195.2
6.921878 149487.6
6.933686 149195.2
6.945377 149056.8
6.957207 149487.6
6.969013 149487.6
6.980704 149056.8
6.992409 149210.0
7.004107 148780.0
7.015797 148350.0
7.027478 148074.0
7.039213 148488.0
7.050891 148780.0
7.062681 148074.0
7.074360 148932.4
7.086133 148503.2
7.097816 149348.8
7.118909 146392.4
7.131174 146529.6
7.143417 146956.8
7.155476 145980.8
7.167428 147094.4
7.179608 146392.4
7.191853 146529.6
7.203894 145965.6
7.216055 146941.2
7.227850 147522.0
7.240018 147369.6
7.251844 146941.2
7.263727 147232.0
7.275557 148488.0
7.287310 149626.4
7.299132 148780.0
7.310832 149626.4
7.322525 148780.0
7.334285 150057.6
7.345960 149348.8
7.357744 149348.8
7.369512 148918.4
7.381337 149626.4
7.393061 149487.6
7.404786 149056.8
7.416497 149765.2
7.428180 148780.0
7.439871 148626.0
7.451563 147782.4
7.463241 148932.4
7.475046 147507.2
7.486749 148793.6
7.498417 148503.2
7.510198 149348.8
7.521901 149056.8
7.533643 149765.2
7.545310 149195.2
7.556935 148918.4
7.568714 148918.4
7.583211 147901.6
7.599235 145965.6
7.611306 146804.0
7.623096 147798.0
7.635081 144568.0
7.646976 145129.6
7.658826 143616.0
7.670740 147507.2
7.682551 147798.0
7.694464 147798.0
7.706351 146529.6
7.718270 146666.8
7.730049 146956.8
7.741936 147369.6
7.753787 146529.6
7.765735 143344.0
7.777671 144038.4
7.789720 144142.8
7.801674 143736.0
7.813732 144856.8
7.826249 146804.0
7.838182 148918.4
7.849981 150042.8
7.861771 149195.2
7.873499 149626.4
7.885356 149487.6
7.897054 149626.4
7.908776 149195.2
7.920481 148918.4
7.932172 148918.4
7.943873 149348.8
7.955561 148350.0
7.967238 148918.4
7.979163 148918.4
7.990884 148918.4
8.002601 148780.0
8.014375 148626.0
8.026073 148780.0
8.037791 148503.2
8.049446 149210.0
8.061206 148641.6
8.072917 149918.4
8.084598 149626.4
8.096283 149056.8
8.107959 148918.4
8.119719 149348.8
8.131477 148626.0
8.143157 148780.0
8.154853 148212.0
8.166682 148488.0
8.178394 148364.8
8.190212 149348.8
8.201907 148488.0
8.219980 146819.2
8.231787 148364.8
8.243526 148226.4
8.255247 149210.0
8.267012 148503.2
8.278936 147920.0
8.290645 148074.0
8.302406 148074.0
8.314120 149361.6
8.325850 148932.4
8.337523 149487.6
8.349394 148503.2
8.361111 148932.4
8.372842 149348.8
8.384530 149348.8
8.396234 149626.4
8.407924 149487.6
8.419701 149195.2
8.431400 148918.4
8.443169 149348.8
8.454959 149195.2
8.466622 148918.4
8.478413 148918.4
8.490138 148780.0
8.501831 148488.0
8.513578 148488.0
8.535385 147094.4
