13759.271946 # # #
2.260418 0 gpsd 7526
2.266092 1 gpsd 7526
27.617549 0  
27.624402 1  
32.360519 0  
32.366662 1  
33.777940 0  
33.784057 1  
35.488970 0  
35.494834 1  
36.458416 0  
36.464936 1  
37.391131 0  
37.397038 1  
38.343365 0  
38.349634 1  
39.356960 0  
40.352164 0  
40.358001 1  
41.367751 1  
42.376892 0  
43.383903 1  
39.362943 1  
41.361834 0  
66.987330 0 gpsd 7526
66.992627 1 gpsd 7526
69.121527 0  
69.127902 1  
72.193169 0  
72.199403 1  
75.717110 0  
75.723847 1  
78.247088 0  
78.254218 1  
80.797273 0  
80.804323 1  
