13954.152488 #
0.071685 138153.6
0.085008 136752.0
0.097688 132277.6
0.110980 130713.6
0.122997 135202.8
0.135041 129320.4
0.147888 133403.2
0.161335 128505.6
0.173187 128064.0
0.185188 134125.6
0.200109 134200.0
0.211949 132319.6
0.223858 128528.0
0.236081 132680.8
0.249662 130832.0
0.261503 128272.8
0.273357 130183.2
0.285918 129881.6
0.299690 132440.0
0.311560 132600.0
0.323416 127622.4
0.335642 133884.8
0.349649 127600.0
0.361583 136032.0
0.373541 139419.2
0.387247 135816.8
0.400719 135218.4
0.412535 135712.8
0.424658 139292.8
0.439971 139029.6
0.451836 138534.4
0.463674 143282.8
0.477166 132801.2
0.490695 130476.8
0.502505 129669.6
0.515944 131749.2
0.529572 132759.2
0.541437 128505.6
0.553385 127969.2
0.565213 132636.4
0.579738 127225.2
0.591687 133000.8
0.603618 130980.0
0.615915 133080.0
0.629619 133804.8
0.641482 128622.0
0.653341 128622.0
0.665476 130390.0
0.679966 132801.2
0.691829 132801.2
0.703648 128971.2
0.715940 133403.2
0.729542 130713.6
0.741383 128505.6
0.753374 130980.0
0.766466 129764.8
0.780267 131236.0
0.792084 127807.2
0.803998 132073.6
0.817496 133440.0
0.831068 133660.8
0.843034 128412.0
0.856414 128622.0
0.869098 132638.4
0.880963 130272.0
0.893901 127341.6
0.906412 134444.0
0.919742 138536.8
0.931636 133905.6
0.943566 139292.8
0.955911 135694.0
0.969665 134150.4
0.981492 139411.2
0.993491 134489.6
1.006800 128644.0
1.020683 133042.0
1.032511 131511.6
1.044601 128412.0
1.059756 127662.4
1.071666 133956.0
1.083581 137779.2
1.096891 139672.0
1.110492 139977.2
1.122473 140745.6
1.134420 140556.0
1.149737 139849.6
1.161631 139008.0
1.173516 144582.4
1.187370 140114.0
1.200859 138520.8
1.212777 145154.8
1.226519 142249.2
1.240064 131040.0
1.251890 134762.4
1.263771 137710.8
1.279988 133320.0
1.291856 136524.0
1.303763 136578.0
1.317227 133080.0
1.331101 136330.8
1.348821 137020.0
1.362019 136843.6
1.373884 131672.0
1.386835 135571.2
1.400273 131799.2
1.412196 135080.0
1.424110 137904.0
1.436377 132158.0
1.450101 136591.2
1.461936 136780.8
1.473811 133042.0
1.485987 137213.2
1.499820 134904.0
1.511776 137088.8
1.523726 137213.2
1.535996 133967.2
1.549538 132034.4
1.561445 135589.2
1.573392 132840.0
1.587037 134289.6
1.600535 131913.6
1.612353 134003.2
1.624366 132840.0
1.640044 137088.8
1.651919 137404.8
1.663807 132921.6
1.677292 132720.0
1.691169 138096.0
1.703103 133282.8
1.716535 132960.0
1.730330 133030.4
1.742180 139419.2
1.754365 132397.2
1.769760 136715.6
1.781572 137088.8
1.793514 140487.6
1.807119 142195.2
1.820450 139920.0
1.832301 144051.2
1.844316 139672.0
1.859684 139029.6
1.871745 146559.2
1.883890 143390.0
1.897407 139987.2
1.911209 147097.6
1.923241 137340.0
1.935436 140177.6
1.949685 140983.2
1.961522 138096.0
1.973397 141312.0
1.985705 139230.0
2.000015 143401.6
2.011869 134780.8
2.023713 132840.0
2.036967 134168.4
2.050737 140360.0
2.062588 133516.8
2.074934 136701.6
2.089951 136715.6
2.101852 132277.6
2.113746 128622.0
2.125960 132038.4
2.140300 127948.0
2.152157 132277.6
2.164108 133403.2
2.177746 128180.0
2.191169 129506.0
2.203103 132360.0
2.215239 128084.8
2.229719 132480.0
2.241599 127948.0
2.253440 127391.2
2.265563 132277.6
2.279848 132038.4
2.291782 132440.0
2.303693 128854.8
2.315999 132516.8
2.329735 131799.2
2.341684 127574.4
2.353591 132756.0
2.366737 132397.2
2.380727 132240.0
2.392539 127807.2
2.404600 132397.2
2.419612 132720.0
2.431422 129388.8
2.443287 127180.8
2.455396 130950.4
2.469651 128272.8
2.481524 127545.6
2.493305 142324.0
2.506633 140870.4
2.520203 136012.8
2.532099 137280.0
2.544067 141882.0
2.557503 139104.0
2.571413 137088.8
2.583274 138788.0
2.595667 135766.4
2.609838 140726.4
2.627816 134164.8
2.640602 127622.4
2.652508 128389.2
2.664385 132516.8
2.676753 128971.2
2.690573 133152.0
2.702463 130418.4
2.714387 127738.0
2.726695 132192.8
2.740954 129712.8
2.752859 133282.8
2.764684 130476.8
2.776979 132960.0
2.790418 129056.0
2.802374 128760.0
2.814231 127622.4
2.826803 131954.4
2.840334 128064.0
2.852156 130862.0
2.864071 133967.2
2.876511 128528.0
2.890233 132276.0
2.902045 132665.6
2.914047 134810.0
2.925844 138160.0
2.937650 137462.0
2.949426 134246.4
2.961310 134444.0
2.973007 138160.0
2.984771 137710.8
2.996506 134246.4
3.021794 134653.2
3.033620 131749.2
3.045361 127738.0
3.057182 128180.0
3.068915 133523.6
3.080653 131392.8
3.092412 127296.0
3.104138 133162.4
3.115877 136330.8
3.127710 135766.4
3.139543 132240.0
3.151293 134444.0
3.163102 138660.8
3.174943 135342.0
3.186896 135420.0
3.198685 135520.0
3.210543 133363.2
3.222310 139920.0
3.234169 143260.0
3.245890 145068.0
3.257678 141551.2
3.269830 145154.8
3.281593 144582.4
3.293347 139226.4
3.305085 139987.2
3.316822 144936.0
3.328667 146080.0
3.340428 139545.6
3.352153 133080.0
3.363881 136772.0
3.375618 136207.2
3.387443 131954.4
3.399271 132158.0
3.411123 138852.0
3.422879 135589.2
3.434875 132078.8
3.446577 131597.2
3.458458 135396.8
3.470134 137529.6
3.482042 133042.0
3.493788 137720.0
3.505564 135007.2
3.517302 131716.0
3.529037 132921.6
3.540818 136083.6
3.552545 136308.0
3.564239 131596.8
3.575975 132480.0
3.587926 136207.2
3.599589 135643.2
3.612296 135836.4
3.624106 135532.0
3.635840 134003.2
3.647640 137280.8
3.659505 135712.8
3.671242 132517.6
3.683034 131799.2
3.694772 136524.0
3.706583 136578.0
3.718355 132516.8
3.730203 132038.4
3.741969 136648.0
3.753780 137443.2
3.765478 131716.0
3.777407 131640.0
3.789190 136152.0
3.800938 137088.8
3.812651 132120.0
3.824389 132120.0
3.838539 133242.4
3.850378 132158.0
3.862174 134124.8
3.873885 136207.2
3.885624 135542.0
3.897472 131760.0
3.909343 137783.2
3.921085 142788.0
3.932973 149410.8
3.944736 146092.8
3.956479 147832.0
3.968284 145356.8
3.980023 146496.0
3.991842 150972.0
4.003594 145418.0
4.015306 138085.2
4.027153 140174.4
4.038919 144188.8
4.050937 145681.6
4.062679 139665.6
4.074508 139411.2
4.086249 137710.8
4.098133 136406.4
4.109924 127574.4
4.121725 133441.2
4.133474 131560.0
4.145289 127506.8
4.157030 128412.0
4.168764 133162.4
4.180482 131239.2
4.192320 127853.6
4.204045 129224.0
4.215829 132360.0
4.227630 131274.0
4.239374 127180.8
4.251209 130862.0
4.262932 131918.8
4.275359 127411.2
4.287226 132073.6
4.299014 132680.8
4.310777 129800.0
4.322633 127136.0
4.334381 129884.8
4.346251 126904.0
4.358063 127065.6
4.369859 133800.0
4.381586 132277.6
4.393467 127738.0
4.405212 127180.8
4.416941 132277.6
4.428735 132397.2
4.440466 127622.4
4.452200 128876.0
4.463965 131596.8
4.475682 131716.0
4.487428 127969.2
4.499336 128412.0
4.511197 133273.6
4.522966 132560.4
4.534711 126813.2
4.546635 127458.0
4.558408 130323.6
4.570289 128894.0
4.582039 129064.0
4.593884 132000.0
4.605565 131835.2
4.617439 127948.0
4.629293 128830.4
4.641036 132000.0
4.652772 141508.4
4.664464 136454.4
4.676144 136207.2
4.688018 139792.8
4.699788 138978.0
4.711559 135589.2
4.723374 136591.2
4.735222 139648.0
4.746972 139411.2
4.758692 135160.0
4.770673 143726.4
4.782430 136772.0
4.794315 135325.6
4.806057 138726.0
4.818089 132199.2
4.829820 129360.0
4.841648 127690.8
4.853319 131274.0
4.865068 132319.6
4.876764 129037.2
4.888632 127136.0
4.900375 130323.6
4.912102 137776.0
4.923911 135342.0
4.935669 134272.8
4.947399 137404.8
4.959596 133441.2
4.971361 134884.8
4.983232 138408.0
4.994997 138222.0
5.006772 127458.0
5.020877 132516.8
5.032611 130744.0
5.044386 127738.0
5.056144 130272.0
5.068514 128528.0
5.080348 128738.4
5.092108 132921.6
5.103744 137764.0
5.115504 131835.2
5.127369 131440.4
5.139243 136591.2
5.150957 136968.8
5.162887 131400.0
5.174639 131717.6
5.186493 136308.0
5.198745 134466.0
5.210705 137720.0
5.222475 132801.2
5.234359 132158.0
5.246120 135694.0
5.258032 136591.2
5.269729 134410.8
5.281619 132396.8
5.293403 134534.4
5.305160 135969.2
5.316860 132956.4
5.328659 132155.2
5.340420 135218.4
5.352113 137094.0
5.363922 133590.0
5.375684 139136.0
5.387447 139538.4
5.400052 141240.0
5.411835 144365.2
5.423578 143000.0
5.435338 140240.8
5.447148 141240.0
5.459062 144540.0
5.470758 142171.2
5.482752 139594.4
5.494498 132787.2
5.506371 131880.0
5.518755 136648.0
5.530587 137020.0
5.542350 131918.8
5.554219 132516.8
5.565980 136772.0
5.577879 136648.0
5.589564 132038.4
5.601264 132840.0
5.613015 136330.8
5.624781 136772.0
5.636506 132875.6
5.648308 132600.0
5.660114 136400.0
5.671836 136591.2
5.683759 131520.0
5.695500 131717.6
5.707330 136281.6
5.719082 133080.0
5.731049 135129.6
5.742813 135712.8
5.754765 135129.6
5.766453 132360.0
5.778450 132787.2
5.790215 135907.2
5.801983 135273.6
5.813714 131838.0
5.825583 135960.0
5.837322 131239.2
5.849028 131358.4
5.860953 136454.4
5.872642 138978.0
5.884397 131799.2
5.896105 131799.2
5.908009 138600.0
5.919725 143260.0
5.932382 138600.0
5.944158 142005.6
5.955979 142090.0
5.967739 137718.0
5.979516 138155.2
5.991388 140084.4
6.003153 132277.6
6.014880 133395.2
6.026776 139166.4
6.038655 134003.2
6.050577 131880.0
6.062348 133834.0
6.074064 144580.8
6.085813 144403.2
6.097758 139211.6
6.109522 139029.6
6.121278 134343.2
6.133024 134904.0
6.144752 134657.6
6.156498 137280.8
6.168254 134904.0
6.180077 134395.2
6.191825 132240.0
6.205871 132158.0
6.217944 128830.4
6.229732 132600.0
6.241661 130832.0
6.253409 128662.8
6.265130 129180.8
6.276826 132038.4
6.288712 130832.0
6.300475 127738.0
6.312223 128272.8
6.324042 132319.6
6.335765 133523.6
6.347503 127044.4
6.359463 127662.4
6.371228 134588.8
6.383016 130404.8
6.394865 131477.6
6.406640 131120.0
6.418604 128876.0
6.430329 127853.6
6.442201 131799.2
6.453943 133200.0
6.465792 128272.8
6.477461 126904.0
6.489356 132517.6
6.501140 134220.4
6.512911 128216.8
6.524654 127574.4
6.536441 132120.0
6.548204 126697.6
6.560016 127506.8
6.571824 131477.6
6.583577 132038.4
6.595399 127853.6
6.607077 128064.0
6.621807 128419.2
6.633934 132880.0
6.645948 131958.4
6.658030 129830.4
6.669896 132720.0
6.681926 130722.8
6.694050 131477.6
6.705968 131838.0
6.718884 133967.2
6.732796 128505.6
6.746182 127832.0
6.772534 130183.2
6.784893 132921.6
6.797924 142066.4
6.819757 136578.0
6.832237 136382.4
6.858892 139860.4
6.878992 139956.0
6.891423 136093.6
6.908769 146345.6
6.929958 139798.4
6.948519 139356.0
6.969628 138913.6
6.981890 137088.8
6.994671 135571.2
7.009331 128012.8
7.022677 128505.6
7.039055 131913.6
7.051894 135129.6
7.065133 133441.2
7.078269 133604.8
7.092069 131792.8
7.105191 135657.6
7.118631 135619.2
7.131707 135273.6
7.144698 136715.6
7.158188 132240.0
7.177948 138278.4
7.200184 133484.0
7.218666 133956.0
7.231515 134688.0
7.244285 136012.8
7.256957 136715.6
7.270199 133881.6
7.284451 132319.6
7.299172 134611.2
7.317803 132158.0
7.333433 138095.6
7.347788 138220.8
7.362556 133121.6
7.375321 131201.2
7.387930 137020.0
7.400739 136715.6
7.413576 137030.4
7.426276 132078.8
7.438980 132240.0
7.451724 137337.6
7.464342 135252.0
7.476977 133683.6
7.489325 134003.2
7.501787 137529.6
7.514313 140469.6
7.526840 146960.0
7.539970 142956.0
7.552710 145904.8
7.580998 147201.6
7.593930 143880.0
7.606445 139538.4
7.619546 140615.2
7.632229 144628.4
7.644871 144804.0
7.657814 143270.4
7.670123 146169.6
7.682804 136591.2
7.695808 136964.4
7.708552 131160.0
7.721080 137462.0
7.733962 135532.8
7.746304 132078.8
7.759270 132560.4
7.772115 132600.0
7.785121 133523.6
7.797853 136780.8
7.810505 132000.0
7.823025 133042.0
7.838950 137155.2
7.858330 134322.0
7.871517 135889.6
7.884120 136152.0
7.896352 132360.0
7.909624 132199.2
7.922097 143484.0
7.934843 143570.4
7.947263 139040.0
7.960006 144272.4
7.972791 142090.0
7.985216 139419.2
7.997909 143440.0
8.011975 135325.6
8.025116 134078.0
8.038039 132680.8
8.051895 139290.4
8.065269 140428.8
8.078848 137462.0
8.091771 137904.0
8.104921 133042.0
8.117784 132880.0
8.131259 137904.0
8.144317 132038.4
8.157365 132720.0
8.171142 128830.4
8.183931 132276.0
8.196761 135080.0
8.209609 128156.4
8.222310 127948.0
8.235135 137710.8
8.248048 139748.0
8.260738 140726.4
8.273603 134041.6
8.286131 136012.8
8.298736 139977.2
8.311278 137844.0
8.324138 136083.6
8.336817 139099.6
8.349398 132840.0
8.362317 128451.2
8.374795 127545.6
8.387353 131155.2
8.400370 131477.6
8.412814 131835.2
8.425412 128040.0
8.438626 128480.0
8.451446 133080.0
8.463958 132680.8
8.476651 128180.0
8.489447 128596.8
8.502015 132759.2
8.514684 132801.2
8.527900 135129.6
8.540826 130476.8
8.553265 128971.2
8.565822 132440.0
8.578428 126788.0
8.591204 129506.0
8.603757 133121.6
8.616568 132000.0
8.631587 133242.4
8.644089 127526.4
8.656359 131913.6
8.668434 128296.0
8.680669 132680.8
8.692794 129529.6
8.705167 130962.0
8.717341 127853.6
8.729468 132480.0
8.741702 127923.6
8.753936 132158.0
8.766059 127252.0
8.778307 129007.2
8.790404 127296.0
8.802693 135619.2
8.814806 131120.0
8.827037 130832.0
8.839229 127180.8
8.851385 129360.0
8.868470 127458.0
8.880812 129328.0
8.893037 131799.2
8.905184 130036.0
8.917372 134588.8
8.929418 135252.0
8.941613 132980.0
8.953790 147802.0
8.965966 144057.6
8.978388 141990.8
8.990421 140134.4
9.003482 136207.2
9.017331 140683.2
9.030244 137219.2
9.042837 136896.0
9.055929 138411.2
9.068945 138719.2
9.081432 132600.0
9.094349 130390.0
9.106708 133162.4
9.119453 135129.6
9.132216 135471.6
9.144499 139230.0
9.157388 131679.6
9.169832 136896.0
9.182063 131918.8
9.194343 137213.2
9.206630 132360.0
9.222448 136772.0
9.234747 132956.4
9.247002 136028.0
9.259212 132480.0
9.271349 136406.4
9.283521 131880.0
9.295746 136524.0
9.308069 132240.0
9.320268 137030.4
9.332420 132038.4
9.344499 136591.2
9.356520 133683.6
9.368748 136400.0
9.380844 136964.4
9.393085 133484.0
9.405363 132921.6
9.417459 136218.0
9.429750 136772.0
9.441966 134566.0
9.454106 136466.8
9.466366 132120.0
9.478656 136330.8
9.490868 136330.8
9.503032 137030.4
9.515093 132480.0
9.527373 136136.0
9.539785 136083.6
9.552005 139353.2
9.564053 132158.0
9.576359 135007.2
9.588471 131560.0
9.600539 137088.8
9.612744 131400.0
9.624891 136400.0
9.637046 131799.2
9.649143 134200.0
9.661384 140928.0
9.673426 139849.6
9.685669 143650.0
9.697767 142572.0
9.709986 143312.4
9.722178 139226.4
9.734439 142948.8
9.746489 139226.4
9.758739 144496.8
9.771021 141680.0
9.783114 143352.0
9.795379 139480.0
9.807758 144365.2
9.819876 133967.2
9.832049 135532.0
9.844320 132038.4
9.856413 136207.2
9.868705 133077.6
9.880894 136152.0
9.893123 131918.8
9.905160 140698.8
9.917479 137970.0
9.929769 142300.8
9.942005 138034.4
9.954190 141830.0
9.966448 138852.0
9.979013 141875.2
9.991171 146520.0
10.012083 134489.6
10.037896 135129.6
10.052208 139986.0
10.067332 136430.8
10.082172 137654.4
10.095563 137720.0
10.109317 128854.8
10.123099 130476.8
10.169321 129506.0
10.185530 133644.0
10.211537 133242.4
10.225930 133162.4
10.239963 132960.0
10.254483 127275.6
10.269443 128528.0
10.283162 129506.0
10.298098 128713.6
10.311601 135420.0
10.326878 133604.8
10.340895 128505.6
10.355566 133282.8
10.369552 128760.0
10.384882 142524.0
10.398941 141184.0
10.412604 136012.8
10.426971 139284.0
10.439220 134711.6
10.451450 140367.6
10.463608 134657.6
10.475737 139792.8
10.488055 135325.6
10.500216 143312.4
10.512368 135325.6
10.524456 136468.0
10.536546 128316.0
10.548748 132120.0
10.560870 131560.0
10.573065 130476.8
10.585226 128760.0
10.597269 127044.4
10.609473 132158.0
10.621568 126697.6
10.633746 132480.0
10.645844 127341.6
10.658255 130832.0
10.670396 127853.6
10.682569 132840.0
10.694750 126582.0
10.707076 130842.4
10.719223 128316.0
10.731389 133590.0
10.743483 127948.0
10.755757 131560.0
10.768114 128644.0
10.780201 131760.0
10.792461 127622.4
10.804577 131918.8
10.816773 129918.0
10.828863 132600.0
10.840988 134588.8
10.853029 129881.6
10.865212 131597.2
10.877289 125888.4
10.889790 131679.6
10.901842 141380.8
10.914094 131040.0
10.926258 131477.6
10.938501 137970.4
10.950591 133030.4
10.962888 137908.8
10.974994 134688.0
10.987247 138660.8
10.999500 133395.2
11.011595 138978.0
11.032292 133162.4
11.059627 130508.0
11.074964 129857.6
11.088620 133846.4
11.103133 141680.0
11.116955 148377.6
11.130529 144582.4
11.144631 145286.4
11.159401 139538.4
11.172636 141990.8
11.186165 140810.4
11.198301 141422.4
11.210565 138719.2
11.222617 136454.4
11.234922 134289.6
11.247016 135904.0
11.259247 132158.0
11.271322 135904.0
11.283528 132240.0
11.295667 136083.6
11.308132 131918.8
11.320299 137155.2
11.332516 131799.2
11.344631 136648.0
11.356699 132908.8
11.368932 137516.0
11.381030 139419.2
11.393255 132440.0
11.405451 132038.4
11.417797 137462.0
11.429904 136276.0
11.442138 133562.4
11.454280 131477.6
11.466544 131160.0
11.482165 134476.8
11.494642 132240.0
11.506965 136648.0
11.519287 133484.0
11.531523 134246.4
11.543692 136400.0
11.555935 135904.0
11.568226 134003.2
11.580352 131596.8
11.592625 131040.0
11.604616 135571.2
11.616850 134003.2
11.629042 135656.0
11.641297 132440.0
11.653472 136062.4
11.665560 131880.0
11.677718 137970.4
11.690036 132480.0
11.702226 136905.6
11.714317 132158.0
11.726485 135342.0
11.738632 131560.0
11.750841 138662.4
11.763049 131918.8
11.775290 132665.6
11.787488 131320.8
11.799947 136276.0
11.812073 140800.0
11.824291 142614.4
11.836475 140240.8
11.848668 144845.6
11.860989 140615.2
11.873000 144365.2
11.885128 140556.0
11.897243 138902.4
11.909653 147168.0
11.921921 150508.4
11.934081 152378.4
11.946305 138534.4
11.958585 140047.2
11.970714 144496.8
11.982926 141393.6
11.995235 139226.4
12.016088 137888.0
12.033592 137640.0
12.047463 133725.6
12.062382 133282.8
12.076337 134246.4
12.091078 136012.8
12.105497 129180.8
12.119166 129764.8
12.134577 129553.2
12.149091 128296.0
12.163368 131630.4
12.175656 132360.0
12.188101 132480.0
12.200325 127600.0
12.212506 130626.0
12.224611 127020.0
12.236685 132875.6
12.248974 128505.6
12.261108 131838.0
12.273209 127180.8
12.285348 130881.6
12.297498 124902.4
12.310719 126582.0
12.323027 131760.0
12.335231 128876.0
12.347337 128536.8
12.359602 127160.0
12.371898 133562.4
12.384049 128200.4
12.396289 129529.6
12.408620 127600.0
12.420699 131679.6
12.432728 130798.8
12.444924 132480.0
12.457032 128064.0
12.469267 128528.0
12.481348 131155.2
12.493559 126466.4
12.506175 127948.0
12.518401 128802.8
12.530531 128296.0
12.542645 135596.0
12.554730 139292.8
12.566937 137213.2
12.579239 135325.6
12.591409 136281.6
12.603552 141125.6
12.615648 134657.6
12.628133 143390.0
12.640364 134711.6
12.652550 139290.4
12.664656 127690.8
12.676699 131918.8
12.689070 127391.2
12.701325 132312.0
12.713514 126144.0
12.725656 132158.0
12.743912 132480.0
12.756575 126259.2
12.768950 135694.0
12.781044 128180.0
12.793255 131958.4
12.805427 126489.6
12.817773 132038.4
12.830028 128180.0
12.842259 132155.2
12.854332 127180.8
12.866664 131918.8
12.879040 129414.4
12.891462 131835.2
12.903564 142120.0
12.915772 138600.0
12.928208 134957.2
12.946448 134395.2
12.964775 138474.0
12.977058 135694.0
12.997437 136152.0
13.043798 135054.0
13.058180 130065.6
13.072450 128971.2
13.086786 133403.2
13.102325 133884.8
13.120336 133683.6
13.142113 133403.2
13.156794 132480.0
13.172306 132801.2
13.187789 135176.0
13.207456 137392.0
13.226607 133956.0
13.245721 142524.0
13.264246 140870.4
13.283439 139920.0
13.295722 148377.6
13.316751 145549.6
13.335747 143880.0
13.352259 146169.6
13.372988 144448.4
13.385228 140487.6
13.404461 132960.0
13.423607 137529.6
13.435880 133846.4
13.456993 134410.8
13.474729 137392.0
13.493619 137516.0
13.512738 136207.2
13.524816 136062.4
13.544773 135150.4
13.557120 136553.6
13.582863 133683.6
13.595237 132980.0
13.607475 138403.2
13.633506 131640.0
13.645795 138652.8
13.665121 137462.0
13.684211 133403.2
13.696378 133121.6
13.724215 132240.0
13.736358 137392.0
13.755642 135298.0
13.774785 131717.6
13.787119 137710.8
13.814243 131799.2
13.827116 132720.0
13.846166 133080.0
13.867129 133042.0
13.886151 133523.6
13.908627 134041.6
13.923116 137340.0
13.935282 140047.2
13.947753 141240.0
13.974151 146120.4
13.986938 151800.0
14.016890 146124.0
14.031508 143048.8
14.044921 141312.0
14.060235 142819.2
14.074525 145596.0
14.088849 132680.8
14.102871 133403.2
14.119939 133846.4
14.134687 136505.6
14.148315 131334.0
14.164531 129786.0
14.181191 129320.4
14.203528 130980.0
14.215775 132600.0
14.234181 128296.0
14.253164 129436.8
14.265301 131596.8
14.284852 129242.4
14.296908 133523.6
14.324457 127484.0
14.336838 132840.0
14.355444 133764.4
14.374693 133320.0
14.393159 132078.8
14.405422 128296.0
14.430676 133638.4
14.442931 128738.4
14.455172 132875.6
14.475930 134976.0
14.494884 132319.6
14.507414 133846.4
14.534360 132875.6
14.546935 131779.2
14.565911 132801.2
14.585579 132192.8
14.604232 127969.2
14.616490 126904.0
14.636885 128971.2
14.653533 128296.0
14.665852 132921.6
14.685218 136156.8
14.697465 140360.0
14.718213 137779.2
14.733838 140544.0
14.745960 135766.4
14.762503 138652.8
14.782739 140672.0
14.795009 137072.4
14.814482 142524.0
14.833562 133282.8
14.845875 128971.2
14.866968 132756.0
14.889016 128738.4
14.901251 133644.0
14.923016 132480.0
14.935316 138471.2
14.954587 134517.6
14.966884 139356.0
14.994247 134810.0
15.011917 139292.8
15.025319 131187.2
15.045009 128622.0
15.062353 128738.4
15.080398 130917.6
15.098263 130065.6
15.112924 132680.8
15.128405 132440.0
15.142323 135960.0
15.161026 135766.4
15.176881 136012.8
15.198597 137088.8
15.210862 134611.2
15.234336 134466.0
15.246619 133440.0
15.266211 134884.8
15.285275 137219.2
15.297768 134588.8
15.317897 135960.0
15.333961 137280.0
15.346234 132480.0
15.358538 136964.4
15.376613 132480.0
15.394641 149630.8
15.406975 145332.0
15.426395 147227.2
15.445437 148204.0
15.464526 146080.0
15.476657 150416.0
15.504539 142527.2
15.516689 145728.0
15.535914 146566.8
15.554923 140360.0
15.573964 138465.6
15.586260 138285.6
15.608263 138852.0
15.623430 138348.0
15.635569 140177.6
15.648026 137529.6
15.667408 139606.8
15.683945 140240.8
15.696261 136207.2
15.719440 139166.4
15.731655 139920.0
15.752939 138348.0
15.765056 141312.0
15.784336 139608.0
15.796659 138978.0
15.824313 136772.0
15.836598 137337.6
15.856068 135160.0
15.873725 137970.0
15.891455 139987.2
15.903723 149385.6
15.916029 144534.0
15.936734 144141.6
15.956946 147227.2
15.974466 147534.0
15.993535 145500.8
16.036962 140174.4
16.051576 140494.4
16.066086 139039.2
16.084408 139416.0
16.103008 138153.6
16.119496 136259.2
16.138464 134640.0
16.181961 135342.0
16.194220 134895.6
16.213574 135816.8
16.225719 134732.8
16.246459 133956.0
16.269843 133242.4
16.281992 134732.8
16.302942 132680.8
16.315028 137268.0
16.334144 130603.2
16.346449 133926.0
16.374725 137779.2
16.387039 137144.0
16.406483 134611.2
16.425754 134854.4
16.444851 132560.4
16.457009 133804.8
16.477998 133363.2
16.493898 132199.2
16.506099 133121.6
16.523069 132636.4
16.542327 132078.8
16.554647 134208.8
16.574094 133042.0
16.593352 132714.0
16.605626 132397.2
16.626396 134489.6
16.645475 136430.8
16.664472 135129.6
16.683519 132229.2
16.695733 135298.0
16.716731 133080.0
16.735875 134732.8
16.755038 138153.6
16.774031 136083.6
16.786270 134489.6
16.807897 136083.6
16.825040 134834.4
16.837361 135374.4
16.856937 134272.8
16.869270 136553.6
16.885609 136505.6
16.897899 136259.2
16.916651 142378.4
16.935436 140341.2
16.956323 138592.4
16.973772 138846.0
16.986125 140428.8
17.005821 134732.8
17.032908 134489.6
17.051440 133967.2
17.066034 135939.6
17.087182 132480.0
17.104054 137337.6
17.124192 142249.2
17.143064 144534.0
17.169062 140051.2
17.181142 139798.4
17.214786 140428.8
17.229842 137594.8
17.244971 138471.2
17.263645 137213.2
17.276427 136948.8
17.295154 138153.6
17.314322 138028.8
17.326578 135094.8
17.348432 139987.2
17.363070 141056.0
17.375169 136454.4
17.387728 137268.0
17.410808 140998.0
17.433712 137406.4
17.445959 141192.0
17.465434 137970.4
17.477952 141440.0
17.502139 137462.0
17.514353 137720.0
17.526559 139924.8
17.553712 138536.8
17.565946 138278.4
17.585188 139924.8
17.604706 140870.4
17.623452 140240.8
17.635625 138534.4
17.658249 137344.4
17.673810 139040.0
17.686097 141192.0
17.702822 141440.0
17.722492 136904.0
17.734715 141753.6
17.769071 139482.0
17.781701 140672.0
17.794242 138028.8
17.806578 136342.4
17.819168 142507.6
17.831716 140301.6
17.844265 139353.2
17.857254 137088.8
17.869605 137779.2
17.881883 137344.4
17.909977 138775.2
17.923530 145023.2
17.952728 142870.0
18.001148 144976.0
18.159864 134047.2
18.181249 136062.4
18.199606 136012.8
18.211874 134566.0
18.224308 132000.0
18.237009 133590.0
18.249202 135496.8
18.261534 136896.0
18.274310 136648.0
18.286934 132240.0
18.299481 134688.0
18.311805 136648.0
18.324527 132638.4
18.336910 133000.8
18.349804 132517.6
18.362314 132787.2
18.375263 135325.6
18.388225 133042.0
18.400888 132517.6
18.413766 133760.0
18.426525 135252.0
18.439548 135252.0
18.452524 132801.2
18.464943 132880.0
18.477873 133152.0
18.490499 133783.2
18.502942 138153.6
18.515564 133121.6
18.528207 131160.0
18.540798 132592.8
18.553267 137586.4
18.566154 134957.2
18.578884 135889.6
18.591302 132440.0
18.604257 134884.8
18.617294 136948.8
18.629925 135643.2
18.642681 132440.0
18.655308 132440.0
18.668288 135252.0
18.681180 135780.0
18.693809 135694.0
18.706559 132000.0
18.719240 133042.0
18.731938 135889.6
18.744689 136207.2
18.757276 132680.8
18.770065 132921.6
18.782925 135520.0
18.795834 135396.8
18.813854 132921.6
18.829811 133956.0
18.842555 134246.4
18.855716 136330.8
18.872214 135448.4
18.885614 136896.0
18.901337 135094.8
18.913806 136276.0
18.926813 140487.6
18.939318 141680.0
18.951970 143650.0
18.964932 140672.0
18.978102 139480.0
18.990345 140672.0
19.003122 144672.0
19.015720 137196.0
19.030981 135273.6
19.044981 132801.2
19.059225 133162.4
19.080967 135694.0
19.095689 134810.0
19.110935 140683.2
19.125937 137155.2
19.140014 136466.8
19.153352 136905.6
19.167129 141753.6
19.179982 139284.0
19.192848 140301.6
19.205595 135036.0
19.218292 136896.0
19.230711 141808.8
19.243391 138028.8
19.256379 137783.2
19.268960 138222.0
19.281336 136342.8
19.294141 138852.0
19.306957 142378.4
19.319516 139482.0
19.332221 136531.2
19.344890 137469.6
19.357720 139606.8
19.370826 141474.0
19.383324 139230.0
19.396238 135904.0
19.408641 138285.6
19.421612 139860.4
19.450377 138787.2
19.463115 136964.4
19.476013 135596.0
19.493832 137155.2
19.506171 137845.2
19.518736 143650.0
19.531637 139029.6
19.544251 136964.4
19.557116 138160.0
19.569716 139166.4
19.582416 140301.6
19.595234 138978.0
19.608153 137529.6
19.620768 136591.2
19.633599 139040.0
19.646040 139733.6
19.658677 141990.8
19.671366 138600.0
19.684302 136715.6
19.696861 138600.0
19.709371 139606.8
19.723739 140428.8
19.736413 136454.4
19.753937 137779.2
19.772757 140870.4
19.792423 138536.8
19.804687 140556.0
19.824138 139284.0
19.836309 139545.6
19.864185 137337.6
19.876665 138095.6
19.895359 138721.6
19.914024 141680.0
19.932652 144619.2
19.944880 144976.0
19.964642 144619.2
19.976829 143179.2
20.003560 143749.2
20.016452 139353.2
20.030063 140428.8
20.045333 140428.8
20.059318 140114.0
20.076608 140174.4
20.091326 140240.8
20.106324 135129.6
20.123206 135571.2
20.136436 133804.8
20.150407 132960.0
20.165090 132240.0
20.183586 133604.8
20.195907 134895.6
20.215225 133644.0
20.234321 133395.2
20.246458 132158.0
20.274782 133783.2
20.286987 138220.8
20.306313 136382.4
20.325446 132720.0
20.344793 134124.8
20.356993 132471.6
20.377951 132908.8
20.393841 135129.6
20.406098 130800.0
20.422838 136505.6
20.442491 131640.0
20.454737 135176.0
20.474198 133282.8
20.493006 134588.8
20.505377 133725.6
20.525743 136259.2
20.549607 130643.2
20.561756 136353.6
20.582994 132471.6
20.595257 134246.0
20.614510 132440.0
20.626886 132516.8
20.654261 134220.4
20.666431 132360.0
20.685596 134566.0
20.704613 134272.8
20.716858 135939.6
20.744399 133804.8
20.756699 132636.4
20.776093 133363.2
20.795279 134780.8
20.807483 133080.0
20.830448 135448.4
20.854389 131239.2
20.866724 134532.0
20.885778 133967.2
20.904888 133834.0
20.917096 133363.2
20.944113 140392.0
20.956377 140870.4
20.975733 141753.6
20.994880 140104.8
21.020031 134932.0
21.049502 143650.0
21.063894 142066.4
21.080878 143078.4
21.116421 147360.8
21.141924 144936.0
21.163051 146520.0
21.176684 144188.8
21.194388 145490.4
21.206683 144403.2
21.226131 146653.2
21.245196 149410.8
21.257479 144403.2
21.283299 144496.8
21.295514 147452.4
21.314929 147802.0
21.333916 144408.0
21.346150 145640.0
21.367472 146478.4
21.386480 146611.2
21.405488 148549.6
21.424691 148044.0
21.437035 148720.0
21.463940 144183.6
21.476170 145023.2
21.494945 145632.0
21.514039 145242.8
21.526452 144483.2
21.554785 145454.4
21.567052 149295.6
21.585936 148549.6
21.604932 148819.2
21.624039 143786.4
21.636302 146169.6
21.658051 146169.6
21.676950 149125.6
21.695818 148549.6
21.714852 147400.0
21.727325 147875.6
21.753432 143312.4
21.765537 145200.0
21.784831 144582.4
21.803816 144183.6
21.816075 146478.4
21.837492 144451.2
21.856787 150645.6
21.874981 146826.4
21.893952 145375.2
21.906330 147571.2
21.927463 148812.4
21.939873 153597.6
21.952127 153398.4
21.964367 150164.0
21.976461 148784.0
21.988608 155206.0
22.000853 155052.0
22.014942 146960.0
22.045914 146212.8
22.060952 149125.6
22.075720 146212.8
22.090499 144628.4
22.105522 141240.0
22.120369 140160.0
22.134571 141393.6
22.148621 146876.8
22.163915 144451.2
22.178502 142041.6
22.190572 142507.6
22.202761 138534.4
22.214862 141990.8
22.227115 142120.0
22.239236 143139.2
22.251395 140114.0
22.263482 139594.4
22.275572 142249.2
22.287785 144891.6
22.300135 140569.6
22.312140 137017.6
22.324488 142136.0
22.336621 142689.6
22.348992 142136.0
22.361210 139977.2
22.373406 141368.4
22.385581 143048.8
22.397777 141551.2
22.409901 140104.8
22.421987 142220.0
22.434169 143337.6
22.446363 143008.0
22.458541 138787.2
22.470539 139699.2
22.482665 142171.2
22.494882 144188.8
22.507101 138956.4
22.519170 142507.6
22.531300 143000.0
22.543505 142480.0
22.555604 141808.8
22.567996 141184.0
22.580184 142614.4
22.592435 141782.4
22.604556 144010.8
22.616889 140800.0
22.629008 143270.4
22.645060 140160.0
22.657692 141603.2
22.669858 144272.4
22.682119 139594.4
22.694240 139099.6
22.706521 142249.2
22.718595 142610.0
22.730616 141937.6
22.742801 139084.0
22.755036 142527.2
22.767203 142948.8
22.779440 141912.0
22.791559 139977.2
22.803670 141293.6
22.815924 142266.4
22.828171 142788.0
22.840198 139353.2
22.852325 140104.8
22.864581 143880.0
22.876703 146080.0
22.888957 142136.0
22.901087 140232.4
22.913043 147773.6
22.925216 148584.8
22.937657 146692.8
22.949835 144788.4
22.961930 148044.0
22.974041 148010.4
22.986208 148010.4
22.998311 144672.0
23.017201 141636.0
23.048265 141111.6
23.061686 141368.4
23.076051 140615.2
23.092468 139480.0
23.109664 144188.8
23.124321 143401.6
23.137328 145947.2
23.153070 146080.0
23.167449 148472.0
23.180734 147832.0
23.194301 143570.4
23.206568 144540.0
23.218640 146919.6
23.230658 146797.2
23.242921 145891.2
23.255064 144233.6
23.267335 144804.0
23.279490 146596.0
23.291574 147093.6
23.303659 142876.8
23.315865 145587.6
23.328215 146253.6
23.340329 146662.4
23.352358 144451.2
23.364574 146962.4
23.376726 147503.2
23.390083 146826.4
23.402247 146692.8
23.414258 143926.4
23.426508 144220.8
23.438662 147436.8
23.450861 148108.8
23.462964 145150.4
23.474963 143795.2
23.487140 146962.4
23.499459 146120.4
23.511594 144672.0
23.523684 142396.8
23.535867 149566.8
23.548194 146653.2
23.560314 143918.8
23.572520 142918.4
23.584524 146328.0
23.596674 149024.4
23.609106 146120.4
23.621278 143795.2
23.633522 144353.6
23.645601 146653.2
23.657718 145624.0
23.669756 144628.4
23.681998 143926.4
23.694109 147638.4
23.707135 148240.0
23.719279 143700.8
23.731389 142917.6
23.743626 146253.6
23.755888 148753.2
23.768364 145286.4
23.780516 145792.0
23.792619 146292.0
23.804781 149767.2
23.817025 147668.4
23.829111 144672.0
23.841298 145681.6
23.853382 146425.6
23.865629 147840.0
23.877727 142786.0
23.889975 144884.8
23.902135 160308.0
23.918663 150947.2
23.931142 154485.6
23.943349 150782.8
23.955634 150717.6
23.967747 152124.8
23.980008 154910.4
23.992129 150371.2
24.004313 149136.4
24.023503 145947.2
24.051776 145814.4
24.066809 143654.0
24.080633 148145.2
24.094662 148108.8
24.117391 142689.6
24.130678 142870.0
24.144814 143130.0
24.159777 142378.4
24.174372 144582.4
24.189408 143831.2
24.202797 142527.2
24.216130 140360.0
24.230204 140232.4
24.243798 142300.8
24.258781 146345.6
24.273422 144320.0
24.287936 144272.4
24.301743 145107.2
24.313830 141603.2
24.326052 139792.8
24.338306 140392.0
24.350730 145904.8
24.363317 141422.4
24.375832 140983.2
24.388662 142610.0
24.400827 142833.6
24.413162 144276.0
24.425807 141293.6
24.438578 138592.4
24.451443 142120.0
24.463829 144672.0
24.476674 141808.8
24.491427 141184.0
24.529329 141440.0
24.563663 145904.8
24.619611 140032.0
24.632060 141422.4
24.645307 141861.6
24.658363 142870.0
24.678082 141422.4
24.690621 142610.0
24.703195 143570.4
24.716066 140854.8
24.728696 138266.4
24.741342 143130.0
24.754085 143095.2
24.766711 141056.0
24.779362 139226.4
24.792088 140854.8
24.804615 145200.0
24.817345 142689.6
24.830117 140174.4
24.842739 140854.8
24.855425 139442.4
24.867999 143390.0
24.880489 146212.8
24.893361 141293.6
24.905891 139977.2
24.919190 145375.2
24.931880 149328.0
24.944507 150947.2
24.957242 145718.8
24.969806 146292.0
24.982319 149056.0
24.994899 152582.8
25.008226 151194.4
25.022755 140615.2
25.037804 141625.2
25.053461 140104.8
25.068009 140998.0
25.082481 140870.4
25.099175 139606.8
25.113491 146998.0
25.127497 146960.0
25.141883 147503.2
25.155828 146960.0
25.170766 138285.6
25.184384 137213.2
25.196889 138913.6
25.209660 139920.0
25.222260 139353.2
25.234873 139798.4
25.247868 137029.6
25.260511 139353.2
25.273468 138852.0
25.286363 140174.4
25.299288 137720.0
25.312096 137720.0
25.324552 139792.8
25.337233 138660.8
25.349892 138902.4
25.379772 138474.0
25.392230 136406.4
25.404748 136843.6
25.417310 139672.0
25.429766 140174.4
25.442653 135160.0
25.468852 137088.8
25.481741 139538.4
25.494136 140032.0
25.506766 137088.8
25.519276 137213.2
25.532260 139166.4
25.544905 142740.0
25.557383 138160.0
25.570386 136591.2
25.582898 136718.4
25.595364 137970.0
25.608370 139353.2
25.621179 138978.0
25.633850 136276.0
25.646518 137280.0
25.659315 138222.0
25.672143 140301.6
25.684926 139648.0
25.697832 137406.4
25.710406 136468.0
25.723138 139733.6
25.735554 141184.0
25.748459 140870.4
25.761268 136281.6
25.774176 138600.0
25.786690 140487.6
25.799295 141496.8
25.811905 137469.6
25.824817 135836.4
25.837886 138034.4
25.850328 140114.0
25.862719 138978.0
25.875347 135836.4
25.888318 135960.0
25.901323 139353.2
25.913847 143130.0
25.926463 143309.6
25.939477 141393.6
25.951942 145904.8
25.965150 147804.0
25.977873 147168.0
25.990530 143618.4
26.003525 142833.6
26.016944 137970.4
26.031321 139356.0
26.047286 138726.0
26.061288 140360.0
26.076696 141368.4
26.098918 139040.0
26.113366 133242.4
26.132280 132158.0
26.146835 131120.0
26.159581 134368.0
26.172835 137213.2
26.185448 135619.2
26.198223 133683.6
26.211326 131280.0
26.223824 135007.2
26.236620 137155.2
26.249496 135694.0
26.261990 132714.0
26.274560 131679.6
26.286813 135129.6
26.299179 135694.0
26.311327 132714.0
26.323606 130047.2
26.335764 135054.0
26.348140 134688.0
26.360334 134246.4
26.372643 130722.8
26.384823 135054.0
26.396937 134246.4
26.409221 136905.6
26.421443 132680.8
26.433565 132921.6
26.445647 133273.6
26.458016 135273.6
26.470113 132638.4
26.482251 132319.6
26.494359 133242.4
26.506529 134466.0
26.518758 136062.4
26.530855 133683.6
26.542944 132759.2
26.555146 133881.6
26.567251 135150.4
26.579456 132240.0
26.591581 132440.0
26.603749 133320.0
26.615860 135694.0
26.628165 132480.0
26.640357 130920.0
26.652523 133846.4
26.664538 133468.0
26.681969 134711.6
26.694382 134003.2
26.706591 133363.2
26.718786 130404.8
26.730872 134124.8
26.742966 134780.8
26.755154 133562.4
26.767268 132277.6
26.779472 132544.0
26.791638 134517.6
26.803881 135694.0
26.815971 132714.0
26.828252 131880.0
26.840376 135007.2
26.852480 136136.0
26.864510 135694.0
26.876547 131201.2
26.888927 136152.0
26.901162 135571.2
26.913268 139353.2
26.925391 137720.0
26.937685 138474.0
26.949955 139827.6
26.961993 141368.4
26.974270 137720.0
26.986435 138096.0
26.998649 139920.0
27.024417 137710.8
27.048689 136701.6
27.063880 135374.4
27.077903 135816.8
27.091632 134971.2
27.105397 141125.6
27.119693 139166.4
27.140079 139733.6
27.154786 140047.2
27.169286 140367.6
27.182567 136964.4
27.195076 134904.0
27.207954 138411.2
27.220088 140160.0
27.232518 136780.8
27.245326 136028.0
27.258083 136401.6
27.270539 136778.4
27.283083 139672.0
27.295547 137720.0
27.313533 137710.8
27.339011 137144.0
27.389287 136207.2
27.449436 137970.0
27.461989 139292.8
27.474436 138978.0
27.488678 135596.0
27.501050 136156.8
27.513676 139040.0
27.526543 139292.8
27.539080 137654.4
27.551990 137462.0
27.564668 136905.6
27.577421 138474.0
27.590497 137902.4
27.603055 137779.2
27.615827 136780.8
27.628568 136780.8
27.641245 139353.2
27.653876 139419.2
27.666682 138095.6
27.679468 138034.4
27.692300 137094.0
27.704824 139480.0
27.717730 145150.4
27.730385 145332.0
27.743264 140212.8
27.755857 140311.2
27.768460 146566.8
27.781010 143618.4
27.793739 141344.8
27.806488 139665.6
27.819031 145814.4
27.831755 145375.2
27.844327 139792.8
27.856974 147227.2
27.869755 147302.4
27.882441 140104.8
27.895120 140360.0
27.908345 139480.0
27.920895 144956.0
27.933629 155618.4
27.946145 146158.4
27.958900 150534.4
27.971743 150420.0
27.984586 151824.8
27.997142 145891.2
28.010242 154140.0
28.024727 145904.8
28.038137 140742.8
28.053927 142300.8
28.069246 142948.8
28.085146 140810.4
28.175795 137088.8
28.188777 139987.2
28.202074 136505.6
28.214904 140928.0
28.228008 139264.0
28.240665 140726.4
28.253137 135960.0
28.266052 141184.0
28.282525 141184.0
28.298926 140232.4
28.311434 134780.8
28.324167 136454.4
28.336925 139594.4
28.349751 143309.6
28.362386 135589.2
28.375110 135396.8
28.388001 139699.2
28.400791 140416.0
28.413390 134288.0
28.426091 135396.8
28.438782 142249.2
28.451888 145242.8
28.464534 135036.0
28.477164 135712.8
28.489912 141990.8
28.502534 141753.6
28.515507 136276.0
28.528307 135904.0
28.541050 136648.0
28.553520 140742.8
28.566124 136276.0
28.578928 136083.6
28.591404 139733.6
28.604032 139538.4
28.616567 135342.0
28.629142 135325.6
28.642040 139392.0
28.654591 134834.4
28.667400 136454.4
28.680180 135643.2
28.693587 134657.6
28.706415 138536.8
28.718952 142819.2
28.731846 139920.0
28.744787 137845.2
28.757460 134780.8
28.770165 138978.0
28.783048 141474.0
28.795542 134534.4
28.808406 135520.0
28.822034 136648.0
28.834607 138726.0
28.847419 140854.8
28.860596 140800.0
28.873051 137720.0
28.885675 135273.6
28.898583 138474.0
28.911105 141344.8
28.923690 142171.2
28.936161 142819.2
28.948834 147368.0
28.961660 147705.6
28.973943 145054.8
28.986119 143961.6
28.998236 141111.6
29.011241 141496.8
29.044548 136578.0
29.060101 141882.0
29.073985 136207.2
29.088796 140047.2
29.103245 144844.8
29.118589 145464.0
29.132234 139920.0
29.146813 145507.6
29.160954 143309.6
29.174353 140104.8
29.186490 143700.8
29.198704 146158.4
29.210852 145150.4
29.223011 140800.0
29.235155 145242.8
29.247183 140174.4
29.259440 143748.0
29.271461 139920.0
29.283690 145200.0
29.295772 143487.6
29.308190 141652.8
29.320388 138600.0
29.333215 140174.4
29.345496 139411.2
29.357702 144365.2
29.369767 139849.6
29.381861 144672.0
29.394029 139920.0
29.406200 143748.0
29.419391 144713.2
29.431579 140232.4
29.443879 143838.8
29.456106 139665.6
29.468265 142833.6
29.485407 145549.6
29.497845 143440.0
29.510097 145824.0
29.522265 139099.6
29.534513 144534.0
29.546630 139792.8
29.559101 143918.8
29.571221 139353.2
29.583394 142657.6
29.595547 139029.6
29.607733 147132.0
29.619907 139920.0
29.632166 143616.0
29.644220 139860.4
29.656413 141732.4
29.668667 140047.2
29.680788 144496.8
29.693108 139480.0
29.705396 140440.4
29.717655 140416.0
29.729795 146826.4
29.742053 139792.8
29.754139 142480.0
29.766229 140174.4
29.778418 138775.2
29.790675 142171.2
29.802801 144891.6
29.814861 144540.0
29.827055 140487.6
29.839140 146227.2
29.851180 141753.6
29.863238 142350.0
29.875317 140487.6
29.887742 144672.0
29.899941 140160.0
29.912069 145548.8
29.924246 146559.2
29.936439 146158.4
29.948745 150234.0
29.960877 152263.6
29.973079 150320.4
29.985280 146386.8
29.997436 148888.8
30.013022 140114.0
30.045280 139920.0
30.061031 146080.0
30.074341 145332.0
30.089688 146037.2
30.103908 140556.0
30.118688 138913.6
30.132904 142138.8
30.146594 137213.2
30.160310 136136.0
30.175041 136207.2
30.187240 138902.4
30.199474 134957.2
30.211668 140360.0
30.223852 137155.2
30.236080 143260.0
30.248245 135202.8
30.260272 136715.6
30.272347 136207.2
30.284655 141368.4
30.296675 140174.4
30.314294 135273.6
30.326791 140160.0
30.339351 141240.0
30.352057 136578.0
30.364313 139860.4
30.376678 135889.6
30.389284 135889.6
30.401817 140544.0
30.414328 135520.0
30.427088 135766.4
30.439565 141056.0
30.452277 136840.0
30.467077 137213.2
30.495092 136028.0
30.508714 141240.0
30.545594 138160.0
30.618596 142010.4
30.631007 138600.0
30.645862 137155.2
30.666820 140928.0
30.679763 138600.0
30.692366 137088.8
30.706268 136342.4
30.718934 138846.0
30.731409 142430.4
30.744003 137783.2
30.756863 136648.0
30.769338 139104.0
30.782149 141368.4
30.794866 139040.0
30.807390 135396.8
30.820589 135027.2
30.833373 139672.0
30.845830 141111.6
30.858371 135150.4
30.871102 138752.0
30.899970 135889.6
30.912369 142560.0
30.925159 146060.0
30.938160 143575.6
30.950876 142964.4
30.963371 143487.6
30.976028 147705.6
30.988844 145548.8
31.001237 143078.4
31.014414 136207.2
31.030276 138411.2
31.049702 143596.8
31.063793 137088.8
31.079428 141753.6
31.094149 136028.0
31.108118 145332.0
31.123030 146037.2
31.137751 145200.0
31.156749 145507.6
31.171373 140416.0
31.184323 140870.4
31.196802 144580.8
31.209671 146292.0
31.222408 145242.8
31.235395 139284.0
31.248318 139665.6
31.261062 141680.0
31.273799 143880.0
31.286354 139411.2
31.298924 140544.0
31.311382 145947.2
31.324053 141393.6
31.336877 140983.2
31.349534 142480.0
31.362026 145947.2
31.374808 144496.8
31.387449 140104.8
31.400402 141368.4
31.413080 145904.8
31.428945 140174.4
31.449946 143260.0
31.462432 142171.2
31.474953 144408.0
31.487452 143000.0
31.500315 140870.4
31.513074 146212.8
31.525883 144672.0
31.538688 145375.2
31.551683 141056.0
31.564448 139665.6
31.576913 144580.8
31.589720 147168.0
31.602668 140232.4
31.615388 139977.2
31.628275 140360.0
31.640771 145283.2
31.653376 139538.4
31.665958 145332.0
31.679393 139977.2
31.692049 142956.0
31.704431 138846.0
31.717307 140615.2
31.729917 144486.4
31.742390 141422.4
31.755238 139849.6
31.768216 140998.0
31.780703 143970.4
31.793317 145068.0
31.806060 140983.2
31.818852 143078.4
31.831734 142614.4
31.844399 136772.0
31.857068 133590.0
31.869847 134444.0
31.882445 134322.0
31.895326 137904.0
31.908386 137088.8
31.921600 143880.0
31.934223 139920.0
31.946463 138913.6
31.960204 138474.0
31.972854 142005.6
31.985750 143048.8
31.998931 142090.0
32.011454 147360.8
32.026222 141164.8
32.039813 146037.2
32.055126 145154.8
32.068443 145860.0
32.082114 140928.0
32.096506 144978.0
32.110268 136896.0
32.124104 135780.0
32.137731 142010.4
32.152393 136330.8
32.166064 131560.0
32.179197 130065.6
32.191899 129388.8
32.204488 130476.8
32.217004 133441.2
32.248358 128272.8
32.261019 129857.6
32.273848 135396.8
32.286775 132759.2
32.299434 129786.0
32.313076 133846.4
32.327337 128876.0
32.346861 132680.8
32.360121 132155.2
32.372384 128180.0
32.384748 133282.8
32.399029 128505.6
32.411457 132073.6
32.423768 133604.8
32.436869 130508.0
32.450976 132759.2
32.463135 129648.0
32.477780 129764.8
32.491875 132801.2
32.504508 128644.0
32.518636 133884.8
32.530783 129948.0
32.543115 133644.0
32.557744 132801.2
32.571885 130086.0
32.584037 134692.0
32.603860 130713.6
32.616434 132397.2
32.629432 133162.4
32.642137 128654.4
32.654766 126672.0
32.667003 132680.8
32.679469 127136.0
32.691904 134588.8
32.704538 133000.8
32.717299 128156.4
32.729998 128480.0
32.742515 141368.4
32.754990 137845.2
32.767824 137337.6
32.795549 137718.0
32.808673 139480.0
32.846573 129948.0
32.920132 130713.6
32.932517 139166.4
32.945303 135396.8
32.958063 135325.6
32.970543 136840.0
32.983433 138788.0
32.996193 137088.8
33.010469 139482.0
33.024524 132560.4
33.038436 129531.2
33.053200 130300.8
33.067825 134047.2
33.081561 133080.0
33.095458 128040.0
33.110203 132759.2
33.124057 134246.4
33.139603 137835.2
33.156603 137462.0
33.170544 132680.8
33.186926 137904.0
33.202108 131280.0
33.216040 132801.2
33.228741 134466.0
33.241191 137529.6
33.253826 136964.4
33.266314 133042.0
33.278797 137030.4
33.291342 132517.6
33.303940 137020.0
33.316543 137213.2
33.329226 132276.0
33.341949 133484.0
33.354610 135342.0
33.367459 137835.2
33.379974 133804.8
33.392586 132801.2
33.405535 134640.0
33.418214 139097.2
33.431357 142300.8
33.443852 142870.0
33.456555 140104.8
33.469188 146478.4
33.482096 145017.6
33.494621 138956.4
33.507205 140232.4
33.519585 144365.2
33.532625 145242.8
33.545375 139849.6
33.558123 140870.4
33.572506 140469.6
33.584994 140998.0
33.597942 132680.8
33.610467 137144.0
33.623203 133590.0
33.635602 132600.0
33.648860 134688.0
33.661609 137469.6
33.703207 132360.0
33.716024 137779.2
33.728849 136591.2
33.741894 136466.8
33.754970 136964.4
33.769909 137213.2
33.784890 136062.4
33.798103 133273.6
33.810828 132120.0
33.823241 135571.2
33.836102 136905.6
33.848578 132801.2
33.861420 133320.0
33.874012 135969.2
33.886610 136964.4
33.899661 136896.0
33.912098 133729.2
33.924638 143795.2
33.937232 142480.0
33.950521 138408.0
33.963141 139166.4
33.976051 139166.4
33.988599 143048.8
34.001402 138408.0
34.014641 137710.8
34.028494 136896.0
34.042168 132921.6
34.056531 137529.6
34.070994 134489.6
34.086385 136648.0
34.101674 136628.8
34.118053 129623.2
34.136265 128412.0
34.150929 136308.0
34.170044 134957.2
34.182648 141293.6
34.195391 135465.6
34.208167 135960.0
34.220900 139156.8
34.233662 141496.8
34.246070 137344.4
34.258789 136843.6
34.271551 139166.4
34.284524 141440.0
34.297301 141496.8
34.311141 140616.0
34.323551 128389.2
34.337307 130680.0
34.350212 135298.0
34.362691 131392.8
34.375536 128040.0
34.388807 128216.8
34.401296 132756.0
34.413631 126904.0
34.426015 133282.8
34.438623 132921.6
34.450949 128876.0
34.464633 133121.6
34.477423 128389.2
34.490333 127600.0
34.503180 128296.0
34.515703 132880.0
34.528301 127458.0
34.540932 131040.0
34.553449 135252.0
34.566043 128389.2
34.578580 130390.0
34.590719 133042.0
34.603199 127738.0
34.615681 132880.0
34.632922 131958.4
34.645337 127428.8
34.658174 127716.0
34.690867 134566.0
34.703308 127391.2
34.715974 128064.0
34.730942 131400.0
34.743190 128272.8
34.756039 128622.0
34.768462 132312.0
34.780681 131440.4
34.793000 131356.4
34.805555 133403.2
34.826591 133804.8
34.839375 128040.0
34.852182 128854.8
34.864702 131274.0
34.877857 139570.8
34.890476 140487.6
34.903062 149600.0
34.918989 145757.6
34.938855 144188.8
34.952952 146462.0
34.965363 142041.6
34.978379 140698.8
34.991505 141732.4
35.004371 141652.8
35.017759 130888.8
35.031490 132921.6
35.044555 134088.0
35.087476 133967.2
35.117508 136259.2
35.158771 133725.6
35.175679 131597.2
35.188977 132801.2
35.201884 137710.8
35.214771 138536.8
35.228078 132921.6
35.240649 137404.8
35.253706 136400.0
35.266879 137213.2
35.279540 130800.0
35.292128 132801.2
35.304619 137280.0
35.317343 133604.8
35.330101 132801.2
35.343089 132480.0
35.355631 137280.0
35.368719 139230.0
35.381402 131913.6
35.393984 132240.0
35.406505 137088.8
35.419004 134368.0
35.431697 132155.2
35.444251 137088.8
35.457034 138348.0
35.469543 132078.8
35.482354 133042.0
35.494755 136780.8
35.507315 130800.0
35.520023 137337.6
35.532986 135969.2
35.545409 137529.6
35.558263 132319.6
35.571130 133242.4
35.583789 136715.6
35.596389 145814.4
35.609362 138880.0
35.622076 139977.2
35.635010 141753.6
35.647765 143707.2
35.660633 144936.0
35.673263 140104.8
35.685701 142610.0
35.698306 144188.8
35.710773 143618.4
35.723327 139665.6
35.736083 143654.0
35.748930 144713.2
35.761703 137213.2
35.776273 133042.0
35.789812 137144.0
35.804210 137710.8
35.830016 138348.0
35.842563 132120.0
35.855192 132801.2
35.867885 136715.6
35.880322 132560.4
35.893289 132880.0
35.906074 132480.0
35.919023 140212.8
35.931336 138212.0
35.943795 139827.6
35.956311 142048.8
35.968588 140240.8
35.981752 138913.6
35.994225 139166.4
36.007065 145154.8
36.021338 133804.8
36.034552 133764.4
36.050459 139097.2
36.064698 133484.0
36.088979 132921.6
36.105562 129948.0
36.119794 132960.0
36.134607 133523.6
36.147864 133967.2
36.162568 128505.6
36.176062 130154.0
36.188672 126904.0
36.201734 132788.8
36.214862 131835.2
36.227809 132908.8
36.240598 132600.0
36.253066 128947.2
36.266192 128596.8
36.278725 131799.2
36.291369 133042.0
36.304083 130154.0
36.316709 136772.0
36.329368 138095.6
36.341873 141164.8
36.354793 140174.4
36.367341 136382.4
36.379722 140416.0
36.392305 135150.4
36.405201 135396.8
36.418004 140469.6
36.430497 141111.6
36.443266 135342.0
36.478107 132480.0
36.490772 132440.0
36.503476 128180.0
36.516496 127341.6
36.528862 133162.4
36.542829 128830.4
36.555515 127690.8
36.568269 131868.0
36.580990 133956.0
36.593736 131274.0
36.606858 129388.8
36.619322 129180.8
36.632137 130920.0
36.645128 133523.6
36.659836 132720.0
36.672079 131597.2
36.684475 128246.4
36.696637 130240.0
36.710458 128760.0
36.724513 133282.8
36.740218 128412.0
36.752391 129564.0
36.764653 127252.0
36.776874 133042.0
36.791009 129764.8
36.805255 133162.4
36.819844 132277.6
36.832122 127136.0
36.844403 128713.6
36.857895 132801.2
36.871840 132105.6
36.886126 132840.0
36.900548 127807.2
36.912807 135273.6
36.925226 135150.4
36.937788 136136.0
36.951515 135619.2
36.965678 140112.0
36.980026 138913.6
36.992241 134368.0
37.004629 138913.6
37.017506 142839.2
37.031285 140428.8
37.049194 136825.2
37.064910 141882.0
37.079932 141440.0
37.095640 138408.0
37.109954 150890.4
37.126303 140104.8
37.147832 146169.6
37.165682 133764.4
37.180809 132921.6
37.193138 136156.8
37.205421 133403.2
37.220884 137337.6
37.233048 136156.8
37.245281 132078.8
37.257766 134124.8
37.273174 132960.0
37.287396 136505.6
37.301773 138596.4
37.313829 136466.8
37.326194 133282.8
37.340167 137219.2
37.353819 131913.6
37.366224 137155.2
37.381352 137219.2
37.393699 135520.0
37.407920 135712.8
37.422180 132034.4
37.434450 133760.0
37.446555 137529.6
37.461932 138600.0
37.476349 135889.6
37.491727 133346.0
37.503954 137392.0
37.519893 132801.2
37.532178 136032.0
37.544332 133080.0
37.560224 137779.2
37.572694 131476.8
37.584862 137268.0
37.599894 136840.0
37.612200 132360.0
37.624720 137392.0
37.639995 132921.6
37.652301 134272.8
37.664619 131717.6
37.676889 137020.0
37.692233 135816.8
37.704700 136896.0
37.719851 137020.0
37.732190 140800.0
37.744453 141808.8
37.760121 138012.0
37.772585 144672.0
37.785339 140174.4
37.799911 143575.6
37.811997 142870.0
37.824256 140301.6
37.845307 140160.0
37.857980 143088.0
37.871590 140428.8
37.885615 144804.0
37.899928 132199.2
37.912216 139156.8
37.924603 139040.0
37.936935 143520.0
37.952402 139292.8
37.966328 139986.0
37.980509 141240.0
37.992896 144141.6
38.005208 138726.0
38.043602 138153.6
38.057782 136207.2
38.077911 137280.0
38.095009 133604.8
38.115043 130888.8
38.132032 131098.0
38.150657 133162.4
38.170034 135176.0
38.186745 132801.2
38.201127 130115.2
38.213397 133644.0
38.230150 132319.6
38.242410 128505.6
38.254640 134854.4
38.269947 133030.4
38.282387 127716.0
38.294673 133523.6
38.308157 128760.0
38.322379 130418.4
38.336399 128316.0
38.350866 133604.8
38.362925 131716.0
38.375188 131717.6
38.390371 132480.0
38.402622 128644.0
38.416618 133764.4
38.430929 129180.8
38.443170 130920.0
38.455410 136028.0
38.468011 137392.0
38.481760 138208.4
38.495684 141184.0
38.510503 137594.8
38.522826 137902.4
38.535019 140800.0
38.547367 139667.2
38.563009 141253.2
38.576948 140870.4
38.591373 135656.0
38.603542 130508.0
38.615652 132480.0
38.632197 128296.0
38.644510 133282.8
38.660203 128412.0
38.672535 132801.2
38.684806 130003.2
38.696991 133680.0
38.712528 131835.2
38.726540 128760.0
38.740981 131717.6
38.753317 128099.6
38.765686 129340.0
38.780682 128216.8
38.793048 133162.4
38.806977 128296.0
38.821297 130842.4
38.833535 128180.0
38.845684 133644.0
38.860912 134517.6
38.873030 128296.0
38.885286 131760.0
38.900196 130917.6
38.912347 131274.0
38.926410 135939.6
38.940613 134711.6
38.952803 139292.8
38.964984 137718.0
38.977089 135939.6
38.992669 141253.2
39.010101 140177.6
39.027423 132636.4
39.050734 134329.6
39.065103 128412.0
39.082989 133523.6
39.097966 134088.0
39.113028 138153.6
39.128517 136825.2
39.146444 133403.2
39.185550 143024.4
39.200252 141253.2
39.212553 138828.8
39.226630 143520.0
39.239514 144451.2
39.251727 143520.0
39.264001 143748.0
39.276345 140301.6
39.292017 135969.2
39.309365 133926.0
39.321646 137710.8
39.335683 136948.8
39.350053 138346.0
39.362354 132480.0
39.374721 136715.6
39.387106 132960.0
39.402655 137020.0
39.417492 138528.0
39.431644 136772.0
39.444021 134884.8
39.456378 133042.0
39.468876 137337.6
39.482515 136308.0
39.496371 132960.0
39.510786 137532.0
39.523050 133881.6
39.535373 133080.0
39.547787 138457.2
39.563074 137213.2
39.577097 133403.2
39.591494 137144.0
39.603714 131040.0
39.616012 136218.0
39.629881 134246.4
39.642259 137020.0
39.656518 132360.0
39.671031 136896.0
39.683379 133346.0
39.695551 132199.2
39.709923 138096.0
39.722178 133403.2
39.736431 135939.6
39.750884 137959.6
39.763044 136156.8
39.775389 132592.8
39.790038 134368.0
39.802400 135252.0
39.816528 133680.0
39.830761 135780.0
39.843023 134124.8
39.855190 133042.0
39.869819 137657.6
39.882276 133320.0
39.896165 146212.8
39.910765 144804.0
39.923051 152402.4
39.935395 146496.0
39.947796 149160.0
39.963070 147227.2
39.977059 151800.0
39.991511 145321.2
40.003796 149846.4
40.016545 147009.6
40.048031 140672.0
40.062163 134047.2
40.079528 132560.4
40.094789 134246.4
40.109048 133042.0
40.123670 133846.4
40.140173 128180.0
40.154463 132516.8
40.169453 131954.4
40.181697 132343.2
40.195795 133200.0
40.210057 131036.4
40.222443 128738.4
40.234858 134005.2
40.247939 134208.8
40.262650 127225.2
40.274939 133162.4
40.290102 128180.0
40.302425 128363.2
40.314590 133800.0
40.329949 128180.0
40.342336 132078.8
40.354484 128200.4
40.369948 132277.6
40.382195 127136.0
40.394452 128180.0
40.409950 134517.6
40.422352 128389.2
40.434803 133282.8
40.450105 129204.0
40.462333 127368.0
40.474556 131155.2
40.486942 133200.0
40.502417 132516.8
40.516476 129009.6
40.530602 133162.4
40.542798 126904.0
40.555153 131236.0
40.567456 129087.6
40.582989 133644.0
40.596975 141625.2
40.611199 137280.8
40.623500 135589.2
40.635754 140800.0
40.649874 136656.0
40.662123 140998.0
40.686589 142918.4
40.699109 136430.8
40.712809 140742.8
40.727160 129204.0
40.741459 134047.2
40.753816 130390.0
40.766094 131792.8
40.780008 128854.8
40.792240 131954.4
40.806616 127948.0
40.821003 133042.0
40.833237 129682.0
40.845630 127368.0
40.859887 132199.2
40.872152 128412.0
40.886368 132312.0
40.900653 127807.2
40.912782 135273.6
40.925137 134884.8
40.937510 137529.6
40.953144 134047.2
40.967272 138596.4
40.981388 133834.0
40.993618 140301.6
41.006202 135325.6
41.024566 128738.4
41.039264 128505.6
41.054615 128622.0
41.072571 133967.2
41.090600 131630.4
41.106143 135054.0
41.121249 139039.2
41.136296 137586.4
41.152213 132921.6
41.169556 131958.4
41.181873 136591.2
41.194173 133282.8
41.210112 137902.4
41.222402 132319.6
41.234797 138153.6
41.249221 134774.4
41.262560 137835.2
41.276646 133403.2
41.290865 137155.2
41.303151 132158.0
41.315319 144051.2
41.327791 141625.2
41.343249 142324.0
41.357292 140428.8
41.371639 145110.4
41.383868 144978.0
41.396078 142819.2
41.410149 140047.2
41.422523 148377.6
41.436892 140998.0
41.451221 134588.8
41.463453 131201.2
41.475703 137710.8
41.489828 135448.4
41.502156 137213.2
41.516186 133764.4
41.530177 135129.6
41.542584 132801.2
41.555038 135596.0
41.569829 137657.6
41.582165 134653.2
41.596191 137337.6
41.610596 137529.6
41.622922 132801.2
41.635783 137268.0
41.649908 136948.8
41.662176 136217.6
41.674475 132480.0
41.689965 138534.4
41.702288 132158.0
41.714644 137959.6
41.730081 132921.6
41.742551 136964.4
41.754847 135129.6
41.769976 133042.0
41.782315 136896.0
41.794675 133403.2
41.810074 135396.8
41.822352 132480.0
41.834671 139482.0
41.847080 133764.4
41.863479 136701.6
41.877474 138278.4
41.891718 136400.0
41.903931 135889.6
41.916110 139956.0
41.928285 138726.0
41.940486 141861.6
41.952598 138787.2
41.964793 142171.2
41.976877 140392.0
41.989205 143880.0
42.001277 138346.0
42.015315 135694.0
42.043311 142066.4
42.110245 136012.8
42.133763 141568.0
42.152267 135448.4
42.169694 142378.4
42.182097 135448.4
42.194222 137094.0
42.206499 135202.8
42.218626 133042.0
42.230721 131358.4
42.245896 132801.2
42.259224 127738.0
42.271274 128246.4
42.283526 128760.0
42.295622 131520.0
42.307741 131799.2
42.319948 130832.0
42.332158 126119.6
42.344296 127622.4
42.356332 132038.4
42.368585 127948.0
42.380716 132360.0
42.392955 128064.0
42.405238 131717.6
42.417312 128431.6
42.429334 129210.0
42.441524 128713.6
42.453835 131918.8
42.466001 131520.0
42.478418 132600.0
42.490657 127020.0
42.502893 132000.0
42.515004 128180.0
42.527162 130323.6
42.539348 127969.2
42.551521 128480.0
42.563643 131274.0
42.575726 132480.0
42.588163 127716.0
42.600180 128528.0
42.612259 128536.8
42.624351 127832.0
42.636545 131596.8
42.648676 127020.0
42.660904 134200.0
42.672927 128622.0
42.685257 132038.4
42.697308 128296.0
42.709561 133760.0
42.721677 131120.0
42.733900 133200.0
42.746042 128064.0
42.758342 136656.0
42.770423 137213.2
42.782665 142090.0
42.794783 140047.2
42.806991 136400.0
42.819327 135766.4
42.831552 135532.0
42.843694 140174.4
42.855881 137404.8
42.868192 134847.6
42.880278 127622.4
42.892383 133484.0
42.904584 130204.8
42.916789 133926.0
42.929003 134003.2
42.941282 137649.6
42.953381 133562.4
42.965678 138285.6
42.977793 133538.4
42.990007 140232.4
43.002200 135054.0
43.027035 128505.6
43.044434 133967.2
43.061782 133042.0
43.078432 133282.8
43.093752 132440.0
43.107207 133042.0
43.122822 134003.2
43.138070 132759.2
43.151964 137904.0
43.167313 136752.0
43.182741 136628.8
43.196814 136578.0
43.209060 131081.6
43.221302 132956.4
43.233396 133884.8
43.245580 132155.2
43.257790 136276.0
43.269943 135448.4
43.282070 135596.0
43.294231 132360.0
43.306314 136330.8
43.318620 132000.0
43.330723 136648.0
43.342823 132787.2
43.354915 138285.6
43.366998 136715.6
43.379190 133320.0
43.391329 132680.8
43.407500 136406.4
43.420431 130962.0
43.432676 136330.8
43.444925 134810.0
43.457004 135160.0
43.469228 132038.4
43.481368 144012.0
43.493501 139284.0
43.505738 144365.2
43.518121 140428.8
43.530331 142560.0
43.542432 139226.4
43.554707 144057.6
43.566931 143650.0
43.579015 143838.8
43.591262 140047.2
43.603341 141004.8
43.615437 140047.2
43.627757 144057.6
43.639940 135656.0
43.652083 135252.0
43.664270 131918.8
43.676348 131440.4
43.688496 134688.0
43.700827 136628.8
43.712957 136218.0
43.725151 132440.0
43.737355 133881.6
43.749460 131440.4
43.761518 137462.0
43.773828 134003.2
43.786018 136591.2
43.798277 131918.8
43.810490 137144.0
43.822751 131597.2
43.834848 136896.0
43.847039 131799.2
43.860270 131596.8
43.872353 135007.2
43.884646 132480.0
43.896746 136207.2
43.909037 131918.8
43.921289 135844.8
43.933423 139482.0
43.945464 138787.2
43.957856 140698.8
43.970094 143532.8
43.982370 137280.0
43.994516 143664.0
44.023862 133926.0
44.049778 138084.0
44.063918 135694.0
44.078883 134640.0
44.093172 132680.8
44.106550 128296.0
44.120484 133523.6
44.135468 133403.2
44.150367 128713.6
44.163945 133282.8
44.178742 140800.0
44.190947 139264.0
44.203071 136524.0
44.215380 136648.0
44.227446 139466.8
44.239820 139411.2
44.252051 137710.8
44.267491 140360.0
44.280120 136012.8
44.292325 130272.0
44.304501 126813.2
44.316679 132960.0
44.328902 128296.0
44.341178 130561.2
44.353418 127275.6
44.365700 132158.0
44.377817 128622.0
44.390128 132858.0
44.402326 127622.4
44.414500 132073.6
44.426781 129623.2
44.439134 131597.2
44.451322 128971.2
44.463416 131511.6
44.475470 127391.2
44.487690 132680.8
44.499825 129124.8
44.511918 134566.0
44.524193 127853.6
44.536428 127779.2
44.548518 127738.0
44.560604 132240.0
44.572895 131400.0
44.585089 130418.4
44.597219 127622.4
44.609434 127136.0
44.621523 134289.6
44.633696 127923.6
44.645825 132240.0
44.658155 127180.8
44.670297 130121.6
44.686838 133121.6
44.699309 127738.0
44.711477 132480.0
44.723740 126350.8
44.735918 132120.0
44.748211 126950.4
44.760446 132720.0
44.772537 127275.6
44.784733 132158.0
44.796946 128180.0
44.809125 133077.6
44.821376 128622.0
44.833528 127690.8
44.845544 130183.2
44.857728 132921.6
44.869839 133121.6
44.882049 128180.0
44.894173 139442.4
44.906439 136028.0
44.918832 145200.0
44.931008 143749.2
44.943231 141990.8
44.955470 141700.0
44.967635 147052.8
44.979841 144057.6
44.991974 145188.0
45.004184 141111.6
45.023602 141312.0
45.052382 130950.4
45.065604 133200.0
45.080611 132720.0
45.095941 135176.0
45.110619 137586.4
45.124374 132199.2
45.138942 138028.8
45.153242 133042.0
45.167648 134168.4
45.181200 132360.0
45.193399 136207.2
45.205515 132199.2
45.217636 136948.8
45.229861 132471.6
45.242037 136656.0
45.254159 132038.4
45.266403 137030.4
45.278594 132000.0
45.290889 136524.0
45.303089 131477.6
45.315247 133468.0
45.327356 131799.2
45.339797 136964.4
45.351796 136330.8
45.363899 135129.6
45.375994 136156.8
45.388273 131838.0
45.400428 135496.8
45.412500 132000.0
45.424598 137213.2
45.436786 130842.4
45.448994 136028.0
45.461179 133042.0
45.473276 136093.6
45.485534 132720.0
45.497770 136083.6
45.510101 132360.0
45.522272 134097.6
45.534425 132756.0
45.546511 138034.4
45.558675 134272.8
45.570915 136772.0
45.583006 135780.0
45.595194 132000.0
45.607313 133926.0
45.619612 139520.0
45.631799 144365.2
45.643910 140232.4
45.656153 142786.0
45.668271 141253.2
45.680450 144188.8
45.720057 144353.6
45.732390 131440.4
45.744529 136772.0
45.756678 130800.0
45.768918 136400.0
45.781125 132680.8
45.793256 134411.2
45.805537 132319.6
45.817678 137020.0
45.829938 134097.6
45.842031 136152.0
45.854159 131679.6
45.866339 131838.0
45.878592 134200.0
45.890921 136648.0
45.903036 146092.8
45.915137 135027.2
45.927219 139538.4
45.939559 137214.0
45.951621 143078.4
45.963641 137155.2
45.979622 142964.4
45.992065 137720.0
46.004272 141614.4
46.019679 136012.8
46.039273 132440.0
46.053712 136715.6
46.068120 136330.8
46.082988 137835.2
46.097321 133363.2
46.111729 133042.0
46.125562 128389.2
46.139330 133683.6
46.153459 129271.6
46.168706 130595.2
46.182201 127180.8
46.194241 130047.2
46.206562 127044.4
46.218690 134246.4
46.230871 127341.6
46.243080 131880.0
46.255246 127622.4
46.267400 133484.0
46.279917 127136.0
46.292076 131640.0
46.304297 127622.4
46.316555 132440.0
46.328581 128830.4
46.340671 143179.2
46.352731 139226.4
46.365057 136152.0
46.377302 134517.6
46.389511 133852.0
46.401660 141380.8
46.413677 134288.0
46.425880 139722.0
46.438348 135027.2
46.450501 141440.0
46.462681 134288.0
46.474880 140957.2
46.486998 127716.0
46.499190 131040.0
46.511273 127738.0
46.523523 132000.0
46.535677 128596.8
46.547712 131799.2
46.559963 132155.2
46.572098 130358.4
46.584262 127160.0
46.596278 127275.6
46.608500 131918.8
46.620641 126672.0
46.632694 132480.0
46.645205 128156.4
46.657385 131477.6
46.669698 132360.0
46.681912 134588.8
46.694213 126835.2
46.706374 131036.4
46.718538 128272.8
46.730624 131679.6
46.742707 126904.0
46.754980 131640.0
46.767089 128876.0
46.779246 128889.6
46.791548 127484.0
46.803719 132240.0
46.815918 130722.8
46.828126 129800.0
46.840300 127506.8
46.852262 127622.4
46.888262 128802.8
46.900613 130771.2
46.912541 129967.2
46.924670 138285.6
46.936933 134884.8
46.949302 135374.4
46.961535 133224.0
46.973698 138285.6
46.985914 136136.0
46.998249 134003.2
47.013745 128971.2
47.053904 142507.6
47.067409 143570.4
47.083291 136896.0
47.096794 137720.0
47.111143 141312.0
47.125143 140742.8
47.140761 145904.8
47.155385 139136.0
47.169955 141056.0
47.182295 143444.0
47.194381 139792.8
47.206641 136524.0
47.219034 132277.6
47.231255 135969.2
47.243378 131918.8
47.255585 136400.0
47.270313 131913.6
47.286274 131799.2
47.298446 137718.0
47.314405 135007.2
47.326771 136648.0
47.339087 132360.0
47.351265 133926.0
47.363325 132480.0
47.375672 139166.4
47.387790 135465.6
47.399968 134168.4
47.412050 135532.0
47.424270 131679.6
47.436447 136012.8
47.448716 131160.0
47.460790 136400.0
47.472957 131640.0
47.485152 137030.4
47.497359 131280.0
47.509692 138095.6
47.521775 132908.8
47.533851 137268.0
47.546060 132480.0
47.566416 135619.2
47.578600 135780.0
47.590783 136524.0
47.602972 132240.0
47.615118 137213.2
47.627370 131160.0
47.639700 138536.8
47.651777 132880.0
47.663788 136524.0
47.675864 131280.0
47.688310 135532.0
47.700460 132397.2
47.712593 135836.4
47.724745 134028.0
47.736999 136276.0
47.749298 132277.6
47.761384 140569.6
47.773704 141474.0
47.785993 144672.0
47.798335 139606.8
47.810385 144144.0
47.822633 139904.0
47.834834 145418.0
47.847000 145640.0
47.860220 139480.0
47.872358 132787.2
47.884473 134532.0
47.896626 136093.6
47.908734 137088.8
47.921015 133956.0
47.933216 141568.0
47.945358 137908.8
47.957742 141912.0
47.970000 141111.6
47.982331 138662.4
47.994444 137718.0
48.006709 142300.8
48.029374 133403.2
48.045509 137155.2
48.060223 131760.0
48.073753 138220.8
48.087878 132680.8
48.100869 132960.0
48.115904 129087.6
48.133524 129204.0
48.147386 133523.6
48.168472 133604.8
48.187878 128622.0
48.202608 130626.0
48.216268 128064.0
48.228793 132319.6
48.241372 128301.6
48.253893 128389.2
48.267015 129204.0
48.279539 131679.6
48.291911 130798.8
48.304644 126788.0
48.316902 132880.0
48.329375 127252.0
48.341897 128180.0
48.354527 133725.6
48.368784 127574.4
48.381167 130272.0
48.393663 132680.8
48.406379 127923.6
48.418900 131838.0
48.431254 128246.4
48.443501 131358.4
48.455802 133363.2
48.468683 127690.8
48.481368 137280.0
48.493778 141312.0
48.510177 138726.0
48.522565 138660.8
48.534933 144092.0
48.547394 134164.8
48.559932 140487.6
48.572846 140160.0
48.585312 135836.4
48.598447 135780.0
