14134.929853 # # #
3.532401 0 gpsd 8019
3.537543 1 gpsd 8019
25.787089 0  
25.795072 1  
35.910708 0  
35.919104 1  
44.733511 0  
44.740508 1  
52.353529 0  
52.364312 1  
57.448297 0  
57.455058 1  
60.515863 0  
60.522949 1  
76.225810 0 gpsd 8019
76.230377 1 gpsd 8019
84.631300 0  
84.638122 1  
86.432896 0  
86.439644 1  
92.055001 0  
92.064240 1  
95.773438 0  
95.779278 1  
98.790970 0  
98.798958 1  
101.734209 0  
101.741202 1  
104.227956 0  
104.236573 1  
110.043441 0  
110.057185 1  
113.232258 0  
113.241000 1  
116.530623 0  
116.536775 1  
118.098384 0  
118.104926 1  
119.524031 0  
119.529789 1  
