6522.072699 #
0.084000 144936.0
0.095921 137462.0
0.115277 140301.6
0.134148 141184.0
0.154346 139648.0
0.166425 139860.4
0.185737 135816.8
0.205047 132038.4
0.224016 133282.8
0.244783 137404.8
0.256677 134932.0
0.276123 134653.2
0.295027 134322.0
0.314150 134854.4
0.334224 131596.8
0.346091 133320.0
0.365157 132516.8
0.405341 135374.4
0.422440 135766.4
0.434294 132840.0
0.453929 135816.8
0.473019 137155.2
0.485594 133121.6
0.504193 134322.0
0.523220 134150.4
0.536424 135007.2
0.554760 132614.0
0.566773 135252.0
0.588203 134097.6
0.603593 133956.0
0.615449 134168.4
0.632927 138346.0
0.644962 135816.8
0.664034 135252.0
0.683017 135496.8
0.694803 136207.2
0.713549 134288.0
0.725528 134208.8
0.744795 138220.8
0.763830 136553.6
0.777571 135176.0
0.796506 135252.0
0.815344 134489.6
0.833719 132397.2
0.852193 131679.6
0.864127 131880.0
0.875946 136136.0
0.896094 133242.4
0.915111 134124.8
0.933423 132680.8
0.945273 131356.4
0.965647 130920.0
0.977611 133363.2
0.996784 135712.8
1.008653 138846.0
1.020386 140341.2
1.032117 140742.8
1.043833 138281.6
1.055570 138660.8
1.067433 140726.4
1.079115 139538.4
1.090870 131280.0
1.102703 132665.6
1.114626 137155.2
1.126425 133242.4
1.138187 129446.0
1.150099 134410.8
1.161842 135007.2
1.173745 133000.8
1.185426 134640.0
1.197204 137155.2
1.208972 141240.0
1.220786 138660.8
1.232512 136772.0
1.244222 138852.0
1.257656 139594.4
1.269795 137340.0
1.281939 136524.0
1.294091 137017.6
1.306039 138787.2
1.318060 138660.8
1.330149 136218.0
1.342229 137219.2
1.354170 138012.0
1.366566 136218.0
1.378688 135904.0
1.390576 136968.8
1.402442 139466.8
1.414531 138600.0
1.426394 135150.4
1.438776 138222.0
1.450806 138972.8
1.462768 137469.6
1.474796 138465.6
1.486810 137649.6
1.498839 141056.0
1.510780 136968.8
1.522832 136466.8
1.534817 141293.6
1.546851 138880.0
1.568463 137340.0
1.580379 141551.2
1.592282 136840.0
1.604193 135160.0
1.616096 138648.0
1.627952 137970.0
1.639862 137469.6
1.651794 136406.4
1.663715 136904.0
1.675735 139538.4
1.687835 136032.0
1.699796 135094.8
1.711681 138660.8
1.723588 139538.4
1.735588 133918.4
1.747718 135218.4
1.759646 137844.0
1.771556 138648.0
1.783551 136648.0
1.795494 135780.0
1.807561 139480.0
1.819903 137340.0
1.831817 136840.0
1.843775 137219.2
1.855743 137088.0
1.867877 139292.8
1.879797 136593.2
1.891860 136406.4
1.903813 139538.4
1.915860 138972.8
1.928051 136780.8
1.939982 137144.0
1.951946 137718.0
1.964180 138852.0
1.989713 137469.6
2.019095 143822.4
2.030989 143575.6
2.042903 142041.6
2.054860 144316.0
2.066868 143312.4
2.078789 143926.4
2.090785 136281.6
2.102677 135720.4
2.114521 140854.8
2.126571 138285.6
2.138487 134229.6
2.150545 143048.8
2.162375 143749.2
2.174267 139480.0
2.185953 136083.6
2.197886 143048.8
2.209621 139860.4
2.221410 134517.6
2.233124 136948.8
2.244981 139648.0
2.256716 139226.4
2.268482 135520.0
2.280154 136083.6
2.291905 140232.4
2.303651 139920.0
2.315432 135766.4
2.327176 135960.0
2.338917 139411.2
2.350618 141763.6
2.362384 134957.2
2.374221 136840.0
2.385959 140032.0
2.397907 139520.0
2.409650 134847.6
2.421427 134724.0
2.433079 141551.2
2.444858 140084.4
2.456591 134534.4
2.468433 135342.0
2.480093 139392.0
2.491890 139594.4
2.503639 134971.2
2.515423 135218.4
2.527192 139442.4
2.538938 140440.4
2.550768 137280.0
2.562501 140232.4
2.574393 139292.8
2.586122 134395.2
2.598021 135643.2
2.609753 142300.8
2.621629 140047.2
2.633362 136505.6
2.645178 135150.4
2.656943 139977.2
2.668713 139606.8
2.680376 136524.0
2.692112 136083.6
2.703831 142740.0
2.715559 140367.6
2.727281 135325.6
2.739110 134411.2
2.753345 136400.0
2.765201 135816.8
2.776891 137845.2
2.791262 134762.4
2.803026 135520.0
2.814883 140487.6
2.826700 139099.6
2.839051 138034.4
2.850894 139606.8
2.863021 134884.8
2.874875 140416.0
2.888405 140544.0
2.900170 137654.4
2.911875 135465.6
2.923619 140341.2
2.935305 138775.2
2.947071 134534.4
2.958973 135889.6
2.970840 140288.0
2.988470 139792.8
3.000415 140556.0
3.012190 142220.0
3.023938 149085.2
3.035676 145017.6
3.047499 141215.6
3.059219 141960.0
3.071015 146060.0
3.082738 146425.6
3.094962 138285.6
3.106816 139722.0
3.118652 137469.6
3.130435 136342.4
3.142288 137155.2
3.154047 138880.0
3.165914 135766.4
3.177703 143309.6
3.189505 145507.6
3.201242 139860.4
3.213113 139606.8
3.224854 143926.4
3.236626 143926.4
3.248490 139292.8
3.260199 140487.6
3.271934 144496.8
3.283611 145154.8
3.295380 139480.0
3.307116 138787.2
3.318996 144057.6
3.330897 143484.0
3.342652 140649.6
3.354332 138212.0
3.366301 144102.0
3.378029 143786.4
3.389951 141551.2
3.401699 143487.6
3.413521 144496.8
3.425253 139606.8
3.437660 144845.6
3.449457 143961.6
3.461247 139733.6
3.473007 140232.4
3.484669 144804.0
3.496581 144496.8
3.508709 142833.6
3.520504 144496.8
3.532230 141164.8
3.543938 138028.8
3.555698 142300.8
3.567499 144976.0
3.579216 140392.0
3.590982 140160.0
3.602903 142480.0
3.614742 144672.0
3.626457 142300.8
3.638366 139977.2
3.650120 145904.8
3.661957 144220.8
3.673709 144276.0
3.685414 139977.2
3.697169 141264.0
3.709093 144655.2
3.720860 138775.2
3.732616 140160.0
3.744316 139699.2
3.756039 143654.0
3.767789 143926.4
3.779577 138880.0
3.791336 140005.6
3.803051 143088.0
3.814919 138592.4
3.826681 142740.0
3.838732 145416.0
3.850511 142195.2
3.862354 139665.6
3.874098 142220.0
3.885962 144051.2
3.897842 138338.8
3.909592 146060.0
3.921322 141440.0
3.933100 139029.6
3.944767 141700.0
3.956531 139211.6
3.968280 141523.2
3.982584 154018.8
3.994328 141440.0
4.006187 150320.4
4.017951 151271.2
4.029854 149464.0
4.041627 151084.8
4.053387 149630.8
4.065121 146253.6
4.076832 146024.8
4.088747 151132.8
4.100479 145107.2
4.112185 139920.0
4.123975 140544.0
4.135717 146559.2
4.147797 141614.4
4.159648 139084.0
4.171390 143312.4
4.183131 141912.0
4.194958 134657.6
4.206731 136656.0
4.218486 139099.6
4.230384 139292.8
4.242141 134762.4
4.254028 137845.2
4.265771 141056.0
4.277657 137219.2
4.289448 134534.4
4.301353 138348.0
4.313080 142179.6
4.324811 138592.4
4.336556 134971.2
4.348394 140212.8
4.360141 135782.4
4.371975 135960.0
4.383747 141192.0
4.395458 140544.0
4.407285 135520.0
4.419153 135080.0
4.430911 138852.0
4.442658 140104.8
4.454572 137030.4
4.466290 135889.6
4.478067 141164.8
4.489856 141652.8
4.501639 137594.8
4.513414 134904.0
4.525295 137466.0
4.537043 138880.0
4.548811 138096.0
4.560538 135969.2
4.572276 137776.0
4.583995 140469.6
4.595739 137844.0
4.607494 135094.8
4.619252 136342.8
4.631086 140745.6
4.642877 135080.0
4.654751 139792.8
4.666468 141380.8
4.678397 135325.6
4.690156 136964.4
4.702074 139538.4
4.713818 140032.0
4.725656 134534.4
4.737424 134288.0
4.749300 139722.0
4.761021 139827.6
4.772742 135284.0
4.784462 135836.4
4.796262 136638.4
4.808187 135150.4
4.820280 135036.0
4.832255 138846.0
4.844208 135273.6
4.856193 135596.0
4.868233 136028.0
4.880291 135780.0
4.893295 135766.4
4.911154 139792.8
4.943435 142452.8
5.134308 137213.2
5.149603 143780.0
5.169409 141036.0
5.195481 145110.4
5.212388 145681.6
5.225269 139594.4
5.238630 146120.4
5.252547 144365.2
5.265261 145772.4
5.278068 140469.6
5.290142 142430.4
5.302822 145757.6
5.315161 141056.0
5.327796 144804.0
5.358816 140983.2
5.371880 140288.0
5.384244 143000.0
5.397143 143226.0
5.410314 145375.2
5.423437 145507.6
5.489158 140726.4
5.502927 146169.6
5.515954 144316.0
5.528269 139722.0
5.540791 144884.8
5.553899 144713.2
5.566860 144845.6
5.579270 139029.6
5.591467 144540.0
5.603973 143048.8
5.616836 140160.0
5.628929 143786.4
5.641605 144804.0
5.654456 138139.2
5.667068 138520.8
5.679342 138752.0
5.691684 143139.2
5.704793 145068.0
5.717716 144408.0
5.729845 143179.2
5.742605 142441.2
5.754796 145150.4
5.767278 140854.8
5.779702 144884.8
5.792231 138752.0
5.804952 139849.6
5.817207 146080.0
5.830216 144088.0
5.842496 141393.6
5.854682 146730.0
5.867471 139648.0
5.879704 144619.2
5.891985 139849.6
5.904582 142788.0
5.917469 145464.0
5.929840 144936.0
5.944195 140615.2
5.959005 137884.8
5.971445 138012.0
5.983879 148855.2
5.996493 147033.6
6.009008 145555.2
6.021864 146158.4
6.034475 149358.0
6.047199 150947.2
6.059973 146692.0
6.072739 146692.0
6.085404 149796.0
6.103717 144486.4
6.116724 145681.6
6.129606 149932.8
6.142829 142300.8
6.155854 141111.6
6.168275 140983.2
6.181867 138338.8
6.194619 139084.0
6.207997 135396.8
6.222624 140983.2
6.235972 136152.0
6.250262 138662.4
6.262989 135589.2
6.275910 140800.0
6.288865 131236.0
6.301639 131838.0
6.314491 132560.4
6.327291 126643.2
6.339950 128920.0
6.352381 132921.6
6.371651 132560.4
6.388423 132560.4
6.401150 128772.0
6.413780 128713.6
6.426272 131477.6
6.438654 132440.0
6.451479 136152.0
6.464242 136466.8
6.476884 139136.0
6.489431 135027.2
6.502519 133672.0
6.515016 135766.4
6.527682 139827.6
6.540279 135904.0
6.553282 134534.4
6.565788 139392.0
6.578288 137594.8
6.591278 135656.0
6.603897 136400.0
6.616531 132480.0
6.629009 129918.0
6.641982 128363.2
6.654941 127600.0
6.667966 127948.0
6.680677 133660.8
6.693069 130272.0
6.706017 127896.0
6.718692 128272.8
6.731445 132240.0
6.744255 129492.0
6.756689 129918.0
6.769383 127690.8
6.799685 129414.4
6.812673 131672.0
6.825030 132600.0
6.838396 132560.4
6.851046 128246.4
6.863822 128389.2
6.876448 131560.0
6.889338 135007.2
6.902294 128920.0
6.914828 129180.8
6.927666 127832.0
6.940522 132319.6
6.952905 131000.8
6.965576 126904.0
6.978260 128389.2
6.991318 134003.2
7.003905 138972.8
7.016450 135496.8
7.029052 133516.8
7.041673 138534.4
7.054073 133590.0
7.066841 139672.0
7.079461 138660.8
7.092558 133242.4
7.105824 132155.2
7.118611 131560.0
7.131453 135496.8
7.144110 127484.0
7.157112 127600.0
7.170447 129007.2
7.183029 145418.0
7.195623 144804.0
7.208119 140174.4
7.220593 146024.8
7.233089 139226.4
7.246018 140615.2
7.258355 144365.2
7.270604 138752.0
7.282590 147266.0
7.294625 142266.4
7.307628 136656.0
7.319964 134200.0
7.332241 133162.4
7.344323 131400.0
7.356340 136276.0
7.368557 131040.0
7.380636 136840.0
7.392765 131201.2
7.405013 135904.0
7.417036 131120.0
7.429053 131880.0
7.441248 142041.6
7.453443 138393.6
7.465599 145286.4
7.477949 140416.0
7.490067 147571.2
7.502392 139099.6
7.516511 144451.2
7.528897 141164.8
7.540981 143256.8
7.553072 139226.4
7.565263 135342.0
7.577471 130722.8
7.589760 137029.6
7.602060 131120.0
7.614373 135766.4
7.626478 131040.0
7.638661 136028.0
7.650886 132240.0
7.662989 137657.6
7.675137 131799.2
7.687159 135844.8
7.699522 131918.8
7.711632 136152.0
7.723716 135342.0
7.735979 133198.8
7.748096 132158.0
7.760160 132638.4
7.772404 137088.8
7.784541 131520.0
7.796674 136152.0
7.808924 132240.0
7.821076 135969.2
7.833084 132397.2
7.845094 132199.2
7.857283 132638.4
7.869770 137594.8
7.881810 136342.4
7.894005 134762.4
7.906102 132240.0
7.918437 135342.0
7.930613 135712.8
7.942876 133562.4
7.955014 135098.4
7.967087 132516.8
7.979156 135596.0
7.991384 134150.4
8.003524 145416.0
8.015677 139904.0
8.027821 142657.6
8.043638 141134.4
8.056109 138880.0
8.068407 137030.4
8.080401 137396.8
8.107153 135080.0
8.141051 139104.0
8.162467 143440.0
8.176929 145548.8
8.189940 143130.0
8.204958 141496.8
8.218693 141808.8
8.233775 141551.2
8.249037 136578.0
8.264208 137586.4
8.278712 143130.0
8.293035 136207.2
8.307535 138095.6
8.322076 133363.2
8.336090 128272.8
8.350319 133242.4
8.363838 127458.0
8.375980 127832.0
8.388158 128272.8
8.400336 129180.8
8.412461 132158.0
8.424651 127225.2
8.436718 131520.0
8.448961 128412.0
8.461058 131640.0
8.473155 127738.0
8.485344 126004.0
8.497481 130036.0
8.509705 133441.2
8.521923 127832.0
8.534145 128296.0
8.546161 130154.0
8.558435 127108.8
8.570664 131440.4
8.582814 129414.4
8.594874 130680.0
8.607076 127506.8
8.619439 131918.8
8.631574 126904.0
8.643725 131760.0
8.655796 129729.6
8.668056 132440.0
8.680071 128947.2
8.692186 127136.0
8.704427 129595.2
8.716566 133523.6
8.728761 131520.0
8.741006 127600.0
8.753179 128389.2
8.765356 127275.6
8.777579 131799.2
8.789867 130917.6
8.802099 125888.4
8.814236 126813.2
8.826458 131596.8
8.838846 129712.8
8.850999 127020.0
8.863191 127484.0
8.875457 139480.0
8.887607 134834.4
8.899766 140615.2
8.911776 135520.0
8.924083 139264.0
8.936022 134272.8
8.948273 135844.8
8.960474 137030.4
8.972607 140288.0
8.984775 140957.2
8.997021 138222.0
9.009185 140005.6
9.021205 141344.8
9.033396 139734.0
9.045629 134200.0
9.057917 137144.0
9.070119 134762.4
9.082144 138660.8
9.100645 133484.0
9.124191 128854.8
9.139032 129712.8
9.153283 129064.0
9.169047 133562.4
9.183048 133162.4
9.197556 136825.2
9.212125 138220.8
9.227260 136896.0
9.242042 135766.4
9.256280 132921.6
9.271063 132801.2
9.286159 133121.6
9.300035 133683.6
9.314049 138153.6
9.328239 132319.6
9.342029 137654.4
9.356092 132120.0
9.370244 137404.8
9.384010 132000.0
9.400152 133320.0
9.412668 131356.4
9.424865 138474.0
9.436946 132120.0
9.449216 134078.0
9.461249 132038.4
9.473445 131356.4
9.485504 134957.2
9.497799 134003.2
9.509937 131551.2
9.522837 132440.0
9.538161 135098.4
9.550240 133846.4
9.562256 134322.0
9.574556 139264.0
9.586657 144845.6
9.598826 143095.2
9.610844 142740.0
9.623168 138660.8
9.635311 139748.0
9.647559 143048.8
9.659677 144365.2
9.671850 143786.4
9.683929 133042.0
9.696173 135471.6
9.708276 131760.0
9.720460 136591.2
9.732556 132560.4
9.744661 138285.6
9.756858 135284.0
9.769178 132300.8
9.781277 132840.0
9.793348 131792.8
9.805653 134904.0
9.818072 134711.6
9.830188 133121.6
9.842284 131717.6
9.854587 136715.6
9.866679 136948.8
9.878853 135907.2
9.891169 131520.0
9.903287 134884.8
9.915495 132078.8
9.928292 132319.6
9.940975 131717.6
9.953265 131400.0
9.965288 136382.4
9.977570 130800.0
9.989799 139264.0
10.001919 137908.8
10.014205 140569.6
10.026299 138222.0
10.038801 141004.8
10.050870 138474.0
10.062976 142441.2
10.075208 138600.0
10.099330 133683.6
10.114358 134289.6
10.130114 135325.6
10.144010 135889.6
10.158301 132440.0
10.172299 137529.6
10.187121 132801.2
10.200989 127832.0
10.215289 133363.2
10.229943 131155.2
10.243566 133042.0
10.257869 128947.2
10.271837 131880.0
10.283886 135080.0
10.295905 137720.0
10.308235 135396.8
10.320326 134534.4
10.332529 141125.6
10.344601 134288.0
10.356616 139665.6
10.368832 134220.4
10.380912 140288.0
10.393145 134640.0
10.405836 141614.4
10.418031 134640.0
10.430228 131476.8
10.442342 127160.0
10.454643 131679.6
10.466726 130980.0
10.478899 132199.2
10.491228 126835.2
10.503548 132000.0
10.515747 129857.6
10.531004 128064.0
10.543159 131672.0
10.555290 126813.2
10.567537 131918.8
10.579662 126672.0
10.591750 132000.0
10.603936 127832.0
10.616174 129800.0
10.628263 127622.4
10.640411 131717.6
10.652654 130881.6
10.668898 132592.8
10.681045 128296.0
10.693267 127779.2
10.705361 128389.2
10.717552 127716.0
10.729676 132560.4
10.741901 129388.8
10.754029 130874.8
10.766197 128412.0
10.778276 130483.6
10.790366 128480.0
10.802552 131000.8
10.814783 129967.2
10.826937 131640.0
10.839208 127622.4
10.851401 131440.4
10.863629 128451.2
10.875791 132360.0
10.888375 127136.0
10.900554 134168.4
10.912665 126672.0
10.924787 131918.8
10.936892 132560.4
10.949190 129800.0
10.961288 127065.6
10.973943 131792.8
10.986288 130442.4
10.999583 134466.0
11.011772 149736.0
11.025934 144451.2
11.040417 141215.6
11.052775 145720.8
11.065175 143726.4
11.080081 140928.0
11.094175 138285.6
11.110039 136648.0
11.123842 128920.0
11.138210 128622.0
11.153040 132560.4
11.171206 129064.0
11.185808 132801.2
11.209483 140742.8
11.223402 133000.8
11.238061 133881.6
11.251332 132000.0
11.263720 136591.2
11.276723 136772.0
11.291327 131958.4
11.303712 136772.0
11.319792 135571.2
11.332071 137710.8
11.344588 137529.6
11.359739 136715.6
11.372078 132680.8
11.384454 137904.0
11.399849 136780.8
11.412065 131880.0
11.424348 135202.8
11.437261 136896.0
11.451476 130680.0
11.463727 137959.6
11.479961 133881.6
11.492093 133562.4
11.504482 138028.8
11.519638 136840.0
11.531873 138153.6
11.544823 137586.4
11.559717 136466.8
11.571981 132440.0
11.584131 135766.4
11.599650 136207.2
11.611854 134762.4
11.624500 133162.4
11.639819 133683.6
11.652111 134762.4
11.664491 136281.6
11.676831 136772.0
11.692467 132720.0
11.706395 137586.4
11.720826 133363.2
11.733115 144183.6
11.745362 141882.0
11.760479 146227.2
11.772847 146037.2
11.786777 141680.0
11.801132 139920.0
11.813417 139084.0
11.825747 142483.2
11.841385 139029.6
11.853656 145728.0
11.870513 147668.0
11.905727 137462.0
11.920000 133242.4
11.932179 133030.4
11.944417 133042.0
11.957626 135816.8
11.971867 137030.4
11.984040 132240.0
11.999752 136136.0
12.011922 141958.4
12.029014 143179.2
12.041418 138408.0
12.053814 138913.6
12.066167 142657.6
12.080022 137902.4
12.092156 139733.6
12.125196 133042.0
12.140303 134368.0
12.154318 133000.8
12.170371 134200.0
12.185308 130390.0
12.200968 128713.6
12.215830 132756.0
12.230539 132480.0
12.245910 128180.0
12.259948 131760.0
12.272215 127948.0
12.284414 127108.8
12.296768 132669.6
12.310537 135054.0
12.324535 132397.2
12.339960 127948.0
12.352139 128334.0
12.364418 128064.0
12.376694 134732.8
12.390552 133403.2
12.404548 132680.8
12.418889 131356.4
12.431166 128568.4
12.443446 129682.0
12.455797 141937.6
12.471199 139480.0
12.483551 136136.0
12.497596 141696.0
12.511547 134600.4
12.523840 139136.0
12.536181 135571.2
12.552060 139008.0
12.564113 135643.2
12.576475 141696.0
12.591906 133042.0
12.605855 128084.8
12.620194 130272.0
12.632475 127896.0
12.644581 132120.0
12.656913 128971.2
12.672473 133080.0
12.686549 129087.6
12.700817 132120.0
12.712958 128389.2
12.725186 129056.0
12.737616 128528.0
12.753203 129414.4
12.767564 127969.2
12.781712 133162.4
12.793958 127948.0
12.806972 127738.0
12.821132 129056.0
12.833440 128528.0
12.849870 134150.4
12.862219 127312.0
12.874968 127969.2
12.889764 130047.2
12.902104 129967.2
12.914210 129340.0
12.929947 130240.0
12.942478 128596.8
12.954972 133042.0
12.969588 134322.0
12.981990 143596.8
12.994193 128772.0
13.006515 131679.6
13.021849 134884.8
13.034153 139292.8
13.049750 137594.8
13.061984 136466.8
13.074227 134322.0
13.086519 139672.0
13.102957 128389.2
13.118412 128272.8
13.133271 128854.8
13.149207 131868.0
13.163989 142636.8
13.177899 135150.4
13.192838 146692.8
13.207641 145507.6
13.224231 142610.0
13.238662 142740.0
13.254539 146080.0
13.270173 133562.4
13.282522 136840.0
13.296613 135664.0
13.310886 137654.4
13.329415 130440.0
13.341653 135766.4
13.354391 137088.8
13.366929 133638.4
13.379305 132560.4
13.391539 132638.4
13.404049 132560.4
13.438571 132517.6
13.451120 132120.0
13.463661 136342.4
13.476060 132638.4
13.494505 133403.2
13.521023 137529.6
13.539952 133242.4
13.572308 133320.0
13.584691 136648.0
13.597542 137337.6
13.609641 135094.8
13.622011 138338.8
13.634440 131476.8
13.646655 136896.0
13.662294 133403.2
13.681045 133804.8
13.693274 135007.2
13.706147 132592.8
13.732030 133523.6
13.744331 136400.0
13.756611 137404.8
13.770671 136093.6
13.783582 137404.8
13.795696 134476.8
13.808596 137908.8
13.821081 132592.8
13.833423 132801.2
13.846558 134588.8
13.859953 133242.4
13.872154 142005.6
13.884328 139904.0
13.896972 145904.8
13.910468 143487.6
13.922671 144804.0
13.935091 138972.8
13.948156 140487.6
13.960462 138880.0
13.972963 139211.6
13.985210 142692.0
13.997866 147302.4
14.010238 140104.8
14.022730 142090.0
14.035488 138660.8
14.048616 139733.6
14.061296 138348.0
14.074092 144388.8
14.087553 137020.0
14.102479 137654.4
14.116714 136454.4
14.131102 133162.4
14.145136 132759.2
14.160705 137720.0
14.175059 133441.2
14.189512 130508.0
14.209602 136382.4
14.224329 128505.6
14.239728 132720.0
14.253596 129328.0
14.266252 132516.8
14.278732 131120.0
14.291642 129830.4
14.304470 127690.8
14.316719 133242.4
14.329264 128738.4
14.342586 127948.0
14.355151 127832.0
14.368216 128064.0
14.381070 131430.4
14.393587 128389.2
14.406269 127275.6
14.419236 127716.0
14.431778 133000.8
14.444137 127923.6
14.456764 132480.0
14.469396 135520.0
14.482216 128246.4
14.494720 129373.2
14.507220 132560.4
14.520267 132921.6
14.532974 129948.0
14.545718 128156.4
14.558357 131358.4
14.570794 132440.0
14.583654 128505.6
14.596303 135904.0
14.611799 141625.2
14.628128 135766.4
14.640647 140160.0
14.653413 135094.8
14.665994 140160.0
14.678290 137213.2
14.692372 135396.8
14.704777 140005.6
14.717674 140288.0
14.731314 140428.8
14.744124 128802.8
14.756784 127923.6
14.769705 129492.0
14.782253 131640.0
14.795064 130476.8
14.828056 127832.0
14.840824 132801.2
14.853682 131958.4
14.866549 135176.0
14.879129 127506.8
14.891525 132801.2
14.904161 127341.6
14.916775 128622.0
14.929256 130561.2
14.942155 130800.0
14.954652 127716.0
14.967248 127600.0
14.980039 131760.0
14.992589 138913.6
15.005393 134517.6
15.018255 133834.0
15.030817 136962.0
15.043384 132057.6
15.055811 136778.4
15.068337 138913.6
15.080793 128389.2
15.095941 128622.0
15.111806 133282.8
15.127164 129414.4
15.144834 128596.8
15.161439 128876.0
15.180154 131716.0
15.194206 133562.4
15.207854 140428.8
15.227686 134322.0
15.242250 132801.2
15.259063 137710.8
15.272810 132638.4
15.285426 134395.2
15.298043 136028.0
15.310594 131623.2
15.323157 140544.0
15.335694 144845.6
15.348497 144448.4
15.360803 143654.0
15.373499 147471.2
15.386067 139411.2
15.398677 143532.8
15.411237 144804.0
15.424073 141086.4
15.436707 139977.2
15.449232 136062.4
15.462341 137392.0
15.476774 136772.0
15.490876 138471.2
15.505172 134810.0
15.519598 131356.4
15.531847 137030.4
15.544089 132480.0
15.556448 136964.4
15.571992 133162.4
15.586120 134246.4
15.608225 131760.0
15.620827 138278.4
15.634898 134124.8
15.649604 131958.4
15.661844 135907.2
15.674188 133282.8
15.689790 138474.0
15.702102 132440.0
15.714272 132179.2
15.726594 132440.0
15.740338 133242.4
15.754155 136012.8
15.769846 133273.6
15.782115 135273.6
15.794259 132801.2
15.806483 136905.6
15.820331 135448.4
15.834369 133282.8
15.849755 139356.0
15.861845 136032.0
15.874028 132880.0
15.886285 133760.0
15.899878 133604.8
15.913753 138332.8
15.930925 136218.0
15.943276 131640.0
15.955532 137462.0
15.969648 131115.6
15.981868 149431.2
15.995782 143078.4
16.010140 143220.0
16.022483 137649.6
16.034760 152563.2
16.049643 153141.2
16.061767 147424.0
16.073918 151386.0
16.113516 146302.0
16.127790 142740.0
16.142257 144141.6
16.156441 142249.2
16.170943 136772.0
16.185878 133484.0
16.200853 132921.6
16.307554 133403.2
16.320652 134762.4
16.332781 132120.0
16.344935 130653.6
16.360153 129007.2
16.372303 128505.6
16.384539 132277.6
16.399656 133282.8
16.411840 131913.6
16.424168 129740.4
16.439790 132078.8
16.451965 128272.8
16.464524 132550.4
16.479898 128713.6
16.492222 131477.6
16.504549 128180.0
16.519603 126876.0
16.531796 133484.0
16.543902 128528.0
16.559960 131958.4
16.572229 127160.0
16.584538 134444.0
16.596826 129881.6
16.611967 128644.0
16.625927 132921.6
16.640444 127428.8
16.652687 131640.0
16.665218 130300.8
16.680594 132759.2
16.692941 127690.8
16.705456 132120.0
16.718430 132801.2
16.730915 137155.2
16.743464 136715.6
16.755624 140416.0
16.768566 139904.0
16.780923 136207.2
16.793547 140598.0
16.818186 140544.0
16.831204 140742.8
16.843733 137594.8
16.856310 135712.8
16.868953 139084.0
16.881130 135766.4
16.893906 135496.8
16.909927 132120.0
16.922338 128389.2
16.934728 132960.0
16.949569 135176.0
16.961770 132636.4
16.975997 132397.2
16.990470 130962.0
17.002729 138281.6
17.014963 135374.4
17.027242 137529.6
17.041328 134246.4
17.055467 138788.0
17.069887 145332.0
17.082367 129204.0
17.096630 133484.0
17.123606 132921.6
17.138253 133042.0
17.154366 128622.0
17.169424 128738.4
17.183978 132360.0
17.198343 134246.4
17.212877 133562.4
17.228539 137904.0
17.242362 133683.6
17.254765 136840.0
17.266949 132680.8
17.282417 132720.0
17.296404 137835.2
17.310603 132471.6
17.322882 137970.0
17.335017 132120.0
17.349804 136342.4
17.361998 134932.0
17.376178 132720.0
17.390540 137720.0
17.402888 132560.4
17.415040 137904.0
17.429999 137844.0
17.442292 131640.0
17.454780 146345.6
17.469872 146194.0
17.481968 140556.0
17.494286 143749.2
17.507260 145200.0
17.521487 139594.4
17.533611 144628.4
17.549920 143961.6
17.562022 143389.2
17.574400 139353.2
17.589967 146292.0
17.602301 139538.4
17.614658 145860.0
17.629808 138222.0
17.641975 131799.2
17.654629 137144.0
17.679455 132078.8
17.691798 137462.0
17.705660 136382.4
17.720158 138465.6
17.732338 132480.0
17.744662 136218.0
17.759928 135969.2
17.772341 133162.4
17.786674 136012.8
17.801801 134724.0
17.814008 134395.2
17.826717 133562.4
17.841058 131672.0
17.853403 133121.6
17.870007 133121.6
17.882196 136406.4
17.894646 135816.8
17.910022 136152.0
17.922426 131880.0
17.934699 136028.0
17.947025 133200.0
17.962191 132000.0
17.974473 137213.2
17.987967 140232.4
18.001549 137340.0
18.014105 141918.0
18.026574 138096.0
18.038949 143786.4
18.051033 137532.0
18.063469 139411.2
18.076357 142430.4
18.105875 135960.0
18.120417 133881.6
18.134487 136648.0
18.154049 132560.4
18.169581 137344.4
18.183856 141240.0
18.198757 141625.2
18.211753 141937.6
18.228615 141312.0
18.244465 135027.2
18.257129 139166.4
18.269575 134229.6
18.282079 136012.8
18.294723 140870.4
18.309978 133538.4
18.322074 127506.8
18.334333 132397.2
18.349727 132517.6
18.361986 129154.4
18.374480 128180.0
18.389982 130272.0
18.402079 130995.2
18.414352 128876.0
18.429888 134003.2
18.442119 128064.0
18.456253 127312.0
18.469906 133102.0
18.482090 128644.0
18.494369 133080.0
18.509771 132592.8
18.521997 129271.6
18.534244 127853.6
18.547126 131424.0
18.561358 127136.0
18.573640 132600.0
18.589907 135643.2
18.602109 127948.0
18.614728 134125.6
18.629921 133224.0
18.642078 128064.0
18.654379 133242.4
18.666615 128129.6
18.679272 128272.8
18.692369 130832.0
18.706384 128528.0
18.720674 131520.0
18.733010 131630.4
18.745110 128064.0
18.759739 132199.2
18.772010 128064.0
18.784370 132397.2
18.799925 132396.8
18.812325 132801.2
18.824626 127225.2
18.839768 129271.6
18.852057 130995.2
18.864399 129436.8
18.880128 131880.0
18.899108 144534.0
18.912039 139722.0
18.924671 138160.0
18.937147 134780.8
18.949821 142870.0
18.962099 135520.0
18.974670 140598.0
18.987564 143532.8
19.000560 147168.0
19.013054 134003.2
19.025392 139040.0
19.085118 135520.0
19.160834 133484.0
19.175203 127948.0
19.196776 137654.4
19.225847 132680.8
19.274214 134834.4
19.289127 136715.6
19.318842 138411.2
19.367615 137088.8
19.380492 131551.2
19.393073 137155.2
19.405814 136093.6
19.418412 131597.2
19.431207 131880.0
19.443977 132560.4
19.457701 132000.0
19.472556 132360.0
19.490053 134834.4
19.502862 132680.8
19.515371 136382.4
19.528086 135656.0
19.540625 133121.6
19.553456 132078.8
19.565859 136342.4
19.578375 131913.6
19.591166 132560.4
19.603754 138155.2
19.616469 141808.8
19.628988 140104.8
19.641767 145640.0
19.654968 145507.6
19.667881 143521.6
19.680520 146292.0
19.693246 139339.2
19.705873 139392.0
19.718594 144845.6
19.731141 132560.4
19.744220 132034.4
19.756719 136083.6
19.769198 136896.0
19.781863 134489.6
19.794519 132276.0
19.807602 134904.0
19.820365 137144.0
19.832878 134762.4
19.845850 134444.0
19.858616 132908.8
19.871245 135202.8
19.883878 136152.0
19.896729 134762.4
19.909205 132000.0
19.922183 135080.0
19.934646 136840.0
19.947240 131597.2
19.959874 136964.4
19.972790 137529.6
19.986467 138222.0
20.000033 139606.8
20.019879 142179.6
20.032260 138474.0
20.044600 141912.0
20.057281 143487.6
20.070176 146596.0
20.083248 133683.6
20.099258 135939.6
20.113681 137904.0
20.131243 137835.2
20.148283 136012.8
20.161770 136400.0
20.176686 136400.0
20.191500 133162.4
20.205704 131274.0
20.229626 130272.0
20.243400 133725.6
20.259159 133846.4
20.273561 133363.2
20.286629 127832.0
20.300674 132319.6
20.313666 140726.4
20.326511 136152.0
20.339170 135273.6
20.352061 135960.0
20.364868 140084.4
20.377639 140598.0
20.390298 135657.6
20.402904 135396.8
20.415317 141368.4
20.428082 136218.0
20.440707 139040.0
20.453539 138660.8
20.465944 139353.2
20.478325 128040.0
20.491191 128622.0
20.503763 132440.0
20.516219 128622.0
20.529172 128389.2
20.542193 128622.0
20.554836 131838.0
20.567718 132120.0
20.580549 127312.0
20.609541 133804.8
20.622103 128129.6
20.634925 127716.0
20.647833 128971.2
20.660318 133881.6
20.672734 130036.0
20.685234 128180.0
20.697717 132680.8
20.710365 127312.0
20.722989 127832.0
20.735565 132880.0
20.748324 127225.2
20.760722 130166.4
20.773243 131236.0
20.785802 129477.6
20.798213 129414.4
20.810808 132560.4
20.823277 127252.0
20.836196 128389.2
20.848845 132880.0
20.861197 128156.4
20.873349 130713.6
20.885374 126582.0
20.897630 132600.0
20.909864 130917.6
20.922300 130240.0
20.935930 127574.4
20.948565 133846.4
20.960882 129154.4
20.973245 128505.6
20.985508 134847.6
20.998191 135816.8
21.010755 137718.0
21.024198 134762.4
21.036629 146630.4
21.049114 142249.2
21.061834 145490.4
21.074309 144057.6
21.093764 141440.0
21.153954 138278.4
21.198972 137280.0
21.216401 132801.2
21.231258 134732.8
21.270311 135712.8
21.337656 136715.6
21.364622 138788.0
21.381024 134322.0
21.393378 134640.0
21.405888 136780.8
21.419267 136772.0
21.432124 135836.4
21.444614 131958.4
21.457137 134640.0
21.469897 138348.0
21.482895 136012.8
21.495348 132560.4
21.507740 135656.0
21.520326 131958.4
21.532799 135589.2
21.545334 133516.8
21.558029 132638.4
21.571896 136281.6
21.583941 131799.2
21.596900 137340.0
21.608925 134078.0
21.621744 131880.0
21.634073 135782.4
21.646411 131679.6
21.659400 132240.0
21.672368 131640.0
21.684876 137718.0
21.697969 137280.0
21.710693 135712.8
21.723690 134640.0
21.736442 131280.0
21.749298 134688.0
21.761822 144448.4
21.774367 139339.2
21.787302 138648.0
21.800051 141056.0
21.812809 144012.0
21.825457 144051.2
21.838321 139284.0
21.850970 145256.0
21.863910 140520.8
21.876304 132000.0
21.889466 138852.0
21.902216 132440.0
21.914771 137344.4
21.927935 139029.6
21.940797 136780.8
21.953411 132440.0
21.966094 132840.0
21.978828 135844.8
21.991393 137088.0
22.004074 139099.6
22.016771 143356.8
22.029716 143575.6
22.042356 137214.0
22.054900 137396.8
22.132819 137404.8
22.145704 134884.8
22.160382 133242.4
22.174588 137654.4
22.188869 128156.4
22.203463 129800.0
22.218231 130713.6
22.231582 133644.0
22.245941 131560.0
22.258421 127574.4
22.271468 127341.6
22.284622 128536.8
22.297233 128971.2
22.318100 128272.8
22.330958 132319.6
22.343318 127368.0
22.355817 131838.0
22.368422 132078.8
22.381240 127252.0
22.393994 128272.8
22.406500 132199.2
22.419749 131958.4
22.432348 128830.4
22.444983 128389.2
22.457828 130364.0
22.470821 132736.0
22.483862 139392.0
22.496419 135780.0
22.509402 135712.8
22.522401 133974.8
22.535073 136083.6
22.547827 139977.2
22.560284 135342.0
22.573015 135396.8
22.585758 139264.0
22.598405 138285.6
22.610898 136715.6
22.623508 136843.6
22.635998 131400.0
22.648366 129064.0
22.660899 130440.0
22.673293 127225.2
22.686015 128389.2
22.698486 134489.6
22.711009 129242.4
22.723459 127807.2
22.736284 130476.8
22.749115 131958.4
22.761521 128156.4
22.774166 127832.0
22.787025 134884.8
22.799805 133242.4
22.812782 132560.4
22.825529 128389.2
22.838531 126092.0
22.851312 127832.0
22.864121 134041.6
22.876537 127948.0
22.889768 132360.0
22.902310 127716.0
22.914922 132517.6
22.928002 133162.4
22.941014 133395.2
22.953754 130358.4
22.966537 128505.6
22.979478 129682.0
22.991906 138034.4
23.004123 134517.6
23.016314 135589.2
23.028441 134834.4
23.040696 138222.0
23.052810 137280.8
23.064941 137835.2
23.093408 128505.6
23.116407 134246.4
23.131548 134329.6
23.146928 129108.0
23.161182 129360.0
23.176425 132921.6
23.190562 133273.6
23.206086 143048.8
23.220564 142964.4
23.235403 142870.0
23.250149 149659.2
23.262424 138972.8
23.274517 144365.2
23.286597 138648.0
23.298837 145023.2
23.311028 139665.6
23.323144 132956.4
23.335350 131358.4
23.347975 136466.8
23.360161 132240.0
23.372348 136524.0
23.384526 130762.4
23.396796 136152.0
23.408932 132560.4
23.421112 134466.0
23.433215 132840.0
23.445478 130920.0
23.462465 131160.0
23.474847 132680.8
23.487099 135780.0
23.499488 132921.6
23.511527 135589.2
23.523728 133783.2
23.535948 138660.8
23.548118 132680.8
23.560126 132319.6
23.572449 133441.2
23.584747 135712.8
23.596853 136342.4
23.608946 132680.8
23.621130 132120.0
23.633361 132038.4
23.645463 138285.6
23.657566 131160.0
23.669758 137657.6
23.681802 135027.2
23.693962 136152.0
23.708118 131792.8
23.722753 138222.0
23.734949 132240.0
23.747142 134003.2
23.759505 130920.0
23.771561 136083.6
23.783847 133000.8
23.795968 135532.0
23.818630 136466.8
23.831354 131597.2
23.843875 132319.6
23.856373 135766.4
23.868873 135080.0
23.881094 133725.6
23.893614 145720.8
23.906206 145720.8
23.919105 146998.0
23.931559 148108.8
23.944002 143270.4
23.956774 145681.6
23.969469 147571.2
23.982499 150040.0
23.996498 152722.4
24.130238 139040.0
24.143366 137088.8
24.157582 137657.6
24.170514 137908.8
24.183140 134688.0
24.195765 136032.0
24.209008 134246.4
24.225286 134289.6
24.239910 133725.6
24.262518 133416.0
24.275140 133242.4
24.288121 131440.4
24.300984 132759.2
24.313902 135150.4
24.326276 134517.6
24.339185 132560.4
24.353892 132034.4
24.366150 131000.8
24.378585 133712.0
24.391272 137654.4
24.404161 135094.8
24.416643 130483.6
24.429078 134078.0
24.441665 135960.0
24.454400 133030.4
24.467015 133000.8
24.479815 133905.6
24.492280 134200.0
24.505032 135766.4
24.517901 134003.2
24.530570 133121.6
24.543144 132078.8
24.556022 134566.0
24.568629 135836.4
24.581447 134566.0
24.593655 129332.0
24.606208 133562.4
24.619030 134657.6
24.631615 134047.2
24.644161 131440.4
24.656629 133077.6
24.669570 135080.0
24.682172 135374.4
24.694862 132471.6
24.707676 136648.0
24.720464 133198.8
24.733217 134444.0
24.745902 135571.2
24.758729 133562.4
24.771696 134343.2
24.784652 133638.4
24.797549 135007.2
24.810295 135396.8
24.822990 132560.4
24.835558 135202.8
24.848554 135129.6
24.861213 134272.8
24.908948 136330.8
24.922165 133416.0
24.934375 130762.4
24.946731 132229.2
24.959347 134322.0
24.972127 134200.0
24.985056 136964.4
24.997753 138592.4
25.010472 138139.2
25.023185 140416.0
25.035581 143000.0
25.048181 140778.4
25.060993 138285.6
25.078587 138913.6
25.092836 133320.0
25.106698 135448.4
25.122329 134246.4
25.136690 136964.4
25.156855 133562.4
25.170891 136454.4
25.185763 141496.8
25.204116 139166.4
25.220240 139419.2
25.237712 138662.4
25.259375 141253.2
25.272985 137469.6
25.285758 138719.2
25.298362 140232.4
25.310959 138520.8
25.323392 139665.6
25.336011 137094.0
25.349000 139987.2
25.361592 140416.0
25.374255 136652.8
25.386978 136843.6
25.399664 139099.6
25.412382 139920.0
25.425088 140047.2
25.437784 138096.0
25.450615 137783.2
25.463242 140104.8
25.475962 142610.0
25.488965 139226.4
25.501428 135720.4
25.514114 139480.0
25.526681 140854.8
25.539235 139606.8
25.551675 139411.2
25.564224 136281.6
25.577148 137592.0
25.589748 139211.6
25.602313 139733.6
25.615226 137155.2
25.628029 138348.0
25.640776 139733.6
25.653680 140032.0
25.666067 137783.2
25.678726 136840.0
25.691666 137592.0
25.704442 139977.2
25.717032 140870.4
25.730298 137214.0
25.742528 135027.2
25.754699 138096.0
25.766787 140487.6
25.778994 137720.0
25.791247 135396.8
25.803371 136593.2
25.815580 141882.0
25.827673 135596.0
25.839753 138474.0
25.851938 136276.0
25.864166 140828.0
25.876297 138095.6
25.888446 136591.2
25.900714 135471.6
25.912954 139226.4
25.925061 138660.8
25.937091 136591.2
25.950213 135712.8
25.962347 137529.6
25.974590 137776.0
25.986755 141603.2
25.998952 143000.0
26.011034 143049.2
26.023269 145242.8
26.035354 146559.2
26.047844 145772.4
26.060040 144220.8
26.072313 145150.4
26.096684 138028.8
26.110734 138034.4
26.125862 137783.2
26.140273 138726.0
26.157180 137720.0
26.175709 136772.0
26.189560 134003.2
26.205095 135273.6
26.220094 138411.2
26.234573 136648.0
26.258492 131838.0
26.270748 133077.6
26.282751 135448.4
26.294841 136330.8
26.307095 130995.2
26.319342 130680.0
26.331372 135374.4
26.343462 134272.8
26.355571 134762.4
26.367876 133198.8
26.380109 135284.0
26.392302 133638.4
26.404387 133760.0
26.416627 131560.0
26.428756 133320.0
26.440986 133834.0
26.453115 133905.6
26.465256 131835.2
26.477813 132517.6
26.490010 134200.0
26.502119 134904.0
26.514207 132516.8
26.526348 130680.0
26.538450 133562.4
26.550630 134711.6
26.562776 133562.4
26.574820 132000.0
26.587005 133416.0
26.599156 135741.6
26.611327 135969.2
26.623532 130920.0
26.635738 135080.0
26.648072 135816.8
26.660091 136715.6
26.672363 131560.0
26.684392 131792.8
26.696740 133590.0
26.708880 136524.0
26.721146 132440.0
26.733235 132680.8
26.745460 134124.8
26.757850 135766.4
26.770132 134322.0
26.782225 132880.0
26.794376 133121.6
26.806514 135520.0
26.818897 134097.6
26.831175 133000.8
26.843345 130917.6
26.855537 136840.0
26.867910 133468.0
26.880105 133441.2
26.892263 130358.4
26.904431 132422.4
26.916669 135448.4
26.928831 133320.0
26.941181 131239.2
26.953391 131792.8
26.965423 135054.0
26.977653 134657.6
26.989765 135150.4
27.001856 136905.6
27.014044 140778.4
27.026137 140672.0
27.038369 137831.6
27.050431 137594.8
27.062447 139570.8
27.074754 142171.2
27.099792 132921.6
27.118907 135007.2
27.134124 132880.0
27.148784 133363.2
27.164214 133282.8
27.179022 132199.2
27.192858 140615.2
27.206459 140360.0
27.220661 141680.0
27.235658 142066.4
27.250515 137094.0
27.262773 136466.8
27.274887 136840.0
27.286959 138648.0
27.299188 138028.8
27.311386 135907.2
27.323468 136028.0
27.335797 141111.6
27.348083 139798.4
27.360397 136281.6
27.372517 134343.2
27.384726 138222.0
27.396802 139156.8
27.408976 136964.4
27.421199 135408.0
27.433212 139230.0
27.445313 139606.8
27.457537 136156.8
27.469732 136905.6
27.481721 138534.4
27.493805 140047.2
27.505887 138155.2
27.521915 139099.6
27.534322 134957.2
27.546534 137469.6
27.558859 137902.4
27.570909 139606.8
27.583110 135342.0
27.595207 135589.2
27.607540 139040.0
27.619743 141111.6
27.631897 139480.0
27.643915 135960.0
27.656120 139570.8
27.668251 138474.0
27.680420 138536.8
27.692546 134411.2
27.704828 138034.4
27.716954 138474.0
27.731423 140114.0
27.744697 138285.6
27.756874 136591.2
27.769228 136217.6
27.781339 140301.6
27.793554 139419.2
27.805762 136032.0
27.817939 136281.6
27.830131 139480.0
27.842207 139156.8
27.854349 136028.0
27.866506 138034.4
27.878743 138028.8
27.890909 140615.2
27.902942 136468.0
27.915121 136896.0
27.927201 138660.8
27.940154 142689.6
27.952488 136531.2
27.964532 137213.2
27.976777 135782.4
27.989007 139156.8
28.001239 140672.0
28.013375 141787.2
28.025523 141652.8
28.037594 145356.8
28.049761 146520.0
28.061864 142918.4
28.073956 142572.0
28.086034 145242.8
28.103644 142452.8
28.130331 142010.4
28.148282 141125.6
28.163140 140428.8
28.177665 139733.6
28.191995 134444.0
28.207051 133683.6
28.221918 133121.6
28.235548 135202.8
28.250013 133834.0
28.264058 136656.0
28.276267 134246.4
28.288490 132440.0
28.300627 130722.8
28.312813 134762.4
28.325030 134566.0
28.337257 133030.4
28.349531 132000.0
28.361567 134200.0
28.373870 134657.6
28.385971 134444.0
28.398183 132319.6
28.410257 133198.8
28.422396 135325.6
28.434492 132956.4
28.446626 133441.2
28.458806 131236.0
28.470902 135273.6
28.482951 135273.6
28.494985 133121.6
28.507171 131358.4
28.519575 136276.0
28.531809 138034.4
28.543998 134884.8
28.556191 132000.0
28.568509 133102.0
28.580666 135643.2
28.592816 135325.6
28.604912 131913.6
28.616988 132120.0
28.629315 134028.0
28.641408 133956.0
28.653635 133562.4
28.665824 130524.0
28.677955 134711.6
28.690219 135325.6
28.702336 132108.0
28.714554 131120.0
28.726599 134517.6
28.739029 134884.8
28.751283 131672.0
28.763527 130643.2
28.775689 135202.8
28.792024 132240.0
28.804399 134884.8
28.816595 134517.6
28.828933 132592.8
28.841206 131640.0
28.853404 133881.6
28.865597 135027.2
28.878105 133000.8
28.890338 132471.6
28.902535 132759.2
28.914609 134904.0
28.926620 134322.0
28.938951 132880.0
28.951093 130560.0
28.963336 133516.8
28.975551 136454.4
28.987866 135080.0
29.000025 134834.4
29.012044 140742.8
29.024246 139570.8
29.036355 138348.0
29.048704 138978.0
29.060858 139480.0
29.073049 141036.0
29.085244 138348.0
29.107091 136259.2
29.137047 135129.6
29.157859 135571.2
29.171999 134884.8
29.187114 138474.0
29.202414 138474.0
29.216072 138978.0
29.231451 138536.8
29.245442 135448.4
29.259846 137344.4
29.272017 136840.0
29.284023 138972.8
29.296324 137970.4
29.308471 137469.6
29.320655 135596.0
29.332881 141625.2
29.345070 138852.0
29.357272 138285.6
29.369734 134664.0
29.381892 139545.6
29.393985 139339.2
29.406073 138034.4
29.418286 134466.0
29.430290 137219.2
29.442472 138978.0
29.454668 137340.0
29.466904 136028.0
29.478992 135273.6
29.491143 138775.2
29.503486 136406.4
29.515658 136896.0
29.527976 136152.0
29.540080 138592.4
29.552400 137908.8
29.564490 138095.6
29.576633 134411.2
29.588914 138719.2
29.601171 138411.2
29.613398 136342.8
29.625496 134711.6
29.637810 140032.0
29.649989 141293.6
29.662006 138536.8
29.674117 134288.0
29.686170 136780.8
29.698406 139672.0
29.710496 138222.0
29.722687 136276.0
29.734929 135150.4
29.747026 139099.6
29.759165 137970.4
29.771401 135657.6
29.783562 135836.4
29.795697 139480.0
29.808022 137844.0
29.820116 136780.8
29.832322 135325.6
29.844399 137094.0
29.856659 139353.2
29.868942 138160.0
29.881100 136468.0
29.893166 137030.4
29.905388 140360.0
29.917547 135656.0
29.929687 138660.8
29.941943 135273.6
29.954087 140084.4
29.966121 139039.2
29.978330 135782.4
29.990459 139977.2
30.002639 145548.8
30.014781 146826.4
30.026796 145500.8
30.044911 144365.2
30.063959 145507.6
30.122213 136259.2
30.156602 136400.0
30.213857 138153.6
30.228212 135202.8
30.242342 135448.4
30.256722 136012.8
30.273736 137088.8
30.286113 132720.0
30.305465 134489.6
30.324105 135298.0
30.343051 133683.6
30.355192 136207.2
30.375436 134854.4
30.394493 132680.8
30.406823 135054.0
30.433814 136772.0
30.446107 135816.8
30.465361 133926.0
30.484559 132980.0
30.496814 134489.6
30.523886 131880.0
30.543738 132759.2
30.556107 132636.4
30.575510 133484.0
30.599243 133881.6
30.611480 135080.0
30.632744 133834.0
30.644870 135643.2
30.664097 134711.6
30.676212 134444.0
30.704200 132240.0
30.716368 132073.6
30.735636 134289.6
30.754717 135571.2
30.772476 134711.6
30.784719 134047.2
30.804141 135889.6
30.816463 134489.6
30.844284 131356.4
30.856625 134932.0
30.875618 133114.8
30.894878 133604.8
30.913864 135816.8
30.926132 134041.6
30.947598 133030.4
30.963795 135465.6
30.976017 133562.4
30.988488 134272.8
31.006473 140487.6
31.024515 138096.0
31.036854 140114.0
31.056416 138788.0
31.075553 139987.2
31.139192 134047.2
31.154645 133000.8
31.169316 132880.0
31.183650 137720.0
31.197787 137970.4
31.211611 139792.8
31.227539 139166.4
31.246045 139211.6
31.268152 139538.4
31.283305 136593.2
31.295661 134724.0
31.308160 140440.4
31.329465 135904.0
31.342576 136281.6
31.354922 140360.0
31.374190 139619.2
31.386301 139104.0
31.414450 137404.8
31.426663 137088.8
31.446048 137462.0
31.464176 138660.8
31.476306 136648.0
31.503289 136032.0
31.515442 139672.0
31.527858 141496.8
31.553084 135716.8
31.565343 139292.8
31.583711 138220.8
31.602685 134476.8
31.614842 139672.0
31.634991 136701.6
31.654926 136342.8
31.667239 139798.4
31.692694 139226.4
31.704940 138978.0
31.724321 140810.4
31.743373 138285.6
31.759712 139606.8
31.772205 139545.6
31.793324 136904.0
31.805617 141368.4
31.825100 138474.0
31.837223 142267.2
31.860241 138332.8
31.884196 139008.0
31.896560 137088.8
31.915631 140870.4
31.940996 135466.4
31.953360 138662.4
31.971687 137586.4
31.992818 144496.8
32.005101 142948.8
32.024632 140486.4
32.036947 144664.8
32.063705 143838.8
32.075953 144891.6
32.097953 139545.6
32.112387 140240.8
32.130266 139924.8
32.145739 142066.4
32.160350 139733.6
32.174522 140301.6
32.189607 137337.6
32.207727 138153.6
32.221961 136648.0
32.238701 135252.0
32.252143 132560.4
32.264857 133273.6
32.277726 136840.0
32.290146 136454.4
32.302552 135448.4
32.314913 133926.0
32.327276 132199.2
32.339872 136400.0
32.352250 135325.6
32.364547 135054.0
32.376789 130560.0
32.389126 135036.0
32.401310 134078.0
32.413681 135643.2
32.426006 132319.6
32.438275 132422.4
32.450356 134711.6
32.462753 133956.0
32.475007 132000.0
32.487291 133198.8
32.499736 136578.0
32.512153 134003.2
32.524364 132440.0
32.536766 130124.8
32.549011 135150.4
32.561294 134003.2
32.573572 135007.2
32.585888 131760.0
32.598271 133030.4
32.610388 135150.4
32.622708 133395.2
32.635023 132000.0
32.647435 134047.2
32.663389 132422.4
32.675709 134711.6
32.688397 134444.0
32.700763 132440.0
32.713084 133048.8
32.725315 134150.4
32.737787 136656.0
32.750014 133881.6
32.762317 132240.0
32.774691 136207.2
32.787031 135080.0
32.801724 137337.6
32.819036 135960.0
32.831308 132835.2
32.843414 131320.8
32.855807 135520.0
32.868312 135202.8
32.880478 134246.4
32.892790 131679.6
32.905091 132926.4
32.917680 137280.0
32.929850 135656.0
32.942097 131838.0
32.954428 131640.0
32.966788 135836.4
32.979092 134444.0
32.991405 133441.2
33.003734 135027.2
33.016186 142560.0
33.028481 139136.0
33.040928 138212.0
33.053199 136778.4
33.065494 141368.4
33.078074 143049.2
33.090425 138281.6
33.102990 133077.6
33.117725 134834.4
33.136357 133926.0
33.160258 136578.0
33.175220 135889.6
33.190576 141111.6
33.204457 138726.0
33.229315 137594.8
33.244248 138411.2
33.258864 140870.4
33.271748 140487.6
33.284090 136152.0
33.296449 136152.0
33.327946 137344.4
33.340236 137214.0
33.352447 138028.8
33.364769 137469.6
33.377094 136905.6
33.389375 139920.0
33.401770 142300.8
33.414100 138662.4
33.426392 137030.4
33.438863 138034.4
33.451144 138828.8
33.463522 136342.8
33.476074 136092.4
33.488531 137532.0
33.501118 139411.2
33.513501 142507.6
33.525964 138726.0
33.538252 135904.0
33.550464 138775.2
33.562745 139411.2
33.574977 137280.0
33.587262 135532.0
33.600095 137776.0
33.612395 138474.0
33.624738 138348.0
33.637536 138660.8
33.650258 135969.2
33.663406 138028.8
33.694249 141937.6
33.729173 138534.4
33.741688 141215.6
33.754125 138281.6
33.766396 136524.0
33.778486 137088.0
33.790793 139264.0
33.803126 138281.6
33.815395 136648.0
33.827780 140360.0
33.840116 139733.6
33.852412 138648.0
33.864661 135532.0
33.876813 136843.6
33.889426 138281.6
33.901548 141422.4
33.913819 138220.8
33.926002 137466.0
33.938393 138096.0
33.950498 139606.8
33.962809 138160.0
33.975008 135720.4
33.987127 140084.4
33.999827 146328.0
34.016022 147571.2
34.034687 146120.4
34.046931 146653.2
34.066132 145507.6
34.086162 137469.6
34.100419 139665.6
34.113686 143208.0
34.127492 141056.0
34.141575 140556.0
34.157580 137845.2
34.172576 137779.2
34.188517 131679.6
34.202929 133881.6
34.217520 133363.2
34.237481 132921.6
34.254707 131356.4
34.266931 135496.8
34.286479 131760.0
34.303805 134124.8
34.322579 135889.6
34.342109 135160.0
34.354476 135325.6
34.373490 135094.8
34.385837 135129.6
34.407212 134410.8
34.426194 133680.0
34.445186 132960.0
34.469948 134272.8
34.482247 134489.6
34.494475 134611.2
34.513922 134657.6
34.526057 133162.4
34.547615 136012.8
34.563948 136012.8
34.576217 132921.6
34.595570 136524.0
34.614582 137020.0
34.633558 133000.8
34.645937 134489.6
34.667145 131274.0
34.686266 139672.0
34.705146 138346.0
34.746150 138278.4
34.761510 135448.4
34.780500 137586.4
34.796525 136578.0
34.815485 136207.2
34.834463 134711.6
34.859549 134657.6
34.872089 135643.2
34.884364 140828.0
34.896562 135643.2
34.923750 141732.4
34.936007 135960.0
34.948422 141440.0
34.966620 140615.2
34.984167 145792.0
34.996516 140957.2
35.009008 145524.0
35.025779 146596.0
35.045008 145824.0
35.057262 148646.4
35.076573 147319.2
35.154514 136648.0
35.172580 141496.8
35.187692 145640.0
35.217659 145507.6
35.244955 142352.0
35.258387 140416.0
35.274787 145057.2
35.294997 143616.0
35.307281 140174.4
35.332800 145068.0
35.345051 140360.0
35.364408 144403.2
35.383173 141344.8
35.395338 139226.4
35.416039 145814.4
35.435068 141184.0
35.453823 143749.2
35.472844 141310.0
35.485092 145640.0
35.505293 139920.0
35.524417 142786.0
35.536583 143520.0
35.564628 146037.2
35.576811 142636.8
35.596058 146611.2
35.615025 144804.0
35.627300 139920.0
35.652853 144448.4
35.665183 139860.4
35.684565 145640.0
35.703360 139314.0
35.715581 141184.0
35.736597 139606.8
35.755681 145154.8
35.774850 145860.0
35.796443 140854.8
35.815087 143918.8
35.827213 140301.6
35.853594 139977.2
35.866082 145728.0
35.882866 145375.2
35.901971 145728.0
35.922866 141744.8
35.935220 145507.6
35.953582 138956.4
35.965731 144936.0
35.987114 143048.8
36.006059 146559.2
36.023879 154420.0
36.042625 152628.0
36.061892 150302.4
36.074113 149049.6
36.146627 144408.0
36.168742 146345.6
36.185372 141625.2
36.205264 137213.2
36.245532 135094.8
36.263893 138155.2
36.276032 141568.0
36.295490 139798.4
36.314872 136648.0
36.333734 135816.8
36.352795 138160.0
36.365034 142010.4
36.385725 141440.0
36.404674 141753.6
36.423249 141568.0
36.442184 139008.0
36.454363 136701.6
36.474020 139520.0
36.486375 135939.6
36.514702 135218.4
36.527012 140742.8
36.546267 135448.4
36.565317 135325.6
36.584271 135150.4
36.596564 140615.2
36.617658 138348.0
36.633574 134847.6
36.645821 139594.4
36.658288 136904.0
36.676702 136207.2
36.694062 139722.0
36.706418 135342.0
36.719036 138752.0
36.743801 139665.6
36.756388 143390.0
36.774695 137443.2
36.793706 140870.4
36.813397 138220.8
36.825689 143541.2
36.845027 141240.0
36.864088 143180.8
36.876416 136896.0
36.903777 140778.4
36.916076 141440.0
36.935430 142010.4
36.954094 139442.4
36.966556 136136.0
36.994411 141732.4
37.006698 147227.2
37.026111 143078.4
37.045205 141990.8
37.057598 148108.8
37.082131 141440.0
37.095951 142710.4
37.110435 140544.0
37.123596 144272.4
37.139191 136454.4
37.154342 135889.6
37.173265 135325.6
37.187694 145464.0
37.203728 140232.4
37.218772 139977.2
37.233115 144978.0
37.249132 140615.2
37.266490 145728.0
37.285609 147936.0
37.304585 145332.0
37.324326 139665.6
37.336787 145549.6
37.363717 140907.2
37.375985 145904.8
37.395202 145507.6
37.414131 144051.2
37.426357 139860.4
37.454153 139920.0
37.466397 146611.2
37.485746 145154.8
37.504603 143048.8
37.516798 144760.0
37.543765 146998.0
37.555901 142195.2
37.574650 140998.0
37.593764 140983.2
37.606103 148780.8
37.627616 140487.6
37.646462 140615.2
37.664784 145154.8
37.683791 143831.2
37.702739 140392.0
37.714851 145640.0
37.735173 139904.0
37.747675 144141.6
37.772765 139008.0
37.784848 145023.2
37.804512 140174.4
37.821155 140360.0
37.833659 144760.0
37.846835 144845.6
37.859293 139156.8
37.871885 143786.4
37.884407 142089.6
37.896884 140544.0
37.909363 143926.4
37.921867 143926.4
37.934422 139722.0
37.946884 146258.0
37.959550 144845.6
37.972258 140232.4
37.984775 147201.6
37.997565 151986.0
38.010265 146596.0
38.022861 148862.0
38.035381 148883.2
38.048131 148179.2
38.060443 146292.0
38.072811 150972.0
38.086799 144496.8
38.100952 144619.2
38.115916 143000.0
38.130336 141312.0
38.144250 143179.2
38.165450 146478.4
38.178804 145418.0
38.194295 136207.2
38.208353 135836.4
38.223744 143961.6
38.259320 136032.0
38.278441 139904.0
38.290805 136905.6
38.303408 137594.8
38.315875 142430.4
38.328592 141293.6
38.341309 136152.0
