6753.565308 #
0.064362 131640.0
0.082981 136531.2
0.102660 131040.0
0.114546 133121.6
0.133882 136524.0
0.152805 136207.2
0.172019 136012.8
0.191348 132319.6
0.203274 136715.6
0.222684 134489.6
0.241563 132277.6
0.262150 135471.6
0.274006 134329.6
0.293418 134003.2
0.312148 135007.2
0.331089 138536.8
0.352012 136466.8
0.363981 138095.6
0.383567 132720.0
0.402607 133162.4
0.422216 133042.0
0.435053 136896.0
0.460896 136276.0
0.472815 137462.0
0.490033 146258.0
0.501920 136964.4
0.521133 150040.0
0.540206 150006.0
0.552108 155020.8
0.569564 145587.6
0.581428 147503.2
0.593324 152076.0
0.614853 140174.4
0.633620 132480.0
0.652202 132199.2
0.682688 133967.2
0.704022 132440.0
0.722086 127252.0
0.734065 132720.0
0.751273 133523.6
0.770334 133846.4
0.789537 127275.6
0.801370 128272.8
0.813264 131000.8
0.829744 126672.0
0.841585 132636.4
0.861017 133680.0
0.881936 131640.0
0.893787 128971.2
0.912916 132038.4
0.932055 132840.0
0.951315 128296.0
0.972344 127948.0
0.984259 128738.4
1.013188 131309.6
1.025347 127484.0
1.037430 128937.6
1.049337 127391.2
1.061423 126904.0
1.073430 130166.4
1.085665 126992.4
1.100668 128296.0
1.115273 130626.0
1.128818 129328.0
1.335130 140660.0
1.347545 135465.6
1.360032 140544.0
1.372808 141111.6
1.385706 140469.6
1.398546 137404.8
1.411983 132440.0
1.424484 127690.8
1.437212 128272.8
1.450200 128505.6
1.464101 128971.2
1.477061 127832.0
1.489701 143356.8
1.502440 130800.0
1.515064 135816.8
1.527684 137529.6
1.556076 138852.0
1.574439 139292.8
1.587002 140232.4
1.599993 130390.0
1.616081 133121.6
1.628867 131792.8
1.642569 130508.0
1.656865 132276.0
1.669980 132440.0
1.682958 131274.0
1.696860 138155.2
1.709235 137469.6
1.722869 136656.0
1.736982 132319.6
1.749746 136083.6
1.762837 137908.8
1.775741 137030.4
1.788244 132517.6
1.801246 132078.8
1.814003 138153.6
1.856185 133077.6
1.868703 133905.6
1.881239 137835.2
1.894180 136648.0
1.907102 133956.0
1.919889 133000.8
1.932531 133638.4
1.945400 135960.0
1.957785 137783.2
1.970259 140726.4
1.982893 143352.0
1.996040 144580.8
2.008255 141036.0
2.021162 144672.0
2.033661 144845.6
2.046247 139665.6
2.058740 143970.4
2.071494 146212.8
2.084218 132835.2
2.096883 133725.6
2.109658 134466.0
2.122279 136648.0
2.135218 133905.6
2.150205 134246.4
2.166034 135907.2
2.181539 137088.8
2.197026 134047.2
2.209309 132801.2
2.221903 136531.2
2.234295 131640.0
2.246908 137654.4
2.259876 135720.4
2.272686 137155.2
2.285541 132034.4
2.298176 132396.8
2.310680 136905.6
2.323288 131838.0
2.335870 135160.0
2.348254 136406.4
2.361305 133293.6
2.373775 132440.0
2.386314 133198.8
2.398865 137404.8
2.411515 132078.8
2.424060 139480.0
2.436902 136591.2
2.449684 136591.2
2.462136 132560.4
2.475036 137779.2
2.487802 136466.8
2.500308 136093.6
2.513211 139166.4
2.525889 142136.0
2.538316 142689.6
2.551294 138338.8
2.563804 141753.6
2.576800 141215.6
2.589230 142572.0
2.602202 137213.2
2.616038 136092.4
2.628908 137779.2
2.642089 136281.6
2.655277 137088.8
2.668321 148753.2
2.682262 143970.4
2.695707 140360.0
2.708690 143356.8
2.721652 145464.0
2.735188 141368.4
2.748206 141937.6
2.761336 138096.0
2.773985 144183.6
2.786832 144188.8
2.799598 131236.0
2.812305 131679.6
2.825211 133198.8
2.837788 137970.4
2.850658 134762.4
2.863204 131717.6
2.875611 132440.0
2.888225 133638.4
2.901223 134762.4
2.914093 138278.4
2.926989 133242.4
2.939794 132759.2
2.952297 133077.6
2.965288 135448.4
2.978250 134688.0
2.990816 132638.4
3.003326 131320.8
3.015985 133441.2
3.028475 136648.0
3.050575 131115.6
3.062848 134810.0
3.082071 132720.0
3.101228 131440.4
3.113579 134932.0
3.135335 132560.4
3.149344 133484.0
3.167730 133121.6
3.196816 129808.8
3.212378 130722.8
3.224600 134410.8
3.243891 132516.8
3.262733 130842.4
3.275095 135176.0
3.299737 134003.2
3.311908 133523.6
3.331098 134289.6
3.350106 137720.0
3.362267 132801.2
3.382350 137406.4
3.394639 134003.2
3.417257 134047.2
3.442105 134732.8
3.460293 134047.2
3.472644 134653.2
3.492296 133926.0
3.504533 134322.0
3.516970 137344.4
3.529170 140957.2
3.541260 140487.6
3.553351 138028.8
3.565594 137720.0
3.577657 139264.0
3.589680 142740.0
3.603371 132560.4
3.629708 131716.0
3.645046 133121.6
3.659005 137970.0
3.673356 135571.2
3.688186 138726.0
3.702795 140487.6
3.717285 139545.6
3.732283 139104.0
3.746042 138471.2
3.760315 136718.4
3.774346 135960.0
3.788257 139665.6
3.802163 141808.8
3.816161 138726.0
3.830367 139798.4
3.844382 136152.0
3.859183 135960.0
3.872934 136152.0
3.886038 138726.0
3.899388 139166.4
3.913185 140341.2
3.926041 139776.0
3.939385 138034.4
3.953360 136964.4
3.968295 139040.0
3.981783 140928.0
3.995446 139860.4
4.009380 142507.6
4.024454 138719.2
4.038033 139166.4
4.051019 136093.6
4.063227 139230.0
4.075466 140360.0
4.087716 135720.4
4.099897 136342.4
4.112069 138034.4
4.124204 139849.6
4.136348 137529.6
4.148572 137094.0
4.160685 137344.4
4.172807 141240.0
4.185312 138852.0
4.197600 138660.8
4.209667 136028.0
4.221824 141111.6
4.234035 141808.8
4.246786 138095.6
4.258984 136152.0
4.271321 139665.6
4.283612 137902.4
4.295747 138726.0
4.308001 136715.6
4.320324 137396.8
4.332425 139480.0
4.344621 139353.2
4.357046 137155.2
4.369249 136276.0
4.381333 139482.0
4.393330 139136.0
4.405501 135589.2
4.417747 138913.6
4.429936 139977.2
4.441993 141551.2
4.454319 137213.2
4.466627 136156.8
4.478759 138155.2
4.491059 145814.4
4.503260 140487.6
4.515388 142480.0
4.527630 142610.0
4.539733 145054.8
4.551941 144012.0
4.564013 143260.0
4.580130 141861.6
4.592451 141180.0
4.607517 138034.4
4.620996 140360.0
4.634452 139920.0
4.648256 138788.0
4.661282 135836.4
4.675872 136281.6
4.689227 132680.8
4.702364 138346.0
4.716519 134566.0
4.730416 137835.2
4.743627 134368.0
4.757641 131201.2
4.769777 135080.0
4.781908 136896.0
4.793965 136012.8
4.806297 131239.2
4.818462 130680.0
4.830657 135054.0
4.842728 132665.6
4.854877 132759.2
4.867052 131440.4
4.879290 134724.0
4.891375 134884.8
4.903671 133562.4
4.915769 131160.0
4.927879 134444.0
4.939931 134411.2
4.952141 134200.0
4.964394 132397.2
4.976475 132956.4
4.988556 135889.6
5.000778 132665.6
5.012984 133320.0
5.025191 131320.8
5.037393 134411.2
5.049536 134028.0
5.061789 135448.4
5.073888 131679.6
5.086376 133441.2
5.098468 135176.0
5.110488 134124.8
5.122692 130285.6
5.134896 133320.0
5.147058 135150.4
5.159076 134124.8
5.171310 131358.4
5.183554 132319.6
5.195820 133152.0
5.208003 135571.2
5.220142 131551.2
5.232335 130680.0
5.244442 133121.6
5.256758 135218.4
5.268906 133077.6
5.281088 132158.0
5.293195 132665.6
5.305492 134078.0
5.317706 135766.4
5.329825 130404.8
5.341920 134517.6
5.354137 134003.2
5.366398 137280.8
5.378510 132680.8
5.390766 132440.0
5.402918 133416.0
5.415323 135836.4
5.427427 132360.0
5.439521 130995.2
5.451779 132908.8
5.463977 136701.6
5.476106 132714.0
5.488352 131672.0
5.500461 136840.0
5.512725 142090.0
5.524932 140341.2
5.537113 138913.6
5.549361 136905.6
5.561435 140854.8
5.573547 144010.8
5.585849 142740.0
5.598465 133198.8
5.617419 132921.6
5.633332 132319.6
5.647233 131918.8
5.660440 133562.4
5.674539 135571.2
5.689494 139040.0
5.703201 140301.6
5.718465 141184.0
5.732353 136715.6
5.745919 139292.8
5.758927 136524.0
5.771180 138846.0
5.783372 137280.0
5.795563 137280.0
5.807745 134220.4
5.819864 138913.6
5.832008 140047.2
5.848979 140392.0
5.861337 137592.0
5.873476 135836.4
5.885628 142041.6
5.897850 140928.0
5.909966 140870.4
5.922190 138393.6
5.934454 135471.6
5.946756 140114.0
5.958879 140487.6
5.970982 137406.4
5.983197 135273.6
5.995770 137844.0
6.007978 140672.0
6.020215 136400.0
6.032409 135656.0
6.044553 137280.0
6.056784 139665.6
6.068982 138155.2
6.081152 136772.0
6.093163 136527.2
6.105629 142702.8
6.117881 140160.0
6.129980 138346.0
6.142169 138085.2
6.154411 137783.2
6.166588 139166.4
6.178771 135408.0
6.190850 136400.0
6.202992 138474.0
6.215426 139226.4
6.227498 136840.0
6.239583 136905.6
6.251784 137280.8
6.263882 141253.2
6.276053 137029.6
6.288178 136905.6
6.300529 135712.8
6.312771 139849.6
6.325002 138028.8
6.337182 136591.2
6.349421 134150.4
6.361509 138222.0
6.373508 140084.4
6.385623 136218.0
6.397863 138978.0
6.409919 138028.8
6.422019 141680.0
6.434249 136152.0
6.447446 135448.4
6.461152 137088.8
6.475502 136400.0
6.487621 137902.4
6.499801 141732.4
6.511944 144233.6
6.524124 142048.8
6.536290 145375.2
6.548509 145854.0
6.560527 142610.0
6.572645 142396.8
6.585255 145548.8
6.610298 138662.4
6.625954 142636.8
6.641198 137155.2
6.655712 138411.2
6.670545 137280.0
6.684650 136840.0
6.699447 133562.4
6.712781 136185.2
6.726456 134957.2
6.739611 132480.0
6.753555 132680.8
6.766962 130842.4
6.779229 133484.0
6.791214 134711.6
6.803535 131679.6
6.815691 131560.0
6.827847 132592.8
6.839982 136083.6
6.852236 134003.2
6.864471 132396.8
6.876653 132440.0
6.888837 135836.4
6.900953 134028.0
6.913055 134289.6
6.925336 131880.0
6.937489 133712.0
6.949667 137213.2
6.961854 131236.0
6.973934 133834.0
6.986122 134003.2
6.998232 138220.8
7.010288 132240.0
7.022484 130244.4
7.034578 132440.0
7.046658 134395.2
7.058667 134047.2
7.070926 131597.2
7.083078 131838.0
7.095490 133956.0
7.111216 134288.0
7.123654 133224.0
7.135935 132517.6
7.148130 132480.0
7.160246 134288.0
7.172616 134711.6
7.184691 133441.2
7.197333 132801.2
7.209389 133760.0
7.221655 134343.2
7.233690 135889.6
7.246017 135252.0
7.258221 134288.0
7.270349 133683.6
7.282495 133760.0
7.294594 130166.4
7.306887 132319.6
7.319021 134322.0
7.331260 136772.0
7.343275 132120.0
7.355597 130560.0
7.367690 133198.8
7.379883 137710.8
7.391945 133198.8
7.404102 131880.0
7.416330 131476.8
7.428624 135342.0
7.440538 135007.2
7.452681 131081.6
7.465160 131640.0
7.480376 132600.0
7.492508 133834.0
7.504618 137404.8
7.516915 137902.4
7.529022 138719.2
7.541122 139920.0
7.553352 140569.6
7.565612 137908.8
7.577697 139956.0
7.589726 141603.2
7.611633 134289.6
7.626345 132908.8
7.639749 134272.8
7.653050 137144.0
7.666668 136454.4
7.680526 133395.2
7.693687 137088.8
7.707645 138034.4
7.721681 138160.0
7.735584 138978.0
7.750416 137523.2
7.763431 139545.6
7.775648 137280.0
7.787685 135342.0
7.799986 138348.0
7.812136 138536.8
7.824324 136156.8
7.836663 134588.8
7.848916 138034.4
7.861040 139339.2
7.873145 138474.0
7.885416 135273.6
7.897578 137532.0
7.909655 140615.2
7.921751 136904.0
7.933955 138408.0
7.946311 137970.4
7.958380 139480.0
7.970579 138222.0
7.982644 136400.0
7.994817 133795.2
8.007082 138534.4
8.019304 138852.0
8.031411 137469.6
8.043590 134834.4
8.055819 138160.0
8.068051 138393.6
8.080210 139987.2
8.092307 135712.8
8.104577 137908.8
8.116958 137776.0
8.129080 140174.4
8.141170 135782.4
8.153312 135780.0
8.165441 139920.0
8.177602 138972.8
8.189673 139480.0
8.201848 133795.2
8.214056 141496.8
8.226177 139292.8
8.238281 137406.4
8.250449 134711.6
8.262685 136904.0
8.274843 138155.2
8.287175 138034.4
8.299363 134834.4
8.311681 135347.2
8.323754 138600.0
8.336161 138787.2
8.348353 136896.0
8.364433 135907.2
8.376779 134164.8
8.388953 138913.6
8.401115 139040.0
8.413249 138536.8
8.425420 136152.0
8.437474 137523.2
8.449753 140983.2
8.462006 138852.0
8.474231 136152.0
8.486384 138408.0
8.498603 144141.6
8.510708 142745.6
8.522806 143618.4
8.535225 142480.0
8.547375 145150.4
8.559431 143880.0
8.571626 142918.4
8.583810 141912.0
8.598497 138600.0
8.625180 139733.6
8.639811 139292.8
8.654368 139040.0
8.667761 137720.0
8.681399 136840.0
8.694517 134957.2
8.707637 135520.0
8.720778 134640.0
8.734388 132078.8
8.748292 132638.4
8.762264 132397.2
8.776782 134688.0
8.795840 131799.2
8.808021 132787.2
8.820144 133956.0
8.832282 131918.8
8.844417 130124.8
8.856741 131320.8
8.868857 134884.8
8.881034 134322.0
8.893111 131799.2
8.905463 130240.0
8.917670 132108.0
8.929756 135619.2
8.941728 131081.6
8.953843 131120.0
8.966164 132801.2
8.978349 135094.8
8.990382 132038.4
9.002512 129135.6
9.014653 133804.8
9.026853 135766.4
9.039114 134971.2
9.051253 131640.0
9.063505 132277.6
9.075663 134097.6
9.087846 135080.0
9.100038 132319.6
9.112165 131913.6
9.124260 133562.4
9.136487 136330.8
9.148758 132759.2
9.160765 132120.0
9.172886 132665.6
9.185321 134476.8
9.197516 133846.4
9.209679 131880.0
9.221776 132638.4
9.233868 135080.0
9.246701 133590.0
9.258773 132360.0
9.270866 130364.0
9.283052 134517.6
9.295330 134566.0
9.307440 131792.8
9.319566 131081.6
9.331763 135129.6
9.343873 135007.2
9.356339 141440.0
9.368457 139538.4
9.380716 141861.6
9.392706 142171.2
9.404929 142171.2
9.417196 139185.6
9.429291 139480.0
9.441387 140957.2
9.453549 140469.6
9.465711 141732.4
9.478611 138928.8
9.491284 151824.8
9.503554 145681.6
9.515716 145321.2
9.527900 147773.6
9.540084 146158.4
9.552207 150856.0
9.564285 146919.6
9.576466 145089.6
9.588469 146559.2
9.609974 143467.2
9.632841 143618.4
9.691938 144365.2
9.706752 145814.4
9.728968 149260.8
9.747471 146786.4
9.761605 147534.0
9.773887 144496.8
9.786180 145420.8
9.798315 145904.8
9.810479 145757.6
9.822599 143049.2
9.834917 143575.6
9.847129 144628.4
9.859192 147939.6
9.871432 144365.2
9.883592 146158.4
9.895817 143575.6
9.907840 149056.0
9.919929 147638.4
9.932119 144233.6
9.944184 145420.8
9.956336 145416.0
9.968520 148314.4
9.980823 143008.0
9.992755 144276.0
10.004938 145356.8
10.017137 147606.0
10.029251 142310.4
10.041343 142266.4
10.053568 145814.4
10.065761 145624.0
10.077925 144978.0
10.089951 143664.0
10.102135 146361.6
10.114229 147360.8
10.126358 146527.6
10.138576 142788.0
10.150776 145321.2
10.162909 146692.8
10.174972 145681.6
10.187026 143786.4
10.199284 143795.2
10.211496 148314.4
10.223544 143838.8
10.235848 146899.2
10.247945 144752.0
10.260008 148784.0
10.272264 144936.0
10.284466 142692.0
10.296627 143749.2
10.308799 148179.2
10.320878 146864.0
10.332977 144102.0
10.345305 143048.8
10.357546 144788.4
10.369809 146998.0
10.381963 144936.0
10.393959 144144.0
10.406246 146253.6
10.418377 147424.0
10.430551 144320.0
10.442536 142089.6
10.455030 144978.0
10.467290 147560.0
10.480568 146292.0
10.495498 146797.2
10.507609 144448.4
10.519812 153020.0
10.531973 154768.8
10.544176 153160.0
10.556310 149085.2
10.570909 149708.8
10.583254 150121.6
10.597039 148720.0
10.638436 145681.6
10.652062 147571.2
10.666937 146120.4
10.682017 147436.8
10.697925 141861.6
10.712072 147802.0
10.726787 145507.6
10.740410 145772.4
10.754369 140726.4
10.768048 142430.4
10.783345 140800.0
10.797069 142948.8
10.810819 143000.0
10.825676 143226.0
10.838839 143838.8
10.852162 145023.2
10.867056 143390.0
10.882051 140047.2
10.896653 141680.0
10.908905 140005.6
10.920934 144188.8
10.933055 140569.6
10.945399 138752.0
10.957606 139284.0
10.969853 143356.8
10.981926 143700.8
10.993918 139665.6
11.010005 140311.2
11.022359 138902.4
11.034664 140828.0
11.046992 144713.6
11.059040 141700.0
11.071305 139156.8
11.083441 142610.0
11.095708 141744.8
11.107750 143749.2
11.119996 139264.0
11.132028 144496.8
11.144244 142171.2
11.156350 142136.0
11.168560 139411.2
11.180626 142350.0
11.192630 142560.0
11.204987 141990.8
11.217124 139057.2
11.229362 139920.0
11.241313 142310.4
11.253456 140854.8
11.265622 141603.2
11.277693 138155.2
11.289888 142300.8
11.302065 142310.4
11.314249 140615.2
11.326354 137340.0
11.338467 141344.8
11.350647 142430.4
11.362888 141782.4
11.374984 139904.0
11.387330 140288.0
11.399573 143749.2
11.411699 138592.4
11.423777 141603.2
11.436126 141474.0
11.449018 142870.0
11.461283 141830.0
11.473395 138660.8
11.487602 138648.0
11.500720 147066.8
11.512912 149085.2
11.525037 149494.4
11.537084 146258.0
11.549264 145416.0
11.561394 149592.0
11.573488 147606.0
11.592476 140928.0
11.623906 145947.2
11.637766 143880.0
11.652472 141184.0
11.667905 143309.6
11.681665 142120.0
11.695802 144891.6
11.710384 145375.2
11.725796 146292.0
11.739797 150396.8
11.753123 147638.4
11.765402 144496.8
11.777502 141353.6
11.789606 145242.8
11.801768 145223.2
11.813923 145507.6
11.826109 146120.4
11.838315 145689.6
11.850434 145283.2
11.862616 146919.6
11.874882 143352.0
11.887015 145587.6
11.899102 145681.6
11.911382 144921.6
11.923518 142350.0
11.935791 146024.8
11.947951 147773.6
11.960032 148010.4
11.972180 142310.4
11.984430 141484.0
11.996653 147227.2
12.008708 144788.4
12.021044 144183.6
12.033126 142480.0
12.045510 146520.0
12.057695 145824.0
12.069770 145548.8
12.081937 143575.6
12.094040 147033.6
12.106135 147132.0
12.118338 144788.4
12.130521 143440.0
12.142637 144655.2
12.154928 146527.6
12.167043 146120.4
12.179153 145524.0
12.191214 144804.0
12.203439 147424.0
12.215589 145110.4
12.227768 146730.0
12.239730 145321.2
12.251981 149932.8
12.264130 149085.2
12.280187 148210.8
12.292553 142964.4
12.304929 145150.4
12.317125 145854.0
12.329336 146630.4
12.341455 143487.6
12.353558 143532.8
12.365828 144486.4
12.378060 148010.4
12.390139 143654.0
12.402342 142702.8
12.414439 145904.8
12.426560 146292.0
12.438599 145416.0
12.450699 141440.0
12.462740 147705.6
12.474941 146194.0
12.487060 145242.8
12.499178 150475.2
12.511445 150856.0
12.523580 155193.6
12.535844 153020.0
12.548004 153300.0
12.560084 151847.2
12.572177 156088.0
12.584383 150282.0
12.609150 145681.6
12.622881 149600.0
12.636617 148888.8
12.652004 150920.0
12.666880 147302.4
12.681188 147534.0
12.695270 139733.6
12.708861 139226.4
12.723977 139411.2
12.738248 141861.6
12.752114 140907.2
12.764244 144188.8
12.776458 138660.8
12.788454 139339.2
12.800705 140726.4
12.812840 145418.0
12.825167 138880.0
12.837384 138719.2
12.849506 140288.0
12.861702 140875.2
12.873785 141293.6
12.886186 141036.0
12.898185 143926.4
12.910216 142560.0
12.922388 140828.0
12.934514 138281.6
12.946591 142964.4
12.958717 144057.6
12.970881 141960.0
12.983037 139264.0
12.995609 140052.8
13.007758 143926.4
13.019844 144496.8
13.032029 141782.4
13.044121 139353.2
13.056410 144220.8
13.068516 141912.0
13.080671 142066.4
13.092774 137523.2
13.105224 142310.4
13.117404 141422.4
13.129526 139827.6
13.141613 138096.0
13.153809 141782.4
13.165911 141134.4
13.178134 141680.0
13.190189 138496.0
13.202416 140778.4
13.214509 142480.0
13.226555 140288.0
13.238655 140907.2
13.250863 138880.0
13.263048 144891.6
13.275242 141111.6
13.287450 138624.0
13.299644 139849.6
13.311826 145242.8
13.324046 144183.6
13.336246 140778.4
13.348414 139538.4
13.360552 141215.6
13.372752 142740.0
13.385246 139956.0
13.397430 138726.0
13.409542 139827.6
13.421654 143000.0
13.433839 141293.6
13.446207 141875.2
13.458252 141111.6
13.470447 142614.4
13.482552 132000.0
13.498341 133760.0
13.510928 136185.2
13.525177 139480.0
13.547206 141680.0
13.559449 138536.8
13.573200 138285.6
13.587582 139665.6
13.599930 143795.2
13.612427 135420.0
13.630640 136330.8
13.646297 136382.4
13.661623 135542.0
13.676682 133242.4
13.690079 136905.6
13.702639 135712.8
13.717726 136028.0
13.731300 138660.8
13.746296 139987.2
13.760076 143078.4
13.774651 140998.0
13.792495 139860.4
13.807231 140160.0
13.819569 137020.0
13.833822 138095.6
13.848179 136964.4
13.860279 142120.0
13.873098 141184.0
13.887293 138978.0
13.899561 136092.4
13.911847 138153.6
13.927230 137280.0
13.939375 140742.8
13.952241 141753.6
13.967132 138787.2
13.979296 136772.0
13.991683 138902.4
14.003825 141056.0
14.019247 138913.6
14.031740 141882.0
14.047263 137344.4
14.059322 135844.8
14.071628 138534.4
14.083956 142819.2
14.099389 142195.2
14.113696 140367.6
14.127900 140104.8
14.140206 136028.0
14.152647 135904.0
14.166826 139226.4
14.179019 142780.8
14.193262 139419.2
14.207492 136715.6
14.219764 138787.2
14.231907 138719.2
14.244164 140907.2
14.256725 137144.0
14.270316 138028.8
14.284340 137213.2
14.298709 137219.2
14.310991 138534.4
14.323258 139977.2
14.338777 140416.0
14.350998 137845.2
14.367296 135471.6
14.379347 136591.2
14.391631 140615.2
14.403998 142895.2
14.417748 137845.2
14.431860 137020.0
14.446919 137337.6
14.459057 136778.4
14.471336 138913.6
14.483647 141056.0
14.496028 142895.2
14.509605 140227.2
14.521885 143484.0
14.534037 146596.0
14.547752 147936.0
14.561797 144926.4
14.577291 143401.6
14.589931 136715.6
14.604396 136905.6
14.618799 141056.0
14.640448 136083.6
14.661153 138220.8
14.676056 140114.0
14.693650 134168.4
14.712194 135374.4
14.727308 135252.0
14.741280 134047.2
14.754953 131838.0
14.768681 133042.0
14.782764 133926.0
14.797079 134489.6
14.809333 135532.0
14.821643 133152.0
14.833905 132638.4
14.846366 135619.2
14.859697 138471.2
14.873818 135619.2
14.888041 137280.0
14.900307 132480.0
14.912677 133484.0
14.939829 134411.2
14.952307 138278.4
14.967222 134272.8
14.979437 132516.8
14.993565 133484.0
15.007712 131280.0
15.019963 137404.8
15.032309 134124.8
15.044443 134450.4
15.059833 135176.0
15.073934 131358.4
15.088319 133483.6
15.100447 134588.8
15.112846 137319.6
15.127110 134517.6
15.139383 132720.0
15.153704 133926.0
15.167971 132665.6
15.180318 137783.2
15.193087 136701.6
15.207246 133683.6
15.219472 132720.0
15.233847 131477.6
15.248347 135094.8
15.260498 133030.4
15.273363 134611.2
15.287728 136012.8
15.299961 131913.6
15.312207 137516.0
15.327076 134904.0
15.339361 135571.2
15.351719 136825.2
15.367325 133683.6
15.379445 131717.6
15.391806 135007.2
15.407072 134150.4
15.419386 135720.4
15.431768 133162.4
15.447072 133846.4
15.459249 131188.8
15.471497 134246.4
15.487265 134041.6
15.499454 139977.2
15.512215 138028.8
15.524368 138220.8
15.540004 139104.0
15.554361 137654.4
15.568723 139226.4
15.580979 143390.0
15.593842 135496.8
15.608344 133242.4
15.622868 134168.4
15.640507 133363.2
15.656666 134611.2
15.671132 133242.4
15.688535 138285.6
15.703888 137337.6
15.722255 138662.4
15.745914 139039.2
15.759277 138978.0
15.771474 137280.8
15.783793 135643.2
15.797527 136207.2
15.811427 137268.0
15.827267 136964.4
15.839524 139166.4
15.851886 139166.4
15.864184 137337.6
15.878061 137710.8
15.892041 138726.0
15.907303 138393.6
15.919523 138281.6
15.931893 139356.0
15.947120 136406.4
15.959390 135342.0
15.971555 137845.2
15.987196 138160.0
15.999482 139606.8
16.012034 138332.8
16.027161 141652.8
16.039437 140360.0
16.051754 144978.0
16.064049 145332.0
16.079447 141064.8
16.093420 143390.0
16.107564 139284.0
16.119879 144713.2
16.132176 139792.8
16.144550 145500.8
16.159932 145286.4
16.173920 143130.0
16.188177 141240.0
16.200524 138624.0
16.212825 142350.0
16.227072 144978.0
16.239441 140301.6
16.253511 142249.2
16.267835 140544.0
16.280157 144713.2
16.292335 139665.6
16.316564 139466.8
16.328929 144936.0
16.341106 140544.0
16.353558 145375.2
16.368836 144845.6
16.381192 143700.8
16.397237 139029.6
16.409481 139594.4
16.421811 142220.0
16.434161 144320.0
16.448515 140360.0
16.462512 142895.2
16.477077 141111.6
16.489481 154472.8
16.501704 144822.4
16.514031 150856.0
16.528075 148044.0
16.540202 143989.2
16.552494 144353.6
16.564927 150343.2
16.578566 147186.0
16.593483 140360.0
16.608495 140288.0
16.622928 145242.8
16.638925 141808.8
16.655223 140416.0
16.669635 145242.8
16.685466 141111.6
16.699558 136330.8
16.717456 137280.0
16.731130 137020.0
16.745626 141253.2
16.759742 136648.0
16.774223 136330.8
16.788582 141861.6
16.800878 139733.6
16.813747 138788.0
16.827955 141861.6
16.840096 140875.2
16.852227 138913.6
16.867510 137466.0
16.879739 136964.4
16.891860 141125.6
16.907379 139314.0
16.919625 134288.0
16.931886 140870.4
16.946953 140983.2
16.959223 135643.2
16.971622 140998.0
16.987244 135396.8
16.999614 140232.4
17.011857 134600.4
17.024138 141312.0
17.039525 137088.8
17.053557 136136.0
17.067911 137902.4
17.080153 138411.2
17.092269 135766.4
17.104636 141440.0
17.120224 140928.0
17.134383 136012.8
17.148594 139292.8
17.160900 141680.0
17.173130 138752.0
17.187169 135960.0
17.199516 138411.2
17.213605 136136.0
17.227899 139284.0
17.240023 138034.4
17.252290 136207.2
17.264613 141440.0
17.280134 143726.4
17.294008 140177.6
17.308191 139977.2
17.320547 134834.4
17.332933 140232.4
17.347045 135465.6
17.359253 138880.0
17.371529 135325.6
17.387314 138085.2
17.399627 135027.2
17.411813 142300.8
17.424684 141440.0
17.438949 139008.0
17.451277 139419.2
17.467199 136715.6
17.479543 138155.2
17.491803 149295.6
17.507265 143048.8
17.519460 146386.8
17.532018 145947.2
17.547161 146037.2
17.559333 142610.0
17.571559 141570.0
17.583811 146611.2
17.611441 139920.0
17.624936 141568.0
17.641428 139987.2
17.665086 135960.0
17.686544 136093.6
17.737440 140854.8
17.751819 139699.2
17.764071 146520.0
17.778848 146434.4
17.793477 139722.0
17.806860 143570.4
17.822057 142560.0
17.841732 146786.4
17.857332 139665.6
17.869702 145242.8
17.881989 139226.4
17.897210 141625.2
17.909367 142310.4
17.922040 145332.0
17.937294 142136.0
17.949649 138846.0
17.961926 144540.0
17.974129 139792.8
17.989704 147052.8
18.003625 145154.8
18.017979 145068.0
18.030249 139339.2
18.042452 139722.0
18.054665 143749.2
18.070307 140487.6
18.084453 144760.0
18.098713 139008.0
18.110992 143484.0
18.123215 140232.4
18.135601 143570.4
18.149224 139920.0
18.163493 145332.0
18.177667 139466.8
18.189893 144845.6
18.202116 139665.6
18.214338 147668.0
18.229856 145992.0
18.243724 141440.0
18.257903 144713.2
18.270114 140544.0
18.282341 143256.8
18.294643 146699.2
18.310015 145728.0
18.324021 145860.0
18.338383 140182.0
18.350733 138902.4
18.363699 143000.0
18.377718 138828.8
18.390011 146169.6
18.404296 141484.0
18.417638 141036.0
18.429786 140907.2
18.441885 145242.8
18.454154 140047.2
18.469359 139920.0
18.483496 141808.8
18.498010 140598.0
18.510240 149316.0
18.522383 145587.6
18.536042 151986.0
18.548276 146692.8
18.560517 144655.2
18.572722 149221.6
18.587234 150579.2
18.599778 144010.8
18.616546 139594.4
18.629437 141184.0
18.644141 145904.8
18.660895 147802.0
18.676386 141056.0
18.691114 141184.0
18.705727 140032.0
18.720111 136454.4
18.735429 135520.0
18.752411 136207.2
18.768556 138474.0
18.781907 139411.2
18.794152 138721.6
18.808052 141312.0
18.822138 138095.6
18.837152 136400.0
18.849455 138600.0
18.861698 134847.6
18.874658 139672.0
18.888832 142918.4
18.901154 138660.8
18.917193 139361.6
18.929456 136152.0
18.941732 140742.8
18.957281 135960.0
18.969536 137088.0
18.981685 136454.4
18.997011 136218.0
19.009212 139876.8
19.021737 136578.0
19.037278 138846.0
19.049544 135396.8
19.061723 141861.6
19.074199 135325.6
19.089687 136136.0
19.115158 139442.4
19.127577 136701.6
19.141290 144141.6
19.157344 134904.0
19.169729 139040.0
19.181990 139166.4
19.194447 135939.6
19.208181 137088.8
19.222321 142378.4
19.237216 138496.0
19.249590 134534.4
19.261747 140742.8
19.274037 137280.0
19.287741 141125.6
19.301782 138346.0
19.317192 135643.2
19.329481 140870.4
19.341723 134343.2
19.354057 141056.0
19.368125 136524.0
19.380456 139230.0
19.395007 144613.6
19.408831 140032.0
19.421114 140487.6
19.433499 135202.8
19.447606 136454.4
19.461624 139356.0
19.477226 135643.2
19.489456 146421.6
19.501812 137214.0
19.515121 143700.8
19.529215 145926.0
19.541502 142689.6
19.557345 145390.0
19.569528 140520.8
19.581756 148753.2
19.598154 144451.2
19.613390 137845.2
19.630892 142378.4
19.648906 141625.2
19.666867 141990.8
19.682864 141056.0
19.698473 143664.0
19.716171 144188.8
19.731894 144188.8
19.750014 144628.4
19.768046 144978.0
19.780350 140301.6
19.792489 139748.0
19.804885 140928.0
19.820357 140301.6
19.834495 143390.0
19.848826 144365.2
19.861125 143220.0
19.873415 141937.6
19.887234 143822.4
19.899505 139860.4
19.913835 143260.0
19.927935 144804.0
19.940175 140360.0
19.952529 144486.4
19.967249 140416.0
19.979425 144222.4
19.993528 140114.0
20.007762 144628.4
20.019863 138139.2
20.032140 143352.0
20.047250 144183.6
20.059542 140301.6
20.073795 144403.2
20.088142 144102.0
20.100401 140232.4
20.113174 145904.8
20.127261 140360.0
20.139414 143521.6
20.151678 132921.6
20.167203 134150.4
20.179522 133604.8
20.191780 137710.8
20.207456 134566.0
20.219708 131115.6
20.231902 138160.0
20.247156 136531.2
20.259308 132759.2
20.271579 134368.0
20.284521 136382.4
20.298893 136400.0
20.311183 138332.8
20.327341 142005.6
20.339516 139920.0
20.351959 144936.0
20.367268 143088.0
20.379422 140428.8
20.391570 145375.2
20.407153 143918.8
20.419302 140726.4
20.431884 142819.2
20.446959 142396.8
20.459211 136342.4
20.471539 132360.0
20.493212 135532.0
20.507166 138648.0
20.519441 142507.6
20.533790 139672.0
20.550879 138787.2
20.563186 145454.4
20.578868 139411.2
20.591204 144141.6
20.620370 132801.2
20.635449 133363.2
20.651593 136896.0
20.673287 133484.0
20.688732 132600.0
20.706858 130713.6
20.722279 128854.8
20.738950 128947.2
20.753852 131477.6
20.769111 128156.4
20.781351 134732.8
20.797112 132078.8
20.809216 129154.4
20.821353 126440.0
20.833563 128644.0
20.847495 131440.4
20.859616 128644.0
20.873955 133080.0
20.888316 128920.0
20.900583 128505.6
20.912862 134329.6
20.927208 128389.2
20.939349 130744.0
20.953612 128084.8
20.967946 132078.8
20.980230 128971.2
20.992873 131511.6
21.007205 132638.4
21.019496 127832.0
21.031720 133042.0
21.047222 140698.8
21.059386 135904.0
21.071610 140301.6
21.087462 135150.4
21.099729 140360.0
21.111898 136185.2
21.127239 136207.2
21.139522 138411.2
21.151879 141312.0
21.167236 140341.2
21.179417 136701.6
21.191645 132759.2
21.203970 131274.0
21.219416 128180.0
21.233371 133363.2
21.247665 127574.4
21.259897 132680.8
21.272054 128596.8
21.284367 133967.2
21.299904 131187.2
21.313937 132360.0
21.327976 131280.0
21.340252 129242.4
21.352529 127948.0
21.364671 133042.0
21.380291 133484.0
21.394394 128992.0
21.408531 131958.4
21.420641 126440.0
21.432999 133905.6
21.447027 128971.2
21.459405 133162.4
21.473643 128644.0
21.487993 132787.2
21.500412 132300.8
21.512669 134395.2
21.527287 137396.8
21.539560 134395.2
21.554079 134566.0
21.567798 133293.6
21.579982 138160.0
21.592304 134976.0
21.613066 133121.6
21.633008 128854.8
21.648989 133162.4
21.663980 134168.4
21.680565 129204.0
21.698072 137213.2
21.712473 133403.2
21.725906 134246.4
21.739364 133804.8
21.754197 141732.4
21.768653 142120.0
21.782660 139538.4
21.797104 140870.4
21.809417 142220.8
21.821709 138648.0
21.833962 144276.0
21.846459 140937.6
21.859975 145507.6
21.874061 147186.0
21.888425 141310.0
21.906561 131838.0
21.918864 136028.0
21.931054 133363.2
21.943447 135571.2
21.957319 132480.0
21.969560 137337.6
21.983811 132921.6
21.998321 133242.4
22.010595 130800.0
22.023038 135889.6
22.037238 136218.0
22.049596 132840.0
22.063858 137268.0
22.078037 133562.4
22.090214 135907.2
22.102423 132120.0
22.117082 132155.2
22.129379 133590.0
22.141701 132720.0
22.157085 133242.4
22.169444 133881.6
22.181626 132921.6
22.197080 136896.0
22.209378 132801.2
22.221876 138153.6
22.237130 137704.8
22.249567 131717.6
22.261880 137640.0
22.277367 132680.8
22.289642 137088.8
22.302020 133363.2
22.317012 132801.2
22.329232 136466.8
22.341511 132720.0
22.357452 137529.6
22.369654 131958.4
22.382024 136028.0
22.394496 133320.0
22.409752 137710.8
22.423752 137586.4
22.438104 136840.0
22.450377 132801.2
22.462662 146786.4
22.477762 145110.4
22.490020 157067.2
22.503778 146386.8
22.516338 145987.2
22.528484 145689.6
22.540638 146998.0
22.553175 150440.8
22.565476 143970.4
22.577718 151409.6
22.589883 144522.0
22.604112 136454.4
22.633446 132921.6
22.648169 133484.0
22.662785 138278.4
22.677184 139672.0
22.692928 132078.8
22.707159 129830.4
22.722269 130300.8
22.737910 131400.0
22.752132 128830.4
22.766935 126876.0
22.779114 132600.0
22.791193 127391.2
22.803415 129007.2
22.815617 126509.6
22.827740 131717.6
22.839889 131560.0
22.852064 130036.0
22.864171 132276.0
22.876312 127506.8
22.888496 132480.0
22.900756 126556.0
22.912958 133042.0
22.925045 127662.4
22.937119 131760.0
22.949310 126835.2
22.961443 130762.4
22.973532 127738.0
22.985710 133905.6
22.998035 132360.0
23.010145 129830.4
23.022318 131115.6
23.034438 127368.0
23.046585 132636.4
23.058722 127458.0
23.070974 131320.8
23.083045 128099.6
23.095643 132960.0
23.107767 126556.0
23.119974 131440.4
23.132146 127622.4
23.144397 131155.2
23.156547 127160.0
23.168733 133121.6
23.180688 128412.0
23.192734 139977.2
23.205040 138719.2
23.221349 141484.0
23.233670 133783.2
23.246071 143179.2
23.258157 136207.2
23.270343 138752.0
23.282478 134640.0
23.294563 143179.2
23.306742 135027.2
23.318984 131799.2
23.331141 132319.6
23.343169 128947.2
23.355414 127506.8
23.367574 126466.4
23.379738 132636.4
23.391708 126813.2
23.403751 132560.4
23.416165 127180.8
23.428359 131160.0
23.440444 127506.8
23.452570 128480.0
23.464865 128012.8
23.477067 132680.8
23.489366 140598.0
23.501478 132858.0
23.513624 134932.0
23.525757 140416.0
23.538001 137155.2
23.550107 136083.6
23.562189 137592.0
23.574375 133760.0
23.586475 137649.6
23.609837 129974.8
23.630533 128505.6
23.643989 129388.8
23.658593 129037.2
23.673250 132560.4
23.688017 133042.0
23.702570 133162.4
23.717147 132801.2
23.731894 136330.8
23.745868 139798.4
23.758894 134762.4
23.772567 137462.0
23.786290 131040.0
23.798510 132880.0
23.810710 136330.8
23.822833 130920.0
23.835201 135471.6
23.847397 133282.8
23.859505 134971.2
23.871621 131640.0
23.883796 136276.0
23.896170 132158.0
23.908217 144713.2
23.920485 139226.4
23.932616 144183.6
23.944675 139392.0
23.956928 143926.4
23.969135 144051.2
23.981206 144141.6
23.993299 138266.4
24.005609 138085.2
24.017847 143356.8
24.030124 144451.2
24.042137 143748.0
24.054252 139353.2
24.066530 135094.8
24.078636 132000.0
24.090778 136591.2
24.102819 133030.4
24.115220 136028.0
24.127422 131799.2
24.139532 132471.6
24.151747 132759.2
24.163808 137030.4
24.175947 137657.6
24.188061 133320.0
24.200219 135969.2
24.212238 132960.0
24.224438 135284.0
24.236520 132360.0
24.248747 135027.2
24.260915 134466.0
24.273019 136083.6
24.285326 132120.0
24.297540 133956.0
24.309652 133760.0
24.321924 136276.0
24.334163 135720.4
24.346238 134168.4
24.358279 136217.6
24.370462 131760.0
24.382660 136648.0
24.394887 130800.0
24.407329 132560.4
24.419561 131520.0
24.431653 136012.8
24.443796 131440.4
24.456241 135782.4
24.468465 132078.8
24.484915 134322.0
24.497271 136840.0
24.509471 138348.0
24.521650 142918.4
24.533916 138085.2
24.546229 143618.4
24.558296 138536.8
24.573965 142430.4
24.586257 138474.0
24.600076 133484.0
24.627949 141111.6
24.641991 145772.4
24.656640 140047.2
24.671342 140047.2
24.686735 139977.2
24.700357 138536.8
24.715098 136905.6
24.728340 137020.0
24.743710 133967.2
24.757482 130798.8
24.769666 126672.0
24.781867 133760.0
24.794006 128947.2
24.806307 131236.0
24.818502 127923.6
24.830684 133884.8
24.842925 126904.0
24.855313 131551.2
24.867505 126928.8
24.879603 132636.4
24.891711 127368.0
24.903891 131880.0
24.916265 126835.2
24.928370 131476.8
24.940378 127622.4
24.952642 132120.0
24.964892 128568.4
24.977219 131880.0
24.989258 127948.0
25.001566 130047.2
25.013701 128180.0
25.025889 132240.0
25.038227 127225.2
25.050322 128802.8
25.062497 128971.2
25.074595 132440.0
25.086906 130762.4
25.099142 129595.2
25.111280 131551.2
25.123355 128272.8
25.135586 131477.6
25.147712 128156.4
25.159915 132000.0
25.172156 127506.8
25.184313 131476.8
25.196588 128064.0
25.208741 133484.0
25.220920 126556.0
25.233165 133712.0
25.245875 133282.8
25.257964 131679.6
25.270299 128272.8
25.282342 131236.0
25.294520 126813.2
25.306639 132240.0
25.318742 127574.4
25.330918 141368.4
25.342931 138028.8
25.355350 142702.8
25.367533 135080.0
25.379643 135342.0
25.391556 138411.2
25.403746 135080.0
25.416246 134164.8
25.428356 135836.4
25.440557 137404.8
25.452756 128596.8
25.464938 134322.0
25.476940 129271.6
25.489180 135782.4
25.501299 131596.8
25.513533 138096.0
25.525659 133834.0
25.537822 137783.2
25.550041 133956.0
25.562254 138536.8
25.574313 134322.0
25.586556 133416.0
25.608367 128505.6
25.635297 128389.2
25.648796 133162.4
25.663822 133282.8
25.678196 128854.8
25.692335 138346.0
25.707077 140615.2
25.722451 137337.6
25.738455 133804.8
25.753732 132600.0
25.768400 133242.4
25.780578 133198.8
25.797019 134047.2
25.809323 137654.4
25.821588 131400.0
25.833716 136648.0
25.845946 132956.4
25.857979 136152.0
25.870322 132240.0
25.882398 134724.0
25.894592 130722.8
25.907022 135904.0
25.919225 131560.0
25.931284 137337.6
25.943288 132240.0
25.955478 131913.6
25.967695 134444.0
25.979791 132078.8
25.991811 136648.0
26.004031 133441.2
26.016316 134912.0
26.028410 132921.6
26.040617 136591.2
26.052719 139648.0
26.064913 143795.2
26.076999 141875.2
26.089248 143707.2
26.101402 139353.2
26.113587 139520.0
26.125705 143618.4
26.137824 146864.0
26.150063 143180.8
26.162323 140742.8
26.174407 145640.0
26.186492 139977.2
26.198724 143487.6
26.210927 131040.0
26.223011 136028.0
26.235428 131760.0
26.247680 136578.0
26.259834 130920.0
26.272058 135904.0
26.284260 132240.0
26.296417 136964.4
26.308436 133804.8
26.320686 138155.2
26.332843 133712.0
26.345327 136152.0
26.357347 131799.2
26.369445 131958.4
26.381609 133562.4
26.393651 131040.0
26.405835 136524.0
26.418075 133000.8
26.430342 135780.0
26.442345 132240.0
26.454508 136648.0
26.466848 130800.0
26.479024 137213.2
26.491029 147368.0
26.503279 140032.0
26.515412 137594.8
26.527636 137649.6
26.539720 140854.8
26.551903 142610.0
26.564021 142740.0
26.576024 139099.6
26.588042 143532.8
26.605118 138153.6
26.623110 132880.0
26.639121 137404.8
26.656012 136531.2
26.669632 135129.6
26.684013 137654.4
26.698134 132835.2
26.712516 133764.4
26.726906 132397.2
26.742276 130643.2
26.757002 129712.8
26.769156 139619.2
26.781410 135766.4
26.793469 139606.8
26.805684 134780.8
26.817790 139849.6
26.829866 137469.6
26.842029 144628.4
26.854071 139136.0
26.866321 136028.0
26.878435 135347.2
26.890490 135643.2
26.902674 132240.0
26.914898 127948.0
26.927076 132199.2
26.939072 127341.6
26.951381 130524.0
26.963449 128084.8
26.975503 126697.6
26.987566 130154.0
26.999805 126324.0
27.011899 132158.0
27.024041 127832.0
27.036325 131672.0
27.052458 127690.8
27.064959 130643.2
27.077089 130713.6
27.089342 127832.0
27.101507 127896.0
27.113702 131305.6
27.125819 126992.4
27.137916 132319.6
27.150155 128272.8
27.162414 131400.0
27.174453 127506.8
27.186515 128738.0
27.198702 127160.0
27.210837 132240.0
27.223021 130842.4
27.235458 128502.0
27.247705 128180.0
27.259826 133198.8
27.272028 129729.6
27.284150 131918.8
27.296335 127506.8
27.308440 128040.0
27.320591 129830.4
27.332829 126119.6
27.345184 131476.8
27.357241 127716.0
27.369481 130154.0
27.381516 128064.0
27.393530 132480.0
27.405739 127252.0
27.417924 132000.0
27.430111 127738.0
27.442184 131358.4
27.454337 127391.2
27.466537 126788.0
27.478741 131511.6
27.490811 148428.0
27.502942 146864.0
27.515242 140907.2
27.527463 143049.2
27.539543 141344.8
27.551749 146292.0
27.563838 141603.2
27.577231 148449.6
27.591933 145238.4
27.629494 129204.0
27.642626 128505.6
27.657480 129740.4
27.671384 128854.8
27.686077 131596.8
27.700520 138028.8
27.715479 136207.2
27.729610 131717.6
27.743007 133760.0
27.757485 133042.0
27.769773 136152.0
27.781970 134466.0
27.794078 134444.0
27.806472 132038.4
27.818574 131476.8
27.830763 135939.6
27.842870 131356.4
27.855000 138534.4
27.867160 132120.0
27.879393 136843.6
27.891487 131358.4
27.903589 136964.4
27.915786 131081.6
27.927889 136276.0
27.939900 135836.4
27.952092 133881.6
27.964159 136531.2
27.976249 131799.2
27.988292 135160.0
28.000551 131679.6
28.012648 136772.0
28.024924 132544.0
28.037154 136028.0
28.049229 132120.0
28.061417 134588.8
28.073587 131358.4
28.085809 138474.0
28.097981 135960.0
28.110241 133638.4
28.122484 131679.6
28.134540 131081.6
28.146780 136505.6
28.158917 131356.4
28.171007 135904.0
28.183231 131440.4
28.197170 137029.6
28.209237 140104.8
28.221500 142964.4
28.233613 138913.6
28.246003 145332.0
28.265690 138880.0
28.278593 143700.8
28.291268 144088.0
28.303682 140104.8
28.316242 142824.0
28.336436 140356.8
28.349131 140983.2
28.361574 141240.0
28.374210 144804.0
28.386926 144804.0
28.399411 139665.6
28.411679 144672.0
28.424189 139665.6
28.436708 144365.2
28.453055 144408.0
28.466688 132921.6
28.521681 140854.8
28.534966 141180.0
28.549220 142702.8
28.561691 137592.0
28.574168 141264.0
28.586947 142610.0
28.600647 136207.2
28.616669 137213.2
28.644326 132921.6
28.664479 136330.8
28.678352 133604.8
28.691606 128180.0
28.705154 129388.8
28.719076 133162.4
28.733693 133042.0
28.748211 128947.2
28.761665 133604.8
28.774691 131000.8
28.788591 129477.6
28.801450 129682.0
28.814100 130713.6
28.826950 131081.6
28.839557 130713.6
28.852327 128040.0
28.865597 126928.8
28.878471 128246.4
28.891231 128272.8
28.903946 141240.0
28.917103 140616.0
28.929495 136466.8
28.941723 138534.4
28.954367 140232.4
28.967115 137783.2
28.979938 135094.8
28.992514 138034.4
29.005205 139956.0
29.018001 139665.6
29.030718 136207.2
29.043591 135396.8
29.056398 138160.0
29.069144 132078.8
29.081681 127948.0
29.094646 126324.0
29.107709 127574.4
29.120642 130917.6
29.133141 134711.6
29.145712 128854.8
29.158402 128505.6
29.171139 131236.0
29.183649 127948.0
29.196586 127832.0
29.209266 128272.8
29.221967 131520.0
29.234487 126904.0
29.247159 129087.6
29.259732 132680.8
29.272396 128596.8
29.285338 127807.2
29.298266 128156.4
29.311031 132240.0
29.323627 133042.0
29.336401 127865.2
29.349015 129506.0
29.361607 131274.0
29.374239 132517.6
29.386711 127341.6
29.399340 126992.4
29.412138 132880.0
29.427791 133121.6
29.444023 131958.4
29.456757 132560.4
29.469250 128272.8
29.481776 132078.8
29.494535 132319.6
29.507436 131081.6
29.520306 134517.6
29.533245 134517.6
29.545790 139860.4
29.558675 134078.0
29.571181 134322.0
29.584005 140742.8
29.596753 140556.0
29.611562 129623.2
29.625297 136840.0
29.639410 134912.0
29.652654 136896.0
29.667578 134847.6
29.681116 143260.0
29.694687 148243.2
29.765199 132000.0
29.777808 136028.0
29.790765 137155.2
29.803584 131115.6
29.816192 132000.0
29.828752 137654.4
29.841343 136772.0
29.854447 136840.0
29.867186 132319.6
29.880019 135571.2
29.892691 138411.2
29.905586 137337.6
29.918277 133077.6
29.931150 132560.4
29.943836 134884.8
29.956816 135780.0
29.969480 134640.0
29.982232 132956.4
29.995269 132921.6
30.007746 134834.4
30.020277 135094.8
30.032805 130995.2
30.045736 132680.8
30.058209 138726.0
30.071060 137030.4
30.083815 135643.2
30.096840 131717.6
30.109477 132560.4
30.122192 136032.0
30.134994 139606.8
30.147585 132120.0
30.160069 136093.6
30.172772 136466.8
30.185689 132319.6
30.198456 131640.0
30.210836 136531.2
30.223580 133273.6
30.236235 132000.0
30.248722 136648.0
30.261315 135780.0
30.273869 133638.4
30.286754 132517.6
30.299211 135780.0
30.311437 131918.8
30.323513 135844.8
30.335775 131640.0
30.347785 140084.4
30.359812 143926.4
30.372011 141861.6
30.384132 144672.0
30.396497 140360.0
30.408698 143487.6
30.420719 139156.8
30.432879 146292.0
30.445725 140360.0
30.457892 135465.6
30.470115 135643.2
30.482320 131679.6
30.494403 130962.0
30.506638 137280.0
30.518757 137466.0
30.530999 142740.0
30.543123 139792.8
30.555461 140672.0
30.567715 137718.0
30.579811 142507.6
30.591778 137657.6
30.618777 133363.2
30.632616 136648.0
30.646848 137462.0
30.660780 138788.0
30.674546 136083.6
30.688831 132396.8
30.702864 128389.2
30.716507 128156.4
30.730461 135420.0
30.744226 128064.0
30.757633 128156.4
30.769852 132120.0
30.782044 128772.0
30.794113 132120.0
30.806253 127506.8
30.818433 128772.0
30.830752 128412.0
30.842849 132120.0
30.855238 127948.0
30.867437 128099.6
30.879498 128644.0
30.891560 126556.0
30.903764 131716.0
30.915856 126556.0
30.928044 133441.2
30.940045 128974.0
30.952159 132000.0
30.964244 127622.4
30.976444 127896.0
30.988444 130154.0
31.000755 126440.0
31.012823 133320.0
31.024884 126556.0
31.040889 134272.8
31.053274 127391.2
31.065542 138348.0
31.077759 135408.0
31.089873 139920.0
31.102078 135712.8
31.114170 140487.6
31.126279 136083.6
31.138503 137649.6
31.150832 134657.6
31.162857 141056.0
31.174932 138534.4
31.186951 130917.6
31.199201 130800.0
31.211286 128296.0
31.223432 131356.4
31.235536 128040.0
31.247713 133562.4
31.259846 127368.0
31.271895 132240.0
31.284070 131160.0
31.296278 130744.0
31.308394 128505.6
31.320559 127252.0
31.332728 131477.6
31.344890 129092.0
31.356971 131640.0
31.369217 127716.0
31.381284 133395.2
31.393351 127506.8
31.405584 132440.0
31.417789 127484.0
31.429887 132360.0
31.441883 131358.4
31.454094 129271.6
31.466313 132360.0
31.478552 127160.0
31.490746 142948.8
31.502848 128301.6
31.514919 137908.8
31.527090 135844.8
31.539217 138222.0
31.551321 134322.0
31.563499 135080.0
31.575751 135643.2
31.587754 132614.0
31.608697 133604.8
31.622966 128505.6
31.637950 129506.0
31.657378 128622.0
31.671304 133363.2
31.685625 133121.6
31.699867 136207.2
31.713747 133162.4
31.727515 134322.0
31.740950 139104.0
31.754623 131597.2
31.767952 132858.0
31.780130 137020.0
31.792149 144220.8
31.804341 139849.6
31.816525 140416.0
31.828777 139392.0
31.840848 145200.0
31.852955 137831.6
31.865348 145689.6
31.877404 138787.2
31.889531 144496.8
31.901783 139156.8
31.913933 136330.8
31.926145 131476.8
31.938210 136152.0
31.950354 131679.6
31.962523 132440.0
31.974541 135643.2
31.986859 135284.0
31.998981 135589.2
32.011157 132680.8
32.023238 136342.4
32.035470 131880.0
32.047615 136772.0
32.059781 131201.2
32.071885 136028.0
32.083966 134466.0
32.096167 137835.2
32.108234 135036.0
32.120375 131880.0
32.132633 134762.4
32.144949 136342.4
32.156973 135836.4
32.169183 132240.0
32.181369 138155.2
32.193436 131679.6
32.205646 138852.0
32.217880 131717.6
32.229964 136578.0
32.241979 135342.0
32.254164 134395.2
32.266387 132120.0
32.278567 131838.0
32.294634 132592.8
32.307154 136152.0
32.319294 131560.0
32.331437 133077.6
32.343572 131918.8
32.355893 136840.0
32.367994 135465.6
32.380161 134489.6
32.392058 135969.2
32.404298 131679.6
32.416390 136648.0
32.428937 132835.2
32.440820 138034.4
32.452902 132956.4
32.465278 135342.0
32.477402 132038.4
32.489585 149454.0
32.501651 144365.2
32.513900 152402.4
32.533690 147606.0
32.551657 145122.0
32.563913 149767.2
32.583335 146386.8
32.602676 140487.6
32.617174 132440.0
32.631071 137654.4
32.648659 133604.8
32.663584 134003.2
32.685963 137779.2
32.700032 129712.8
32.714981 128180.0
32.732799 133121.6
32.749051 129712.8
32.763227 131280.0
32.780731 128084.8
32.799700 128296.0
32.819833 131679.6
32.832047 130713.6
32.851448 131115.6
32.863733 128412.0
32.892039 128947.2
32.904331 129414.4
32.923676 129108.0
32.942686 127108.8
32.955115 135816.8
32.978483 128505.6
33.000363 129388.8
33.012695 128971.2
33.032039 133395.2
33.044342 128296.0
33.071064 130713.6
33.083350 128412.0
33.102357 128854.8
33.121490 127832.0
33.133696 133162.4
33.162036 132560.4
33.174310 127738.0
33.193711 132921.6
33.222115 140416.0
33.239590 138972.0
33.260322 138752.0
33.272530 136875.2
33.291977 140288.0
33.304120 136259.2
33.330659 135836.4
33.343025 141440.0
33.362033 141952.0
33.380877 132038.4
33.393042 130626.0
33.413777 134289.6
33.433046 132600.0
33.449718 128296.0
33.469895 127108.8
33.482141 132801.2
33.501418 131274.0
33.520646 134028.0
33.533011 139798.4
33.553985 139419.2
33.571414 134368.0
33.590516 135571.2
33.616664 128622.0
33.630019 128296.0
33.644192 134088.0
33.658152 129740.4
33.673732 128272.8
33.687025 133121.6
33.701045 137779.2
33.715132 137654.4
33.731021 137030.4
33.744688 133162.4
33.758098 133320.0
33.771794 137529.6
33.790783 137030.4
33.803155 133162.4
33.822654 138902.4
33.841691 136715.6
33.854052 133403.2
33.881427 137776.0
33.893693 133604.8
33.913074 141253.2
33.936659 140649.6
33.949141 143616.0
33.961431 140742.8
33.980829 146864.0
33.993109 144582.4
34.013936 141056.0
34.033055 142195.2
34.052145 143390.0
34.071217 136028.0
34.083535 133282.8
34.112093 132396.8
34.124169 137392.0
34.143469 132600.0
34.162464 133282.8
34.174617 138153.6
34.197869 137586.4
34.221203 133441.2
34.233570 135396.8
34.253140 132921.6
34.272106 132680.8
34.284540 133760.0
34.305669 132000.0
34.320699 132000.0
34.332943 136276.0
34.345436 133042.0
34.364358 132000.0
34.381344 132680.8
34.393575 136524.0
34.416627 132560.4
34.428949 138028.8
34.449257 133000.8
34.461502 135496.8
34.480811 132560.4
34.493074 137586.4
34.513958 143650.0
34.532983 143095.2
34.549582 140487.6
34.569995 142870.0
34.582253 139166.4
34.602207 137654.4
34.619187 137654.4
34.632834 137213.2
34.646783 141422.4
34.669520 141125.6
34.711865 141753.6
34.725998 138095.6
34.750191 135836.4
34.764587 140556.0
34.783614 140114.0
34.802871 137268.0
34.821908 128389.2
34.834282 129974.8
34.861134 132665.6
34.873305 131006.4
34.892782 132636.4
34.911746 131511.6
34.923865 132960.0
34.951269 126788.0
34.963556 128971.2
34.982911 132921.6
35.002235 127458.0
35.014485 129297.6
35.040738 126440.0
35.052927 132158.0
35.072322 128431.6
35.091266 127832.0
35.103638 132343.2
35.131238 131239.2
35.143616 127738.0
35.162880 128971.2
35.181901 132560.4
35.194225 127969.2
35.220893 127225.2
35.233162 132397.2
35.252664 128084.8
35.271659 127600.0
35.283898 132720.0
35.311551 127716.0
35.323806 132158.0
35.343187 132038.4
35.362171 136342.4
35.374280 141753.6
35.400705 143309.6
35.412935 136524.0
35.431204 141568.0
35.450205 141568.0
35.469583 135027.2
35.481926 132240.0
35.501453 131799.2
35.513699 139292.8
35.541490 135218.4
35.553820 137213.2
35.573242 136676.4
35.592333 134711.6
35.605286 129297.6
35.621747 128156.4
35.638436 129623.2
35.653184 133162.4
35.675093 131274.0
35.689247 138220.8
35.728205 137835.2
35.742326 132120.0
35.757108 136156.8
35.769499 132471.6
35.781729 132440.0
35.794010 137710.8
35.812992 137268.0
35.831974 135656.0
35.844337 133282.8
35.870834 131236.0
35.882996 137586.4
35.902319 133042.0
35.921703 132034.4
35.933972 137392.0
35.961620 134097.6
35.973768 134854.4
35.993152 133363.2
36.011834 131958.4
36.023978 137462.0
36.051299 132680.8
36.063577 146037.2
36.082972 143309.6
36.102133 139466.8
36.114293 145596.0
36.141002 145054.8
36.153284 140742.8
36.172032 143596.8
36.191151 143179.2
36.203389 141192.0
36.224627 132277.6
36.243717 132720.0
36.261879 134640.0
36.280811 133121.6
36.299750 131640.0
36.312011 137654.4
36.331863 130842.4
36.344141 137710.8
36.371383 132120.0
36.383669 137213.2
36.403174 132560.4
36.422138 131476.8
36.434432 137392.0
36.457360 138902.4
36.481628 136207.2
36.493919 133042.0
36.513315 144844.8
36.532294 143961.6
36.550904 143961.6
36.570003 142788.0
36.582328 138536.8
36.603079 132921.6
36.618282 133320.0
36.631842 136964.4
36.646469 133282.8
36.660191 137213.2
36.673824 137404.8
36.689302 137462.0
36.704401 128528.0
36.720975 134489.6
36.737184 129800.0
36.750391 128830.4
36.771028 131036.4
36.783325 141496.8
36.803028 139230.0
36.822202 142480.0
36.834416 135571.2
36.857080 136505.6
36.881905 133729.2
36.894179 143390.0
36.913581 135325.6
36.932684 135766.4
36.951456 128180.0
36.970722 126556.0
36.983081 128622.0
37.004206 128971.2
37.023394 129436.8
37.041955 129087.6
37.060873 133030.4
37.073080 132801.2
37.094245 128622.0
37.113406 128644.0
37.131801 129857.6
37.150851 128644.0
37.169966 128389.2
37.182218 133644.0
37.202363 129242.4
37.214457 127296.0
37.240475 130917.6
37.252820 129087.6
37.272079 134005.2
37.291140 131838.0
37.303449 129340.0
37.324979 133846.4
37.343823 133523.6
37.362775 132960.0
37.381854 132120.0
37.394118 130476.8
37.421450 128064.0
37.433838 133523.6
37.453233 133523.6
37.476531 127690.8
37.489269 134540.0
37.501522 133242.4
37.521094 147968.0
37.533389 142819.2
37.555001 148646.4
37.573848 147628.0
37.593134 142766.0
37.630029 144300.0
37.644431 128854.8
37.664363 133484.0
37.686133 131392.8
37.701395 136896.0
37.730421 132921.6
37.744557 137779.2
37.763913 137586.4
37.781819 132397.2
37.801176 139798.4
37.820116 136591.2
37.832439 132720.0
37.852809 134711.6
37.876524 132422.4
37.890136 138155.2
37.902438 132277.6
37.921907 138332.8
37.940922 137908.8
37.953072 133764.4
37.974066 135298.0
37.993032 136648.0
38.011813 132720.0
38.030844 136840.0
38.043162 136896.0
38.064451 132277.6
38.083458 133242.4
38.102499 134489.6
38.121708 136524.0
38.133925 133604.8
38.161791 132801.2
38.173933 137337.6
38.193294 137710.8
38.211950 148990.4
38.230835 145507.6
38.242936 141787.2
38.264972 146630.4
38.280986 147571.2
38.293219 145420.8
38.305810 148482.0
38.323978 143095.2
38.341827 144408.0
38.354077 146876.8
38.373176 138652.8
38.392217 138346.0
38.411096 139292.8
38.423234 136896.0
38.444612 142249.2
38.462484 139520.0
38.474622 139040.0
38.500327 139361.6
38.512486 145110.4
38.531723 144141.6
38.550869 142918.4
38.563139 144976.0
38.584394 141353.6
38.603577 138726.0
38.619624 137779.2
38.637644 139860.4
38.652132 138726.0
38.666254 136276.0
38.687570 139606.8
38.701566 135252.0
38.715500 132840.0
38.738351 135766.4
38.753464 135374.4
38.768640 135766.4
38.785016 137904.0
38.811640 131679.6
38.823870 132199.2
38.836371 134003.2
38.853096 134411.2
38.872384 131201.2
38.884643 135694.0
38.904002 132158.0
38.922984 133114.8
38.941986 134246.4
38.954242 134450.4
38.981394 133881.6
38.993623 135694.0
39.012246 136578.0
39.031244 135054.0
39.050384 130603.2
39.062554 133926.0
39.082941 129689.6
39.099556 132516.8
39.120113 134343.2
39.132269 133162.4
39.151664 134932.0
39.170912 135080.0
39.183163 134246.4
39.204575 136948.8
39.223530 134005.2
39.254427 133956.0
39.266803 135694.0
39.285167 137904.0
39.304300 133200.0
39.323566 132669.6
39.342648 132720.0
39.361693 134688.0
39.380607 135448.4
39.393013 137337.6
39.413562 134932.0
39.432553 132840.0
39.451569 132840.0
39.470343 132921.6
39.482684 134047.2
39.503473 139545.6
39.522602 142870.0
39.535076 140360.0
39.554947 141652.8
39.571091 143440.0
39.583465 139480.0
39.600664 133562.4
39.614327 134246.4
39.631734 134932.0
39.648283 134368.0
39.662283 134368.0
39.685724 137586.4
39.699445 140360.0
39.712646 141824.0
39.726473 136028.0
39.769200 143401.6
39.781336 139606.8
39.793616 139230.0
39.814961 139860.4
39.834007 139292.8
39.853096 137462.0
39.872220 137594.8
39.884352 138153.6
39.907092 140430.4
39.931936 137155.2
39.944270 141056.0
39.963587 138662.4
39.982636 137462.0
40.001855 137088.8
40.020766 137340.0
40.033018 140556.0
40.054070 139480.0
40.073084 142395.6
40.091947 138285.6
40.110977 134353.2
40.123144 139733.6
40.144487 136136.0
40.163474 136454.4
40.182492 138536.8
40.201778 141056.0
40.220869 140416.0
40.233098 141240.0
40.254086 137779.2
40.271797 138652.8
40.290990 138528.0
40.309995 137469.6
40.322255 138208.4
40.342351 137529.6
40.354627 137529.6
40.380505 139292.8
40.392700 142948.8
40.411675 140174.4
40.430633 138536.8
40.449431 136466.8
40.461679 139104.0
40.480806 139099.6
40.493054 139699.2
40.515256 141958.4
40.530899 141440.0
40.543147 145454.4
40.555681 144752.0
40.574246 145681.6
40.591552 144183.6
40.604388 139665.6
40.617543 138096.0
40.631559 137845.2
40.645144 139987.2
40.661777 138788.0
40.676551 137219.2
40.689769 134762.4
40.704672 137779.2
40.719715 136454.4
40.733767 136136.0
40.751802 136207.2
40.771441 131880.0
40.783818 136207.2
40.803421 132840.0
40.822349 132000.0
40.834837 135664.0
40.860464 134322.0
40.872785 135496.8
40.892097 134762.4
40.911070 135094.8
40.923214 135129.6
40.944592 137020.0
40.963546 134047.2
40.995110 135027.2
41.007768 136259.2
41.031786 131040.0
41.044173 134932.0
41.063471 132840.0
41.082599 133320.0
41.095045 133562.4
41.114623 131356.4
41.131005 133395.2
41.143300 131880.0
41.155751 133760.0
41.173846 132319.6
41.191780 130722.8
41.204196 135542.0
41.223369 132669.6
41.242431 132960.0
41.261069 135465.6
41.273243 132801.2
41.294589 136259.2
41.313582 134810.0
41.332598 133725.6
41.351822 131630.4
41.371083 133000.8
41.383225 131672.0
41.405018 136772.0
41.421109 136466.8
41.433372 132638.4
41.450239 133604.8
41.468480 134489.6
41.490467 146392.8
41.502745 136466.8
41.515234 138393.6
41.527415 137844.0
41.539641 140416.0
41.551809 140569.6
41.564002 139606.8
41.576145 138348.0
41.588222 139392.0
41.609665 132480.0
41.630512 134489.6
41.644406 134732.8
41.658804 133000.8
41.672159 131918.8
41.686245 134884.8
41.699627 139166.4
41.713678 139480.0
41.727028 139672.0
41.740836 140615.2
41.755183 137594.8
41.769122 140084.4
41.781245 138034.4
41.793358 142090.0
41.805441 137088.8
41.817689 134974.0
41.829789 139482.0
41.841860 139792.8
41.854053 138660.8
41.866242 135712.8
41.878319 138281.6
41.890404 138411.2
41.902492 137029.6
41.914683 133974.8
41.927051 136905.6
41.939064 138465.6
41.951188 138913.6
41.963320 136968.8
41.975457 135218.4
41.987582 137594.8
41.999809 137592.0
42.011867 137529.6
42.023899 134288.0
42.036170 139099.6
42.048280 140047.2
42.060464 137029.6
42.072659 136152.0
42.085051 140854.8
42.097185 141474.0
42.109282 140854.8
42.121519 136591.2
42.133713 136527.2
42.145870 140683.2
42.157890 137029.6
42.170143 137029.6
42.182291 135836.4
42.194393 139084.0
42.206521 139733.6
42.218706 136843.6
42.230870 134957.2
42.242897 139480.0
42.255283 139040.0
42.267483 135720.4
42.279734 135889.6
42.291808 137340.0
42.303926 139226.4
42.316216 137720.0
42.328307 135907.2
42.340541 136656.0
42.352738 139920.0
42.364913 136032.0
42.377097 138222.0
42.393187 137657.6
42.405615 136152.0
42.417902 140416.0
42.430102 140870.4
42.442198 137594.8
42.454308 136276.0
42.466502 138096.0
42.478728 141125.6
42.490822 150121.6
42.502923 141293.6
42.515325 144365.2
42.527505 146653.2
42.539733 142527.2
42.551913 143226.0
42.564102 144012.0
42.576235 145720.8
42.588321 143179.2
42.609576 139419.2
42.625107 142378.4
42.638944 141368.4
42.652388 137404.8
42.675124 140672.0
42.688973 140998.0
42.702965 136330.8
42.717997 135202.8
42.731756 133042.0
42.746855 132319.6
42.760518 132880.0
42.772845 135202.8
42.785030 138034.4
42.797266 135712.8
42.809354 133198.8
42.821535 132560.4
42.833780 133416.0
42.845901 135741.6
42.857950 130680.0
42.870139 133395.2
42.882264 134762.4
42.894462 134534.4
42.906542 131799.2
42.918774 133077.6
42.930941 134762.4
42.942933 135325.6
42.955354 133000.8
42.967547 130440.0
42.979800 134932.0
42.991886 134220.4
43.003970 132759.2
43.016254 131560.0
43.028366 133660.8
43.040504 134322.0
43.052631 135780.0
43.064972 129492.0
43.077154 134272.8
43.089254 134884.8
43.101378 135904.0
43.113546 131835.2
43.125561 130800.0
43.137789 134444.0
43.149891 133538.4
43.162023 134688.0
43.174057 132440.0
43.186272 135342.0
43.198388 135571.2
43.210653 133590.0
43.222691 131400.0
43.235436 132319.6
43.247554 134395.2
43.259888 135129.6
43.271977 133000.8
43.284190 131236.0
43.296281 134932.0
43.308399 134534.4
43.320572 131679.6
43.332817 134272.8
43.345180 133712.0
43.357262 137155.2
43.369406 131918.8
43.381585 130364.0
43.393582 133562.4
43.405811 134411.2
43.417919 134322.0
43.429987 132517.6
43.441984 133760.0
43.454205 135027.2
43.466398 134780.8
43.478576 133604.8
43.490673 144353.6
43.502837 137594.8
43.515215 140854.8
43.527315 137396.8
43.539417 137532.0
43.551662 140360.0
43.563833 141551.2
43.576213 139339.2
43.588283 137783.2
43.603660 132240.0
43.620981 135448.4
43.635606 132396.8
43.649046 138978.0
43.696067 141125.6
43.709810 141056.0
43.723315 139292.8
43.738003 138285.6
43.762739 137094.0
43.778479 139104.0
43.790601 139292.8
43.802872 135907.2
43.815231 135720.4
43.827371 136591.2
43.839582 138600.0
43.851755 136468.0
43.863961 137280.0
43.876249 135836.4
43.888453 139792.8
43.900633 138222.0
43.912863 139798.4
43.924971 134600.4
43.937022 140104.8
43.949056 141215.6
43.961127 138662.4
43.973330 137958.4
43.985559 138281.6
43.997629 139040.0
44.009749 135907.2
44.021960 137155.2
44.034066 137344.4
44.046339 140615.2
44.058462 138411.2
44.070650 138034.4
44.082957 134847.6
44.095251 140047.2
44.107339 138726.0
44.119468 135907.2
44.131655 134834.4
44.143984 139480.0
44.156146 138648.0
44.168379 136656.0
44.180455 135520.0
44.192536 137844.0
44.204909 140854.8
44.217071 139606.8
44.229258 140341.2
44.241151 136905.6
44.253384 141134.4
44.265630 137908.8
44.277667 137970.4
44.289790 136218.0
44.301990 139353.2
44.314140 139099.6
44.326379 136466.8
44.338593 135836.4
44.350675 137466.0
44.362897 139798.4
44.375015 135471.6
44.387090 136093.6
44.399285 136905.6
44.411405 140360.0
44.423482 137213.2
44.435753 137344.4
44.448306 137155.2
44.460499 140047.2
44.472672 136591.2
44.484991 135712.8
44.497102 135396.8
44.509285 146496.0
44.521410 144057.6
44.533509 141744.8
44.545758 141551.2
44.557815 144672.0
44.570015 145283.2
44.582111 144804.0
44.596151 146786.4
44.626006 137594.8
44.639291 139353.2
44.654105 140047.2
44.675137 136591.2
44.689118 133562.4
44.703681 134124.8
44.718199 136207.2
44.732055 136578.0
44.746764 136825.2
44.759562 132350.4
44.771789 130643.2
44.788101 132078.8
44.800326 133638.4
44.812419 135960.0
44.824535 132240.0
44.836718 132396.8
44.848967 133102.0
44.861138 136259.2
44.873213 133468.0
44.885546 131792.8
44.897713 139538.4
44.909956 142918.4
44.922046 142788.0
44.934142 140160.0
44.946404 140392.0
44.958454 141990.8
44.970647 145068.0
44.987121 146559.2
44.999446 138787.2
45.011649 138902.4
45.023696 141111.6
45.035980 143487.6
45.048132 139648.0
45.060339 139099.6
45.072430 141180.0
45.084561 140134.4
45.096821 143078.4
45.108978 138752.0
45.121067 140854.8
45.133155 141004.8
45.145369 142610.0
45.157435 138660.8
45.169569 140828.0
45.181750 141111.6
45.193793 140134.4
45.206124 140084.4
45.218234 139099.6
45.230452 143970.4
45.242484 141990.8
45.254680 143179.2
45.266994 137144.0
45.279110 145464.0
45.291249 141551.2
45.303465 140263.2
45.315686 137532.0
45.327764 141652.8
45.339987 141782.4
45.352166 141422.4
45.364163 140469.6
45.376366 139538.4
45.388396 142179.6
45.400588 139665.6
45.412754 139722.0
45.424893 138648.0
45.437757 141603.2
45.450093 144628.4
45.463384 142300.8
45.475596 138474.0
45.487780 141474.0
45.500084 145188.0
45.512184 149295.6
45.524197 145689.6
45.536455 146024.8
45.548605 148044.0
45.560784 145926.0
45.572912 146292.0
45.585269 145587.6
45.599024 145814.4
45.624188 141293.6
45.638188 141680.0
45.652213 139226.4
45.665893 141368.4
45.688036 141422.4
45.701630 143487.6
45.715234 144496.8
45.729608 146826.4
45.743131 149630.8
45.756664 145454.4
45.768796 146998.0
45.781943 142572.0
45.794928 149024.4
45.807129 149464.0
45.819425 145757.6
45.831525 142350.0
45.843746 143220.0
45.855810 145987.2
45.868061 146730.0
45.880132 144672.0
45.892229 143487.6
45.904414 146258.0
45.916547 145375.2
45.928612 144486.4
45.940683 143356.8
45.952861 147606.0
45.965227 146120.4
45.977429 144144.0
45.989432 142310.4
46.001554 145150.4
46.013625 147705.6
46.025810 142352.0
46.038057 144012.0
46.050151 144956.0
46.062230 148280.0
46.074247 144522.0
46.086509 142745.6
46.098650 146692.8
46.110835 145658.0
46.123064 147336.4
46.135316 144012.0
46.147543 144102.0
46.159658 145587.6
46.171839 146692.8
46.184175 144276.0
46.196578 144628.4
46.208658 146361.6
46.220843 147875.6
46.233083 145017.6
46.249827 142128.0
46.262174 144713.2
46.274265 146253.6
46.286473 147424.0
46.298669 143139.2
46.310856 146864.0
46.322978 146258.0
46.335345 149433.6
46.347562 144365.2
46.359671 144978.0
46.371861 145454.4
46.384186 147066.8
46.396555 145154.8
46.408688 147606.0
46.420866 143748.0
46.433105 147033.6
46.445939 148346.4
46.458102 146194.0
46.470236 143270.4
46.482357 146421.6
46.494582 146425.6
46.506836 151686.4
46.518914 148154.4
46.531112 154627.2
46.543266 156660.8
46.555489 151745.2
46.567601 148948.8
46.579745 151588.8
46.591756 154018.8
46.612696 145854.0
46.630233 144672.0
46.644270 145658.0
46.657208 150343.2
46.671703 146253.6
46.685689 146692.8
46.700111 141422.4
46.714244 140920.0
46.728269 141808.8
46.742317 142610.0
46.756143 143570.4
46.769322 141990.8
46.781505 139722.0
46.793585 138660.8
46.805717 140569.6
46.817900 142918.4
46.830148 141240.0
46.842219 140440.4
46.854320 141551.2
46.866594 143748.0
46.878583 140301.6
46.890644 138828.8
46.902826 141782.4
46.914966 145375.2
46.927147 142964.4
46.939152 140160.0
46.951240 143838.8
46.963312 141293.6
46.975391 141264.0
46.987521 137970.0
46.999635 139008.0
47.011780 143208.0
47.023835 140104.8
47.036241 138752.0
47.048387 139284.0
47.060644 141680.0
47.072742 140649.6
47.084980 140726.4
47.097160 139538.4
47.109249 145416.0
47.121352 142689.6
47.133548 139748.0
47.145647 139166.4
47.157752 141310.0
47.169931 143356.8
47.182177 141164.8
47.194257 140486.4
47.206352 141551.2
47.218608 144936.0
47.230733 140232.4
47.242864 143487.6
47.254996 140569.6
47.267249 146292.0
47.279333 145286.4
47.291551 139956.0
47.303566 139849.6
47.315684 141393.6
47.327864 142507.6
47.339944 137831.6
47.352270 139827.6
47.364354 140800.0
47.376571 142005.6
47.388577 139665.6
47.400784 140160.0
47.412936 141680.0
47.425012 143618.4
47.437064 139008.0
47.449263 141164.8
47.461663 141496.8
47.473769 142171.2
47.486283 140311.2
47.502711 148280.0
47.515363 145454.4
47.527576 145987.2
47.539664 147638.4
47.551787 147606.0
47.563955 145416.0
47.576319 145824.0
47.588359 147471.2
47.601389 142870.0
47.622792 146386.8
47.638069 143049.2
47.652404 142870.0
47.666208 143664.0
47.687215 144486.4
47.700426 148449.6
47.714193 147875.6
47.728453 147668.0
47.741835 146158.4
47.756475 142786.0
47.768727 147266.0
47.780946 147336.4
47.794023 147705.6
47.806231 143822.4
47.818318 145416.0
47.830457 148104.0
47.842685 144102.0
47.854952 146292.0
47.867076 143521.6
47.879101 149903.6
47.891319 147397.2
47.903414 144144.0
47.915673 142480.0
47.927821 144788.4
47.939820 146826.4
47.952006 144978.0
47.964244 144051.2
47.976427 145814.4
47.988498 146556.8
48.000737 142964.4
48.012810 145068.0
48.025205 144978.0
48.037335 147773.6
48.049440 143618.4
48.061600 144713.2
48.073710 145681.6
48.085932 148482.0
48.098099 144884.8
48.110259 144102.0
48.122339 146692.0
48.134436 146692.8
48.146646 148346.4
48.158747 143270.4
48.170942 148179.2
48.183076 148539.6
48.195737 147974.4
48.207852 142786.0
48.220027 145150.4
48.232357 145987.2
48.244427 146092.8
48.256527 142918.4
48.268765 142692.0
48.280836 145416.0
48.293032 147740.8
48.305426 143356.8
48.317663 141958.4
48.329844 145814.4
48.342012 147606.0
48.354343 144088.0
48.366459 143008.0
48.378668 146520.0
48.390652 145454.4
48.402796 147705.6
48.415173 144540.0
48.427378 147424.0
48.439380 146253.6
48.451986 146630.4
48.464046 144540.0
48.476352 144655.2
48.488493 146194.0
48.500672 151110.0
48.512771 150534.4
48.524891 151271.2
48.537057 152614.8
48.549302 155358.4
48.561387 148838.4
48.573479 149112.0
48.585684 152424.0
48.608283 144057.6
48.632311 148179.2
48.645439 146596.0
48.659298 144496.8
48.672371 144540.0
48.686060 145375.2
48.701048 141551.2
48.715565 142120.0
48.729270 143309.6
48.742443 142120.0
48.756403 141990.8
48.770487 139156.8
48.783774 139099.6
48.800081 141960.0
48.812443 142895.2
48.824521 143795.2
48.836830 139594.4
48.849043 142657.6
48.861174 141960.0
48.873312 143664.0
48.885506 139480.0
48.897690 138956.4
48.909839 140726.4
48.922008 144496.8
48.934091 139264.0
48.946337 139733.6
48.958460 141353.6
48.970497 140983.2
48.982706 143401.6
48.994919 138155.2
49.007061 143487.6
49.019189 134322.0
49.031422 134395.2
49.043711 131000.8
49.055803 132034.4
49.067923 134711.6
49.080091 136259.2
49.092428 132120.0
49.104546 130560.0
49.116828 133760.0
49.128918 138913.6
49.141098 133273.6
49.153154 132199.2
49.165436 134041.6
49.177539 135007.2
49.189704 134150.4
49.201829 130524.0
49.213916 133562.4
49.226161 134343.2
49.238178 134884.8
49.250443 131120.0
49.262512 132038.4
49.274538 135766.4
49.286849 133224.0
49.299046 133834.0
49.311126 132038.4
49.323249 136281.6
49.335521 134003.2
49.347809 133683.6
49.359947 130244.4
49.372095 134640.0
49.384196 135836.4
49.396497 134762.4
49.408576 133121.6
49.420756 131986.8
49.432853 134762.4
49.444945 135712.8
49.457107 132517.6
49.469144 133077.6
49.481390 134097.6
49.493549 134124.8
49.505567 132858.0
49.517748 136905.6
49.529859 141344.8
49.541968 142610.0
49.554192 139792.8
49.566398 136710.0
49.578550 141056.0
49.590515 143570.4
49.606604 136136.0
49.630399 132000.0
49.643992 134611.2
49.658380 136964.4
49.671580 136259.2
49.685524 134003.2
49.700569 137845.2
49.715964 138536.8
49.730396 136524.0
49.743628 136648.0
49.757758 137466.0
49.769971 138096.0
49.782174 138726.0
49.794252 135657.6
49.806407 136152.0
49.818562 140416.0
49.830760 138660.8
49.842928 139665.6
49.855303 136028.0
49.867501 140569.6
49.879544 140240.8
49.891860 137845.2
49.904003 134788.0
49.916185 138534.4
49.928436 141056.0
49.940409 138348.0
49.952537 135150.4
49.964600 135782.4
49.976911 139606.8
49.988924 140615.2
50.001174 136093.6
50.013195 136083.6
50.025581 136904.0
50.037610 137720.0
50.054199 137649.6
50.066609 136092.4
50.078786 137088.8
50.090944 142120.0
50.103121 141004.8
50.115433 137970.0
50.127527 135960.0
50.139621 137406.4
50.151805 139480.0
50.163925 137594.8
50.176183 135907.2
50.188326 136905.6
50.200618 138726.0
50.212810 137970.4
50.224957 136276.0
50.237128 135589.2
50.249266 140341.2
50.261449 139230.0
50.273542 136281.6
50.285639 135396.8
50.297822 137029.6
50.309941 140487.6
50.322045 138160.0
50.334274 135967.2
50.346455 139230.0
50.358543 139699.2
50.370712 136656.0
50.382934 139099.6
50.395018 138972.8
50.407183 142120.0
50.419332 136715.6
50.431554 135532.0
50.443625 135396.8
50.456648 137970.4
50.468841 139029.6
50.481053 136591.2
50.493232 135396.8
50.505561 141004.8
50.517652 144978.0
50.529856 143880.0
50.541935 140311.2
50.554067 144978.0
50.566245 144936.0
50.578471 145110.4
50.590480 141782.4
50.605598 135960.0
50.621692 137404.8
50.637376 135150.4
50.650599 139606.8
50.663682 140174.4
50.686654 136276.0
50.700701 134884.8
50.714626 136330.8
50.728327 136330.8
50.741663 134884.8
50.756722 132276.0
50.769003 134078.0
50.781219 131560.0
50.793243 134834.4
50.806398 136578.0
50.821007 134444.0
50.833240 131672.0
50.845345 132720.0
50.857394 134411.2
50.869636 134444.0
50.881673 131986.8
50.893689 131239.2
50.905762 133974.8
50.917994 135960.0
50.930085 134124.8
50.942152 132034.4
50.954281 134200.0
50.966518 135596.0
50.978530 133725.6
50.990523 130962.0
51.002681 133638.4
51.014879 132665.6
51.027089 135150.4
51.039243 131560.0
51.051379 131986.8
51.063511 134688.0
51.075678 134466.0
51.087709 130442.4
51.099903 133395.2
51.112000 135325.6
51.124110 136012.8
51.136298 131040.0
51.148620 130680.0
51.160735 134047.2
51.172790 134097.6
51.185263 133121.6
51.197524 131081.6
51.209630 133000.8
51.221722 134150.4
51.233910 134124.8
51.246671 132396.8
51.258795 132078.8
51.271043 135202.8
51.283234 134657.6
51.295391 133484.0
51.311290 132108.0
51.323553 131160.0
51.335734 133881.6
51.348046 135396.8
51.360134 132396.8
51.372319 131880.0
51.384651 132880.0
51.397306 136152.0
51.409399 133121.6
51.421656 131115.6
51.433749 131560.0
51.445948 135816.8
51.458040 134078.0
51.470248 131918.8
51.482372 130440.0
51.494562 132471.6
51.507198 137155.2
51.519385 139672.0
51.533719 138346.0
51.548082 139648.0
51.560557 138281.6
51.572706 137904.0
51.587376 138028.8
51.599771 128622.0
51.615941 133484.0
51.630336 129506.0
51.644581 129531.2
51.658747 133926.0
51.674461 129297.6
51.689832 133956.0
51.704331 139292.8
51.717727 136578.0
51.734559 136578.0
51.749745 136896.0
51.763183 137710.8
51.777297 135448.4
51.789352 137779.2
51.803569 132277.6
51.817858 134272.8
51.830097 137213.2
51.842430 133200.0
51.857353 133121.6
51.869802 136840.0
51.882438 133162.4
51.896856 135202.8
51.909160 138852.0
51.921314 134912.0
51.933440 132600.0
51.948737 131551.2
51.961230 133884.8
51.977454 134904.0
51.989720 131520.0
52.001804 136524.0
52.014126 132801.2
52.029712 133162.4
52.043712 134732.8
52.057781 131356.4
52.070047 136466.8
52.082370 133152.0
52.094999 132960.0
52.108584 133042.0
52.122748 135816.8
52.137083 137088.8
52.149362 132680.8
52.161734 133346.0
52.173987 133162.4
52.188125 136715.6
52.202103 136259.2
52.217212 137404.8
52.229468 134834.4
52.241760 131880.0
52.254116 136840.0
52.268131 133725.6
52.282246 137088.8
52.297023 145814.4
52.309252 139136.0
52.321497 139314.0
52.334518 140742.8
52.348773 143179.2
52.361105 147494.4
52.377268 140615.2
52.389473 141004.8
52.402111 140544.0
52.417203 140672.0
52.429401 147097.6
52.441612 139411.2
52.453830 137710.8
52.469263 135782.4
52.481489 131356.4
52.494616 133440.0
52.508649 141240.0
52.520874 143000.0
52.537532 137783.2
52.549781 142870.0
52.562356 138852.0
52.577260 138978.0
52.589472 141787.2
52.601789 133121.6
52.615552 137213.2
52.628772 135176.0
52.676415 134003.2
52.696862 132759.2
52.721878 128596.8
52.742040 133604.8
52.758538 127748.0
52.770912 129414.4
52.785193 133484.0
52.799292 128064.0
52.811562 134732.8
52.826374 130881.6
52.838513 128505.6
52.850771 127312.0
52.862877 130680.0
52.878139 133077.6
52.890421 131749.2
52.904443 128528.0
52.918861 133242.4
52.931178 128505.6
52.943546 133680.0
52.958820 131749.2
52.972917 132921.6
52.987309 127948.0
52.999524 128099.6
53.011807 137213.2
53.023911 142740.0
53.036532 136136.0
53.050171 138348.0
53.064322 135571.2
53.078797 140288.0
53.090930 135969.2
53.103311 139466.8
53.118885 139226.4
53.131284 138536.8
53.147224 140487.6
53.159568 128596.8
53.171904 127779.2
53.187610 127108.8
53.199917 132073.6
53.214227 132840.0
53.228585 128947.2
53.240905 133403.2
53.254892 128644.0
53.268899 132680.8
53.281219 128528.0
53.297100 133881.6
53.309414 128296.0
53.321839 133042.0
53.337352 127948.0
53.349571 126992.4
53.361858 130744.0
53.373959 136185.2
53.389368 132038.4
53.403332 128296.0
53.417630 134343.2
53.429850 127738.0
53.441931 132801.2
53.454313 128412.0
53.469944 132960.0
53.483905 135619.2
53.498201 129712.8
53.510344 137831.6
53.522606 132858.0
53.535029 138411.2
53.550602 134368.0
53.565001 139356.0
53.579100 137088.8
53.591263 137831.6
53.603711 128622.0
53.617872 131477.6
53.635969 132840.0
53.649745 130798.8
53.663758 128180.0
53.688990 138220.8
53.703523 131356.4
53.716254 141368.4
53.731644 140047.2
53.755114 143124.4
53.769983 145772.4
53.783980 141111.6
53.797350 139480.0
53.809609 144057.6
53.821871 140301.6
53.837135 142610.0
53.849376 145256.0
53.861549 140288.0
53.873786 136648.0
53.889162 138028.8
53.903255 135694.0
53.917756 131640.0
53.929893 136400.0
53.941975 134780.8
53.954154 136400.0
53.967783 137462.0
53.981924 133162.4
53.996984 132034.4
54.009231 136281.6
54.021520 132560.4
54.033754 136964.4
54.045975 133604.8
54.059391 133282.8
54.084625 136207.2
54.097025 135816.8
54.110928 138208.4
54.125050 133725.6
54.139279 135657.6
54.151627 130680.0
54.164989 138028.8
54.178994 136648.0
54.191279 134047.2
54.207278 135782.4
54.219515 132517.6
54.231581 135694.0
54.244619 137196.0
54.258658 132276.0
54.270922 137586.4
54.287266 133760.0
54.299556 132801.2
54.312191 137213.2
54.327207 136840.0
54.339423 132680.8
54.351671 137586.4
54.367050 136656.0
54.379308 133282.8
54.391649 136136.0
54.407392 132801.2
54.419662 138852.0
54.431934 138880.0
54.444400 147266.0
54.459448 141111.6
54.472451 145200.0
54.487187 146559.2
54.499428 142171.2
54.511588 148010.4
54.527093 150144.0
54.539414 146292.0
54.551947 150890.4
54.567309 139040.0
54.579535 139520.0
54.591688 138096.0
54.605065 132921.6
54.622016 132560.4
54.636682 134566.0
54.656822 137529.6
54.672208 137280.0
54.685860 134124.8
54.700104 133162.4
54.713845 131596.8
54.727867 128854.8
54.742018 132560.4
54.756669 133725.6
54.769957 132680.8
54.782059 128947.2
54.797120 127136.0
54.809428 131717.6
54.822054 130272.0
54.836354 133604.8
54.849707 128528.0
54.863828 133804.8
54.878226 128713.6
54.890439 130920.0
54.902708 126672.0
54.915263 133403.2
54.928886 129740.4
54.942769 134329.6
54.957072 129174.4
54.969149 132240.0
54.981482 128180.0
54.993752 133363.2
55.006144 128180.0
55.019838 129087.6
55.034028 133080.0
55.048280 133516.8
55.060600 127969.2
55.072780 132759.2
55.088718 128802.8
55.101110 132921.6
55.117522 127484.0
55.129726 132720.0
55.141995 128854.8
55.157388 138222.0
55.169619 135520.0
55.181717 135766.4
55.196880 140469.6
55.209078 140212.8
55.221388 138095.6
55.234298 136772.0
55.249039 136032.0
55.261406 142195.2
55.277155 134971.2
55.289427 140875.2
55.302053 139672.0
55.317159 136964.4
55.329398 132835.2
55.341627 127368.0
55.353780 132480.0
55.369418 128200.4
55.383417 130832.0
55.398044 126440.0
55.410154 131717.6
55.422415 128272.8
55.450153 130800.0
55.462534 129124.8
55.474915 128876.0
55.490497 143208.0
55.504488 133162.4
55.518812 138155.2
55.531089 137155.2
55.543423 137144.0
55.557376 137704.8
55.569638 134932.0
55.583911 137586.4
55.599145 128064.0
55.615126 133363.2
55.630031 133604.8
55.645109 134088.0
55.659315 128505.6
55.673315 130595.2
55.690071 135007.2
55.704036 138852.0
55.717838 132440.0
55.732835 133363.2
55.757148 135284.0
55.769433 133834.0
55.781763 132480.0
55.796831 132517.6
55.809160 136591.2
55.821420 133162.4
55.837565 137654.4
55.850157 134810.0
55.863551 133121.6
55.877941 140907.2
55.890076 145242.8
55.902189 143352.0
55.914483 141496.8
55.930056 148108.8
55.944083 141380.8
55.958167 143918.8
55.970559 139977.2
55.982814 144365.2
55.996789 139284.0
56.009104 148512.0
56.023104 140742.8
56.037475 133881.6
56.049802 130680.0
56.062101 139292.8
56.074225 134168.4
56.088159 136772.0
56.102446 132720.0
56.117191 132120.0
56.129426 136905.6
56.141556 132680.8
56.154615 133162.4
56.168847 137155.2
56.181085 135252.0
56.197061 137088.8
56.209199 131717.6
56.221564 134688.0
56.234467 133604.8
56.248860 132592.8
56.261101 137835.2
56.277394 133162.4
56.289577 136964.4
56.302174 134810.0
56.317171 134124.8
56.329516 133162.4
56.341862 137030.4
56.354244 132480.0
56.369769 133162.4
56.383769 138028.8
56.398354 134272.8
56.410571 133282.8
56.422820 131236.0
56.435273 133282.8
56.451391 137337.6
56.466991 135589.2
56.479212 135939.6
56.491471 135325.6
56.503775 141253.2
56.519202 142870.0
56.533292 138978.0
56.547733 141990.8
56.560000 141551.2
56.572239 141092.8
56.584530 147840.0
56.599164 144496.8
56.614036 143487.6
56.629168 144804.0
56.643887 145068.0
56.663105 144451.2
56.689858 136207.2
56.703924 143260.0
56.722302 131274.0
56.743227 132229.2
56.757563 128156.4
56.769751 132921.6
56.781857 127853.6
56.796928 126672.0
56.809281 132155.2
56.821526 128528.0
56.837311 132078.8
56.859795 126992.4
56.872017 131749.2
56.887160 130722.8
56.899573 130603.2
56.912268 129271.6
56.927200 129297.6
56.939542 129830.4
56.951803 126992.4
56.964169 133725.6
56.979645 128644.0
56.993624 130888.8
57.007644 128505.6
57.019926 135202.8
57.032294 127948.0
57.044651 133403.2
57.059966 133320.0
57.073888 128644.0
57.088159 132078.8
57.100556 127136.0
57.112838 131274.0
57.126936 132921.6
57.139204 133523.6
57.153300 129857.6
57.167665 127948.0
57.179905 133121.6
57.192186 132038.4
57.204642 133403.2
57.219971 133080.0
57.234243 130300.8
57.248958 127982.4
57.261279 132835.2
57.274190 132158.0
57.288185 140360.0
57.300551 140615.2
57.315111 138346.0
57.329201 142480.0
57.341616 136578.0
57.357239 139722.0
57.369341 135520.0
57.381578 139314.0
57.393799 136062.4
57.408975 136964.4
57.421471 136964.4
57.437474 127368.0
57.449927 132440.0
57.462193 131954.4
57.474267 134208.8
57.489501 142452.8
57.503377 132840.0
57.517798 135520.0
57.529954 139040.0
57.542222 137902.4
57.554357 135694.0
57.569933 139166.4
57.584117 144222.4
57.598856 130832.0
57.612851 133484.0
57.626858 131679.6
57.640300 128622.0
57.655645 128505.6
57.669726 136012.8
57.683384 128180.0
57.698960 132801.2
57.713258 137404.8
57.729304 132880.0
57.745400 132560.4
57.762716 132600.0
57.777132 136715.6
57.789243 135720.4
57.801360 135532.0
57.813658 132277.6
57.828976 134932.0
57.842956 137586.4
57.857128 131356.4
57.869259 136840.0
57.881495 132801.2
57.896978 135342.0
57.909317 136092.4
57.921608 131838.0
57.934525 132397.2
57.948910 136715.6
57.961275 136825.2
57.977355 133042.0
57.989602 132300.8
58.002130 133162.4
58.017321 141111.6
58.029654 144141.6
58.041968 144844.8
58.057142 143048.8
58.069419 140174.4
58.083517 140174.4
58.097748 141422.4
58.109931 144978.0
58.122157 146194.0
58.134370 141496.8
58.149984 143078.4
58.164266 133926.0
58.178444 134028.0
58.190686 130920.0
58.203027 136218.0
58.226774 132199.2
58.239299 131160.0
58.251569 133293.6
58.263771 132840.0
58.279189 133604.8
58.293073 137959.6
58.307198 132680.8
58.319411 135657.6
58.331692 131838.0
58.344035 137783.2
58.356447 132720.0
58.370065 136840.0
58.384184 136578.0
58.398776 136330.8
58.411035 134711.6
58.423200 135844.8
58.438934 133121.6
58.451771 134688.0
58.467343 132240.0
58.479661 135836.4
58.491929 133852.0
58.504085 140870.4
58.519774 138978.0
58.533814 143749.2
58.548174 137340.0
58.560349 142220.0
58.572646 138348.0
58.587377 138474.0
58.600348 137779.2
58.614184 133000.8
58.637411 134884.8
58.651356 137779.2
58.665775 137904.0
58.688110 137030.4
58.702349 132801.2
58.717061 132078.8
58.732609 137586.4
58.760447 136701.6
58.774622 141625.2
58.788808 139606.8
58.801090 140928.0
58.817365 135960.0
58.829663 136843.6
58.841793 128738.4
58.857742 129531.2
58.871615 129830.4
58.887351 128064.0
58.899686 132038.4
58.911936 127574.4
58.924068 134732.8
58.937960 128760.0
58.952107 132480.0
58.967224 132638.4
58.979466 128971.2
58.991746 135252.0
59.004133 130744.0
59.018353 133162.4
59.032380 128412.0
59.046837 131036.4
59.059011 132801.2
59.071341 131792.8
59.083689 129414.4
59.097704 128180.0
59.109981 133282.8
59.124219 133804.8
59.138450 131597.2
59.150642 127275.6
59.163443 128064.0
59.177774 132880.0
59.190084 131040.0
59.202406 132960.0
59.217445 131081.6
59.229637 128412.0
59.241789 133121.6
59.254132 129087.6
59.268107 131918.8
59.280267 132840.0
59.294893 133884.8
59.308788 128129.6
59.321123 131717.6
59.334246 132600.0
59.348453 129271.6
59.360748 134125.6
59.375248 130300.8
59.389415 133242.4
59.401678 128971.2
59.417418 131792.8
59.429766 127923.6
59.442016 132440.0
59.454247 138220.8
59.469475 136342.4
59.481768 136524.0
59.497018 136468.0
59.509409 148838.4
59.521545 141861.6
59.537273 145242.8
59.549566 141680.0
59.563472 142249.2
59.577812 136648.0
59.590069 139040.0
59.634504 128802.8
59.660488 128180.0
59.673543 130744.0
59.718204 137529.6
59.735956 134657.6
59.749483 132680.8
59.762884 132720.0
59.777083 136281.6
59.789435 132560.4
59.801692 135007.2
59.813959 136964.4
59.827594 135619.2
59.841504 132720.0
59.857449 133395.2
59.869796 132440.0
59.882026 137213.2
59.896928 135904.0
59.909062 137219.2
59.921428 133562.4
59.937456 132240.0
59.949805 132638.4
59.961926 135571.2
59.974187 137764.0
59.989818 137020.0
60.003773 132720.0
60.018061 136715.6
60.030162 132078.8
60.042355 135284.0
60.054586 133162.4
60.070303 136772.0
60.084308 138662.4
60.098554 132300.8
60.110826 132801.2
60.122961 137030.4
60.137040 137094.0
60.149227 135007.2
60.163223 137529.6
60.177537 141344.8
60.189736 141293.6
60.201957 145242.8
60.214199 143220.0
60.226451 144040.0
60.239981 145023.2
60.253990 142636.8
60.268176 144540.0
60.280461 140047.2
60.292862 146692.8
60.308861 139827.6
60.321107 144320.0
60.337444 132440.0
60.349557 135202.8
60.361635 132801.2
60.373866 137586.4
60.387896 131476.8
60.400234 137213.2
60.414597 132277.6
60.428948 136772.0
60.441257 136028.0
60.453503 132921.6
60.467344 134047.2
60.481513 132921.6
60.497229 132240.0
60.509561 142120.0
60.521650 138222.0
60.533889 145242.8
60.546141 138972.8
60.558239 142220.0
60.570405 137908.8
60.582532 139722.0
60.602885 132921.6
60.630408 132680.8
60.643573 133403.2
60.657392 132199.2
60.670373 132680.8
60.683498 133000.8
60.697413 130086.0
60.710584 133725.6
60.724644 128505.6
60.738610 133484.0
60.752646 130713.6
60.766032 129967.2
60.778166 131630.4
60.790134 132078.8
60.802182 127832.0
60.814414 130800.0
60.826601 127391.2
60.838667 131958.4
60.850938 126556.0
60.863164 132240.0
60.875379 136400.0
60.887561 137280.8
60.899692 135080.0
60.911883 141111.6
60.924011 139099.6
60.936175 137908.8
60.948274 138956.4
60.960439 135007.2
60.972589 138956.4
60.984617 131679.6
60.997249 132787.2
61.013444 128889.6
61.025793 127391.2
61.037941 131679.6
61.050129 131280.0
61.062191 129974.8
61.074208 134343.2
61.086451 127506.8
61.098539 131236.0
61.110628 127526.4
61.122704 131717.6
61.134938 128802.8
61.147020 131918.8
61.159217 131717.6
61.171468 128802.8
61.183606 127225.2
61.195892 128156.4
61.207940 132038.4
61.220143 129595.2
61.232306 131356.4
61.244341 128971.2
61.256546 132921.6
61.268839 127807.2
61.280963 131120.0
61.293147 129411.2
61.305444 132544.0
61.317560 127622.4
61.329649 128802.8
61.341825 128505.6
61.353946 132360.0
61.366212 130920.0
61.378314 130418.4
61.390360 131115.6
61.402572 127275.6
61.414667 133242.4
61.426950 126672.0
61.438909 132000.0
61.451062 129174.4
61.463302 132120.0
61.475570 127738.0
61.487662 127982.4
61.499939 131201.2
61.512051 139798.4
61.524217 138592.4
61.536328 136524.0
61.548484 132370.0
61.560638 134003.2
61.572739 138411.2
61.585230 142788.0
61.603352 136083.6
61.619695 141056.0
61.633666 136207.2
61.648253 138573.6
61.661066 142138.8
61.674301 140928.0
61.688553 138348.0
61.702491 147093.6
61.716352 139538.4
61.730574 133881.6
61.744005 140430.4
61.757721 133363.2
61.770010 137088.8
61.782228 135720.4
61.794266 134168.4
61.806390 131236.0
61.818646 132078.8
61.830868 135643.2
61.842988 131356.4
61.855246 135160.0
61.867272 131799.2
61.879277 137462.0
61.891522 131358.4
61.903691 131356.4
61.915968 133152.0
61.928086 137144.0
61.940100 136152.0
61.952328 132680.8
61.964528 130995.2
61.976623 131679.6
61.988682 137404.8
62.000915 130800.0
62.013094 136524.0
62.025502 132240.0
62.037623 135036.0
62.049740 131640.0
62.061899 136330.8
62.073975 134834.4
62.086124 136964.4
62.098387 131913.6
62.110540 132560.4
62.122629 133881.6
62.134896 130680.0
62.147014 135960.0
62.159126 133121.6
62.171311 135907.2
62.183539 131799.2
62.195790 137516.0
62.208018 130800.0
62.220233 135656.0
62.232363 132000.0
62.244390 138285.6
62.260534 132921.6
62.272733 136964.4
62.285023 130800.0
62.297254 134343.2
62.309403 140416.0
62.321639 140311.2
62.333744 139226.4
62.345929 145200.0
62.358040 142788.0
62.370243 142300.8
62.382327 142824.0
62.394320 140428.8
62.406527 143220.0
62.418707 139411.2
62.430931 143401.6
62.442953 139594.4
62.455027 144102.0
62.467152 135656.0
62.479329 134289.6
62.491463 135766.4
62.503664 135150.4
62.515919 142740.0
62.528032 138719.2
62.540155 141393.6
62.552346 138160.0
62.564583 142560.0
62.576965 137214.0
62.588960 142041.6
62.602822 132680.8
62.628586 138028.8
62.641689 134688.0
62.655324 137088.8
62.675215 136012.8
62.688801 134489.6
62.702585 127832.0
62.717549 128389.2
62.731781 133604.8
62.745695 131187.2
62.759072 133198.8
62.771237 129712.8
62.783406 131115.6
62.795772 127923.6
62.807781 130713.6
62.820042 132360.0
62.832188 131958.4
62.844463 130065.6
62.856496 130595.2
62.868694 128040.0
62.880842 130950.4
62.895319 129648.0
62.907376 131551.2
62.919609 127044.4
62.931703 131081.6
62.943738 128180.0
62.955864 132319.6
62.968088 130962.0
62.980249 131918.8
62.992302 131356.4
63.004475 129564.0
63.016708 129623.2
63.028986 141111.6
63.041091 140160.0
63.053306 136400.0
63.065494 136591.2
63.077742 135396.8
63.089829 141808.8
63.102012 134164.8
63.114120 139722.0
63.126313 135080.0
63.138449 139520.0
63.150704 134640.0
63.162802 136028.0
63.174980 137469.6
63.186885 126788.0
63.199128 131640.0
63.211268 128971.2
63.223360 131040.0
63.235599 127923.6
63.247742 131799.2
63.259896 126788.0
63.272100 132560.4
63.284330 127832.0
63.296400 131477.6
63.308490 128713.6
63.320715 126788.0
63.332833 130154.0
63.345167 132636.4
63.357401 126697.6
63.369507 127341.6
63.381742 129271.6
63.393816 128296.0
63.406125 132440.0
63.418240 128947.2
63.430424 131672.0
63.442478 127065.6
63.454845 132480.0
63.467052 128451.2
63.479231 132360.0
63.491427 130713.6
63.503666 132592.8
63.519804 133293.6
63.532232 136778.4
63.544424 136330.8
63.556658 136400.0
63.568808 133224.0
63.581060 136780.8
63.593129 134343.2
63.612293 130832.0
63.631866 132600.0
63.646675 132038.4
63.659877 133644.0
63.673867 128156.4
63.687940 132801.2
63.701789 134200.0
63.715577 132319.6
63.729783 136648.0
63.743299 132801.2
63.757804 146080.0
63.771540 140800.0
63.785697 138624.0
63.797877 141603.2
63.810078 144936.0
63.822149 143270.4
63.834280 140232.4
63.846449 144012.0
63.858506 132360.0
63.870713 135656.0
63.882780 131560.0
63.894900 136896.0
63.906957 134957.2
63.919205 134884.8
63.931426 130124.8
63.943445 132240.0
63.955474 135720.4
63.967780 131640.0
63.979872 137020.0
63.991849 131239.2
64.006900 132544.0
64.019157 134534.4
64.031297 136093.6
64.043477 132229.2
64.055671 133030.4
64.067804 130680.0
64.079880 135465.6
64.091973 129526.8
64.104220 136217.6
64.116413 130166.4
64.128474 133660.8
64.140487 131597.2
64.152731 130200.0
64.164948 134041.6
64.177208 134272.8
64.189240 135222.8
64.201560 131040.0
64.213870 134884.8
64.226164 135080.0
64.238165 135904.0
64.250320 132240.0
64.262494 136905.6
64.274902 130920.0
64.287117 136028.0
64.299232 132000.0
64.311311 137155.2
64.323427 131679.6
64.335597 132300.8
64.348470 132835.2
64.360754 134289.6
64.372910 130920.0
64.385230 134724.0
64.397433 131760.0
64.409510 133000.8
64.421746 131280.0
64.433867 135766.4
64.446251 141551.2
64.458392 145375.2
64.471710 141990.8
64.484344 146662.4
64.496511 139292.8
64.508763 151326.4
64.520845 147168.0
64.533130 151867.2
64.545333 145017.6
64.557498 149085.2
64.569589 146425.6
64.581843 136652.8
64.593927 142819.2
64.611884 133725.6
64.627857 137835.2
64.641614 133363.2
64.655981 135844.8
64.675155 137088.8
64.688859 132038.4
64.702531 129271.6
64.717003 128830.4
64.731500 128505.6
64.745654 128622.0
64.759337 131880.0
64.771590 127622.4
64.783871 133683.6
64.796276 128180.0
64.812370 131356.4
64.824920 132560.4
64.837169 131160.0
64.849293 128920.0
64.861499 128084.8
64.873555 126813.2
64.885859 130595.2
64.897914 126556.0
64.910168 132319.6
64.922273 127832.0
64.934382 131597.2
64.946546 127180.8
64.958567 128099.6
64.970892 126374.4
64.982983 132440.0
64.995557 128644.0
65.007692 132240.0
65.019891 126928.8
65.031991 132120.0
65.044197 131640.0
65.056257 130595.2
65.068490 128389.2
65.080617 126928.8
65.092822 130713.6
65.105022 134003.2
65.117297 130800.0
65.129379 128200.4
65.141581 130154.0
65.153910 127948.0
65.166190 140084.4
65.178307 137779.2
65.190213 139849.6
65.202416 135325.6
65.214588 140416.0
65.226914 135589.2
65.238911 140288.0
65.251017 138222.0
65.263199 138787.2
65.275419 135396.8
65.287596 127252.0
65.299835 130917.6
65.311913 128040.0
65.323919 134003.2
65.336198 127136.0
65.348350 134588.8
65.360573 127969.2
65.372602 128974.0
65.385331 129271.6
65.397585 127923.6
65.409664 127368.0
65.421832 132038.4
65.433961 126582.0
65.446229 132199.2
65.458424 128064.0
65.470606 132158.0
65.482915 127136.0
65.495193 132480.0
65.507305 130917.6
65.519433 137844.0
65.531615 133638.4
65.543861 141312.0
65.556284 133760.0
65.568439 140957.2
65.580619 132880.0
65.592665 133729.2
65.612593 128505.6
65.628854 133846.4
65.644065 134932.0
65.657857 128947.2
65.671973 133484.0
65.685855 128947.2
65.699727 140742.8
65.713461 135643.2
65.728834 137337.6
65.741961 136840.0
65.755127 132680.8
65.769047 132229.2
65.781261 135218.4
65.793339 132038.4
65.805559 133538.4
65.817724 131201.2
65.829960 136152.0
65.842086 135218.4
65.854263 138160.0
65.866372 135347.2
65.878378 132720.0
65.890448 144220.8
65.902755 138648.0
65.915047 143401.6
65.927252 140742.8
65.939266 143838.8
65.951384 139226.4
65.963458 140778.4
65.975735 139480.0
65.987778 143180.8
66.000021 143532.8
66.012128 142819.2
66.024365 137649.6
66.036579 131640.0
66.048663 135960.0
66.064964 137155.2
66.077409 133282.8
66.089624 132350.4
66.101867 132078.8
66.114021 136524.0
66.126288 135720.4
66.138367 133881.6
66.150490 132560.4
66.162660 133042.0
66.174900 136330.8
66.186981 131476.8
66.199094 136028.0
66.211277 132440.0
66.223374 136342.4
66.235535 132560.4
66.247685 131792.8
66.259911 133320.0
66.272007 136276.0
66.284176 137718.0
66.296380 133926.0
66.308502 133000.8
66.320687 131838.0
66.332929 136524.0
66.345009 132199.2
66.357108 135836.4
66.369290 131520.0
66.381439 136218.0
66.393515 132038.4
66.405665 132714.0
66.417695 133881.6
66.431198 131476.8
66.443320 134834.4
66.455529 131918.8
66.467694 131236.0
66.479929 134762.4
66.492026 136964.4
66.504124 140598.0
66.516404 138474.0
66.528506 142266.4
66.540695 136968.8
66.553014 142740.0
66.565519 138155.2
66.577695 140683.2
66.589713 137844.0
66.610964 146653.2
66.626785 141293.6
66.639712 143618.4
66.653153 140360.0
66.675132 145375.2
66.689159 135712.8
66.702811 141912.0
66.717078 140928.0
66.732832 143390.0
66.748142 139419.2
66.765931 139798.4
66.778105 127690.8
66.790037 131440.4
66.802153 130920.0
66.814342 131440.4
66.826449 127622.4
66.838549 128012.8
66.850733 129712.8
66.862972 132560.4
66.875224 131597.2
66.887457 128596.8
66.899553 128389.2
66.911736 128040.0
66.923968 132360.0
66.936103 127779.2
66.948233 131717.6
66.960462 127969.2
66.972566 131040.0
66.985197 130154.0
66.997481 126004.0
67.009570 127044.4
67.021756 133042.0
67.034088 130917.6
67.046349 132078.8
67.058460 128064.0
67.070575 131036.4
67.082802 126904.0
67.095162 133042.0
67.107181 128622.0
67.119358 132078.8
67.131482 126835.2
67.143584 129328.0
67.155724 127506.8
67.167865 131880.0
67.180069 131477.6
67.192087 130154.0
67.204260 132300.8
67.216511 127716.0
67.228643 132360.0
67.240695 127160.0
67.252858 133760.0
67.265208 127275.6
67.277400 132680.8
67.289458 127738.0
67.301596 128536.8
67.313782 126604.8
67.330651 136524.0
67.342985 139849.6
67.355212 138212.0
67.367406 138222.0
67.379502 135396.8
67.391491 135520.0
67.403658 139040.0
67.415872 133852.0
67.428016 140870.4
67.440013 135656.0
67.452120 143309.6
67.464211 131597.2
67.476478 128802.8
67.488622 128363.2
67.500886 130920.0
67.513026 138285.6
67.525287 136083.6
67.537514 133320.0
67.549718 132300.8
67.561795 140051.2
67.574042 136400.0
67.586195 137970.0
67.600233 129297.6
67.630165 130476.8
67.646058 133121.6
67.659625 131477.6
67.672914 132560.4
67.687167 131596.8
67.701113 137462.0
67.715166 133242.4
67.730564 132921.6
67.745922 137344.4
67.759621 134688.0
67.771865 130800.0
67.784126 136780.8
67.796432 133804.8
67.808546 131792.8
67.820701 131040.0
67.832821 136083.6
67.845222 134047.2
67.857238 135532.0
67.869451 131880.0
67.881535 137340.0
67.893706 131799.2
67.905822 136715.6
67.918170 134884.8
67.930445 135904.0
67.947158 137155.2
67.959258 135408.0
67.971331 133683.6
67.983549 130680.0
67.995710 132038.4
68.007818 136207.2
68.019969 132787.2
68.032219 143616.0
68.044324 141056.0
68.056538 143352.0
68.068718 140288.0
68.080851 142964.4
68.093087 140745.6
68.105272 147168.0
68.117472 139284.0
68.129562 140288.0
68.141672 133804.8
68.153921 137088.8
68.166275 135160.0
68.178337 134168.4
68.190346 137649.6
68.202585 131560.0
68.215190 134847.6
68.227348 134246.4
68.239356 135657.6
68.251588 131880.0
68.263786 135766.4
68.276173 134322.0
68.288271 135844.8
68.300497 131760.0
68.312683 135694.0
68.324872 130920.0
68.337111 136591.2
68.349290 132120.0
68.361458 136715.6
68.373581 131799.2
68.385750 136715.6
68.397970 130800.0
68.410230 139292.8
68.422309 132240.0
68.434554 136342.4
68.447484 132319.6
68.459611 133683.6
68.471699 131201.2
68.483878 136524.0
68.496237 133121.6
68.512249 142090.0
68.524381 139353.2
68.536619 139570.8
68.548824 136904.0
68.560882 143570.4
68.572895 138222.0
68.585295 142572.0
68.612140 137779.2
68.630747 137462.0
68.649791 134588.8
68.663229 138536.8
68.678336 133846.4
68.693029 133403.2
68.706359 128854.8
68.721400 128272.8
68.736381 133725.6
68.751007 140392.0
68.763895 142041.6
68.776382 135766.4
68.788515 137970.0
68.800650 135202.8
68.812773 135589.2
68.824964 138787.2
68.837154 138348.0
68.849238 139594.4
68.861315 127969.2
68.873331 133077.6
68.885605 127506.8
68.897739 131560.0
68.909913 126928.8
68.921989 132240.0
68.934304 132560.4
68.946536 129360.0
68.958652 127506.8
68.970752 126672.0
68.982934 132680.8
68.995544 130272.0
69.007550 126928.8
69.019344 127065.6
69.031152 131679.6
69.042878 131358.4
69.054639 126739.2
69.066485 127160.0
69.078284 133764.4
69.090139 131918.8
69.101979 127368.0
69.113731 126697.6
69.125596 132034.4
69.137345 133224.0
69.149223 127807.2
69.160938 127923.6
69.172652 132155.2
69.184400 126466.4
69.196416 128596.8
69.208422 131115.6
69.220628 127600.0
69.232685 128937.6
69.244930 127484.0
69.256878 126697.6
69.268954 133804.8
69.280816 126928.8
69.292678 127428.8
69.304537 132614.0
69.316577 127832.0
69.328435 129948.0
69.340417 131236.0
69.352299 126466.4
69.364183 133516.8
69.376077 132120.0
69.387939 127020.0
69.399842 127108.8
69.411735 133077.6
69.423577 126835.2
69.435450 127484.0
69.447515 131356.4
69.459408 127600.0
69.471376 137344.4
69.483368 139314.0
69.495376 135396.8
69.507311 143487.6
69.519220 146194.0
69.531210 141918.0
69.543140 146158.4
69.555091 145223.2
69.567134 140356.8
69.579020 138913.6
69.591015 137469.6
69.602902 126788.0
69.614934 132440.0
69.626785 130713.6
69.638744 128012.8
69.650651 128620.0
69.662555 127020.0
69.674427 127716.0
69.686511 131717.6
69.698400 136840.0
69.710457 134003.2
69.722392 135094.8
69.734402 131760.0
69.746375 134200.0
69.758366 135471.6
69.770404 131880.0
69.782477 136093.6
69.794498 132360.0
69.806456 132000.0
69.818402 135969.2
69.830534 132000.0
69.855895 136093.6
69.867814 133956.0
69.879689 131560.0
69.891681 132057.6
69.919508 134410.8
69.955440 133077.6
69.967385 135844.8
69.979311 136218.0
69.991184 135520.0
70.003074 136276.0
70.015117 132179.2
70.026998 135720.4
70.038835 136276.0
70.050629 131880.0
70.066457 132319.6
70.078428 136591.2
70.090705 132638.4
70.102551 133956.0
70.114353 136218.0
70.126150 134588.8
70.137894 131356.4
70.149720 133852.0
70.161451 138660.8
70.173276 134466.0
70.185126 141912.0
70.196932 144057.6
70.208681 140672.0
70.220540 138913.6
70.232278 144540.0
70.243948 146786.4
70.255834 139606.8
70.267639 138660.8
70.279364 145154.8
70.291088 144102.0
70.302906 139920.0
70.314632 138972.8
70.326526 143970.4
70.338369 138592.4
70.350137 131913.6
70.361863 133121.6
70.373644 135342.0
70.385375 135657.6
70.397290 131880.0
70.409038 136028.0
70.420788 136028.0
70.432544 130404.8
70.444232 133834.0
70.456013 135656.0
70.467805 135780.0
70.479536 131880.0
70.491304 134834.4
70.503070 143260.0
70.520420 142136.0
70.532292 144403.2
70.552828 140800.0
70.571900 140428.8
70.591600 138592.4
70.603508 138403.2
70.622768 132360.0
70.641842 133162.4
70.660874 132880.0
70.672761 133523.6
70.689668 128536.8
70.701643 129531.2
70.721400 129204.0
70.740448 129918.0
70.752260 131717.6
70.770964 132560.4
70.782962 127832.0
70.802527 128738.4
70.821625 131274.0
70.841770 127574.4
70.853726 131779.2
70.872889 131120.0
70.891928 131068.8
70.910625 136593.2
70.922515 136136.0
70.939706 135571.2
70.961594 136012.8
70.973560 135939.6
70.991720 135273.6
71.003597 134711.6
71.016608 135589.2
71.030364 129595.2
71.042348 133764.4
71.061000 133042.0
71.072821 127391.2
71.084954 126876.0
71.096824 131799.2
71.112582 127180.8
71.131452 127391.2
71.143284 130272.0
71.159621 127832.0
71.171509 129087.6
71.191165 133282.8
71.204534 128992.0
71.223646 128547.2
71.240495 127832.0
71.252345 130536.0
71.272681 128084.8
71.297130 126876.0
71.312144 129766.4
71.323974 128971.2
71.343159 132360.0
71.362267 135374.4
71.381275 131838.0
71.401488 131201.2
71.413556 128084.8
71.432895 128644.0
71.452157 132921.6
71.471555 130874.8
71.483484 127969.2
71.499767 135374.4
71.519931 133852.0
71.531802 138788.0
71.551779 133416.0
71.563668 138285.6
71.583008 137088.8
71.602400 127600.0
71.621458 137020.0
71.642021 134788.0
71.653947 141824.0
71.693975 144713.6
71.712599 145507.6
71.731251 143748.0
71.743206 142352.0
71.759530 145926.0
71.771451 133200.0
71.790725 131880.0
71.803789 133282.8
71.822372 131115.6
71.840805 135520.0
71.852836 133403.2
71.872155 137268.0
71.890026 134588.8
71.901913 131913.6
71.913795 132300.8
71.935666 132078.8
71.948581 133320.0
71.960397 133363.2
71.972215 136772.0
71.992514 133162.4
72.011577 133956.0
72.023434 140556.8
72.040041 136466.8
72.051979 136062.4
72.072059 137764.0
72.090649 132592.8
72.102622 131792.8
72.114618 131160.0
72.135325 132319.6
72.151311 136156.8
72.163171 136207.2
72.179271 136964.4
72.191208 137213.2
72.210563 131760.0
72.229183 136028.0
72.241043 135596.0
72.252903 136715.6
72.264934 131918.8
72.290624 135782.4
72.302702 132120.0
72.321034 136083.6
72.332972 138880.0
72.344986 146037.2
72.370777 139029.6
72.382663 142948.8
72.401147 143095.2
72.412955 145200.0
72.424978 141368.4
72.450253 143838.8
72.462337 145904.8
72.480665 141050.0
72.492523 135532.8
72.504394 134322.0
72.530553 138222.0
72.542441 140240.8
72.560586 139040.0
72.572372 138348.0
72.584345 147097.6
72.596316 144088.0
72.608355 133638.4
72.620401 135283.2
72.632449 131640.0
72.644456 137594.8
72.656475 135408.0
72.668419 132759.2
72.680437 136524.0
72.693253 131477.6
72.705302 131986.8
72.717369 128040.0
72.729349 132199.2
72.741679 127368.0
72.753693 128419.2
72.765623 127020.0
72.777623 127275.6
72.789870 132120.0
72.801926 126788.0
72.813909 131880.0
72.826125 131799.2
